HLE: ! path: /dev_hdd0/game/
LDR: ! Loading RAP file EP9000-NPEA00289_00-SOUNDSHAPES00000.rap
LDR: ! Loading 'D:\Emulateurs\Rpcs3\dev_hdd0\game\NPEA00289\USRDIR/BOOT.BIN'...
LDR: !  
LDR: ! Mount info:
LDR: ! /dev_hdd0/ -> D:\Emulateurs\Rpcs3/dev_hdd0/
LDR: ! /dev_hdd1/ -> D:\Emulateurs\Rpcs3/dev_hdd1/
LDR: ! /dev_flash/ -> D:\Emulateurs\Rpcs3/dev_flash/
LDR: ! /dev_usb000/ -> D:\Emulateurs\Rpcs3/dev_usb000/
LDR: ! /dev_usb/ -> D:\Emulateurs\Rpcs3/dev_usb000/
LDR: ! /app_home/ -> D:\Emulateurs\Rpcs3\dev_hdd0\game\NPEA00289\
LDR: ! /dev_bdvd/ -> D:\Emulateurs\Rpcs3\dev_hdd0\game\NPEA00289\/../
LDR: ! /host_root/ -> 
LDR: ! / -> D:\Emulateurs\Rpcs3\dev_hdd0\game\NPEA00289\/USRDIR/
LDR: ! /app_home/PS3_GAME/USRDIR/ -> D:\Emulateurs\Rpcs3\dev_hdd0\game\NPEA00289\/USRDIR/
LDR: ! /dev_flash2/ -> D:\Emulateurs\Rpcs3/dev_flash2/
LDR: !  
MEM: ! Initing memory...
MEM: ! Memory initialized.
LDR: W Unimplemented function 'cellFsSdataOpenByFd' in 'sys_fs' module
LDR: W Unimplemented function 'cellFsFsync' in 'sys_fs' module
LDR: W Unimplemented function 'socketselect' in 'sys_net' module
LDR: W Unimplemented function 'gethostbyname' in 'sys_net' module
LDR: W Unimplemented function 'cellHttpUtilUnescapeUri' in 'cellHttpUtil' module
LDR: W Unimplemented function 'cellHttpUtilParseUri' in 'cellHttpUtil' module
LDR: W Unimplemented function 'cellHttpUtilEscapeUri' in 'cellHttpUtil' module
LDR: W Unknown module 'cellHttp'
LDR: W Unimplemented function 'cellSslEnd' in 'cellSsl' module
LDR: W Unimplemented function 'cellSslCertificateLoader' in 'cellSsl' module
LDR: W Unimplemented function 'cellSslInit' in 'cellSsl' module
LDR: W Unimplemented function 'cellOskDialogGetSize' in 'cellSysutil' module
LDR: W Unimplemented function 'cellOskDialogUnloadAsync' in 'cellSysutil' module
LDR: W Unimplemented function 'cellOskDialogAddSupportLanguage' in 'cellSysutil' module
LDR: W Unimplemented function 'cellOskDialogLoadAsync' in 'cellSysutil' module
LDR: W Unimplemented function 'cellOskDialogSetKeyLayoutOption' in 'cellSysutil' module
LDR: W Unimplemented function 'cellOskDialogSetInitialKeyLayout' in 'cellSysutil' module
LDR: W Unimplemented function 'cellOskDialogSetLayoutMode' in 'cellSysutil' module
LDR: W Unknown module 'cellSaveData'
LDR: W Unknown module 'cellOskExtUtility'
LDR: W Unknown module 'cellSysutilAvconfExt'
LDR: W Unimplemented function 'sceNpBasicGetFriendListEntry' in 'sceNp' module
LDR: W Unimplemented function 'sceNpManagerGetTicket' in 'sceNp' module
LDR: W Unimplemented function 'sceNpManagerUnregisterCallback' in 'sceNp' module
LDR: W Unimplemented function 'sceNpManagerGetContentRatingFlag' in 'sceNp' module
LDR: W Unimplemented function 'sceNpManagerRequestTicket2' in 'sceNp' module
LDR: W Unimplemented function 'sceNpBasicGetFriendListEntryCount' in 'sceNp' module
LDR: W Unimplemented function 'sceNpManagerGetAccountRegion' in 'sceNp' module
LDR: W Unimplemented function 'sceNpManagerGetOnlineId' in 'sceNp' module
LDR: W Unimplemented function 'sceNpManagerRegisterCallback' in 'sceNp' module
LDR: W Unimplemented function 'sceNpManagerGetChatRestrictionFlag' in 'sceNp' module
LDR: W Unimplemented function 'sceNpManagerGetNpId' in 'sceNp' module
LDR: W Unknown module 'sceNpCommerce2'
LDR: W Unimplemented function 'cellSpursJobQueueAttributeSetDoBusyWaiting' in 'cellSpursJq' module
LDR: W Unimplemented function 'cellSpursJobQueueAttributeSetSubmitWithEntryLock' in 'cellSpursJq' module
LDR: W Unimplemented function 'cellSpursJobQueueAttributeSetMaxSizeJobDescriptor' in 'cellSpursJq' module
LDR: W Unimplemented function 'cellSpursJobQueueClose' in 'cellSpursJq' module
LDR: W Unimplemented function '_cellSpursJobQueuePushJob2Body' in 'cellSpursJq' module
LDR: W Unimplemented function 'cellSpursJobQueueAttributeInitialize' in 'cellSpursJq' module
LDR: W Unimplemented function 'cellSpursJobQueueSemaphoreInitialize' in 'cellSpursJq' module
LDR: W Unimplemented function 'cellSpursJobQueueSemaphoreAcquire' in 'cellSpursJq' module
LDR: W Unimplemented function 'cellSpursJobQueueAttributeSetIsJobTypeMemoryCheck' in 'cellSpursJq' module
LDR: W Unimplemented function 'cellSpursShutdownJobQueue' in 'cellSpursJq' module
LDR: W Unimplemented function 'cellSpursJoinJobQueue' in 'cellSpursJq' module
LDR: W Unimplemented function 'cellSpursJobQueueAttributeSetGrabParameters' in 'cellSpursJq' module
LDR: W Unimplemented function '_cellSpursCreateJobQueue' in 'cellSpursJq' module
LDR: W Unimplemented function 'cellSpursJobQueueAttributeSetIsHaltOnError' in 'cellSpursJq' module
LDR: W Unimplemented function 'cellSpursJobQueueOpen' in 'cellSpursJq' module
LDR: W Unimplemented function 'cellFiberPpuYield' in 'cellFiber' module
LDR: W Unimplemented function 'cellFiberPpuRunFibers' in 'cellFiber' module
LDR: W Unimplemented function 'cellFiberPpuWaitSignal' in 'cellFiber' module
LDR: W Unimplemented function 'cellFiberPpuCreateFiber' in 'cellFiber' module
LDR: W Unimplemented function 'cellFiberPpuSendSignal' in 'cellFiber' module
LDR: W Unimplemented function '_cellFiberPpuSchedulerAttributeInitialize' in 'cellFiber' module
LDR: W Unimplemented function 'cellFiberPpuJoinFiber' in 'cellFiber' module
LDR: W Unimplemented function '_cellFiberPpuAttributeInitialize' in 'cellFiber' module
LDR: W Unimplemented function 'cellFiberPpuHasRunnableFiber' in 'cellFiber' module
LDR: W Unimplemented function 'cellFiberPpuInitializeScheduler' in 'cellFiber' module
LDR: W Unimplemented function '_cellFiberPpuInitialize' in 'cellFiber' module
LDR: W Unimplemented function 'cellMicOpenEx' in 'cellMic' module
LDR: W Unimplemented function 'cellMicRead' in 'cellMic' module
LDR: W Unimplemented function 'cellMicIsAttached' in 'cellMic' module
LDR: W Unimplemented function 'cellMicSetNotifyEventQueue' in 'cellMic' module
LDR: W Unimplemented function 'cellMicClose' in 'cellMic' module
LDR: W Unimplemented function 'cellMicStart' in 'cellMic' module
LDR: W Unimplemented function 'cellMicStop' in 'cellMic' module
LDR: W Unimplemented function 'sys_prx_load_module_on_memcontainer_by_fd' in 'sysPrxForUser' module
LDR: W Unimplemented function '_sys_spu_printf_finalize' in 'sysPrxForUser' module
LDR: W Unimplemented function 'sys_prx_load_module_by_fd' in 'sysPrxForUser' module
HLE: W PPU[1] Thread (CPUThread)[0x00fdf058]sys_lwmutex warning: *** lwmutex created [_lc_mtx] (attribute=0x12): sq_id = 3
HLE: W PPU[1] Thread (CPUThread)[0x002c3584]memory warning: sys_memory_get_user_memory_size(mem_info_addr=0xd0010c04)
HLE: W PPU[1] Thread (CPUThread)[0x00fdf058]sys_lwmutex warning: *** lwmutex created [_lc_mtx] (attribute=0x12): sq_id = 4
HLE: W PPU[1] Thread (CPUThread)[0x00fdf058]sys_lwmutex warning: *** lwmutex created [_lc_mtx] (attribute=0x12): sq_id = 5
HLE: W PPU[1] Thread (CPUThread)[0x00fdf058]sys_lwmutex warning: *** lwmutex created [_lc_mtx] (attribute=0x12): sq_id = 6
HLE: W PPU[1] Thread (CPUThread)[0x00fdf058]sys_lwmutex warning: *** lwmutex created [_lc_mtx] (attribute=0x12): sq_id = 7
HLE: W PPU[1] Thread (CPUThread)[0x00fdf058]sys_lwmutex warning: *** lwmutex created [_lc_mtx] (attribute=0x12): sq_id = 8
HLE: W PPU[1] Thread (CPUThread)[0x00fdf058]sys_lwmutex warning: *** lwmutex created [_lc_mtx] (attribute=0x12): sq_id = 9
HLE: W PPU[1] Thread (CPUThread)[0x00fdf058]sys_lwmutex warning: *** lwmutex created [_lc_mtx] (attribute=0x12): sq_id = 10
HLE: W PPU[1] Thread (CPUThread)[0x00fdf058]sys_lwmutex warning: *** lwmutex created [_lc_mtx] (attribute=0x12): sq_id = 11
HLE: W PPU[1] Thread (CPUThread)[0x00fdf058]sys_lwmutex warning: *** lwmutex created [_lc_mtx] (attribute=0x12): sq_id = 12
HLE: W PPU[1] Thread (CPUThread)[0x00fdf058]sys_lwmutex warning: *** lwmutex created [_lc_mtx] (attribute=0x12): sq_id = 13
HLE: W PPU[1] Thread (CPUThread)[0x00fdf058]sys_lwmutex warning: *** lwmutex created [_lc_mtx] (attribute=0x12): sq_id = 14
HLE: W PPU[1] Thread (CPUThread)[0x00fdf058]sys_lwmutex warning: *** lwmutex created [_lc_mtx] (attribute=0x12): sq_id = 15
HLE: W PPU[1] Thread (CPUThread)[0x00fdf058]sys_lwmutex warning: *** lwmutex created [_lc_mtx] (attribute=0x12): sq_id = 16
HLE: W PPU[1] Thread (CPUThread)[0x00fdf058]sys_lwmutex warning: *** lwmutex created [_lc_mtx] (attribute=0x12): sq_id = 17
HLE: W PPU[1] Thread (CPUThread)[0x00fdf058]sys_lwmutex warning: *** lwmutex created [_lc_mtx] (attribute=0x12): sq_id = 18
HLE: W PPU[1] Thread (CPUThread)[0x00fdf058]sys_lwmutex warning: *** lwmutex created [_lc_mtx] (attribute=0x12): sq_id = 19
HLE: W PPU[1] Thread (CPUThread)[0x00fdf058]sys_lwmutex warning: *** lwmutex created [_lc_mtx] (attribute=0x12): sq_id = 20
HLE: W PPU[1] Thread (CPUThread)[0x00fdf058]sys_lwmutex warning: *** lwmutex created [_lc_mtx] (attribute=0x12): sq_id = 21
HLE: W PPU[1] Thread (CPUThread)[0x00fdf058]sys_lwmutex warning: *** lwmutex created [_lc_mtx] (attribute=0x12): sq_id = 22
HLE: W PPU[1] Thread (CPUThread)[0x00fdf058]sys_lwmutex warning: *** lwmutex created [_lc_mtx] (attribute=0x12): sq_id = 23
HLE: W PPU[1] Thread (CPUThread)[0x00fdf058]sys_lwmutex warning: *** lwmutex created [_lc_mtx] (attribute=0x12): sq_id = 24
HLE: W PPU[1] Thread (CPUThread)[0x00fdf058]sys_lwmutex warning: *** lwmutex created [] (attribute=0x22): sq_id = 25
HLE: W PPU[1] Thread (CPUThread)[0x00fdf058]sys_lwmutex warning: *** lwmutex created [] (attribute=0x22): sq_id = 26
HLE: W PPU[1] Thread (CPUThread)[0x00fdf058]sys_lwmutex warning: *** lwmutex created [] (attribute=0x22): sq_id = 27
HLE: W PPU[1] Thread (CPUThread)[0x00fdf058]sys_lwmutex warning: *** lwmutex created [] (attribute=0x22): sq_id = 28
HLE: W PPU[1] Thread (CPUThread)[0x002b3ccc]cellSysutil warning: cellSysutilGetSystemParamInt: CELL_SYSUTIL_SYSTEMPARAM_ID_TIMEZONE
HLE: W PPU[1] Thread (CPUThread)[0x002b3ccc]cellSysutil warning: cellSysutilGetSystemParamInt: CELL_SYSUTIL_SYSTEMPARAM_ID_SUMMERTIME
HLE: W PPU[1] Thread (CPUThread)[0x002bb7c8]cellSysutil warning: cellSysutilGetSystemParamInt: CELL_SYSUTIL_SYSTEMPARAM_ID_TIMEZONE
HLE: W PPU[1] Thread (CPUThread)[0x002bb7c8]cellSysutil warning: cellSysutilGetSystemParamInt: CELL_SYSUTIL_SYSTEMPARAM_ID_SUMMERTIME
HLE: W PPU[1] Thread (CPUThread)[0x002b573c]cellSysutil warning: cellSysutilGetSystemParamInt: CELL_SYSUTIL_SYSTEMPARAM_ID_TIMEZONE
HLE: W PPU[1] Thread (CPUThread)[0x002b573c]cellSysutil warning: cellSysutilGetSystemParamInt: CELL_SYSUTIL_SYSTEMPARAM_ID_SUMMERTIME
HLE: W PPU[1] Thread (CPUThread)[0x002bb7c8]cellSysutil warning: cellSysutilGetSystemParamInt: CELL_SYSUTIL_SYSTEMPARAM_ID_TIMEZONE
HLE: W PPU[1] Thread (CPUThread)[0x002bb7c8]cellSysutil warning: cellSysutilGetSystemParamInt: CELL_SYSUTIL_SYSTEMPARAM_ID_SUMMERTIME
HLE: W PPU[1] Thread (CPUThread)[0x002b3c50]cellSysutil warning: cellSysutilGetSystemParamInt: CELL_SYSUTIL_SYSTEMPARAM_ID_TIMEZONE
HLE: W PPU[1] Thread (CPUThread)[0x002b3c50]cellSysutil warning: cellSysutilGetSystemParamInt: CELL_SYSUTIL_SYSTEMPARAM_ID_SUMMERTIME
HLE: W PPU[1] Thread (CPUThread)[0x002b573c]cellSysutil warning: cellSysutilGetSystemParamInt: CELL_SYSUTIL_SYSTEMPARAM_ID_TIMEZONE
HLE: W PPU[1] Thread (CPUThread)[0x002b573c]cellSysutil warning: cellSysutilGetSystemParamInt: CELL_SYSUTIL_SYSTEMPARAM_ID_SUMMERTIME
HLE: W PPU[1] Thread (CPUThread)[0x00fdf058]sys_lwmutex warning: *** lwmutex created [ps3HDDL] (attribute=0x12): sq_id = 29
TTY: fix1
HLE: W PPU[1] Thread (CPUThread)[0x00fdf058]sys_lwmutex warning: *** lwmutex created [_lc_mtx] (attribute=0x12): sq_id = 30
TTY: start: MALLOC STATS:
HLE: W PPU[1] Thread (CPUThread)[0x00fdf100]sys_lwmutex warning: sys_lwmutex_destroy(lwmutex_addr=0x8e3d40)
HLE: W PPU[1] Thread (CPUThread)[0x00fdf058]sys_lwmutex warning: *** lwmutex created [_lc_mtx] (attribute=0x12): sq_id = 31
TTY: start: system: 2097152/2097152 (100)
HLE: W PPU[1] Thread (CPUThread)[0x00fdf100]sys_lwmutex warning: sys_lwmutex_destroy(lwmutex_addr=0x8e3d40)
HLE: W PPU[1] Thread (CPUThread)[0x00fdf058]sys_lwmutex warning: *** lwmutex created [_lc_mtx] (attribute=0x12): sq_id = 32
TTY: start: in use: 1076544/2097152 (51)
HLE: W PPU[1] Thread (CPUThread)[0x00fdf100]sys_lwmutex warning: sys_lwmutex_destroy(lwmutex_addr=0x8e3d40)
HLE: W PPU[1] Thread (CPUThread)[0x00fdf058]sys_lwmutex warning: *** lwmutex created [_lc_mtx] (attribute=0x12): sq_id = 33
TTY: start: deltas (iteration 0)
HLE: W PPU[1] Thread (CPUThread)[0x00fdf100]sys_lwmutex warning: sys_lwmutex_destroy(lwmutex_addr=0x8e3d40)
HLE: W PPU[1] Thread (CPUThread)[0x00fdf058]sys_lwmutex warning: *** lwmutex created [_lc_mtx] (attribute=0x12): sq_id = 34
TTY: start: system delta: 2097152/2097152
HLE: W PPU[1] Thread (CPUThread)[0x00fdf100]sys_lwmutex warning: sys_lwmutex_destroy(lwmutex_addr=0x8e3d40)
HLE: W PPU[1] Thread (CPUThread)[0x00fdf058]sys_lwmutex warning: *** lwmutex created [_lc_mtx] (attribute=0x12): sq_id = 35
TTY: start: inuse delta: 1076544
HLE: W PPU[1] Thread (CPUThread)[0x00fdf100]sys_lwmutex warning: sys_lwmutex_destroy(lwmutex_addr=0x8e3d40)
HLE: W PPU[1] Thread (CPUThread)[0x00173738]memory warning: sys_memory_get_user_memory_size(mem_info_addr=0xd000fac0)
HLE: W PPU[1] Thread (CPUThread)[0x00fdf058]sys_lwmutex warning: *** lwmutex created [_lc_mtx] (attribute=0x12): sq_id = 36
TTY: start: sys memory user memory size: 266272768/268435456
HLE: W PPU[1] Thread (CPUThread)[0x00fdf100]sys_lwmutex warning: sys_lwmutex_destroy(lwmutex_addr=0x8e3d40)
HLE: W PPU[1] Thread (CPUThread)[0x00fc7094]cellSysutil warning: cellSysutilRegisterCallback(slot=0, func_addr=0x419a30, userdata=0x0)
TTY: sound size: 93323264
HLE: W PPU[1] Thread (CPUThread)[0x00173ad4]memory warning: sys_memory_container_create(cid_addr=0xf684ac, yield_size=0xa00000)
HLE: W PPU[1] Thread (CPUThread)[0x00173ad4]memory warning: *** memory_container created(addr=0x36700000): id = 37
HLE: W PPU[1] Thread (CPUThread)[0x00fc7040]cellSysutil warning: cellSysutilGetSystemParamInt: CELL_SYSUTIL_SYSTEMPARAM_ID_LANG
HLE: W PPU[1] Thread (CPUThread)[0x00fc7040]cellSysutil warning: cellSysutilGetSystemParamInt: CELL_SYSUTIL_SYSTEMPARAM_ID_ENTER_BUTTON_ASSIGN
HLE: W PPU[1] Thread (CPUThread)[0x0040407c]cellSpurs warning: cellSpursInitialize(spurs_addr=0x301fc280, nSpus=1, spuPriority=150, ppuPriority=4294967295, exitIfNoWork=0)
HLE: W PPU[1] Thread (CPUThread)[0x00fc501c]cellSysmodule warning: cellSysmoduleIsLoaded(CELL_SYSMODULE_FS)
HLE: W PPU[1] Thread (CPUThread)[0x00fc5010]cellSysmodule warning: cellSysmoduleLoadModule(CELL_SYSMODULE_FS)
HLE: W PPU[1] Thread (CPUThread)[0x00fc501c]cellSysmodule warning: cellSysmoduleIsLoaded(CELL_SYSMODULE_SYSUTIL_GAME)
HLE: W PPU[1] Thread (CPUThread)[0x00fc5010]cellSysmodule warning: cellSysmoduleLoadModule(CELL_SYSMODULE_SYSUTIL_GAME)
HLE: W PPU[1] Thread (CPUThread)[0x00fc5010]cellSysmodule warning: cellSysmoduleLoadModule(CELL_SYSMODULE_IO)
HLE: W PPU[1] Thread (CPUThread)[0x00fc5010]cellSysmodule warning: cellSysmoduleLoadModule(CELL_SYSMODULE_FS)
HLE: W PPU[1] Thread (CPUThread)[0x00fdf058]sys_lwmutex warning: *** lwmutex created [opWait] (attribute=0x12): sq_id = 38
HLE: W PPU[1] Thread (CPUThread)[0x00fdf10c]sys_lwcond warning: Recursive lwmutex(sq=38)
HLE: W PPU[1] Thread (CPUThread)[0x00fdf10c]sys_lwcond warning: *** lwcond created [opWait] (lwmutex_addr=0x301fd2a0): id = 39
HLE: W PPU[1] Thread (CPUThread)[0x00fdf058]sys_lwmutex warning: *** lwmutex created [s_media] (attribute=0x12): sq_id = 40
TTY: FIOS 1.3.5 initialized
HLE: W PPU[1] Thread (CPUThread)[0x00fc9028]cellGame warning: cellGameBootCheck(type_addr=0xd000f3f8, attributes_addr=0xd000f3fc, size_addr=0xd000f404, dirName_addr=0xd000f8a0)
HLE: W PPU[1] Thread (CPUThread)[0x00fc9010]cellGame warning: cellGameContentPermit(contentInfoPath_addr=0xd000f9a0, usrdirPath_addr=0x423eec)
TTY: FILEHELPER: FS bound to /dev_hdd0/game/NPEA00289/USRDIR
HLE: W PPU[1] Thread (CPUThread)[0x00fdf058]sys_lwmutex warning: *** lwmutex created [media.m] (attribute=0x12): sq_id = 41
HLE: W PPU[1] Thread (CPUThread)[0x00fdf058]sys_lwmutex warning: *** lwmutex created [ps3medi] (attribute=0x12): sq_id = 42
HLE: W PPU[1] Thread (CPUThread)[0x00202cf4]sys_rwlock warning: sys_rwlock_create(rw_lock_id_addr=0x301fd3ec, attr_addr=0xd000e840)
HLE: W PPU[1] Thread (CPUThread)[0x00202cf4]sys_rwlock warning: TODO: SYS_SYNC_PRIORITY attr
HLE: W PPU[1] Thread (CPUThread)[0x00202cf4]sys_rwlock warning: *** rwlock created [] (protocol=0x2): id = 43
HLE: W PPU[1] Thread (CPUThread)[0x00fdf058]sys_lwmutex warning: *** lwmutex created [media.m] (attribute=0x12): sq_id = 44
HLE: W PPU[1] Thread (CPUThread)[0x00fdf10c]sys_lwcond warning: Recursive lwmutex(sq=44)
HLE: W PPU[1] Thread (CPUThread)[0x00fdf10c]sys_lwcond warning: *** lwcond created [media.m] (lwmutex_addr=0x301fd408): id = 45
HLE: W PPU[1] Thread (CPUThread)[0x00202cf4]sys_rwlock warning: sys_rwlock_create(rw_lock_id_addr=0x301fd7ac, attr_addr=0xd000e840)
HLE: W PPU[1] Thread (CPUThread)[0x00202cf4]sys_rwlock warning: TODO: SYS_SYNC_PRIORITY attr
HLE: W PPU[1] Thread (CPUThread)[0x00202cf4]sys_rwlock warning: *** rwlock created [] (protocol=0x2): id = 46
HLE: W PPU[1] Thread (CPUThread)[0x00fdf058]sys_lwmutex warning: *** lwmutex created [schedul] (attribute=0x12): sq_id = 47
HLE: W PPU[1] Thread (CPUThread)[0x00fdf058]sys_lwmutex warning: *** lwmutex created [schedul] (attribute=0x12): sq_id = 48
HLE: W PPU[1] Thread (CPUThread)[0x00202cf4]sys_rwlock warning: sys_rwlock_create(rw_lock_id_addr=0x301fd82c, attr_addr=0xd000e730)
HLE: W PPU[1] Thread (CPUThread)[0x00202cf4]sys_rwlock warning: TODO: SYS_SYNC_PRIORITY attr
HLE: W PPU[1] Thread (CPUThread)[0x00202cf4]sys_rwlock warning: *** rwlock created [] (protocol=0x2): id = 49
HLE: W PPU[1] Thread (CPUThread)[0x00fdf058]sys_lwmutex warning: *** lwmutex created [schedul] (attribute=0x12): sq_id = 50
HLE: W PPU[1] Thread (CPUThread)[0x00fdf058]sys_lwmutex warning: *** lwmutex created [schedul] (attribute=0x12): sq_id = 51
HLE: W PPU[1] Thread (CPUThread)[0x00fdf10c]sys_lwcond warning: Recursive lwmutex(sq=51)
HLE: W PPU[1] Thread (CPUThread)[0x00fdf10c]sys_lwcond warning: *** lwcond created [schedul] (lwmutex_addr=0x301fd8b0): id = 52
HLE: W PPU[1] Thread (CPUThread)[0x00fdf10c]sys_lwcond warning: Recursive lwmutex(sq=51)
HLE: W PPU[1] Thread (CPUThread)[0x00fdf10c]sys_lwcond warning: *** lwcond created [schedul] (lwmutex_addr=0x301fd8b0): id = 53
HLE: W PPU[1] Thread (CPUThread)[0x00fdf058]sys_lwmutex warning: *** lwmutex created [schedul] (attribute=0x12): sq_id = 54
HLE: W PPU[1] Thread (CPUThread)[0x00fdf058]sys_lwmutex warning: *** lwmutex created [schedul] (attribute=0x12): sq_id = 55
HLE: W PPU[1] Thread (CPUThread)[0x00fdf10c]sys_lwcond warning: Recursive lwmutex(sq=55)
HLE: W PPU[1] Thread (CPUThread)[0x00fdf10c]sys_lwcond warning: *** lwcond created [fios wo] (lwmutex_addr=0x301fd958): id = 56
HLE: W PPU[1] Thread (CPUThread)[0x00fdf10c]sys_lwcond warning: Recursive lwmutex(sq=55)
HLE: W PPU[1] Thread (CPUThread)[0x00fdf10c]sys_lwcond warning: *** lwcond created [fios wo] (lwmutex_addr=0x301fd958): id = 57
PPU: ! PPU[1] Thread (CPUThread)[0x00fdf028]*** New PPU Thread [fios mediathread 2] (flags=0x1, entry=0x41ad78): id = 58
PPU: ! PPU[1] Thread (CPUThread)[0x00fdf028]*** New PPU Thread [fios mediathread 3] (flags=0x1, entry=0x41ad78): id = 59
PPU: ! PPU[1] Thread (CPUThread)[0x00fdf028]*** New PPU Thread [fios scheduler 1] (flags=0x1, entry=0x41ad78): id = 60
HLE: W PPU[1] Thread (CPUThread)[0x00fdf058]sys_lwmutex warning: *** lwmutex created [media.m] (attribute=0x12): sq_id = 61
HLE: W PPU[1] Thread (CPUThread)[0x00202cf4]sys_rwlock warning: sys_rwlock_create(rw_lock_id_addr=0x30203344, attr_addr=0xd000e7b0)
HLE: W PPU[1] Thread (CPUThread)[0x00202cf4]sys_rwlock warning: TODO: SYS_SYNC_PRIORITY attr
HLE: W PPU[1] Thread (CPUThread)[0x00202cf4]sys_rwlock warning: *** rwlock created [] (protocol=0x2): id = 62
HLE: W PPU[1] Thread (CPUThread)[0x00fdf058]sys_lwmutex warning: *** lwmutex created [cache_f] (attribute=0x12): sq_id = 63
HLE: E PPU[1] Thread (CPUThread)[0x00404004]cellSpurs error: Unimplemented function: _cellSpursTasksetAttributeInitialize
HLE: E PPU[1] Thread (CPUThread)[0x00404040]cellSpurs error: Unimplemented function: cellSpursTasksetAttributeSetName
HLE: E PPU[1] Thread (CPUThread)[0x00404088]cellSpurs error: Unimplemented function: cellSpursCreateTasksetWithAttribute
HLE: W PPU[1] Thread (CPUThread)[0x00404034]cellSpurs warning: _cellSpursEventFlagInitialize(spurs_addr=0x301fc280, taskset_addr=0x0, eventFlag_addr=0x30206100, flagClearMode=0, flagDirection=1)
HLE: E PPU[1] Thread (CPUThread)[0x0040404c]cellSpurs error: cellSpursEventFlagAttachLv2EventQueue(eventFlag_addr=0x30206100)
HLE: E PPU[1] Thread (CPUThread)[0x004040ac]cellSpurs error: Unimplemented function: _cellSpursLFQueueInitialize
HLE: E PPU[1] Thread (CPUThread)[0x004040b8]cellSpurs error: Unimplemented function: cellSpursLFQueueAttachLv2EventQueue
HLE: E PPU[1] Thread (CPUThread)[0x004040e8]cellSpurs error: cellSpursCreateTask(taskset_addr=0x30204800, taskID_addr=0xd000e610, elf_addr_addr=0x3cdd00, context_addr_addr=0x30203800, context_size=3072, lsPattern_addr=0x3b0e98, argument_addr=0xd000e618)
HLE: W PPU[1] Thread (CPUThread)[0x00fdf058]sys_lwmutex warning: *** lwmutex created [media.m] (attribute=0x12): sq_id = 64
HLE: W PPU[1] Thread (CPUThread)[0x00202cf4]sys_rwlock warning: sys_rwlock_create(rw_lock_id_addr=0x3655e374, attr_addr=0xd000e830)
HLE: W PPU[1] Thread (CPUThread)[0x00202cf4]sys_rwlock warning: TODO: SYS_SYNC_PRIORITY attr
HLE: W PPU[1] Thread (CPUThread)[0x00202cf4]sys_rwlock warning: *** rwlock created [] (protocol=0x2): id = 65
HLE: W PPU[1] Thread (CPUThread)[0x00fdf058]sys_lwmutex warning: *** lwmutex created [dearchi] (attribute=0x12): sq_id = 66
HLE: W PPU[1] Thread (CPUThread)[0x00fdf058]sys_lwmutex warning: *** lwmutex created [dearchi] (attribute=0x12): sq_id = 67
HLE: W PPU[1] Thread (CPUThread)[0x00fdf058]sys_lwmutex warning: *** lwmutex created [dearchi] (attribute=0x12): sq_id = 68
HLE: W PPU[1] Thread (CPUThread)[0x00fdf058]sys_lwmutex warning: *** lwmutex created [dearchi] (attribute=0x12): sq_id = 69
HLE: W PPU[1] Thread (CPUThread)[0x00fdf10c]sys_lwcond warning: Recursive lwmutex(sq=69)
HLE: W PPU[1] Thread (CPUThread)[0x00fdf10c]sys_lwcond warning: *** lwcond created [dearchi] (lwmutex_addr=0x3655e478): id = 70
HLE: W PPU[1] Thread (CPUThread)[0x00fdf058]sys_lwmutex warning: *** lwmutex created [dearchi] (attribute=0x12): sq_id = 71
HLE: W PPU[1] Thread (CPUThread)[0x00fdf058]sys_lwmutex warning: *** lwmutex created [media.m] (attribute=0x12): sq_id = 72
HLE: W PPU[1] Thread (CPUThread)[0x00202cf4]sys_rwlock warning: sys_rwlock_create(rw_lock_id_addr=0x365df0b4, attr_addr=0xd000e7a0)
HLE: W PPU[1] Thread (CPUThread)[0x00202cf4]sys_rwlock warning: TODO: SYS_SYNC_PRIORITY attr
HLE: W PPU[1] Thread (CPUThread)[0x00202cf4]sys_rwlock warning: *** rwlock created [] (protocol=0x2): id = 73
HLE: W PPU[1] Thread (CPUThread)[0x00202cf4]sys_rwlock warning: sys_rwlock_create(rw_lock_id_addr=0x365df94c, attr_addr=0xd000e7a0)
HLE: W PPU[1] Thread (CPUThread)[0x00202cf4]sys_rwlock warning: TODO: SYS_SYNC_PRIORITY attr
HLE: W PPU[1] Thread (CPUThread)[0x00202cf4]sys_rwlock warning: *** rwlock created [] (protocol=0x2): id = 74
HLE: W PPU[1] Thread (CPUThread)[0x00fdf058]sys_lwmutex warning: *** lwmutex created [schedul] (attribute=0x12): sq_id = 75
HLE: W PPU[1] Thread (CPUThread)[0x00fdf058]sys_lwmutex warning: *** lwmutex created [schedul] (attribute=0x12): sq_id = 76
HLE: W PPU[1] Thread (CPUThread)[0x00202cf4]sys_rwlock warning: sys_rwlock_create(rw_lock_id_addr=0x3020674c, attr_addr=0xd000e730)
HLE: W PPU[1] Thread (CPUThread)[0x00202cf4]sys_rwlock warning: TODO: SYS_SYNC_PRIORITY attr
HLE: W PPU[1] Thread (CPUThread)[0x00202cf4]sys_rwlock warning: *** rwlock created [] (protocol=0x2): id = 77
HLE: W PPU[1] Thread (CPUThread)[0x00fdf058]sys_lwmutex warning: *** lwmutex created [schedul] (attribute=0x12): sq_id = 78
HLE: W PPU[1] Thread (CPUThread)[0x00fdf058]sys_lwmutex warning: *** lwmutex created [schedul] (attribute=0x12): sq_id = 79
HLE: W PPU[1] Thread (CPUThread)[0x00fdf10c]sys_lwcond warning: Recursive lwmutex(sq=79)
HLE: W PPU[1] Thread (CPUThread)[0x00fdf10c]sys_lwcond warning: *** lwcond created [schedul] (lwmutex_addr=0x302067d0): id = 80
HLE: W PPU[1] Thread (CPUThread)[0x00fdf10c]sys_lwcond warning: Recursive lwmutex(sq=79)
HLE: W PPU[1] Thread (CPUThread)[0x00fdf10c]sys_lwcond warning: *** lwcond created [schedul] (lwmutex_addr=0x302067d0): id = 81
HLE: W PPU[1] Thread (CPUThread)[0x00fdf058]sys_lwmutex warning: *** lwmutex created [schedul] (attribute=0x12): sq_id = 82
HLE: W PPU[1] Thread (CPUThread)[0x00fdf058]sys_lwmutex warning: *** lwmutex created [schedul] (attribute=0x12): sq_id = 83
HLE: W PPU[1] Thread (CPUThread)[0x00fdf10c]sys_lwcond warning: Recursive lwmutex(sq=83)
HLE: W PPU[1] Thread (CPUThread)[0x00fdf10c]sys_lwcond warning: *** lwcond created [fios wo] (lwmutex_addr=0x30206878): id = 84
HLE: W PPU[1] Thread (CPUThread)[0x00fdf10c]sys_lwcond warning: Recursive lwmutex(sq=83)
HLE: W PPU[1] Thread (CPUThread)[0x00fdf10c]sys_lwcond warning: *** lwcond created [fios wo] (lwmutex_addr=0x30206878): id = 85
HLE: W PPU[1] Thread (CPUThread)[0x00fdf10c]sys_lwcond warning: Recursive lwmutex(sq=83)
HLE: W PPU[1] Thread (CPUThread)[0x00fdf10c]sys_lwcond warning: *** lwcond created [fios wo] (lwmutex_addr=0x30206878): id = 86
PPU: ! PPU[1] Thread (CPUThread)[0x00fdf028]*** New PPU Thread [fios mediathread 5] (flags=0x1, entry=0x41ad78): id = 87
PPU: ! PPU[1] Thread (CPUThread)[0x00fdf028]*** New PPU Thread [fios mediathread 6] (flags=0x1, entry=0x41ad78): id = 88
PPU: ! PPU[1] Thread (CPUThread)[0x00fdf028]*** New PPU Thread [fios mediathread 7] (flags=0x1, entry=0x41ad78): id = 89
PPU: ! PPU[1] Thread (CPUThread)[0x00fdf028]*** New PPU Thread [fios scheduler 4] (flags=0x1, entry=0x41ad78): id = 90
HLE: W PPU[87] Thread (fios mediathread 5)[0x00408064]"/dev_hdd0/game/NPEA00289/USRDIR/game_data.psarc" opened: fd = 91
HLE: W PPU[87] Thread (fios mediathread 5)[0x002b3c50]cellSysutil warning: cellSysutilGetSystemParamInt: CELL_SYSUTIL_SYSTEMPARAM_ID_TIMEZONE
HLE: W PPU[87] Thread (fios mediathread 5)[0x002b3c50]cellSysutil warning: cellSysutilGetSystemParamInt: CELL_SYSUTIL_SYSTEMPARAM_ID_SUMMERTIME
HLE: W PPU[87] Thread (fios mediathread 5)[0x002b573c]cellSysutil warning: cellSysutilGetSystemParamInt: CELL_SYSUTIL_SYSTEMPARAM_ID_TIMEZONE
HLE: W PPU[87] Thread (fios mediathread 5)[0x002b573c]cellSysutil warning: cellSysutilGetSystemParamInt: CELL_SYSUTIL_SYSTEMPARAM_ID_SUMMERTIME
HLE: W PPU[87] Thread (fios mediathread 5)[0x002b3c50]cellSysutil warning: cellSysutilGetSystemParamInt: CELL_SYSUTIL_SYSTEMPARAM_ID_TIMEZONE
HLE: W PPU[87] Thread (fios mediathread 5)[0x002b3c50]cellSysutil warning: cellSysutilGetSystemParamInt: CELL_SYSUTIL_SYSTEMPARAM_ID_SUMMERTIME
HLE: W PPU[87] Thread (fios mediathread 5)[0x002b573c]cellSysutil warning: cellSysutilGetSystemParamInt: CELL_SYSUTIL_SYSTEMPARAM_ID_TIMEZONE
HLE: W PPU[87] Thread (fios mediathread 5)[0x002b573c]cellSysutil warning: cellSysutilGetSystemParamInt: CELL_SYSUTIL_SYSTEMPARAM_ID_SUMMERTIME
HLE: W PPU[87] Thread (fios mediathread 5)[0x002b3c50]cellSysutil warning: cellSysutilGetSystemParamInt: CELL_SYSUTIL_SYSTEMPARAM_ID_TIMEZONE
HLE: W PPU[87] Thread (fios mediathread 5)[0x002b3c50]cellSysutil warning: cellSysutilGetSystemParamInt: CELL_SYSUTIL_SYSTEMPARAM_ID_SUMMERTIME
HLE: W PPU[87] Thread (fios mediathread 5)[0x002b573c]cellSysutil warning: cellSysutilGetSystemParamInt: CELL_SYSUTIL_SYSTEMPARAM_ID_TIMEZONE
HLE: W PPU[87] Thread (fios mediathread 5)[0x002b573c]cellSysutil warning: cellSysutilGetSystemParamInt: CELL_SYSUTIL_SYSTEMPARAM_ID_SUMMERTIME
HLE: E PPU[87] Thread (fios mediathread 5)[0x00404028]cellSpurs error: cellSpursEventFlagClear(eventFlag_addr=0x30206100, bits=1)
HLE: E PPU[87] Thread (fios mediathread 5)[0x004040dc]cellSpurs error: Unimplemented function: _cellSpursLFQueuePushBody
HLE: W PPU[58] Thread (fios mediathread 2)[0x00fdf040]sys_lwcond_wait(id=56) aborted
HLE: W PPU[60] Thread (fios scheduler 1)[0x00fdf040]sys_lwcond_wait(id=52) aborted
HLE: W PPU[90] Thread (fios scheduler 4)[0x00fdf040]sys_lwcond_wait(id=80) aborted
HLE: W PPU[1] Thread (CPUThread)[0x00fdf040]sys_lwcond_wait(id=39) aborted
HLE: W PPU[59] Thread (fios mediathread 3)[0x00fdf040]sys_lwcond_wait(id=57) aborted
HLE: W PPU[89] Thread (fios mediathread 7)[0x00fdf040]sys_lwcond_wait(id=86) aborted
HLE: W PPU[88] Thread (fios mediathread 6)[0x00fdf040]sys_lwcond_wait(id=85) aborted
HLE: ! All threads stopped...
MEM: ! Closing memory...
