HLE: ! path: /dev_hdd0/game/
LDR: ! Loading 'D:\Emulateurs\Rpcs3\dev_hdd0\game\NPEA00291/USRDIR/BOOT.BIN'...
LDR: !  
LDR: ! Mount info:
LDR: ! /dev_hdd0/ -> D:\Emulateurs\Rpcs3/dev_hdd0/
LDR: ! /dev_hdd1/ -> D:\Emulateurs\Rpcs3/dev_hdd1/
LDR: ! /dev_flash/ -> D:\Emulateurs\Rpcs3/dev_flash/
LDR: ! /dev_usb000/ -> D:\Emulateurs\Rpcs3/dev_usb000/
LDR: ! /dev_usb/ -> D:\Emulateurs\Rpcs3/dev_usb000/
LDR: ! /app_home/ -> D:\Emulateurs\Rpcs3\dev_hdd0\game\NPEA00291/
LDR: ! /dev_bdvd/ -> D:\Emulateurs\Rpcs3\dev_hdd0\game\NPEA00291//../
LDR: ! /host_root/ -> 
LDR: ! / -> D:\Emulateurs\Rpcs3\dev_hdd0\game\NPEA00291//USRDIR/
LDR: ! /app_home/PS3_GAME/USRDIR/ -> D:\Emulateurs\Rpcs3\dev_hdd0\game\NPEA00291//USRDIR/
LDR: ! /dev_flash2/ -> D:\Emulateurs\Rpcs3/dev_flash2/
LDR: ! /app_home/Game/PS3_GAME/USRDIR/ -> D:\Emulateurs\Rpcs3\dev_hdd0\game\NPEA00291//USRDIR/
LDR: !  
MEM: ! Initing memory...
MEM: ! Memory initialized.
LDR: W Unimplemented function 'cellJpgEncQueryAttr' in 'cellJpgEnc' module
LDR: W Unimplemented function 'cellJpgEncWaitForInput' in 'cellJpgEnc' module
LDR: W Unimplemented function 'cellJpgEncGetStreamInfo' in 'cellJpgEnc' module
LDR: W Unimplemented function 'cellJpgEncEncodePicture2' in 'cellJpgEnc' module
LDR: W Unimplemented function 'cellJpgEncClose' in 'cellJpgEnc' module
LDR: W Unimplemented function 'cellJpgEncWaitForOutput' in 'cellJpgEnc' module
LDR: W Unimplemented function 'cellJpgEncOpen' in 'cellJpgEnc' module
LDR: W Unimplemented function 'cellPngEncClose' in 'cellPngEnc' module
LDR: W Unimplemented function 'cellPngEncQueryAttr' in 'cellPngEnc' module
LDR: W Unimplemented function 'cellPngEncGetStreamInfo' in 'cellPngEnc' module
LDR: W Unimplemented function 'cellPngEncEncodePicture' in 'cellPngEnc' module
LDR: W Unimplemented function 'cellPngEncWaitForInput' in 'cellPngEnc' module
LDR: W Unimplemented function 'cellPngEncWaitForOutput' in 'cellPngEnc' module
LDR: W Unimplemented function 'cellPngEncOpenEx' in 'cellPngEnc' module
LDR: W Unimplemented function 'cellOskDialogUnloadAsync' in 'cellSysutil' module
LDR: W Unimplemented function 'cellSaveDataUserAutoSave' in 'cellSysutil' module
LDR: W Unimplemented function 'cellOskDialogAddSupportLanguage' in 'cellSysutil' module
LDR: W Unimplemented function 'cellOskDialogLoadAsync' in 'cellSysutil' module
LDR: W Unimplemented function 'cellOskDialogSetKeyLayoutOption' in 'cellSysutil' module
LDR: W Unimplemented function 'cellOskDialogAbort' in 'cellSysutil' module
LDR: W Unimplemented function 'cellOskDialogSetInitialKeyLayout' in 'cellSysutil' module
LDR: W Unimplemented function 'cellSaveDataUserAutoLoad' in 'cellSysutil' module
LDR: W Unimplemented function 'cellOskDialogSetDeviceMask' in 'cellSysutil' module
LDR: W Unimplemented function 'cellOskDialogSetLayoutMode' in 'cellSysutil' module
LDR: W Unimplemented function 'cellFsUtime' in 'sys_fs' module
LDR: W Unimplemented function 'gethostbyname' in 'sys_net' module
LDR: W Unimplemented function 'socketselect' in 'sys_net' module
LDR: W Unimplemented function 'inet_ntoa' in 'sys_net' module
LDR: W Unimplemented function 'inet_aton' in 'sys_net' module
LDR: W Unimplemented function 'socketpoll' in 'sys_net' module
LDR: W Unimplemented function 'getpeername' in 'sys_net' module
LDR: W Unimplemented function 'sceNpManagerGetNpId' in 'sceNp' module
LDR: W Unimplemented function 'sceNpBasicSendMessageGui' in 'sceNp' module
LDR: W Unimplemented function 'sceNpManagerGetTicket' in 'sceNp' module
LDR: W Unimplemented function 'sceNpBasicAddBlockListEntry' in 'sceNp' module
LDR: W Unimplemented function 'sceNpBasicAddFriend' in 'sceNp' module
LDR: W Unimplemented function 'sceNpBasicGetFriendPresenceByIndex' in 'sceNp' module
LDR: W Unimplemented function 'sceNpBasicRegisterContextSensitiveHandler' in 'sceNp' module
LDR: W Unimplemented function 'sceNpBasicAbortGui' in 'sceNp' module
LDR: W Unimplemented function 'sceNpManagerUnregisterCallback' in 'sceNp' module
LDR: W Unimplemented function 'sceNpLookupDestroyTitleCtx' in 'sceNp' module
LDR: W Unimplemented function 'sceNpLookupInit' in 'sceNp' module
LDR: W Unimplemented function 'sceNpSignalingActivateConnection' in 'sceNp' module
LDR: W Unimplemented function 'sceNpSignalingCreateCtx' in 'sceNp' module
LDR: W Unimplemented function 'sceNpBasicRecvMessageAttachmentLoad' in 'sceNp' module
LDR: W Unimplemented function 'sceNpManagerGetContentRatingFlag' in 'sceNp' module
LDR: W Unimplemented function 'sceNpBasicGetBlockListEntryCount' in 'sceNp' module
LDR: W Unimplemented function 'sceNpLookupPollAsync' in 'sceNp' module
LDR: W Unimplemented function 'sceNpBasicRecvMessageCustom' in 'sceNp' module
LDR: W Unimplemented function 'sceNpManagerRequestTicket2' in 'sceNp' module
LDR: W Unimplemented function 'sceNpLookupTerm' in 'sceNp' module
LDR: W Unimplemented function 'sceNpSignalingTerminateConnection' in 'sceNp' module
LDR: W Unimplemented function 'sceNpBasicGetPlayersHistoryEntryCount' in 'sceNp' module
LDR: W Unimplemented function 'sceNpSignalingDestroyCtx' in 'sceNp' module
LDR: W Unimplemented function 'sceNpBasicUnregisterHandler' in 'sceNp' module
LDR: W Unimplemented function 'sceNpBasicGetFriendListEntryCount' in 'sceNp' module
LDR: W Unimplemented function 'sceNpBasicGetPlayersHistoryEntry' in 'sceNp' module
LDR: W Unimplemented function 'sceNpBasicAddPlayersHistoryAsync' in 'sceNp' module
LDR: W Unimplemented function 'sceNpBasicSetPresenceDetails' in 'sceNp' module
LDR: W Unimplemented function 'sceNpSignalingGetConnectionStatus' in 'sceNp' module
LDR: W Unimplemented function 'sceNpLookupCreateTitleCtx' in 'sceNp' module
LDR: W Unimplemented function 'sceNpLookupNpIdAsync' in 'sceNp' module
LDR: W Unimplemented function 'sceNpUtilCmpNpId' in 'sceNp' module
LDR: W Unimplemented function 'sceNpBasicGetEvent' in 'sceNp' module
LDR: W Unimplemented function 'sceNpManagerRegisterCallback' in 'sceNp' module
LDR: W Unimplemented function 'sceNpLookupCreateTransactionCtx' in 'sceNp' module
LDR: W Unimplemented function 'sceNpManagerGetChatRestrictionFlag' in 'sceNp' module
LDR: W Unimplemented function 'sceNpBasicSendMessage' in 'sceNp' module
LDR: W Unimplemented function 'sceNpFriendlist' in 'sceNp' module
LDR: W Unimplemented function 'sceNpBasicGetBlockListEntry' in 'sceNp' module
LDR: W Unimplemented function 'sceNpFriendlistAbortGui' in 'sceNp' module
LDR: W Unimplemented function 'sceNpLookupDestroyTransactionCtx' in 'sceNp' module
LDR: W Unimplemented function 'sceNpManagerGetAvatarUrl' in 'sceNp' module
LDR: W Unimplemented function 'sceNpBasicSetPresence' in 'sceNp' module
LDR: W Unimplemented function 'sceNpManagerRequestTicket' in 'sceNp' module
LDR: W Unimplemented function 'sceNpManagerGetAccountRegion' in 'sceNp' module
LDR: W Unimplemented function 'sceNpBasicRegisterHandler' in 'sceNp' module
LDR: W Unimplemented function 'sceNpManagerGetOnlineId' in 'sceNp' module
LDR: W Unimplemented function 'cellSpursTasksetAttributeSetTasksetSize' in 'cellSpurs' module
LDR: W Unknown module 'cellPhotoUtility'
LDR: W Unknown module 'sceNpCommerce2'
LDR: W Unimplemented function 'cellSslEnd' in 'cellSsl' module
LDR: W Unimplemented function 'cellSslCertificateLoader' in 'cellSsl' module
LDR: W Unimplemented function 'cellSslInit' in 'cellSsl' module
LDR: W Unknown module 'cellHttp'
LDR: W Unknown module 'cellOskExtUtility'
LDR: W Unimplemented function 'cellFontGetKerning' in 'cellFont' module
LDR: W Unimplemented function '_sys_spu_printf_finalize' in 'sysPrxForUser' module
LDR: W Unimplemented function 'cellVoiceStart' in 'cellVoice' module
LDR: W Unimplemented function 'cellVoiceDisconnectIPortFromOPort' in 'cellVoice' module
LDR: W Unimplemented function 'cellVoiceCreateNotifyEventQueue' in 'cellVoice' module
LDR: W Unimplemented function 'cellVoiceCreatePort' in 'cellVoice' module
LDR: W Unimplemented function 'cellVoiceSetNotifyEventQueue' in 'cellVoice' module
LDR: W Unimplemented function 'cellVoiceReadFromOPort' in 'cellVoice' module
LDR: W Unimplemented function 'cellVoiceWriteToIPort' in 'cellVoice' module
LDR: W Unimplemented function 'cellVoiceGetPortInfo' in 'cellVoice' module
LDR: W Unimplemented function 'cellVoiceGetVolume' in 'cellVoice' module
LDR: W Unimplemented function 'cellVoiceSetPortAttr' in 'cellVoice' module
LDR: W Unimplemented function 'cellVoiceDeletePort' in 'cellVoice' module
LDR: W Unimplemented function 'cellVoiceConnectIPortToOPort' in 'cellVoice' module
LDR: W Unimplemented function 'cellVoiceInit' in 'cellVoice' module
LDR: W Unimplemented function 'cellVoiceSetVolume' in 'cellVoice' module
LDR: W Unimplemented function 'cellVoiceRemoveNotifyEventQueue' in 'cellVoice' module
LDR: W Unimplemented function 'cellVoiceEnd' in 'cellVoice' module
HLE: W PPU[1] Thread (CPUThread)[0x0161b034]sys_lwmutex warning: *** lwmutex created [_lc_mtx] (attribute=0x12): sq_id = 3
HLE: W PPU[1] Thread (CPUThread)[0x0096f680]memory warning: sys_memory_get_user_memory_size(mem_info_addr=0xd0010c04)
HLE: W PPU[1] Thread (CPUThread)[0x0161b034]sys_lwmutex warning: *** lwmutex created [_lc_mtx] (attribute=0x12): sq_id = 4
HLE: W PPU[1] Thread (CPUThread)[0x0161b034]sys_lwmutex warning: *** lwmutex created [_lc_mtx] (attribute=0x12): sq_id = 5
HLE: W PPU[1] Thread (CPUThread)[0x0161b034]sys_lwmutex warning: *** lwmutex created [_lc_mtx] (attribute=0x12): sq_id = 6
HLE: W PPU[1] Thread (CPUThread)[0x0161b034]sys_lwmutex warning: *** lwmutex created [_lc_mtx] (attribute=0x12): sq_id = 7
HLE: W PPU[1] Thread (CPUThread)[0x0161b034]sys_lwmutex warning: *** lwmutex created [_lc_mtx] (attribute=0x12): sq_id = 8
HLE: W PPU[1] Thread (CPUThread)[0x0161b034]sys_lwmutex warning: *** lwmutex created [_lc_mtx] (attribute=0x12): sq_id = 9
HLE: W PPU[1] Thread (CPUThread)[0x0161b034]sys_lwmutex warning: *** lwmutex created [_lc_mtx] (attribute=0x12): sq_id = 10
HLE: W PPU[1] Thread (CPUThread)[0x0161b034]sys_lwmutex warning: *** lwmutex created [_lc_mtx] (attribute=0x12): sq_id = 11
HLE: W PPU[1] Thread (CPUThread)[0x0161b034]sys_lwmutex warning: *** lwmutex created [_lc_mtx] (attribute=0x12): sq_id = 12
HLE: W PPU[1] Thread (CPUThread)[0x0161b034]sys_lwmutex warning: *** lwmutex created [] (attribute=0x22): sq_id = 13
HLE: W PPU[1] Thread (CPUThread)[0x0161b034]sys_lwmutex warning: *** lwmutex created [] (attribute=0x22): sq_id = 14
HLE: W PPU[1] Thread (CPUThread)[0x0161b034]sys_lwmutex warning: *** lwmutex created [] (attribute=0x22): sq_id = 15
HLE: W PPU[1] Thread (CPUThread)[0x0161b034]sys_lwmutex warning: *** lwmutex created [] (attribute=0x22): sq_id = 16
HLE: W PPU[1] Thread (CPUThread)[0x0161b034]sys_lwmutex warning: *** lwmutex created [_lgcmtx] (attribute=0x12): sq_id = 17
HLE: W PPU[1] Thread (CPUThread)[0x0161b034]sys_lwmutex warning: *** lwmutex created [_lgcmtx] (attribute=0x22): sq_id = 18
HLE: W PPU[1] Thread (CPUThread)[0x00983bc8]sys_mutex warning: *** mutex created [] (protocol=0x1, recursive=false): id = 19
HLE: W PPU[1] Thread (CPUThread)[0x00983bc8]sys_mutex warning: *** mutex created [] (protocol=0x1, recursive=false): id = 20
HLE: W PPU[1] Thread (CPUThread)[0x0161b034]sys_lwmutex warning: *** lwmutex created [] (attribute=0x22): sq_id = 21
HLE: W PPU[1] Thread (CPUThread)[0x0161b034]sys_lwmutex warning: *** lwmutex created [] (attribute=0x11): sq_id = 22
HLE: W PPU[1] Thread (CPUThread)[0x0161b034]sys_lwmutex warning: *** lwmutex created [] (attribute=0x11): sq_id = 23
HLE: W PPU[1] Thread (CPUThread)[0x0161b034]sys_lwmutex warning: *** lwmutex created [] (attribute=0x11): sq_id = 24
HLE: W PPU[1] Thread (CPUThread)[0x0161b034]sys_lwmutex warning: *** lwmutex created [] (attribute=0x11): sq_id = 25
HLE: W PPU[1] Thread (CPUThread)[0x0161b034]sys_lwmutex warning: *** lwmutex created [] (attribute=0x11): sq_id = 26
HLE: W PPU[1] Thread (CPUThread)[0x0161b034]sys_lwmutex warning: *** lwmutex created [] (attribute=0x11): sq_id = 27
HLE: W PPU[1] Thread (CPUThread)[0x0161b034]sys_lwmutex warning: *** lwmutex created [] (attribute=0x11): sq_id = 28
HLE: W PPU[1] Thread (CPUThread)[0x007c8b10]memory warning: sys_memory_get_user_memory_size(mem_info_addr=0xd00109d0)
HLE: W PPU[1] Thread (CPUThread)[0x0161b034]sys_lwmutex warning: *** lwmutex created [] (attribute=0x22): sq_id = 29
HLE: W PPU[1] Thread (CPUThread)[0x0161b034]sys_lwmutex warning: *** lwmutex created [] (attribute=0x22): sq_id = 30
HLE: W PPU[1] Thread (CPUThread)[0x0161b034]sys_lwmutex warning: *** lwmutex created [] (attribute=0x22): sq_id = 31
HLE: W PPU[1] Thread (CPUThread)[0x0161b034]sys_lwmutex warning: *** lwmutex created [] (attribute=0x22): sq_id = 32
HLE: W PPU[1] Thread (CPUThread)[0x0161b034]sys_lwmutex warning: *** lwmutex created [] (attribute=0x22): sq_id = 33
HLE: W PPU[1] Thread (CPUThread)[0x0161b034]sys_lwmutex warning: *** lwmutex created [] (attribute=0x22): sq_id = 34
HLE: W PPU[1] Thread (CPUThread)[0x0161b034]sys_lwmutex warning: *** lwmutex created [] (attribute=0x22): sq_id = 35
HLE: W PPU[1] Thread (CPUThread)[0x0161b034]sys_lwmutex warning: *** lwmutex created [] (attribute=0x22): sq_id = 36
HLE: W PPU[1] Thread (CPUThread)[0x0161b034]sys_lwmutex warning: *** lwmutex created [] (attribute=0x22): sq_id = 37
HLE: W PPU[1] Thread (CPUThread)[0x0161b034]sys_lwmutex warning: *** lwmutex created [] (attribute=0x22): sq_id = 38
HLE: W PPU[1] Thread (CPUThread)[0x0161b034]sys_lwmutex warning: *** lwmutex created [] (attribute=0x22): sq_id = 39
HLE: W PPU[1] Thread (CPUThread)[0x0161b034]sys_lwmutex warning: *** lwmutex created [] (attribute=0x22): sq_id = 40
HLE: W PPU[1] Thread (CPUThread)[0x0161b034]sys_lwmutex warning: *** lwmutex created [] (attribute=0x22): sq_id = 41
HLE: W PPU[1] Thread (CPUThread)[0x0161b034]sys_lwmutex warning: *** lwmutex created [] (attribute=0x22): sq_id = 42
HLE: W PPU[1] Thread (CPUThread)[0x0161b034]sys_lwmutex warning: *** lwmutex created [] (attribute=0x22): sq_id = 43
HLE: W PPU[1] Thread (CPUThread)[0x0161b034]sys_lwmutex warning: *** lwmutex created [] (attribute=0x22): sq_id = 44
HLE: W PPU[1] Thread (CPUThread)[0x0161b034]sys_lwmutex warning: *** lwmutex created [] (attribute=0x22): sq_id = 45
HLE: W PPU[1] Thread (CPUThread)[0x0161b034]sys_lwmutex warning: *** lwmutex created [] (attribute=0x22): sq_id = 46
HLE: W PPU[1] Thread (CPUThread)[0x0161b034]sys_lwmutex warning: *** lwmutex created [] (attribute=0x22): sq_id = 47
HLE: W PPU[1] Thread (CPUThread)[0x0161b034]sys_lwmutex warning: *** lwmutex created [] (attribute=0x22): sq_id = 48
HLE: W PPU[1] Thread (CPUThread)[0x0161b034]sys_lwmutex warning: *** lwmutex created [] (attribute=0x22): sq_id = 49
HLE: W PPU[1] Thread (CPUThread)[0x0161b034]sys_lwmutex warning: *** lwmutex created [] (attribute=0x22): sq_id = 50
HLE: W PPU[1] Thread (CPUThread)[0x0161b034]sys_lwmutex warning: *** lwmutex created [] (attribute=0x22): sq_id = 51
HLE: W PPU[1] Thread (CPUThread)[0x0161b034]sys_lwmutex warning: *** lwmutex created [] (attribute=0x22): sq_id = 52
HLE: W PPU[1] Thread (CPUThread)[0x0161b034]sys_lwmutex warning: *** lwmutex created [] (attribute=0x22): sq_id = 53
HLE: W PPU[1] Thread (CPUThread)[0x0161b034]sys_lwmutex warning: *** lwmutex created [] (attribute=0x22): sq_id = 54
HLE: W PPU[1] Thread (CPUThread)[0x0161b034]sys_lwmutex warning: *** lwmutex created [] (attribute=0x22): sq_id = 55
HLE: W PPU[1] Thread (CPUThread)[0x0161b034]sys_lwmutex warning: *** lwmutex created [] (attribute=0x22): sq_id = 56
HLE: W PPU[1] Thread (CPUThread)[0x0161b034]sys_lwmutex warning: *** lwmutex created [] (attribute=0x22): sq_id = 57
HLE: W PPU[1] Thread (CPUThread)[0x0161b034]sys_lwmutex warning: *** lwmutex created [] (attribute=0x22): sq_id = 58
HLE: W PPU[1] Thread (CPUThread)[0x0161b034]sys_lwmutex warning: *** lwmutex created [] (attribute=0x22): sq_id = 59
HLE: W PPU[1] Thread (CPUThread)[0x0161b034]sys_lwmutex warning: *** lwmutex created [] (attribute=0x22): sq_id = 60
HLE: W PPU[1] Thread (CPUThread)[0x0161b034]sys_lwmutex warning: *** lwmutex created [] (attribute=0x22): sq_id = 61
HLE: W PPU[1] Thread (CPUThread)[0x0161b034]sys_lwmutex warning: *** lwmutex created [] (attribute=0x22): sq_id = 62
HLE: W PPU[1] Thread (CPUThread)[0x0161b034]sys_lwmutex warning: *** lwmutex created [] (attribute=0x22): sq_id = 63
HLE: W PPU[1] Thread (CPUThread)[0x0161b034]sys_lwmutex warning: *** lwmutex created [] (attribute=0x22): sq_id = 64
HLE: W PPU[1] Thread (CPUThread)[0x0161b034]sys_lwmutex warning: *** lwmutex created [] (attribute=0x22): sq_id = 65
HLE: W PPU[1] Thread (CPUThread)[0x0161b034]sys_lwmutex warning: *** lwmutex created [] (attribute=0x22): sq_id = 66
HLE: W PPU[1] Thread (CPUThread)[0x0161b034]sys_lwmutex warning: *** lwmutex created [] (attribute=0x22): sq_id = 67
HLE: W PPU[1] Thread (CPUThread)[0x0161b034]sys_lwmutex warning: *** lwmutex created [] (attribute=0x22): sq_id = 68
HLE: W PPU[1] Thread (CPUThread)[0x0161b034]sys_lwmutex warning: *** lwmutex created [] (attribute=0x22): sq_id = 69
HLE: W PPU[1] Thread (CPUThread)[0x0161b034]sys_lwmutex warning: *** lwmutex created [] (attribute=0x22): sq_id = 70
HLE: W PPU[1] Thread (CPUThread)[0x0161b034]sys_lwmutex warning: *** lwmutex created [] (attribute=0x22): sq_id = 71
HLE: W PPU[1] Thread (CPUThread)[0x0161b034]sys_lwmutex warning: *** lwmutex created [] (attribute=0x22): sq_id = 72
HLE: W PPU[1] Thread (CPUThread)[0x0161b034]sys_lwmutex warning: *** lwmutex created [] (attribute=0x22): sq_id = 73
HLE: W PPU[1] Thread (CPUThread)[0x0161b034]sys_lwmutex warning: *** lwmutex created [] (attribute=0x22): sq_id = 74
HLE: W PPU[1] Thread (CPUThread)[0x0161b034]sys_lwmutex warning: *** lwmutex created [] (attribute=0x22): sq_id = 75
HLE: W PPU[1] Thread (CPUThread)[0x0161b034]sys_lwmutex warning: *** lwmutex created [] (attribute=0x22): sq_id = 76
HLE: W PPU[1] Thread (CPUThread)[0x0161b034]sys_lwmutex warning: *** lwmutex created [] (attribute=0x22): sq_id = 77
HLE: W PPU[1] Thread (CPUThread)[0x0161b034]sys_lwmutex warning: *** lwmutex created [] (attribute=0x22): sq_id = 78
HLE: W PPU[1] Thread (CPUThread)[0x0161b034]sys_lwmutex warning: *** lwmutex created [] (attribute=0x22): sq_id = 79
HLE: W PPU[1] Thread (CPUThread)[0x0161b034]sys_lwmutex warning: *** lwmutex created [] (attribute=0x22): sq_id = 80
HLE: W PPU[1] Thread (CPUThread)[0x0161b034]sys_lwmutex warning: *** lwmutex created [] (attribute=0x22): sq_id = 81
HLE: W PPU[1] Thread (CPUThread)[0x0161b034]sys_lwmutex warning: *** lwmutex created [] (attribute=0x22): sq_id = 82
HLE: W PPU[1] Thread (CPUThread)[0x0161b034]sys_lwmutex warning: *** lwmutex created [] (attribute=0x22): sq_id = 83
HLE: W PPU[1] Thread (CPUThread)[0x0161b034]sys_lwmutex warning: *** lwmutex created [] (attribute=0x22): sq_id = 84
HLE: W PPU[1] Thread (CPUThread)[0x0161b034]sys_lwmutex warning: *** lwmutex created [] (attribute=0x22): sq_id = 85
HLE: W PPU[1] Thread (CPUThread)[0x0161b034]sys_lwmutex warning: *** lwmutex created [] (attribute=0x22): sq_id = 86
HLE: W PPU[1] Thread (CPUThread)[0x0161b034]sys_lwmutex warning: *** lwmutex created [] (attribute=0x22): sq_id = 87
HLE: W PPU[1] Thread (CPUThread)[0x0161b034]sys_lwmutex warning: *** lwmutex created [] (attribute=0x22): sq_id = 88
HLE: W PPU[1] Thread (CPUThread)[0x0161b034]sys_lwmutex warning: *** lwmutex created [] (attribute=0x22): sq_id = 89
HLE: W PPU[1] Thread (CPUThread)[0x0161b034]sys_lwmutex warning: *** lwmutex created [] (attribute=0x22): sq_id = 90
HLE: W PPU[1] Thread (CPUThread)[0x0161b034]sys_lwmutex warning: *** lwmutex created [] (attribute=0x22): sq_id = 91
HLE: W PPU[1] Thread (CPUThread)[0x0161b034]sys_lwmutex warning: *** lwmutex created [] (attribute=0x22): sq_id = 92
HLE: W PPU[1] Thread (CPUThread)[0x0161b034]sys_lwmutex warning: *** lwmutex created [] (attribute=0x22): sq_id = 93
HLE: W PPU[1] Thread (CPUThread)[0x0161b034]sys_lwmutex warning: *** lwmutex created [] (attribute=0x22): sq_id = 94
HLE: W PPU[1] Thread (CPUThread)[0x0161b034]sys_lwmutex warning: *** lwmutex created [] (attribute=0x22): sq_id = 95
HLE: W PPU[1] Thread (CPUThread)[0x0161b034]sys_lwmutex warning: *** lwmutex created [] (attribute=0x22): sq_id = 96
HLE: W PPU[1] Thread (CPUThread)[0x0161b034]sys_lwmutex warning: *** lwmutex created [] (attribute=0x11): sq_id = 97
HLE: W PPU[1] Thread (CPUThread)[0x0161b034]sys_lwmutex warning: *** lwmutex created [] (attribute=0x22): sq_id = 98
HLE: W PPU[1] Thread (CPUThread)[0x0161b034]sys_lwmutex warning: *** lwmutex created [] (attribute=0x22): sq_id = 99
HLE: W PPU[1] Thread (CPUThread)[0x0161b034]sys_lwmutex warning: *** lwmutex created [] (attribute=0x22): sq_id = 100
HLE: W PPU[1] Thread (CPUThread)[0x0161b034]sys_lwmutex warning: *** lwmutex created [] (attribute=0x22): sq_id = 101
HLE: W PPU[1] Thread (CPUThread)[0x0161b034]sys_lwmutex warning: *** lwmutex created [] (attribute=0x22): sq_id = 102
HLE: W PPU[1] Thread (CPUThread)[0x0161b034]sys_lwmutex warning: *** lwmutex created [] (attribute=0x22): sq_id = 103
HLE: W PPU[1] Thread (CPUThread)[0x0161b034]sys_lwmutex warning: *** lwmutex created [] (attribute=0x22): sq_id = 104
HLE: W PPU[1] Thread (CPUThread)[0x0161b034]sys_lwmutex warning: *** lwmutex created [] (attribute=0x22): sq_id = 105
HLE: W PPU[1] Thread (CPUThread)[0x0161b034]sys_lwmutex warning: *** lwmutex created [] (attribute=0x22): sq_id = 106
HLE: W PPU[1] Thread (CPUThread)[0x0161b034]sys_lwmutex warning: *** lwmutex created [] (attribute=0x22): sq_id = 107
HLE: W PPU[1] Thread (CPUThread)[0x0161b034]sys_lwmutex warning: *** lwmutex created [] (attribute=0x22): sq_id = 108
HLE: W PPU[1] Thread (CPUThread)[0x0161b034]sys_lwmutex warning: *** lwmutex created [] (attribute=0x22): sq_id = 109
HLE: W PPU[1] Thread (CPUThread)[0x0161b034]sys_lwmutex warning: *** lwmutex created [] (attribute=0x22): sq_id = 110
HLE: W PPU[1] Thread (CPUThread)[0x0161b034]sys_lwmutex warning: *** lwmutex created [] (attribute=0x22): sq_id = 111
HLE: W PPU[1] Thread (CPUThread)[0x0161b034]sys_lwmutex warning: *** lwmutex created [] (attribute=0x22): sq_id = 112
HLE: W PPU[1] Thread (CPUThread)[0x0161b034]sys_lwmutex warning: *** lwmutex created [] (attribute=0x22): sq_id = 113
HLE: W PPU[1] Thread (CPUThread)[0x0161b034]sys_lwmutex warning: *** lwmutex created [] (attribute=0x22): sq_id = 114
PPU: ! PPU[1] Thread (CPUThread)[0x0161b01c]*** New PPU Thread [SimplePacketClientData] (flags=0x1, entry=0xee3c20): id = 115
HLE: W PPU[1] Thread (CPUThread)[0x0161b034]sys_lwmutex warning: *** lwmutex created [] (attribute=0x22): sq_id = 116
HLE: W PPU[1] Thread (CPUThread)[0x0161b034]sys_lwmutex warning: *** lwmutex created [] (attribute=0x22): sq_id = 117
HLE: W PPU[1] Thread (CPUThread)[0x0161b034]sys_lwmutex warning: *** lwmutex created [] (attribute=0x22): sq_id = 118
HLE: W PPU[1] Thread (CPUThread)[0x0161b034]sys_lwmutex warning: *** lwmutex created [] (attribute=0x22): sq_id = 119
PPU: ! PPU[1] Thread (CPUThread)[0x0161b01c]*** New PPU Thread [FileSystemThread] (flags=0x1, entry=0xee3c20): id = 120
HLE: W PPU[1] Thread (CPUThread)[0x0161b034]sys_lwmutex warning: *** lwmutex created [] (attribute=0x22): sq_id = 121
HLE: W PPU[1] Thread (CPUThread)[0x015f30dc]cellSysutil warning: cellSysutilRegisterCallback(slot=0, func_addr=0xee3c40, userdata=0x0)
HLE: W PPU[1] Thread (CPUThread)[0x015f7010]cellSysmodule warning: cellSysmoduleLoadModule(CELL_SYSMODULE_SYSUTIL_GAME)
HLE: W PPU[1] Thread (CPUThread)[0x015fb034]cellGame warning: cellGameBootCheck(type_addr=0x31c2e000, attributes_addr=0x31c2e004, size_addr=0xd000fac0, dirName_addr=0x31c2e008)
HLE: W PPU[1] Thread (CPUThread)[0x015fb010]cellGame warning: cellGameContentPermit(contentInfoPath_addr=0xd000fad0, usrdirPath_addr=0xd000fb50)
HLE: W PPU[1] Thread (CPUThread)[0x015f7004]cellSysmodule warning: cellSysmoduleUnloadModule(CELL_SYSMODULE_SYSUTIL_GAME)
HLE: W PPU[1] Thread (CPUThread)[0x00eaf01c]cellGcmSys warning: cellGcmInit(context_addr=0x155e888,cmdSize=0x200000,ioSize=0x1a00000,ioAddress=0x31a00000)
HLE: W PPU[1] Thread (CPUThread)[0x00eaf01c]cellGcmSys warning: *** local memory(addr=0xc0000000, size=0xf900000)
HLE: W PPU[1] Thread (CPUThread)[0x00eaf01c]cellGcmSys warning: cellGcmInit(): 256MB io address space used
HLE: W PPU[1] Thread (CPUThread)[0x00eaf01c]cellGcmSys warning: cellGcmMapEaIoAddress(ea=0x31a00000, io=0x0, size=0x1a00000)
RSX: ! RSXThreadRSX thread started
HLE: W PPU[1] Thread (CPUThread)[0x00eaf0ac]cellGcmSys warning: cellGcmMapMainMemory(ea=0x30200000,size=0x1800000,offset_addr=0xd00108f0)
HLE: W PPU[1] Thread (CPUThread)[0x015f3088]cellSysutil warning: cellVideoOutGetNumberOfDevice(videoOut=0)
HLE: W PPU[1] Thread (CPUThread)[0x00eaf0ac]cellGcmSys warning: cellGcmMapMainMemory(ea=0x31a00000,size=0x1a00000,offset_addr=0x154730c)
HLE: W PPU[1] Thread (CPUThread)[0x015f7010]cellSysmodule warning: cellSysmoduleLoadModule(CELL_SYSMODULE_FS)
HLE: W PPU[1] Thread (CPUThread)[0x015f7010]cellSysmodule warning: cellSysmoduleLoadModule(CELL_SYSMODULE_RTC)
HLE: W PPU[1] Thread (CPUThread)[0x015f7010]cellSysmodule warning: cellSysmoduleLoadModule(CELL_SYSMODULE_NET)
HLE: W PPU[1] Thread (CPUThread)[0x015f7010]cellSysmodule warning: cellSysmoduleLoadModule(CELL_SYSMODULE_JPGENC)
HLE: W PPU[1] Thread (CPUThread)[0x015f7010]cellSysmodule warning: cellSysmoduleLoadModule(CELL_SYSMODULE_PNGENC)
HLE: W PPU[1] Thread (CPUThread)[0x015f7010]cellSysmodule warning: cellSysmoduleLoadModule(CELL_SYSMODULE_PNGDEC)
HLE: W PPU[1] Thread (CPUThread)[0x015f7010]cellSysmodule warning: cellSysmoduleLoadModule(CELL_SYSMODULE_SYSUTIL_OSK_EXT)
HLE: W PPU[1] Thread (CPUThread)[0x015f7010]cellSysmodule warning: cellSysmoduleLoadModule(CELL_SYSMODULE_SYSUTIL_LICENSEAREA)
HLE: W PPU[1] Thread (CPUThread)[0x015f7010]cellSysmodule warning: cellSysmoduleLoadModule(CELL_SYSMODULE_PHOTO_EXPORT)
HLE: W PPU[1] Thread (CPUThread)[0x0161b034]sys_lwmutex warning: *** lwmutex created [] (attribute=0x22): sq_id = 122
HLE: W PPU[1] Thread (CPUThread)[0x0161b034]sys_lwmutex warning: *** lwmutex created [] (attribute=0x22): sq_id = 123
HLE: W PPU[1] Thread (CPUThread)[0x0161b034]sys_lwmutex warning: *** lwmutex created [] (attribute=0x22): sq_id = 124
HLE: W PPU[1] Thread (CPUThread)[0x0161b034]sys_lwmutex warning: *** lwmutex created [] (attribute=0x22): sq_id = 125
HLE: W PPU[1] Thread (CPUThread)[0x0161b034]sys_lwmutex warning: *** lwmutex created [] (attribute=0x22): sq_id = 126
HLE: W PPU[1] Thread (CPUThread)[0x0161b034]sys_lwmutex warning: *** lwmutex created [] (attribute=0x22): sq_id = 127
HLE: W PPU[1] Thread (CPUThread)[0x0161b034]sys_lwmutex warning: *** lwmutex created [] (attribute=0x22): sq_id = 128
HLE: W PPU[1] Thread (CPUThread)[0x0161b034]sys_lwmutex warning: *** lwmutex created [] (attribute=0x22): sq_id = 129
HLE: W PPU[1] Thread (CPUThread)[0x0161b034]sys_lwmutex warning: *** lwmutex created [] (attribute=0x22): sq_id = 130
HLE: W PPU[1] Thread (CPUThread)[0x0161b034]sys_lwmutex warning: *** lwmutex created [] (attribute=0x22): sq_id = 131
HLE: W PPU[1] Thread (CPUThread)[0x0161b034]sys_lwmutex warning: *** lwmutex created [] (attribute=0x22): sq_id = 132
HLE: W PPU[1] Thread (CPUThread)[0x0161b034]sys_lwmutex warning: *** lwmutex created [] (attribute=0x22): sq_id = 133
HLE: W PPU[1] Thread (CPUThread)[0x0161b034]sys_lwmutex warning: *** lwmutex created [] (attribute=0x22): sq_id = 134
HLE: W PPU[1] Thread (CPUThread)[0x0161b034]sys_lwmutex warning: *** lwmutex created [] (attribute=0x22): sq_id = 135
HLE: W PPU[1] Thread (CPUThread)[0x0161b034]sys_lwmutex warning: *** lwmutex created [] (attribute=0x22): sq_id = 136
HLE: W PPU[1] Thread (CPUThread)[0x0161b034]sys_lwmutex warning: *** lwmutex created [] (attribute=0x22): sq_id = 137
HLE: W PPU[1] Thread (CPUThread)[0x0161b034]sys_lwmutex warning: *** lwmutex created [] (attribute=0x22): sq_id = 138
HLE: W PPU[1] Thread (CPUThread)[0x0161b034]sys_lwmutex warning: *** lwmutex created [] (attribute=0x22): sq_id = 139
HLE: W PPU[1] Thread (CPUThread)[0x0161b034]sys_lwmutex warning: *** lwmutex created [] (attribute=0x22): sq_id = 140
HLE: W PPU[1] Thread (CPUThread)[0x0161b034]sys_lwmutex warning: *** lwmutex created [] (attribute=0x22): sq_id = 141
HLE: W PPU[1] Thread (CPUThread)[0x0161b034]sys_lwmutex warning: *** lwmutex created [] (attribute=0x22): sq_id = 142
HLE: W PPU[1] Thread (CPUThread)[0x0161b034]sys_lwmutex warning: *** lwmutex created [] (attribute=0x22): sq_id = 143
HLE: W PPU[1] Thread (CPUThread)[0x0161b034]sys_lwmutex warning: *** lwmutex created [] (attribute=0x22): sq_id = 144
HLE: W PPU[1] Thread (CPUThread)[0x0161b034]sys_lwmutex warning: *** lwmutex created [] (attribute=0x22): sq_id = 145
HLE: W PPU[1] Thread (CPUThread)[0x0161b034]sys_lwmutex warning: *** lwmutex created [] (attribute=0x22): sq_id = 146
HLE: W PPU[1] Thread (CPUThread)[0x0161b034]sys_lwmutex warning: *** lwmutex created [] (attribute=0x22): sq_id = 147
HLE: W PPU[1] Thread (CPUThread)[0x0161b034]sys_lwmutex warning: *** lwmutex created [] (attribute=0x22): sq_id = 148
HLE: W PPU[1] Thread (CPUThread)[0x0161b034]sys_lwmutex warning: *** lwmutex created [] (attribute=0x22): sq_id = 149
HLE: W PPU[1] Thread (CPUThread)[0x0161b034]sys_lwmutex warning: *** lwmutex created [] (attribute=0x22): sq_id = 150
HLE: W PPU[1] Thread (CPUThread)[0x0161b034]sys_lwmutex warning: *** lwmutex created [] (attribute=0x22): sq_id = 151
HLE: W PPU[1] Thread (CPUThread)[0x0161b034]sys_lwmutex warning: *** lwmutex created [] (attribute=0x22): sq_id = 152
HLE: W PPU[1] Thread (CPUThread)[0x0161b034]sys_lwmutex warning: *** lwmutex created [] (attribute=0x22): sq_id = 153
HLE: W PPU[1] Thread (CPUThread)[0x0161b034]sys_lwmutex warning: *** lwmutex created [] (attribute=0x22): sq_id = 154
HLE: W PPU[1] Thread (CPUThread)[0x0161b034]sys_lwmutex warning: *** lwmutex created [] (attribute=0x22): sq_id = 155
HLE: W PPU[1] Thread (CPUThread)[0x00eaf004]cellGcmSys warning: cellGcmGetTiledPitchSize(size=5120)
HLE: W PPU[1] Thread (CPUThread)[0x00eaf004]cellGcmSys warning: cellGcmGetTiledPitchSize(size=5120)
HLE: W PPU[1] Thread (CPUThread)[0x00eaf0f4]cellGcmSys warning: cellGcmSetTileInfo(index=0, location=0, offset=253165568, size=7864320, pitch=5120, comp=7, base=48, bank=0)
HLE: E PPU[1] Thread (CPUThread)[0x00eaf0f4]cellGcmSys error: cellGcmSetTileInfo: bad compression mode! (7)
HLE: W PPU[1] Thread (CPUThread)[0x00eaf04c]cellGcmSys warning: cellGcmBindTile(index=0)
HLE: W PPU[1] Thread (CPUThread)[0x00eaf0f4]cellGcmSys warning: cellGcmSetTileInfo(index=1, location=0, offset=249233408, size=3932160, pitch=5120, comp=9, base=192, bank=3)
HLE: E PPU[1] Thread (CPUThread)[0x00eaf0f4]cellGcmSys error: cellGcmSetTileInfo: bad compression mode! (9)
HLE: W PPU[1] Thread (CPUThread)[0x00eaf04c]cellGcmSys warning: cellGcmBindTile(index=1)
HLE: W PPU[1] Thread (CPUThread)[0x00eaf004]cellGcmSys warning: cellGcmGetTiledPitchSize(size=5120)
HLE: W PPU[1] Thread (CPUThread)[0x00eaf004]cellGcmSys warning: cellGcmGetTiledPitchSize(size=5120)
HLE: W PPU[1] Thread (CPUThread)[0x015f3010]cellSysutil warning: cellVideoOutConfigure(videoOut=0, config_addr=0xd0010a70, option_addr=0x0, waitForEvent=0x0)
HLE: W PPU[1] Thread (CPUThread)[0x00eaf058]cellGcmSys warning: cellGcmSetFlipMode(mode=2)
HLE: W PPU[1] Thread (CPUThread)[0x00eaf010]cellGcmSys warning: cellGcmSetUserHandler(handler_addr=0xee3c38)
HLE: W PPU[1] Thread (CPUThread)[0x00eaf0b8]cellGcmSys warning: cellGcmSetFlipHandler(handler_addr=15613008)
HLE: W PPU[1] Thread (CPUThread)[0x00eaf0e8]cellGcmSys warning: cellGcmSetVBlankHandler(handler_addr=0xee3c48)
HLE: E PPU[1] Thread (CPUThread)[0x015ff01c]cellNetCtl error: Unimplemented function: cellNetCtlInit
HLE: W PPU[1] Thread (CPUThread)[0x015f30dc]cellSysutil warning: cellSysutilRegisterCallback(slot=0, func_addr=0xee3c40, userdata=0x0)
HLE: W PPU[1] Thread (CPUThread)[0x007ca448]sys_spu warning: sys_spu_initialize(max_usable_spu=6, max_raw_spu=0)
HLE: W PPU[1] Thread (CPUThread)[0x0161b094]sysPrxForUser warning: sys_ppu_thread_once(once_ctrl_addr=0x15bdbdc, entry=0xeef290)
HLE: W PPU[156] Thread (CPUThread)[0x0161b034]sys_lwmutex warning: *** lwmutex created [_lc_spf] (attribute=0x22): sq_id = 157
HLE: W PPU[1] Thread (CPUThread)[0x01605088]cellSpurs warning: _cellSpursAttributeInitialize(attr_addr=0xd000fc90, nSpus=2, spuPriority=3211264, ppuPriority=5, exitIfNoWork=250)
HLE: W PPU[1] Thread (CPUThread)[0x01605010]cellSpurs warning: cellSpursAttributeSetNamePrefix(attr_addr=0xd000fc90, prefix_addr=0xe01008, size=0x9)
HLE: E PPU[1] Thread (CPUThread)[0x0160501c]cellSpurs error: cellSpursAttributeEnableSpuPrintfIfAvailable(attr_addr=0xd000fc90)
HLE: W PPU[1] Thread (CPUThread)[0x016050ac]cellSpurs warning: cellSpursAttributeSetSpuThreadGroupType(attr_addr=0xd000fc90, type=24)
HLE: W PPU[1] Thread (CPUThread)[0x016050b8]cellSpurs warning: cellSpursInitializeWithAttribute(spurs_addr=0x32724780, spurs_addr=0xd000fc90)
HLE: W PPU[1] Thread (CPUThread)[0x01605088]cellSpurs warning: _cellSpursAttributeInitialize(attr_addr=0xd000fe90, nSpus=2, spuPriority=3211264, ppuPriority=1, exitIfNoWork=250)
HLE: W PPU[1] Thread (CPUThread)[0x01605010]cellSpurs warning: cellSpursAttributeSetNamePrefix(attr_addr=0xd000fe90, prefix_addr=0xe01040, size=0x9)
HLE: E PPU[1] Thread (CPUThread)[0x0160501c]cellSpurs error: cellSpursAttributeEnableSpuPrintfIfAvailable(attr_addr=0xd000fe90)
HLE: W PPU[1] Thread (CPUThread)[0x016050ac]cellSpurs warning: cellSpursAttributeSetSpuThreadGroupType(attr_addr=0xd000fe90, type=0)
HLE: W PPU[1] Thread (CPUThread)[0x016050b8]cellSpurs warning: cellSpursInitializeWithAttribute(spurs_addr=0x32725800, spurs_addr=0xd000fe90)
HLE: E PPU[1] Thread (CPUThread)[0x01605028]cellSpurs error: Unimplemented function: _cellSpursTasksetAttributeInitialize
HLE: E PPU[1] Thread (CPUThread)[0x01605058]cellSpurs error: Unimplemented function: cellSpursTasksetAttributeSetName
HLE: E PPU[1] Thread (CPUThread)[0x0160507c]TODO: cellSpursTasksetAttributeSetTasksetSize
HLE: E PPU[1] Thread (CPUThread)[0x016050d0]cellSpurs error: Unimplemented function: cellSpursCreateTasksetWithAttribute
HLE: E PPU[1] Thread (CPUThread)[0x01605028]cellSpurs error: Unimplemented function: _cellSpursTasksetAttributeInitialize
HLE: E PPU[1] Thread (CPUThread)[0x01605058]cellSpurs error: Unimplemented function: cellSpursTasksetAttributeSetName
HLE: E PPU[1] Thread (CPUThread)[0x0160507c]TODO: cellSpursTasksetAttributeSetTasksetSize
HLE: E PPU[1] Thread (CPUThread)[0x016050d0]cellSpurs error: Unimplemented function: cellSpursCreateTasksetWithAttribute
HLE: E PPU[1] Thread (CPUThread)[0x01605028]cellSpurs error: Unimplemented function: _cellSpursTasksetAttributeInitialize
HLE: E PPU[1] Thread (CPUThread)[0x01605058]cellSpurs error: Unimplemented function: cellSpursTasksetAttributeSetName
HLE: E PPU[1] Thread (CPUThread)[0x0160507c]TODO: cellSpursTasksetAttributeSetTasksetSize
HLE: E PPU[1] Thread (CPUThread)[0x016050d0]cellSpurs error: Unimplemented function: cellSpursCreateTasksetWithAttribute
HLE: E PPU[1] Thread (CPUThread)[0x01605028]cellSpurs error: Unimplemented function: _cellSpursTasksetAttributeInitialize
HLE: E PPU[1] Thread (CPUThread)[0x01605058]cellSpurs error: Unimplemented function: cellSpursTasksetAttributeSetName
HLE: E PPU[1] Thread (CPUThread)[0x0160507c]TODO: cellSpursTasksetAttributeSetTasksetSize
HLE: E PPU[1] Thread (CPUThread)[0x016050d0]cellSpurs error: Unimplemented function: cellSpursCreateTasksetWithAttribute
HLE: E PPU[1] Thread (CPUThread)[0x01605028]cellSpurs error: Unimplemented function: _cellSpursTasksetAttributeInitialize
HLE: E PPU[1] Thread (CPUThread)[0x01605058]cellSpurs error: Unimplemented function: cellSpursTasksetAttributeSetName
HLE: E PPU[1] Thread (CPUThread)[0x0160507c]TODO: cellSpursTasksetAttributeSetTasksetSize
HLE: E PPU[1] Thread (CPUThread)[0x016050d0]cellSpurs error: Unimplemented function: cellSpursCreateTasksetWithAttribute
HLE: W PPU[1] Thread (CPUThread)[0x015f30dc]cellSysutil warning: cellSysutilRegisterCallback(slot=1, func_addr=0xee3c18, userdata=0x0)
PPU: ! PPU[1] Thread (CPUThread)[0x0161b01c]*** New PPU Thread [PS3_SysCacheThread] (flags=0x0, entry=0xee3c10): id = 158
HLE: W PPU[1] Thread (CPUThread)[0x007c6044]sys_event warning: sys_event_flag_create(eflag_id_addr=0x32737aa4, attr_addr=0xd0010ac0, init=0x1)
HLE: W PPU[1] Thread (CPUThread)[0x007c6044]sys_event warning: *** event_flag created [qTskDon] (protocol=0x1, type=0x10000): id = 159
HLE: W PPU[1] Thread (CPUThread)[0x007c6074]sys_event warning: sys_event_flag_create(eflag_id_addr=0x32737aa0, attr_addr=0xd0010ac0, init=0x0)
HLE: W PPU[1] Thread (CPUThread)[0x007c6074]sys_event warning: *** event_flag created [qTskSyn] (protocol=0x1, type=0x10000): id = 160
HLE: W PPU[1] Thread (CPUThread)[0x007c60b4]sys_event warning: sys_event_flag_create(eflag_id_addr=0x32737aa8, attr_addr=0xd0010ac0, init=0x1)
HLE: W PPU[1] Thread (CPUThread)[0x007c60b4]sys_event warning: *** event_flag created [qTskSle] (protocol=0x1, type=0x10000): id = 161
HLE: E PPU[1] Thread (CPUThread)[0x01605004]cellSpurs error: Unimplemented function: _cellSpursLFQueueInitialize
HLE: E PPU[1] Thread (CPUThread)[0x01605034]cellSpurs error: Unimplemented function: cellSpursLFQueueAttachLv2EventQueue
HLE: E PPU[1] Thread (CPUThread)[0x01605070]cellSpurs error: Unimplemented function: _cellSpursLFQueuePushBody
PPU: ! PPU[1] Thread (CPUThread)[0x0161b01c]*** New PPU Thread [qTaskManager_WorkerThread] (flags=0x1, entry=0xee3c08): id = 162
HLE: E PPU[162] Thread (qTaskManager_WorkerThread)[0x0160504c]cellSpurs error: Unimplemented function: _cellSpursLFQueuePopBody
MEM: E PPU[162] Thread (qTaskManager_WorkerThread)[0x007c69cc]Read32 from null block: [0000001c]
MEM: E PPU[162] Thread (qTaskManager_WorkerThread)[0x007c69dc]Read32 from null block: [00000008]
MEM: E PPU[162] Thread (qTaskManager_WorkerThread)[0x007c6a04]Read64 from null block: [00000038]
PPU: E PPU[162] Thread (qTaskManager_WorkerThread)[0x007c6a0c]Exception: GetMemFromAddr(0x38)
HLE: W PPU[1] Thread (CPUThread)[0x015f5040]sys_fs warning: cellFsStat: "/dev_hdd0/game/NPEA00291/USRDIR/HOSTINFO.XML" not found.
HLE: W PPU[1] Thread (CPUThread)[0x015f301c]cellSysutilCheckCallback() aborted
RSX: W RSXThreadRSX thread aborted
HLE: W VBlank threadCallback::Branch() aborted
HLE: W PPU[2] Thread (Callback)[0x015f301c]cellSysutilCheckCallback() aborted
RSX: W VBlank threadVBlank thread aborted
HLE: W PPU[120] Thread (FileSystemThread)[0x015f301c]cellSysutilCheckCallback() aborted
HLE: ! All threads stopped...
MEM: ! Closing memory...
