HLE: ! path: /dev_hdd0/game/
HLE: W No pause.bin found, Auto Pause will not work.
HLE: W No pause.bin found, Auto Pause will not work.
LDR: ! Loading 'D:\Emulateurs\Rpcs3\dev_hdd0\game\NPEA00014/USRDIR/BOOT.BIN'...
LDR: !  
LDR: ! Mount info:
LDR: ! /dev_hdd0/ -> ./dev_hdd0/
LDR: ! /dev_hdd1/ -> ./dev_hdd1/
LDR: ! /dev_flash/ -> ./dev_flash/
LDR: ! /dev_usb000/ -> ./dev_usb000/
LDR: ! /dev_usb/ -> ./dev_usb000/
LDR: ! /app_home/ -> D:\Emulateurs\Rpcs3\dev_hdd0\game\NPEA00014/
LDR: ! /dev_bdvd/ -> D:\Emulateurs\Rpcs3\dev_hdd0\game\NPEA00014//../
LDR: ! /host_root/ -> 
LDR: ! /app_home/PS3_GAME/USRDIR/ -> D:\Emulateurs\Rpcs3\dev_hdd0\game\NPEA00014//USRDIR/
LDR: ! /dev_flash2/ -> ./dev_flash2/
LDR: ! /app_home/Game/PS3_GAME/USRDIR/ -> D:\Emulateurs\Rpcs3\dev_hdd0\game\NPEA00014//USRDIR/
LDR: ! //dev_hdd0/ -> ./dev_hdd0/
LDR: ! / -> D:\Emulateurs\Rpcs3\dev_hdd0\game\NPEA00014//USRDIR/
LDR: !  
LDR: ! Title: SUPER STARDUSTâ„¢ HD
LDR: ! Serial: NPEA00014
LDR: !  
MEM: ! Initializing memory: m_base_addr = 0x1cb4ce0000
MEM: ! Memory initialized.
LDR: ! Imported function 'cellRescGcmSurface2RescSrc' in 'cellResc' module
LDR: ! Imported function 'cellRescSetWaitFlip' in 'cellResc' module
LDR: ! Imported function 'cellRescSetDsts' in 'cellResc' module
LDR: ! Imported function 'cellRescResetFlipStatus' in 'cellResc' module
LDR: ! Imported function 'cellRescSetDisplayMode' in 'cellResc' module
LDR: ! Imported function 'cellRescSetConvertAndFlip' in 'cellResc' module
LDR: ! Imported function 'cellRescExit' in 'cellResc' module
LDR: ! Imported function 'cellRescSetFlipHandler' in 'cellResc' module
LDR: ! Imported function 'cellRescInit' in 'cellResc' module
LDR: ! Imported function 'cellRescGetBufferSize' in 'cellResc' module
LDR: ! Imported function 'cellRescSetSrc' in 'cellResc' module
LDR: ! Imported function 'cellRescSetBufferAddress' in 'cellResc' module
LDR: ! Imported function 'cellRescGetFlipStatus' in 'cellResc' module
LDR: ! Imported function 'cellRescSetVBlankHandler' in 'cellResc' module
LDR: ! Imported function 'cellRescCreateInterlaceTable' in 'cellResc' module
LDR: ! Imported function 'cellSysmoduleUnloadModule' in 'cellSysmodule' module
LDR: ! Imported function 'cellSysmoduleLoadModule' in 'cellSysmodule' module
LDR: ! Imported function 'cellSysmoduleInitialize' in 'cellSysmodule' module
LDR: ! Imported function 'cellSysmoduleFinalize' in 'cellSysmodule' module
LDR: ! Imported function 'cellGcmGetTiledPitchSize' in 'cellGcmSys' module
LDR: ! Imported function 'cellGcmSetUserHandler' in 'cellGcmSys' module
LDR: ! Imported function 'cellGcmGetDisplayInfo' in 'cellGcmSys' module
LDR: ! Imported function '_cellGcmInitBody' in 'cellGcmSys' module
LDR: ! Imported function '_cellGcmSetFlipCommand' in 'cellGcmSys' module
LDR: ! Imported function 'cellGcmAddressToOffset' in 'cellGcmSys' module
LDR: ! Imported function '_cellGcmFunc15' in 'cellGcmSys' module
LDR: ! Imported function 'cellGcmBindTile' in 'cellGcmSys' module
LDR: ! Imported function 'cellGcmSetFlipMode' in 'cellGcmSys' module
LDR: ! Imported function 'cellGcmGetDefaultCommandWordSize' in 'cellGcmSys' module
LDR: ! Imported function 'cellGcmGetFlipStatus' in 'cellGcmSys' module
LDR: ! Imported function 'cellGcmGetDefaultSegmentWordSize' in 'cellGcmSys' module
LDR: ! Imported function 'cellGcmSetDefaultFifoSize' in 'cellGcmSys' module
LDR: ! Imported function 'cellGcmSetFlipHandler' in 'cellGcmSys' module
LDR: ! Imported function 'cellGcmSetDisplayBuffer' in 'cellGcmSys' module
LDR: ! Imported function 'cellGcmGetControlRegister' in 'cellGcmSys' module
LDR: ! Imported function 'cellGcmSetVBlankHandler' in 'cellGcmSys' module
LDR: ! Imported function 'cellGcmResetFlipStatus' in 'cellGcmSys' module
LDR: ! Imported function 'cellGcmSetDefaultCommandBuffer' in 'cellGcmSys' module
LDR: ! Imported function 'cellGcmSetTileInfo' in 'cellGcmSys' module
LDR: ! Imported function 'cellGcmSetGraphicsHandler' in 'cellGcmSys' module
LDR: ! Imported function 'cellGcmSetZcull' in 'cellGcmSys' module
LDR: ! Imported function '_cellGcmSetFlipCommandWithWaitLabel' in 'cellGcmSys' module
LDR: ! Imported function 'cellGcmUnbindTile' in 'cellGcmSys' module
LDR: ! Imported function 'cellGcmGetConfiguration' in 'cellGcmSys' module
LDR: ! Imported function 'cellGcmGetLabelAddress' in 'cellGcmSys' module
LDR: ! Imported function 'cellGcmSetVBlankFrequency' in 'cellGcmSys' module
LDR: ! Imported function 'sys_lwmutex_lock' in 'sysPrxForUser' module
LDR: ! Imported function 'sys_lwmutex_unlock' in 'sysPrxForUser' module
LDR: ! Imported function 'sys_ppu_thread_create' in 'sysPrxForUser' module
LDR: ! Imported function '_sys_process_atexitspawn' in 'sysPrxForUser' module
LDR: ! Imported function 'sys_lwmutex_create' in 'sysPrxForUser' module
LDR: ! Imported function 'sys_ppu_thread_get_id' in 'sysPrxForUser' module
LDR: ! Imported function 'sys_prx_register_library' in 'sysPrxForUser' module
LDR: ! Imported function 'sys_initialize_tls' in 'sysPrxForUser' module
LDR: ! Imported function 'sys_time_get_system_time' in 'sysPrxForUser' module
LDR: ! Imported function '_sys_process_at_Exitspawn' in 'sysPrxForUser' module
LDR: ! Imported function 'sys_prx_exitspawn_with_level' in 'sysPrxForUser' module
LDR: ! Imported function 'sys_ppu_thread_exit' in 'sysPrxForUser' module
LDR: ! Imported function 'sys_lwmutex_destroy' in 'sysPrxForUser' module
LDR: ! Imported function 'sys_spu_image_close' in 'sysPrxForUser' module
LDR: ! Imported function 'sys_process_exit' in 'sysPrxForUser' module
LDR: ! Imported function 'sys_spu_image_import' in 'sysPrxForUser' module
LDR: ! Imported function 'cellFsClose' in 'sys_fs' module
LDR: ! Imported function 'cellFsRead' in 'sys_fs' module
LDR: ! Imported function 'cellFsOpen' in 'sys_fs' module
LDR: ! Imported function 'cellFsStat' in 'sys_fs' module
LDR: ! Imported function 'cellFsLseek' in 'sys_fs' module
LDR: ! Imported function 'cellFsMkdir' in 'sys_fs' module
LDR: ! Imported function 'cellFsWrite' in 'sys_fs' module
LDR: ! Imported function 'cellFsFstat' in 'sys_fs' module
LDR: ! Imported function 'cellPadInit' in 'sys_io' module
LDR: ! Imported function 'cellKbClearBuf' in 'sys_io' module
LDR: ! Imported function 'cellKbInit' in 'sys_io' module
LDR: ! Imported function 'cellPadEnd' in 'sys_io' module
LDR: ! Imported function 'cellPadSetPortSetting' in 'sys_io' module
LDR: ! Imported function 'cellPadGetData' in 'sys_io' module
LDR: ! Imported function 'cellKbSetCodeType' in 'sys_io' module
LDR: ! Imported function 'cellPadGetInfo2' in 'sys_io' module
LDR: ! Imported function 'cellKbEnd' in 'sys_io' module
LDR: ! Imported function 'cellKbSetReadMode' in 'sys_io' module
LDR: ! Imported function 'cellPadSetActDirect' in 'sys_io' module
LDR: ! Imported function 'cellKbRead' in 'sys_io' module
LDR: ! Imported function 'cellSysutilUnregisterCallback' in 'cellSysutil' module
LDR: ! Imported function 'cellVideoOutConfigure' in 'cellSysutil' module
LDR: ! Imported function 'cellSysutilCheckCallback' in 'cellSysutil' module
LDR: ! Imported function 'cellSysutilEnableBgmPlayback' in 'cellSysutil' module
LDR: ! Imported function 'cellMsgDialogOpenErrorCode' in 'cellSysutil' module
LDR: ! Imported function 'cellSysutilGetSystemParamInt' in 'cellSysutil' module
LDR: ! Imported function 'cellAudioOutConfigure' in 'cellSysutil' module
LDR: ! Imported function 'cellVideoOutGetNumberOfDevice' in 'cellSysutil' module
LDR: ! Imported function 'cellVideoOutGetState' in 'cellSysutil' module
LDR: ! Imported function 'cellSaveDataAutoSave2' in 'cellSysutil' module
LDR: ! Imported function 'cellSysutilRegisterCallback' in 'cellSysutil' module
LDR: ! Imported function 'cellSysutilGetBgmPlaybackStatus' in 'cellSysutil' module
LDR: ! Imported function 'cellVideoOutGetResolutionAvailability' in 'cellSysutil' module
LDR: ! Imported function 'cellAudioOutGetSoundAvailability' in 'cellSysutil' module
LDR: ! Imported function 'cellVideoOutGetResolution' in 'cellSysutil' module
LDR: W Unimplemented function 'cellSaveDataDelete2' in 'cellSysutil' module
LDR: ! Imported function 'cellSaveDataAutoLoad2' in 'cellSysutil' module
LDR: ! Imported function 'cellGameContentPermit' in 'cellGame' module
LDR: ! Imported function 'cellGameBootCheck' in 'cellGame' module
LDR: ! Imported function 'sceNpTrophyRegisterContext' in 'sceNpTrophy' module
LDR: ! Imported function 'sceNpTrophyCreateHandle' in 'sceNpTrophy' module
LDR: ! Imported function 'sceNpTrophyGetRequiredDiskSpace' in 'sceNpTrophy' module
LDR: ! Imported function 'sceNpTrophyDestroyContext' in 'sceNpTrophy' module
LDR: ! Imported function 'sceNpTrophyInit' in 'sceNpTrophy' module
LDR: ! Imported function 'sceNpTrophyDestroyHandle' in 'sceNpTrophy' module
LDR: ! Imported function 'sceNpTrophyUnlockTrophy' in 'sceNpTrophy' module
LDR: ! Imported function 'sceNpTrophyTerm' in 'sceNpTrophy' module
LDR: ! Imported function 'sceNpTrophyCreateContext' in 'sceNpTrophy' module
LDR: W Unknown module 'cellSysutilAvconfExt'
LDR: ! Imported function 'cellVideoOutGetScreenSize' in 'cellSysutilAvconfExt' module
LDR: ! Imported function 'cellNetCtlNetStartDialogLoadAsync' in 'cellNetCtl' module
LDR: ! Imported function 'cellNetCtlNetStartDialogUnloadAsync' in 'cellNetCtl' module
LDR: ! Imported function 'cellNetCtlTerm' in 'cellNetCtl' module
LDR: ! Imported function 'cellNetCtlGetInfo' in 'cellNetCtl' module
LDR: ! Imported function 'cellNetCtlGetState' in 'cellNetCtl' module
LDR: ! Imported function 'cellNetCtlInit' in 'cellNetCtl' module
LDR: ! Imported function '_cellSpursLFQueueInitialize' in 'cellSpurs' module
LDR: ! Imported function '_cellSpursTasksetAttributeInitialize' in 'cellSpurs' module
LDR: ! Imported function 'cellSpursLFQueueAttachLv2EventQueue' in 'cellSpurs' module
LDR: ! Imported function 'cellSpursEventFlagDetachLv2EventQueue' in 'cellSpurs' module
LDR: ! Imported function 'cellSpursEventFlagWait' in 'cellSpurs' module
LDR: ! Imported function 'cellSpursDetachLv2EventQueue' in 'cellSpurs' module
LDR: ! Imported function '_cellSpursEventFlagInitialize' in 'cellSpurs' module
LDR: ! Imported function 'cellSpursTasksetAttributeSetName' in 'cellSpurs' module
LDR: ! Imported function 'cellSpursLFQueueDetachLv2EventQueue' in 'cellSpurs' module
LDR: ! Imported function 'cellSpursEventFlagAttachLv2EventQueue' in 'cellSpurs' module
LDR: ! Imported function '_cellSpursLFQueuePushBody' in 'cellSpurs' module
LDR: W Unimplemented function 'cellSpursTasksetAttributeSetTasksetSize' in 'cellSpurs' module
LDR: ! Imported function 'cellSpursJoinTaskset' in 'cellSpurs' module
LDR: ! Imported function 'cellSpursShutdownTaskset' in 'cellSpurs' module
LDR: ! Imported function 'cellSpursInitialize' in 'cellSpurs' module
LDR: ! Imported function 'cellSpursAttachLv2EventQueue' in 'cellSpurs' module
LDR: ! Imported function 'cellSpursCreateTask' in 'cellSpurs' module
LDR: ! Imported function 'cellSpursCreateTasksetWithAttribute' in 'cellSpurs' module
LDR: ! Imported function 'cellSpursFinalize' in 'cellSpurs' module
LDR: ! Imported function 'cellAudioInit' in 'cellAudio' module
LDR: ! Imported function 'cellAudioPortClose' in 'cellAudio' module
LDR: ! Imported function 'cellAudioPortStop' in 'cellAudio' module
LDR: ! Imported function 'cellAudioGetPortConfig' in 'cellAudio' module
LDR: ! Imported function 'cellAudioPortStart' in 'cellAudio' module
LDR: ! Imported function 'cellAudioQuit' in 'cellAudio' module
LDR: ! Imported function 'cellAudioPortOpen' in 'cellAudio' module
LDR: ! Imported function 'sys_net_initialize_network_ex' in 'sys_net' module
LDR: ! Imported function 'listen' in 'sys_net' module
LDR: W Unimplemented function 'socketselect' in 'sys_net' module
LDR: ! Imported function '_sys_net_errno_loc' in 'sys_net' module
LDR: ! Imported function 'connect' in 'sys_net' module
LDR: ! Imported function 'socketclose' in 'sys_net' module
LDR: ! Imported function 'setsockopt' in 'sys_net' module
LDR: ! Imported function 'socket' in 'sys_net' module
LDR: ! Imported function 'bind' in 'sys_net' module
LDR: ! Imported function 'sys_net_finalize_network' in 'sys_net' module
LDR: ! Imported function 'accept' in 'sys_net' module
LDR: ! Imported function 'inet_addr' in 'sys_net' module
LDR: ! Imported function 'send' in 'sys_net' module
LDR: ! Imported function 'recv' in 'sys_net' module
LDR: W Unknown module 'cellHttp'
LDR: ! Imported function 'cellHttpCreateTransaction' in 'cellHttp' module
LDR: ! Imported function 'cellHttpResponseGetStatusCode' in 'cellHttp' module
LDR: ! Imported function 'cellHttpInit' in 'cellHttp' module
LDR: ! Imported function 'cellHttpDestroyTransaction' in 'cellHttp' module
LDR: ! Imported function 'cellHttpResponseGetContentLength' in 'cellHttp' module
LDR: ! Imported function 'cellHttpCreateClient' in 'cellHttp' module
LDR: ! Imported function 'cellHttpRecvResponse' in 'cellHttp' module
LDR: ! Imported function 'cellHttpDestroyClient' in 'cellHttp' module
LDR: ! Imported function 'cellHttpSendRequest' in 'cellHttp' module
LDR: ! Imported function 'cellHttpEnd' in 'cellHttp' module
LDR: W Unimplemented function 'cellHttpUtilParseUri' in 'cellHttpUtil' module
LDR: ! Imported function 'cellRtcSetTick' in 'cellRtc' module
LDR: ! Imported function 'cellRtcGetTime_t' in 'cellRtc' module
LDR: ! Imported function 'sceNpBasicGetFriendListEntry' in 'sceNp' module
LDR: ! Imported function 'sceNpScoreGetRankingByNpId' in 'sceNp' module
LDR: ! Imported function 'sceNpScoreRecordScore' in 'sceNp' module
LDR: ! Imported function 'sceNpScoreDestroyTitleCtx' in 'sceNp' module
LDR: ! Imported function 'sceNpScoreInit' in 'sceNp' module
LDR: ! Imported function 'sceNpTerm' in 'sceNp' module
LDR: ! Imported function 'sceNpManagerUnregisterCallback' in 'sceNp' module
LDR: ! Imported function 'sceNpManagerGetContentRatingFlag' in 'sceNp' module
LDR: ! Imported function 'sceNpScoreCreateTransactionCtx' in 'sceNp' module
LDR: ! Imported function 'sceNpManagerRequestTicket2' in 'sceNp' module
LDR: ! Imported function 'sceNpScoreTerm' in 'sceNp' module
LDR: ! Imported function 'sceNpManagerGetEntitlementById' in 'sceNp' module
LDR: ! Imported function 'sceNpManagerGetStatus' in 'sceNp' module
LDR: ! Imported function 'sceNpBasicUnregisterHandler' in 'sceNp' module
LDR: ! Imported function 'sceNpDrmIsAvailable' in 'sceNp' module
LDR: ! Imported function 'sceNpBasicGetFriendListEntryCount' in 'sceNp' module
LDR: ! Imported function 'sceNpManagerGetAccountRegion' in 'sceNp' module
LDR: ! Imported function 'sceNpManagerGetEntitlementIdList' in 'sceNp' module
LDR: ! Imported function 'sceNpScoreCreateTitleCtx' in 'sceNp' module
LDR: ! Imported function 'sceNpInit' in 'sceNp' module
LDR: ! Imported function 'sceNpManagerGetOnlineId' in 'sceNp' module
LDR: ! Imported function 'sceNpScoreDestroyTransactionCtx' in 'sceNp' module
LDR: ! Imported function 'sceNpManagerRegisterCallback' in 'sceNp' module
LDR: ! Imported function 'sceNpScoreAbortTransaction' in 'sceNp' module
LDR: ! Imported function 'sceNpScoreGetRankingByRange' in 'sceNp' module
LDR: ! Imported function 'sceNpManagerGetNpId' in 'sceNp' module
LDR: W Unknown module 'sceNpCommerce2'
LDR: ! Imported function 'sceNpCommerce2Init' in 'sceNpCommerce2' module
LDR: ! Imported function 'sceNpCommerce2Term' in 'sceNpCommerce2' module
LDR: ! Imported function 'sceNpCommerce2ExecuteStoreBrowse' in 'sceNpCommerce2' module
HLE: W {PPU[1] Thread (CPUThread)[0x00799034]} sys_lwmutex warning: *** lwmutex created [_lc_mtx] (attribute=0x12): sq_id = 3
HLE: W {PPU[1] Thread (CPUThread)[0x004a2da4]} memory warning: sys_memory_get_user_memory_size(mem_info_addr=0xd0010c04)
HLE: W {PPU[1] Thread (CPUThread)[0x00799034]} sys_lwmutex warning: *** lwmutex created [_lc_mtx] (attribute=0x12): sq_id = 4
HLE: W {PPU[1] Thread (CPUThread)[0x00799034]} sys_lwmutex warning: *** lwmutex created [_lc_mtx] (attribute=0x12): sq_id = 5
HLE: W {PPU[1] Thread (CPUThread)[0x00799034]} sys_lwmutex warning: *** lwmutex created [_lc_mtx] (attribute=0x12): sq_id = 6
HLE: W {PPU[1] Thread (CPUThread)[0x00799034]} sys_lwmutex warning: *** lwmutex created [_lc_mtx] (attribute=0x12): sq_id = 7
HLE: W {PPU[1] Thread (CPUThread)[0x00799034]} sys_lwmutex warning: *** lwmutex created [_lc_mtx] (attribute=0x12): sq_id = 8
HLE: W {PPU[1] Thread (CPUThread)[0x00799034]} sys_lwmutex warning: *** lwmutex created [_lc_mtx] (attribute=0x12): sq_id = 9
HLE: W {PPU[1] Thread (CPUThread)[0x00799034]} sys_lwmutex warning: *** lwmutex created [_lc_mtx] (attribute=0x12): sq_id = 10
HLE: W {PPU[1] Thread (CPUThread)[0x00799034]} sys_lwmutex warning: *** lwmutex created [_lc_mtx] (attribute=0x12): sq_id = 11
HLE: W {PPU[1] Thread (CPUThread)[0x00799034]} sys_lwmutex warning: *** lwmutex created [_lc_mtx] (attribute=0x12): sq_id = 12
TTY: Engine started
HLE: W {PPU[1] Thread (CPUThread)[0x002c9ba4]} sys_spu warning: sys_spu_initialize(max_usable_spu=6, max_raw_spu=0)
HLE: W {PPU[1] Thread (CPUThread)[0x00795010]} cellSysmodule warning: cellSysmoduleLoadModule(CELL_SYSMODULE_FS)
HLE: W {PPU[1] Thread (CPUThread)[0x00795010]} cellSysmodule warning: cellSysmoduleLoadModule(CELL_SYSMODULE_RTC)
HLE: W {PPU[1] Thread (CPUThread)[0x00795010]} cellSysmodule warning: cellSysmoduleLoadModule(CELL_SYSMODULE_NET)
HLE: W {PPU[1] Thread (CPUThread)[0x00795010]} cellSysmodule warning: cellSysmoduleLoadModule(CELL_SYSMODULE_NETCTL)
HLE: W {PPU[1] Thread (CPUThread)[0x00795010]} cellSysmodule warning: cellSysmoduleLoadModule(CELL_SYSMODULE_HTTP)
HLE: W {PPU[1] Thread (CPUThread)[0x00795010]} cellSysmodule warning: cellSysmoduleLoadModule(CELL_SYSMODULE_ATRAC3PLUS)
HLE: W {PPU[1] Thread (CPUThread)[0x00795010]} cellSysmodule warning: cellSysmoduleLoadModule(CELL_SYSMODULE_LV2DBG)
HLE: W {PPU[1] Thread (CPUThread)[0x00795010]} cellSysmodule warning: cellSysmoduleLoadModule(CELL_SYSMODULE_SYSUTIL_MUSIC)
HLE: W {PPU[1] Thread (CPUThread)[0x00795010]} cellSysmodule warning: cellSysmoduleLoadModule(CELL_SYSMODULE_SYSUTIL_GAME)
HLE: W {PPU[1] Thread (CPUThread)[0x00795010]} cellSysmodule warning: cellSysmoduleLoadModule(CELL_SYSMODULE_AVCONF_EXT)
HLE: W {PPU[1] Thread (CPUThread)[0x00795010]} cellSysmodule warning: cellSysmoduleLoadModule(CELL_SYSMODULE_RESC)
HLE: W {PPU[1] Thread (CPUThread)[0x00795010]} cellSysmodule warning: cellSysmoduleLoadModule(CELL_SYSMODULE_SYSUTIL_USERINFO)
HLE: W {PPU[1] Thread (CPUThread)[0x00795010]} cellSysmodule warning: cellSysmoduleLoadModule(CELL_SYSMODULE_SYSUTIL_NP_TROPHY)
HLE: W {PPU[1] Thread (CPUThread)[0x00795010]} cellSysmodule warning: cellSysmoduleLoadModule(CELL_SYSMODULE_SYSUTIL_NP2)
HLE: W {PPU[1] Thread (CPUThread)[0x00795010]} cellSysmodule warning: cellSysmoduleLoadModule(CELL_SYSMODULE_SYSUTIL_NP_TUS)
HLE: W {PPU[1] Thread (CPUThread)[0x00795010]} cellSysmodule warning: cellSysmoduleLoadModule(CELL_SYSMODULE_PAMF)
HLE: W {PPU[1] Thread (CPUThread)[0x00795010]} cellSysmodule warning: cellSysmoduleLoadModule(CELL_SYSMODULE_SAIL)
HLE: W {PPU[1] Thread (CPUThread)[0x00795010]} cellSysmodule warning: cellSysmoduleLoadModule(CELL_SYSMODULE_SYSUTIL_NP_COMMERCE2)
TTY: UDP LOG: =================================
TTY: UDP LOG: Modules loaded
TTY: Initialize SPURS
TTY: 
HLE: W {PPU[1] Thread (CPUThread)[0x009000ac]} cellSpurs warning: cellSpursInitialize(spurs_addr=0x30109600, nSpus=5, spuPriority=250, ppuPriority=4294967295, exitIfNoWork=0)
HLE: W {PPU[1] Thread (CPUThread)[0x002cbbd0]} sys_event warning: sys_event_queue_create(equeue_id_addr=0x8093f4, attr_addr=0xd00108e4, event_queue_key=0x0, size=8)
HLE: W {PPU[1] Thread (CPUThread)[0x002cbbd0]} sys_event warning: *** event_queue created [] (protocol=0x2, type=0x1): id = 13
PPU: ! {PPU[1] Thread (CPUThread)[0x0079901c]} *** New PPU Thread [spu_printf_handler] (flags=0x1, entry=0x7cc4d0): id = 14
HLE: W {PPU[1] Thread (CPUThread)[0x002cbc68]} sys_event warning: sys_event_port_create(eport_id_addr=0x809400, port_type=0x1, name=0xfee1dead)
HLE: W {PPU[1] Thread (CPUThread)[0x002cbc68]} sys_event warning: *** sys_event_port created: id = 15
HLE: W {PPU[1] Thread (CPUThread)[0x002cbc80]} sys_event warning: sys_event_port_connect_local(eport_id=15, equeue_id=13)
HLE: W {PPU[1] Thread (CPUThread)[0x009000b8]} cellSpurs warning: cellSpursAttachLv2EventQueue(spurs_addr=0x30109600, queue=0xd, port_addr=0xd00108e0, isDynamic=0)
TTY: UDP LOG: SPURS initialized
HLE: W {PPU[1] Thread (CPUThread)[0x0079f07c]} cellSysutil warning: cellSysutilRegisterCallback(slot=0, func_addr=0x7cc300, userdata=0x0)
HLE: W {PPU[1] Thread (CPUThread)[0x00799034]} sys_lwmutex warning: *** lwmutex created [] (attribute=0x12): sq_id = 16
HLE: W {PPU[1] Thread (CPUThread)[0x0079d01c]} sys_io warning: cellKbInit(max_connect=7)
HLE: W {PPU[1] Thread (CPUThread)[0x0079d004]} sys_io warning: cellPadInit(max_connect=7)
HLE: W {PPU[1] Thread (CPUThread)[0x0079f058]} cellSysutil warning: cellVideoOutGetNumberOfDevice(videoOut=0)
HLE: W {PPU[1] Thread (CPUThread)[0x0079f094]} cellSysutil warning: cellVideoOutGetResolutionAvailability(videoOut=0, resolutionId=0x1, option_addr=0x0, aspect=0x0, option=0xb568f0c9)
HLE: W {PPU[1] Thread (CPUThread)[0x0079f094]} cellSysutil warning: cellVideoOutGetResolutionAvailability(videoOut=0, resolutionId=0x81, option_addr=0x0, aspect=0x0, option=0x998fe538)
HLE: W {PPU[1] Thread (CPUThread)[0x0079f094]} cellSysutil warning: cellVideoOutGetResolutionAvailability(videoOut=0, resolutionId=0x91, option_addr=0x0, aspect=0x0, option=0x998fe538)
HLE: E {PPU[1] Thread (CPUThread)[0x008fc004]} TODO: cellVideoOutGetScreenSize
HLE: W {PPU[1] Thread (CPUThread)[0x0079f010]} cellSysutil warning: cellVideoOutConfigure(videoOut=0, config_addr=0xd0010ab0, option_addr=0x0, waitForEvent=0x0)
HLE: W {PPU[1] Thread (CPUThread)[0x00797028]} cellGcmSys warning: cellGcmInit(context_addr=0x8d2898,cmdSize=0x10000,ioSize=0x2e00000,ioAddress=0x30200000)
HLE: W {PPU[1] Thread (CPUThread)[0x00797028]} cellGcmSys warning: *** local memory(addr=0xc0000000, size=0xf900000)
HLE: W {PPU[1] Thread (CPUThread)[0x00797028]} cellGcmSys warning: cellGcmInit(): 256MB io address space used
HLE: W {PPU[1] Thread (CPUThread)[0x00797028]} cellGcmSys warning: cellGcmMapEaIoAddress(ea=0x30200000, io=0x0, size=0x2e00000)
RSX: ! {RSXThread} RSX thread started
HLE: W {PPU[1] Thread (CPUThread)[0x007970e8]} cellGcmSys warning: cellGcmSetTileInfo(index=0, location=0, offset=0, size=17825792, pitch=8192, comp=0, base=0, bank=0)
HLE: W {PPU[1] Thread (CPUThread)[0x00797058]} cellGcmSys warning: cellGcmBindTile(index=0)
HLE: W {PPU[1] Thread (CPUThread)[0x007970e8]} cellGcmSys warning: cellGcmSetTileInfo(index=1, location=0, offset=17825792, size=8912896, pitch=8192, comp=9, base=274, bank=2)
HLE: E {PPU[1] Thread (CPUThread)[0x007970e8]} cellGcmSys error: cellGcmSetTileInfo: bad compression mode! (9)
HLE: W {PPU[1] Thread (CPUThread)[0x00797058]} cellGcmSys warning: cellGcmBindTile(index=1)
HLE: E {PPU[1] Thread (CPUThread)[0x00797100]} cellGcmSys TODO: cellGcmSetZcull(index=0, offset=0x1100000, width=1920, height=1088, cullStart=0x0, zFormat=0x2, aaFormat=0x0, zCullDir=0x0, zCullFormat=0x1, sFunc=0x1, sRef=0x80, sMask=0xff)
HLE: W {PPU[1] Thread (CPUThread)[0x007970e8]} cellGcmSys warning: cellGcmSetTileInfo(index=2, location=0, offset=26738688, size=0, pitch=0, comp=0, base=274, bank=0)
HLE: W {PPU[1] Thread (CPUThread)[0x00797058]} cellGcmSys warning: cellGcmBindTile(index=2)
HLE: W {PPU[1] Thread (CPUThread)[0x007970e8]} cellGcmSys warning: cellGcmSetTileInfo(index=3, location=0, offset=26738688, size=0, pitch=0, comp=9, base=276, bank=2)
HLE: E {PPU[1] Thread (CPUThread)[0x007970e8]} cellGcmSys error: cellGcmSetTileInfo: bad compression mode! (9)
HLE: W {PPU[1] Thread (CPUThread)[0x00797058]} cellGcmSys warning: cellGcmBindTile(index=3)
HLE: E {PPU[1] Thread (CPUThread)[0x00797100]} cellGcmSys TODO: cellGcmSetZcull(index=1, offset=0x1980000, width=0, height=0, cullStart=0x0, zFormat=0x2, aaFormat=0x0, zCullDir=0x0, zCullFormat=0x1, sFunc=0x1, sRef=0x80, sMask=0xff)
HLE: W {PPU[1] Thread (CPUThread)[0x007970e8]} cellGcmSys warning: cellGcmSetTileInfo(index=4, location=0, offset=26738688, size=8912896, pitch=8192, comp=0, base=413, bank=0)
HLE: W {PPU[1] Thread (CPUThread)[0x00797058]} cellGcmSys warning: cellGcmBindTile(index=4)
HLE: W {PPU[1] Thread (CPUThread)[0x007970e8]} cellGcmSys warning: cellGcmSetTileInfo(index=5, location=0, offset=35651584, size=8912896, pitch=8192, comp=9, base=550, bank=2)
HLE: E {PPU[1] Thread (CPUThread)[0x007970e8]} cellGcmSys error: cellGcmSetTileInfo: bad compression mode! (9)
HLE: W {PPU[1] Thread (CPUThread)[0x00797058]} cellGcmSys warning: cellGcmBindTile(index=5)
HLE: E {PPU[1] Thread (CPUThread)[0x00797100]} cellGcmSys TODO: cellGcmSetZcull(index=2, offset=0x2200000, width=1920, height=1088, cullStart=0x0, zFormat=0x2, aaFormat=0x0, zCullDir=0x0, zCullFormat=0x1, sFunc=0x1, sRef=0x80, sMask=0xff)
HLE: W {PPU[1] Thread (CPUThread)[0x00797064]} cellGcmSys warning: cellGcmSetFlipMode(mode=2)
HLE: W {PPU[1] Thread (CPUThread)[0x00797010]} cellGcmSys warning: cellGcmSetUserHandler(handler_addr=0x7ce9d8)
HLE: W {PPU[1] Thread (CPUThread)[0x007970c4]} cellGcmSys warning: cellGcmSetVBlankHandler(handler_addr=0x7ce9d0)
HLE: W {PPU[1] Thread (CPUThread)[0x007970a0]} cellGcmSys warning: cellGcmSetFlipHandler(handler_addr=8186008)
HLE: E {PPU[1] Thread (CPUThread)[0x0079713c]} cellGcmSys TODO: cellGcmSetVBlankFrequency
HLE: W {PPU[1] Thread (CPUThread)[0x008f8010]} cellGame warning: cellGameBootCheck(type_addr=0xd0010980, attributes_addr=0xd0010984, size_addr=0xd0010988, dirName_addr=0x8090e8)
TTY: === STARTING HDD GAME INIT ===cellGameBootCheck, ret: 0 (0x0)
TTY:   Boot type: 2 (0x2)
TTY:   Attributes: 0 (0x0)
TTY:   Game dir name: NPEA00014
HLE: W {PPU[1] Thread (CPUThread)[0x008f8004]} cellGame warning: cellGameContentPermit(contentInfoPath_addr=0x8091e8, usrdirPath_addr=0x8092e8)
TTY: cellGameContentPermit, ret: 0 (0x0)
TTY:   Content dir name: /dev_hdd0/game/NPEA00014
TTY:   Usrdir dir name: /dev_hdd0/game/NPEA00014/USRDIR
TTY:   Final used game data path: /dev_hdd0/game/NPEA00014/USRDIR
HLE: W {PPU[1] Thread (CPUThread)[0x00799034]} sys_lwmutex warning: *** lwmutex created [] (attribute=0x12): sq_id = 17
HLE: W {PPU[1] Thread (CPUThread)[0x003aa8b8]} sys_semaphore warning: sys_semaphore_create(sem_addr=0x301fff28, attr_addr=0xd0010518, initial_count=0, max_count=65535)
HLE: ! {PPU[1] Thread (CPUThread)[0x003aa8b8]} *** semaphore created [] (protocol=0x2): id = 18
HLE: W {PPU[1] Thread (CPUThread)[0x003aa8b8]} sys_semaphore warning: sys_semaphore_create(sem_addr=0x301fff38, attr_addr=0xd0010518, initial_count=0, max_count=65535)
HLE: ! {PPU[1] Thread (CPUThread)[0x003aa8b8]} *** semaphore created [] (protocol=0x2): id = 19
HLE: W {PPU[1] Thread (CPUThread)[0x003aa8b8]} sys_semaphore warning: sys_semaphore_create(sem_addr=0x301fff48, attr_addr=0xd0010518, initial_count=0, max_count=65535)
HLE: ! {PPU[1] Thread (CPUThread)[0x003aa8b8]} *** semaphore created [] (protocol=0x2): id = 20
HLE: W {PPU[1] Thread (CPUThread)[0x003aa8b8]} sys_semaphore warning: sys_semaphore_create(sem_addr=0x301fff58, attr_addr=0xd0010518, initial_count=0, max_count=65535)
HLE: ! {PPU[1] Thread (CPUThread)[0x003aa8b8]} *** semaphore created [] (protocol=0x2): id = 21
HLE: W {PPU[1] Thread (CPUThread)[0x003aa8b8]} sys_semaphore warning: sys_semaphore_create(sem_addr=0x301fff68, attr_addr=0xd0010518, initial_count=0, max_count=65535)
HLE: ! {PPU[1] Thread (CPUThread)[0x003aa8b8]} *** semaphore created [] (protocol=0x2): id = 22
HLE: W {PPU[1] Thread (CPUThread)[0x003aa8b8]} sys_semaphore warning: sys_semaphore_create(sem_addr=0x301fff78, attr_addr=0xd0010518, initial_count=0, max_count=65535)
HLE: ! {PPU[1] Thread (CPUThread)[0x003aa8b8]} *** semaphore created [] (protocol=0x2): id = 23
HLE: W {PPU[1] Thread (CPUThread)[0x00799034]} sys_lwmutex warning: *** lwmutex created [] (attribute=0x12): sq_id = 24
PPU: ! {PPU[1] Thread (CPUThread)[0x0079901c]} *** New PPU Thread [Task_Bagger_Impl::Worker thread] (flags=0x1, entry=0x7d6390): id = 25
HLE: W {PPU[1] Thread (CPUThread)[0x00799034]} sys_lwmutex warning: *** lwmutex created [] (attribute=0x12): sq_id = 26
HLE: W {PPU[1] Thread (CPUThread)[0x003aa8b8]} sys_semaphore warning: sys_semaphore_create(sem_addr=0x330589c8, attr_addr=0xd0010288, initial_count=0, max_count=65535)
HLE: ! {PPU[1] Thread (CPUThread)[0x003aa8b8]} *** semaphore created [] (protocol=0x2): id = 27
HLE: W {PPU[1] Thread (CPUThread)[0x003aa8b8]} sys_semaphore warning: sys_semaphore_create(sem_addr=0x330589d8, attr_addr=0xd0010288, initial_count=0, max_count=65535)
HLE: ! {PPU[1] Thread (CPUThread)[0x003aa8b8]} *** semaphore created [] (protocol=0x2): id = 28
HLE: W {PPU[1] Thread (CPUThread)[0x003aa8b8]} sys_semaphore warning: sys_semaphore_create(sem_addr=0x330589e8, attr_addr=0xd0010288, initial_count=0, max_count=65535)
HLE: ! {PPU[1] Thread (CPUThread)[0x003aa8b8]} *** semaphore created [] (protocol=0x2): id = 29
PPU: ! {PPU[1] Thread (CPUThread)[0x0079901c]} *** New PPU Thread [Streamer loader thread] (flags=0x1, entry=0x7d6390): id = 30
HLE: W {PPU[1] Thread (CPUThread)[0x003aa8b8]} sys_semaphore warning: sys_semaphore_create(sem_addr=0x33158b18, attr_addr=0xd0010358, initial_count=0, max_count=65535)
HLE: ! {PPU[1] Thread (CPUThread)[0x003aa8b8]} *** semaphore created [] (protocol=0x2): id = 31
HLE: W {PPU[1] Thread (CPUThread)[0x00799034]} sys_lwmutex warning: *** lwmutex created [] (attribute=0x12): sq_id = 32
PPU: ! {PPU[1] Thread (CPUThread)[0x0079901c]} *** New PPU Thread [Streamer unpack thread] (flags=0x1, entry=0x7d6390): id = 33
RSX: W {RSXThread} TODO: NV4097_SET_WINDOW_OFFSET: x=0, y=0
RSX: W {RSXThread} TODO: NV4097_SET_ANTI_ALIASING_CONTROL: ffff0000
RSX: W {RSXThread} TODO: NV4097_CLEAR_REPORT_VALUE: ZCULL_STATS
RSX: W {RSXThread} TODO: NV4097_SET_WINDOW_OFFSET: x=0, y=0
RSX: W {RSXThread} TODO: NV4097_SET_ANTI_ALIASING_CONTROL: ffff0000
RSX: W {RSXThread} TODO: NV4097_CLEAR_REPORT_VALUE: ZCULL_STATS
RSX: W {RSXThread} TODO: NV4097_SET_WINDOW_OFFSET: x=0, y=0
RSX: W {RSXThread} TODO: NV4097_SET_ANTI_ALIASING_CONTROL: ffff0000
RSX: W {RSXThread} TODO: NV4097_CLEAR_REPORT_VALUE: ZCULL_STATS
RSX: W {RSXThread} TODO: NV4097_SET_WINDOW_OFFSET: x=0, y=0
RSX: W {RSXThread} TODO: NV4097_SET_ANTI_ALIASING_CONTROL: ffff0000
RSX: W {RSXThread} TODO: NV4097_CLEAR_REPORT_VALUE: ZCULL_STATS
RSX: W {RSXThread} TODO: NV4097_SET_WINDOW_OFFSET: x=0, y=0
RSX: W {RSXThread} TODO: NV4097_SET_ANTI_ALIASING_CONTROL: ffff0000
RSX: W {RSXThread} TODO: NV4097_CLEAR_REPORT_VALUE: ZCULL_STATS
RSX: W {RSXThread} TODO: NV4097_SET_WINDOW_OFFSET: x=0, y=0
RSX: W {RSXThread} TODO: NV4097_SET_ANTI_ALIASING_CONTROL: ffff0000
RSX: W {RSXThread} TODO: NV4097_CLEAR_REPORT_VALUE: ZCULL_STATS
RSX: W {RSXThread} TODO: NV4097_SET_WINDOW_OFFSET: x=0, y=0
RSX: W {RSXThread} TODO: NV4097_SET_ANTI_ALIASING_CONTROL: ffff0000
RSX: W {RSXThread} TODO: NV4097_CLEAR_REPORT_VALUE: ZCULL_STATS
RSX: W {RSXThread} TODO: NV4097_SET_WINDOW_OFFSET: x=0, y=0
RSX: W {RSXThread} TODO: NV4097_SET_ANTI_ALIASING_CONTROL: ffff0000
RSX: W {RSXThread} TODO: NV4097_CLEAR_REPORT_VALUE: ZCULL_STATS
RSX: W {RSXThread} TODO: NV4097_SET_WINDOW_OFFSET: x=0, y=0
RSX: W {RSXThread} TODO: NV4097_SET_ANTI_ALIASING_CONTROL: ffff0000
RSX: W {RSXThread} TODO: NV4097_CLEAR_REPORT_VALUE: ZCULL_STATS
RSX: W {RSXThread} TODO: NV4097_SET_WINDOW_OFFSET: x=0, y=0
RSX: W {RSXThread} TODO: NV4097_SET_ANTI_ALIASING_CONTROL: ffff0000
RSX: W {RSXThread} TODO: NV4097_CLEAR_REPORT_VALUE: ZCULL_STATS
RSX: W {RSXThread} TODO: NV4097_SET_WINDOW_OFFSET: x=0, y=0
RSX: W {RSXThread} TODO: NV4097_SET_ANTI_ALIASING_CONTROL: ffff0000
RSX: W {RSXThread} TODO: NV4097_CLEAR_REPORT_VALUE: ZCULL_STATS
RSX: W {RSXThread} TODO: NV4097_SET_WINDOW_OFFSET: x=0, y=0
RSX: W {RSXThread} TODO: NV4097_SET_ANTI_ALIASING_CONTROL: ffff0000
RSX: W {RSXThread} TODO: NV4097_CLEAR_REPORT_VALUE: ZCULL_STATS
RSX: W {RSXThread} TODO: NV4097_SET_WINDOW_OFFSET: x=0, y=0
RSX: W {RSXThread} TODO: NV4097_SET_ANTI_ALIASING_CONTROL: ffff0000
RSX: W {RSXThread} TODO: NV4097_CLEAR_REPORT_VALUE: ZCULL_STATS
RSX: W {RSXThread} TODO: NV4097_SET_WINDOW_OFFSET: x=0, y=0
RSX: W {RSXThread} TODO: NV4097_SET_ANTI_ALIASING_CONTROL: ffff0000
RSX: W {RSXThread} TODO: NV4097_CLEAR_REPORT_VALUE: ZCULL_STATS
RSX: W {RSXThread} TODO: NV4097_SET_WINDOW_OFFSET: x=0, y=0
RSX: W {RSXThread} TODO: NV4097_SET_ANTI_ALIASING_CONTROL: ffff0000
RSX: W {RSXThread} TODO: NV4097_CLEAR_REPORT_VALUE: ZCULL_STATS
RSX: W {RSXThread} TODO: NV4097_SET_WINDOW_OFFSET: x=0, y=0
RSX: W {RSXThread} TODO: NV4097_SET_ANTI_ALIASING_CONTROL: ffff0000
RSX: W {RSXThread} TODO: NV4097_CLEAR_REPORT_VALUE: ZCULL_STATS
RSX: W {RSXThread} TODO: NV4097_SET_WINDOW_OFFSET: x=0, y=0
RSX: W {RSXThread} TODO: NV4097_SET_ANTI_ALIASING_CONTROL: ffff0000
RSX: W {RSXThread} TODO: NV4097_CLEAR_REPORT_VALUE: ZCULL_STATS
RSX: W {RSXThread} TODO: NV4097_SET_WINDOW_OFFSET: x=0, y=0
RSX: W {RSXThread} TODO: NV4097_SET_ANTI_ALIASING_CONTROL: ffff0000
RSX: W {RSXThread} TODO: NV4097_CLEAR_REPORT_VALUE: ZCULL_STATS
RSX: W {RSXThread} TODO: NV4097_SET_WINDOW_OFFSET: x=0, y=0
RSX: W {RSXThread} TODO: NV4097_SET_ANTI_ALIASING_CONTROL: ffff0000
RSX: W {RSXThread} TODO: NV4097_CLEAR_REPORT_VALUE: ZCULL_STATS
RSX: W {RSXThread} TODO: NV4097_SET_WINDOW_OFFSET: x=0, y=0
RSX: W {RSXThread} TODO: NV4097_SET_ANTI_ALIASING_CONTROL: ffff0000
RSX: W {RSXThread} TODO: NV4097_CLEAR_REPORT_VALUE: ZCULL_STATS
RSX: W {RSXThread} TODO: NV4097_SET_WINDOW_OFFSET: x=0, y=0
RSX: W {RSXThread} TODO: NV4097_SET_ANTI_ALIASING_CONTROL: ffff0000
RSX: W {RSXThread} TODO: NV4097_CLEAR_REPORT_VALUE: ZCULL_STATS
RSX: W {RSXThread} TODO: NV4097_SET_WINDOW_OFFSET: x=0, y=0
RSX: W {RSXThread} TODO: NV4097_SET_ANTI_ALIASING_CONTROL: ffff0000
RSX: W {RSXThread} TODO: NV4097_CLEAR_REPORT_VALUE: ZCULL_STATS
RSX: W {RSXThread} TODO: NV4097_SET_WINDOW_OFFSET: x=0, y=0
RSX: W {RSXThread} TODO: NV4097_SET_ANTI_ALIASING_CONTROL: ffff0000
RSX: W {RSXThread} TODO: NV4097_CLEAR_REPORT_VALUE: ZCULL_STATS
RSX: W {RSXThread} TODO: NV4097_SET_WINDOW_OFFSET: x=0, y=0
RSX: W {RSXThread} TODO: NV4097_SET_ANTI_ALIASING_CONTROL: ffff0000
RSX: W {RSXThread} TODO: NV4097_CLEAR_REPORT_VALUE: ZCULL_STATS
RSX: W {RSXThread} TODO: NV4097_SET_WINDOW_OFFSET: x=0, y=0
RSX: W {RSXThread} TODO: NV4097_SET_ANTI_ALIASING_CONTROL: ffff0000
RSX: W {RSXThread} TODO: NV4097_CLEAR_REPORT_VALUE: ZCULL_STATS
HLE: ! {PPU[30] Thread (Streamer loader thread)[0x0079b01c]} "/dev_hdd0/game/NPEA00014/USRDIR/stream.dat" opened: fd = 34
HLE: W {PPU[30] Thread (Streamer loader thread)[0x0079b028]} sys_fs warning: cellFsStat(path="/dev_hdd0/game/NPEA00014/USRDIR/stream.dat", sb_addr: 0xd0050b50)
RSX: W {RSXThread} TODO: NV4097_SET_WINDOW_OFFSET: x=0, y=0
RSX: W {RSXThread} TODO: NV4097_SET_ANTI_ALIASING_CONTROL: ffff0000
RSX: W {RSXThread} TODO: NV4097_CLEAR_REPORT_VALUE: ZCULL_STATS
HLE: E {PPU[33] Thread (Streamer unpack thread)[0x00900010]} cellSpurs TODO: _cellSpursTasksetAttributeInitialize
HLE: E {PPU[33] Thread (Streamer unpack thread)[0x00900058]} cellSpurs TODO: cellSpursTasksetAttributeSetName
HLE: E {PPU[33] Thread (Streamer unpack thread)[0x009000d0]} cellSpurs TODO: cellSpursCreateTasksetWithAttribute
HLE: W {PPU[33] Thread (Streamer unpack thread)[0x0090004c]} cellSpurs warning: _cellSpursEventFlagInitialize(spurs_addr=0x30109600, taskset_addr=0x0, eventFlag_addr=0x33161680, flagClearMode=0, flagDirection=1)
HLE: E {PPU[33] Thread (Streamer unpack thread)[0x00900070]} cellSpurs TODO: cellSpursEventFlagAttachLv2EventQueue(eventFlag_addr=0x33161680)
HLE: E {PPU[33] Thread (Streamer unpack thread)[0x00900004]} cellSpurs TODO: _cellSpursLFQueueInitialize
HLE: E {PPU[33] Thread (Streamer unpack thread)[0x0090001c]} cellSpurs TODO: cellSpursLFQueueAttachLv2EventQueue
HLE: E {PPU[33] Thread (Streamer unpack thread)[0x009000c4]} cellSpurs TODO: cellSpursCreateTask(taskset_addr=0x3315fd80, taskID_addr=0xd0060830, elf_addr_addr=0x711200, context_addr_addr=0x33161b00, context_size=3072, lsPattern_addr=0x700da8, argument_addr=0xd0060838)
HLE: E {PPU[33] Thread (Streamer unpack thread)[0x009000c4]} cellSpurs TODO: cellSpursCreateTask(taskset_addr=0x3315fd80, taskID_addr=0xd0060830, elf_addr_addr=0x711200, context_addr_addr=0x33162780, context_size=3072, lsPattern_addr=0x700da8, argument_addr=0xd0060838)
HLE: E {PPU[33] Thread (Streamer unpack thread)[0x009000c4]} cellSpurs TODO: cellSpursCreateTask(taskset_addr=0x3315fd80, taskID_addr=0xd0060830, elf_addr_addr=0x711200, context_addr_addr=0x33163400, context_size=3072, lsPattern_addr=0x700da8, argument_addr=0xd0060838)
HLE: E {PPU[33] Thread (Streamer unpack thread)[0x0090007c]} cellSpurs TODO: _cellSpursLFQueuePushBody
HLE: E {PPU[33] Thread (Streamer unpack thread)[0x00900034]} cellSpurs TODO: cellSpursEventFlagWait(eventFlag_addr=0x33161680, mask=0xd0060b80, mode=1)
HLE: E {PPU[33] Thread (Streamer unpack thread)[0x00900064]} cellSpurs TODO: cellSpursLFQueueDetachLv2EventQueue
HLE: E {PPU[33] Thread (Streamer unpack thread)[0x00900028]} cellSpurs TODO: cellSpursEventFlagDetachLv2EventQueue(eventFlag_addr=0x33161680)
HLE: E {PPU[33] Thread (Streamer unpack thread)[0x009000a0]} cellSpurs TODO: cellSpursShutdownTaskset(taskset_addr=0x3315fd80)
HLE: E {PPU[33] Thread (Streamer unpack thread)[0x00900094]} cellSpurs TODO: cellSpursJoinTaskset(taskset_addr=0x3315fd80)
HLE: E {PPU[33] Thread (Streamer unpack thread)[0x00900010]} cellSpurs TODO: _cellSpursTasksetAttributeInitialize
HLE: E {PPU[33] Thread (Streamer unpack thread)[0x00900058]} cellSpurs TODO: cellSpursTasksetAttributeSetName
HLE: E {PPU[33] Thread (Streamer unpack thread)[0x009000d0]} cellSpurs TODO: cellSpursCreateTasksetWithAttribute
HLE: W {PPU[33] Thread (Streamer unpack thread)[0x0090004c]} cellSpurs warning: _cellSpursEventFlagInitialize(spurs_addr=0x30109600, taskset_addr=0x0, eventFlag_addr=0x33161680, flagClearMode=0, flagDirection=1)
HLE: E {PPU[33] Thread (Streamer unpack thread)[0x00900070]} cellSpurs TODO: cellSpursEventFlagAttachLv2EventQueue(eventFlag_addr=0x33161680)
HLE: E {PPU[33] Thread (Streamer unpack thread)[0x00900004]} cellSpurs TODO: _cellSpursLFQueueInitialize
HLE: E {PPU[33] Thread (Streamer unpack thread)[0x0090001c]} cellSpurs TODO: cellSpursLFQueueAttachLv2EventQueue
HLE: E {PPU[33] Thread (Streamer unpack thread)[0x009000c4]} cellSpurs TODO: cellSpursCreateTask(taskset_addr=0x3315fd80, taskID_addr=0xd0060830, elf_addr_addr=0x711200, context_addr_addr=0x33161b00, context_size=3072, lsPattern_addr=0x700da8, argument_addr=0xd0060838)
HLE: E {PPU[33] Thread (Streamer unpack thread)[0x009000c4]} cellSpurs TODO: cellSpursCreateTask(taskset_addr=0x3315fd80, taskID_addr=0xd0060830, elf_addr_addr=0x711200, context_addr_addr=0x33162780, context_size=3072, lsPattern_addr=0x700da8, argument_addr=0xd0060838)
HLE: E {PPU[33] Thread (Streamer unpack thread)[0x009000c4]} cellSpurs TODO: cellSpursCreateTask(taskset_addr=0x3315fd80, taskID_addr=0xd0060830, elf_addr_addr=0x711200, context_addr_addr=0x33163400, context_size=3072, lsPattern_addr=0x700da8, argument_addr=0xd0060838)
HLE: E {PPU[33] Thread (Streamer unpack thread)[0x0090007c]} cellSpurs TODO: _cellSpursLFQueuePushBody
HLE: E {PPU[33] Thread (Streamer unpack thread)[0x00900034]} cellSpurs TODO: cellSpursEventFlagWait(eventFlag_addr=0x33161680, mask=0xd0060b80, mode=1)
HLE: E {PPU[33] Thread (Streamer unpack thread)[0x00900064]} cellSpurs TODO: cellSpursLFQueueDetachLv2EventQueue
HLE: E {PPU[33] Thread (Streamer unpack thread)[0x00900028]} cellSpurs TODO: cellSpursEventFlagDetachLv2EventQueue(eventFlag_addr=0x33161680)
HLE: E {PPU[33] Thread (Streamer unpack thread)[0x009000a0]} cellSpurs TODO: cellSpursShutdownTaskset(taskset_addr=0x3315fd80)
HLE: E {PPU[33] Thread (Streamer unpack thread)[0x00900094]} cellSpurs TODO: cellSpursJoinTaskset(taskset_addr=0x3315fd80)
HLE: E {PPU[33] Thread (Streamer unpack thread)[0x00900010]} cellSpurs TODO: _cellSpursTasksetAttributeInitialize
HLE: E {PPU[33] Thread (Streamer unpack thread)[0x00900058]} cellSpurs TODO: cellSpursTasksetAttributeSetName
HLE: E {PPU[33] Thread (Streamer unpack thread)[0x009000d0]} cellSpurs TODO: cellSpursCreateTasksetWithAttribute
HLE: W {PPU[33] Thread (Streamer unpack thread)[0x0090004c]} cellSpurs warning: _cellSpursEventFlagInitialize(spurs_addr=0x30109600, taskset_addr=0x0, eventFlag_addr=0x33161680, flagClearMode=0, flagDirection=1)
HLE: E {PPU[33] Thread (Streamer unpack thread)[0x00900070]} cellSpurs TODO: cellSpursEventFlagAttachLv2EventQueue(eventFlag_addr=0x33161680)
HLE: E {PPU[33] Thread (Streamer unpack thread)[0x00900004]} cellSpurs TODO: _cellSpursLFQueueInitialize
HLE: E {PPU[33] Thread (Streamer unpack thread)[0x0090001c]} cellSpurs TODO: cellSpursLFQueueAttachLv2EventQueue
HLE: E {PPU[33] Thread (Streamer unpack thread)[0x009000c4]} cellSpurs TODO: cellSpursCreateTask(taskset_addr=0x3315fd80, taskID_addr=0xd0060830, elf_addr_addr=0x711200, context_addr_addr=0x33161b00, context_size=3072, lsPattern_addr=0x700da8, argument_addr=0xd0060838)
HLE: E {PPU[33] Thread (Streamer unpack thread)[0x009000c4]} cellSpurs TODO: cellSpursCreateTask(taskset_addr=0x3315fd80, taskID_addr=0xd0060830, elf_addr_addr=0x711200, context_addr_addr=0x33162780, context_size=3072, lsPattern_addr=0x700da8, argument_addr=0xd0060838)
HLE: E {PPU[33] Thread (Streamer unpack thread)[0x009000c4]} cellSpurs TODO: cellSpursCreateTask(taskset_addr=0x3315fd80, taskID_addr=0xd0060830, elf_addr_addr=0x711200, context_addr_addr=0x33163400, context_size=3072, lsPattern_addr=0x700da8, argument_addr=0xd0060838)
HLE: E {PPU[33] Thread (Streamer unpack thread)[0x0090007c]} cellSpurs TODO: _cellSpursLFQueuePushBody
HLE: E {PPU[33] Thread (Streamer unpack thread)[0x00900034]} cellSpurs TODO: cellSpursEventFlagWait(eventFlag_addr=0x33161680, mask=0xd0060b80, mode=1)
HLE: E {PPU[33] Thread (Streamer unpack thread)[0x00900064]} cellSpurs TODO: cellSpursLFQueueDetachLv2EventQueue
HLE: E {PPU[33] Thread (Streamer unpack thread)[0x00900028]} cellSpurs TODO: cellSpursEventFlagDetachLv2EventQueue(eventFlag_addr=0x33161680)
HLE: E {PPU[33] Thread (Streamer unpack thread)[0x009000a0]} cellSpurs TODO: cellSpursShutdownTaskset(taskset_addr=0x3315fd80)
HLE: E {PPU[33] Thread (Streamer unpack thread)[0x00900094]} cellSpurs TODO: cellSpursJoinTaskset(taskset_addr=0x3315fd80)
HLE: E {PPU[33] Thread (Streamer unpack thread)[0x00900010]} cellSpurs TODO: _cellSpursTasksetAttributeInitialize
HLE: E {PPU[33] Thread (Streamer unpack thread)[0x00900058]} cellSpurs TODO: cellSpursTasksetAttributeSetName
HLE: E {PPU[33] Thread (Streamer unpack thread)[0x009000d0]} cellSpurs TODO: cellSpursCreateTasksetWithAttribute
HLE: W {PPU[33] Thread (Streamer unpack thread)[0x0090004c]} cellSpurs warning: _cellSpursEventFlagInitialize(spurs_addr=0x30109600, taskset_addr=0x0, eventFlag_addr=0x33161680, flagClearMode=0, flagDirection=1)
HLE: E {PPU[33] Thread (Streamer unpack thread)[0x00900070]} cellSpurs TODO: cellSpursEventFlagAttachLv2EventQueue(eventFlag_addr=0x33161680)
HLE: E {PPU[33] Thread (Streamer unpack thread)[0x00900004]} cellSpurs TODO: _cellSpursLFQueueInitialize
HLE: E {PPU[33] Thread (Streamer unpack thread)[0x0090001c]} cellSpurs TODO: cellSpursLFQueueAttachLv2EventQueue
HLE: E {PPU[33] Thread (Streamer unpack thread)[0x009000c4]} cellSpurs TODO: cellSpursCreateTask(taskset_addr=0x3315fd80, taskID_addr=0xd0060830, elf_addr_addr=0x711200, context_addr_addr=0x33161b00, context_size=3072, lsPattern_addr=0x700da8, argument_addr=0xd0060838)
HLE: E {PPU[33] Thread (Streamer unpack thread)[0x009000c4]} cellSpurs TODO: cellSpursCreateTask(taskset_addr=0x3315fd80, taskID_addr=0xd0060830, elf_addr_addr=0x711200, context_addr_addr=0x33162780, context_size=3072, lsPattern_addr=0x700da8, argument_addr=0xd0060838)
HLE: E {PPU[33] Thread (Streamer unpack thread)[0x009000c4]} cellSpurs TODO: cellSpursCreateTask(taskset_addr=0x3315fd80, taskID_addr=0xd0060830, elf_addr_addr=0x711200, context_addr_addr=0x33163400, context_size=3072, lsPattern_addr=0x700da8, argument_addr=0xd0060838)
HLE: E {PPU[33] Thread (Streamer unpack thread)[0x0090007c]} cellSpurs TODO: _cellSpursLFQueuePushBody
HLE: E {PPU[33] Thread (Streamer unpack thread)[0x00900034]} cellSpurs TODO: cellSpursEventFlagWait(eventFlag_addr=0x33161680, mask=0xd0060b80, mode=1)
HLE: E {PPU[33] Thread (Streamer unpack thread)[0x00900064]} cellSpurs TODO: cellSpursLFQueueDetachLv2EventQueue
HLE: E {PPU[33] Thread (Streamer unpack thread)[0x00900028]} cellSpurs TODO: cellSpursEventFlagDetachLv2EventQueue(eventFlag_addr=0x33161680)
HLE: E {PPU[33] Thread (Streamer unpack thread)[0x009000a0]} cellSpurs TODO: cellSpursShutdownTaskset(taskset_addr=0x3315fd80)
HLE: E {PPU[33] Thread (Streamer unpack thread)[0x00900094]} cellSpurs TODO: cellSpursJoinTaskset(taskset_addr=0x3315fd80)
HLE: E {PPU[33] Thread (Streamer unpack thread)[0x00900010]} cellSpurs TODO: _cellSpursTasksetAttributeInitialize
HLE: E {PPU[33] Thread (Streamer unpack thread)[0x00900058]} cellSpurs TODO: cellSpursTasksetAttributeSetName
HLE: E {PPU[33] Thread (Streamer unpack thread)[0x009000d0]} cellSpurs TODO: cellSpursCreateTasksetWithAttribute
HLE: W {PPU[33] Thread (Streamer unpack thread)[0x0090004c]} cellSpurs warning: _cellSpursEventFlagInitialize(spurs_addr=0x30109600, taskset_addr=0x0, eventFlag_addr=0x33161680, flagClearMode=0, flagDirection=1)
HLE: E {PPU[33] Thread (Streamer unpack thread)[0x00900070]} cellSpurs TODO: cellSpursEventFlagAttachLv2EventQueue(eventFlag_addr=0x33161680)
HLE: E {PPU[33] Thread (Streamer unpack thread)[0x00900004]} cellSpurs TODO: _cellSpursLFQueueInitialize
HLE: E {PPU[33] Thread (Streamer unpack thread)[0x0090001c]} cellSpurs TODO: cellSpursLFQueueAttachLv2EventQueue
HLE: E {PPU[33] Thread (Streamer unpack thread)[0x009000c4]} cellSpurs TODO: cellSpursCreateTask(taskset_addr=0x3315fd80, taskID_addr=0xd0060830, elf_addr_addr=0x711200, context_addr_addr=0x33161b00, context_size=3072, lsPattern_addr=0x700da8, argument_addr=0xd0060838)
HLE: E {PPU[33] Thread (Streamer unpack thread)[0x009000c4]} cellSpurs TODO: cellSpursCreateTask(taskset_addr=0x3315fd80, taskID_addr=0xd0060830, elf_addr_addr=0x711200, context_addr_addr=0x33162780, context_size=3072, lsPattern_addr=0x700da8, argument_addr=0xd0060838)
HLE: E {PPU[33] Thread (Streamer unpack thread)[0x009000c4]} cellSpurs TODO: cellSpursCreateTask(taskset_addr=0x3315fd80, taskID_addr=0xd0060830, elf_addr_addr=0x711200, context_addr_addr=0x33163400, context_size=3072, lsPattern_addr=0x700da8, argument_addr=0xd0060838)
HLE: E {PPU[33] Thread (Streamer unpack thread)[0x0090007c]} cellSpurs TODO: _cellSpursLFQueuePushBody
HLE: E {PPU[33] Thread (Streamer unpack thread)[0x00900034]} cellSpurs TODO: cellSpursEventFlagWait(eventFlag_addr=0x33161680, mask=0xd0060b80, mode=1)
HLE: E {PPU[33] Thread (Streamer unpack thread)[0x00900064]} cellSpurs TODO: cellSpursLFQueueDetachLv2EventQueue
HLE: E {PPU[33] Thread (Streamer unpack thread)[0x00900028]} cellSpurs TODO: cellSpursEventFlagDetachLv2EventQueue(eventFlag_addr=0x33161680)
HLE: E {PPU[33] Thread (Streamer unpack thread)[0x009000a0]} cellSpurs TODO: cellSpursShutdownTaskset(taskset_addr=0x3315fd80)
HLE: E {PPU[33] Thread (Streamer unpack thread)[0x00900094]} cellSpurs TODO: cellSpursJoinTaskset(taskset_addr=0x3315fd80)
HLE: E {PPU[33] Thread (Streamer unpack thread)[0x00900010]} cellSpurs TODO: _cellSpursTasksetAttributeInitialize
HLE: E {PPU[33] Thread (Streamer unpack thread)[0x00900058]} cellSpurs TODO: cellSpursTasksetAttributeSetName
HLE: E {PPU[33] Thread (Streamer unpack thread)[0x009000d0]} cellSpurs TODO: cellSpursCreateTasksetWithAttribute
HLE: W {PPU[33] Thread (Streamer unpack thread)[0x0090004c]} cellSpurs warning: _cellSpursEventFlagInitialize(spurs_addr=0x30109600, taskset_addr=0x0, eventFlag_addr=0x33161680, flagClearMode=0, flagDirection=1)
HLE: E {PPU[33] Thread (Streamer unpack thread)[0x00900070]} cellSpurs TODO: cellSpursEventFlagAttachLv2EventQueue(eventFlag_addr=0x33161680)
HLE: E {PPU[33] Thread (Streamer unpack thread)[0x00900004]} cellSpurs TODO: _cellSpursLFQueueInitialize
HLE: E {PPU[33] Thread (Streamer unpack thread)[0x0090001c]} cellSpurs TODO: cellSpursLFQueueAttachLv2EventQueue
HLE: E {PPU[33] Thread (Streamer unpack thread)[0x009000c4]} cellSpurs TODO: cellSpursCreateTask(taskset_addr=0x3315fd80, taskID_addr=0xd0060830, elf_addr_addr=0x711200, context_addr_addr=0x33161b00, context_size=3072, lsPattern_addr=0x700da8, argument_addr=0xd0060838)
HLE: E {PPU[33] Thread (Streamer unpack thread)[0x009000c4]} cellSpurs TODO: cellSpursCreateTask(taskset_addr=0x3315fd80, taskID_addr=0xd0060830, elf_addr_addr=0x711200, context_addr_addr=0x33162780, context_size=3072, lsPattern_addr=0x700da8, argument_addr=0xd0060838)
HLE: E {PPU[33] Thread (Streamer unpack thread)[0x009000c4]} cellSpurs TODO: cellSpursCreateTask(taskset_addr=0x3315fd80, taskID_addr=0xd0060830, elf_addr_addr=0x711200, context_addr_addr=0x33163400, context_size=3072, lsPattern_addr=0x700da8, argument_addr=0xd0060838)
HLE: E {PPU[33] Thread (Streamer unpack thread)[0x0090007c]} cellSpurs TODO: _cellSpursLFQueuePushBody
HLE: E {PPU[33] Thread (Streamer unpack thread)[0x00900034]} cellSpurs TODO: cellSpursEventFlagWait(eventFlag_addr=0x33161680, mask=0xd0060b80, mode=1)
HLE: E {PPU[33] Thread (Streamer unpack thread)[0x00900064]} cellSpurs TODO: cellSpursLFQueueDetachLv2EventQueue
HLE: E {PPU[33] Thread (Streamer unpack thread)[0x00900028]} cellSpurs TODO: cellSpursEventFlagDetachLv2EventQueue(eventFlag_addr=0x33161680)
HLE: E {PPU[33] Thread (Streamer unpack thread)[0x009000a0]} cellSpurs TODO: cellSpursShutdownTaskset(taskset_addr=0x3315fd80)
HLE: E {PPU[33] Thread (Streamer unpack thread)[0x00900094]} cellSpurs TODO: cellSpursJoinTaskset(taskset_addr=0x3315fd80)
RSX: W {RSXThread} TODO: NV4097_SET_WINDOW_OFFSET: x=0, y=0
RSX: W {RSXThread} TODO: NV4097_SET_ANTI_ALIASING_CONTROL: ffff0000
RSX: W {RSXThread} TODO: NV4097_CLEAR_REPORT_VALUE: ZCULL_STATS
HLE: E {PPU[33] Thread (Streamer unpack thread)[0x00900010]} cellSpurs TODO: _cellSpursTasksetAttributeInitialize
HLE: E {PPU[33] Thread (Streamer unpack thread)[0x00900058]} cellSpurs TODO: cellSpursTasksetAttributeSetName
HLE: E {PPU[33] Thread (Streamer unpack thread)[0x009000d0]} cellSpurs TODO: cellSpursCreateTasksetWithAttribute
HLE: W {PPU[33] Thread (Streamer unpack thread)[0x0090004c]} cellSpurs warning: _cellSpursEventFlagInitialize(spurs_addr=0x30109600, taskset_addr=0x0, eventFlag_addr=0x33161680, flagClearMode=0, flagDirection=1)
HLE: E {PPU[33] Thread (Streamer unpack thread)[0x00900070]} cellSpurs TODO: cellSpursEventFlagAttachLv2EventQueue(eventFlag_addr=0x33161680)
HLE: E {PPU[33] Thread (Streamer unpack thread)[0x00900004]} cellSpurs TODO: _cellSpursLFQueueInitialize
HLE: E {PPU[33] Thread (Streamer unpack thread)[0x0090001c]} cellSpurs TODO: cellSpursLFQueueAttachLv2EventQueue
HLE: E {PPU[33] Thread (Streamer unpack thread)[0x009000c4]} cellSpurs TODO: cellSpursCreateTask(taskset_addr=0x3315fd80, taskID_addr=0xd0060830, elf_addr_addr=0x711200, context_addr_addr=0x33161b00, context_size=3072, lsPattern_addr=0x700da8, argument_addr=0xd0060838)
HLE: E {PPU[33] Thread (Streamer unpack thread)[0x009000c4]} cellSpurs TODO: cellSpursCreateTask(taskset_addr=0x3315fd80, taskID_addr=0xd0060830, elf_addr_addr=0x711200, context_addr_addr=0x33162780, context_size=3072, lsPattern_addr=0x700da8, argument_addr=0xd0060838)
HLE: E {PPU[33] Thread (Streamer unpack thread)[0x009000c4]} cellSpurs TODO: cellSpursCreateTask(taskset_addr=0x3315fd80, taskID_addr=0xd0060830, elf_addr_addr=0x711200, context_addr_addr=0x33163400, context_size=3072, lsPattern_addr=0x700da8, argument_addr=0xd0060838)
HLE: E {PPU[33] Thread (Streamer unpack thread)[0x0090007c]} cellSpurs TODO: _cellSpursLFQueuePushBody
HLE: E {PPU[33] Thread (Streamer unpack thread)[0x00900034]} cellSpurs TODO: cellSpursEventFlagWait(eventFlag_addr=0x33161680, mask=0xd0060b80, mode=1)
HLE: E {PPU[33] Thread (Streamer unpack thread)[0x00900064]} cellSpurs TODO: cellSpursLFQueueDetachLv2EventQueue
HLE: E {PPU[33] Thread (Streamer unpack thread)[0x00900028]} cellSpurs TODO: cellSpursEventFlagDetachLv2EventQueue(eventFlag_addr=0x33161680)
HLE: E {PPU[33] Thread (Streamer unpack thread)[0x009000a0]} cellSpurs TODO: cellSpursShutdownTaskset(taskset_addr=0x3315fd80)
HLE: E {PPU[33] Thread (Streamer unpack thread)[0x00900094]} cellSpurs TODO: cellSpursJoinTaskset(taskset_addr=0x3315fd80)
HLE: E {PPU[33] Thread (Streamer unpack thread)[0x00900010]} cellSpurs TODO: _cellSpursTasksetAttributeInitialize
HLE: E {PPU[33] Thread (Streamer unpack thread)[0x00900058]} cellSpurs TODO: cellSpursTasksetAttributeSetName
HLE: E {PPU[33] Thread (Streamer unpack thread)[0x009000d0]} cellSpurs TODO: cellSpursCreateTasksetWithAttribute
HLE: W {PPU[33] Thread (Streamer unpack thread)[0x0090004c]} cellSpurs warning: _cellSpursEventFlagInitialize(spurs_addr=0x30109600, taskset_addr=0x0, eventFlag_addr=0x33161680, flagClearMode=0, flagDirection=1)
HLE: E {PPU[33] Thread (Streamer unpack thread)[0x00900070]} cellSpurs TODO: cellSpursEventFlagAttachLv2EventQueue(eventFlag_addr=0x33161680)
HLE: E {PPU[33] Thread (Streamer unpack thread)[0x00900004]} cellSpurs TODO: _cellSpursLFQueueInitialize
HLE: E {PPU[33] Thread (Streamer unpack thread)[0x0090001c]} cellSpurs TODO: cellSpursLFQueueAttachLv2EventQueue
HLE: E {PPU[33] Thread (Streamer unpack thread)[0x009000c4]} cellSpurs TODO: cellSpursCreateTask(taskset_addr=0x3315fd80, taskID_addr=0xd0060830, elf_addr_addr=0x711200, context_addr_addr=0x33161b00, context_size=3072, lsPattern_addr=0x700da8, argument_addr=0xd0060838)
HLE: E {PPU[33] Thread (Streamer unpack thread)[0x009000c4]} cellSpurs TODO: cellSpursCreateTask(taskset_addr=0x3315fd80, taskID_addr=0xd0060830, elf_addr_addr=0x711200, context_addr_addr=0x33162780, context_size=3072, lsPattern_addr=0x700da8, argument_addr=0xd0060838)
HLE: E {PPU[33] Thread (Streamer unpack thread)[0x009000c4]} cellSpurs TODO: cellSpursCreateTask(taskset_addr=0x3315fd80, taskID_addr=0xd0060830, elf_addr_addr=0x711200, context_addr_addr=0x33163400, context_size=3072, lsPattern_addr=0x700da8, argument_addr=0xd0060838)
HLE: E {PPU[33] Thread (Streamer unpack thread)[0x0090007c]} cellSpurs TODO: _cellSpursLFQueuePushBody
HLE: E {PPU[33] Thread (Streamer unpack thread)[0x00900034]} cellSpurs TODO: cellSpursEventFlagWait(eventFlag_addr=0x33161680, mask=0xd0060b80, mode=1)
HLE: E {PPU[33] Thread (Streamer unpack thread)[0x00900064]} cellSpurs TODO: cellSpursLFQueueDetachLv2EventQueue
HLE: E {PPU[33] Thread (Streamer unpack thread)[0x00900028]} cellSpurs TODO: cellSpursEventFlagDetachLv2EventQueue(eventFlag_addr=0x33161680)
HLE: E {PPU[33] Thread (Streamer unpack thread)[0x009000a0]} cellSpurs TODO: cellSpursShutdownTaskset(taskset_addr=0x3315fd80)
HLE: E {PPU[33] Thread (Streamer unpack thread)[0x00900094]} cellSpurs TODO: cellSpursJoinTaskset(taskset_addr=0x3315fd80)
RSX: W {RSXThread} TODO: NV4097_SET_WINDOW_OFFSET: x=0, y=0
RSX: W {RSXThread} TODO: NV4097_SET_ANTI_ALIASING_CONTROL: ffff0000
RSX: W {RSXThread} TODO: NV4097_CLEAR_REPORT_VALUE: ZCULL_STATS
HLE: E {PPU[33] Thread (Streamer unpack thread)[0x00900010]} cellSpurs TODO: _cellSpursTasksetAttributeInitialize
HLE: E {PPU[33] Thread (Streamer unpack thread)[0x00900058]} cellSpurs TODO: cellSpursTasksetAttributeSetName
HLE: E {PPU[33] Thread (Streamer unpack thread)[0x009000d0]} cellSpurs TODO: cellSpursCreateTasksetWithAttribute
HLE: W {PPU[33] Thread (Streamer unpack thread)[0x0090004c]} cellSpurs warning: _cellSpursEventFlagInitialize(spurs_addr=0x30109600, taskset_addr=0x0, eventFlag_addr=0x33161680, flagClearMode=0, flagDirection=1)
HLE: E {PPU[33] Thread (Streamer unpack thread)[0x00900070]} cellSpurs TODO: cellSpursEventFlagAttachLv2EventQueue(eventFlag_addr=0x33161680)
HLE: E {PPU[33] Thread (Streamer unpack thread)[0x00900004]} cellSpurs TODO: _cellSpursLFQueueInitialize
HLE: E {PPU[33] Thread (Streamer unpack thread)[0x0090001c]} cellSpurs TODO: cellSpursLFQueueAttachLv2EventQueue
HLE: E {PPU[33] Thread (Streamer unpack thread)[0x009000c4]} cellSpurs TODO: cellSpursCreateTask(taskset_addr=0x3315fd80, taskID_addr=0xd0060830, elf_addr_addr=0x711200, context_addr_addr=0x33161b00, context_size=3072, lsPattern_addr=0x700da8, argument_addr=0xd0060838)
HLE: E {PPU[33] Thread (Streamer unpack thread)[0x009000c4]} cellSpurs TODO: cellSpursCreateTask(taskset_addr=0x3315fd80, taskID_addr=0xd0060830, elf_addr_addr=0x711200, context_addr_addr=0x33162780, context_size=3072, lsPattern_addr=0x700da8, argument_addr=0xd0060838)
HLE: E {PPU[33] Thread (Streamer unpack thread)[0x009000c4]} cellSpurs TODO: cellSpursCreateTask(taskset_addr=0x3315fd80, taskID_addr=0xd0060830, elf_addr_addr=0x711200, context_addr_addr=0x33163400, context_size=3072, lsPattern_addr=0x700da8, argument_addr=0xd0060838)
HLE: E {PPU[33] Thread (Streamer unpack thread)[0x0090007c]} cellSpurs TODO: _cellSpursLFQueuePushBody
HLE: E {PPU[33] Thread (Streamer unpack thread)[0x00900034]} cellSpurs TODO: cellSpursEventFlagWait(eventFlag_addr=0x33161680, mask=0xd0060b80, mode=1)
HLE: E {PPU[33] Thread (Streamer unpack thread)[0x00900064]} cellSpurs TODO: cellSpursLFQueueDetachLv2EventQueue
HLE: E {PPU[33] Thread (Streamer unpack thread)[0x00900028]} cellSpurs TODO: cellSpursEventFlagDetachLv2EventQueue(eventFlag_addr=0x33161680)
HLE: E {PPU[33] Thread (Streamer unpack thread)[0x009000a0]} cellSpurs TODO: cellSpursShutdownTaskset(taskset_addr=0x3315fd80)
HLE: E {PPU[33] Thread (Streamer unpack thread)[0x00900094]} cellSpurs TODO: cellSpursJoinTaskset(taskset_addr=0x3315fd80)
RSX: W {RSXThread} TODO: NV4097_SET_WINDOW_OFFSET: x=0, y=0
RSX: W {RSXThread} TODO: NV4097_SET_ANTI_ALIASING_CONTROL: ffff0000
RSX: W {RSXThread} TODO: NV4097_CLEAR_REPORT_VALUE: ZCULL_STATS
RSX: W {RSXThread} TODO: NV4097_SET_WINDOW_OFFSET: x=0, y=0
RSX: W {RSXThread} TODO: NV4097_SET_ANTI_ALIASING_CONTROL: ffff0000
RSX: W {RSXThread} TODO: NV4097_CLEAR_REPORT_VALUE: ZCULL_STATS
RSX: W {RSXThread} TODO: NV4097_SET_WINDOW_OFFSET: x=0, y=0
RSX: W {RSXThread} TODO: NV4097_SET_ANTI_ALIASING_CONTROL: ffff0000
RSX: W {RSXThread} TODO: NV4097_CLEAR_REPORT_VALUE: ZCULL_STATS
HLE: W {PPU[1] Thread (CPUThread)[0x00799034]} sys_lwmutex warning: *** lwmutex created [] (attribute=0x12): sq_id = 35
RSX: W {RSXThread} TODO: NV4097_SET_WINDOW_OFFSET: x=0, y=0
RSX: W {RSXThread} TODO: NV4097_SET_ANTI_ALIASING_CONTROL: ffff0000
RSX: W {RSXThread} TODO: NV4097_CLEAR_REPORT_VALUE: ZCULL_STATS
HLE: W {PPU[1] Thread (CPUThread)[0x0079f0a0]} cellSysutil warning: cellAudioOutGetSoundAvailability(audioOut=0, type=0, fs=0x4, option=0)
HLE: W {PPU[1] Thread (CPUThread)[0x0079f0a0]} cellSysutil warning: cellAudioOutGetSoundAvailability(audioOut=0, type=6, fs=0x4, option=0)
HLE: W {PPU[1] Thread (CPUThread)[0x0079f0a0]} cellSysutil warning: cellAudioOutGetSoundAvailability(audioOut=0, type=1, fs=0x4, option=0)
HLE: W {PPU[1] Thread (CPUThread)[0x0079f0a0]} cellSysutil warning: cellAudioOutGetSoundAvailability(audioOut=0, type=0, fs=0x4, option=0)
HLE: W {PPU[1] Thread (CPUThread)[0x0079f04c]} cellSysutil warning: cellAudioOutConfigure(audioOut=0, config_addr=0xd0010050, option_addr=0x0, (!)waitForEvent=0)
HLE: W {PPU[1] Thread (CPUThread)[0x00902004]} cellAudio warning: cellAudioInit()
HLE: ! {Audio Thread} Audio thread started
HLE: W {PPU[1] Thread (CPUThread)[0x0090204c]} cellAudio warning: cellAudioPortOpen(audioParam_addr=0xd0010080, portNum_addr=0x331c90c4)
HLE: W {PPU[1] Thread (CPUThread)[0x0090204c]} cellAudio warning: *** audio port opened(nChannel=8, nBlock=8, attr=0x0, level=1.000000): port = 0
HLE: W {PPU[1] Thread (CPUThread)[0x00902028]} cellAudio warning: cellAudioGetPortConfig(portNum=0x0, portConfig_addr=0xd00100a0)
HLE: W {PPU[1] Thread (CPUThread)[0x007990b8]} sysPrxForUser warning: sys_spu_image_import(img=0x331c910c, src=0x719a00, type=0x1)
LDR: W {PPU[1] Thread (CPUThread)[0x007990b8]} desc = 'PS3_SPU_Release/fmodex_spu.elf'
HLE: W {PPU[1] Thread (CPUThread)[0x007990b8]} sysPrxForUser warning: sys_spu_image_import(img=0x331c9148, src=0x734f00, type=0x1)
LDR: W {PPU[1] Thread (CPUThread)[0x007990b8]} desc = 'PS3_SPU_Release_Decode/fmodex_sp'
HLE: W {PPU[1] Thread (CPUThread)[0x00799034]} sys_lwmutex warning: *** lwmutex created [] (attribute=0x12): sq_id = 36
HLE: W {PPU[1] Thread (CPUThread)[0x00799034]} sys_lwmutex warning: *** lwmutex created [] (attribute=0x12): sq_id = 37
HLE: W {PPU[1] Thread (CPUThread)[0x00799034]} sys_lwmutex warning: *** lwmutex created [] (attribute=0x12): sq_id = 38
HLE: W {PPU[1] Thread (CPUThread)[0x00902034]} cellAudio warning: cellAudioPortStart(portNum=0x0)
HLE: W {PPU[1] Thread (CPUThread)[0x007990b8]} sysPrxForUser warning: sys_spu_image_import(img=0xd000ff40, src=0x773f80, type=0x1)
LDR: W {PPU[1] Thread (CPUThread)[0x007990b8]} desc = 'PS3_codec_mpeg_init_Release/fmod'
LDR: E {PPU[1] Thread (CPUThread)[0x007990b8]} ELF32 ERROR: Relocation
HLE: W {PPU[1] Thread (CPUThread)[0x007990a0]} sysPrxForUser warning: sys_spu_image_close(img=0xd000ff40)
HLE: W {PPU[1] Thread (CPUThread)[0x007990b8]} sysPrxForUser warning: sys_spu_image_import(img=0xd000ff40, src=0x76fe80, type=0x1)
LDR: W {PPU[1] Thread (CPUThread)[0x007990b8]} desc = 'PS3_codec_mpeg_functions_Release'
LDR: E {PPU[1] Thread (CPUThread)[0x007990b8]} ELF32 ERROR: Relocation
HLE: W {PPU[1] Thread (CPUThread)[0x007990a0]} sysPrxForUser warning: sys_spu_image_close(img=0xd000ff40)
HLE: W {PPU[1] Thread (CPUThread)[0x004191b0]} sys_event warning: sys_event_queue_create(equeue_id_addr=0x331c90f4, attr_addr=0xd001004c, event_queue_key=0x0, size=1)
HLE: W {PPU[1] Thread (CPUThread)[0x004191b0]} sys_event warning: *** event_queue created [Ð] (protocol=0x1, type=0x1): id = 39
HLE: W {PPU[1] Thread (CPUThread)[0x004191e0]} sys_event warning: sys_event_queue_create(equeue_id_addr=0x331c90f8, attr_addr=0xd001004c, event_queue_key=0x0, size=1)
HLE: W {PPU[1] Thread (CPUThread)[0x004191e0]} sys_event warning: *** event_queue created [Ð] (protocol=0x1, type=0x2): id = 40
HLE: W {PPU[1] Thread (CPUThread)[0x00419200]} sys_event warning: sys_event_port_create(eport_id_addr=0x331c90fc, port_type=0x1, name=0x0)
HLE: W {PPU[1] Thread (CPUThread)[0x00419200]} sys_event warning: *** sys_event_port created: id = 41
HLE: W {PPU[1] Thread (CPUThread)[0x00419218]} sys_event warning: sys_event_port_connect_local(eport_id=41, equeue_id=40)
HLE: W {PPU[1] Thread (CPUThread)[0x00419264]} sys_spu warning: sys_spu_thread_group_create(id_addr=0x331c9104, num=1, prio=16, attr_addr=0xd001003c)
HLE: W {PPU[1] Thread (CPUThread)[0x00419264]} sys_spu warning: *** SPU Thread Group created [FMOD mixer group] (type=0x0, option.ct=0x0): id=42
HLE: W {PPU[1] Thread (CPUThread)[0x004192f4]} sys_spu warning: sys_spu_thread_initialize(thread_addr=0x331c9108, group=0x2a, spu_num=0, img_addr=0x331c910c, attr_addr=0xd0010030, arg_addr=0xd0010060)
HLE: W {PPU[1] Thread (CPUThread)[0x004192f4]} sys_spu warning: *** New SPU Thread [FMOD mixer] (img_offset=0x913000, ls_offset=0xa13000, ep=0xf0, a1=0x3320000000000000, a2=0x331d602400000000, a3=0x331d5f0000000000, a4=0x88083000000000): id=43
HLE: W {PPU[1] Thread (CPUThread)[0x00419314]} sys_spu warning: sys_spu_thread_connect_event(id=43, eq_id=39, event_type=0x1, spup=9)
HLE: W {PPU[1] Thread (CPUThread)[0x00419330]} sys_spu warning: sys_spu_thread_bind_queue(id=43, equeue_id=40, spuq_num=0x63)
HLE: W {PPU[1] Thread (CPUThread)[0x0041935c]} sys_event warning: sys_event_queue_create(equeue_id_addr=0x331c9130, attr_addr=0xd001004c, event_queue_key=0x0, size=1)
HLE: W {PPU[1] Thread (CPUThread)[0x0041935c]} sys_event warning: *** event_queue created [Ð] (protocol=0x1, type=0x1): id = 44
HLE: W {PPU[1] Thread (CPUThread)[0x00419388]} sys_event warning: sys_event_queue_create(equeue_id_addr=0x331c9134, attr_addr=0xd001004c, event_queue_key=0x0, size=1)
HLE: W {PPU[1] Thread (CPUThread)[0x00419388]} sys_event warning: *** event_queue created [Ð] (protocol=0x1, type=0x2): id = 45
HLE: W {PPU[1] Thread (CPUThread)[0x004193a8]} sys_event warning: sys_event_port_create(eport_id_addr=0x331c9138, port_type=0x1, name=0x0)
HLE: W {PPU[1] Thread (CPUThread)[0x004193a8]} sys_event warning: *** sys_event_port created: id = 46
HLE: W {PPU[1] Thread (CPUThread)[0x004193c0]} sys_event warning: sys_event_port_connect_local(eport_id=46, equeue_id=45)
HLE: W {PPU[1] Thread (CPUThread)[0x00419408]} sys_spu warning: sys_spu_thread_group_create(id_addr=0x331c9140, num=1, prio=200, attr_addr=0xd001003c)
HLE: W {PPU[1] Thread (CPUThread)[0x00419408]} sys_spu warning: *** SPU Thread Group created [FMOD mpeg stream decoder group] (type=0x0, option.ct=0x0): id=47
HLE: W {PPU[1] Thread (CPUThread)[0x0041948c]} sys_spu warning: sys_spu_thread_initialize(thread_addr=0x331c9144, group=0x2f, spu_num=0, img_addr=0x331c9148, attr_addr=0xd0010030, arg_addr=0xd0010060)
HLE: W {PPU[1] Thread (CPUThread)[0x0041948c]} sys_spu warning: *** New SPU Thread [FMOD mpeg stream decoder] (img_offset=0x953000, ls_offset=0xa53000, ep=0xf0, a1=0x88087000000000, a2=0x88147000000000, a3=0x88a47000000000, a4=0x493000000000): id=48
HLE: W {PPU[1] Thread (CPUThread)[0x004194ac]} sys_spu warning: sys_spu_thread_connect_event(id=48, eq_id=44, event_type=0x1, spup=8)
HLE: W {PPU[1] Thread (CPUThread)[0x004194c8]} sys_spu warning: sys_spu_thread_bind_queue(id=48, equeue_id=45, spuq_num=0x58)
HLE: W {PPU[1] Thread (CPUThread)[0x004194dc]} sys_spu warning: sys_spu_thread_group_start(id=42)
HLE: W {PPU[1] Thread (CPUThread)[0x004194f4]} sys_spu warning: sys_spu_thread_set_spu_cfg(id=43, value=0x0)
HLE: W {PPU[1] Thread (CPUThread)[0x00419558]} sys_spu warning: sys_spu_thread_group_start(id=47)
HLE: W {PPU[1] Thread (CPUThread)[0x00419570]} sys_spu warning: sys_spu_thread_set_spu_cfg(id=48, value=0x0)
SPU: E {SPU[43] Thread (FMOD mixer)[0x00021678]} SPURecompilerCore::Compile(ls_addr=0x21678): branch to 0x0 opcode
HLE: W {VBlank thread} Callback::Branch() aborted
HLE: W {PPU[30] Thread (Streamer loader thread)[0x00667814]} sys_semaphore_wait(27) aborted
RSX: W {VBlank thread} VBlank thread aborted
HLE: W {PPU[33] Thread (Streamer unpack thread)[0x00667814]} sys_semaphore_wait(31) aborted
HLE: W {PPU[14] Thread (spu_printf_handler)[0x002cbdd0]} sys_event_queue_receive(equeue=13) aborted
HLE: W {PPU[25] Thread (Task_Bagger_Impl::Worker thread)[0x00667814]} sys_semaphore_wait(22) aborted
RSX: W {RSXThread} RSX thread aborted
HLE: W {Audio Thread} Audio thread aborted
HLE: ! All threads stopped...
MEM: ! Closing memory...
