HLE: ! path: /dev_hdd0/game/
LDR: ! Loading 'D:\Emulateurs\Rpcs3\dev_hdd0\game\NPEA00275/USRDIR/BOOT.BIN'...
LDR: !  
LDR: ! Mount info:
LDR: ! /dev_hdd0/ -> D:\Emulateurs\Rpcs3/dev_hdd0/
LDR: ! /dev_hdd1/ -> D:\Emulateurs\Rpcs3/dev_hdd1/
LDR: ! /dev_flash/ -> D:\Emulateurs\Rpcs3/dev_flash/
LDR: ! /dev_usb000/ -> D:\Emulateurs\Rpcs3/dev_usb000/
LDR: ! /dev_usb/ -> D:\Emulateurs\Rpcs3/dev_usb000/
LDR: ! /app_home/ -> D:\Emulateurs\Rpcs3\dev_hdd0\game\NPEA00275/
LDR: ! /dev_bdvd/ -> D:\Emulateurs\Rpcs3\dev_hdd0\game\NPEA00275//../
LDR: ! /host_root/ -> 
LDR: ! / -> D:\Emulateurs\Rpcs3\dev_hdd0\game\NPEA00275//USRDIR/
LDR: ! /app_home/PS3_GAME/USRDIR/ -> D:\Emulateurs\Rpcs3\dev_hdd0\game\NPEA00275//USRDIR/
LDR: ! /dev_flash2/ -> D:\Emulateurs\Rpcs3/dev_flash2/
LDR: !  
MEM: ! Initing memory...
MEM: ! Memory initialized.
LDR: W Unimplemented function 'cellFsFsync' in 'sys_fs' module
LDR: W Unimplemented function 'Unknown func id: 0x1a267f98' in 'cellSysmodule' module
LDR: W Unimplemented function 'Unknown func id: 0xfd0e1cac' in 'cellSysmodule' module
LDR: W Unimplemented function 'cellMsgDialogClose' in 'cellSysutil' module
LDR: W Unimplemented function 'cellMsgDialogAbort' in 'cellSysutil' module
LDR: W Unimplemented function 'cellMsgDialogProgressBarInc' in 'cellSysutil' module
LDR: W Unimplemented function 'cellSaveDataFixedDelete' in 'cellSysutil' module
LDR: W Unimplemented function 'cellSaveDataDelete2' in 'cellSysutil' module
LDR: W Unimplemented function 'cellSpursBarrierInitialize' in 'cellSpurs' module
LDR: W Unimplemented function 'cellSpursTasksetAttributeSetTasksetSize' in 'cellSpurs' module
LDR: W Unimplemented function 'cellSailGraphicsAdapterGetFrame' in 'cellSail' module
LDR: W Unimplemented function 'cellSailDescriptorCreateDatabase' in 'cellSail' module
LDR: W Unimplemented function 'cellSailPlayerSetSoundAdapter' in 'cellSail' module
LDR: W Unimplemented function 'cellSailGraphicsAdapterPtsToTimePosition' in 'cellSail' module
LDR: W Unimplemented function 'cellSailPlayerFinalize' in 'cellSail' module
LDR: W Unimplemented function 'cellSailPlayerSetGraphicsAdapter' in 'cellSail' module
LDR: W Unimplemented function 'cellSailGraphicsAdapterInitialize' in 'cellSail' module
LDR: W Unimplemented function 'cellSailPlayerInitialize2' in 'cellSail' module
LDR: W Unimplemented function 'cellSailDescriptorDestroyDatabase' in 'cellSail' module
LDR: W Unimplemented function 'cellSailGraphicsAdapterSetPreferredFormat' in 'cellSail' module
LDR: W Unimplemented function 'cellSailMemAllocatorInitialize' in 'cellSail' module
LDR: W Unimplemented function 'cellSailPlayerOpenStream' in 'cellSail' module
LDR: W Unimplemented function 'cellSailPlayerGetRepeatMode' in 'cellSail' module
LDR: W Unimplemented function 'cellSailSoundAdapterInitialize' in 'cellSail' module
LDR: W Unimplemented function 'cellSailGraphicsAdapterUpdateAvSync' in 'cellSail' module
LDR: W Unimplemented function 'cellSailSoundAdapterPtsToTimePosition' in 'cellSail' module
LDR: W Unimplemented function 'cellSailGraphicsAdapterFinalize' in 'cellSail' module
LDR: W Unimplemented function 'cellSailPlayerAddDescriptor' in 'cellSail' module
LDR: W Unimplemented function 'cellSailSoundAdapterGetFrame' in 'cellSail' module
LDR: W Unimplemented function 'cellSailPlayerCloseStream' in 'cellSail' module
LDR: W Unimplemented function 'cellSailPlayerBoot' in 'cellSail' module
LDR: W Unimplemented function 'cellSailSoundAdapterFinalize' in 'cellSail' module
LDR: W Unimplemented function 'cellSailPlayerSetPaused' in 'cellSail' module
LDR: W Unimplemented function 'cellSailDescriptorGetStreamType' in 'cellSail' module
LDR: W Unimplemented function 'cellSailPlayerCreateDescriptor' in 'cellSail' module
LDR: W Unimplemented function 'cellSailPlayerStart' in 'cellSail' module
LDR: W Unimplemented function 'cellSailPlayerStop' in 'cellSail' module
LDR: W Unimplemented function 'cellSailSoundAdapterUpdateAvSync' in 'cellSail' module
LDR: W Unimplemented function 'cellSailSoundAdapterGetFormat' in 'cellSail' module
LDR: W Unimplemented function 'cellSailPlayerSetRepeatMode' in 'cellSail' module
LDR: W Unimplemented function 'cellSailPlayerDestroyDescriptor' in 'cellSail' module
LDR: W Unimplemented function 'cellSailGraphicsAdapterGetFormat' in 'cellSail' module
LDR: W Unimplemented function 'sceNpBasicGetFriendListEntry' in 'sceNp' module
LDR: W Unimplemented function 'sceNpScoreGetRankingByRangeAsync' in 'sceNp' module
LDR: W Unimplemented function 'sceNpScoreDestroyTitleCtx' in 'sceNp' module
LDR: W Unimplemented function 'sceNpScoreInit' in 'sceNp' module
LDR: W Unimplemented function 'sceNpScoreGetRankingByNpIdAsync' in 'sceNp' module
LDR: W Unimplemented function 'sceNpManagerUnregisterCallback' in 'sceNp' module
LDR: W Unimplemented function 'sceNpLookupDestroyTitleCtx' in 'sceNp' module
LDR: W Unimplemented function 'sceNpLookupInit' in 'sceNp' module
LDR: W Unimplemented function 'sceNpManagerGetContentRatingFlag' in 'sceNp' module
LDR: W Unimplemented function 'sceNpScoreCreateTransactionCtx' in 'sceNp' module
LDR: W Unimplemented function 'sceNpLookupPollAsync' in 'sceNp' module
LDR: W Unimplemented function 'sceNpLookupTerm' in 'sceNp' module
LDR: W Unimplemented function 'sceNpLookupTitleSmallStorageAsync' in 'sceNp' module
LDR: W Unimplemented function 'sceNpScoreTerm' in 'sceNp' module
LDR: W Unimplemented function 'sceNpScorePollAsync' in 'sceNp' module
LDR: W Unimplemented function 'sceNpBasicGetFriendListEntryCount' in 'sceNp' module
LDR: W Unimplemented function 'sceNpScoreCreateTitleCtx' in 'sceNp' module
LDR: W Unimplemented function 'sceNpManagerGetNetworkTime' in 'sceNp' module
LDR: W Unimplemented function 'sceNpScoreDestroyTransactionCtx' in 'sceNp' module
LDR: W Unimplemented function 'sceNpLookupCreateTitleCtx' in 'sceNp' module
LDR: W Unimplemented function 'sceNpProfileCallGui' in 'sceNp' module
LDR: W Unimplemented function 'sceNpManagerRegisterCallback' in 'sceNp' module
LDR: W Unimplemented function 'sceNpLookupCreateTransactionCtx' in 'sceNp' module
LDR: W Unimplemented function 'sceNpScoreAbortTransaction' in 'sceNp' module
LDR: W Unimplemented function 'sceNpScoreRecordScoreAsync' in 'sceNp' module
LDR: W Unimplemented function 'sceNpManagerGetOnlineName' in 'sceNp' module
LDR: W Unimplemented function 'sceNpLookupDestroyTransactionCtx' in 'sceNp' module
LDR: W Unimplemented function 'sceNpManagerGetNpId' in 'sceNp' module
LDR: W Unimplemented function 'l10n_convert_str' in 'cellL10n' module
LDR: W Unimplemented function 'l10n_get_converter' in 'cellL10n' module
LDR: W Unknown module 'cellSysutilNpEula'
LDR: W Unknown module 'sceNpCommerce2'
LDR: W Unknown module 'cellHttp'
LDR: W Unimplemented function 'cellSslEnd' in 'cellSsl' module
LDR: W Unimplemented function 'cellSslCertificateLoader' in 'cellSsl' module
LDR: W Unimplemented function 'cellSslInit' in 'cellSsl' module
LDR: W Unimplemented function '_sys_spu_printf_finalize' in 'sysPrxForUser' module
HLE: W PPU[1] Thread (CPUThread)[0x00c34034]sys_lwmutex warning: *** lwmutex created [_lc_mtx] (attribute=0x12): sq_id = 3
HLE: W PPU[1] Thread (CPUThread)[0x0024d054]memory warning: sys_memory_get_user_memory_size(mem_info_addr=0xd0010c04)
HLE: W PPU[1] Thread (CPUThread)[0x00c34034]sys_lwmutex warning: *** lwmutex created [_lc_mtx] (attribute=0x12): sq_id = 4
HLE: W PPU[1] Thread (CPUThread)[0x00c34034]sys_lwmutex warning: *** lwmutex created [_lc_mtx] (attribute=0x12): sq_id = 5
HLE: W PPU[1] Thread (CPUThread)[0x00c34034]sys_lwmutex warning: *** lwmutex created [_lc_mtx] (attribute=0x12): sq_id = 6
HLE: W PPU[1] Thread (CPUThread)[0x00c34034]sys_lwmutex warning: *** lwmutex created [_lc_mtx] (attribute=0x12): sq_id = 7
HLE: W PPU[1] Thread (CPUThread)[0x00c34034]sys_lwmutex warning: *** lwmutex created [_lc_mtx] (attribute=0x12): sq_id = 8
HLE: W PPU[1] Thread (CPUThread)[0x00c34034]sys_lwmutex warning: *** lwmutex created [_lc_mtx] (attribute=0x12): sq_id = 9
HLE: W PPU[1] Thread (CPUThread)[0x00c34034]sys_lwmutex warning: *** lwmutex created [_lc_mtx] (attribute=0x12): sq_id = 10
HLE: W PPU[1] Thread (CPUThread)[0x00c34034]sys_lwmutex warning: *** lwmutex created [_lc_mtx] (attribute=0x12): sq_id = 11
HLE: W PPU[1] Thread (CPUThread)[0x00c34034]sys_lwmutex warning: *** lwmutex created [_lc_mtx] (attribute=0x12): sq_id = 12
HLE: W PPU[1] Thread (CPUThread)[0x0015180c]memory warning: sys_memory_container_create(cid_addr=0x30100010, yield_size=0x1000000)
HLE: W PPU[1] Thread (CPUThread)[0x0015180c]memory warning: *** memory_container created(addr=0x30200000): id = 13
HLE: W PPU[1] Thread (CPUThread)[0x001bf9a8]sys_event_flag warning: sys_event_flag_create(eflag_id_addr=0xbb0aa4, attr_addr=0xd0010b50, init=0x0)
HLE: W PPU[1] Thread (CPUThread)[0x001bf9a8]sys_event_flag warning: *** event_flag created [] (protocol=0x2, type=0x10000): id = 14
PPU: ! PPU[1] Thread (CPUThread)[0x00c3401c]*** New PPU Thread [PFontThread::thread] (flags=0x1, entry=0x34ac98): id = 15
TTY: main 
HLE: W PPU[1] Thread (CPUThread)[0x0033f010]cellSysmodule warning: cellSysmoduleLoadModule(CELL_SYSMODULE_RESC)
HLE: W PPU[1] Thread (CPUThread)[0x0033d01c]cellGcmSys warning: cellGcmInit(context_addr=0xc048dc,cmdSize=0x80000,ioSize=0x100000,ioAddress=0x31300000)
HLE: W PPU[1] Thread (CPUThread)[0x0033d01c]cellGcmSys warning: *** local memory(addr=0xc0000000, size=0xf900000)
HLE: W PPU[1] Thread (CPUThread)[0x0033d01c]cellGcmSys warning: cellGcmMapEaIoAddress(ea=0x31300000, io=0x0, size=0x100000)
RSX: ! RSXThreadRSX thread started
HLE: W PPU[1] Thread (CPUThread)[0x00c100ac]cellSysutil warning: cellVideoOutGetResolutionAvailability(videoOut=0, resolutionId=0x2, option_addr=0x2, aspect=0x0, option=0xa1f6eb00)
HLE: W PPU[1] Thread (CPUThread)[0x0033d004]cellGcmSys warning: cellGcmGetTiledPitchSize(size=5120)
HLE: W PPU[1] Thread (CPUThread)[0x0033d004]cellGcmSys warning: cellGcmGetTiledPitchSize(size=5120)
HLE: W PPU[1] Thread (CPUThread)[0x0033d004]cellGcmSys warning: cellGcmGetTiledPitchSize(size=5120)
HLE: W PPU[1] Thread (CPUThread)[0x00c10010]cellSysutil warning: cellVideoOutConfigure(videoOut=0, config_addr=0xd0010bc4, option_addr=0x0, waitForEvent=0x0)
HLE: W PPU[1] Thread (CPUThread)[0x0033d064]cellGcmSys warning: cellGcmSetFlipMode(mode=2)
HLE: W PPU[1] Thread (CPUThread)[0x0033d118]cellGcmSys warning: cellGcmSetTileInfo(index=0, location=0, offset=0, size=3801088, pitch=5120, comp=0, base=0, bank=0)
HLE: W PPU[1] Thread (CPUThread)[0x0033d058]cellGcmSys warning: cellGcmBindTile(index=0)
HLE: W PPU[1] Thread (CPUThread)[0x0033d118]cellGcmSys warning: cellGcmSetTileInfo(index=1, location=0, offset=3801088, size=3801088, pitch=5120, comp=0, base=0, bank=0)
HLE: W PPU[1] Thread (CPUThread)[0x0033d058]cellGcmSys warning: cellGcmBindTile(index=1)
HLE: W PPU[1] Thread (CPUThread)[0x0033d118]cellGcmSys warning: cellGcmSetTileInfo(index=2, location=0, offset=7602176, size=3801088, pitch=5120, comp=9, base=0, bank=3)
HLE: E PPU[1] Thread (CPUThread)[0x0033d118]cellGcmSys error: cellGcmSetTileInfo: bad compression mode! (9)
HLE: W PPU[1] Thread (CPUThread)[0x0033d058]cellGcmSys warning: cellGcmBindTile(index=2)
HLE: W PPU[1] Thread (CPUThread)[0x0033d0b8]cellGcmSys warning: cellGcmBindZcull(index=0)
HLE: W PPU[1] Thread (CPUThread)[0x001f2438]sys_event warning: sys_event_queue_create(equeue_id_addr=0x3011050c, attr_addr=0xd0010b00, event_queue_key=0x0, size=32)
HLE: W PPU[1] Thread (CPUThread)[0x001f2438]sys_event warning: *** event_queue created [] (protocol=0x2, type=0x1): id = 16
HLE: W PPU[1] Thread (CPUThread)[0x001f2450]sys_event warning: sys_event_port_create(eport_id_addr=0xc04090, port_type=0x1, name=0x0)
HLE: W PPU[1] Thread (CPUThread)[0x001f2450]sys_event warning: *** sys_event_port created: id = 17
HLE: W PPU[1] Thread (CPUThread)[0x001f2460]sys_event warning: sys_event_port_connect_local(eport_id=17, equeue_id=16)
HLE: W PPU[1] Thread (CPUThread)[0x0033d0d0]cellGcmSys warning: cellGcmSetFlipHandler(handler_addr=3465664)
HLE: W PPU[1] Thread (CPUThread)[0x0033f010]cellSysmodule warning: cellSysmoduleLoadModule(CELL_SYSMODULE_FS)
HLE: W PPU[1] Thread (CPUThread)[0x0033f010]cellSysmodule warning: cellSysmoduleLoadModule(CELL_SYSMODULE_SYSUTIL_GAME)
HLE: W PPU[1] Thread (CPUThread)[0x0033f010]cellSysmodule warning: cellSysmoduleLoadModule(CELL_SYSMODULE_SAIL)
HLE: W PPU[1] Thread (CPUThread)[0x0033f010]cellSysmodule warning: cellSysmoduleLoadModule(CELL_SYSMODULE_PAMF)
HLE: W PPU[1] Thread (CPUThread)[0x0033f010]cellSysmodule warning: cellSysmoduleLoadModule(CELL_SYSMODULE_RTC)
HLE: W PPU[1] Thread (CPUThread)[0x0033f010]cellSysmodule warning: cellSysmoduleLoadModule(CELL_SYSMODULE_L10N)
HLE: E PPU[1] Thread (CPUThread)[0x0033f01c]TODO: Unknown func id: 0x1a267f98
HLE: W PPU[1] Thread (CPUThread)[0x00c10040]cellSysutil warning: cellSysutilGetSystemParamInt: CELL_SYSUTIL_SYSTEMPARAM_ID_LANG
HLE: W PPU[1] Thread (CPUThread)[0x0033d100]cellGcmSys warning: cellGcmSetVBlankHandler(handler_addr=0x34e1e0)
HLE: W PPU[1] Thread (CPUThread)[0x00c100a0]cellSysutil warning: cellSysutilRegisterCallback(slot=0, func_addr=0x34e258, userdata=0x0)
HLE: W PPU[1] Thread (CPUThread)[0x00c1204c]cellGame warning: cellGameBootCheck(type_addr=0xa969fc, attributes_addr=0xa96a00, size_addr=0xbcb730, dirName_addr=0x0)
HLE: W PPU[1] Thread (CPUThread)[0x00c12028]cellGame warning: cellGameGetParamInt(id=102, value_addr=0xbcb73c)
HLE: W PPU[1] Thread (CPUThread)[0x00c12010]cellGame warning: cellGameContentPermit(contentInfoPath_addr=0xd0010960, usrdirPath_addr=0xbcbf08)
HLE: W PPU[1] Thread (CPUThread)[0x0033f010]cellSysmodule warning: cellSysmoduleLoadModule(CELL_SYSMODULE_SYSUTIL_NP)
HLE: W PPU[1] Thread (CPUThread)[0x0033f010]cellSysmodule warning: cellSysmoduleLoadModule(CELL_SYSMODULE_SYSUTIL_NP_COMMERCE2)
HLE: W PPU[1] Thread (CPUThread)[0x0033f010]cellSysmodule warning: cellSysmoduleLoadModule(CELL_SYSMODULE_SYSUTIL_NP)
HLE: W PPU[1] Thread (CPUThread)[0x00c32004]sys_net warning: sys_net_initialize_network_ex(param_addr=0xa96cbc)
HLE: E PPU[1] Thread (CPUThread)[0x00c3001c]TODO: cellSslInit
HLE: E PPU[1] Thread (CPUThread)[0x00c2e004]TODO: cellHttpInit
HLE: E PPU[1] Thread (CPUThread)[0x00c2e028]TODO: cellHttpInitCookie
HLE: E PPU[1] Thread (CPUThread)[0x00c30010]TODO: cellSslCertificateLoader
HLE: E PPU[1] Thread (CPUThread)[0x00c30010]TODO: cellSslCertificateLoader
HLE: E PPU[1] Thread (CPUThread)[0x00c2e010]TODO: cellHttpsInit
HLE: E PPU[1] Thread (CPUThread)[0x00c22130]TODO: sceNpManagerRegisterCallback
HLE: E PPU[1] Thread (CPUThread)[0x00c22028]TODO: sceNpScoreInit
HLE: E PPU[1] Thread (CPUThread)[0x00c2c01c]TODO: sceNpCommerce2Init
HLE: W PPU[1] Thread (CPUThread)[0x0033f010]cellSysmodule warning: cellSysmoduleLoadModule(CELL_SYSMODULE_SYSUTIL_NP_TROPHY)
HLE: W PPU[1] Thread (CPUThread)[0x00c28064]sceNpTrophy warning: sceNpTrophyCreateContext(context_addr=0xc04050, commID_addr=0x28c1c4, commSign_addr=0x28c1d0, options=0x0)
HLE: W PPU[1] Thread (CPUThread)[0x00c28010]sceNpTrophy warning: sceNpTrophyCreateHandle(handle_addr=0xc04054)
PPU: ! PPU[1] Thread (CPUThread)[0x00c3401c]*** New PPU Thread [checkhddtrophy] (flags=0x0, entry=0x34e060): id = 18
HLE: W PPU[18] Thread (checkhddtrophy)[0x00c2801c]sceNpTrophy warning: sceNpTrophyGetRequiredDiskSpace(context=0, handle=0, reqspace_addr=0xc04068, options=0x0)
RSX: W RSXThreadNV406E_SEMAPHORE_ACQUIRE: 1
PPU: ! PPU[1] Thread (CPUThread)[0x00c3401c]*** New PPU Thread [tokyojungle_auto_load_check] (flags=0x0, entry=0x34c220): id = 19
HLE: W PPU[19] Thread (tokyojungle_auto_load_check)[0x00c100f4]cellSysutil warning: cellSaveDataAutoLoad2(version=0, dirName_addr=0xd0050d90, errDialog=0, setBuf=0xd0050db0, funcList=0x34c1b0, funcStat=0x34c1b8, funcFile=0xffffffff, container=12321136, userdata_addr=0xa4bdf95e)
HLE: W PPU[19] Thread (tokyojungle_auto_load_check)[0x00c100f4]cellSaveDataAutoLoad2: Couldn't find save entry (NPEA00275-AUTO-)
RSX: W RSXThreadNV406E_SEMAPHORE_ACQUIRE: 1
RSX: W RSXThreadNV406E_SEMAPHORE_ACQUIRE: 1
RSX: W RSXThreadNV406E_SEMAPHORE_ACQUIRE: 1
PPU: ! PPU[1] Thread (CPUThread)[0x00c3401c]*** New PPU Thread [JNP::NPDRMOpenThread] (flags=0x1, entry=0x34ac98): id = 20
HLE: W PPU[20] Thread (JNP::NPDRMOpenThread)[0x00c220d0]sceNp warning: sceNpDrmIsAvailable(k_licensee_addr=0x3b0e58, drm_path_addr=0x301e0300)
HLE: W PPU[20] Thread (JNP::NPDRMOpenThread)[0x00c220d0]sceNp warning: sceNpDrmIsAvailable: Found DRM license file at /dev_hdd0/game/NPEA00275/USRDIR/data/tj.edat
HLE: W PPU[20] Thread (JNP::NPDRMOpenThread)[0x00c220d0]sceNp warning: sceNpDrmIsAvailable: Using k_licensee 0xdb2189788147c0823fffa353a8307957
LDR: E PPU[20] Thread (JNP::NPDRMOpenThread)[0x00c220d0]EDAT: File has invalid NPD header.
HLE: W PPU[20] Thread (JNP::NPDRMOpenThread)[0x0033b034]"/dev_hdd0/game/NPEA00275/USRDIR/data/tj.edat" opened: fd = 21
RSX: W RSXThreadNV406E_SEMAPHORE_ACQUIRE: 1
HLE: W PPU[1] Thread (CPUThread)[0x0017b2b8]sysPrxForUser warning: sys_ppu_thread_join(thread_id=20, vptr_addr=0xd0010720)
HLE: W PPU[1] Thread (CPUThread)[0x0033b004]sys_fs warning: cellFsClose(fd=21)
RSX: W RSXThreadNV406E_SEMAPHORE_ACQUIRE: 1
HLE: W PPU[1] Thread (CPUThread)[0x00c34034]sys_lwmutex warning: *** lwmutex created [] (attribute=0x22): sq_id = 22
HLE: W PPU[1] Thread (CPUThread)[0x00c34034]sys_lwmutex warning: *** lwmutex created [] (attribute=0x22): sq_id = 23
HLE: W PPU[1] Thread (CPUThread)[0x00231fb4]sys_mutex warning: *** mutex created [] (protocol=0x2, recursive=false): id = 24
HLE: W PPU[1] Thread (CPUThread)[0x0023202c]sys_cond warning: *** condition created [] (mutex_id=24): id = 25
HLE: W PPU[1] Thread (CPUThread)[0x0023204c]sys_cond warning: *** condition created [] (mutex_id=24): id = 26
PPU: ! PPU[1] Thread (CPUThread)[0x00c3401c]*** New PPU Thread [sgsfile-req-th] (flags=0x1, entry=0x350268): id = 27
HLE: E PPU[1] Thread (CPUThread)[0x002306c4]Unknown syscall: 631 - 00000277
TTY: sgsfile : arg '/dev_hdd0/game/NPEA00275/USRDIR'
TTY: sgsfile : boot device '5'(/dev_hdd0/game/NPEA00275/)
TTY: sgsfile : boot dir '/game/NPEA00275'
HLE: W PPU[1] Thread (CPUThread)[0x0033d0c4]cellGcmSys warning: cellGcmMapMainMemory(ea=0x31500000,size=0x100000,offset_addr=0xbaf860)
HLE: W PPU[1] Thread (CPUThread)[0x0033d0c4]cellGcmSys warning: cellGcmMapMainMemory(ea=0x31600000,size=0x100000,offset_addr=0xd00109b0)
HLE: W PPU[1] Thread (CPUThread)[0x0033d0c4]cellGcmSys warning: cellGcmMapMainMemory(ea=0x31700000,size=0x100000,offset_addr=0xd00109b0)
HLE: W PPU[1] Thread (CPUThread)[0x0033f010]cellSysmodule warning: cellSysmoduleLoadModule(CELL_SYSMODULE_FONT)
HLE: W PPU[1] Thread (CPUThread)[0x0033f010]cellSysmodule warning: cellSysmoduleLoadModule(CELL_SYSMODULE_FREETYPE)
HLE: W PPU[1] Thread (CPUThread)[0x0033f010]cellSysmodule warning: cellSysmoduleLoadModule(CELL_SYSMODULE_FONTFT)
HLE: W PPU[1] Thread (CPUThread)[0x00c34034]sys_lwmutex warning: *** lwmutex created [_lc_mtx] (attribute=0x12): sq_id = 28
HLE: W PPU[1] Thread (CPUThread)[0x0033913c]cellFont warning: cellFontInitializeWithRevision(revisionFlags=0x61, config=0xd0010878)
HLE: W PPU[1] Thread (CPUThread)[0x00337004]cellFontFT warning: cellFontInitLibraryFreeTypeWithRevision(revisionFlags=0x42, config_addr=0xd0010860, lib_addr_addr=0xd0010850
HLE: W PPU[1] Thread (CPUThread)[0x003390f4]cellFont warning: cellFontOpenFontset: fontType->type = 16908288 not supported yet. RD-R-LATIN.TTF will be used instead.
HLE: W PPU[1] Thread (CPUThread)[0x003390f4]cellFont warning: cellFontOpenFontFile(library_addr=0x30017000, fontPath="/dev_flash/data/font/SCE-PS3-RD-R-LATIN.TTF", subNum=0, uniqueId=0, font_addr=0xa6c624)
HLE: W PPU[1] Thread (CPUThread)[0x003390f4]cellFont warning: cellFontOpenFontMemory(library_addr=0x30017000, fontAddr=0x30019000, fontSize=38388, subNum=0, uniqueId=0, font_addr=0xa6c624)
HLE: E PPU[1] Thread (CPUThread)[0x00339154]cellFont error: Unimplemented function: cellFontSetResolutionDpi
HLE: E PPU[1] Thread (CPUThread)[0x00339094]cellFont error: Unimplemented function: cellFontSetScalePoint
HLE: W PPU[1] Thread (CPUThread)[0x00339004]cellFont warning: cellFontCreateRenderer(library_addr=0x30017000, config_addr=0xd0010880, Renderer_addr=0xb6e0e0)
HLE: W PPU[1] Thread (CPUThread)[0x00339004]cellFont warning: cellFontCreateRenderer(library_addr=0x30017000, config_addr=0xd0010880, Renderer_addr=0xb6e20c)
HLE: W PPU[1] Thread (CPUThread)[0x0033904c]cellFont warning: cellFontOpenFontInstance(openedFont=0xa6c624, font=0xb6e338)
HLE: W PPU[1] Thread (CPUThread)[0x0033907c]cellFont warning: cellFontBindRenderer(font_addr=0xb6e338, renderer_addr=0xb6e0e0)
HLE: W PPU[1] Thread (CPUThread)[0x0033907c]cellFont warning: cellFontBindRenderer(font_addr=0xb6e338, renderer_addr=0xb6e20c)
HLE: E PPU[1] Thread (CPUThread)[0x00339040]cellFont error: Unimplemented function: cellFontSetEffectWeight
HLE: E PPU[1] Thread (CPUThread)[0x00339088]cellFont error: Unimplemented function: cellFontGetVerticalLayout
HLE: E PPU[1] Thread (CPUThread)[0x003390e8]cellFont error: Unimplemented function: cellFontSetupRenderEffectWeight
HLE: E PPU[1] Thread (CPUThread)[0x003390a0]cellFont error: Unimplemented function: cellFontSetupRenderEffectSlant
HLE: W PPU[1] Thread (CPUThread)[0x003390d0]cellFont warning: cellFontRenderSurfaceInit(surface_addr=0xd0010648, buffer_addr=0x0, bufferWidthByte=64, pixelSizeByte=1, w=64, h=64)
HLE: W PPU[1] Thread (CPUThread)[0x0033910c]cellFont warning: cellFontRenderSurfaceSetScissor(surface_addr=0xd0010648, x0=0, y0=0, w=64, h=64)
TTY: === SGX system initialize ... ===
HLE: W PPU[1] Thread (CPUThread)[0x00c34034]sys_lwmutex warning: *** lwmutex created [] (attribute=0x12): sq_id = 29
HLE: W PPU[1] Thread (CPUThread)[0x00c34034]sys_lwmutex warning: *** lwmutex created [] (attribute=0x12): sq_id = 30
HLE: W PPU[1] Thread (CPUThread)[0x00c34034]sys_lwmutex warning: *** lwmutex created [] (attribute=0x12): sq_id = 31
HLE: W PPU[1] Thread (CPUThread)[0x00c34034]sys_lwmutex warning: *** lwmutex created [] (attribute=0x12): sq_id = 32
HLE: W PPU[1] Thread (CPUThread)[0x00c34034]sys_lwmutex warning: *** lwmutex created [] (attribute=0x12): sq_id = 33
HLE: W PPU[1] Thread (CPUThread)[0x00c180dc]cellSpurs warning: _cellSpursAttributeInitialize(attr_addr=0xd00104e8, nSpus=2, spuPriority=3342336, ppuPriority=1, exitIfNoWork=32)
HLE: W PPU[1] Thread (CPUThread)[0x00c18004]cellSpurs warning: cellSpursAttributeSetNamePrefix(attr_addr=0xd00104e8, prefix_addr=0x28d3a8, size=0xa)
HLE: W PPU[1] Thread (CPUThread)[0x00c18118]cellSpurs warning: cellSpursInitializeWithAttribute(spurs_addr=0xc07680, spurs_addr=0xd00104e8)
TTY:  initialized SPURS v2 (1,110,32,1, 1, 1,1,1,1, 1,1,1,1)
HLE: W PPU[1] Thread (CPUThread)[0x0020fcc8]sys_event warning: sys_event_queue_create(equeue_id_addr=0xc08680, attr_addr=0xd00103d8, event_queue_key=0x0, size=8)
HLE: W PPU[1] Thread (CPUThread)[0x0020fcc8]sys_event warning: *** event_queue created [] (protocol=0x2, type=0x1): id = 34
HLE: W PPU[1] Thread (CPUThread)[0x0020fcec]sys_event warning: sys_event_port_create(eport_id_addr=0xc08690, port_type=0x1, name=0xfee1dead)
HLE: W PPU[1] Thread (CPUThread)[0x0020fcec]sys_event warning: *** sys_event_port created: id = 35
HLE: W PPU[1] Thread (CPUThread)[0x0020fd04]sys_event warning: sys_event_port_connect_local(eport_id=35, equeue_id=34)
HLE: W PPU[1] Thread (CPUThread)[0x00c18130]cellSpurs warning: cellSpursAttachLv2EventQueue(spurs_addr=0xc07680, queue=0x22, port_addr=0xd00103b0, isDynamic=0)
PPU: ! PPU[1] Thread (CPUThread)[0x00c3401c]*** New PPU Thread [sgx-spurs-printf-handler] (flags=0x1, entry=0x34ef20): id = 36
TTY:  created SPURS printf server
HLE: W PPU[1] Thread (CPUThread)[0x00c34034]sys_lwmutex warning: *** lwmutex created [] (attribute=0x22): sq_id = 37
HLE: W PPU[1] Thread (CPUThread)[0x00210054]sys_event warning: sys_event_queue_create(equeue_id_addr=0x31249d98, attr_addr=0xd0010700, event_queue_key=0x0, size=1)
HLE: W PPU[1] Thread (CPUThread)[0x00210054]sys_event warning: *** event_queue created [] (protocol=0x2, type=0x1): id = 38
HLE: W PPU[1] Thread (CPUThread)[0x00c18130]cellSpurs warning: cellSpursAttachLv2EventQueue(spurs_addr=0xc07680, queue=0x26, port_addr=0x31249d9c, isDynamic=1)
TTY:  created SOC job (31249B80,20480,26,0)
HLE: E PPU[1] Thread (CPUThread)[0x00c1804c]cellSpurs error: Unimplemented function: _cellSpursJobChainAttributeInitialize
HLE: E PPU[1] Thread (CPUThread)[0x00c180f4]cellSpurs error: Unimplemented function: cellSpursJobChainAttributeSetName
HLE: E PPU[1] Thread (CPUThread)[0x00c18040]cellSpurs error: Unimplemented function: cellSpursCreateJobChainWithAttribute
HLE: E PPU[1] Thread (CPUThread)[0x00c18088]cellSpurs error: Unimplemented function: cellSpursJobGuardInitialize
HLE: E PPU[1] Thread (CPUThread)[0x00c18178]cellSpurs error: Unimplemented function: cellSpursRunJobChain
HLE: E PPU[1] Thread (CPUThread)[0x00c18160]cellSpurs error: Unimplemented function: cellSpursJobGuardNotify
RSX: W RSXThreadRSX thread aborted
HLE: W PPU[1] Thread (CPUThread)[0x0020e62c]sys_event_queue_receive(equeue=38) aborted
RSX: W VBlank threadVBlank thread aborted
HLE: W PPU[36] Thread (sgx-spurs-printf-handler)[0x00210254]sys_event_queue_receive(equeue=34) aborted
HLE: W PPU[15] Thread (PFontThread::thread)[0x001bf76c]sys_event_flag_wait(id=14) aborted
HLE: W PPU[27] Thread (sgsfile-req-th)[0x002322e8]sys_cond_wait(id=25) aborted
HLE: ! All threads stopped...
MEM: ! Closing memory...
