HLE: ! path: /dev_hdd0/game/
LDR: ! Loading 'D:\Emulateurs\Rpcs3\dev_hdd0\game\NPEA00016/USRDIR/BOOT.BIN'...
LDR: !  
LDR: ! Mount info:
LDR: ! /dev_hdd0/ -> D:\Emulateurs\Rpcs3/dev_hdd0/
LDR: ! /dev_hdd1/ -> D:\Emulateurs\Rpcs3/dev_hdd1/
LDR: ! /dev_flash/ -> D:\Emulateurs\Rpcs3/dev_flash/
LDR: ! /dev_usb000/ -> D:\Emulateurs\Rpcs3/dev_usb000/
LDR: ! /dev_usb/ -> D:\Emulateurs\Rpcs3/dev_usb000/
LDR: ! /app_home/ -> D:\Emulateurs\Rpcs3\dev_hdd0\game\NPEA00016/
LDR: ! /dev_bdvd/ -> D:\Emulateurs\Rpcs3\dev_hdd0\game\NPEA00016//../
LDR: ! /host_root/ -> 
LDR: ! / -> D:\Emulateurs\Rpcs3\dev_hdd0\game\NPEA00016//USRDIR/
LDR: ! /app_home/PS3_GAME/USRDIR/ -> D:\Emulateurs\Rpcs3\dev_hdd0\game\NPEA00016//USRDIR/
LDR: ! /dev_flash2/ -> D:\Emulateurs\Rpcs3/dev_flash2/
LDR: ! /app_home/Game/PS3_GAME/USRDIR/ -> D:\Emulateurs\Rpcs3\dev_hdd0\game\NPEA00016//USRDIR/
LDR: !  
MEM: ! Initing memory...
MEM: ! Memory initialized.
LDR: W Unimplemented function 'cellFsAioCancel' in 'sys_fs' module
LDR: W Unimplemented function 'cellSaveDataDelete2' in 'cellSysutil' module
LDR: W Unimplemented function 'sceNpCommerceGetChildProductSkuInfo' in 'sceNp' module
LDR: W Unimplemented function 'sceNpScoreGetRankingByRangeAsync' in 'sceNp' module
LDR: W Unimplemented function 'sceNpScoreDestroyTitleCtx' in 'sceNp' module
LDR: W Unimplemented function 'sceNpCommerceGetProductCategoryStart' in 'sceNp' module
LDR: W Unimplemented function 'sceNpCommerceGetNumOfChildCategory' in 'sceNp' module
LDR: W Unimplemented function 'sceNpScoreInit' in 'sceNp' module
LDR: W Unimplemented function 'sceNpCommerceGetCategoryDescription' in 'sceNp' module
LDR: W Unimplemented function 'sceNpCommerceGetSkuId' in 'sceNp' module
LDR: W Unimplemented function 'sceNpScoreGetRankingByNpIdAsync' in 'sceNp' module
LDR: W Unimplemented function 'sceNpCommerceGetProductCategoryResult' in 'sceNp' module
LDR: W Unimplemented function 'sceNpManagerUnregisterCallback' in 'sceNp' module
LDR: W Unimplemented function 'sceNpCommerceGetProductCategoryAbort' in 'sceNp' module
LDR: W Unimplemented function 'sceNpCommerceDestroyProductCategory' in 'sceNp' module
LDR: W Unimplemented function 'sceNpCommerceGetCategoryName' in 'sceNp' module
LDR: W Unimplemented function 'sceNpManagerGetContentRatingFlag' in 'sceNp' module
LDR: W Unimplemented function 'sceNpScoreCreateTransactionCtx' in 'sceNp' module
LDR: W Unimplemented function 'sceNpCommerceGetNumOfChildProductSku' in 'sceNp' module
LDR: W Unimplemented function 'sceNpCommerceGetSkuPrice' in 'sceNp' module
LDR: W Unimplemented function 'sceNpCommerceGetCurrencyCode' in 'sceNp' module
LDR: W Unimplemented function 'sceNpManagerRequestTicket2' in 'sceNp' module
LDR: W Unimplemented function 'sceNpCommerceInitProductCategory' in 'sceNp' module
LDR: W Unimplemented function 'sceNpScoreTerm' in 'sceNp' module
LDR: W Unimplemented function 'sceNpScorePollAsync' in 'sceNp' module
LDR: W Unimplemented function 'sceNpCommerceGetSkuDescription' in 'sceNp' module
LDR: W Unimplemented function 'sceNpBasicUnregisterHandler' in 'sceNp' module
LDR: W Unimplemented function 'sceNpCommerceGetCategoryId' in 'sceNp' module
LDR: W Unimplemented function 'sceNpCommerceDoCheckoutFinishAsync' in 'sceNp' module
LDR: W Unimplemented function 'sceNpCommerceGetCurrencyDecimals' in 'sceNp' module
LDR: W Unimplemented function 'sceNpCommerceGetCurrencyInfo' in 'sceNp' module
LDR: W Unimplemented function 'sceNpManagerGetAccountRegion' in 'sceNp' module
LDR: W Unimplemented function 'sceNpManagerGetEntitlementIdList' in 'sceNp' module
LDR: W Unimplemented function 'sceNpScoreCreateTitleCtx' in 'sceNp' module
LDR: W Unimplemented function 'sceNpCommerceGetChildCategoryInfo' in 'sceNp' module
LDR: W Unimplemented function 'sceNpBasicRegisterHandler' in 'sceNp' module
LDR: W Unimplemented function 'sceNpManagerGetNetworkTime' in 'sceNp' module
LDR: W Unimplemented function 'sceNpScoreDestroyTransactionCtx' in 'sceNp' module
LDR: W Unimplemented function 'sceNpCommerceGetSkuImageURL' in 'sceNp' module
LDR: W Unimplemented function 'sceNpCommerceGetProductCategoryFinish' in 'sceNp' module
LDR: W Unimplemented function 'sceNpScoreGetGameDataAsync' in 'sceNp' module
LDR: W Unimplemented function 'sceNpScoreGetBoardInfoAsync' in 'sceNp' module
LDR: W Unimplemented function 'sceNpBasicGetEvent' in 'sceNp' module
LDR: W Unimplemented function 'sceNpCommerceDestroyCtx' in 'sceNp' module
LDR: W Unimplemented function 'sceNpCommerceDoCheckoutStartAsync' in 'sceNp' module
LDR: W Unimplemented function 'sceNpManagerRegisterCallback' in 'sceNp' module
LDR: W Unimplemented function 'sceNpCommerceGetProductName' in 'sceNp' module
LDR: W Unimplemented function 'sceNpScoreAbortTransaction' in 'sceNp' module
LDR: W Unimplemented function 'sceNpScoreRecordScoreAsync' in 'sceNp' module
LDR: W Unimplemented function 'sceNpScoreRecordGameDataAsync' in 'sceNp' module
LDR: W Unimplemented function 'sceNpCommerceCreateCtx' in 'sceNp' module
LDR: W Unimplemented function 'sceNpManagerGetNpId' in 'sceNp' module
LDR: W Unknown module 'cellHttp'
LDR: W Unimplemented function 'cellHttpUtilParseUri' in 'cellHttpUtil' module
HLE: W PPU[1] Thread (CPUThread)[0x0048b034]sys_lwmutex warning: *** lwmutex created [_lc_mtx] (attribute=0x12): sq_id = 3
HLE: W PPU[1] Thread (CPUThread)[0x0023552c]memory warning: sys_memory_get_user_memory_size(mem_info_addr=0xd0010c04)
HLE: W PPU[1] Thread (CPUThread)[0x0048b034]sys_lwmutex warning: *** lwmutex created [_lc_mtx] (attribute=0x12): sq_id = 4
HLE: W PPU[1] Thread (CPUThread)[0x0048b034]sys_lwmutex warning: *** lwmutex created [_lc_mtx] (attribute=0x12): sq_id = 5
HLE: W PPU[1] Thread (CPUThread)[0x0048b034]sys_lwmutex warning: *** lwmutex created [_lc_mtx] (attribute=0x12): sq_id = 6
HLE: W PPU[1] Thread (CPUThread)[0x0048b034]sys_lwmutex warning: *** lwmutex created [_lc_mtx] (attribute=0x12): sq_id = 7
HLE: W PPU[1] Thread (CPUThread)[0x0048b034]sys_lwmutex warning: *** lwmutex created [_lc_mtx] (attribute=0x12): sq_id = 8
HLE: W PPU[1] Thread (CPUThread)[0x0048b034]sys_lwmutex warning: *** lwmutex created [_lc_mtx] (attribute=0x12): sq_id = 9
HLE: W PPU[1] Thread (CPUThread)[0x0048b034]sys_lwmutex warning: *** lwmutex created [_lc_mtx] (attribute=0x12): sq_id = 10
HLE: W PPU[1] Thread (CPUThread)[0x0048b034]sys_lwmutex warning: *** lwmutex created [_lc_mtx] (attribute=0x12): sq_id = 11
HLE: W PPU[1] Thread (CPUThread)[0x0048b034]sys_lwmutex warning: *** lwmutex created [_lc_mtx] (attribute=0x12): sq_id = 12
HLE: W PPU[1] Thread (CPUThread)[0x0048b034]sys_lwmutex warning: *** lwmutex created [_lgcmtx] (attribute=0x12): sq_id = 13
HLE: W PPU[1] Thread (CPUThread)[0x0048b034]sys_lwmutex warning: *** lwmutex created [_lgcmtx] (attribute=0x12): sq_id = 14
HLE: W PPU[1] Thread (CPUThread)[0x0048b034]sys_lwmutex warning: *** lwmutex created [] (attribute=0x22): sq_id = 15
HLE: W PPU[1] Thread (CPUThread)[0x0048b034]sys_lwmutex warning: *** lwmutex created [] (attribute=0x22): sq_id = 16
HLE: W PPU[1] Thread (CPUThread)[0x0048b034]sys_lwmutex warning: *** lwmutex created [] (attribute=0x22): sq_id = 17
HLE: W PPU[1] Thread (CPUThread)[0x0048b034]sys_lwmutex warning: *** lwmutex created [] (attribute=0x22): sq_id = 18
HLE: W PPU[1] Thread (CPUThread)[0x0048b034]sys_lwmutex warning: *** lwmutex created [] (attribute=0x22): sq_id = 19
HLE: W PPU[1] Thread (CPUThread)[0x0048b034]sys_lwmutex warning: *** lwmutex created [] (attribute=0x22): sq_id = 20
HLE: W PPU[1] Thread (CPUThread)[0x0048b034]sys_lwmutex warning: *** lwmutex created [] (attribute=0x22): sq_id = 21
HLE: W PPU[1] Thread (CPUThread)[0x0048b034]sys_lwmutex warning: *** lwmutex created [] (attribute=0x22): sq_id = 22
HLE: W PPU[1] Thread (CPUThread)[0x0048b034]sys_lwmutex warning: *** lwmutex created [] (attribute=0x22): sq_id = 23
HLE: W PPU[1] Thread (CPUThread)[0x0048b034]sys_lwmutex warning: *** lwmutex created [] (attribute=0x22): sq_id = 24
HLE: W PPU[1] Thread (CPUThread)[0x0048b034]sys_lwmutex warning: *** lwmutex created [] (attribute=0x22): sq_id = 25
HLE: W PPU[1] Thread (CPUThread)[0x0048b034]sys_lwmutex warning: *** lwmutex created [] (attribute=0x22): sq_id = 26
HLE: W PPU[1] Thread (CPUThread)[0x0048b034]sys_lwmutex warning: *** lwmutex created [] (attribute=0x22): sq_id = 27
HLE: W PPU[1] Thread (CPUThread)[0x0048b034]sys_lwmutex warning: *** lwmutex created [] (attribute=0x22): sq_id = 28
HLE: W PPU[1] Thread (CPUThread)[0x0048b034]sys_lwmutex warning: *** lwmutex created [] (attribute=0x22): sq_id = 29
HLE: W PPU[1] Thread (CPUThread)[0x0004518c]memory warning: sys_memory_container_create(cid_addr=0x3baad8, yield_size=0x3400000)
HLE: W PPU[1] Thread (CPUThread)[0x0004518c]memory warning: *** memory_container created(addr=0x30300000): id = 30
HLE: W PPU[1] Thread (CPUThread)[0x0032b034]cellSysutil warning: cellSysutilGetSystemParamInt: CELL_SYSUTIL_SYSTEMPARAM_ID_LANG
TTY: !! system language: 2 !!
HLE: W PPU[1] Thread (CPUThread)[0x0048b034]sys_lwmutex warning: *** lwmutex created [] (attribute=0x12): sq_id = 31
HLE: W PPU[1] Thread (CPUThread)[0x00325010]cellSysmodule warning: cellSysmoduleLoadModule(CELL_SYSMODULE_SPURS)
HLE: W PPU[1] Thread (CPUThread)[0x00325010]cellSysmodule warning: cellSysmoduleLoadModule(CELL_SYSMODULE_GCM_SYS)
HLE: W PPU[1] Thread (CPUThread)[0x00325010]cellSysmodule warning: cellSysmoduleLoadModule(CELL_SYSMODULE_RTC)
HLE: W PPU[1] Thread (CPUThread)[0x00325010]cellSysmodule warning: cellSysmoduleLoadModule(CELL_SYSMODULE_FS)
HLE: W PPU[1] Thread (CPUThread)[0x00325010]cellSysmodule warning: cellSysmoduleLoadModule(CELL_SYSMODULE_AUDIO)
HLE: W PPU[1] Thread (CPUThread)[0x00325010]cellSysmodule warning: cellSysmoduleLoadModule(CELL_SYSMODULE_IO)
HLE: W PPU[1] Thread (CPUThread)[0x00325010]cellSysmodule warning: cellSysmoduleLoadModule(CELL_SYSMODULE_SYSUTIL_NP)
HLE: W PPU[1] Thread (CPUThread)[0x00325010]cellSysmodule warning: cellSysmoduleLoadModule(CELL_SYSMODULE_NET)
HLE: W PPU[1] Thread (CPUThread)[0x00325010]cellSysmodule warning: cellSysmoduleLoadModule(CELL_SYSMODULE_L10N)
HLE: W PPU[1] Thread (CPUThread)[0x00325010]cellSysmodule warning: cellSysmoduleLoadModule(CELL_SYSMODULE_HTTP)
HLE: W PPU[1] Thread (CPUThread)[0x00325010]cellSysmodule warning: cellSysmoduleLoadModule(CELL_SYSMODULE_HTTP_UTIL)
HLE: W PPU[1] Thread (CPUThread)[0x00325010]cellSysmodule warning: cellSysmoduleLoadModule(CELL_SYSMODULE_PNGDEC)
HLE: W PPU[1] Thread (CPUThread)[0x00329088]sys_fs warning: cellFsAioInit(mount_point_addr=0x30225b10 (/app_home/Game/PS3_GAME/USRDIR))
HLE: W PPU[1] Thread (CPUThread)[0x00046060]sys_spu warning: sys_spu_initialize(max_usable_spu=6, max_raw_spu=0)
HLE: W PPU[1] Thread (CPUThread)[0x0032b064]cellSysutil warning: cellSysutilRegisterCallback(slot=0, func_addr=0x33ca98, userdata=0x3baa88)
HLE: W PPU[1] Thread (CPUThread)[0x0032f07c]cellSpurs warning: _cellSpursAttributeInitialize(attr_addr=0xd0010a10, nSpus=2, spuPriority=2228226, ppuPriority=5, exitIfNoWork=250)
HLE: W PPU[1] Thread (CPUThread)[0x0032f004]cellSpurs warning: cellSpursAttributeSetNamePrefix(attr_addr=0xd0010a10, prefix_addr=0x2f3188, size=0x7)
HLE: W PPU[1] Thread (CPUThread)[0x0032f0a0]cellSpurs warning: cellSpursInitializeWithAttribute(spurs_addr=0x30237700, spurs_addr=0xd0010a10)
HLE: W PPU[1] Thread (CPUThread)[0x0011453c]sys_event warning: sys_event_queue_create(equeue_id_addr=0x4183e0, attr_addr=0xd0010854, event_queue_key=0x0, size=8)
HLE: W PPU[1] Thread (CPUThread)[0x0011453c]sys_event warning: *** event_queue created [] (protocol=0x2, type=0x1): id = 32
PPU: ! PPU[1] Thread (CPUThread)[0x0048b01c]*** New PPU Thread [spu_printf_handler] (flags=0x1, entry=0x346ad8): id = 33
HLE: W PPU[1] Thread (CPUThread)[0x001145c4]sys_event warning: sys_event_port_create(eport_id_addr=0x4183d0, port_type=0x1, name=0xfee1dead)
HLE: W PPU[1] Thread (CPUThread)[0x001145c4]sys_event warning: *** sys_event_port created: id = 34
HLE: W PPU[1] Thread (CPUThread)[0x001145dc]sys_event warning: sys_event_port_connect_local(eport_id=34, equeue_id=32)
HLE: W PPU[1] Thread (CPUThread)[0x0032f0ac]cellSpurs warning: cellSpursAttachLv2EventQueue(spurs_addr=0x30237700, queue=0x20, port_addr=0xd0010850, isDynamic=0)
HLE: W PPU[1] Thread (CPUThread)[0x0032d010]cellGcmSys warning: cellGcmInit(context_addr=0x42f750,cmdSize=0x400000,ioSize=0x5d00000,ioAddress=0x33800000)
HLE: W PPU[1] Thread (CPUThread)[0x0032d010]cellGcmSys warning: *** local memory(addr=0xc0000000, size=0xf900000)
HLE: W PPU[1] Thread (CPUThread)[0x0032d010]cellGcmSys warning: cellGcmMapEaIoAddress(ea=0x33800000, io=0x0, size=0x5d00000)
RSX: ! RSXThreadRSX thread started
HLE: W PPU[1] Thread (CPUThread)[0x0032d004]cellGcmSys warning: cellGcmGetTiledPitchSize(size=5120)
HLE: W PPU[1] Thread (CPUThread)[0x0032d004]cellGcmSys warning: cellGcmGetTiledPitchSize(size=5120)
HLE: W PPU[1] Thread (CPUThread)[0x0032d004]cellGcmSys warning: cellGcmGetTiledPitchSize(size=5120)
HLE: W PPU[1] Thread (CPUThread)[0x0032b010]cellSysutil warning: cellVideoOutConfigure(videoOut=0, config_addr=0xd00107c8, option_addr=0x0, waitForEvent=0x0)
HLE: W PPU[1] Thread (CPUThread)[0x0032d040]cellGcmSys warning: cellGcmSetFlipMode(mode=2)
HLE: W PPU[1] Thread (CPUThread)[0x0032d070]cellGcmSys warning: cellGcmSetVBlankHandler(handler_addr=0x33e480)
HLE: W PPU[1] Thread (CPUThread)[0x0032d094]cellGcmSys warning: cellGcmSetTile(index=13, location=0, offset=16711680, size=3801088, pitch=5120, comp=0, base=0, bank=0)
HLE: W PPU[1] Thread (CPUThread)[0x0032d094]cellGcmSys warning: cellGcmSetTile(index=14, location=0, offset=20512768, size=3801088, pitch=5120, comp=0, base=0, bank=0)
HLE: W PPU[1] Thread (CPUThread)[0x0032d094]cellGcmSys warning: cellGcmSetTile(index=0, location=0, offset=0, size=5570560, pitch=5120, comp=0, base=0, bank=2)
HLE: W PPU[1] Thread (CPUThread)[0x0032d094]cellGcmSys warning: cellGcmSetTile(index=1, location=0, offset=5570560, size=5570560, pitch=5120, comp=0, base=0, bank=2)
HLE: W PPU[1] Thread (CPUThread)[0x0032d094]cellGcmSys warning: cellGcmSetTile(index=2, location=0, offset=11141120, size=5570560, pitch=5120, comp=10, base=0, bank=0)
HLE: E PPU[1] Thread (CPUThread)[0x0032d094]cellGcmSys error: cellGcmSetTile: bad comp! (10)
HLE: W PPU[1] Thread (CPUThread)[0x0032d0a0]cellGcmSys warning: TODO: cellGcmSetZcull(index=0, offset=0xaa0000, width=1280, height=1088, cullStart=0x0, zFormat=0x2, aaFormat=0x0, zCullDir=0x0, zCullFormat=0x1, sFunc=0x201, sRef=0x80, sMask=0xff)
HLE: W PPU[1] Thread (CPUThread)[0x00042950]sys_event warning: sys_event_queue_create(equeue_id_addr=0x3baa74, attr_addr=0xd0010870, event_queue_key=0x0, size=64)
HLE: W PPU[1] Thread (CPUThread)[0x00042950]sys_event warning: *** event_queue created [] (protocol=0x2, type=0x1): id = 35
PPU: ! PPU[1] Thread (CPUThread)[0x0048b01c]*** New PPU Thread [ResMan] (flags=0x1, entry=0x33c820): id = 36
HLE: W PPU[1] Thread (CPUThread)[0x000429bc]sys_event warning: sys_event_port_create(eport_id_addr=0x3baa70, port_type=0x1, name=0x1234)
HLE: W PPU[1] Thread (CPUThread)[0x000429bc]sys_event warning: *** sys_event_port created: id = 37
HLE: W PPU[1] Thread (CPUThread)[0x000429d8]sys_event warning: sys_event_port_connect_local(eport_id=37, equeue_id=35)
HLE: W PPU[1] Thread (CPUThread)[0x0032b07c]cellSysutil warning: cellAudioOutGetSoundAvailability(audioOut=0, type=0, fs=0x4, option=0)
HLE: W PPU[1] Thread (CPUThread)[0x0032b07c]cellSysutil warning: cellAudioOutGetSoundAvailability(audioOut=0, type=1, fs=0x4, option=0)
HLE: W PPU[1] Thread (CPUThread)[0x0032b040]cellSysutil warning: cellAudioOutConfigure(audioOut=0, config_addr=0xd0010780, option_addr=0x0, (!)waitForEvent=0)
HLE: W PPU[1] Thread (CPUThread)[0x0047b004]cellAudio warning: cellAudioInit()
HLE: ! Audio ThreadAudio thread started
HLE: W PPU[1] Thread (CPUThread)[0x0047b034]cellAudio warning: cellAudioPortOpen(audioParam_addr=0x389fb8, portNum_addr=0x389ff8)
HLE: W PPU[1] Thread (CPUThread)[0x0047b034]cellAudio warning: *** audio port opened(nChannel=8, nBlock=8, attr=0x0, level=1.000000): port = 0
HLE: W PPU[1] Thread (CPUThread)[0x0047b010]cellAudio warning: cellAudioGetPortConfig(portNum=0x0, portConfig_addr=0x389fd8)
HLE: W PPU[1] Thread (CPUThread)[0x0048b034]sys_lwmutex warning: *** lwmutex created [] (attribute=0x22): sq_id = 38
HLE: W PPU[1] Thread (CPUThread)[0x0021083c]sys_event warning: sys_event_queue_create(equeue_id_addr=0x438004, attr_addr=0xd001074c, event_queue_key=0x0, size=32)
HLE: W PPU[1] Thread (CPUThread)[0x0021083c]sys_event warning: *** event_queue created [ÐÀ] (protocol=0x2, type=0x1): id = 39
HLE: W PPU[1] Thread (CPUThread)[0x00210864]sys_spu warning: sys_spu_thread_group_create(id_addr=0x438108, num=1, prio=100, attr_addr=0xd001073c)
HLE: W PPU[1] Thread (CPUThread)[0x00210864]sys_spu warning: *** SPU Thread Group created [_Multistream Thread Group] (type=0x0, option.ct=0x0): id=40
HLE: W PPU[1] Thread (CPUThread)[0x0048b0ac]sysPrxForUser warning: sys_spu_image_import(img=0x43810c, src=0x314a00, type=0x1)
LDR: W PPU[1] Thread (CPUThread)[0x0048b0ac]desc = 'msngSPU_ATRAC'
HLE: W PPU[1] Thread (CPUThread)[0x002108f4]sys_spu warning: sys_spu_thread_initialize(thread_addr=0x436604, group=0x28, spu_num=0, img_addr=0x43810c, attr_addr=0xd0010730, arg_addr=0xd0010760)
HLE: W PPU[1] Thread (CPUThread)[0x002108f4]sys_spu warning: *** New SPU Thread [_Multistream SPU Thread] (img_offset=0x48f000, ls_offset=0x4cf000, ep=0x100, a1=0x2356c0, a2=0x80, a3=0xd0010820, a4=0x24000084302276d0): id=41
HLE: W PPU[1] Thread (CPUThread)[0x00210918]sys_spu warning: sys_spu_thread_connect_event(id=41, eq_id=39, event_type=0x1, spup=42)
HLE: W PPU[1] Thread (CPUThread)[0x00210930]sys_spu warning: sys_spu_thread_group_start(id=40)
TTY: MULTISTREAM: SPU thread started successfully (Thread ID : 29)
HLE: W PPU[1] Thread (CPUThread)[0x00329034]"/dev_flash/sys/external/flashATRAC.pic" opened: fd = 42
HLE: W PPU[1] Thread (CPUThread)[0x00329004]sys_fs warning: cellFsClose(fd=42)
HLE: W PPU[1] Thread (CPUThread)[0x0001433c]sys_event warning: sys_event_queue_create(equeue_id_addr=0x38a014, attr_addr=0x38a018, event_queue_key=0x0, size=1)
HLE: W PPU[1] Thread (CPUThread)[0x0001433c]sys_event warning: *** event_queue created [] (protocol=0x2, type=0x1): id = 43
HLE: W PPU[1] Thread (CPUThread)[0x00014354]sys_event warning: sys_event_port_create(eport_id_addr=0x38a010, port_type=0x1, name=0x0)
HLE: W PPU[1] Thread (CPUThread)[0x00014354]sys_event warning: *** sys_event_port created: id = 44
HLE: W PPU[1] Thread (CPUThread)[0x00014364]sys_event warning: sys_event_port_connect_local(eport_id=44, equeue_id=43)
PPU: ! PPU[1] Thread (CPUThread)[0x0048b01c]*** New PPU Thread [MultiStream PU Thread] (flags=0x1, entry=0x33b328): id = 45
HLE: W PPU[45] Thread (MultiStream PU Thread)[0x0047b01c]cellAudio warning: cellAudioPortStart(portNum=0x0)
HLE: E PPU[45] Thread (MultiStream PU Thread)[0x00013900]sys_event error: sys_event_queue_tryreceive(equeue_id=43, event_array_addr=0xd0060db8, size=1, number_addr=0xd0060db0)
SPU: E SPU[41] Thread (_Multistream SPU Thread)[0x00001ea8]SPUThread::WriteChannel error: unknown/illegal channel (7 [$SPU_WrDec]).
SPU: E SPU[41] Thread (_Multistream SPU Thread)[0x00001eb0]SPUThread::ReadChannel error: unknown/illegal channel (8 [$SPU_RdDec]).
SPU: E SPU[41] Thread (_Multistream SPU Thread)[0x00001ec0]SPUThread::WriteChannel error: unknown/illegal channel (7 [$SPU_WrDec]).
SPU: E SPU[41] Thread (_Multistream SPU Thread)[0x000071f0]SPUThread::ReadChannel error: unknown/illegal channel (8 [$SPU_RdDec]).
SPU: E SPU[41] Thread (_Multistream SPU Thread)[0x00007aec]SPUThread::ReadChannel error: unknown/illegal channel (8 [$SPU_RdDec]).
SPU: E SPU[41] Thread (_Multistream SPU Thread)[0x000071f0]SPUThread::ReadChannel error: unknown/illegal channel (8 [$SPU_RdDec]).
SPU: E SPU[41] Thread (_Multistream SPU Thread)[0x00007aec]SPUThread::ReadChannel error: unknown/illegal channel (8 [$SPU_RdDec]).
SPU: E SPU[41] Thread (_Multistream SPU Thread)[0x000071f0]SPUThread::ReadChannel error: unknown/illegal channel (8 [$SPU_RdDec]).
SPU: E SPU[41] Thread (_Multistream SPU Thread)[0x00007aec]SPUThread::ReadChannel error: unknown/illegal channel (8 [$SPU_RdDec]).
SPU: E SPU[41] Thread (_Multistream SPU Thread)[0x000071f0]SPUThread::ReadChannel error: unknown/illegal channel (8 [$SPU_RdDec]).
SPU: E SPU[41] Thread (_Multistream SPU Thread)[0x00007aec]SPUThread::ReadChannel error: unknown/illegal channel (8 [$SPU_RdDec]).
SPU: E SPU[41] Thread (_Multistream SPU Thread)[0x000071f0]SPUThread::ReadChannel error: unknown/illegal channel (8 [$SPU_RdDec]).
SPU: E SPU[41] Thread (_Multistream SPU Thread)[0x00007aec]SPUThread::ReadChannel error: unknown/illegal channel (8 [$SPU_RdDec]).
SPU: E SPU[41] Thread (_Multistream SPU Thread)[0x000071f0]SPUThread::ReadChannel error: unknown/illegal channel (8 [$SPU_RdDec]).
SPU: E SPU[41] Thread (_Multistream SPU Thread)[0x00007aec]SPUThread::ReadChannel error: unknown/illegal channel (8 [$SPU_RdDec]).
SPU: E SPU[41] Thread (_Multistream SPU Thread)[0x000071f0]SPUThread::ReadChannel error: unknown/illegal channel (8 [$SPU_RdDec]).
SPU: E SPU[41] Thread (_Multistream SPU Thread)[0x00007aec]SPUThread::ReadChannel error: unknown/illegal channel (8 [$SPU_RdDec]).
SPU: E SPU[41] Thread (_Multistream SPU Thread)[0x000071f0]SPUThread::ReadChannel error: unknown/illegal channel (8 [$SPU_RdDec]).
SPU: E SPU[41] Thread (_Multistream SPU Thread)[0x00007aec]SPUThread::ReadChannel error: unknown/illegal channel (8 [$SPU_RdDec]).
SPU: E SPU[41] Thread (_Multistream SPU Thread)[0x000071f0]SPUThread::ReadChannel error: unknown/illegal channel (8 [$SPU_RdDec]).
SPU: E SPU[41] Thread (_Multistream SPU Thread)[0x00007aec]SPUThread::ReadChannel error: unknown/illegal channel (8 [$SPU_RdDec]).
SPU: E SPU[41] Thread (_Multistream SPU Thread)[0x000071f0]SPUThread::ReadChannel error: unknown/illegal channel (8 [$SPU_RdDec]).
SPU: E SPU[41] Thread (_Multistream SPU Thread)[0x00007aec]SPUThread::ReadChannel error: unknown/illegal channel (8 [$SPU_RdDec]).
SPU: E SPU[41] Thread (_Multistream SPU Thread)[0x000071f0]SPUThread::ReadChannel error: unknown/illegal channel (8 [$SPU_RdDec]).
SPU: E SPU[41] Thread (_Multistream SPU Thread)[0x00007aec]SPUThread::ReadChannel error: unknown/illegal channel (8 [$SPU_RdDec]).
SPU: E SPU[41] Thread (_Multistream SPU Thread)[0x000071f0]SPUThread::ReadChannel error: unknown/illegal channel (8 [$SPU_RdDec]).
SPU: E SPU[41] Thread (_Multistream SPU Thread)[0x00007aec]SPUThread::ReadChannel error: unknown/illegal channel (8 [$SPU_RdDec]).
SPU: E SPU[41] Thread (_Multistream SPU Thread)[0x000071f0]SPUThread::ReadChannel error: unknown/illegal channel (8 [$SPU_RdDec]).
SPU: E SPU[41] Thread (_Multistream SPU Thread)[0x00007aec]SPUThread::ReadChannel error: unknown/illegal channel (8 [$SPU_RdDec]).
SPU: E SPU[41] Thread (_Multistream SPU Thread)[0x000071f0]SPUThread::ReadChannel error: unknown/illegal channel (8 [$SPU_RdDec]).
SPU: E SPU[41] Thread (_Multistream SPU Thread)[0x00007aec]SPUThread::ReadChannel error: unknown/illegal channel (8 [$SPU_RdDec]).
SPU: E SPU[41] Thread (_Multistream SPU Thread)[0x000071f0]SPUThread::ReadChannel error: unknown/illegal channel (8 [$SPU_RdDec]).
SPU: E SPU[41] Thread (_Multistream SPU Thread)[0x00007aec]SPUThread::ReadChannel error: unknown/illegal channel (8 [$SPU_RdDec]).
SPU: E SPU[41] Thread (_Multistream SPU Thread)[0x000071f0]SPUThread::ReadChannel error: unknown/illegal channel (8 [$SPU_RdDec]).
SPU: E SPU[41] Thread (_Multistream SPU Thread)[0x00007aec]SPUThread::ReadChannel error: unknown/illegal channel (8 [$SPU_RdDec]).
SPU: E SPU[41] Thread (_Multistream SPU Thread)[0x000071f0]SPUThread::ReadChannel error: unknown/illegal channel (8 [$SPU_RdDec]).
SPU: E SPU[41] Thread (_Multistream SPU Thread)[0x00007aec]SPUThread::ReadChannel error: unknown/illegal channel (8 [$SPU_RdDec]).
SPU: E SPU[41] Thread (_Multistream SPU Thread)[0x000071f0]SPUThread::ReadChannel error: unknown/illegal channel (8 [$SPU_RdDec]).
SPU: E SPU[41] Thread (_Multistream SPU Thread)[0x00007aec]SPUThread::ReadChannel error: unknown/illegal channel (8 [$SPU_RdDec]).
SPU: E SPU[41] Thread (_Multistream SPU Thread)[0x000071f0]SPUThread::ReadChannel error: unknown/illegal channel (8 [$SPU_RdDec]).
SPU: E SPU[41] Thread (_Multistream SPU Thread)[0x00007aec]SPUThread::ReadChannel error: unknown/illegal channel (8 [$SPU_RdDec]).
SPU: E SPU[41] Thread (_Multistream SPU Thread)[0x000071f0]SPUThread::ReadChannel error: unknown/illegal channel (8 [$SPU_RdDec]).
SPU: E SPU[41] Thread (_Multistream SPU Thread)[0x00007aec]SPUThread::ReadChannel error: unknown/illegal channel (8 [$SPU_RdDec]).
SPU: E SPU[41] Thread (_Multistream SPU Thread)[0x000071f0]SPUThread::ReadChannel error: unknown/illegal channel (8 [$SPU_RdDec]).
SPU: E SPU[41] Thread (_Multistream SPU Thread)[0x00007aec]SPUThread::ReadChannel error: unknown/illegal channel (8 [$SPU_RdDec]).
SPU: E SPU[41] Thread (_Multistream SPU Thread)[0x000071f0]SPUThread::ReadChannel error: unknown/illegal channel (8 [$SPU_RdDec]).
SPU: E SPU[41] Thread (_Multistream SPU Thread)[0x00007aec]SPUThread::ReadChannel error: unknown/illegal channel (8 [$SPU_RdDec]).
SPU: E SPU[41] Thread (_Multistream SPU Thread)[0x000071f0]SPUThread::ReadChannel error: unknown/illegal channel (8 [$SPU_RdDec]).
SPU: E SPU[41] Thread (_Multistream SPU Thread)[0x00007aec]SPUThread::ReadChannel error: unknown/illegal channel (8 [$SPU_RdDec]).
SPU: E SPU[41] Thread (_Multistream SPU Thread)[0x000071f0]SPUThread::ReadChannel error: unknown/illegal channel (8 [$SPU_RdDec]).
HLE: W PPU[1] Thread (CPUThread)[0x0032b034]cellSysutil warning: cellSysutilGetSystemParamInt: CELL_SYSUTIL_SYSTEMPARAM_ID_ENTER_BUTTON_ASSIGN
HLE: W PPU[36] Thread (ResMan)[0x00329034]"/app_home/Game/PS3_GAME/USRDIR/Shaders/vs_basicLight.vpo" opened: fd = 46
HLE: W PPU[36] Thread (ResMan)[0x00329004]sys_fs warning: cellFsClose(fd=46)
SPU: E SPU[41] Thread (_Multistream SPU Thread)[0x00006588]SPUThread::ReadChannel error: unknown/illegal channel (8 [$SPU_RdDec]).
HLE: W PPU[36] Thread (ResMan)[0x00329034]"/app_home/Game/PS3_GAME/USRDIR/Shaders/vs_basicColourLight.vpo" opened: fd = 47
HLE: W PPU[36] Thread (ResMan)[0x00329004]sys_fs warning: cellFsClose(fd=47)
HLE: W PPU[36] Thread (ResMan)[0x00329034]"/app_home/Game/PS3_GAME/USRDIR/Shaders/vs_basicTexLight.vpo" opened: fd = 48
HLE: W PPU[36] Thread (ResMan)[0x00329004]sys_fs warning: cellFsClose(fd=48)
HLE: W PPU[36] Thread (ResMan)[0x00329034]"/app_home/Game/PS3_GAME/USRDIR/Shaders/vs_bumpgloss.vpo" opened: fd = 49
HLE: W PPU[36] Thread (ResMan)[0x00329004]sys_fs warning: cellFsClose(fd=49)
HLE: W PPU[36] Thread (ResMan)[0x00329034]"/app_home/Game/PS3_GAME/USRDIR/Shaders/vs_duck.vpo" opened: fd = 50
HLE: W PPU[36] Thread (ResMan)[0x00329004]sys_fs warning: cellFsClose(fd=50)
HLE: W PPU[36] Thread (ResMan)[0x00329034]"/app_home/Game/PS3_GAME/USRDIR/Shaders/vs_colduck.vpo" opened: fd = 51
HLE: W PPU[36] Thread (ResMan)[0x00329004]sys_fs warning: cellFsClose(fd=51)
HLE: W PPU[36] Thread (ResMan)[0x00329034]"/app_home/Game/PS3_GAME/USRDIR/Shaders/vs_basicTexColourLight.vpo" opened: fd = 52
HLE: W PPU[36] Thread (ResMan)[0x00329004]sys_fs warning: cellFsClose(fd=52)
HLE: W PPU[36] Thread (ResMan)[0x00329034]"/app_home/Game/PS3_GAME/USRDIR/Shaders/vs_colbumpgloss.vpo" opened: fd = 53
HLE: W PPU[36] Thread (ResMan)[0x00329004]sys_fs warning: cellFsClose(fd=53)
HLE: W PPU[36] Thread (ResMan)[0x00329034]"/app_home/Game/PS3_GAME/USRDIR/Shaders/vs_through_mode.vpo" opened: fd = 54
HLE: W PPU[36] Thread (ResMan)[0x00329004]sys_fs warning: cellFsClose(fd=54)
HLE: W PPU[36] Thread (ResMan)[0x00329034]"/app_home/Game/PS3_GAME/USRDIR/Shaders/vs_through_mode2.vpo" opened: fd = 55
HLE: W PPU[36] Thread (ResMan)[0x00329004]sys_fs warning: cellFsClose(fd=55)
HLE: W PPU[36] Thread (ResMan)[0x00329034]"/app_home/Game/PS3_GAME/USRDIR/Shaders/vs_through_mode3.vpo" opened: fd = 56
HLE: W PPU[36] Thread (ResMan)[0x00329004]sys_fs warning: cellFsClose(fd=56)
HLE: W PPU[36] Thread (ResMan)[0x00329034]"/app_home/Game/PS3_GAME/USRDIR/Shaders/vs_bwdwwwi0.vpo" opened: fd = 57
HLE: W PPU[36] Thread (ResMan)[0x00329004]sys_fs warning: cellFsClose(fd=57)
HLE: W PPU[36] Thread (ResMan)[0x00329034]"/app_home/Game/PS3_GAME/USRDIR/Shaders/vs_bwdwwwi0i1.vpo" opened: fd = 58
HLE: W PPU[36] Thread (ResMan)[0x00329004]sys_fs warning: cellFsClose(fd=58)
HLE: W PPU[36] Thread (ResMan)[0x00329034]"/app_home/Game/PS3_GAME/USRDIR/Shaders/vs_bwmwwwi0.vpo" opened: fd = 59
HLE: W PPU[36] Thread (ResMan)[0x00329004]sys_fs warning: cellFsClose(fd=59)
HLE: W PPU[36] Thread (ResMan)[0x00329034]"/app_home/Game/PS3_GAME/USRDIR/Shaders/vs_bwdwww.vpo" opened: fd = 60
HLE: W PPU[36] Thread (ResMan)[0x00329004]sys_fs warning: cellFsClose(fd=60)
SPU: E SPU[41] Thread (_Multistream SPU Thread)[0x000065b8]SPUThread::ReadChannel error: unknown/illegal channel (8 [$SPU_RdDec]).
HLE: W PPU[36] Thread (ResMan)[0x00329034]"/app_home/Game/PS3_GAME/USRDIR/Shaders/vs_bldlllnnnn.vpo" opened: fd = 61
HLE: W PPU[36] Thread (ResMan)[0x00329004]sys_fs warning: cellFsClose(fd=61)
HLE: W PPU[36] Thread (ResMan)[0x00329034]"/app_home/Game/PS3_GAME/USRDIR/Shaders/vs_bi0i1.vpo" opened: fd = 62
HLE: W PPU[36] Thread (ResMan)[0x00329004]sys_fs warning: cellFsClose(fd=62)
SPU: E SPU[41] Thread (_Multistream SPU Thread)[0x00007aec]SPUThread::ReadChannel error: unknown/illegal channel (8 [$SPU_RdDec]).
SPU: E SPU[41] Thread (_Multistream SPU Thread)[0x000071f0]SPUThread::ReadChannel error: unknown/illegal channel (8 [$SPU_RdDec]).
SPU: E SPU[41] Thread (_Multistream SPU Thread)[0x00006588]SPUThread::ReadChannel error: unknown/illegal channel (8 [$SPU_RdDec]).
HLE: W PPU[36] Thread (ResMan)[0x00329034]"/app_home/Game/PS3_GAME/USRDIR/Shaders/vs_bwwww.vpo" opened: fd = 63
HLE: W PPU[36] Thread (ResMan)[0x00329004]sys_fs warning: cellFsClose(fd=63)
SPU: W SPU[41] Thread (_Multistream SPU Thread)[0x0000d578]sys_spu_thread_send_event(spup=1, data0=0x0, data1=0x3e590): event queue not connected
SPU: E SPU[41] Thread (_Multistream SPU Thread)[0x000065b8]SPUThread::ReadChannel error: unknown/illegal channel (8 [$SPU_RdDec]).
SPU: E SPU[41] Thread (_Multistream SPU Thread)[0x00007aec]SPUThread::ReadChannel error: unknown/illegal channel (8 [$SPU_RdDec]).
SPU: E SPU[41] Thread (_Multistream SPU Thread)[0x000071f0]SPUThread::ReadChannel error: unknown/illegal channel (8 [$SPU_RdDec]).
SPU: E SPU[41] Thread (_Multistream SPU Thread)[0x00007aec]SPUThread::ReadChannel error: unknown/illegal channel (8 [$SPU_RdDec]).
SPU: E SPU[41] Thread (_Multistream SPU Thread)[0x000071f0]SPUThread::ReadChannel error: unknown/illegal channel (8 [$SPU_RdDec]).
SPU: E SPU[41] Thread (_Multistream SPU Thread)[0x00007aec]SPUThread::ReadChannel error: unknown/illegal channel (8 [$SPU_RdDec]).
SPU: E SPU[41] Thread (_Multistream SPU Thread)[0x000071f0]SPUThread::ReadChannel error: unknown/illegal channel (8 [$SPU_RdDec]).
SPU: E SPU[41] Thread (_Multistream SPU Thread)[0x00007aec]SPUThread::ReadChannel error: unknown/illegal channel (8 [$SPU_RdDec]).
SPU: E SPU[41] Thread (_Multistream SPU Thread)[0x000071f0]SPUThread::ReadChannel error: unknown/illegal channel (8 [$SPU_RdDec]).
SPU: E SPU[41] Thread (_Multistream SPU Thread)[0x00007aec]SPUThread::ReadChannel error: unknown/illegal channel (8 [$SPU_RdDec]).
SPU: E SPU[41] Thread (_Multistream SPU Thread)[0x000071f0]SPUThread::ReadChannel error: unknown/illegal channel (8 [$SPU_RdDec]).
SPU: E SPU[41] Thread (_Multistream SPU Thread)[0x00007aec]SPUThread::ReadChannel error: unknown/illegal channel (8 [$SPU_RdDec]).
SPU: E SPU[41] Thread (_Multistream SPU Thread)[0x000071f0]SPUThread::ReadChannel error: unknown/illegal channel (8 [$SPU_RdDec]).
SPU: E SPU[41] Thread (_Multistream SPU Thread)[0x00007aec]SPUThread::ReadChannel error: unknown/illegal channel (8 [$SPU_RdDec]).
SPU: E SPU[41] Thread (_Multistream SPU Thread)[0x000071f0]SPUThread::ReadChannel error: unknown/illegal channel (8 [$SPU_RdDec]).
HLE: W PPU[36] Thread (ResMan)[0x00329034]"/app_home/Game/PS3_GAME/USRDIR/Shaders/vs_li0.vpo" opened: fd = 64
HLE: W PPU[36] Thread (ResMan)[0x00329004]sys_fs warning: cellFsClose(fd=64)
SPU: E SPU[41] Thread (_Multistream SPU Thread)[0x00006588]SPUThread::ReadChannel error: unknown/illegal channel (8 [$SPU_RdDec]).
SPU: E SPU[41] Thread (_Multistream SPU Thread)[0x000065b8]SPUThread::ReadChannel error: unknown/illegal channel (8 [$SPU_RdDec]).
SPU: E SPU[41] Thread (_Multistream SPU Thread)[0x00007aec]SPUThread::ReadChannel error: unknown/illegal channel (8 [$SPU_RdDec]).
HLE: W PPU[36] Thread (ResMan)[0x00329034]"/app_home/Game/PS3_GAME/USRDIR/Shaders/vs_vi0t0.vpo" opened: fd = 65
HLE: W PPU[36] Thread (ResMan)[0x00329004]sys_fs warning: cellFsClose(fd=65)
HLE: W PPU[36] Thread (ResMan)[0x00329034]"/app_home/Game/PS3_GAME/USRDIR/Shaders/vs_mi0t0.vpo" opened: fd = 66
HLE: W PPU[36] Thread (ResMan)[0x00329004]sys_fs warning: cellFsClose(fd=66)
HLE: W PPU[36] Thread (ResMan)[0x00329034]"/app_home/Game/PS3_GAME/USRDIR/Shaders/vs_bwdlllinnn.vpo" opened: fd = 67
HLE: W PPU[36] Thread (ResMan)[0x00329004]sys_fs warning: cellFsClose(fd=67)
HLE: W PPU[36] Thread (ResMan)[0x00329034]"/app_home/Game/PS3_GAME/USRDIR/Shaders/vs_bwmwwwi0i1.vpo" opened: fd = 68
HLE: W PPU[36] Thread (ResMan)[0x00329004]sys_fs warning: cellFsClose(fd=68)
HLE: E PPU[45] Thread (MultiStream PU Thread)[0x00013900]sys_event error: sys_event_queue_tryreceive(equeue_id=43, event_array_addr=0xd0060db8, size=1, number_addr=0xd0060db0)
SPU: E SPU[41] Thread (_Multistream SPU Thread)[0x00000adc]SPUThread::ReadChannel error: unknown/illegal channel (8 [$SPU_RdDec]).
SPU: E SPU[41] Thread (_Multistream SPU Thread)[0x00001ec0]SPUThread::WriteChannel error: unknown/illegal channel (7 [$SPU_WrDec]).
SPU: E SPU[41] Thread (_Multistream SPU Thread)[0x000071f0]SPUThread::ReadChannel error: unknown/illegal channel (8 [$SPU_RdDec]).
SPU: E SPU[41] Thread (_Multistream SPU Thread)[0x00007aec]SPUThread::ReadChannel error: unknown/illegal channel (8 [$SPU_RdDec]).
SPU: E SPU[41] Thread (_Multistream SPU Thread)[0x000071f0]SPUThread::ReadChannel error: unknown/illegal channel (8 [$SPU_RdDec]).
SPU: E SPU[41] Thread (_Multistream SPU Thread)[0x00007aec]SPUThread::ReadChannel error: unknown/illegal channel (8 [$SPU_RdDec]).
SPU: E SPU[41] Thread (_Multistream SPU Thread)[0x000071f0]SPUThread::ReadChannel error: unknown/illegal channel (8 [$SPU_RdDec]).
SPU: E SPU[41] Thread (_Multistream SPU Thread)[0x00007aec]SPUThread::ReadChannel error: unknown/illegal channel (8 [$SPU_RdDec]).
SPU: E SPU[41] Thread (_Multistream SPU Thread)[0x000071f0]SPUThread::ReadChannel error: unknown/illegal channel (8 [$SPU_RdDec]).
SPU: E SPU[41] Thread (_Multistream SPU Thread)[0x00007aec]SPUThread::ReadChannel error: unknown/illegal channel (8 [$SPU_RdDec]).
SPU: E SPU[41] Thread (_Multistream SPU Thread)[0x000071f0]SPUThread::ReadChannel error: unknown/illegal channel (8 [$SPU_RdDec]).
SPU: E SPU[41] Thread (_Multistream SPU Thread)[0x00007aec]SPUThread::ReadChannel error: unknown/illegal channel (8 [$SPU_RdDec]).
SPU: E SPU[41] Thread (_Multistream SPU Thread)[0x000071f0]SPUThread::ReadChannel error: unknown/illegal channel (8 [$SPU_RdDec]).
SPU: E SPU[41] Thread (_Multistream SPU Thread)[0x00007aec]SPUThread::ReadChannel error: unknown/illegal channel (8 [$SPU_RdDec]).
SPU: E SPU[41] Thread (_Multistream SPU Thread)[0x000071f0]SPUThread::ReadChannel error: unknown/illegal channel (8 [$SPU_RdDec]).
SPU: E SPU[41] Thread (_Multistream SPU Thread)[0x00007aec]SPUThread::ReadChannel error: unknown/illegal channel (8 [$SPU_RdDec]).
SPU: E SPU[41] Thread (_Multistream SPU Thread)[0x000071f0]SPUThread::ReadChannel error: unknown/illegal channel (8 [$SPU_RdDec]).
SPU: E SPU[41] Thread (_Multistream SPU Thread)[0x00007aec]SPUThread::ReadChannel error: unknown/illegal channel (8 [$SPU_RdDec]).
SPU: E SPU[41] Thread (_Multistream SPU Thread)[0x000071f0]SPUThread::ReadChannel error: unknown/illegal channel (8 [$SPU_RdDec]).
SPU: E SPU[41] Thread (_Multistream SPU Thread)[0x00007aec]SPUThread::ReadChannel error: unknown/illegal channel (8 [$SPU_RdDec]).
SPU: E SPU[41] Thread (_Multistream SPU Thread)[0x000071f0]SPUThread::ReadChannel error: unknown/illegal channel (8 [$SPU_RdDec]).
SPU: E SPU[41] Thread (_Multistream SPU Thread)[0x00007aec]SPUThread::ReadChannel error: unknown/illegal channel (8 [$SPU_RdDec]).
SPU: E SPU[41] Thread (_Multistream SPU Thread)[0x000071f0]SPUThread::ReadChannel error: unknown/illegal channel (8 [$SPU_RdDec]).
SPU: E SPU[41] Thread (_Multistream SPU Thread)[0x00007aec]SPUThread::ReadChannel error: unknown/illegal channel (8 [$SPU_RdDec]).
SPU: E SPU[41] Thread (_Multistream SPU Thread)[0x000071f0]SPUThread::ReadChannel error: unknown/illegal channel (8 [$SPU_RdDec]).
SPU: E SPU[41] Thread (_Multistream SPU Thread)[0x00007aec]SPUThread::ReadChannel error: unknown/illegal channel (8 [$SPU_RdDec]).
SPU: E SPU[41] Thread (_Multistream SPU Thread)[0x000071f0]SPUThread::ReadChannel error: unknown/illegal channel (8 [$SPU_RdDec]).
SPU: E SPU[41] Thread (_Multistream SPU Thread)[0x00007aec]SPUThread::ReadChannel error: unknown/illegal channel (8 [$SPU_RdDec]).
SPU: E SPU[41] Thread (_Multistream SPU Thread)[0x000071f0]SPUThread::ReadChannel error: unknown/illegal channel (8 [$SPU_RdDec]).
SPU: E SPU[41] Thread (_Multistream SPU Thread)[0x00007aec]SPUThread::ReadChannel error: unknown/illegal channel (8 [$SPU_RdDec]).
SPU: E SPU[41] Thread (_Multistream SPU Thread)[0x000071f0]SPUThread::ReadChannel error: unknown/illegal channel (8 [$SPU_RdDec]).
SPU: E SPU[41] Thread (_Multistream SPU Thread)[0x00007aec]SPUThread::ReadChannel error: unknown/illegal channel (8 [$SPU_RdDec]).
SPU: E SPU[41] Thread (_Multistream SPU Thread)[0x000071f0]SPUThread::ReadChannel error: unknown/illegal channel (8 [$SPU_RdDec]).
SPU: E SPU[41] Thread (_Multistream SPU Thread)[0x00007aec]SPUThread::ReadChannel error: unknown/illegal channel (8 [$SPU_RdDec]).
SPU: E SPU[41] Thread (_Multistream SPU Thread)[0x000071f0]SPUThread::ReadChannel error: unknown/illegal channel (8 [$SPU_RdDec]).
SPU: E SPU[41] Thread (_Multistream SPU Thread)[0x00007aec]SPUThread::ReadChannel error: unknown/illegal channel (8 [$SPU_RdDec]).
SPU: E SPU[41] Thread (_Multistream SPU Thread)[0x000071f0]SPUThread::ReadChannel error: unknown/illegal channel (8 [$SPU_RdDec]).
SPU: E SPU[41] Thread (_Multistream SPU Thread)[0x00007aec]SPUThread::ReadChannel error: unknown/illegal channel (8 [$SPU_RdDec]).
SPU: E SPU[41] Thread (_Multistream SPU Thread)[0x000071f0]SPUThread::ReadChannel error: unknown/illegal channel (8 [$SPU_RdDec]).
SPU: E SPU[41] Thread (_Multistream SPU Thread)[0x00007aec]SPUThread::ReadChannel error: unknown/illegal channel (8 [$SPU_RdDec]).
SPU: E SPU[41] Thread (_Multistream SPU Thread)[0x000071f0]SPUThread::ReadChannel error: unknown/illegal channel (8 [$SPU_RdDec]).
SPU: E SPU[41] Thread (_Multistream SPU Thread)[0x00007aec]SPUThread::ReadChannel error: unknown/illegal channel (8 [$SPU_RdDec]).
SPU: E SPU[41] Thread (_Multistream SPU Thread)[0x000071f0]SPUThread::ReadChannel error: unknown/illegal channel (8 [$SPU_RdDec]).
SPU: E SPU[41] Thread (_Multistream SPU Thread)[0x00007aec]SPUThread::ReadChannel error: unknown/illegal channel (8 [$SPU_RdDec]).
SPU: E SPU[41] Thread (_Multistream SPU Thread)[0x000071f0]SPUThread::ReadChannel error: unknown/illegal channel (8 [$SPU_RdDec]).
SPU: E SPU[41] Thread (_Multistream SPU Thread)[0x00007aec]SPUThread::ReadChannel error: unknown/illegal channel (8 [$SPU_RdDec]).
SPU: E SPU[41] Thread (_Multistream SPU Thread)[0x000071f0]SPUThread::ReadChannel error: unknown/illegal channel (8 [$SPU_RdDec]).
SPU: E SPU[41] Thread (_Multistream SPU Thread)[0x00007aec]SPUThread::ReadChannel error: unknown/illegal channel (8 [$SPU_RdDec]).
SPU: E SPU[41] Thread (_Multistream SPU Thread)[0x000071f0]SPUThread::ReadChannel error: unknown/illegal channel (8 [$SPU_RdDec]).
SPU: E SPU[41] Thread (_Multistream SPU Thread)[0x00006588]SPUThread::ReadChannel error: unknown/illegal channel (8 [$SPU_RdDec]).
HLE: W PPU[36] Thread (ResMan)[0x00329034]"/app_home/Game/PS3_GAME/USRDIR/Shaders/vs_generate_mesh.vpo" opened: fd = 69
HLE: W PPU[36] Thread (ResMan)[0x00329004]sys_fs warning: cellFsClose(fd=69)
SPU: E SPU[41] Thread (_Multistream SPU Thread)[0x000065b8]SPUThread::ReadChannel error: unknown/illegal channel (8 [$SPU_RdDec]).
SPU: E SPU[41] Thread (_Multistream SPU Thread)[0x00007aec]SPUThread::ReadChannel error: unknown/illegal channel (8 [$SPU_RdDec]).
SPU: E SPU[41] Thread (_Multistream SPU Thread)[0x000071f0]SPUThread::ReadChannel error: unknown/illegal channel (8 [$SPU_RdDec]).
SPU: E SPU[41] Thread (_Multistream SPU Thread)[0x00006588]SPUThread::ReadChannel error: unknown/illegal channel (8 [$SPU_RdDec]).
HLE: W PPU[36] Thread (ResMan)[0x00329034]"/app_home/Game/PS3_GAME/USRDIR/Shaders/vs_position.vpo" opened: fd = 70
HLE: W PPU[36] Thread (ResMan)[0x00329004]sys_fs warning: cellFsClose(fd=70)
HLE: W PPU[36] Thread (ResMan)[0x00329034]"/app_home/Game/PS3_GAME/USRDIR/Shaders/vs_intersection.vpo" opened: fd = 71
HLE: W PPU[36] Thread (ResMan)[0x00329004]sys_fs warning: cellFsClose(fd=71)
HLE: W PPU[36] Thread (ResMan)[0x00329034]"/app_home/Game/PS3_GAME/USRDIR/Shaders/vs_splat.vpo" opened: fd = 72
HLE: W PPU[36] Thread (ResMan)[0x00329004]sys_fs warning: cellFsClose(fd=72)
HLE: W PPU[36] Thread (ResMan)[0x00329034]"/app_home/Game/PS3_GAME/USRDIR/Shaders/vs_projective.vpo" opened: fd = 73
HLE: W PPU[36] Thread (ResMan)[0x00329004]sys_fs warning: cellFsClose(fd=73)
HLE: W PPU[36] Thread (ResMan)[0x00329034]"/app_home/Game/PS3_GAME/USRDIR/Shaders/vs_xyz.vpo" opened: fd = 74
HLE: W PPU[36] Thread (ResMan)[0x00329004]sys_fs warning: cellFsClose(fd=74)
HLE: W PPU[36] Thread (ResMan)[0x00329034]"/app_home/Game/PS3_GAME/USRDIR/Shaders/vs_water_surface.vpo" opened: fd = 75
HLE: W PPU[36] Thread (ResMan)[0x00329004]sys_fs warning: cellFsClose(fd=75)
HLE: W PPU[36] Thread (ResMan)[0x00329034]"/app_home/Game/PS3_GAME/USRDIR/Shaders/vs_blend_noise.vpo" opened: fd = 76
HLE: W PPU[36] Thread (ResMan)[0x00329004]sys_fs warning: cellFsClose(fd=76)
HLE: W PPU[36] Thread (ResMan)[0x00329034]"/app_home/Game/PS3_GAME/USRDIR/Shaders/vs_bubble.vpo" opened: fd = 77
HLE: W PPU[36] Thread (ResMan)[0x00329004]sys_fs warning: cellFsClose(fd=77)
HLE: W PPU[36] Thread (ResMan)[0x00329034]"/app_home/Game/PS3_GAME/USRDIR/Shaders/vs_reflection_prepass.vpo" opened: fd = 78
HLE: W PPU[36] Thread (ResMan)[0x00329004]sys_fs warning: cellFsClose(fd=78)
HLE: W PPU[36] Thread (ResMan)[0x00329034]"/app_home/Game/PS3_GAME/USRDIR/Shaders/vs_slosh_blend.vpo" opened: fd = 79
HLE: W PPU[36] Thread (ResMan)[0x00329004]sys_fs warning: cellFsClose(fd=79)
HLE: W PPU[36] Thread (ResMan)[0x00329034]"/app_home/Game/PS3_GAME/USRDIR/Shaders/vs_slosh_stencil.vpo" opened: fd = 80
HLE: W PPU[36] Thread (ResMan)[0x00329004]sys_fs warning: cellFsClose(fd=80)
HLE: W PPU[36] Thread (ResMan)[0x00329034]"/app_home/Game/PS3_GAME/USRDIR/Shaders/vs_slosh_surface.vpo" opened: fd = 81
HLE: W PPU[36] Thread (ResMan)[0x00329004]sys_fs warning: cellFsClose(fd=81)
HLE: W PPU[36] Thread (ResMan)[0x00329034]"/app_home/Game/PS3_GAME/USRDIR/Shaders/vs_surface_noise.vpo" opened: fd = 82
HLE: W PPU[36] Thread (ResMan)[0x00329004]sys_fs warning: cellFsClose(fd=82)
HLE: W PPU[36] Thread (ResMan)[0x00329034]"/app_home/Game/PS3_GAME/USRDIR/Shaders/fs_basicLight.fpo" opened: fd = 83
HLE: W PPU[36] Thread (ResMan)[0x00329004]sys_fs warning: cellFsClose(fd=83)
HLE: W PPU[36] Thread (ResMan)[0x00329034]"/app_home/Game/PS3_GAME/USRDIR/Shaders/fs_basicColourLight.fpo" opened: fd = 84
HLE: W PPU[36] Thread (ResMan)[0x00329004]sys_fs warning: cellFsClose(fd=84)
HLE: W PPU[36] Thread (ResMan)[0x00329034]"/app_home/Game/PS3_GAME/USRDIR/Shaders/fs_basicTexColour.fpo" opened: fd = 85
HLE: W PPU[36] Thread (ResMan)[0x00329004]sys_fs warning: cellFsClose(fd=85)
HLE: W PPU[36] Thread (ResMan)[0x00329034]"/app_home/Game/PS3_GAME/USRDIR/Shaders/fs_basicTexLight.fpo" opened: fd = 86
HLE: W PPU[36] Thread (ResMan)[0x00329004]sys_fs warning: cellFsClose(fd=86)
HLE: W PPU[36] Thread (ResMan)[0x00329034]"/app_home/Game/PS3_GAME/USRDIR/Shaders/fs_bumpgloss.fpo" opened: fd = 87
HLE: W PPU[36] Thread (ResMan)[0x00329004]sys_fs warning: cellFsClose(fd=87)
HLE: W PPU[36] Thread (ResMan)[0x00329034]"/app_home/Game/PS3_GAME/USRDIR/Shaders/fs_colbumpgloss.fpo" opened: fd = 88
HLE: W PPU[36] Thread (ResMan)[0x00329004]sys_fs warning: cellFsClose(fd=88)
HLE: W PPU[36] Thread (ResMan)[0x00329034]"/app_home/Game/PS3_GAME/USRDIR/Shaders/fs_mod2x.fpo" opened: fd = 89
HLE: W PPU[36] Thread (ResMan)[0x00329004]sys_fs warning: cellFsClose(fd=89)
HLE: W PPU[36] Thread (ResMan)[0x00329034]"/app_home/Game/PS3_GAME/USRDIR/Shaders/fs_through_mode.fpo" opened: fd = 90
HLE: W PPU[36] Thread (ResMan)[0x00329004]sys_fs warning: cellFsClose(fd=90)
HLE: W PPU[36] Thread (ResMan)[0x00329034]"/app_home/Game/PS3_GAME/USRDIR/Shaders/fs_through_mode2.fpo" opened: fd = 91
HLE: W PPU[36] Thread (ResMan)[0x00329004]sys_fs warning: cellFsClose(fd=91)
HLE: W PPU[36] Thread (ResMan)[0x00329034]"/app_home/Game/PS3_GAME/USRDIR/Shaders/fs_diffuse.fpo" opened: fd = 92
HLE: W PPU[36] Thread (ResMan)[0x00329004]sys_fs warning: cellFsClose(fd=92)
HLE: W PPU[36] Thread (ResMan)[0x00329034]"/app_home/Game/PS3_GAME/USRDIR/Shaders/fs_bmdeea.fpo" opened: fd = 93
HLE: W PPU[36] Thread (ResMan)[0x00329004]sys_fs warning: cellFsClose(fd=93)
HLE: W PPU[36] Thread (ResMan)[0x00329034]"/app_home/Game/PS3_GAME/USRDIR/Shaders/fs_bmdee.fpo" opened: fd = 94
HLE: W PPU[36] Thread (ResMan)[0x00329004]sys_fs warning: cellFsClose(fd=94)
HLE: W PPU[36] Thread (ResMan)[0x00329034]"/app_home/Game/PS3_GAME/USRDIR/Shaders/fs_bveee.fpo" opened: fd = 95
HLE: W PPU[36] Thread (ResMan)[0x00329004]sys_fs warning: cellFsClose(fd=95)
HLE: W PPU[36] Thread (ResMan)[0x00329034]"/app_home/Game/PS3_GAME/USRDIR/Shaders/fs_bvdeee.fpo" opened: fd = 96
HLE: W PPU[36] Thread (ResMan)[0x00329004]sys_fs warning: cellFsClose(fd=96)
HLE: W PPU[36] Thread (ResMan)[0x00329034]"/app_home/Game/PS3_GAME/USRDIR/Shaders/fs_bveeee.fpo" opened: fd = 97
HLE: W PPU[36] Thread (ResMan)[0x00329004]sys_fs warning: cellFsClose(fd=97)
HLE: W PPU[36] Thread (ResMan)[0x00329034]"/app_home/Game/PS3_GAME/USRDIR/Shaders/fs_bvd.fpo" opened: fd = 98
HLE: W PPU[36] Thread (ResMan)[0x00329004]sys_fs warning: cellFsClose(fd=98)
HLE: W PPU[36] Thread (ResMan)[0x00329034]"/app_home/Game/PS3_GAME/USRDIR/Shaders/fs_bvdeea.fpo" opened: fd = 99
HLE: W PPU[36] Thread (ResMan)[0x00329004]sys_fs warning: cellFsClose(fd=99)
HLE: W PPU[36] Thread (ResMan)[0x00329034]"/app_home/Game/PS3_GAME/USRDIR/Shaders/fs_bmdnga.fpo" opened: fd = 100
HLE: W PPU[36] Thread (ResMan)[0x00329004]sys_fs warning: cellFsClose(fd=100)
HLE: W PPU[36] Thread (ResMan)[0x00329034]"/app_home/Game/PS3_GAME/USRDIR/Shaders/fs_bmdga.fpo" opened: fd = 101
HLE: W PPU[36] Thread (ResMan)[0x00329004]sys_fs warning: cellFsClose(fd=101)
HLE: W PPU[36] Thread (ResMan)[0x00329034]"/app_home/Game/PS3_GAME/USRDIR/Shaders/fs_bmdga_reflection.fpo" opened: fd = 102
HLE: W PPU[36] Thread (ResMan)[0x00329004]sys_fs warning: cellFsClose(fd=102)
HLE: W PPU[36] Thread (ResMan)[0x00329034]"/app_home/Game/PS3_GAME/USRDIR/Shaders/fs_bvee.fpo" opened: fd = 103
HLE: W PPU[36] Thread (ResMan)[0x00329004]sys_fs warning: cellFsClose(fd=103)
HLE: W PPU[36] Thread (ResMan)[0x00329034]"/app_home/Game/PS3_GAME/USRDIR/Shaders/fs_utnnnn.fpo" opened: fd = 104
HLE: W PPU[36] Thread (ResMan)[0x00329004]sys_fs warning: cellFsClose(fd=104)
HLE: W PPU[36] Thread (ResMan)[0x00329034]"/app_home/Game/PS3_GAME/USRDIR/Shaders/fs_pme.fpo" opened: fd = 105
HLE: W PPU[36] Thread (ResMan)[0x00329004]sys_fs warning: cellFsClose(fd=105)
HLE: W PPU[36] Thread (ResMan)[0x00329034]"/app_home/Game/PS3_GAME/USRDIR/Shaders/fs_pmde.fpo" opened: fd = 106
HLE: W PPU[36] Thread (ResMan)[0x00329004]sys_fs warning: cellFsClose(fd=106)
HLE: W PPU[36] Thread (ResMan)[0x00329034]"/app_home/Game/PS3_GAME/USRDIR/Shaders/fs_pmdg.fpo" opened: fd = 107
HLE: W PPU[36] Thread (ResMan)[0x00329004]sys_fs warning: cellFsClose(fd=107)
HLE: W PPU[36] Thread (ResMan)[0x00329034]"/app_home/Game/PS3_GAME/USRDIR/Shaders/fs_undnnn.fpo" opened: fd = 108
HLE: W PPU[36] Thread (ResMan)[0x00329004]sys_fs warning: cellFsClose(fd=108)
HLE: W PPU[36] Thread (ResMan)[0x00329034]"/app_home/Game/PS3_GAME/USRDIR/Shaders/fs_unnnnn.fpo" opened: fd = 109
HLE: W PPU[36] Thread (ResMan)[0x00329004]sys_fs warning: cellFsClose(fd=109)
HLE: W PPU[36] Thread (ResMan)[0x00329034]"/app_home/Game/PS3_GAME/USRDIR/Shaders/fs_ume.fpo" opened: fd = 110
HLE: W PPU[36] Thread (ResMan)[0x00329004]sys_fs warning: cellFsClose(fd=110)
HLE: W PPU[36] Thread (ResMan)[0x00329034]"/app_home/Game/PS3_GAME/USRDIR/Shaders/fs_bvdmee.fpo" opened: fd = 111
HLE: W PPU[36] Thread (ResMan)[0x00329004]sys_fs warning: cellFsClose(fd=111)
HLE: W PPU[36] Thread (ResMan)[0x00329034]"/app_home/Game/PS3_GAME/USRDIR/Shaders/fs_bmddga.fpo" opened: fd = 112
HLE: W PPU[36] Thread (ResMan)[0x00329004]sys_fs warning: cellFsClose(fd=112)
HLE: W PPU[36] Thread (ResMan)[0x00329034]"/app_home/Game/PS3_GAME/USRDIR/Shaders/fs_bmddga_reflection.fpo" opened: fd = 113
HLE: W PPU[36] Thread (ResMan)[0x00329004]sys_fs warning: cellFsClose(fd=113)
HLE: W PPU[36] Thread (ResMan)[0x00329034]"/app_home/Game/PS3_GAME/USRDIR/Shaders/fs_bmddee.fpo" opened: fd = 114
HLE: W PPU[36] Thread (ResMan)[0x00329004]sys_fs warning: cellFsClose(fd=114)
HLE: W PPU[36] Thread (ResMan)[0x00329034]"/app_home/Game/PS3_GAME/USRDIR/Shaders/fs_bmddee_reflection.fpo" opened: fd = 115
HLE: W PPU[36] Thread (ResMan)[0x00329004]sys_fs warning: cellFsClose(fd=115)
HLE: W PPU[36] Thread (ResMan)[0x00329034]"/app_home/Game/PS3_GAME/USRDIR/Shaders/fs_contrast.fpo" opened: fd = 116
HLE: W PPU[36] Thread (ResMan)[0x00329004]sys_fs warning: cellFsClose(fd=116)
HLE: W PPU[36] Thread (ResMan)[0x00329034]"/app_home/Game/PS3_GAME/USRDIR/Shaders/fs_GaussianH.fpo" opened: fd = 117
HLE: W PPU[36] Thread (ResMan)[0x00329004]sys_fs warning: cellFsClose(fd=117)
HLE: W PPU[36] Thread (ResMan)[0x00329034]"/app_home/Game/PS3_GAME/USRDIR/Shaders/fs_GaussianV.fpo" opened: fd = 118
HLE: W PPU[36] Thread (ResMan)[0x00329004]sys_fs warning: cellFsClose(fd=118)
HLE: W PPU[36] Thread (ResMan)[0x00329034]"/app_home/Game/PS3_GAME/USRDIR/Shaders/fs_generate_mesh.fpo" opened: fd = 119
HLE: W PPU[36] Thread (ResMan)[0x00329004]sys_fs warning: cellFsClose(fd=119)
HLE: W PPU[36] Thread (ResMan)[0x00329034]"/app_home/Game/PS3_GAME/USRDIR/Shaders/fs_position.fpo" opened: fd = 120
HLE: W PPU[36] Thread (ResMan)[0x00329004]sys_fs warning: cellFsClose(fd=120)
HLE: W PPU[36] Thread (ResMan)[0x00329034]"/app_home/Game/PS3_GAME/USRDIR/Shaders/fs_intersection.fpo" opened: fd = 121
HLE: W PPU[36] Thread (ResMan)[0x00329004]sys_fs warning: cellFsClose(fd=121)
HLE: W PPU[36] Thread (ResMan)[0x00329034]"/app_home/Game/PS3_GAME/USRDIR/Shaders/fs_splat.fpo" opened: fd = 122
HLE: W PPU[36] Thread (ResMan)[0x00329004]sys_fs warning: cellFsClose(fd=122)
HLE: W PPU[36] Thread (ResMan)[0x00329034]"/app_home/Game/PS3_GAME/USRDIR/Shaders/fs_water_surface.fpo" opened: fd = 123
HLE: W PPU[36] Thread (ResMan)[0x00329004]sys_fs warning: cellFsClose(fd=123)
HLE: W PPU[36] Thread (ResMan)[0x00329034]"/app_home/Game/PS3_GAME/USRDIR/Shaders/fs_water_surface_glass.fpo" opened: fd = 124
HLE: W PPU[36] Thread (ResMan)[0x00329004]sys_fs warning: cellFsClose(fd=124)
HLE: W PPU[36] Thread (ResMan)[0x00329034]"/app_home/Game/PS3_GAME/USRDIR/Shaders/fs_water_surface_replay.fpo" opened: fd = 125
HLE: W PPU[36] Thread (ResMan)[0x00329004]sys_fs warning: cellFsClose(fd=125)
HLE: W PPU[36] Thread (ResMan)[0x00329034]"/app_home/Game/PS3_GAME/USRDIR/Shaders/fs_blend_noise.fpo" opened: fd = 126
HLE: W PPU[36] Thread (ResMan)[0x00329004]sys_fs warning: cellFsClose(fd=126)
HLE: W PPU[36] Thread (ResMan)[0x00329034]"/app_home/Game/PS3_GAME/USRDIR/Shaders/fs_bubble.fpo" opened: fd = 127
HLE: W PPU[36] Thread (ResMan)[0x00329004]sys_fs warning: cellFsClose(fd=127)
HLE: W PPU[36] Thread (ResMan)[0x00329034]"/app_home/Game/PS3_GAME/USRDIR/Shaders/fs_reflection_prepass.fpo" opened: fd = 128
HLE: W PPU[36] Thread (ResMan)[0x00329004]sys_fs warning: cellFsClose(fd=128)
HLE: W PPU[36] Thread (ResMan)[0x00329034]"/app_home/Game/PS3_GAME/USRDIR/Shaders/fs_slosh_blend.fpo" opened: fd = 129
HLE: W PPU[36] Thread (ResMan)[0x00329004]sys_fs warning: cellFsClose(fd=129)
HLE: W PPU[36] Thread (ResMan)[0x00329034]"/app_home/Game/PS3_GAME/USRDIR/Shaders/fs_slosh_stencil.fpo" opened: fd = 130
HLE: W PPU[36] Thread (ResMan)[0x00329004]sys_fs warning: cellFsClose(fd=130)
HLE: W PPU[36] Thread (ResMan)[0x00329034]"/app_home/Game/PS3_GAME/USRDIR/Shaders/fs_slosh_surface.fpo" opened: fd = 131
HLE: W PPU[36] Thread (ResMan)[0x00329004]sys_fs warning: cellFsClose(fd=131)
HLE: W PPU[36] Thread (ResMan)[0x00329034]"/app_home/Game/PS3_GAME/USRDIR/Shaders/fs_wipe_effect.fpo" opened: fd = 132
HLE: W PPU[36] Thread (ResMan)[0x00329004]sys_fs warning: cellFsClose(fd=132)
HLE: W PPU[36] Thread (ResMan)[0x00329034]"/app_home/Game/PS3_GAME/USRDIR/Shaders/fs_pencil_effect.fpo" opened: fd = 133
HLE: W PPU[36] Thread (ResMan)[0x00329004]sys_fs warning: cellFsClose(fd=133)
HLE: W PPU[36] Thread (ResMan)[0x00329034]"/app_home/Game/PS3_GAME/USRDIR/Shaders/fs_splash.fpo" opened: fd = 134
HLE: W PPU[36] Thread (ResMan)[0x00329004]sys_fs warning: cellFsClose(fd=134)
HLE: W PPU[36] Thread (ResMan)[0x00329034]"/app_home/Game/PS3_GAME/USRDIR/Shaders/fs_surface_noise.fpo" opened: fd = 135
HLE: W PPU[36] Thread (ResMan)[0x00329004]sys_fs warning: cellFsClose(fd=135)
HLE: W PPU[1] Thread (CPUThread)[0x0032f04c]cellSpurs warning: _cellSpursEventFlagInitialize(spurs_addr=0x30237700, taskset_addr=0x0, eventFlag_addr=0x3bc780, flagClearMode=0, flagDirection=1)
HLE: E PPU[1] Thread (CPUThread)[0x0032f070]cellSpurs error: cellSpursEventFlagAttachLv2EventQueue(eventFlag_addr=0x3bc780)
HLE: E PPU[1] Thread (CPUThread)[0x0032f028]cellSpurs error: Unimplemented function: _cellSpursJobChainAttributeInitialize
HLE: E PPU[1] Thread (CPUThread)[0x0032f088]cellSpurs error: Unimplemented function: cellSpursJobChainAttributeSetName
HLE: E PPU[1] Thread (CPUThread)[0x0032f01c]cellSpurs error: Unimplemented function: cellSpursCreateJobChainWithAttribute
HLE: E PPU[1] Thread (CPUThread)[0x0032f058]cellSpurs error: Unimplemented function: cellSpursJobGuardInitialize
HLE: E PPU[1] Thread (CPUThread)[0x0032f0c4]cellSpurs error: Unimplemented function: cellSpursRunJobChain
HLE: W PPU[1] Thread (CPUThread)[0x0032d004]cellGcmSys warning: cellGcmGetTiledPitchSize(size=2048)
HLE: W PPU[1] Thread (CPUThread)[0x0032d094]cellGcmSys warning: cellGcmSetTile(index=10, location=1, offset=6488064, size=524288, pitch=2048, comp=0, base=0, bank=0)
HLE: W PPU[1] Thread (CPUThread)[0x0032d004]cellGcmSys warning: cellGcmGetTiledPitchSize(size=2048)
HLE: W PPU[1] Thread (CPUThread)[0x0032d094]cellGcmSys warning: cellGcmSetTile(index=7, location=0, offset=25690112, size=1048576, pitch=2048, comp=0, base=0, bank=2)
HLE: W PPU[1] Thread (CPUThread)[0x0032d004]cellGcmSys warning: cellGcmGetTiledPitchSize(size=5120)
HLE: W PPU[1] Thread (CPUThread)[0x0032d094]cellGcmSys warning: cellGcmSetTile(index=8, location=1, offset=7012352, size=5570560, pitch=5120, comp=0, base=0, bank=2)
HLE: W PPU[1] Thread (CPUThread)[0x0032d004]cellGcmSys warning: cellGcmGetTiledPitchSize(size=5120)
HLE: W PPU[1] Thread (CPUThread)[0x0032d094]cellGcmSys warning: cellGcmSetTile(index=9, location=1, offset=12582912, size=5570560, pitch=5120, comp=0, base=0, bank=2)
HLE: W PPU[1] Thread (CPUThread)[0x0032d004]cellGcmSys warning: cellGcmGetTiledPitchSize(size=4096)
HLE: W PPU[1] Thread (CPUThread)[0x0032d004]cellGcmSys warning: cellGcmGetTiledPitchSize(size=2048)
HLE: W PPU[1] Thread (CPUThread)[0x0032d094]cellGcmSys warning: cellGcmSetTile(index=4, location=0, offset=26738688, size=1048576, pitch=4096, comp=0, base=0, bank=1)
HLE: W PPU[1] Thread (CPUThread)[0x0032d094]cellGcmSys warning: cellGcmSetTile(index=5, location=0, offset=27787264, size=524288, pitch=2048, comp=0, base=0, bank=0)
HLE: W PPU[1] Thread (CPUThread)[0x0032f04c]cellSpurs warning: _cellSpursEventFlagInitialize(spurs_addr=0x30237700, taskset_addr=0x0, eventFlag_addr=0x302e2e80, flagClearMode=0, flagDirection=1)
HLE: E PPU[1] Thread (CPUThread)[0x0032f070]cellSpurs error: cellSpursEventFlagAttachLv2EventQueue(eventFlag_addr=0x302e2e80)
HLE: E PPU[1] Thread (CPUThread)[0x0032f028]cellSpurs error: Unimplemented function: _cellSpursJobChainAttributeInitialize
HLE: E PPU[1] Thread (CPUThread)[0x0032f088]cellSpurs error: Unimplemented function: cellSpursJobChainAttributeSetName
HLE: E PPU[1] Thread (CPUThread)[0x0032f01c]cellSpurs error: Unimplemented function: cellSpursCreateJobChainWithAttribute
HLE: E PPU[1] Thread (CPUThread)[0x0032f058]cellSpurs error: Unimplemented function: cellSpursJobGuardInitialize
HLE: E PPU[1] Thread (CPUThread)[0x0032f0c4]cellSpurs error: Unimplemented function: cellSpursRunJobChain
HLE: E PPU[1] Thread (CPUThread)[0x0047f028]cellNetCtl error: Unimplemented function: cellNetCtlInit
HLE: W PPU[1] Thread (CPUThread)[0x0032b064]cellSysutil warning: cellSysutilRegisterCallback(slot=1, func_addr=0x33baa8, userdata=0x39b2f190)
HLE: E PPU[1] Thread (CPUThread)[0x0047d238]TODO: sceNpManagerRegisterCallback
TTY: UNLOCK CONTENT
HLE: W PPU[1] Thread (CPUThread)[0x0047d148]sceNp warning: sceNpDrmIsAvailable(k_licensee_addr=0x2e8918, drm_path_addr=0xd0010778)
HLE: W PPU[1] Thread (CPUThread)[0x0047d148]sceNp warning: sceNpDrmIsAvailable: Found DRM license file at /app_home/Game/PS3_GAME/USRDIR/Key.edat
HLE: W PPU[1] Thread (CPUThread)[0x0047d148]sceNp warning: sceNpDrmIsAvailable: Using k_licensee 0xa0347b3d120e89334092afe0894c3ba1
LDR: E PPU[1] Thread (CPUThread)[0x0047d148]EDAT: Failed to open files!

HLE: W PPU[1] Thread (CPUThread)[0x00329034]"/app_home/Game/PS3_GAME/USRDIR/Key.edat" opened: fd = 136
TTY: CONTENT UNLOCKED
HLE: W PPU[1] Thread (CPUThread)[0x00329004]sys_fs warning: cellFsClose(fd=136)
HLE: W PPU[1] Thread (CPUThread)[0x0032d004]cellGcmSys warning: cellGcmGetTiledPitchSize(size=5120)
HLE: W PPU[1] Thread (CPUThread)[0x0032d094]cellGcmSys warning: cellGcmSetTile(index=11, location=1, offset=27918336, size=5570560, pitch=5120, comp=0, base=0, bank=2)
HLE: W PPU[1] Thread (CPUThread)[0x0032d094]cellGcmSys warning: cellGcmSetTile(index=12, location=0, offset=28311552, size=5570560, pitch=5120, comp=0, base=0, bank=2)
HLE: W PPU[36] Thread (ResMan)[0x00329034]"/app_home/Game/PS3_GAME/USRDIR/Scripts/Tweaks.smos" opened: fd = 137
HLE: W PPU[36] Thread (ResMan)[0x00329004]sys_fs warning: cellFsClose(fd=137)
HLE: E PPU[1] Thread (CPUThread)[0x0032f0b8]cellSpurs error: Unimplemented function: cellSpursJobGuardNotify
TTY: FrontEnd/FrontEndSetup.smos
HLE: W PPU[36] Thread (ResMan)[0x00329034]"/app_home/Game/PS3_GAME/USRDIR/FrontEnd/FrontEndSetup.smos" opened: fd = 138
HLE: W PPU[36] Thread (ResMan)[0x00329004]sys_fs warning: cellFsClose(fd=138)
HLE: W PPU[36] Thread (ResMan)[0x00329034]"/app_home/Game/PS3_GAME/USRDIR/Common.zif" opened: fd = 139
HLE: W PPU[36] Thread (ResMan)[0x00329004]sys_fs warning: cellFsClose(fd=139)
RSX: W RSXThreadRSX thread aborted
HLE: W Audio ThreadAudio thread aborted
RSX: W VBlank threadVBlank thread aborted
HLE: W PPU[33] Thread (spu_printf_handler)[0x00114710]sys_event_queue_receive(equeue=32) aborted
HLE: W PPU[45] Thread (MultiStream PU Thread)[0x00211220]sys_event_queue_receive(equeue=39) aborted
HLE: ! All threads stopped...
MEM: ! Closing memory...
