HLE: ! path: /dev_hdd0/game/
HLE: W No pause.bin found, Auto Pause will not work.
HLE: W No pause.bin found, Auto Pause will not work.
LDR: ! Loading 'D:\Emulateurs\Rpcs3\dev_hdd0\game\NPEB00162/USRDIR/BOOT.BIN'...
LDR: !  
LDR: ! Mount info:
LDR: ! /dev_hdd0/ -> ./dev_hdd0/
LDR: ! /dev_hdd1/ -> ./dev_hdd1/
LDR: ! /dev_flash/ -> ./dev_flash/
LDR: ! /dev_usb000/ -> ./dev_usb000/
LDR: ! /dev_usb/ -> ./dev_usb000/
LDR: ! /app_home/ -> D:\Emulateurs\Rpcs3\dev_hdd0\game\NPEB00162/
LDR: ! /dev_bdvd/ -> D:\Emulateurs\Rpcs3\dev_hdd0\game\NPEB00162//../
LDR: ! /host_root/ -> 
LDR: ! /app_home/PS3_GAME/USRDIR/ -> D:\Emulateurs\Rpcs3\dev_hdd0\game\NPEB00162//USRDIR/
LDR: ! /dev_flash2/ -> ./dev_flash2/
LDR: ! /app_home/Game/PS3_GAME/USRDIR/ -> D:\Emulateurs\Rpcs3\dev_hdd0\game\NPEB00162//USRDIR/
LDR: ! //dev_hdd0/ -> ./dev_hdd0/
LDR: ! / -> D:\Emulateurs\Rpcs3\dev_hdd0\game\NPEB00162//USRDIR/
LDR: !  
LDR: ! Title: Frogger Returns
LDR: ! Serial: NPEB00162
LDR: !  
MEM: ! Initializing memory: m_base_addr = 0x6dd81f0000
MEM: ! Memory initialized.
LDR: ! Imported function 'cellFsClose' in 'sys_fs' module
LDR: ! Imported function 'cellFsRead' in 'sys_fs' module
LDR: ! Imported function 'cellFsOpen' in 'sys_fs' module
LDR: ! Imported function 'cellFsLseek' in 'sys_fs' module
LDR: ! Imported function 'cellFsWrite' in 'sys_fs' module
LDR: ! Imported function 'cellFsFstat' in 'sys_fs' module
LDR: ! Imported function 'cellPadInit' in 'sys_io' module
LDR: ! Imported function 'cellPadSetPortSetting' in 'sys_io' module
LDR: ! Imported function 'cellPadGetData' in 'sys_io' module
LDR: ! Imported function 'cellPadGetInfo2' in 'sys_io' module
LDR: ! Imported function 'cellVideoOutConfigure' in 'cellSysutil' module
LDR: W Unimplemented function 'cellSaveDataUserListAutoSave' in 'cellSysutil' module
LDR: W Unimplemented function 'cellSaveDataUserListSave' in 'cellSysutil' module
LDR: ! Imported function 'cellSysutilCheckCallback' in 'cellSysutil' module
LDR: ! Imported function 'cellMsgDialogClose' in 'cellSysutil' module
LDR: W Unimplemented function 'cellSaveDataUserListAutoLoad' in 'cellSysutil' module
LDR: W Unimplemented function 'cellSaveDataUserListLoad' in 'cellSysutil' module
LDR: ! Imported function 'cellMsgDialogOpenErrorCode' in 'cellSysutil' module
LDR: W Unimplemented function 'cellSaveDataUserFixedSave' in 'cellSysutil' module
LDR: ! Imported function 'cellSysutilGetSystemParamInt' in 'cellSysutil' module
LDR: ! Imported function 'cellAudioOutConfigure' in 'cellSysutil' module
LDR: ! Imported function 'cellMsgDialogAbort' in 'cellSysutil' module
LDR: W Unimplemented function 'cellSaveDataUserFixedLoad' in 'cellSysutil' module
LDR: ! Imported function 'cellMsgDialogOpen2' in 'cellSysutil' module
LDR: ! Imported function 'cellVideoOutGetState' in 'cellSysutil' module
LDR: W Unimplemented function 'cellSaveDataUserFixedDelete' in 'cellSysutil' module
LDR: ! Imported function 'cellSysutilRegisterCallback' in 'cellSysutil' module
LDR: ! Imported function 'cellVideoOutGetResolutionAvailability' in 'cellSysutil' module
LDR: ! Imported function 'cellAudioOutSetCopyControl' in 'cellSysutil' module
LDR: ! Imported function 'cellVideoOutGetResolution' in 'cellSysutil' module
LDR: ! Imported function 'cellAudioOutGetDeviceInfo' in 'cellSysutil' module
LDR: ! Imported function 'cellAudioOutGetSoundAvailability' in 'cellSysutil' module
LDR: ! Imported function 'cellAudioOutGetNumberOfDevice' in 'cellSysutil' module
LDR: ! Imported function 'cellAudioOutGetConfiguration' in 'cellSysutil' module
LDR: ! Imported function 'cellAudioOutGetState' in 'cellSysutil' module
LDR: ! Imported function 'cellRescGetNumColorBuffers' in 'cellResc' module
LDR: ! Imported function 'cellRescSetWaitFlip' in 'cellResc' module
LDR: ! Imported function 'cellRescSetDsts' in 'cellResc' module
LDR: ! Imported function 'cellRescAdjustAspectRatio' in 'cellResc' module
LDR: ! Imported function 'cellRescSetDisplayMode' in 'cellResc' module
LDR: ! Imported function 'cellRescSetConvertAndFlip' in 'cellResc' module
LDR: ! Imported function 'cellRescExit' in 'cellResc' module
LDR: ! Imported function 'cellRescSetFlipHandler' in 'cellResc' module
LDR: ! Imported function 'cellRescInit' in 'cellResc' module
LDR: ! Imported function 'cellRescGetBufferSize' in 'cellResc' module
LDR: ! Imported function 'cellRescSetSrc' in 'cellResc' module
LDR: ! Imported function 'cellRescSetBufferAddress' in 'cellResc' module
LDR: ! Imported function 'cellRescSetVBlankHandler' in 'cellResc' module
LDR: ! Imported function 'cellRescCreateInterlaceTable' in 'cellResc' module
LDR: ! Imported function '_cellGcmInitBody' in 'cellGcmSys' module
LDR: ! Imported function '_cellGcmSetFlipCommand' in 'cellGcmSys' module
LDR: ! Imported function 'cellGcmAddressToOffset' in 'cellGcmSys' module
LDR: ! Imported function 'cellGcmIoOffsetToAddress' in 'cellGcmSys' module
LDR: ! Imported function '_cellGcmFunc15' in 'cellGcmSys' module
LDR: ! Imported function 'cellGcmBindTile' in 'cellGcmSys' module
LDR: ! Imported function 'cellGcmSetFlipMode' in 'cellGcmSys' module
LDR: ! Imported function 'cellGcmSetDebugOutputLevel' in 'cellGcmSys' module
LDR: ! Imported function 'cellGcmGetDefaultCommandWordSize' in 'cellGcmSys' module
LDR: ! Imported function 'cellGcmGetLastFlipTime' in 'cellGcmSys' module
LDR: ! Imported function 'cellGcmMapEaIoAddress' in 'cellGcmSys' module
LDR: ! Imported function 'cellGcmGetFlipStatus' in 'cellGcmSys' module
LDR: ! Imported function 'cellGcmGetDefaultSegmentWordSize' in 'cellGcmSys' module
LDR: ! Imported function 'cellGcmGetReport' in 'cellGcmSys' module
LDR: ! Imported function 'cellGcmSetDefaultFifoSize' in 'cellGcmSys' module
LDR: ! Imported function 'cellGcmBindZcull' in 'cellGcmSys' module
LDR: ! Imported function 'cellGcmMapMainMemory' in 'cellGcmSys' module
LDR: ! Imported function 'cellGcmSetFlipHandler' in 'cellGcmSys' module
LDR: ! Imported function 'cellGcmSetDisplayBuffer' in 'cellGcmSys' module
LDR: ! Imported function 'cellGcmGetControlRegister' in 'cellGcmSys' module
LDR: ! Imported function 'cellGcmGetReportDataLocation' in 'cellGcmSys' module
LDR: ! Imported function 'cellGcmUnbindZcull' in 'cellGcmSys' module
LDR: ! Imported function 'cellGcmSetVBlankHandler' in 'cellGcmSys' module
LDR: ! Imported function 'cellGcmResetFlipStatus' in 'cellGcmSys' module
LDR: ! Imported function 'cellGcmSetTileInfo' in 'cellGcmSys' module
LDR: ! Imported function 'cellGcmSetGraphicsHandler' in 'cellGcmSys' module
LDR: ! Imported function '_cellGcmSetFlipCommandWithWaitLabel' in 'cellGcmSys' module
LDR: ! Imported function 'cellGcmUnbindTile' in 'cellGcmSys' module
LDR: ! Imported function 'cellGcmGetConfiguration' in 'cellGcmSys' module
LDR: ! Imported function 'cellGcmGetLabelAddress' in 'cellGcmSys' module
LDR: ! Imported function 'cellSysmoduleUnloadModule' in 'cellSysmodule' module
LDR: ! Imported function 'cellSysmoduleLoadModule' in 'cellSysmodule' module
LDR: ! Imported function 'cellAudioInit' in 'cellAudio' module
LDR: ! Imported function 'cellAudioPortStop' in 'cellAudio' module
LDR: ! Imported function 'cellAudioGetPortConfig' in 'cellAudio' module
LDR: ! Imported function 'cellAudioPortStart' in 'cellAudio' module
LDR: ! Imported function 'cellAudioQuit' in 'cellAudio' module
LDR: ! Imported function 'cellAudioPortOpen' in 'cellAudio' module
LDR: ! Imported function 'cellSpursEventFlagDetachLv2EventQueue' in 'cellSpurs' module
LDR: ! Imported function 'cellSpursEventFlagWait' in 'cellSpurs' module
LDR: ! Imported function 'cellSpursDetachLv2EventQueue' in 'cellSpurs' module
LDR: ! Imported function 'cellSpursJoinTaskset' in 'cellSpurs' module
LDR: ! Imported function 'cellSpursShutdownTaskset' in 'cellSpurs' module
LDR: ! Imported function 'cellSpursAttachLv2EventQueue' in 'cellSpurs' module
LDR: ! Imported function '_cellSpursSendSignal' in 'cellSpurs' module
LDR: ! Imported function 'sceNpTrophyRegisterContext' in 'sceNpTrophy' module
LDR: ! Imported function 'sceNpTrophyCreateHandle' in 'sceNpTrophy' module
LDR: ! Imported function 'sceNpTrophyGetRequiredDiskSpace' in 'sceNpTrophy' module
LDR: ! Imported function 'sceNpTrophyDestroyContext' in 'sceNpTrophy' module
LDR: ! Imported function 'sceNpTrophyInit' in 'sceNpTrophy' module
LDR: ! Imported function 'sceNpTrophyAbortHandle' in 'sceNpTrophy' module
LDR: ! Imported function 'sceNpTrophyGetGameInfo' in 'sceNpTrophy' module
LDR: ! Imported function 'sceNpTrophyDestroyHandle' in 'sceNpTrophy' module
LDR: ! Imported function 'sceNpTrophyUnlockTrophy' in 'sceNpTrophy' module
LDR: ! Imported function 'sceNpTrophyTerm' in 'sceNpTrophy' module
LDR: ! Imported function 'sceNpTrophyGetTrophyIcon' in 'sceNpTrophy' module
LDR: ! Imported function 'sceNpTrophyCreateContext' in 'sceNpTrophy' module
LDR: ! Imported function 'sceNpTrophyGetTrophyInfo' in 'sceNpTrophy' module
LDR: ! Imported function 'sceNpTrophyGetGameIcon' in 'sceNpTrophy' module
LDR: ! Imported function 'sceNpInit' in 'sceNp' module
LDR: ! Imported function 'cellGameContentPermit' in 'cellGame' module
LDR: ! Imported function 'cellGameContentErrorDialog' in 'cellGame' module
LDR: ! Imported function 'cellGameBootCheck' in 'cellGame' module
LDR: W Unknown module 'cellSaveData'
LDR: ! Imported function 'cellSaveDataUserListDelete' in 'cellSaveData' module
LDR: ! Imported function 'cellUserInfoSelectUser_ListType' in 'cellUserInfo' module
LDR: ! Imported function 'cellUserInfoSelectUser_SetList' in 'cellUserInfo' module
LDR: ! Imported function 'cellUserInfoGetList' in 'cellUserInfo' module
LDR: ! Imported function 'sys_lwmutex_lock' in 'sysPrxForUser' module
LDR: ! Imported function 'sys_lwmutex_unlock' in 'sysPrxForUser' module
LDR: ! Imported function 'sys_ppu_thread_create' in 'sysPrxForUser' module
LDR: ! Imported function '_sys_process_atexitspawn' in 'sysPrxForUser' module
LDR: ! Imported function 'sys_lwmutex_create' in 'sysPrxForUser' module
LDR: ! Imported function 'sys_ppu_thread_get_id' in 'sysPrxForUser' module
LDR: ! Imported function 'sys_prx_register_library' in 'sysPrxForUser' module
LDR: ! Imported function 'sys_initialize_tls' in 'sysPrxForUser' module
LDR: ! Imported function 'sys_time_get_system_time' in 'sysPrxForUser' module
LDR: ! Imported function '_sys_process_at_Exitspawn' in 'sysPrxForUser' module
LDR: ! Imported function 'sys_prx_exitspawn_with_level' in 'sysPrxForUser' module
LDR: ! Imported function 'sys_ppu_thread_exit' in 'sysPrxForUser' module
LDR: ! Imported function 'sys_lwmutex_destroy' in 'sysPrxForUser' module
LDR: ! Imported function 'sys_spu_image_close' in 'sysPrxForUser' module
LDR: ! Imported function 'sys_process_exit' in 'sysPrxForUser' module
LDR: ! Imported function 'sys_spu_image_import' in 'sysPrxForUser' module
HLE: W {PPU[1] Thread (CPUThread)[0x002dc034]} sys_lwmutex warning: *** lwmutex created [_lc_mtx] (attribute=0x12): sq_id = 3
HLE: W {PPU[1] Thread (CPUThread)[0x000e98b8]} memory warning: sys_memory_get_user_memory_size(mem_info_addr=0xd0010c04)
HLE: W {PPU[1] Thread (CPUThread)[0x002dc034]} sys_lwmutex warning: *** lwmutex created [_lc_mtx] (attribute=0x12): sq_id = 4
HLE: W {PPU[1] Thread (CPUThread)[0x002dc034]} sys_lwmutex warning: *** lwmutex created [_lc_mtx] (attribute=0x12): sq_id = 5
HLE: W {PPU[1] Thread (CPUThread)[0x002dc034]} sys_lwmutex warning: *** lwmutex created [_lc_mtx] (attribute=0x12): sq_id = 6
HLE: W {PPU[1] Thread (CPUThread)[0x002dc034]} sys_lwmutex warning: *** lwmutex created [_lc_mtx] (attribute=0x12): sq_id = 7
HLE: W {PPU[1] Thread (CPUThread)[0x002dc034]} sys_lwmutex warning: *** lwmutex created [_lc_mtx] (attribute=0x12): sq_id = 8
HLE: W {PPU[1] Thread (CPUThread)[0x002dc034]} sys_lwmutex warning: *** lwmutex created [_lc_mtx] (attribute=0x12): sq_id = 9
HLE: W {PPU[1] Thread (CPUThread)[0x002dc034]} sys_lwmutex warning: *** lwmutex created [_lc_mtx] (attribute=0x12): sq_id = 10
HLE: W {PPU[1] Thread (CPUThread)[0x002dc034]} sys_lwmutex warning: *** lwmutex created [_lc_mtx] (attribute=0x12): sq_id = 11
HLE: W {PPU[1] Thread (CPUThread)[0x002dc034]} sys_lwmutex warning: *** lwmutex created [_lc_mtx] (attribute=0x12): sq_id = 12
HLE: W {PPU[1] Thread (CPUThread)[0x002dc034]} sys_lwmutex warning: *** lwmutex created [_lgcmtx] (attribute=0x12): sq_id = 13
HLE: W {PPU[1] Thread (CPUThread)[0x002dc034]} sys_lwmutex warning: *** lwmutex created [_lgcmtx] (attribute=0x22): sq_id = 14
HLE: W {PPU[1] Thread (CPUThread)[0x002dc034]} sys_lwmutex warning: *** lwmutex created [_lc_mtx] (attribute=0x12): sq_id = 15
HLE: W {PPU[1] Thread (CPUThread)[0x002dc034]} sys_lwmutex warning: *** lwmutex created [_lc_mtx] (attribute=0x12): sq_id = 16
HLE: W {PPU[1] Thread (CPUThread)[0x002dc034]} sys_lwmutex warning: *** lwmutex created [_lc_mtx] (attribute=0x12): sq_id = 17
HLE: W {PPU[1] Thread (CPUThread)[0x002dc034]} sys_lwmutex warning: *** lwmutex created [_lc_mtx] (attribute=0x12): sq_id = 18
HLE: W {PPU[1] Thread (CPUThread)[0x002dc034]} sys_lwmutex warning: *** lwmutex created [_lc_mtx] (attribute=0x12): sq_id = 19
HLE: W {PPU[1] Thread (CPUThread)[0x002dc034]} sys_lwmutex warning: *** lwmutex created [_lc_mtx] (attribute=0x12): sq_id = 20
HLE: W {PPU[1] Thread (CPUThread)[0x002dc034]} sys_lwmutex warning: *** lwmutex created [_lc_mtx] (attribute=0x12): sq_id = 21
HLE: W {PPU[1] Thread (CPUThread)[0x002dc034]} sys_lwmutex warning: *** lwmutex created [_lc_mtx] (attribute=0x12): sq_id = 22
HLE: W {PPU[1] Thread (CPUThread)[0x002dc034]} sys_lwmutex warning: *** lwmutex created [_lc_mtx] (attribute=0x12): sq_id = 23
HLE: W {PPU[1] Thread (CPUThread)[0x002dc034]} sys_lwmutex warning: *** lwmutex created [_lc_mtx] (attribute=0x12): sq_id = 24
HLE: W {PPU[1] Thread (CPUThread)[0x002dc034]} sys_lwmutex warning: *** lwmutex created [_lc_mtx] (attribute=0x12): sq_id = 25
HLE: W {PPU[1] Thread (CPUThread)[0x002dc034]} sys_lwmutex warning: *** lwmutex created [_lc_mtx] (attribute=0x12): sq_id = 26
HLE: W {PPU[1] Thread (CPUThread)[0x002dc034]} sys_lwmutex warning: *** lwmutex created [] (attribute=0x22): sq_id = 27
HLE: W {PPU[1] Thread (CPUThread)[0x002dc034]} sys_lwmutex warning: *** lwmutex created [] (attribute=0x22): sq_id = 28
HLE: W {PPU[1] Thread (CPUThread)[0x002cc010]} cellSysmodule warning: cellSysmoduleLoadModule(CELL_SYSMODULE_SYSUTIL_SAVEDATA)
HLE: W {PPU[1] Thread (CPUThread)[0x000ca99c]} sys_spu warning: sys_spu_initialize(max_usable_spu=6, max_raw_spu=1)
HLE: W {PPU[1] Thread (CPUThread)[0x002cc010]} cellSysmodule warning: cellSysmoduleLoadModule(CELL_SYSMODULE_GCM_SYS)
HLE: W {PPU[1] Thread (CPUThread)[0x002cc010]} cellSysmodule warning: cellSysmoduleLoadModule(CELL_SYSMODULE_GCM_SYS)
HLE: W {PPU[1] Thread (CPUThread)[0x002cc010]} cellSysmodule warning: cellSysmoduleLoadModule(CELL_SYSMODULE_FS)
HLE: W {PPU[1] Thread (CPUThread)[0x002cc010]} cellSysmodule warning: cellSysmoduleLoadModule(CELL_SYSMODULE_USBD)
HLE: W {PPU[1] Thread (CPUThread)[0x002cc010]} cellSysmodule warning: cellSysmoduleLoadModule(CELL_SYSMODULE_IO)
HLE: W {PPU[1] Thread (CPUThread)[0x002cc010]} cellSysmodule warning: cellSysmoduleLoadModule(CELL_SYSMODULE_SYSUTIL_GAME)
HLE: W {PPU[1] Thread (CPUThread)[0x002cc010]} cellSysmodule warning: cellSysmoduleLoadModule(CELL_SYSMODULE_SYSUTIL_NP)
HLE: W {PPU[1] Thread (CPUThread)[0x0017f0c4]} cellSysutil warning: cellSysutilRegisterCallback(slot=0, func_addr=0x184e28, userdata=0x0)
PPU: ! {PPU[1] Thread (CPUThread)[0x002dc01c]} *** New PPU Thread [vhearts] (flags=0x0, entry=0x184e20): id = 29
HLE: W {PPU[29] Thread (vhearts)[0x002d601c]} cellGame warning: cellGameBootCheck(type_addr=0xd00209d0, attributes_addr=0xd00209d4, size_addr=0xd00209d8, dirName_addr=0x0)
HLE: W {PPU[29] Thread (vhearts)[0x002d6004]} cellGame warning: cellGameContentPermit(contentInfoPath_addr=0xd00209e8, usrdirPath_addr=0x2817d8)
HLE: W {PPU[1] Thread (CPUThread)[0x002cc010]} cellSysmodule warning: cellSysmoduleLoadModule(CELL_SYSMODULE_GCM_SYS)
HLE: W {PPU[1] Thread (CPUThread)[0x002cc010]} cellSysmodule warning: cellSysmoduleLoadModule(CELL_SYSMODULE_RESC)
HLE: W {PPU[1] Thread (CPUThread)[0x00056700]} sys_spu warning: sys_raw_spu_create(id_addr=0x19bd64, attr_addr=0xd00109d0)
HLE: W {PPU[1] Thread (CPUThread)[0x002ca004]} cellGcmSys warning: cellGcmInit(context_addr=0x19ce18,cmdSize=0x10000,ioSize=0x100000,ioAddress=0x30200000)
HLE: W {PPU[1] Thread (CPUThread)[0x002ca004]} cellGcmSys warning: *** local memory(addr=0xc0000000, size=0xf900000)
HLE: W {PPU[1] Thread (CPUThread)[0x002ca004]} cellGcmSys warning: cellGcmInit(): 256MB io address space used
HLE: W {PPU[1] Thread (CPUThread)[0x002ca004]} cellGcmSys warning: cellGcmMapEaIoAddress(ea=0x30200000, io=0x0, size=0x100000)
RSX: ! {RSXThread} RSX thread started
HLE: W {PPU[1] Thread (CPUThread)[0x002ca058]} cellGcmSys warning: cellGcmSetDebugOutputLevel(level=2)
HLE: E {PPU[1] Thread (CPUThread)[0x002ca130]} cellGcmSys TODO: cellGcmSetGraphicsHandler
RSX: E {RSXThread} TODO: CELL_GCM_NV4097_SET_SHADER_PACKER(0x0)
RSX: E {RSXThread} TODO: CELL_GCM_NV4097_SET_TWO_SIDE_LIGHT_EN(0x0)
HLE: W {PPU[1] Thread (CPUThread)[0x002ca07c]} cellGcmSys warning: cellGcmMapEaIoAddress(ea=0x30500000, io=0xe000000, size=0x100000)
HLE: W {PPU[1] Thread (CPUThread)[0x0017f0d0]} cellSysutil warning: cellVideoOutGetResolutionAvailability(videoOut=0, resolutionId=0x1, option_addr=0x2, aspect=0x0, option=0xd8b9f179)
HLE: W {PPU[1] Thread (CPUThread)[0x002ca148]} cellGcmSys warning: cellGcmUnbindTile(index=0)
HLE: W {PPU[1] Thread (CPUThread)[0x002ca148]} cellGcmSys warning: cellGcmUnbindTile(index=1)
HLE: W {PPU[1] Thread (CPUThread)[0x002ca148]} cellGcmSys warning: cellGcmUnbindTile(index=2)
HLE: W {PPU[1] Thread (CPUThread)[0x002ca148]} cellGcmSys warning: cellGcmUnbindTile(index=3)
HLE: W {PPU[1] Thread (CPUThread)[0x002ca148]} cellGcmSys warning: cellGcmUnbindTile(index=4)
HLE: W {PPU[1] Thread (CPUThread)[0x002ca148]} cellGcmSys warning: cellGcmUnbindTile(index=5)
HLE: W {PPU[1] Thread (CPUThread)[0x002ca148]} cellGcmSys warning: cellGcmUnbindTile(index=6)
HLE: W {PPU[1] Thread (CPUThread)[0x002ca148]} cellGcmSys warning: cellGcmUnbindTile(index=7)
HLE: W {PPU[1] Thread (CPUThread)[0x002ca148]} cellGcmSys warning: cellGcmUnbindTile(index=8)
HLE: W {PPU[1] Thread (CPUThread)[0x002ca148]} cellGcmSys warning: cellGcmUnbindTile(index=9)
HLE: W {PPU[1] Thread (CPUThread)[0x002ca148]} cellGcmSys warning: cellGcmUnbindTile(index=10)
HLE: W {PPU[1] Thread (CPUThread)[0x002ca148]} cellGcmSys warning: cellGcmUnbindTile(index=11)
HLE: W {PPU[1] Thread (CPUThread)[0x002ca148]} cellGcmSys warning: cellGcmUnbindTile(index=12)
HLE: W {PPU[1] Thread (CPUThread)[0x002ca148]} cellGcmSys warning: cellGcmUnbindTile(index=13)
HLE: W {PPU[1] Thread (CPUThread)[0x002ca148]} cellGcmSys warning: cellGcmUnbindTile(index=14)
HLE: W {PPU[1] Thread (CPUThread)[0x002c8064]} cellResc warning: cellRescInit(initConfig_addr=0xd0010960)
RSX: W {RSXThread} NV406E_SEMAPHORE_ACQUIRE: 1
HLE: W {PPU[1] Thread (CPUThread)[0x002ca124]} cellGcmSys warning: cellGcmSetTileInfo(index=0, location=0, offset=253558784, size=7536640, pitch=5120, comp=0, base=0, bank=0)
HLE: W {PPU[1] Thread (CPUThread)[0x002ca040]} cellGcmSys warning: cellGcmBindTile(index=0)
HLE: W {PPU[1] Thread (CPUThread)[0x002c8034]} cellResc warning: cellRescSetDisplayMode(displayMode=4)
HLE: W {PPU[1] Thread (CPUThread)[0x002c8034]} cellSysutil warning: cellVideoOutConfigure(videoOut=0, config_addr=0x30016000, option_addr=0x0, waitForEvent=0x0)
HLE: W {PPU[1] Thread (CPUThread)[0x002c8034]} cellGcmSys warning: cellGcmSetFlipMode(mode=2)
HLE: W {PPU[1] Thread (CPUThread)[0x002c8070]} cellResc warning: cellRescGetBufferSize(colorBuffers_addr=0xd0010930, vertexArray_addr=0xd0010928, fragmentShader_addr=0xd001092c)
HLE: W {PPU[1] Thread (CPUThread)[0x002c8088]} cellResc warning: cellRescSetBufferAddress(colorBuffers_addr=0xcf1d0000, vertexArray_addr=0xc0000000, fragmentShader_addr=0xc0000180)
HLE: W {PPU[1] Thread (CPUThread)[0x002c8028]} cellResc warning: cellRescAdjustAspectRatio(horizontal=1.000000, vertical=1.000000)
RSX: W {RSXThread} NV406E_SEMAPHORE_ACQUIRE: 3
HLE: W {PPU[1] Thread (CPUThread)[0x002ca124]} cellGcmSys warning: cellGcmSetTileInfo(index=1, location=0, offset=245694464, size=7864320, pitch=10240, comp=7, base=1, bank=0)
HLE: E {PPU[1] Thread (CPUThread)[0x002ca124]} cellGcmSys error: cellGcmSetTileInfo: bad compression mode! (7)
HLE: W {PPU[1] Thread (CPUThread)[0x002ca040]} cellGcmSys warning: cellGcmBindTile(index=1)
RSX: W {RSXThread} NV406E_SEMAPHORE_ACQUIRE: 5
HLE: W {PPU[1] Thread (CPUThread)[0x002ca124]} cellGcmSys warning: cellGcmSetTileInfo(index=2, location=0, offset=237830144, size=7864320, pitch=10240, comp=7, base=121, bank=0)
HLE: E {PPU[1] Thread (CPUThread)[0x002ca124]} cellGcmSys error: cellGcmSetTileInfo: bad compression mode! (7)
HLE: W {PPU[1] Thread (CPUThread)[0x002ca040]} cellGcmSys warning: cellGcmBindTile(index=2)
RSX: W {RSXThread} NV406E_SEMAPHORE_ACQUIRE: 7
HLE: W {PPU[1] Thread (CPUThread)[0x002ca124]} cellGcmSys warning: cellGcmSetTileInfo(index=3, location=0, offset=233897984, size=3932160, pitch=5120, comp=0, base=0, bank=0)
HLE: W {PPU[1] Thread (CPUThread)[0x002ca040]} cellGcmSys warning: cellGcmBindTile(index=3)
RSX: W {RSXThread} NV406E_SEMAPHORE_ACQUIRE: 9
HLE: W {PPU[1] Thread (CPUThread)[0x002ca124]} cellGcmSys warning: cellGcmSetTileInfo(index=3, location=0, offset=229965824, size=7864320, pitch=5120, comp=0, base=0, bank=0)
HLE: W {PPU[1] Thread (CPUThread)[0x002ca040]} cellGcmSys warning: cellGcmBindTile(index=3)
RSX: W {RSXThread} NV406E_SEMAPHORE_ACQUIRE: b
HLE: W {PPU[1] Thread (CPUThread)[0x002ca124]} cellGcmSys warning: cellGcmSetTileInfo(index=4, location=0, offset=222101504, size=7864320, pitch=10240, comp=11, base=241, bank=3)
HLE: E {PPU[1] Thread (CPUThread)[0x002ca124]} cellGcmSys error: cellGcmSetTileInfo: bad compression mode! (11)
HLE: W {PPU[1] Thread (CPUThread)[0x002ca040]} cellGcmSys warning: cellGcmBindTile(index=4)
RSX: W {RSXThread} NV406E_SEMAPHORE_ACQUIRE: d
HLE: W {PPU[1] Thread (CPUThread)[0x002ca0b8]} cellGcmSys warning: cellGcmBindZcull(index=0)
HLE: W {PPU[1] Thread (CPUThread)[0x000a84b8]} sys_semaphore warning: sys_semaphore_create(sem_addr=0x19c428, attr_addr=0xd0010980, initial_count=1, max_count=2)
HLE: ! {PPU[1] Thread (CPUThread)[0x000a84b8]} *** semaphore created [] (protocol=0x2): id = 31
HLE: W {PPU[1] Thread (CPUThread)[0x002c8058]} cellResc warning: cellRescSetFlipHandler(handler_addr=0x1843e8)
HLE: W {PPU[1] Thread (CPUThread)[0x0005641c]} sys_mutex warning: *** mutex created [] (protocol=0x2, recursive=false): id = 32
HLE: W {PPU[1] Thread (CPUThread)[0x0005655c]} sys_cond warning: *** condition created [@„] (mutex_id=32): id = 33
RSX: W {RSXThread} TODO: NV4097_SET_ANTI_ALIASING_CONTROL: ffff0001
RSX: W {RSXThread} TODO: NV4097_SET_WINDOW_OFFSET: x=0, y=0
RSX: W {RSXThread} NV4097_SET_ZCULL_CONTROL0: 10
RSX: W {RSXThread} NV4097_SET_SCULL_CONTROL: ff000007
RSX: W {RSXThread} New FBO (1280x720)
RSX: W {RSXThread} TODO: NV4097_SET_ANTI_ALIASING_CONTROL: ffff0001
RSX: W {RSXThread} TODO: NV4097_SET_WINDOW_OFFSET: x=0, y=0
HLE: ! {PPU[1] Thread (CPUThread)[0x000e5658]} "/dev_hdd0/game/NPEB00162/USRDIR/data/shaders/simpleVS.cgelf" opened: fd = 34
HLE: W {PPU[1] Thread (CPUThread)[0x002dc034]} sys_lwmutex warning: *** lwmutex created [_lc_mtx] (attribute=0x12): sq_id = 35
HLE: W {PPU[1] Thread (CPUThread)[0x000e55d0]} sys_fs warning: cellFsClose(fd=34)
HLE: W {PPU[1] Thread (CPUThread)[0x002dc094]} sys_lwmutex warning: sys_lwmutex_destroy(lwmutex_addr=0x30114090)
HLE: ! {PPU[1] Thread (CPUThread)[0x000e5658]} "/dev_hdd0/game/NPEB00162/USRDIR/data/shaders/simpleVS.cgelf" opened: fd = 36
HLE: W {PPU[1] Thread (CPUThread)[0x002dc034]} sys_lwmutex warning: *** lwmutex created [_lc_mtx] (attribute=0x12): sq_id = 37
HLE: W {PPU[1] Thread (CPUThread)[0x000e55d0]} sys_fs warning: cellFsClose(fd=36)
HLE: W {PPU[1] Thread (CPUThread)[0x002dc094]} sys_lwmutex warning: sys_lwmutex_destroy(lwmutex_addr=0x30114090)
HLE: ! {PPU[1] Thread (CPUThread)[0x000e5658]} "/dev_hdd0/game/NPEB00162/USRDIR/data/shaders/simpleShadowedVS.cgelf" opened: fd = 38
HLE: W {PPU[1] Thread (CPUThread)[0x002dc034]} sys_lwmutex warning: *** lwmutex created [_lc_mtx] (attribute=0x12): sq_id = 39
HLE: W {PPU[1] Thread (CPUThread)[0x000e55d0]} sys_fs warning: cellFsClose(fd=38)
HLE: W {PPU[1] Thread (CPUThread)[0x002dc094]} sys_lwmutex warning: sys_lwmutex_destroy(lwmutex_addr=0x30116420)
HLE: ! {PPU[1] Thread (CPUThread)[0x000e5658]} "/dev_hdd0/game/NPEB00162/USRDIR/data/shaders/simpleShadowedVS.cgelf" opened: fd = 40
HLE: W {PPU[1] Thread (CPUThread)[0x002dc034]} sys_lwmutex warning: *** lwmutex created [_lc_mtx] (attribute=0x12): sq_id = 41
HLE: W {PPU[1] Thread (CPUThread)[0x000e55d0]} sys_fs warning: cellFsClose(fd=40)
HLE: W {PPU[1] Thread (CPUThread)[0x002dc094]} sys_lwmutex warning: sys_lwmutex_destroy(lwmutex_addr=0x30116420)
HLE: ! {PPU[1] Thread (CPUThread)[0x000e5658]} "/dev_hdd0/game/NPEB00162/USRDIR/data/shaders/colorVS.cgelf" opened: fd = 42
HLE: W {PPU[1] Thread (CPUThread)[0x002dc034]} sys_lwmutex warning: *** lwmutex created [_lc_mtx] (attribute=0x12): sq_id = 43
HLE: W {PPU[1] Thread (CPUThread)[0x000e55d0]} sys_fs warning: cellFsClose(fd=42)
HLE: W {PPU[1] Thread (CPUThread)[0x002dc094]} sys_lwmutex warning: sys_lwmutex_destroy(lwmutex_addr=0x301189b0)
HLE: ! {PPU[1] Thread (CPUThread)[0x000e5658]} "/dev_hdd0/game/NPEB00162/USRDIR/data/shaders/colorVS.cgelf" opened: fd = 44
HLE: W {PPU[1] Thread (CPUThread)[0x002dc034]} sys_lwmutex warning: *** lwmutex created [_lc_mtx] (attribute=0x12): sq_id = 45
HLE: W {PPU[1] Thread (CPUThread)[0x000e55d0]} sys_fs warning: cellFsClose(fd=44)
HLE: W {PPU[1] Thread (CPUThread)[0x002dc094]} sys_lwmutex warning: sys_lwmutex_destroy(lwmutex_addr=0x301189b0)
HLE: ! {PPU[1] Thread (CPUThread)[0x000e5658]} "/dev_hdd0/game/NPEB00162/USRDIR/data/shaders/colorNormalVS.cgelf" opened: fd = 46
HLE: W {PPU[1] Thread (CPUThread)[0x002dc034]} sys_lwmutex warning: *** lwmutex created [_lc_mtx] (attribute=0x12): sq_id = 47
HLE: W {PPU[1] Thread (CPUThread)[0x000e55d0]} sys_fs warning: cellFsClose(fd=46)
HLE: W {PPU[1] Thread (CPUThread)[0x002dc094]} sys_lwmutex warning: sys_lwmutex_destroy(lwmutex_addr=0x3011b420)
HLE: ! {PPU[1] Thread (CPUThread)[0x000e5658]} "/dev_hdd0/game/NPEB00162/USRDIR/data/shaders/colorNormalVS.cgelf" opened: fd = 48
HLE: W {PPU[1] Thread (CPUThread)[0x002dc034]} sys_lwmutex warning: *** lwmutex created [_lc_mtx] (attribute=0x12): sq_id = 49
HLE: W {PPU[1] Thread (CPUThread)[0x000e55d0]} sys_fs warning: cellFsClose(fd=48)
HLE: W {PPU[1] Thread (CPUThread)[0x002dc094]} sys_lwmutex warning: sys_lwmutex_destroy(lwmutex_addr=0x3011b420)
HLE: ! {PPU[1] Thread (CPUThread)[0x000e5658]} "/dev_hdd0/game/NPEB00162/USRDIR/data/shaders/colorNormalShadowedVS.cgelf" opened: fd = 50
HLE: W {PPU[1] Thread (CPUThread)[0x002dc034]} sys_lwmutex warning: *** lwmutex created [_lc_mtx] (attribute=0x12): sq_id = 51
HLE: W {PPU[1] Thread (CPUThread)[0x000e55d0]} sys_fs warning: cellFsClose(fd=50)
HLE: W {PPU[1] Thread (CPUThread)[0x002dc094]} sys_lwmutex warning: sys_lwmutex_destroy(lwmutex_addr=0x30116420)
HLE: ! {PPU[1] Thread (CPUThread)[0x000e5658]} "/dev_hdd0/game/NPEB00162/USRDIR/data/shaders/colorNormalShadowedVS.cgelf" opened: fd = 52
HLE: W {PPU[1] Thread (CPUThread)[0x002dc034]} sys_lwmutex warning: *** lwmutex created [_lc_mtx] (attribute=0x12): sq_id = 53
HLE: W {PPU[1] Thread (CPUThread)[0x000e55d0]} sys_fs warning: cellFsClose(fd=52)
HLE: W {PPU[1] Thread (CPUThread)[0x002dc094]} sys_lwmutex warning: sys_lwmutex_destroy(lwmutex_addr=0x30116420)
HLE: ! {PPU[1] Thread (CPUThread)[0x000e5658]} "/dev_hdd0/game/NPEB00162/USRDIR/data/shaders/skinColorNormalVS.cgelf" opened: fd = 54
HLE: W {PPU[1] Thread (CPUThread)[0x002dc034]} sys_lwmutex warning: *** lwmutex created [_lc_mtx] (attribute=0x12): sq_id = 55
HLE: W {PPU[1] Thread (CPUThread)[0x000e55d0]} sys_fs warning: cellFsClose(fd=54)
HLE: W {PPU[1] Thread (CPUThread)[0x002dc094]} sys_lwmutex warning: sys_lwmutex_destroy(lwmutex_addr=0x301201e0)
HLE: ! {PPU[1] Thread (CPUThread)[0x000e5658]} "/dev_hdd0/game/NPEB00162/USRDIR/data/shaders/skinColorNormalVS.cgelf" opened: fd = 56
HLE: W {PPU[1] Thread (CPUThread)[0x002dc034]} sys_lwmutex warning: *** lwmutex created [_lc_mtx] (attribute=0x12): sq_id = 57
HLE: W {PPU[1] Thread (CPUThread)[0x000e55d0]} sys_fs warning: cellFsClose(fd=56)
HLE: W {PPU[1] Thread (CPUThread)[0x002dc094]} sys_lwmutex warning: sys_lwmutex_destroy(lwmutex_addr=0x301201e0)
HLE: ! {PPU[1] Thread (CPUThread)[0x000e5658]} "/dev_hdd0/game/NPEB00162/USRDIR/data/shaders/shadowCasterVS.cgelf" opened: fd = 58
HLE: W {PPU[1] Thread (CPUThread)[0x002dc034]} sys_lwmutex warning: *** lwmutex created [_lc_mtx] (attribute=0x12): sq_id = 59
HLE: W {PPU[1] Thread (CPUThread)[0x000e55d0]} sys_fs warning: cellFsClose(fd=58)
HLE: W {PPU[1] Thread (CPUThread)[0x002dc094]} sys_lwmutex warning: sys_lwmutex_destroy(lwmutex_addr=0x301234f0)
HLE: ! {PPU[1] Thread (CPUThread)[0x000e5658]} "/dev_hdd0/game/NPEB00162/USRDIR/data/shaders/shadowCasterVS.cgelf" opened: fd = 60
HLE: W {PPU[1] Thread (CPUThread)[0x002dc034]} sys_lwmutex warning: *** lwmutex created [_lc_mtx] (attribute=0x12): sq_id = 61
HLE: W {PPU[1] Thread (CPUThread)[0x000e55d0]} sys_fs warning: cellFsClose(fd=60)
HLE: W {PPU[1] Thread (CPUThread)[0x002dc094]} sys_lwmutex warning: sys_lwmutex_destroy(lwmutex_addr=0x301234f0)
HLE: ! {PPU[1] Thread (CPUThread)[0x000e5658]} "/dev_hdd0/game/NPEB00162/USRDIR/data/shaders/skinColorNormalShadowedVS.cgelf" opened: fd = 62
HLE: W {PPU[1] Thread (CPUThread)[0x002dc034]} sys_lwmutex warning: *** lwmutex created [_lc_mtx] (attribute=0x12): sq_id = 63
HLE: W {PPU[1] Thread (CPUThread)[0x000e55d0]} sys_fs warning: cellFsClose(fd=62)
HLE: W {PPU[1] Thread (CPUThread)[0x002dc094]} sys_lwmutex warning: sys_lwmutex_destroy(lwmutex_addr=0x30125330)
HLE: ! {PPU[1] Thread (CPUThread)[0x000e5658]} "/dev_hdd0/game/NPEB00162/USRDIR/data/shaders/skinColorNormalShadowedVS.cgelf" opened: fd = 64
HLE: W {PPU[1] Thread (CPUThread)[0x002dc034]} sys_lwmutex warning: *** lwmutex created [_lc_mtx] (attribute=0x12): sq_id = 65
HLE: W {PPU[1] Thread (CPUThread)[0x000e55d0]} sys_fs warning: cellFsClose(fd=64)
HLE: W {PPU[1] Thread (CPUThread)[0x002dc094]} sys_lwmutex warning: sys_lwmutex_destroy(lwmutex_addr=0x30125330)
HLE: ! {PPU[1] Thread (CPUThread)[0x000e5658]} "/dev_hdd0/game/NPEB00162/USRDIR/data/shaders/postVS.cgelf" opened: fd = 66
HLE: W {PPU[1] Thread (CPUThread)[0x002dc034]} sys_lwmutex warning: *** lwmutex created [_lc_mtx] (attribute=0x12): sq_id = 67
HLE: W {PPU[1] Thread (CPUThread)[0x000e55d0]} sys_fs warning: cellFsClose(fd=66)
HLE: W {PPU[1] Thread (CPUThread)[0x002dc094]} sys_lwmutex warning: sys_lwmutex_destroy(lwmutex_addr=0x30125330)
HLE: ! {PPU[1] Thread (CPUThread)[0x000e5658]} "/dev_hdd0/game/NPEB00162/USRDIR/data/shaders/postVS.cgelf" opened: fd = 68
HLE: W {PPU[1] Thread (CPUThread)[0x002dc034]} sys_lwmutex warning: *** lwmutex created [_lc_mtx] (attribute=0x12): sq_id = 69
HLE: W {PPU[1] Thread (CPUThread)[0x000e55d0]} sys_fs warning: cellFsClose(fd=68)
HLE: W {PPU[1] Thread (CPUThread)[0x002dc094]} sys_lwmutex warning: sys_lwmutex_destroy(lwmutex_addr=0x30125330)
HLE: ! {PPU[1] Thread (CPUThread)[0x000e5658]} "/dev_hdd0/game/NPEB00162/USRDIR/data/shaders/unifiedVS.cgelf" opened: fd = 70
HLE: W {PPU[1] Thread (CPUThread)[0x002dc034]} sys_lwmutex warning: *** lwmutex created [_lc_mtx] (attribute=0x12): sq_id = 71
HLE: W {PPU[1] Thread (CPUThread)[0x000e55d0]} sys_fs warning: cellFsClose(fd=70)
HLE: W {PPU[1] Thread (CPUThread)[0x002dc094]} sys_lwmutex warning: sys_lwmutex_destroy(lwmutex_addr=0x30116420)
HLE: ! {PPU[1] Thread (CPUThread)[0x000e5658]} "/dev_hdd0/game/NPEB00162/USRDIR/data/shaders/unifiedVS.cgelf" opened: fd = 72
HLE: W {PPU[1] Thread (CPUThread)[0x002dc034]} sys_lwmutex warning: *** lwmutex created [_lc_mtx] (attribute=0x12): sq_id = 73
HLE: W {PPU[1] Thread (CPUThread)[0x000e55d0]} sys_fs warning: cellFsClose(fd=72)
HLE: W {PPU[1] Thread (CPUThread)[0x002dc094]} sys_lwmutex warning: sys_lwmutex_destroy(lwmutex_addr=0x30116420)
HLE: ! {PPU[1] Thread (CPUThread)[0x000e5658]} "/dev_hdd0/game/NPEB00162/USRDIR/data/shaders/simplePS.cgelf" opened: fd = 74
HLE: W {PPU[1] Thread (CPUThread)[0x002dc034]} sys_lwmutex warning: *** lwmutex created [_lc_mtx] (attribute=0x12): sq_id = 75
HLE: W {PPU[1] Thread (CPUThread)[0x000e55d0]} sys_fs warning: cellFsClose(fd=74)
HLE: W {PPU[1] Thread (CPUThread)[0x002dc094]} sys_lwmutex warning: sys_lwmutex_destroy(lwmutex_addr=0x30116420)
HLE: ! {PPU[1] Thread (CPUThread)[0x000e5658]} "/dev_hdd0/game/NPEB00162/USRDIR/data/shaders/simplePS.cgelf" opened: fd = 76
HLE: W {PPU[1] Thread (CPUThread)[0x002dc034]} sys_lwmutex warning: *** lwmutex created [_lc_mtx] (attribute=0x12): sq_id = 77
HLE: W {PPU[1] Thread (CPUThread)[0x000e55d0]} sys_fs warning: cellFsClose(fd=76)
HLE: W {PPU[1] Thread (CPUThread)[0x002dc094]} sys_lwmutex warning: sys_lwmutex_destroy(lwmutex_addr=0x30116420)
HLE: ! {PPU[1] Thread (CPUThread)[0x000e5658]} "/dev_hdd0/game/NPEB00162/USRDIR/data/shaders/simpleShadowedPS.cgelf" opened: fd = 78
HLE: W {PPU[1] Thread (CPUThread)[0x002dc034]} sys_lwmutex warning: *** lwmutex created [_lc_mtx] (attribute=0x12): sq_id = 79
HLE: W {PPU[1] Thread (CPUThread)[0x000e55d0]} sys_fs warning: cellFsClose(fd=78)
HLE: W {PPU[1] Thread (CPUThread)[0x002dc094]} sys_lwmutex warning: sys_lwmutex_destroy(lwmutex_addr=0x30116420)
HLE: ! {PPU[1] Thread (CPUThread)[0x000e5658]} "/dev_hdd0/game/NPEB00162/USRDIR/data/shaders/simpleShadowedPS.cgelf" opened: fd = 80
HLE: W {PPU[1] Thread (CPUThread)[0x002dc034]} sys_lwmutex warning: *** lwmutex created [_lc_mtx] (attribute=0x12): sq_id = 81
HLE: W {PPU[1] Thread (CPUThread)[0x000e55d0]} sys_fs warning: cellFsClose(fd=80)
HLE: W {PPU[1] Thread (CPUThread)[0x002dc094]} sys_lwmutex warning: sys_lwmutex_destroy(lwmutex_addr=0x30116420)
HLE: ! {PPU[1] Thread (CPUThread)[0x000e5658]} "/dev_hdd0/game/NPEB00162/USRDIR/data/shaders/unlitPS.cgelf" opened: fd = 82
HLE: W {PPU[1] Thread (CPUThread)[0x002dc034]} sys_lwmutex warning: *** lwmutex created [_lc_mtx] (attribute=0x12): sq_id = 83
HLE: W {PPU[1] Thread (CPUThread)[0x000e55d0]} sys_fs warning: cellFsClose(fd=82)
HLE: W {PPU[1] Thread (CPUThread)[0x002dc094]} sys_lwmutex warning: sys_lwmutex_destroy(lwmutex_addr=0x30116420)
HLE: ! {PPU[1] Thread (CPUThread)[0x000e5658]} "/dev_hdd0/game/NPEB00162/USRDIR/data/shaders/unlitPS.cgelf" opened: fd = 84
HLE: W {PPU[1] Thread (CPUThread)[0x002dc034]} sys_lwmutex warning: *** lwmutex created [_lc_mtx] (attribute=0x12): sq_id = 85
HLE: W {PPU[1] Thread (CPUThread)[0x000e55d0]} sys_fs warning: cellFsClose(fd=84)
HLE: W {PPU[1] Thread (CPUThread)[0x002dc094]} sys_lwmutex warning: sys_lwmutex_destroy(lwmutex_addr=0x30116420)
HLE: ! {PPU[1] Thread (CPUThread)[0x000e5658]} "/dev_hdd0/game/NPEB00162/USRDIR/data/shaders/dirlitPS.cgelf" opened: fd = 86
HLE: W {PPU[1] Thread (CPUThread)[0x002dc034]} sys_lwmutex warning: *** lwmutex created [_lc_mtx] (attribute=0x12): sq_id = 87
HLE: W {PPU[1] Thread (CPUThread)[0x000e55d0]} sys_fs warning: cellFsClose(fd=86)
HLE: W {PPU[1] Thread (CPUThread)[0x002dc094]} sys_lwmutex warning: sys_lwmutex_destroy(lwmutex_addr=0x30116420)
HLE: ! {PPU[1] Thread (CPUThread)[0x000e5658]} "/dev_hdd0/game/NPEB00162/USRDIR/data/shaders/dirlitPS.cgelf" opened: fd = 88
HLE: W {PPU[1] Thread (CPUThread)[0x002dc034]} sys_lwmutex warning: *** lwmutex created [_lc_mtx] (attribute=0x12): sq_id = 89
HLE: W {PPU[1] Thread (CPUThread)[0x000e55d0]} sys_fs warning: cellFsClose(fd=88)
HLE: W {PPU[1] Thread (CPUThread)[0x002dc094]} sys_lwmutex warning: sys_lwmutex_destroy(lwmutex_addr=0x30116420)
HLE: ! {PPU[1] Thread (CPUThread)[0x000e5658]} "/dev_hdd0/game/NPEB00162/USRDIR/data/shaders/dirlitShadowedPS.cgelf" opened: fd = 90
HLE: W {PPU[1] Thread (CPUThread)[0x002dc034]} sys_lwmutex warning: *** lwmutex created [_lc_mtx] (attribute=0x12): sq_id = 91
HLE: W {PPU[1] Thread (CPUThread)[0x000e55d0]} sys_fs warning: cellFsClose(fd=90)
HLE: W {PPU[1] Thread (CPUThread)[0x002dc094]} sys_lwmutex warning: sys_lwmutex_destroy(lwmutex_addr=0x30116420)
HLE: ! {PPU[1] Thread (CPUThread)[0x000e5658]} "/dev_hdd0/game/NPEB00162/USRDIR/data/shaders/dirlitShadowedPS.cgelf" opened: fd = 92
HLE: W {PPU[1] Thread (CPUThread)[0x002dc034]} sys_lwmutex warning: *** lwmutex created [_lc_mtx] (attribute=0x12): sq_id = 93
HLE: W {PPU[1] Thread (CPUThread)[0x000e55d0]} sys_fs warning: cellFsClose(fd=92)
HLE: W {PPU[1] Thread (CPUThread)[0x002dc094]} sys_lwmutex warning: sys_lwmutex_destroy(lwmutex_addr=0x30116420)
HLE: ! {PPU[1] Thread (CPUThread)[0x000e5658]} "/dev_hdd0/game/NPEB00162/USRDIR/data/shaders/dirlitNormalMappedPS.cgelf" opened: fd = 94
HLE: W {PPU[1] Thread (CPUThread)[0x002dc034]} sys_lwmutex warning: *** lwmutex created [_lc_mtx] (attribute=0x12): sq_id = 95
HLE: W {PPU[1] Thread (CPUThread)[0x000e55d0]} sys_fs warning: cellFsClose(fd=94)
HLE: W {PPU[1] Thread (CPUThread)[0x002dc094]} sys_lwmutex warning: sys_lwmutex_destroy(lwmutex_addr=0x30116420)
HLE: ! {PPU[1] Thread (CPUThread)[0x000e5658]} "/dev_hdd0/game/NPEB00162/USRDIR/data/shaders/dirlitNormalMappedPS.cgelf" opened: fd = 96
HLE: W {PPU[1] Thread (CPUThread)[0x002dc034]} sys_lwmutex warning: *** lwmutex created [_lc_mtx] (attribute=0x12): sq_id = 97
HLE: W {PPU[1] Thread (CPUThread)[0x000e55d0]} sys_fs warning: cellFsClose(fd=96)
HLE: W {PPU[1] Thread (CPUThread)[0x002dc094]} sys_lwmutex warning: sys_lwmutex_destroy(lwmutex_addr=0x30116420)
HLE: ! {PPU[1] Thread (CPUThread)[0x000e5658]} "/dev_hdd0/game/NPEB00162/USRDIR/data/shaders/postPS.cgelf" opened: fd = 98
HLE: W {PPU[1] Thread (CPUThread)[0x002dc034]} sys_lwmutex warning: *** lwmutex created [_lc_mtx] (attribute=0x12): sq_id = 99
HLE: W {PPU[1] Thread (CPUThread)[0x000e55d0]} sys_fs warning: cellFsClose(fd=98)
HLE: W {PPU[1] Thread (CPUThread)[0x002dc094]} sys_lwmutex warning: sys_lwmutex_destroy(lwmutex_addr=0x301189b0)
HLE: ! {PPU[1] Thread (CPUThread)[0x000e5658]} "/dev_hdd0/game/NPEB00162/USRDIR/data/shaders/postPS.cgelf" opened: fd = 100
HLE: W {PPU[1] Thread (CPUThread)[0x002dc034]} sys_lwmutex warning: *** lwmutex created [_lc_mtx] (attribute=0x12): sq_id = 101
HLE: W {PPU[1] Thread (CPUThread)[0x000e55d0]} sys_fs warning: cellFsClose(fd=100)
HLE: W {PPU[1] Thread (CPUThread)[0x002dc094]} sys_lwmutex warning: sys_lwmutex_destroy(lwmutex_addr=0x301189b0)
HLE: ! {PPU[1] Thread (CPUThread)[0x000e5658]} "/dev_hdd0/game/NPEB00162/USRDIR/data/shaders/unifiedPS.cgelf" opened: fd = 102
HLE: W {PPU[1] Thread (CPUThread)[0x002dc034]} sys_lwmutex warning: *** lwmutex created [_lc_mtx] (attribute=0x12): sq_id = 103
HLE: W {PPU[1] Thread (CPUThread)[0x000e55d0]} sys_fs warning: cellFsClose(fd=102)
HLE: W {PPU[1] Thread (CPUThread)[0x002dc094]} sys_lwmutex warning: sys_lwmutex_destroy(lwmutex_addr=0x301189b0)
HLE: ! {PPU[1] Thread (CPUThread)[0x000e5658]} "/dev_hdd0/game/NPEB00162/USRDIR/data/shaders/unifiedPS.cgelf" opened: fd = 104
HLE: W {PPU[1] Thread (CPUThread)[0x002dc034]} sys_lwmutex warning: *** lwmutex created [_lc_mtx] (attribute=0x12): sq_id = 105
HLE: W {PPU[1] Thread (CPUThread)[0x000e55d0]} sys_fs warning: cellFsClose(fd=104)
HLE: W {PPU[1] Thread (CPUThread)[0x002dc094]} sys_lwmutex warning: sys_lwmutex_destroy(lwmutex_addr=0x301189b0)
HLE: W {PPU[1] Thread (CPUThread)[0x0017d004]} sys_io warning: cellPadInit(max_connect=7)
HLE: W {PPU[1] Thread (CPUThread)[0x0017f070]} cellSysutil warning: cellSysutilGetSystemParamInt: CELL_SYSUTIL_SYSTEMPARAM_ID_LANG
HLE: ! {PPU[1] Thread (CPUThread)[0x000e5658]} "/dev_hdd0/game/NPEB00162/USRDIR/data/fonts/6809_chargen_36.bfont" opened: fd = 106
HLE: W {PPU[1] Thread (CPUThread)[0x002dc034]} sys_lwmutex warning: *** lwmutex created [_lc_mtx] (attribute=0x12): sq_id = 107
HLE: ! {PPU[1] Thread (CPUThread)[0x000e5658]} "/dev_hdd0/game/NPEB00162/USRDIR/data/fonts/6809_chargen_36_00.dds" opened: fd = 108
HLE: W {PPU[1] Thread (CPUThread)[0x002dc034]} sys_lwmutex warning: *** lwmutex created [_lc_mtx] (attribute=0x12): sq_id = 109
HLE: W {PPU[1] Thread (CPUThread)[0x000e55d0]} sys_fs warning: cellFsClose(fd=108)
HLE: W {PPU[1] Thread (CPUThread)[0x002dc094]} sys_lwmutex warning: sys_lwmutex_destroy(lwmutex_addr=0x301eefb0)
HLE: ! {PPU[1] Thread (CPUThread)[0x000e5658]} "/dev_hdd0/game/NPEB00162/USRDIR/data/fonts/6809_chargen_36_00.dds" opened: fd = 110
HLE: W {PPU[1] Thread (CPUThread)[0x002dc034]} sys_lwmutex warning: *** lwmutex created [_lc_mtx] (attribute=0x12): sq_id = 111
HLE: W {PPU[1] Thread (CPUThread)[0x000e55d0]} sys_fs warning: cellFsClose(fd=110)
HLE: W {PPU[1] Thread (CPUThread)[0x002dc094]} sys_lwmutex warning: sys_lwmutex_destroy(lwmutex_addr=0x301eefb0)
HLE: W {PPU[1] Thread (CPUThread)[0x000e55d0]} sys_fs warning: cellFsClose(fd=106)
HLE: W {PPU[1] Thread (CPUThread)[0x002dc094]} sys_lwmutex warning: sys_lwmutex_destroy(lwmutex_addr=0x30125330)
HLE: ! {PPU[1] Thread (CPUThread)[0x000e5658]} "/dev_hdd0/game/NPEB00162/USRDIR/data/fonts/sf_digital_readout_36.bfont" opened: fd = 112
HLE: W {PPU[1] Thread (CPUThread)[0x002dc034]} sys_lwmutex warning: *** lwmutex created [_lc_mtx] (attribute=0x12): sq_id = 113
HLE: ! {PPU[1] Thread (CPUThread)[0x000e5658]} "/dev_hdd0/game/NPEB00162/USRDIR/data/fonts/sf_digital_readout_36_00.dds" opened: fd = 114
HLE: W {PPU[1] Thread (CPUThread)[0x002dc034]} sys_lwmutex warning: *** lwmutex created [_lc_mtx] (attribute=0x12): sq_id = 115
HLE: W {PPU[1] Thread (CPUThread)[0x000e55d0]} sys_fs warning: cellFsClose(fd=114)
HLE: W {PPU[1] Thread (CPUThread)[0x002dc094]} sys_lwmutex warning: sys_lwmutex_destroy(lwmutex_addr=0x301f2a00)
HLE: ! {PPU[1] Thread (CPUThread)[0x000e5658]} "/dev_hdd0/game/NPEB00162/USRDIR/data/fonts/sf_digital_readout_36_00.dds" opened: fd = 116
HLE: W {PPU[1] Thread (CPUThread)[0x002dc034]} sys_lwmutex warning: *** lwmutex created [_lc_mtx] (attribute=0x12): sq_id = 117
HLE: W {PPU[1] Thread (CPUThread)[0x000e55d0]} sys_fs warning: cellFsClose(fd=116)
HLE: W {PPU[1] Thread (CPUThread)[0x002dc094]} sys_lwmutex warning: sys_lwmutex_destroy(lwmutex_addr=0x301f2a00)
HLE: W {PPU[1] Thread (CPUThread)[0x000e55d0]} sys_fs warning: cellFsClose(fd=112)
HLE: W {PPU[1] Thread (CPUThread)[0x002dc094]} sys_lwmutex warning: sys_lwmutex_destroy(lwmutex_addr=0x301f2780)
HLE: ! {PPU[1] Thread (CPUThread)[0x000e5658]} "/dev_hdd0/game/NPEB00162/USRDIR/data/fonts/arial_black_26.bfont" opened: fd = 118
HLE: W {PPU[1] Thread (CPUThread)[0x002dc034]} sys_lwmutex warning: *** lwmutex created [_lc_mtx] (attribute=0x12): sq_id = 119
HLE: ! {PPU[1] Thread (CPUThread)[0x000e5658]} "/dev_hdd0/game/NPEB00162/USRDIR/data/fonts/arial_black_26_00.dds" opened: fd = 120
HLE: W {PPU[1] Thread (CPUThread)[0x002dc034]} sys_lwmutex warning: *** lwmutex created [_lc_mtx] (attribute=0x12): sq_id = 121
HLE: W {PPU[1] Thread (CPUThread)[0x000e55d0]} sys_fs warning: cellFsClose(fd=120)
HLE: W {PPU[1] Thread (CPUThread)[0x002dc094]} sys_lwmutex warning: sys_lwmutex_destroy(lwmutex_addr=0x301f7600)
HLE: ! {PPU[1] Thread (CPUThread)[0x000e5658]} "/dev_hdd0/game/NPEB00162/USRDIR/data/fonts/arial_black_26_00.dds" opened: fd = 122
HLE: W {PPU[1] Thread (CPUThread)[0x002dc034]} sys_lwmutex warning: *** lwmutex created [_lc_mtx] (attribute=0x12): sq_id = 123
HLE: W {PPU[1] Thread (CPUThread)[0x000e55d0]} sys_fs warning: cellFsClose(fd=122)
HLE: W {PPU[1] Thread (CPUThread)[0x002dc094]} sys_lwmutex warning: sys_lwmutex_destroy(lwmutex_addr=0x301f7600)
HLE: W {PPU[1] Thread (CPUThread)[0x000e55d0]} sys_fs warning: cellFsClose(fd=118)
HLE: W {PPU[1] Thread (CPUThread)[0x002dc094]} sys_lwmutex warning: sys_lwmutex_destroy(lwmutex_addr=0x301f7390)
HLE: ! {PPU[1] Thread (CPUThread)[0x000e5658]} "/dev_hdd0/game/NPEB00162/USRDIR/data/fonts/mellow_32.bfont" opened: fd = 124
HLE: W {PPU[1] Thread (CPUThread)[0x002dc034]} sys_lwmutex warning: *** lwmutex created [_lc_mtx] (attribute=0x12): sq_id = 125
HLE: ! {PPU[1] Thread (CPUThread)[0x000e5658]} "/dev_hdd0/game/NPEB00162/USRDIR/data/fonts/mellow_32_00.dds" opened: fd = 126
HLE: W {PPU[1] Thread (CPUThread)[0x002dc034]} sys_lwmutex warning: *** lwmutex created [_lc_mtx] (attribute=0x12): sq_id = 127
HLE: W {PPU[1] Thread (CPUThread)[0x000e55d0]} sys_fs warning: cellFsClose(fd=126)
HLE: W {PPU[1] Thread (CPUThread)[0x002dc094]} sys_lwmutex warning: sys_lwmutex_destroy(lwmutex_addr=0x301fae50)
HLE: ! {PPU[1] Thread (CPUThread)[0x000e5658]} "/dev_hdd0/game/NPEB00162/USRDIR/data/fonts/mellow_32_00.dds" opened: fd = 128
HLE: W {PPU[1] Thread (CPUThread)[0x002dc034]} sys_lwmutex warning: *** lwmutex created [_lc_mtx] (attribute=0x12): sq_id = 129
HLE: W {PPU[1] Thread (CPUThread)[0x000e55d0]} sys_fs warning: cellFsClose(fd=128)
HLE: W {PPU[1] Thread (CPUThread)[0x002dc094]} sys_lwmutex warning: sys_lwmutex_destroy(lwmutex_addr=0x301fae50)
HLE: W {PPU[1] Thread (CPUThread)[0x000e55d0]} sys_fs warning: cellFsClose(fd=124)
HLE: W {PPU[1] Thread (CPUThread)[0x002dc094]} sys_lwmutex warning: sys_lwmutex_destroy(lwmutex_addr=0x301fabb0)
HLE: ! {PPU[1] Thread (CPUThread)[0x000e5658]} "/dev_hdd0/game/NPEB00162/USRDIR/data/fonts/mellow_50.bfont" opened: fd = 130
HLE: W {PPU[1] Thread (CPUThread)[0x002dc034]} sys_lwmutex warning: *** lwmutex created [_lc_mtx] (attribute=0x12): sq_id = 131
HLE: ! {PPU[1] Thread (CPUThread)[0x000e5658]} "/dev_hdd0/game/NPEB00162/USRDIR/data/fonts/mellow_50_00.dds" opened: fd = 132
HLE: W {PPU[1] Thread (CPUThread)[0x002dc034]} sys_lwmutex warning: *** lwmutex created [_lc_mtx] (attribute=0x12): sq_id = 133
HLE: W {PPU[1] Thread (CPUThread)[0x000e55d0]} sys_fs warning: cellFsClose(fd=132)
HLE: W {PPU[1] Thread (CPUThread)[0x002dc094]} sys_lwmutex warning: sys_lwmutex_destroy(lwmutex_addr=0x301fe7d0)
HLE: ! {PPU[1] Thread (CPUThread)[0x000e5658]} "/dev_hdd0/game/NPEB00162/USRDIR/data/fonts/mellow_50_00.dds" opened: fd = 134
HLE: W {PPU[1] Thread (CPUThread)[0x002dc034]} sys_lwmutex warning: *** lwmutex created [_lc_mtx] (attribute=0x12): sq_id = 135
HLE: W {PPU[1] Thread (CPUThread)[0x000e55d0]} sys_fs warning: cellFsClose(fd=134)
HLE: W {PPU[1] Thread (CPUThread)[0x002dc094]} sys_lwmutex warning: sys_lwmutex_destroy(lwmutex_addr=0x301fe7d0)
HLE: W {PPU[1] Thread (CPUThread)[0x000e55d0]} sys_fs warning: cellFsClose(fd=130)
HLE: W {PPU[1] Thread (CPUThread)[0x002dc094]} sys_lwmutex warning: sys_lwmutex_destroy(lwmutex_addr=0x301fe430)
HLE: ! {PPU[1] Thread (CPUThread)[0x0017b01c]} "/dev_hdd0/game/NPEB00162/USRDIR/data/icon0.png" opened: fd = 136
HLE: W {PPU[1] Thread (CPUThread)[0x0017b004]} sys_fs warning: cellFsClose(fd=136)
PPU: ! {PPU[1] Thread (CPUThread)[0x002dc01c]} *** New PPU Thread [save_data_thread] (flags=0x0, entry=0x184d28): id = 137
HLE: E {PPU[137] Thread (save_data_thread)[0x0017f040]} TODO: cellSaveDataUserListAutoLoad
HLE: ! {PPU[1] Thread (CPUThread)[0x000e5658]} "/dev_hdd0/game/NPEB00162/USRDIR/data/effects/box_particle.dds" opened: fd = 138
HLE: W {PPU[1] Thread (CPUThread)[0x002dc034]} sys_lwmutex warning: *** lwmutex created [_lc_mtx] (attribute=0x12): sq_id = 139
HLE: W {PPU[1] Thread (CPUThread)[0x000e55d0]} sys_fs warning: cellFsClose(fd=138)
HLE: W {PPU[1] Thread (CPUThread)[0x002dc094]} sys_lwmutex warning: sys_lwmutex_destroy(lwmutex_addr=0x301f28a0)
HLE: ! {PPU[1] Thread (CPUThread)[0x000e5658]} "/dev_hdd0/game/NPEB00162/USRDIR/data/effects/box_particle.dds" opened: fd = 140
HLE: W {PPU[1] Thread (CPUThread)[0x002dc034]} sys_lwmutex warning: *** lwmutex created [_lc_mtx] (attribute=0x12): sq_id = 141
HLE: W {PPU[1] Thread (CPUThread)[0x000e55d0]} sys_fs warning: cellFsClose(fd=140)
HLE: W {PPU[1] Thread (CPUThread)[0x002dc094]} sys_lwmutex warning: sys_lwmutex_destroy(lwmutex_addr=0x301f28a0)
HLE: W {PPU[1] Thread (CPUThread)[0x002dc034]} sys_lwmutex warning: *** lwmutex created [_lc_mtx] (attribute=0x12): sq_id = 142
HLE: W {PPU[1] Thread (CPUThread)[0x002dc034]} sys_lwmutex warning: *** lwmutex created [_lc_mtx] (attribute=0x12): sq_id = 143
HLE: ! {PPU[1] Thread (CPUThread)[0x000e5658]} "/dev_hdd0/game/NPEB00162/USRDIR/data/config/effects/poof.ini" opened: fd = 144
HLE: W {PPU[1] Thread (CPUThread)[0x002dc034]} sys_lwmutex warning: *** lwmutex created [_lc_mtx] (attribute=0x12): sq_id = 145
HLE: W {PPU[1] Thread (CPUThread)[0x000e55d0]} sys_fs warning: cellFsClose(fd=144)
HLE: W {PPU[1] Thread (CPUThread)[0x002dc094]} sys_lwmutex warning: sys_lwmutex_destroy(lwmutex_addr=0x301f28a0)
HLE: W {PPU[1] Thread (CPUThread)[0x002dc094]} sys_lwmutex warning: sys_lwmutex_destroy(lwmutex_addr=0x3011b420)
HLE: W {PPU[1] Thread (CPUThread)[0x002dc094]} sys_lwmutex warning: sys_lwmutex_destroy(lwmutex_addr=0x30137ce0)
RSX: W {RSXThread} NV4097_SET_VERTEX_ATTRIB_INPUT_MASK: f0d
RSX: W {RSXThread} TODO: NV4097_SET_ANTI_ALIASING_CONTROL: ffff0001
RSX: W {RSXThread} TODO: NV4097_SET_WINDOW_OFFSET: x=0, y=0
RSX: W {RSXThread} NV4097_SET_ZCULL_CONTROL0: 10
RSX: W {RSXThread} NV4097_SET_SCULL_CONTROL: ff000007
HLE: ! {PPU[1] Thread (CPUThread)[0x000e5658]} "/dev_hdd0/game/NPEB00162/USRDIR/data/sprites/gray_1280x720.dds" opened: fd = 146
HLE: W {PPU[1] Thread (CPUThread)[0x002dc034]} sys_lwmutex warning: *** lwmutex created [_lc_mtx] (attribute=0x12): sq_id = 147
HLE: W {PPU[1] Thread (CPUThread)[0x000e55d0]} sys_fs warning: cellFsClose(fd=146)
HLE: W {PPU[1] Thread (CPUThread)[0x002dc094]} sys_lwmutex warning: sys_lwmutex_destroy(lwmutex_addr=0x301febd0)
HLE: ! {PPU[1] Thread (CPUThread)[0x000e5658]} "/dev_hdd0/game/NPEB00162/USRDIR/data/sprites/gray_1280x720.dds" opened: fd = 148
HLE: W {PPU[1] Thread (CPUThread)[0x002dc034]} sys_lwmutex warning: *** lwmutex created [_lc_mtx] (attribute=0x12): sq_id = 149
HLE: W {PPU[1] Thread (CPUThread)[0x000e55d0]} sys_fs warning: cellFsClose(fd=148)
HLE: W {PPU[1] Thread (CPUThread)[0x002dc094]} sys_lwmutex warning: sys_lwmutex_destroy(lwmutex_addr=0x301febd0)
HLE: ! {PPU[1] Thread (CPUThread)[0x000e5658]} "/dev_hdd0/game/NPEB00162/USRDIR/data/sprites/splash_konami_1280x720.dds" opened: fd = 150
HLE: W {PPU[1] Thread (CPUThread)[0x002dc034]} sys_lwmutex warning: *** lwmutex created [_lc_mtx] (attribute=0x12): sq_id = 151
HLE: W {PPU[1] Thread (CPUThread)[0x000e55d0]} sys_fs warning: cellFsClose(fd=150)
HLE: W {PPU[1] Thread (CPUThread)[0x002dc094]} sys_lwmutex warning: sys_lwmutex_destroy(lwmutex_addr=0x301febd0)
HLE: ! {PPU[1] Thread (CPUThread)[0x000e5658]} "/dev_hdd0/game/NPEB00162/USRDIR/data/sprites/splash_konami_1280x720.dds" opened: fd = 152
HLE: W {PPU[1] Thread (CPUThread)[0x002dc034]} sys_lwmutex warning: *** lwmutex created [_lc_mtx] (attribute=0x12): sq_id = 153
HLE: W {PPU[1] Thread (CPUThread)[0x000e55d0]} sys_fs warning: cellFsClose(fd=152)
HLE: W {PPU[1] Thread (CPUThread)[0x002dc094]} sys_lwmutex warning: sys_lwmutex_destroy(lwmutex_addr=0x301febd0)
RSX: W {RSXThread} NV4097_INVALIDATE_L2: 1
RSX: W {RSXThread} NV4097_SET_VERTEX_ATTRIB_INPUT_MASK: 1f8f
RSX: E {RSXThread} TODO: CELL_GCM_NV4097_SET_TRANSFORM_BRANCH_BITS(0x1)
RSX: E {RSXThread} TODO: CELL_GCM_NV4097_SET_VERTEX_TEXTURE_ADDRESS(0x101)
RSX: E {RSXThread} TODO: CELL_GCM_NV4097_SET_VERTEX_TEXTURE_CONTROL0(0x8000)
RSX: E {RSXThread} TODO: CELL_GCM_NV4097_SET_VERTEX_TEXTURE_FILTER(0x0)
RSX: E {RSXThread} TODO: CELL_GCM_NV4097_SET_VERTEX_TEXTURE_ADDRESS + 0x20(0x101)
RSX: E {RSXThread} TODO: CELL_GCM_NV4097_SET_VERTEX_TEXTURE_CONTROL0 + 0x20(0x8000)
RSX: E {RSXThread} TODO: CELL_GCM_NV4097_SET_VERTEX_TEXTURE_FILTER + 0x20(0x0)
RSX: E {RSXThread} TODO: CELL_GCM_NV4097_SET_VERTEX_TEXTURE_ADDRESS + 0x40(0x101)
RSX: E {RSXThread} TODO: CELL_GCM_NV4097_SET_VERTEX_TEXTURE_CONTROL0 + 0x40(0x8000)
RSX: E {RSXThread} TODO: CELL_GCM_NV4097_SET_VERTEX_TEXTURE_FILTER + 0x40(0x0)
RSX: E {RSXThread} TODO: CELL_GCM_NV4097_SET_VERTEX_TEXTURE_ADDRESS + 0x60(0x101)
RSX: E {RSXThread} TODO: CELL_GCM_NV4097_SET_VERTEX_TEXTURE_CONTROL0 + 0x60(0x8000)
RSX: E {RSXThread} TODO: CELL_GCM_NV4097_SET_VERTEX_TEXTURE_FILTER + 0x60(0x0)
RSX: W {RSXThread} NV4097_SET_VERTEX_ATTRIB_OUTPUT_MASK: 30d003
RSX: W {RSXThread} NV4097_SET_TEX_COORD_CONTROL
RSX: W {RSXThread} NV4097_SET_TEX_COORD_CONTROL
RSX: W {RSXThread} NV4097_SET_TEX_COORD_CONTROL
RSX: W {RSXThread} NV4097_SET_TEX_COORD_CONTROL
RSX: W {RSXThread} NV4097_SET_TEX_COORD_CONTROL
RSX: W {RSXThread} TODO: NV4097_SET_ZMIN_MAX_CONTROL: cullNearFarEnable=1, zclampEnable=0, cullIgnoreW=0
RSX: W {RSXThread} NV0039_PITCH_IN: 10
RSX: ! {RSXThread} OutOfArgsCount(x=1, count=1): unknown/illegal method [0x0000230c](0x580)
RSX: ! {RSXThread} OutOfArgsCount(x=2, count=1): unknown/illegal method [0x0000230c](0x580)
RSX: ! {RSXThread} OutOfArgsCount(x=3, count=1): unknown/illegal method [0x0000230c](0x580)
RSX: ! {RSXThread} OutOfArgsCount(x=4, count=1): unknown/illegal method [0x0000230c](0x580)
RSX: ! {RSXThread} OutOfArgsCount(x=5, count=1): unknown/illegal method [0x0000230c](0x580)
RSX: ! {RSXThread} OutOfArgsCount(x=6, count=1): unknown/illegal method [0x0000230c](0x580)
RSX: ! {RSXThread} OutOfArgsCount(x=6, count=1): unknown/illegal method [0x0000230c](0x580)
RSX: ! {RSXThread} OutOfArgsCount(x=7, count=1): unknown/illegal method [0x0000230c](0x580)
RSX: E {RSXThread} NV0039_OFFSET_IN: Unsupported format: inFormat=0, outFormat=0
RSX: W {RSXThread} NV0039_OFFSET_IN: TODO: offset(in=0x580, out=0x0), pitch(in=0x0, out=0x0), line(len=0x0, cnt=0x0), fmt(in=0x0, out=0x0), notify=0x0
RSX: W {RSXThread} NV0039_OFFSET_OUT: TODO: offset=0x5e40
RSX: ! {RSXThread} OutOfArgsCount(x=1, count=1): unknown/illegal method [0x0000230c](0x590)
RSX: ! {RSXThread} OutOfArgsCount(x=2, count=1): unknown/illegal method [0x0000230c](0x590)
RSX: ! {RSXThread} OutOfArgsCount(x=3, count=1): unknown/illegal method [0x0000230c](0x590)
RSX: ! {RSXThread} OutOfArgsCount(x=4, count=1): unknown/illegal method [0x0000230c](0x590)
RSX: ! {RSXThread} OutOfArgsCount(x=5, count=1): unknown/illegal method [0x0000230c](0x590)
RSX: ! {RSXThread} OutOfArgsCount(x=6, count=1): unknown/illegal method [0x0000230c](0x590)
RSX: ! {RSXThread} OutOfArgsCount(x=6, count=1): unknown/illegal method [0x0000230c](0x590)
RSX: ! {RSXThread} OutOfArgsCount(x=7, count=1): unknown/illegal method [0x0000230c](0x590)
RSX: E {RSXThread} NV0039_OFFSET_IN: Unsupported format: inFormat=0, outFormat=0
RSX: W {RSXThread} NV0039_OFFSET_IN: TODO: offset(in=0x590, out=0x0), pitch(in=0x0, out=0x0), line(len=0x0, cnt=0x0), fmt(in=0x0, out=0x0), notify=0x0
RSX: W {RSXThread} NV0039_OFFSET_OUT: TODO: offset=0x5ee0
RSX: ! {RSXThread} OutOfArgsCount(x=1, count=1): unknown/illegal method [0x0000230c](0x590)
RSX: ! {RSXThread} OutOfArgsCount(x=2, count=1): unknown/illegal method [0x0000230c](0x590)
RSX: ! {RSXThread} OutOfArgsCount(x=3, count=1): unknown/illegal method [0x0000230c](0x590)
RSX: ! {RSXThread} OutOfArgsCount(x=4, count=1): unknown/illegal method [0x0000230c](0x590)
RSX: ! {RSXThread} OutOfArgsCount(x=5, count=1): unknown/illegal method [0x0000230c](0x590)
RSX: ! {RSXThread} OutOfArgsCount(x=6, count=1): unknown/illegal method [0x0000230c](0x590)
RSX: ! {RSXThread} OutOfArgsCount(x=6, count=1): unknown/illegal method [0x0000230c](0x590)
RSX: ! {RSXThread} OutOfArgsCount(x=7, count=1): unknown/illegal method [0x0000230c](0x590)
RSX: E {RSXThread} NV0039_OFFSET_IN: Unsupported format: inFormat=0, outFormat=0
RSX: W {RSXThread} NV0039_OFFSET_IN: TODO: offset(in=0x590, out=0x0), pitch(in=0x0, out=0x0), line(len=0x0, cnt=0x0), fmt(in=0x0, out=0x0), notify=0x0
RSX: W {RSXThread} NV0039_OFFSET_OUT: TODO: offset=0x5d30
RSX: ! {RSXThread} OutOfArgsCount(x=1, count=1): unknown/illegal method [0x0000230c](0x5a0)
RSX: ! {RSXThread} OutOfArgsCount(x=2, count=1): unknown/illegal method [0x0000230c](0x5a0)
RSX: ! {RSXThread} OutOfArgsCount(x=3, count=1): unknown/illegal method [0x0000230c](0x5a0)
RSX: ! {RSXThread} OutOfArgsCount(x=4, count=1): unknown/illegal method [0x0000230c](0x5a0)
RSX: ! {RSXThread} OutOfArgsCount(x=5, count=1): unknown/illegal method [0x0000230c](0x5a0)
RSX: ! {RSXThread} OutOfArgsCount(x=6, count=1): unknown/illegal method [0x0000230c](0x5a0)
RSX: ! {RSXThread} OutOfArgsCount(x=6, count=1): unknown/illegal method [0x0000230c](0x5a0)
RSX: ! {RSXThread} OutOfArgsCount(x=7, count=1): unknown/illegal method [0x0000230c](0x5a0)
RSX: E {RSXThread} NV0039_OFFSET_IN: Unsupported format: inFormat=0, outFormat=0
RSX: W {RSXThread} NV0039_OFFSET_IN: TODO: offset(in=0x5a0, out=0x0), pitch(in=0x0, out=0x0), line(len=0x0, cnt=0x0), fmt(in=0x0, out=0x0), notify=0x0
RSX: W {RSXThread} NV0039_OFFSET_OUT: TODO: offset=0x5b40
RSX: ! {RSXThread} OutOfArgsCount(x=1, count=1): unknown/illegal method [0x0000230c](0x5b0)
RSX: ! {RSXThread} OutOfArgsCount(x=2, count=1): unknown/illegal method [0x0000230c](0x5b0)
RSX: ! {RSXThread} OutOfArgsCount(x=3, count=1): unknown/illegal method [0x0000230c](0x5b0)
RSX: ! {RSXThread} OutOfArgsCount(x=4, count=1): unknown/illegal method [0x0000230c](0x5b0)
RSX: ! {RSXThread} OutOfArgsCount(x=5, count=1): unknown/illegal method [0x0000230c](0x5b0)
RSX: ! {RSXThread} OutOfArgsCount(x=6, count=1): unknown/illegal method [0x0000230c](0x5b0)
RSX: ! {RSXThread} OutOfArgsCount(x=6, count=1): unknown/illegal method [0x0000230c](0x5b0)
RSX: ! {RSXThread} OutOfArgsCount(x=7, count=1): unknown/illegal method [0x0000230c](0x5b0)
RSX: E {RSXThread} NV0039_OFFSET_IN: Unsupported format: inFormat=0, outFormat=0
RSX: W {RSXThread} NV0039_OFFSET_IN: TODO: offset(in=0x5b0, out=0x0), pitch(in=0x0, out=0x0), line(len=0x0, cnt=0x0), fmt(in=0x0, out=0x0), notify=0x0
RSX: W {RSXThread} NV0039_OFFSET_OUT: TODO: offset=0x5d80
RSX: ! {RSXThread} OutOfArgsCount(x=1, count=1): unknown/illegal method [0x0000230c](0x600)
RSX: ! {RSXThread} OutOfArgsCount(x=2, count=1): unknown/illegal method [0x0000230c](0x600)
RSX: ! {RSXThread} OutOfArgsCount(x=3, count=1): unknown/illegal method [0x0000230c](0x600)
RSX: ! {RSXThread} OutOfArgsCount(x=4, count=1): unknown/illegal method [0x0000230c](0x600)
RSX: ! {RSXThread} OutOfArgsCount(x=5, count=1): unknown/illegal method [0x0000230c](0x600)
RSX: ! {RSXThread} OutOfArgsCount(x=6, count=1): unknown/illegal method [0x0000230c](0x600)
RSX: ! {RSXThread} OutOfArgsCount(x=6, count=1): unknown/illegal method [0x0000230c](0x600)
RSX: ! {RSXThread} OutOfArgsCount(x=7, count=1): unknown/illegal method [0x0000230c](0x600)
RSX: E {RSXThread} NV0039_OFFSET_IN: Unsupported format: inFormat=0, outFormat=0
RSX: W {RSXThread} NV0039_OFFSET_IN: TODO: offset(in=0x600, out=0x0), pitch(in=0x0, out=0x0), line(len=0x0, cnt=0x0), fmt(in=0x0, out=0x0), notify=0x0
RSX: W {RSXThread} NV0039_OFFSET_OUT: TODO: offset=0x5c80
RSX: ! {RSXThread} OutOfArgsCount(x=1, count=1): unknown/illegal method [0x0000230c](0x600)
RSX: ! {RSXThread} OutOfArgsCount(x=2, count=1): unknown/illegal method [0x0000230c](0x600)
RSX: ! {RSXThread} OutOfArgsCount(x=3, count=1): unknown/illegal method [0x0000230c](0x600)
RSX: ! {RSXThread} OutOfArgsCount(x=4, count=1): unknown/illegal method [0x0000230c](0x600)
RSX: ! {RSXThread} OutOfArgsCount(x=5, count=1): unknown/illegal method [0x0000230c](0x600)
RSX: ! {RSXThread} OutOfArgsCount(x=6, count=1): unknown/illegal method [0x0000230c](0x600)
RSX: ! {RSXThread} OutOfArgsCount(x=6, count=1): unknown/illegal method [0x0000230c](0x600)
RSX: ! {RSXThread} OutOfArgsCount(x=7, count=1): unknown/illegal method [0x0000230c](0x600)
RSX: E {RSXThread} NV0039_OFFSET_IN: Unsupported format: inFormat=0, outFormat=0
RSX: W {RSXThread} NV0039_OFFSET_IN: TODO: offset(in=0x600, out=0x0), pitch(in=0x0, out=0x0), line(len=0x0, cnt=0x0), fmt(in=0x0, out=0x0), notify=0x0
RSX: W {RSXThread} NV0039_OFFSET_OUT: TODO: offset=0x5b20
RSX: ! {RSXThread} OutOfArgsCount(x=1, count=1): unknown/illegal method [0x0000230c](0x610)
RSX: ! {RSXThread} OutOfArgsCount(x=2, count=1): unknown/illegal method [0x0000230c](0x610)
RSX: ! {RSXThread} OutOfArgsCount(x=3, count=1): unknown/illegal method [0x0000230c](0x610)
RSX: ! {RSXThread} OutOfArgsCount(x=4, count=1): unknown/illegal method [0x0000230c](0x610)
RSX: ! {RSXThread} OutOfArgsCount(x=5, count=1): unknown/illegal method [0x0000230c](0x610)
RSX: ! {RSXThread} OutOfArgsCount(x=6, count=1): unknown/illegal method [0x0000230c](0x610)
RSX: ! {RSXThread} OutOfArgsCount(x=6, count=1): unknown/illegal method [0x0000230c](0x610)
RSX: ! {RSXThread} OutOfArgsCount(x=7, count=1): unknown/illegal method [0x0000230c](0x610)
RSX: E {RSXThread} NV0039_OFFSET_IN: Unsupported format: inFormat=0, outFormat=0
RSX: W {RSXThread} NV0039_OFFSET_IN: TODO: offset(in=0x610, out=0x0), pitch(in=0x0, out=0x0), line(len=0x0, cnt=0x0), fmt(in=0x0, out=0x0), notify=0x0
RSX: W {RSXThread} NV0039_OFFSET_OUT: TODO: offset=0x5cc0
RSX: ! {RSXThread} OutOfArgsCount(x=1, count=1): unknown/illegal method [0x0000230c](0x620)
RSX: ! {RSXThread} OutOfArgsCount(x=2, count=1): unknown/illegal method [0x0000230c](0x620)
RSX: ! {RSXThread} OutOfArgsCount(x=3, count=1): unknown/illegal method [0x0000230c](0x620)
RSX: ! {RSXThread} OutOfArgsCount(x=4, count=1): unknown/illegal method [0x0000230c](0x620)
RSX: ! {RSXThread} OutOfArgsCount(x=5, count=1): unknown/illegal method [0x0000230c](0x620)
RSX: ! {RSXThread} OutOfArgsCount(x=6, count=1): unknown/illegal method [0x0000230c](0x620)
RSX: ! {RSXThread} OutOfArgsCount(x=6, count=1): unknown/illegal method [0x0000230c](0x620)
RSX: ! {RSXThread} OutOfArgsCount(x=7, count=1): unknown/illegal method [0x0000230c](0x620)
RSX: E {RSXThread} NV0039_OFFSET_IN: Unsupported format: inFormat=0, outFormat=0
RSX: W {RSXThread} NV0039_OFFSET_IN: TODO: offset(in=0x620, out=0x0), pitch(in=0x0, out=0x0), line(len=0x0, cnt=0x0), fmt(in=0x0, out=0x0), notify=0x0
RSX: W {RSXThread} NV0039_OFFSET_OUT: TODO: offset=0x5bd0
RSX: ! {RSXThread} OutOfArgsCount(x=1, count=1): unknown/illegal method [0x0000230c](0x630)
RSX: ! {RSXThread} OutOfArgsCount(x=2, count=1): unknown/illegal method [0x0000230c](0x630)
RSX: ! {RSXThread} OutOfArgsCount(x=3, count=1): unknown/illegal method [0x0000230c](0x630)
RSX: ! {RSXThread} OutOfArgsCount(x=4, count=1): unknown/illegal method [0x0000230c](0x630)
RSX: ! {RSXThread} OutOfArgsCount(x=5, count=1): unknown/illegal method [0x0000230c](0x630)
RSX: ! {RSXThread} OutOfArgsCount(x=6, count=1): unknown/illegal method [0x0000230c](0x630)
RSX: ! {RSXThread} OutOfArgsCount(x=6, count=1): unknown/illegal method [0x0000230c](0x630)
RSX: ! {RSXThread} OutOfArgsCount(x=7, count=1): unknown/illegal method [0x0000230c](0x630)
RSX: E {RSXThread} NV0039_OFFSET_IN: Unsupported format: inFormat=0, outFormat=0
RSX: W {RSXThread} NV0039_OFFSET_IN: TODO: offset(in=0x630, out=0x0), pitch(in=0x0, out=0x0), line(len=0x0, cnt=0x0), fmt(in=0x0, out=0x0), notify=0x0
RSX: W {RSXThread} NV0039_OFFSET_OUT: TODO: offset=0x5de0
RSX: ! {RSXThread} OutOfArgsCount(x=1, count=1): unknown/illegal method [0x0000230c](0x630)
RSX: ! {RSXThread} OutOfArgsCount(x=2, count=1): unknown/illegal method [0x0000230c](0x630)
RSX: ! {RSXThread} OutOfArgsCount(x=3, count=1): unknown/illegal method [0x0000230c](0x630)
RSX: ! {RSXThread} OutOfArgsCount(x=4, count=1): unknown/illegal method [0x0000230c](0x630)
RSX: ! {RSXThread} OutOfArgsCount(x=5, count=1): unknown/illegal method [0x0000230c](0x630)
RSX: ! {RSXThread} OutOfArgsCount(x=6, count=1): unknown/illegal method [0x0000230c](0x630)
RSX: ! {RSXThread} OutOfArgsCount(x=6, count=1): unknown/illegal method [0x0000230c](0x630)
RSX: ! {RSXThread} OutOfArgsCount(x=7, count=1): unknown/illegal method [0x0000230c](0x630)
RSX: E {RSXThread} NV0039_OFFSET_IN: Unsupported format: inFormat=0, outFormat=0
RSX: W {RSXThread} NV0039_OFFSET_IN: TODO: offset(in=0x630, out=0x0), pitch(in=0x0, out=0x0), line(len=0x0, cnt=0x0), fmt(in=0x0, out=0x0), notify=0x0
RSX: W {RSXThread} NV0039_OFFSET_OUT: TODO: offset=0x5ba0
RSX: W {RSXThread} TODO: NV4097_SET_ZMIN_MAX_CONTROL: cullNearFarEnable=1, zclampEnable=0, cullIgnoreW=0
RSX: E {RSXThread} TODO: CELL_GCM_NV4097_SET_TWO_SIDE_LIGHT_EN(0x0)
RSX: W {RSXThread} TODO: NV4097_SET_ANTI_ALIASING_CONTROL: ffff0001
RSX: W {RSXThread} NV4097_SET_REDUCE_DST_COLOR: 0x1
RSX: W {RSXThread} NV4097_SET_VERTEX_ATTRIB_OUTPUT_MASK: 30d003
RSX: E {RSXThread} TODO: CELL_GCM_NV4097_SET_SHADER_PACKER(0x0)
RSX: E {RSXThread} NV4097_SET_POINT_PARAMS_ENABLE: 1
RSX: W {RSXThread} NV4097_SET_VERTEX_ATTRIB_OUTPUT_MASK: 30d003
RSX: E {RSXThread} TODO: CELL_GCM_NV4097_SET_TWO_SIDE_LIGHT_EN(0x0)
RSX: W {RSXThread} NV4097_SET_VERTEX_ATTRIB_OUTPUT_MASK: 30d003
RSX: W {RSXThread} FP not found in buffer!
RSX: W {RSXThread} VP not found in buffer!
RSX: E {RSXThread} Unknown vp sca_opcode 0x11
RSX: E {RSXThread} Unknown vp sca_opcode 0x11
RSX: E {RSXThread} Unknown vp sca_opcode 0x11
RSX: E {RSXThread} Unknown vp sca_opcode 0x11
RSX: E {RSXThread} Unknown vp sca_opcode 0x11
RSX: ! {RSXThread} Add program (0):
RSX: ! {RSXThread} *** prog id = 3
RSX: ! {RSXThread} *** vp id = 2
RSX: ! {RSXThread} *** fp id = 1
RSX: ! {RSXThread} *** vp data size = 1680
RSX: ! {RSXThread} *** fp data size = 2224
RSX: ! {RSXThread} *** vp shader = 
#version 330

uniform mat4 scaleOffsetMat = mat4(1.0);
vec4 tmp0;
vec4 tmp3;
vec4 tmp7;
vec4 tmp6;
vec4 tmp2;
vec4 tmp1;
vec4 tmp5;
vec4 tmp4;
vec4 cc0 = vec4(0.0);
vec4 dst_reg0 = vec4(0.0f, 0.0f, 0.0f, 1.0f);
vec4 dst_reg12 = vec4(0.0);
vec4 dst_reg1 = vec4(0.0);
vec4 dst_reg2 = vec4(0.0);
vec4 dst_reg15 = vec4(0.0);
vec4 dst_reg7 = vec4(0.0);
vec4 dst_reg8 = vec4(0.0);
vec4 dst_reg9 = vec4(0.0);
vec4 dst_reg10 = vec4(0.0);
vec4 dst_reg11 = vec4(0.0);
vec4 dst_reg13 = vec4(0.0);
vec4 dst_reg14 = vec4(0.0);
layout (location = 7) in vec4 in_7;
layout (location = 2) in vec4 in_normal;
layout (location = 0) in vec4 in_pos;
layout (location = 1) in vec4 in_weight;
layout (location = 8) in vec4 in_tc0;
layout (location = 9) in vec4 in_tc1;
layout (location = 10) in vec4 in_tc2;
layout (location = 11) in vec4 in_tc3;
layout (location = 12) in vec4 in_tc4;
layout (location = 3) in vec4 in_diff_color;
uniform vec4 vc[468];
ivec4 a0 = ivec4(0);
out vec4 diff_color;
out vec4 spec_color;
out vec4 tc0;
out vec4 tc1;
out vec4 tc2;
out vec4 tc3;
out vec4 tc4;
out vec4 tc5;
out vec4 tc6;
out vec4 tc7;
out vec4 tc8;

void func0();

void main()
{
	func0();
	gl_Position = dst_reg0;
	diff_color = dst_reg1;
	spec_color = dst_reg2;
	tc0 = dst_reg7;
	tc1 = dst_reg8;
	tc2 = dst_reg9;
	tc3 = dst_reg10;
	tc4 = dst_reg11;
	tc5 = dst_reg12;
	tc6 = dst_reg13;
	tc7 = dst_reg14;
	tc8 = dst_reg15;
	gl_Position = gl_Position * scaleOffsetMat;
}

void func0()
{
	tmp0 = floor(in_7.wzxy);
	tmp0 = (tmp0 * vc[467].xxxx);
	a0.x = ivec4(tmp0).x;
	tmp3.z = vec4(dot(vc[66 + a0.x].xyzx.xyz, in_normal.xyzx.xyz)).z;
	tmp3.y = vec4(dot(vc[65 + a0.x].xyzx.xyz, in_normal.xyzx.xyz)).y;
	tmp3.x = vec4(dot(vc[64 + a0.x].xyzx.xyz, in_normal.xyzx.xyz)).x;
	tmp7.z = vec4(dot(vc[66 + a0.x], in_pos)).z;
	tmp7.y = vec4(dot(in_pos, vc[65 + a0.x])).y;
	tmp7.x = vec4(dot(in_pos, vc[64 + a0.x])).x;
	tmp6.z = vec4(dot(in_pos, vc[66 + a0.y])).z;
	tmp6.y = vec4(dot(in_pos, vc[65 + a0.y])).y;
	tmp6.x = vec4(dot(in_pos, vc[64 + a0.y])).x;
	tmp2.z = vec4(dot(vc[66 + a0.y].xyzx.xyz, in_normal.xyzx.xyz)).z;
	tmp2.y = vec4(dot(vc[65 + a0.y].xyzx.xyz, in_normal.xyzx.xyz)).y;
	tmp2.x = vec4(dot(vc[64 + a0.y].xyzx.xyz, in_normal.xyzx.xyz)).x;
	tmp1.z = vec4(dot(vc[66 + a0.z].xyzx.xyz, in_normal.xyzx.xyz)).z;
	tmp1.y = vec4(dot(vc[65 + a0.z].xyzx.xyz, in_normal.xyzx.xyz)).y;
	tmp1.x = vec4(dot(vc[64 + a0.z].xyzx.xyz, in_normal.xyzx.xyz)).x;
	tmp5.z = vec4(dot(in_pos, vc[66 + a0.z])).z;
	tmp5.y = vec4(dot(in_pos, vc[65 + a0.z])).y;
	tmp5.x = vec4(dot(in_pos, vc[64 + a0.z])).x;
	tmp4.z = vec4(dot(in_pos, vc[66 + a0.w])).z;
	tmp4.y = vec4(dot(in_pos, vc[65 + a0.w])).y;
	tmp0.z = vec4(dot(vc[66 + a0.w].xyzx.xyz, in_normal.xyzx.xyz)).z;
	tmp0.y = vec4(dot(vc[65 + a0.w].xyzx.xyz, in_normal.xyzx.xyz)).y;
	tmp0.x = vec4(dot(vc[64 + a0.w].xyzx.xyz, in_normal.xyzx.xyz)).x;
	tmp4.x = vec4(dot(in_pos, vc[64 + a0.w])).x;
	tmp0.xyz = (in_weight.yyyy * tmp0.xyzx).xyz;
	tmp4.xyz = (in_weight.yyyy * tmp4.xyzx).xyz;
	tmp4.xyz = (in_weight.xxxx * tmp5.xyzx + tmp4.xyzx).xyz;
	tmp0.xyz = (in_weight.xxxx * tmp1.xyzx + tmp0.xyzx).xyz;
	tmp0.xyz = (in_weight.zzzz * tmp2.xyzx + tmp0.xyzx).xyz;
	tmp1.xyz = (in_weight.zzzz * tmp6.xyzx + tmp4.xyzx).xyz;
	tmp1.xyz = (in_weight.wwww * tmp7.xyzx + tmp1.xyzx).xyz;
	tmp4.xyz = (in_weight.wwww * tmp3.xyzx + tmp0.xyzx).xyz;
	tmp0 = (tmp1.yyyy * vc[1]);
	tmp0 = (tmp1.xxxx * vc[0] + tmp0);
	tmp0 = (tmp1.zzzz * vc[2] + tmp0);
	tmp0 = (vc[3] + tmp0);
	if(!true)
	{
		tmp0 = (in_pos.yyyy * vc[1]);
		tmp4.xyz = in_normal.xyzx.xyz;
		tmp0 = (in_pos.xxxx * vc[0] + tmp0);
		tmp0 = (in_pos.zzzz * vc[2] + tmp0);
		tmp0 = (in_pos.wwww * vc[3] + tmp0);
	}
	tmp5.xy = (vc[16].xyxx + in_tc0.xyxx).xy;
	tmp5.zw = (vc[16].xxxy + in_tc1.xxxy).zw;
	tmp6.xy = (vc[16].xyxx + in_tc2.xyxx).xy;
	tmp6.zw = (vc[16].xxxy + in_tc3.xxxy).zw;
	tmp7.xy = (vc[16].xyxx + in_tc4.xyxx).xy;
	if(!true)
	{
		tmp5.xy = in_tc0.xyxx.xy;
		tmp5.zw = in_tc1.xxxy.zw;
		tmp6.xy = in_tc2.xyxx.xy;
		tmp6.zw = in_tc3.xxxy.zw;
		tmp7.xy = in_tc4.xyxx.xy;
	}
	tmp1.x = vc[467].yyyy.x;
	cc0.x = vec4(lessThan(tmp1.xxxx, vc[63].xxxx)).x;
	tmp1.xyz = vc[467].yyyy.xyz;
	tmp1.w = vc[467].yyyy.w;
	if(!any(equal(cc0.xxxx, vec4(0.0).xxxx)))
	{
	tmp2.w = vc[467].yyyy.w;
		do
		{
			a0.x = ivec4(tmp1.wwww).x;
			tmp2.xyz = (in_pos.xyzx + -vc[21 + a0.x].xyzx).xyz;
			tmp3.x = vec4(dot(tmp2.xyzx.xyz, tmp2.xyzx.xyz)).x;
			tmp2.w = (vc[467].zzzz + tmp2.wwww).w;
			tmp3.y = inversesqrt(abs(tmp3.xxxx)).y;
			tmp1.w = (vc[467].zzzz + tmp1.wwww).w;
			cc0.x = vec4(lessThan(tmp2.wwww, vc[63].xxxx)).x;
			tmp3.x = (1.0 / tmp3.yyyy).x;
			tmp3.x = (-vc[39 + a0.x].wwww + tmp3.xxxx).x;
			tmp2.xyz = (tmp3.yyyy * tmp2.xyzx).xyz;
			tmp3.x = max(tmp3.xxxx, vc[467].yyyy).x;
			tmp3.x = clamp((1.0 / tmp3.xxxx).x, 0.0, 1.0);
			tmp3.y = vec4(dot(tmp4.xyzx.xyz, -tmp2.xyzx.xyz)).y;
			tmp2.xyz = (tmp3.xxxx * vc[39 + a0.x].xyzx).xyz;
			tmp1.xyz = (tmp2.xyzx * tmp3.yyyy + tmp1.xyzx).xyz;
		} while (any(notEqual(cc0.xxxx, vec4(0.0).xxxx)));
	}
	tmp1.xyz = clamp(tmp1.xyzx.xyz, 0.0, 1.0);
	if(!true)
	{
	tmp1.w = vc[467].zzzz.w;
		tmp1 = vc[467].yyyy;
	}
	tmp2 = in_diff_color;
	tmp2 = (in_diff_color * vc[4]);
	tmp2 = clamp(tmp2, 0.0, 1.0);
	tmp3 = (in_pos.yyyy * vc[10]);
	tmp3 = (in_pos.xxxx * vc[9] + tmp3);
	tmp3 = (in_pos.zzzz * vc[11] + tmp3);
	tmp3 = (in_pos.wwww * vc[12] + tmp3);
	if(!true)
	{
		tmp3 = vc[467].zzzz;
	}
	dst_reg0 = tmp0;
	dst_reg12 = tmp3;
	dst_reg1 = tmp2;
	dst_reg2 = tmp1;
	dst_reg15.xyz = tmp4.xyzx.xyz;
	dst_reg7.xy = tmp5.xyxx.xy;
	dst_reg8.xy = tmp5.zwzz.xy;
	dst_reg9.xy = tmp6.xyxx.xy;
	dst_reg10.xy = tmp6.zwzz.xy;
	dst_reg11.xy = tmp7.xyxx.xy;
	dst_reg13.xyz = vc[14].xyzx.xyz;
	dst_reg14.xyz = vc[15].xyzx.xyz;
}

RSX: ! {RSXThread} *** fp shader = 
#version 330

vec4 r1 = vec4(0.0, 0.0, 0.0, 0.0);
vec4 r0 = vec4(0.0, 0.0, 0.0, 0.0);
vec4 cc0;
vec4 h6 = vec4(0.0, 0.0, 0.0, 0.0);
vec4 r3 = vec4(0.0, 0.0, 0.0, 0.0);
vec4 r2 = vec4(0.0, 0.0, 0.0, 0.0);
vec4 h7 = vec4(0.0, 0.0, 0.0, 0.0);
vec4 h4 = vec4(0.0, 0.0, 0.0, 0.0);
in vec4 tc6;
in vec4 tc8;
in vec4 tc0;
in vec4 tc7;
in vec4 tc1;
in vec4 spec_color;
in vec4 diff_color;
uniform vec4 fc32 = vec4(0.000000, 0.000000, 0.000000, 0.000000);
uniform vec4 fc64 = vec4(0.000000, 0.000000, 0.000000, 0.000000);
uniform vec4 fc112 = vec4(0.000000, 0.000000, 0.000000, 0.000000);
uniform vec4 fc160 = vec4(0.000000, 0.000000, 0.000000, 0.000000);
uniform vec4 fc208 = vec4(0.000000, 0.000000, 0.000000, 0.000000);
uniform vec4 fc240 = vec4(1.000000, 0.000000, 0.000000, 0.000000);
uniform vec4 fc288 = vec4(0.000000, 0.000000, 0.000000, 0.000000);
uniform vec4 fc336 = vec4(1.000000, 0.000000, 0.000000, 0.000000);
uniform vec4 fc384 = vec4(0.000000, 0.000000, 0.000000, 0.000000);
uniform vec4 fc416 = vec4(0.000000, 0.000000, 0.000000, 0.000000);
uniform vec4 fc448 = vec4(0.000000, 0.000000, 0.000000, 0.000000);
uniform vec4 fc512 = vec4(1.000000, 0.000000, 0.000000, 0.000000);
uniform vec4 fc560 = vec4(0.000000, 0.000000, 0.000000, 0.000000);
uniform vec4 fc592 = vec4(0.000000, 0.000000, 0.000000, 1.000000);
uniform vec4 fc640 = vec4(0.000000, 0.000000, 0.000000, 0.000000);
uniform vec4 fc736 = vec4(0.000000, 0.000000, 0.000000, 0.000000);
uniform vec4 fc832 = vec4(0.000000, 0.000000, 0.000000, 0.000000);
uniform vec4 fc880 = vec4(6.000000, 0.000000, 0.000000, 0.000000);
uniform vec4 fc912 = vec4(0.000000, 0.000000, 0.000000, 0.000000);
uniform vec4 fc992 = vec4(0.000000, 0.000000, 0.000000, 0.000000);
uniform vec4 fc1024 = vec4(0.000000, 0.000000, 0.000000, 0.000000);
uniform vec4 fc1184 = vec4(0.000000, 0.000000, 0.000000, 0.000000);
uniform vec4 fc1216 = vec4(0.000000, 0.000000, 0.000000, 0.000000);
uniform vec4 fc1264 = vec4(0.000000, 0.000000, 0.000000, 0.000000);
uniform vec4 fc1312 = vec4(0.000000, 0.000000, 0.000000, 0.000000);
uniform vec4 fc1360 = vec4(0.000000, 0.000000, 0.000000, 0.000000);
uniform vec4 fc1392 = vec4(1.000000, 0.000000, 0.000000, 0.000000);
uniform vec4 fc1440 = vec4(0.000000, 0.000000, 0.000000, 0.000000);
uniform vec4 fc1488 = vec4(1.000000, 0.000000, 0.000000, 0.000000);
uniform vec4 fc1536 = vec4(0.000000, 0.000000, 0.000000, 0.000000);
uniform vec4 fc1568 = vec4(0.000000, 0.000000, 0.000000, 0.000000);
uniform vec4 fc1600 = vec4(0.000000, 0.000000, 0.000000, 0.000000);
uniform vec4 fc1664 = vec4(1.000000, 0.000000, 0.000000, 0.000000);
uniform vec4 fc1712 = vec4(0.000000, 0.000000, 0.000000, 0.000000);
uniform vec4 fc1744 = vec4(0.000000, 0.000000, 0.000000, 1.000000);
uniform vec4 fc1792 = vec4(0.000000, 0.000000, 0.000000, 0.000000);
uniform vec4 fc1888 = vec4(0.000000, 0.000000, 0.000000, 0.000000);
uniform vec4 fc1984 = vec4(0.000000, 0.000000, 0.000000, 0.000000);
uniform vec4 fc2032 = vec4(6.000000, 0.000000, 0.000000, 0.000000);
uniform vec4 fc2064 = vec4(0.000000, 0.000000, 0.000000, 0.000000);
uniform vec4 fc2144 = vec4(0.000000, 0.000000, 0.000000, 0.000000);
uniform vec4 fc2176 = vec4(0.000000, 0.000000, 0.000000, 0.000000);
uniform sampler2D tex0;
uniform sampler2D tex1;
layout (location = 0) out vec4 ocol0;
layout (location = 1) out vec4 ocol1;
layout (location = 2) out vec4 ocol2;

void main()
{
	r1.xyz = tc6.xyz;
	r0.w = fc32.xxxx.w;
	cc0.w = fc64.xxxx.w;
	r0.xyz = tc8.xyz;
	h6.w = vec4(notEqual(r0, fc112.xxxx)).w;
	r0.w = clamp(vec4(dot(r0.xyz, r1.xyz)), 0.0, 1.0).w;
	r3.w = fc160.xxxx.w;
	r1.w = (r0 * 2.0).w;
	cc0.y = fc208.xxxx.y;
	r2 = fc240.xxxx;
	if(any(notEqual(cc0.wwww, vec4(0.0)))) r2 = texture(tex0, tc0.xy);
	h7.w = vec4(notEqual(r3, fc288.xxxx)).w;
	cc0.x = clamp((h6.wwww + h7.wwww), 0.0, 1.0).x;
	r3.w = fc336.xxxx.w;
	r0.xyz = (r0 * r1.wwww + -r1).xyz;
	cc0.w = fc384.xxxx.w;
	if(any(notEqual(cc0.xxxx, vec4(0.0)))) r3.w = fc416.yyyy.w;
	cc0.x = fc448.xxxx.x;
	r1.w = r2.w;
	r1.xyz = r3.wwww.xyz;
	if(any(notEqual(cc0.yyyy, vec4(0.0)))) r1.w = fc512.xxxx.w;
	r2.w = vec4(dot(r0.xyz, tc7.xyz)).w;
	if(any(notEqual(cc0.wwww, vec4(0.0)))) r1.xyz = (r0.wwww * fc560 + r3.wwww).xyz;
	r0.w = fc592.w;
	r0.y = vec4(dot(r0.xyz, r0.xyz)).y;
	cc0.w = fc640.xxxx.w;
	r0.z = r1.wwww.z;
	r0.x = texture(tex1, tc1.xy).x;
	if(any(notEqual(cc0.wwww, vec4(0.0)))) r0.z = (r1.wwww * r0.xxxx).z;
	h6 = spec_color;
	cc0.w = fc736.xxxx.w;
	r0.x = clamp((r2.wwww / sqrt(r0.yyyy)), 0.0, 1.0).x;
	r3.z = log2(r0).z;
	r2.w = r0.zzzz.w;
	r0.xyz = r1.xyz;
	if(any(notEqual(cc0.wwww, vec4(0.0)))) r0.xyz = (r1 + fc832).xyz;
	r1.w = (r3.zzzz * fc880.xxxx).w;
	r1.xyz = fc912.yyyy.xyz;
	r1.w = exp2(r1.wwww).w;
	r0 = clamp((h6 + r0), 0.0, 1.0);
	r0 = (r2 * r0);
	if(any(notEqual(cc0.xxxx, vec4(0.0)))) r1.xyz = (r1.wwww * fc992.wwww).xyz;
	r1.w = fc1024.xxxx.w;
	r1.xyz = tc6.xyz;
	r0.w = fc1184.xxxx.w;
	cc0.w = fc1216.xxxx.w;
	r0.xyz = tc8.xyz;
	h6.w = vec4(notEqual(r0, fc1264.xxxx)).w;
	r0.w = clamp(vec4(dot(r0.xyz, r1.xyz)), 0.0, 1.0).w;
	r3.w = fc1312.xxxx.w;
	r1.w = (r0 * 2.0).w;
	cc0.y = fc1360.xxxx.y;
	r2 = fc1392.xxxx;
	if(any(notEqual(cc0.wwww, vec4(0.0)))) r2 = texture(tex0, tc0.xy);
	h7.w = vec4(notEqual(r3, fc1440.xxxx)).w;
	cc0.x = clamp((h6.wwww + h7.wwww), 0.0, 1.0).x;
	r3.w = fc1488.xxxx.w;
	r0.xyz = (r0 * r1.wwww + -r1).xyz;
	cc0.w = fc1536.xxxx.w;
	if(any(notEqual(cc0.xxxx, vec4(0.0)))) r3.w = fc1568.yyyy.w;
	cc0.x = fc1600.xxxx.x;
	r1.w = r2.w;
	r1.xyz = r3.wwww.xyz;
	if(any(notEqual(cc0.yyyy, vec4(0.0)))) r1.w = fc1664.xxxx.w;
	r2.w = vec4(dot(r0.xyz, tc7.xyz)).w;
	if(any(notEqual(cc0.wwww, vec4(0.0)))) r1.xyz = (r0.wwww * fc1712 + r3.wwww).xyz;
	r0.w = fc1744.w;
	r0.y = vec4(dot(r0.xyz, r0.xyz)).y;
	cc0.w = fc1792.xxxx.w;
	r0.z = r1.wwww.z;
	r0.x = texture(tex1, tc1.xy).x;
	if(any(notEqual(cc0.wwww, vec4(0.0)))) r0.z = (r1.wwww * r0.xxxx).z;
	h6 = spec_color;
	cc0.w = fc1888.xxxx.w;
	r0.x = clamp((r2.wwww / sqrt(r0.yyyy)), 0.0, 1.0).x;
	r3.z = log2(r0).z;
	r2.w = r0.zzzz.w;
	r0.xyz = r1.xyz;
	if(any(notEqual(cc0.wwww, vec4(0.0)))) r0.xyz = (r1 + fc1984).xyz;
	r1.w = (r3.zzzz * fc2032.xxxx).w;
	r1.xyz = fc2064.yyyy.xyz;
	r1.w = exp2(r1.wwww).w;
	r0 = clamp((h6 + r0), 0.0, 1.0);
	r0 = (r2 * r0);
	if(any(notEqual(cc0.xxxx, vec4(0.0)))) r1.xyz = (r1.wwww * fc2144.wwww).xyz;
	r1.w = fc2176.xxxx.w;
	h4 = diff_color;
	r0 = (r0 * h4 + r1);
	ocol0 = r0;
	ocol1 = r2;
	ocol2 = r3;
}

RSX: W {VBlank thread} VBlank thread aborted
RSX: W {RSXThread} RSX thread aborted
HLE: ! All threads stopped...
RSX: W GLVertexProgram::Delete(): glDeleteShader(2) avoided
RSX: W GLShaderProgram::Delete(): glDeleteShader(1) avoided
MEM: ! Closing memory...
