HLE: ! path: /dev_hdd0/game/
LDR: ! Loading 'D:\Emulateurs\Rpcs3\dev_hdd0\game\NPEB01158/USRDIR/BOOT.BIN'...
LDR: !  
LDR: ! Mount info:
LDR: ! /dev_hdd0/ -> D:\Emulateurs\Rpcs3/dev_hdd0/
LDR: ! /dev_hdd1/ -> D:\Emulateurs\Rpcs3/dev_hdd1/
LDR: ! /dev_flash/ -> D:\Emulateurs\Rpcs3/dev_flash/
LDR: ! /dev_usb000/ -> D:\Emulateurs\Rpcs3/dev_usb000/
LDR: ! /dev_usb/ -> D:\Emulateurs\Rpcs3/dev_usb000/
LDR: ! /app_home/ -> D:\Emulateurs\Rpcs3\dev_hdd0\game\NPEB01158/
LDR: ! /dev_bdvd/ -> D:\Emulateurs\Rpcs3\dev_hdd0\game\NPEB01158//../
LDR: ! /host_root/ -> 
LDR: ! / -> D:\Emulateurs\Rpcs3\dev_hdd0\game\NPEB01158//USRDIR/
LDR: ! /app_home/PS3_GAME/USRDIR/ -> D:\Emulateurs\Rpcs3\dev_hdd0\game\NPEB01158//USRDIR/
LDR: ! /dev_flash2/ -> D:\Emulateurs\Rpcs3/dev_flash2/
LDR: ! /app_home/Game/PS3_GAME/USRDIR/ -> D:\Emulateurs\Rpcs3\dev_hdd0\game\NPEB01158//USRDIR/
LDR: !  
MEM: ! Initing memory...
MEM: ! Memory initialized.
LDR: ! Function 'cellAANConnect' hooked (addr=0xc432e8)
LDR: ! Function 'cellAANDisconnect' hooked (addr=0xc43380)
LDR: ! Function 'cellAANAddData' hooked (addr=0xc43418)
LDR: ! Function 'cellSurMixerGetAANHandle' hooked (addr=0xc43564)
LDR: ! Function 'cellSurMixerSetNotifyCallback' hooked (addr=0xc4359c)
LDR: ! Function 'cellSurMixerRemoveNotifyCallback' hooked (addr=0xc43630)
LDR: ! Function 'cellSurMixerSurBusAddData' hooked (addr=0xc436c0)
LDR: ! Function 'cellSurMixerGetCurrentBlockTag' hooked (addr=0xc43770)
LDR: ! Function 'cellSurMixerChStripGetAANPortNo' hooked (addr=0xc43fcc)
LDR: ! Function 'cellSurMixerBeep' hooked (addr=0xc44008)
LDR: ! Function 'cellSurMixerChStripSetParameter' hooked (addr=0xc443e4)
LDR: ! Function 'cellSurMixerPause' hooked (addr=0xc44698)
LDR: ! Function 'cellSurMixerGetTimestamp' hooked (addr=0xc45cb0)
LDR: ! Function 'cellSurMixerSetParameter' hooked (addr=0xc45d18)
LDR: ! Function 'cellSurMixerStart' hooked (addr=0xc45de8)
LDR: ! Function 'cellSurMixerFinalize' hooked (addr=0xc460f0)
LDR: ! Function 'cellSurMixerCreate' hooked (addr=0xc469b4)
LDR: S Function group [surmxAAN] successfully hooked
LDR: S Function group [surmixer] successfully hooked
LDR: W Unknown module 'libTGV'
LDR: W Unimplemented function 'sceNpManagerGetTicket' in 'sceNp' module
LDR: W Unimplemented function 'sceNpManagerGetAccountAge' in 'sceNp' module
LDR: W Unimplemented function 'sceNpLookupAbortTransaction' in 'sceNp' module
LDR: W Unimplemented function 'sceNpManagerUnregisterCallback' in 'sceNp' module
LDR: W Unimplemented function 'sceNpManagerGetTicketParam' in 'sceNp' module
LDR: W Unimplemented function 'sceNpLookupDestroyTitleCtx' in 'sceNp' module
LDR: W Unimplemented function 'sceNpLookupInit' in 'sceNp' module
LDR: W Unimplemented function 'sceNpManagerGetContentRatingFlag' in 'sceNp' module
LDR: W Unimplemented function 'sceNpLookupPollAsync' in 'sceNp' module
LDR: W Unimplemented function 'sceNpManagerRequestTicket' in 'sceNp' module
LDR: W Unimplemented function 'sceNpLookupTerm' in 'sceNp' module
LDR: W Unimplemented function 'sceNpLookupTitleSmallStorageAsync' in 'sceNp' module
LDR: W Unimplemented function 'sceNpManagerGetEntitlementById' in 'sceNp' module
LDR: W Unimplemented function 'sceNpManagerGetAccountRegion' in 'sceNp' module
LDR: W Unimplemented function 'sceNpManagerGetNetworkTime' in 'sceNp' module
LDR: W Unimplemented function 'sceNpManagerGetOnlineId' in 'sceNp' module
LDR: W Unimplemented function 'sceNpLookupCreateTitleCtx' in 'sceNp' module
LDR: W Unimplemented function 'sceNpManagerRegisterCallback' in 'sceNp' module
LDR: W Unimplemented function 'sceNpLookupCreateTransactionCtx' in 'sceNp' module
LDR: W Unimplemented function 'sceNpManagerGetChatRestrictionFlag' in 'sceNp' module
LDR: W Unimplemented function 'sceNpManagerGetOnlineName' in 'sceNp' module
LDR: W Unimplemented function 'sceNpLookupDestroyTransactionCtx' in 'sceNp' module
LDR: W Unimplemented function 'sceNpManagerGetNpId' in 'sceNp' module
LDR: W Unimplemented function 'sceNp2Init' in 'sceNp2' module
LDR: W Unimplemented function 'sceNp2Term' in 'sceNp2' module
LDR: W Unimplemented function 'socketselect' in 'sys_net' module
LDR: W Unimplemented function 'cellGameUpdateCheckStartAsyncEx' in 'cellNetCtl' module
LDR: W Unimplemented function 'cellGameUpdateTerm' in 'cellNetCtl' module
LDR: W Unimplemented function 'cellGameUpdateCheckAbort' in 'cellNetCtl' module
LDR: W Unimplemented function 'cellGameUpdateCheckStartWithoutDialogAsyncEx' in 'cellNetCtl' module
LDR: W Unimplemented function 'cellGameUpdateInit' in 'cellNetCtl' module
LDR: W Unimplemented function 'cellGameUpdateCheckFinishAsyncEx' in 'cellNetCtl' module
LDR: W Unimplemented function 'cellFsFsync' in 'sys_fs' module
LDR: W Unimplemented function 'cellFsSdataOpenByFd' in 'sys_fs' module
LDR: W Unimplemented function 'cellSaveDataListAutoLoad' in 'cellSysutil' module
LDR: W Unimplemented function 'cellSaveDataDelete2' in 'cellSysutil' module
LDR: W Unimplemented function 'cellSpursAddUrgentCommand' in 'cellSpurs' module
LDR: W Unimplemented function 'cellSpursJobQueueAttributeSetDoBusyWaiting' in 'cellSpursJq' module
LDR: W Unimplemented function 'cellSpursJobQueueAttributeSetSubmitWithEntryLock' in 'cellSpursJq' module
LDR: W Unimplemented function 'cellSpursJobQueueAttributeSetMaxSizeJobDescriptor' in 'cellSpursJq' module
LDR: W Unimplemented function 'cellSpursJobQueueAttributeInitialize' in 'cellSpursJq' module
LDR: W Unimplemented function 'cellSpursJobQueueAttributeSetIsJobTypeMemoryCheck' in 'cellSpursJq' module
LDR: W Unimplemented function 'cellSpursShutdownJobQueue' in 'cellSpursJq' module
LDR: W Unimplemented function 'cellSpursJoinJobQueue' in 'cellSpursJq' module
LDR: W Unimplemented function '_cellSpursJobQueuePort2CopyPushJobBody' in 'cellSpursJq' module
LDR: W Unimplemented function 'cellSpursJobQueuePort2Destroy' in 'cellSpursJq' module
LDR: W Unimplemented function '_cellSpursJobQueuePort2PushJobBody' in 'cellSpursJq' module
LDR: W Unimplemented function 'cellSpursJobQueueAttributeSetGrabParameters' in 'cellSpursJq' module
LDR: W Unimplemented function 'cellSpursJobQueuePort2Create' in 'cellSpursJq' module
LDR: W Unimplemented function '_cellSpursCreateJobQueue' in 'cellSpursJq' module
LDR: W Unimplemented function 'cellSpursJobQueuePort2Sync' in 'cellSpursJq' module
LDR: W Unimplemented function 'cellSpursJobQueueAttributeSetIsHaltOnError' in 'cellSpursJq' module
LDR: W Unimplemented function 'cellSailGraphicsAdapterGetFrame' in 'cellSail' module
LDR: W Unimplemented function 'cellSailDescriptorCreateDatabase' in 'cellSail' module
LDR: W Unimplemented function 'cellSailPlayerSetSoundAdapter' in 'cellSail' module
LDR: W Unimplemented function 'cellSailGraphicsAdapterPtsToTimePosition' in 'cellSail' module
LDR: W Unimplemented function 'cellSailPlayerFinalize' in 'cellSail' module
LDR: W Unimplemented function 'cellSailPlayerSetGraphicsAdapter' in 'cellSail' module
LDR: W Unimplemented function 'cellSailGraphicsAdapterInitialize' in 'cellSail' module
LDR: W Unimplemented function 'cellSailPlayerInitialize2' in 'cellSail' module
LDR: W Unimplemented function 'cellSailDescriptorDestroyDatabase' in 'cellSail' module
LDR: W Unimplemented function 'cellSailGraphicsAdapterSetPreferredFormat' in 'cellSail' module
LDR: W Unimplemented function 'cellSailMemAllocatorInitialize' in 'cellSail' module
LDR: W Unimplemented function 'cellSailPlayerOpenStream' in 'cellSail' module
LDR: W Unimplemented function 'cellSailFutureGet' in 'cellSail' module
LDR: W Unimplemented function 'cellSailSoundAdapterInitialize' in 'cellSail' module
LDR: W Unimplemented function 'cellSailGraphicsAdapterUpdateAvSync' in 'cellSail' module
LDR: W Unimplemented function 'cellSailPlayerReplaceEventHandler' in 'cellSail' module
LDR: W Unimplemented function 'cellSailSoundAdapterPtsToTimePosition' in 'cellSail' module
LDR: W Unimplemented function 'cellSailFutureInitialize' in 'cellSail' module
LDR: W Unimplemented function 'cellSailMp4MovieGetMovieInfo' in 'cellSail' module
LDR: W Unimplemented function 'cellSailPlayerSetParameter' in 'cellSail' module
LDR: W Unimplemented function 'cellSailAviMovieGetMovieInfo' in 'cellSail' module
LDR: W Unimplemented function 'cellSailGraphicsAdapterFinalize' in 'cellSail' module
LDR: W Unimplemented function 'cellSailPlayerAddDescriptor' in 'cellSail' module
LDR: W Unimplemented function 'cellSailSoundAdapterGetFrame' in 'cellSail' module
LDR: W Unimplemented function 'cellSailPlayerCloseStream' in 'cellSail' module
LDR: W Unimplemented function 'cellSailFutureFinalize' in 'cellSail' module
LDR: W Unimplemented function 'cellSailFutureSet' in 'cellSail' module
LDR: W Unimplemented function 'cellSailPlayerIsPaused' in 'cellSail' module
LDR: W Unimplemented function 'cellSailPlayerBoot' in 'cellSail' module
LDR: W Unimplemented function 'cellSailSoundAdapterFinalize' in 'cellSail' module
LDR: W Unimplemented function 'cellSailPlayerSetPaused' in 'cellSail' module
LDR: W Unimplemented function 'cellSailDescriptorGetStreamType' in 'cellSail' module
LDR: W Unimplemented function 'cellSailPlayerCreateDescriptor' in 'cellSail' module
LDR: W Unimplemented function 'cellSailPlayerStart' in 'cellSail' module
LDR: W Unimplemented function 'cellSailPlayerStop' in 'cellSail' module
LDR: W Unimplemented function 'cellSailSoundAdapterUpdateAvSync' in 'cellSail' module
LDR: W Unimplemented function 'cellSailSoundAdapterGetFormat' in 'cellSail' module
LDR: W Unimplemented function 'cellSailPlayerSetRepeatMode' in 'cellSail' module
LDR: W Unimplemented function 'cellSailPlayerDestroyDescriptor' in 'cellSail' module
LDR: W Unimplemented function 'cellSailGraphicsAdapterGetFormat' in 'cellSail' module
LDR: W Unimplemented function 'ToSjisHira' in 'cellL10n' module
LDR: W Unimplemented function 'SJISstoUTF8s' in 'cellL10n' module
LDR: W Unimplemented function 'SjisHan2Zen' in 'cellL10n' module
LDR: W Unimplemented function 'ToSjisUpper' in 'cellL10n' module
LDR: W Unimplemented function 'UTF8stoSJISs' in 'cellL10n' module
LDR: W Unknown module 'cellSaveData'
LDR: W Unimplemented function '_sys_heap_free' in 'sysPrxForUser' module
LDR: W Unimplemented function 'sys_prx_load_module_on_memcontainer_by_fd' in 'sysPrxForUser' module
LDR: W Unimplemented function '_sys_heap_delete_heap' in 'sysPrxForUser' module
LDR: W Unimplemented function '_sys_spu_printf_finalize' in 'sysPrxForUser' module
LDR: W Unimplemented function 'sys_prx_load_module_by_fd' in 'sysPrxForUser' module
HLE: W PPU[1] Thread (CPUThread)[0x01dc7058]sys_lwmutex warning: *** lwmutex created [_lc_mtx] (attribute=0x12): sq_id = 3
HLE: W PPU[1] Thread (CPUThread)[0x00dac164]memory warning: sys_memory_get_user_memory_size(mem_info_addr=0xd0010c04)
HLE: W PPU[1] Thread (CPUThread)[0x01dc7058]sys_lwmutex warning: *** lwmutex created [_lc_mtx] (attribute=0x12): sq_id = 4
HLE: W PPU[1] Thread (CPUThread)[0x01dc7058]sys_lwmutex warning: *** lwmutex created [_lc_mtx] (attribute=0x12): sq_id = 5
HLE: W PPU[1] Thread (CPUThread)[0x01dc7058]sys_lwmutex warning: *** lwmutex created [_lc_mtx] (attribute=0x12): sq_id = 6
HLE: W PPU[1] Thread (CPUThread)[0x01dc7058]sys_lwmutex warning: *** lwmutex created [_lc_mtx] (attribute=0x12): sq_id = 7
HLE: W PPU[1] Thread (CPUThread)[0x01dc7058]sys_lwmutex warning: *** lwmutex created [_lc_mtx] (attribute=0x12): sq_id = 8
HLE: W PPU[1] Thread (CPUThread)[0x01dc7058]sys_lwmutex warning: *** lwmutex created [_lc_mtx] (attribute=0x12): sq_id = 9
HLE: W PPU[1] Thread (CPUThread)[0x01dc7058]sys_lwmutex warning: *** lwmutex created [_lc_mtx] (attribute=0x12): sq_id = 10
HLE: W PPU[1] Thread (CPUThread)[0x01dc7058]sys_lwmutex warning: *** lwmutex created [_lc_mtx] (attribute=0x12): sq_id = 11
HLE: W PPU[1] Thread (CPUThread)[0x01dc7058]sys_lwmutex warning: *** lwmutex created [_lc_mtx] (attribute=0x12): sq_id = 12
HLE: W PPU[1] Thread (CPUThread)[0x01dc7058]sys_lwmutex warning: *** lwmutex created [_lgcmtx] (attribute=0x12): sq_id = 13
HLE: W PPU[1] Thread (CPUThread)[0x01dc7058]sys_lwmutex warning: *** lwmutex created [_lgcmtx] (attribute=0x12): sq_id = 14
HLE: W PPU[1] Thread (CPUThread)[0x01dc7058]sys_lwmutex warning: *** lwmutex created [_lgcmtx] (attribute=0x22): sq_id = 15
HLE: W PPU[1] Thread (CPUThread)[0x01dc7058]sys_lwmutex warning: *** lwmutex created [_lc_mtx] (attribute=0x12): sq_id = 16
HLE: W PPU[1] Thread (CPUThread)[0x01dc7058]sys_lwmutex warning: *** lwmutex created [_lc_mtx] (attribute=0x12): sq_id = 17
HLE: W PPU[1] Thread (CPUThread)[0x01dc7058]sys_lwmutex warning: *** lwmutex created [_lc_mtx] (attribute=0x12): sq_id = 18
HLE: W PPU[1] Thread (CPUThread)[0x01dc7058]sys_lwmutex warning: *** lwmutex created [_lc_mtx] (attribute=0x12): sq_id = 19
HLE: W PPU[1] Thread (CPUThread)[0x01dc7058]sys_lwmutex warning: *** lwmutex created [_lc_mtx] (attribute=0x12): sq_id = 20
HLE: W PPU[1] Thread (CPUThread)[0x01dc7058]sys_lwmutex warning: *** lwmutex created [_lc_mtx] (attribute=0x12): sq_id = 21
HLE: W PPU[1] Thread (CPUThread)[0x01dc7058]sys_lwmutex warning: *** lwmutex created [_lc_mtx] (attribute=0x12): sq_id = 22
HLE: W PPU[1] Thread (CPUThread)[0x01dc7058]sys_lwmutex warning: *** lwmutex created [_lc_mtx] (attribute=0x12): sq_id = 23
HLE: W PPU[1] Thread (CPUThread)[0x01dc7058]sys_lwmutex warning: *** lwmutex created [_lc_mtx] (attribute=0x12): sq_id = 24
HLE: W PPU[1] Thread (CPUThread)[0x01dc7058]sys_lwmutex warning: *** lwmutex created [_lc_mtx] (attribute=0x12): sq_id = 25
HLE: W PPU[1] Thread (CPUThread)[0x01dc7058]sys_lwmutex warning: *** lwmutex created [_lc_mtx] (attribute=0x12): sq_id = 26
HLE: W PPU[1] Thread (CPUThread)[0x01dc7058]sys_lwmutex warning: *** lwmutex created [_lc_mtx] (attribute=0x12): sq_id = 27
HLE: W PPU[1] Thread (CPUThread)[0x00d0e368]sys_mutex warning: *** mutex created [] (protocol=0x2, recursive=false): id = 28
HLE: W PPU[1] Thread (CPUThread)[0x00d0e38c]sys_cond warning: *** condition created [] (mutex_id=28): id = 29
HLE: W PPU[1] Thread (CPUThread)[0x00d81ee0]cellSysutil warning: cellSysutilGetSystemParamInt: CELL_SYSUTIL_SYSTEMPARAM_ID_TIMEZONE
HLE: W PPU[1] Thread (CPUThread)[0x00d81ee0]cellSysutil warning: cellSysutilGetSystemParamInt: CELL_SYSUTIL_SYSTEMPARAM_ID_SUMMERTIME
HLE: W PPU[1] Thread (CPUThread)[0x00d95f3c]cellSysutil warning: cellSysutilGetSystemParamInt: CELL_SYSUTIL_SYSTEMPARAM_ID_TIMEZONE
HLE: W PPU[1] Thread (CPUThread)[0x00d95f3c]cellSysutil warning: cellSysutilGetSystemParamInt: CELL_SYSUTIL_SYSTEMPARAM_ID_SUMMERTIME
HLE: W PPU[1] Thread (CPUThread)[0x00d83e28]cellSysutil warning: cellSysutilGetSystemParamInt: CELL_SYSUTIL_SYSTEMPARAM_ID_TIMEZONE
HLE: W PPU[1] Thread (CPUThread)[0x00d83e28]cellSysutil warning: cellSysutilGetSystemParamInt: CELL_SYSUTIL_SYSTEMPARAM_ID_SUMMERTIME
HLE: W PPU[1] Thread (CPUThread)[0x00d95f3c]cellSysutil warning: cellSysutilGetSystemParamInt: CELL_SYSUTIL_SYSTEMPARAM_ID_TIMEZONE
HLE: W PPU[1] Thread (CPUThread)[0x00d95f3c]cellSysutil warning: cellSysutilGetSystemParamInt: CELL_SYSUTIL_SYSTEMPARAM_ID_SUMMERTIME
HLE: W PPU[1] Thread (CPUThread)[0x00d81800]cellSysutil warning: cellSysutilGetSystemParamInt: CELL_SYSUTIL_SYSTEMPARAM_ID_TIMEZONE
HLE: W PPU[1] Thread (CPUThread)[0x00d81800]cellSysutil warning: cellSysutilGetSystemParamInt: CELL_SYSUTIL_SYSTEMPARAM_ID_SUMMERTIME
HLE: W PPU[1] Thread (CPUThread)[0x00d83e28]cellSysutil warning: cellSysutilGetSystemParamInt: CELL_SYSUTIL_SYSTEMPARAM_ID_TIMEZONE
HLE: W PPU[1] Thread (CPUThread)[0x00d83e28]cellSysutil warning: cellSysutilGetSystemParamInt: CELL_SYSUTIL_SYSTEMPARAM_ID_SUMMERTIME
HLE: W PPU[1] Thread (CPUThread)[0x01dc7058]sys_lwmutex warning: *** lwmutex created [ps3HDDL] (attribute=0x12): sq_id = 30
HLE: W PPU[1] Thread (CPUThread)[0x01dc7058]sys_lwmutex warning: *** lwmutex created [] (attribute=0x22): sq_id = 31
HLE: W PPU[1] Thread (CPUThread)[0x0007fb94]memory warning: sys_memory_get_user_memory_size(mem_info_addr=0xd0010bd0)
HLE: E PPU[1] Thread (CPUThread)[0x01dc707c]sys_prx error: TODO: sys_prx_register_library(lib_addr=0x192dcfc)
HLE: W PPU[1] Thread (CPUThread)[0x00081a1c]memory warning: sys_memory_get_user_memory_size(mem_info_addr=0xd00107c0)
HLE: W PPU[1] Thread (CPUThread)[0x01b7801c]cellSysmodule warning: cellSysmoduleIsLoaded(CELL_SYSMODULE_L10N)
HLE: W PPU[1] Thread (CPUThread)[0x01b78010]cellSysmodule warning: cellSysmoduleLoadModule(CELL_SYSMODULE_L10N)
HLE: W PPU[1] Thread (CPUThread)[0x01b7801c]cellSysmodule warning: cellSysmoduleIsLoaded(CELL_SYSMODULE_RTC)
HLE: W PPU[1] Thread (CPUThread)[0x01b78010]cellSysmodule warning: cellSysmoduleLoadModule(CELL_SYSMODULE_RTC)
HLE: W PPU[1] Thread (CPUThread)[0x01dc7058]sys_lwmutex warning: *** lwmutex created [] (attribute=0x22): sq_id = 32
HLE: W PPU[1] Thread (CPUThread)[0x01dc7058]sys_lwmutex warning: *** lwmutex created [] (attribute=0x22): sq_id = 33
HLE: W PPU[1] Thread (CPUThread)[0x00095500]vm warning: sys_vm_memory_map(vsize=0x10000000,psize=0x100000,cidr=0xffffffff,flags=0x200,policy=0x1,addr=0x1c701d0)
HLE: W PPU[1] Thread (CPUThread)[0x00cb0988]sys_spu warning: sys_spu_initialize(max_usable_spu=4, max_raw_spu=0)
HLE: W PPU[1] Thread (CPUThread)[0x01db50f4]cellSpurs warning: _cellSpursAttributeInitialize(attr_addr=0xd00104c0, nSpus=2, spuPriority=3342336, ppuPriority=4, exitIfNoWork=250)
HLE: W PPU[1] Thread (CPUThread)[0x01db5058]cellSpurs warning: cellSpursInitializeWithAttribute2(spurs_addr=0x32fff100, spurs_addr=0xd00104c0)
HLE: W PPU[1] Thread (CPUThread)[0x00cb0630]sys_event warning: sys_event_queue_create(equeue_id_addr=0x1d8733c, attr_addr=0xd0010744, event_queue_key=0x0, size=8)
HLE: W PPU[1] Thread (CPUThread)[0x00cb0630]sys_event warning: *** event_queue created [] (protocol=0x2, type=0x1): id = 34
PPU: ! PPU[1] Thread (CPUThread)[0x01dc7028]*** New PPU Thread [spu_printf_handler] (flags=0x1, entry=0x1c00148): id = 35
HLE: W PPU[1] Thread (CPUThread)[0x00cb06b8]sys_event warning: sys_event_port_create(eport_id_addr=0x1d87348, port_type=0x1, name=0xfee1dead)
HLE: W PPU[1] Thread (CPUThread)[0x00cb06b8]sys_event warning: *** sys_event_port created: id = 36
HLE: W PPU[1] Thread (CPUThread)[0x00cb06d0]sys_event warning: sys_event_port_connect_local(eport_id=36, equeue_id=34)
HLE: W PPU[1] Thread (CPUThread)[0x01db513c]cellSpurs warning: cellSpursAttachLv2EventQueue(spurs_addr=0x32fff100, queue=0x22, port_addr=0xd0010740, isDynamic=0)
HLE: W PPU[1] Thread (CPUThread)[0x01b78010]cellSysmodule warning: cellSysmoduleLoadModule(CELL_SYSMODULE_SPURS_JQ)
HLE: W PPU[1] Thread (CPUThread)[0x01b78010]cellSysmodule warning: cellSysmoduleLoadModule(CELL_SYSMODULE_SPURS_JQ)
HLE: E PPU[1] Thread (CPUThread)[0x01db7028]TODO: cellSpursJobQueueAttributeInitialize
HLE: E PPU[1] Thread (CPUThread)[0x01db707c]TODO: cellSpursJobQueueAttributeSetGrabParameters
HLE: E PPU[1] Thread (CPUThread)[0x01db701c]TODO: cellSpursJobQueueAttributeSetMaxSizeJobDescriptor
HLE: E PPU[1] Thread (CPUThread)[0x01db7010]TODO: cellSpursJobQueueAttributeSetSubmitWithEntryLock
HLE: E PPU[1] Thread (CPUThread)[0x01db7004]TODO: cellSpursJobQueueAttributeSetDoBusyWaiting
HLE: E PPU[1] Thread (CPUThread)[0x01db70ac]TODO: cellSpursJobQueueAttributeSetIsHaltOnError
HLE: E PPU[1] Thread (CPUThread)[0x01db7034]TODO: cellSpursJobQueueAttributeSetIsJobTypeMemoryCheck
HLE: E PPU[1] Thread (CPUThread)[0x01db7094]TODO: _cellSpursCreateJobQueue
HLE: E PPU[1] Thread (CPUThread)[0x01db7088]TODO: cellSpursJobQueuePort2Create
HLE: W PPU[1] Thread (CPUThread)[0x01dc7058]sys_lwmutex warning: *** lwmutex created [] (attribute=0x22): sq_id = 37
HLE: W PPU[1] Thread (CPUThread)[0x01dc7058]sys_lwmutex warning: *** lwmutex created [] (attribute=0x22): sq_id = 38
HLE: W PPU[1] Thread (CPUThread)[0x00c08c2c]sys_mutex warning: *** mutex created [] (protocol=0x2, recursive=false): id = 39
HLE: W PPU[1] Thread (CPUThread)[0x00c08ca4]sys_cond warning: *** condition created [] (mutex_id=39): id = 40
HLE: W PPU[1] Thread (CPUThread)[0x00c08cc4]sys_cond warning: *** condition created [] (mutex_id=39): id = 41
PPU: ! PPU[1] Thread (CPUThread)[0x01dc7028]*** New PPU Thread [sgsfile-req-th] (flags=0x1, entry=0x1bfbe48): id = 42
HLE: E PPU[1] Thread (CPUThread)[0x00c0733c]Unknown syscall: 631 - 00000277
HLE: W PPU[1] Thread (CPUThread)[0x01b78010]cellSysmodule warning: cellSysmoduleLoadModule(CELL_SYSMODULE_SYSUTIL_GAME)
HLE: W PPU[1] Thread (CPUThread)[0x01b78010]cellSysmodule warning: cellSysmoduleLoadModule(CELL_SYSMODULE_FS)
HLE: W PPU[1] Thread (CPUThread)[0x01b7801c]cellSysmodule warning: cellSysmoduleIsLoaded(CELL_SYSMODULE_NETCTL)
HLE: W PPU[1] Thread (CPUThread)[0x01b78010]cellSysmodule warning: cellSysmoduleLoadModule(CELL_SYSMODULE_NETCTL)
HLE: E PPU[1] Thread (CPUThread)[0x01da9088]cellNetCtl error: Unimplemented function: cellNetCtlInit
HLE: W PPU[1] Thread (CPUThread)[0x01b7801c]cellSysmodule warning: cellSysmoduleIsLoaded(CELL_SYSMODULE_NET)
HLE: W PPU[1] Thread (CPUThread)[0x01b78010]cellSysmodule warning: cellSysmoduleLoadModule(CELL_SYSMODULE_NET)
HLE: W PPU[1] Thread (CPUThread)[0x01da7004]sys_net warning: sys_net_initialize_network_ex(param_addr=0xd00107d0)
HLE: W PPU[1] Thread (CPUThread)[0x01dc7058]sys_lwmutex warning: *** lwmutex created [] (attribute=0x22): sq_id = 43
PPU: ! PPU[1] Thread (CPUThread)[0x01dc7028]*** New PPU Thread [GameContentAccess] (flags=0x0, entry=0x1bb78b0): id = 44
TTY: CGameDataStorageInfo::thread_CallSubProc() : START : state=1, m_threadState=1
HLE: W PPU[44] Thread (GameContentAccess)[0x01dc5088]cellGame warning: cellGameBootCheck(type_addr=0x1cfc190, attributes_addr=0x1cfc194, size_addr=0x1cfc198, dirName_addr=0x1cfc8ce)
HLE: W PPU[44] Thread (GameContentAccess)[0x01dc504c]cellGame warning: cellGameGetParamInt(id=102, value_addr=0x1cfc1a4)
HLE: W PPU[44] Thread (GameContentAccess)[0x01dc504c]cellGame warning: cellGameGetParamInt(id=103, value_addr=0x1cfc1a8)
HLE: W PPU[44] Thread (GameContentAccess)[0x01dc504c]cellGame warning: cellGameGetParamInt(id=104, value_addr=0x1cfc1ac)
HLE: W PPU[44] Thread (GameContentAccess)[0x01dc5010]cellGame warning: cellGameGetParamString(id=100, buf_addr=0x1cfc7b0, bufsize=10)
HLE: W PPU[44] Thread (GameContentAccess)[0x01dc5010]cellGame warning: cellGameGetParamString(id=101, buf_addr=0x1cfc7ba, bufsize=6)
HLE: W PPU[44] Thread (GameContentAccess)[0x01dc5010]cellGame warning: cellGameGetParamString(id=106, buf_addr=0x1cfc7c0, bufsize=6)
HLE: W PPU[44] Thread (GameContentAccess)[0x01dc5010]cellGame warning: cellGameGetParamString(id=105, buf_addr=0x1cfc7c6, bufsize=8)
HLE: W PPU[44] Thread (GameContentAccess)[0x01dc5010]cellGame warning: cellGameGetParamString(id=0, buf_addr=0x1cfc1b0, bufsize=128)
HLE: W PPU[44] Thread (GameContentAccess)[0x01dc5010]cellGame warning: cellGameGetParamString(id=1, buf_addr=0x1cfc230, bufsize=128)
HLE: W PPU[44] Thread (GameContentAccess)[0x01dc5010]cellGame warning: cellGameGetParamString(id=2, buf_addr=0x1cfc2b0, bufsize=128)
HLE: W PPU[44] Thread (GameContentAccess)[0x01dc5010]cellGame warning: cellGameGetParamString(id=3, buf_addr=0x1cfc330, bufsize=128)
HLE: W PPU[44] Thread (GameContentAccess)[0x01dc5010]cellGame warning: cellGameGetParamString(id=4, buf_addr=0x1cfc3b0, bufsize=128)
HLE: W PPU[44] Thread (GameContentAccess)[0x01dc5010]cellGame warning: cellGameGetParamString(id=5, buf_addr=0x1cfc4b0, bufsize=128)
HLE: W PPU[44] Thread (GameContentAccess)[0x01dc5010]cellGame warning: cellGameGetParamString(id=6, buf_addr=0x1cfc430, bufsize=128)
HLE: W PPU[44] Thread (GameContentAccess)[0x01dc5010]cellGame warning: cellGameGetParamString(id=7, buf_addr=0x1cfc530, bufsize=128)
HLE: W PPU[44] Thread (GameContentAccess)[0x01dc5010]cellGame warning: cellGameGetParamString(id=8, buf_addr=0x1cfc5b0, bufsize=128)
HLE: W PPU[44] Thread (GameContentAccess)[0x01dc5010]cellGame warning: cellGameGetParamString(id=9, buf_addr=0x1cfc630, bufsize=128)
HLE: W PPU[44] Thread (GameContentAccess)[0x01dc5010]cellGame warning: cellGameGetParamString(id=10, buf_addr=0x1cfc6b0, bufsize=128)
HLE: W PPU[44] Thread (GameContentAccess)[0x01dc5010]cellGame warning: cellGameGetParamString(id=11, buf_addr=0x1cfc730, bufsize=128)
HLE: W PPU[44] Thread (GameContentAccess)[0x01dc5028]cellGame warning: cellGameContentPermit(contentInfoPath_addr=0x1cfc7ce, usrdirPath_addr=0x1cfc84e)
TTY: CGameDataStorageInfo::thread_CallSubProc() : START : state=2, m_threadState=2
HLE: W PPU[44] Thread (GameContentAccess)[0x01dc5070]cellGame warning: cellGameDataCheck(type=0x2, dirName_addr=0x1cfc7b0, size_addr=0x1cfd028)
HLE: W PPU[44] Thread (GameContentAccess)[0x01dc504c]cellGame warning: cellGameGetParamInt(id=102, value_addr=0x1cfd034)
HLE: W PPU[44] Thread (GameContentAccess)[0x01dc504c]cellGame warning: cellGameGetParamInt(id=103, value_addr=0x1cfd038)
HLE: W PPU[44] Thread (GameContentAccess)[0x01dc504c]cellGame warning: cellGameGetParamInt(id=104, value_addr=0x1cfd03c)
HLE: W PPU[44] Thread (GameContentAccess)[0x01dc5010]cellGame warning: cellGameGetParamString(id=100, buf_addr=0x1cfd640, bufsize=10)
HLE: W PPU[44] Thread (GameContentAccess)[0x01dc5010]cellGame warning: cellGameGetParamString(id=101, buf_addr=0x1cfd64a, bufsize=6)
HLE: W PPU[44] Thread (GameContentAccess)[0x01dc5010]cellGame warning: cellGameGetParamString(id=106, buf_addr=0x1cfd650, bufsize=6)
HLE: W PPU[44] Thread (GameContentAccess)[0x01dc5010]cellGame warning: cellGameGetParamString(id=105, buf_addr=0x1cfd656, bufsize=8)
HLE: W PPU[44] Thread (GameContentAccess)[0x01dc5010]cellGame warning: cellGameGetParamString(id=0, buf_addr=0x1cfd040, bufsize=128)
HLE: W PPU[44] Thread (GameContentAccess)[0x01dc5010]cellGame warning: cellGameGetParamString(id=1, buf_addr=0x1cfd0c0, bufsize=128)
HLE: W PPU[44] Thread (GameContentAccess)[0x01dc5010]cellGame warning: cellGameGetParamString(id=2, buf_addr=0x1cfd140, bufsize=128)
HLE: W PPU[44] Thread (GameContentAccess)[0x01dc5010]cellGame warning: cellGameGetParamString(id=3, buf_addr=0x1cfd1c0, bufsize=128)
HLE: W PPU[44] Thread (GameContentAccess)[0x01dc5010]cellGame warning: cellGameGetParamString(id=4, buf_addr=0x1cfd240, bufsize=128)
HLE: W PPU[44] Thread (GameContentAccess)[0x01dc5010]cellGame warning: cellGameGetParamString(id=5, buf_addr=0x1cfd340, bufsize=128)
HLE: W PPU[44] Thread (GameContentAccess)[0x01dc5010]cellGame warning: cellGameGetParamString(id=6, buf_addr=0x1cfd2c0, bufsize=128)
HLE: W PPU[44] Thread (GameContentAccess)[0x01dc5010]cellGame warning: cellGameGetParamString(id=7, buf_addr=0x1cfd3c0, bufsize=128)
HLE: W PPU[44] Thread (GameContentAccess)[0x01dc5010]cellGame warning: cellGameGetParamString(id=8, buf_addr=0x1cfd440, bufsize=128)
HLE: W PPU[44] Thread (GameContentAccess)[0x01dc5010]cellGame warning: cellGameGetParamString(id=9, buf_addr=0x1cfd4c0, bufsize=128)
HLE: W PPU[44] Thread (GameContentAccess)[0x01dc5010]cellGame warning: cellGameGetParamString(id=10, buf_addr=0x1cfd540, bufsize=128)
HLE: W PPU[44] Thread (GameContentAccess)[0x01dc5010]cellGame warning: cellGameGetParamString(id=11, buf_addr=0x1cfd5c0, bufsize=128)
HLE: E PPU[44] Thread (GameContentAccess)[0x01dc507c]cellGame error: Unimplemented function: cellGameGetSizeKB
HLE: W PPU[44] Thread (GameContentAccess)[0x01dc5028]cellGame warning: cellGameContentPermit(contentInfoPath_addr=0xd0040aa8, usrdirPath_addr=0xd00409a8)
HLE: W PPU[44] Thread (GameContentAccess)[0x01dad040]"/dev_hdd0/game/NPEB01158/USRDIR/hd01.adat" opened: fd = 45
HLE: W PPU[44] Thread (GameContentAccess)[0x01dad010]sys_fs warning: cellFsClose(fd=45)
HLE: W PPU[44] Thread (GameContentAccess)[0x01dad040]"/dev_hdd0/game/NPEB01158/USRDIR/hs02.adat.sdat" opened: fd = 46
HLE: W PPU[44] Thread (GameContentAccess)[0x01dad010]sys_fs warning: cellFsClose(fd=46)
HLE: W PPU[44] Thread (GameContentAccess)[0x01dad040]"/dev_hdd0/game/NPEB01158/USRDIR/hd05_en.adat" opened: fd = 47
HLE: W PPU[44] Thread (GameContentAccess)[0x01dad010]sys_fs warning: cellFsClose(fd=47)
HLE: W PPU[44] Thread (GameContentAccess)[0x01dad040]"/dev_hdd0/game/NPEB01158/USRDIR/hs06_en.adat.sdat" opened: fd = 48
HLE: W PPU[44] Thread (GameContentAccess)[0x01dad010]sys_fs warning: cellFsClose(fd=48)
HLE: W PPU[44] Thread (GameContentAccess)[0x01dad040]"/dev_hdd0/game/NPEB01158/USRDIR/bd03.adat" opened: fd = 49
HLE: W PPU[44] Thread (GameContentAccess)[0x01dad010]sys_fs warning: cellFsClose(fd=49)
HLE: W PPU[44] Thread (GameContentAccess)[0x01dad040]"/dev_hdd0/game/NPEB01158/USRDIR/bs04.adat.sdat" opened: fd = 50
HLE: W PPU[44] Thread (GameContentAccess)[0x01dad010]sys_fs warning: cellFsClose(fd=50)
TTY: CGameDataStorageInfo::thread_CallSubProc() : START : state=2, m_threadState=2
HLE: W PPU[44] Thread (GameContentAccess)[0x01dc5070]cellGame warning: cellGameDataCheck(type=0x2, dirName_addr=0x1cfc7b0, size_addr=0x1cfd028)
HLE: W PPU[44] Thread (GameContentAccess)[0x01dc504c]cellGame warning: cellGameGetParamInt(id=102, value_addr=0x1cfd034)
HLE: W PPU[44] Thread (GameContentAccess)[0x01dc504c]cellGame warning: cellGameGetParamInt(id=103, value_addr=0x1cfd038)
HLE: W PPU[44] Thread (GameContentAccess)[0x01dc504c]cellGame warning: cellGameGetParamInt(id=104, value_addr=0x1cfd03c)
HLE: W PPU[44] Thread (GameContentAccess)[0x01dc5010]cellGame warning: cellGameGetParamString(id=100, buf_addr=0x1cfd640, bufsize=10)
HLE: W PPU[44] Thread (GameContentAccess)[0x01dc5010]cellGame warning: cellGameGetParamString(id=101, buf_addr=0x1cfd64a, bufsize=6)
HLE: W PPU[44] Thread (GameContentAccess)[0x01dc5010]cellGame warning: cellGameGetParamString(id=106, buf_addr=0x1cfd650, bufsize=6)
HLE: W PPU[44] Thread (GameContentAccess)[0x01dc5010]cellGame warning: cellGameGetParamString(id=105, buf_addr=0x1cfd656, bufsize=8)
HLE: W PPU[44] Thread (GameContentAccess)[0x01dc5010]cellGame warning: cellGameGetParamString(id=0, buf_addr=0x1cfd040, bufsize=128)
HLE: W PPU[44] Thread (GameContentAccess)[0x01dc5010]cellGame warning: cellGameGetParamString(id=1, buf_addr=0x1cfd0c0, bufsize=128)
HLE: W PPU[44] Thread (GameContentAccess)[0x01dc5010]cellGame warning: cellGameGetParamString(id=2, buf_addr=0x1cfd140, bufsize=128)
HLE: W PPU[44] Thread (GameContentAccess)[0x01dc5010]cellGame warning: cellGameGetParamString(id=3, buf_addr=0x1cfd1c0, bufsize=128)
HLE: W PPU[44] Thread (GameContentAccess)[0x01dc5010]cellGame warning: cellGameGetParamString(id=4, buf_addr=0x1cfd240, bufsize=128)
HLE: W PPU[44] Thread (GameContentAccess)[0x01dc5010]cellGame warning: cellGameGetParamString(id=5, buf_addr=0x1cfd340, bufsize=128)
HLE: W PPU[44] Thread (GameContentAccess)[0x01dc5010]cellGame warning: cellGameGetParamString(id=6, buf_addr=0x1cfd2c0, bufsize=128)
HLE: W PPU[44] Thread (GameContentAccess)[0x01dc5010]cellGame warning: cellGameGetParamString(id=7, buf_addr=0x1cfd3c0, bufsize=128)
HLE: W PPU[44] Thread (GameContentAccess)[0x01dc5010]cellGame warning: cellGameGetParamString(id=8, buf_addr=0x1cfd440, bufsize=128)
HLE: W PPU[44] Thread (GameContentAccess)[0x01dc5010]cellGame warning: cellGameGetParamString(id=9, buf_addr=0x1cfd4c0, bufsize=128)
HLE: W PPU[44] Thread (GameContentAccess)[0x01dc5010]cellGame warning: cellGameGetParamString(id=10, buf_addr=0x1cfd540, bufsize=128)
HLE: W PPU[44] Thread (GameContentAccess)[0x01dc5010]cellGame warning: cellGameGetParamString(id=11, buf_addr=0x1cfd5c0, bufsize=128)
HLE: E PPU[44] Thread (GameContentAccess)[0x01dc507c]cellGame error: Unimplemented function: cellGameGetSizeKB
HLE: W PPU[44] Thread (GameContentAccess)[0x01dc5028]cellGame warning: cellGameContentPermit(contentInfoPath_addr=0xd0040928, usrdirPath_addr=0xd0040b28)
TTY: CGameDataStorageInfo::thread_CallSubProc() : START : state=6, m_threadState=6
HLE: W PPU[44] Thread (GameContentAccess)[0x01dc5070]cellGame warning: cellGameDataCheck(type=0x2, dirName_addr=0x1cfc7b0, size_addr=0x1cfc8f0)
HLE: W PPU[44] Thread (GameContentAccess)[0x01dc504c]cellGame warning: cellGameGetParamInt(id=102, value_addr=0x1cfc8fc)
HLE: W PPU[44] Thread (GameContentAccess)[0x01dc504c]cellGame warning: cellGameGetParamInt(id=103, value_addr=0x1cfc900)
HLE: W PPU[44] Thread (GameContentAccess)[0x01dc504c]cellGame warning: cellGameGetParamInt(id=104, value_addr=0x1cfc904)
HLE: W PPU[44] Thread (GameContentAccess)[0x01dc5010]cellGame warning: cellGameGetParamString(id=100, buf_addr=0x1cfcf08, bufsize=10)
HLE: W PPU[44] Thread (GameContentAccess)[0x01dc5010]cellGame warning: cellGameGetParamString(id=101, buf_addr=0x1cfcf12, bufsize=6)
HLE: W PPU[44] Thread (GameContentAccess)[0x01dc5010]cellGame warning: cellGameGetParamString(id=106, buf_addr=0x1cfcf18, bufsize=6)
HLE: W PPU[44] Thread (GameContentAccess)[0x01dc5010]cellGame warning: cellGameGetParamString(id=105, buf_addr=0x1cfcf1e, bufsize=8)
HLE: W PPU[44] Thread (GameContentAccess)[0x01dc5010]cellGame warning: cellGameGetParamString(id=0, buf_addr=0x1cfc908, bufsize=128)
HLE: W PPU[44] Thread (GameContentAccess)[0x01dc5010]cellGame warning: cellGameGetParamString(id=1, buf_addr=0x1cfc988, bufsize=128)
HLE: W PPU[44] Thread (GameContentAccess)[0x01dc5010]cellGame warning: cellGameGetParamString(id=2, buf_addr=0x1cfca08, bufsize=128)
HLE: W PPU[44] Thread (GameContentAccess)[0x01dc5010]cellGame warning: cellGameGetParamString(id=3, buf_addr=0x1cfca88, bufsize=128)
HLE: W PPU[44] Thread (GameContentAccess)[0x01dc5010]cellGame warning: cellGameGetParamString(id=4, buf_addr=0x1cfcb08, bufsize=128)
HLE: W PPU[44] Thread (GameContentAccess)[0x01dc5010]cellGame warning: cellGameGetParamString(id=5, buf_addr=0x1cfcc08, bufsize=128)
HLE: W PPU[44] Thread (GameContentAccess)[0x01dc5010]cellGame warning: cellGameGetParamString(id=6, buf_addr=0x1cfcb88, bufsize=128)
HLE: W PPU[44] Thread (GameContentAccess)[0x01dc5010]cellGame warning: cellGameGetParamString(id=7, buf_addr=0x1cfcc88, bufsize=128)
HLE: W PPU[44] Thread (GameContentAccess)[0x01dc5010]cellGame warning: cellGameGetParamString(id=8, buf_addr=0x1cfcd08, bufsize=128)
HLE: W PPU[44] Thread (GameContentAccess)[0x01dc5010]cellGame warning: cellGameGetParamString(id=9, buf_addr=0x1cfcd88, bufsize=128)
HLE: W PPU[44] Thread (GameContentAccess)[0x01dc5010]cellGame warning: cellGameGetParamString(id=10, buf_addr=0x1cfce08, bufsize=128)
HLE: W PPU[44] Thread (GameContentAccess)[0x01dc5010]cellGame warning: cellGameGetParamString(id=11, buf_addr=0x1cfce88, bufsize=128)
HLE: W PPU[44] Thread (GameContentAccess)[0x01dc5028]cellGame warning: cellGameContentPermit(contentInfoPath_addr=0x1cfcf26, usrdirPath_addr=0x1cfcfa6)
HLE: W PPU[1] Thread (CPUThread)[0x01dad088]sys_fs warning: cellFsSdataOpen(path="/dev_bdvd/PS3_GAME/USRDIR/data/vinfo.sdat", flags=0x0, fd_addr=0xd000f5b8, arg_addr=0x0, size=0x0) -> cellFsOpen()
HLE: E PPU[1] Thread (CPUThread)[0x01dad088]sys_fs error: "/dev_bdvd/PS3_GAME/USRDIR/data/vinfo.sdat" not found! flags: 0x00000000
HLE: W PPU[1] Thread (CPUThread)[0x01dad088]sys_fs warning: cellFsSdataOpen(path="/dev_hdd0/game/NPEB01158/USRDIR/data/vinfo.sdat", flags=0x0, fd_addr=0xd000f5b4, arg_addr=0x0, size=0x0) -> cellFsOpen()
HLE: W PPU[1] Thread (CPUThread)[0x01dad088]"/dev_hdd0/game/NPEB01158/USRDIR/data/vinfo.sdat" opened: fd = 51
HLE: W PPU[1] Thread (CPUThread)[0x01dc7058]sys_lwmutex warning: *** lwmutex created [FIOSALL] (attribute=0x21): sq_id = 52
HLE: W PPU[1] Thread (CPUThread)[0x01b78010]cellSysmodule warning: cellSysmoduleLoadModule(CELL_SYSMODULE_IO)
HLE: W PPU[1] Thread (CPUThread)[0x01b78010]cellSysmodule warning: cellSysmoduleLoadModule(CELL_SYSMODULE_FS)
HLE: W PPU[1] Thread (CPUThread)[0x01dc7058]sys_lwmutex warning: *** lwmutex created [opWait] (attribute=0x12): sq_id = 53
HLE: W PPU[1] Thread (CPUThread)[0x01dc7190]sys_lwcond warning: Recursive lwmutex(sq=53)
HLE: W PPU[1] Thread (CPUThread)[0x01dc7190]sys_lwcond warning: *** lwcond created [opWait] (lwmutex_addr=0x30306430): id = 54
HLE: W PPU[1] Thread (CPUThread)[0x01dc7058]sys_lwmutex warning: *** lwmutex created [s_media] (attribute=0x12): sq_id = 55
TTY: FIOS 1.3.5 initialized
HLE: W PPU[1] Thread (CPUThread)[0x01dc7058]sys_lwmutex warning: *** lwmutex created [media.m] (attribute=0x12): sq_id = 56
HLE: W PPU[1] Thread (CPUThread)[0x01dc7058]sys_lwmutex warning: *** lwmutex created [ps3medi] (attribute=0x12): sq_id = 57
HLE: W PPU[1] Thread (CPUThread)[0x00c3ec64]sys_rwlock warning: sys_rwlock_create(rw_lock_id_addr=0x303065ac, attr_addr=0xd000f110)
HLE: W PPU[1] Thread (CPUThread)[0x00c3ec64]sys_rwlock warning: TODO: SYS_SYNC_PRIORITY attr
HLE: W PPU[1] Thread (CPUThread)[0x00c3ec64]sys_rwlock warning: *** rwlock created [] (protocol=0x2): id = 58
HLE: W PPU[1] Thread (CPUThread)[0x01dc7058]sys_lwmutex warning: *** lwmutex created [media.m] (attribute=0x12): sq_id = 59
HLE: W PPU[1] Thread (CPUThread)[0x01dc7190]sys_lwcond warning: Recursive lwmutex(sq=59)
HLE: W PPU[1] Thread (CPUThread)[0x01dc7190]sys_lwcond warning: *** lwcond created [media.m] (lwmutex_addr=0x303065c8): id = 60
HLE: W PPU[1] Thread (CPUThread)[0x00c3ec64]sys_rwlock warning: sys_rwlock_create(rw_lock_id_addr=0x3030696c, attr_addr=0xd000f110)
HLE: W PPU[1] Thread (CPUThread)[0x00c3ec64]sys_rwlock warning: TODO: SYS_SYNC_PRIORITY attr
HLE: W PPU[1] Thread (CPUThread)[0x00c3ec64]sys_rwlock warning: *** rwlock created [] (protocol=0x2): id = 61
HLE: W PPU[1] Thread (CPUThread)[0x01dc7058]sys_lwmutex warning: *** lwmutex created [media.m] (attribute=0x12): sq_id = 62
HLE: W PPU[1] Thread (CPUThread)[0x01dc7058]sys_lwmutex warning: *** lwmutex created [ps3medi] (attribute=0x12): sq_id = 63
HLE: W PPU[1] Thread (CPUThread)[0x00c3ec64]sys_rwlock warning: sys_rwlock_create(rw_lock_id_addr=0x30306a6c, attr_addr=0xd000f110)
HLE: W PPU[1] Thread (CPUThread)[0x00c3ec64]sys_rwlock warning: TODO: SYS_SYNC_PRIORITY attr
HLE: W PPU[1] Thread (CPUThread)[0x00c3ec64]sys_rwlock warning: *** rwlock created [] (protocol=0x2): id = 64
HLE: W PPU[1] Thread (CPUThread)[0x01dc7058]sys_lwmutex warning: *** lwmutex created [media.m] (attribute=0x12): sq_id = 65
HLE: W PPU[1] Thread (CPUThread)[0x01dc7190]sys_lwcond warning: Recursive lwmutex(sq=65)
HLE: W PPU[1] Thread (CPUThread)[0x01dc7190]sys_lwcond warning: *** lwcond created [media.m] (lwmutex_addr=0x30306a88): id = 66
HLE: W PPU[1] Thread (CPUThread)[0x01dc7058]sys_lwmutex warning: *** lwmutex created [media.m] (attribute=0x12): sq_id = 67
HLE: W PPU[1] Thread (CPUThread)[0x00c3ec64]sys_rwlock warning: sys_rwlock_create(rw_lock_id_addr=0x30306ec4, attr_addr=0xd000f100)
HLE: W PPU[1] Thread (CPUThread)[0x00c3ec64]sys_rwlock warning: TODO: SYS_SYNC_PRIORITY attr
HLE: W PPU[1] Thread (CPUThread)[0x00c3ec64]sys_rwlock warning: *** rwlock created [] (protocol=0x2): id = 68
HLE: W PPU[1] Thread (CPUThread)[0x00c3ec64]sys_rwlock warning: sys_rwlock_create(rw_lock_id_addr=0x3030775c, attr_addr=0xd000f100)
HLE: W PPU[1] Thread (CPUThread)[0x00c3ec64]sys_rwlock warning: TODO: SYS_SYNC_PRIORITY attr
HLE: W PPU[1] Thread (CPUThread)[0x00c3ec64]sys_rwlock warning: *** rwlock created [] (protocol=0x2): id = 69
HLE: W PPU[1] Thread (CPUThread)[0x01dc7058]sys_lwmutex warning: *** lwmutex created [media.m] (attribute=0x12): sq_id = 70
HLE: W PPU[1] Thread (CPUThread)[0x00c3ec64]sys_rwlock warning: sys_rwlock_create(rw_lock_id_addr=0x303079c4, attr_addr=0xd000f080)
HLE: W PPU[1] Thread (CPUThread)[0x00c3ec64]sys_rwlock warning: TODO: SYS_SYNC_PRIORITY attr
HLE: W PPU[1] Thread (CPUThread)[0x00c3ec64]sys_rwlock warning: *** rwlock created [] (protocol=0x2): id = 71
HLE: W PPU[1] Thread (CPUThread)[0x01dc7058]sys_lwmutex warning: *** lwmutex created [cache_f] (attribute=0x12): sq_id = 72
HLE: E PPU[1] Thread (CPUThread)[0x01db501c]cellSpurs error: Unimplemented function: _cellSpursTasksetAttributeInitialize
HLE: E PPU[1] Thread (CPUThread)[0x01db50a0]cellSpurs error: Unimplemented function: cellSpursTasksetAttributeSetName
HLE: E PPU[1] Thread (CPUThread)[0x01db5154]cellSpurs error: Unimplemented function: cellSpursCreateTasksetWithAttribute
HLE: W PPU[1] Thread (CPUThread)[0x01db5094]cellSpurs warning: _cellSpursEventFlagInitialize(spurs_addr=0x32fff100, taskset_addr=0x0, eventFlag_addr=0x33026880, flagClearMode=0, flagDirection=1)
HLE: E PPU[1] Thread (CPUThread)[0x01db50dc]cellSpurs error: cellSpursEventFlagAttachLv2EventQueue(eventFlag_addr=0x33026880)
HLE: E PPU[1] Thread (CPUThread)[0x01db5004]cellSpurs error: Unimplemented function: _cellSpursLFQueueInitialize
HLE: E PPU[1] Thread (CPUThread)[0x01db5028]cellSpurs error: Unimplemented function: cellSpursLFQueueAttachLv2EventQueue
HLE: E PPU[1] Thread (CPUThread)[0x01db5148]cellSpurs error: cellSpursCreateTask(taskset_addr=0x33024f80, taskID_addr=0xd000f160, elf_addr_addr=0x19e1180, context_addr_addr=0x33023f80, context_size=3072, lsPattern_addr=0x1938120, argument_addr=0xd000f168)
HLE: W PPU[1] Thread (CPUThread)[0x01dc7058]sys_lwmutex warning: *** lwmutex created [media.m] (attribute=0x12): sq_id = 73
HLE: W PPU[1] Thread (CPUThread)[0x00c3ec64]sys_rwlock warning: sys_rwlock_create(rw_lock_id_addr=0x304080b4, attr_addr=0xd000f0e0)
HLE: W PPU[1] Thread (CPUThread)[0x00c3ec64]sys_rwlock warning: TODO: SYS_SYNC_PRIORITY attr
HLE: W PPU[1] Thread (CPUThread)[0x00c3ec64]sys_rwlock warning: *** rwlock created [] (protocol=0x2): id = 74
HLE: W PPU[1] Thread (CPUThread)[0x01dc7058]sys_lwmutex warning: *** lwmutex created [dearchi] (attribute=0x12): sq_id = 75
HLE: W PPU[1] Thread (CPUThread)[0x01dc7058]sys_lwmutex warning: *** lwmutex created [dearchi] (attribute=0x12): sq_id = 76
HLE: W PPU[1] Thread (CPUThread)[0x01dc7058]sys_lwmutex warning: *** lwmutex created [dearchi] (attribute=0x12): sq_id = 77
HLE: W PPU[1] Thread (CPUThread)[0x01dc7058]sys_lwmutex warning: *** lwmutex created [dearchi] (attribute=0x12): sq_id = 78
HLE: W PPU[1] Thread (CPUThread)[0x01dc7190]sys_lwcond warning: Recursive lwmutex(sq=78)
HLE: W PPU[1] Thread (CPUThread)[0x01dc7190]sys_lwcond warning: *** lwcond created [dearchi] (lwmutex_addr=0x304081b8): id = 79
HLE: W PPU[1] Thread (CPUThread)[0x01dc7058]sys_lwmutex warning: *** lwmutex created [dearchi] (attribute=0x12): sq_id = 80
HLE: W PPU[1] Thread (CPUThread)[0x01dc7058]sys_lwmutex warning: *** lwmutex created [schedul] (attribute=0x12): sq_id = 81
HLE: W PPU[1] Thread (CPUThread)[0x01dc7058]sys_lwmutex warning: *** lwmutex created [schedul] (attribute=0x12): sq_id = 82
HLE: W PPU[1] Thread (CPUThread)[0x00c3ec64]sys_rwlock warning: sys_rwlock_create(rw_lock_id_addr=0x30408b8c, attr_addr=0xd000f000)
HLE: W PPU[1] Thread (CPUThread)[0x00c3ec64]sys_rwlock warning: TODO: SYS_SYNC_PRIORITY attr
HLE: W PPU[1] Thread (CPUThread)[0x00c3ec64]sys_rwlock warning: *** rwlock created [] (protocol=0x2): id = 83
HLE: W PPU[1] Thread (CPUThread)[0x01dc7058]sys_lwmutex warning: *** lwmutex created [schedul] (attribute=0x12): sq_id = 84
HLE: W PPU[1] Thread (CPUThread)[0x01dc7058]sys_lwmutex warning: *** lwmutex created [schedul] (attribute=0x12): sq_id = 85
HLE: W PPU[1] Thread (CPUThread)[0x01dc7190]sys_lwcond warning: Recursive lwmutex(sq=85)
HLE: W PPU[1] Thread (CPUThread)[0x01dc7190]sys_lwcond warning: *** lwcond created [schedul] (lwmutex_addr=0x30408c10): id = 86
HLE: W PPU[1] Thread (CPUThread)[0x01dc7190]sys_lwcond warning: Recursive lwmutex(sq=85)
HLE: W PPU[1] Thread (CPUThread)[0x01dc7190]sys_lwcond warning: *** lwcond created [schedul] (lwmutex_addr=0x30408c10): id = 87
HLE: W PPU[1] Thread (CPUThread)[0x01dc7058]sys_lwmutex warning: *** lwmutex created [schedul] (attribute=0x12): sq_id = 88
HLE: W PPU[1] Thread (CPUThread)[0x01dc7058]sys_lwmutex warning: *** lwmutex created [schedul] (attribute=0x12): sq_id = 89
HLE: W PPU[1] Thread (CPUThread)[0x01dc7190]sys_lwcond warning: Recursive lwmutex(sq=89)
HLE: W PPU[1] Thread (CPUThread)[0x01dc7190]sys_lwcond warning: *** lwcond created [fios wo] (lwmutex_addr=0x30408cb8): id = 90
HLE: W PPU[1] Thread (CPUThread)[0x01dc7190]sys_lwcond warning: Recursive lwmutex(sq=89)
HLE: W PPU[1] Thread (CPUThread)[0x01dc7190]sys_lwcond warning: *** lwcond created [fios wo] (lwmutex_addr=0x30408cb8): id = 91
HLE: W PPU[1] Thread (CPUThread)[0x01dc7190]sys_lwcond warning: Recursive lwmutex(sq=89)
HLE: W PPU[1] Thread (CPUThread)[0x01dc7190]sys_lwcond warning: *** lwcond created [fios wo] (lwmutex_addr=0x30408cb8): id = 92
PPU: ! PPU[1] Thread (CPUThread)[0x01dc7028]*** New PPU Thread [fios mediathread 2] (flags=0x1, entry=0x1bfd0b8): id = 93
PPU: ! PPU[1] Thread (CPUThread)[0x01dc7028]*** New PPU Thread [fios mediathread 3] (flags=0x1, entry=0x1bfd0b8): id = 94
PPU: ! PPU[1] Thread (CPUThread)[0x01dc7028]*** New PPU Thread [fios mediathread 4] (flags=0x1, entry=0x1bfd0b8): id = 95
PPU: ! PPU[1] Thread (CPUThread)[0x01dc7028]*** New PPU Thread [fios scheduler 1] (flags=0x1, entry=0x1bfd0b8): id = 96
HLE: W PPU[93] Thread (fios mediathread 2)[0x01dad04c]sys_fs warning: cellFsStat: "/dev_hdd0/game/NPEB01158/USRDIR/HDD_GAMEDATA/data/pinfo.sdat" not found.
HLE: W PPU[93] Thread (fios mediathread 2)[0x01dad088]sys_fs warning: cellFsSdataOpen(path="/dev_hdd0/game/NPEB01158/USRDIR/data/pinfo.sdat", flags=0x0, fd_addr=0xd004f914, arg_addr=0x0, size=0x0) -> cellFsOpen()
HLE: E PPU[93] Thread (fios mediathread 2)[0x01dad088]sys_fs error: "/dev_hdd0/game/NPEB01158/USRDIR/data/pinfo.sdat" not found! flags: 0x00000000
HLE: W PPU[93] Thread (fios mediathread 2)[0x01dad04c]sys_fs warning: cellFsStat: "/dev_hdd0/game/NPEB01158/USRDIR/HDD_GAMEDATA/bs04.adat.sdat" not found.
HLE: W PPU[93] Thread (fios mediathread 2)[0x01dad088]sys_fs warning: cellFsSdataOpen(path="/dev_hdd0/game/NPEB01158/USRDIR/bs04.adat.sdat", flags=0x0, fd_addr=0xd004fda4, arg_addr=0x0, size=0x0) -> cellFsOpen()
HLE: W PPU[93] Thread (fios mediathread 2)[0x01dad088]"/dev_hdd0/game/NPEB01158/USRDIR/bs04.adat.sdat" opened: fd = 97
HLE: W PPU[93] Thread (fios mediathread 2)[0x01dad010]sys_fs warning: cellFsClose(fd=97)
HLE: W PPU[93] Thread (fios mediathread 2)[0x01dad04c]sys_fs warning: cellFsStat: "/dev_hdd0/game/NPEB01158/USRDIR/BD/bs04.adat.sdat" not found.
HLE: W PPU[93] Thread (fios mediathread 2)[0x01dad088]sys_fs warning: cellFsSdataOpen(path="/dev_hdd0/game/NPEB01158/USRDIR/BD/bs04.adat.sdat", flags=0x0, fd_addr=0xd004fda4, arg_addr=0x0, size=0x0) -> cellFsOpen()
HLE: E PPU[93] Thread (fios mediathread 2)[0x01dad088]sys_fs error: "/dev_hdd0/game/NPEB01158/USRDIR/BD/bs04.adat.sdat" not found! flags: 0x00000000
HLE: W PPU[93] Thread (fios mediathread 2)[0x01dad04c]sys_fs warning: cellFsStat: "/dev_hdd0/game/NPEB01158/USRDIR/HDD_GAMEDATA/bd03.adat" not found.
HLE: W PPU[93] Thread (fios mediathread 2)[0x01dad040]"/dev_hdd0/game/NPEB01158/USRDIR/bd03.adat" opened: fd = 98
HLE: W PPU[93] Thread (fios mediathread 2)[0x01dad04c]sys_fs warning: cellFsStat: "/dev_hdd0/game/NPEB01158/USRDIR/HDD_GAMEDATA/bd03.adat" not found.
HLE: W PPU[93] Thread (fios mediathread 2)[0x00d81800]cellSysutil warning: cellSysutilGetSystemParamInt: CELL_SYSUTIL_SYSTEMPARAM_ID_TIMEZONE
HLE: W PPU[93] Thread (fios mediathread 2)[0x00d81800]cellSysutil warning: cellSysutilGetSystemParamInt: CELL_SYSUTIL_SYSTEMPARAM_ID_SUMMERTIME
HLE: W PPU[93] Thread (fios mediathread 2)[0x00d83e28]cellSysutil warning: cellSysutilGetSystemParamInt: CELL_SYSUTIL_SYSTEMPARAM_ID_TIMEZONE
HLE: W PPU[93] Thread (fios mediathread 2)[0x00d83e28]cellSysutil warning: cellSysutilGetSystemParamInt: CELL_SYSUTIL_SYSTEMPARAM_ID_SUMMERTIME
HLE: W PPU[93] Thread (fios mediathread 2)[0x00d81800]cellSysutil warning: cellSysutilGetSystemParamInt: CELL_SYSUTIL_SYSTEMPARAM_ID_TIMEZONE
HLE: W PPU[93] Thread (fios mediathread 2)[0x00d81800]cellSysutil warning: cellSysutilGetSystemParamInt: CELL_SYSUTIL_SYSTEMPARAM_ID_SUMMERTIME
HLE: W PPU[93] Thread (fios mediathread 2)[0x00d83e28]cellSysutil warning: cellSysutilGetSystemParamInt: CELL_SYSUTIL_SYSTEMPARAM_ID_TIMEZONE
HLE: W PPU[93] Thread (fios mediathread 2)[0x00d83e28]cellSysutil warning: cellSysutilGetSystemParamInt: CELL_SYSUTIL_SYSTEMPARAM_ID_SUMMERTIME
HLE: W PPU[93] Thread (fios mediathread 2)[0x00d81800]cellSysutil warning: cellSysutilGetSystemParamInt: CELL_SYSUTIL_SYSTEMPARAM_ID_TIMEZONE
HLE: W PPU[93] Thread (fios mediathread 2)[0x00d81800]cellSysutil warning: cellSysutilGetSystemParamInt: CELL_SYSUTIL_SYSTEMPARAM_ID_SUMMERTIME
HLE: W PPU[93] Thread (fios mediathread 2)[0x00d83e28]cellSysutil warning: cellSysutilGetSystemParamInt: CELL_SYSUTIL_SYSTEMPARAM_ID_TIMEZONE
HLE: W PPU[93] Thread (fios mediathread 2)[0x00d83e28]cellSysutil warning: cellSysutilGetSystemParamInt: CELL_SYSUTIL_SYSTEMPARAM_ID_SUMMERTIME
HLE: W PPU[93] Thread (fios mediathread 2)[0x01dad04c]sys_fs warning: cellFsStat: "/dev_hdd0/game/NPEB01158/USRDIR/HDD_GAMEDATA/hs06_en.adat.sdat" not found.
HLE: W PPU[93] Thread (fios mediathread 2)[0x01dad088]sys_fs warning: cellFsSdataOpen(path="/dev_hdd0/game/NPEB01158/USRDIR/hs06_en.adat.sdat", flags=0x0, fd_addr=0xd004fda4, arg_addr=0x0, size=0x0) -> cellFsOpen()
HLE: W PPU[93] Thread (fios mediathread 2)[0x01dad088]"/dev_hdd0/game/NPEB01158/USRDIR/hs06_en.adat.sdat" opened: fd = 99
HLE: W PPU[93] Thread (fios mediathread 2)[0x01dad010]sys_fs warning: cellFsClose(fd=99)
HLE: W PPU[93] Thread (fios mediathread 2)[0x01dad04c]sys_fs warning: cellFsStat: "/dev_hdd0/game/NPEB01158/USRDIR/HDD_GAMEDATA/hs06_en.adat.sdat" not found.
HLE: W PPU[93] Thread (fios mediathread 2)[0x01dad088]sys_fs warning: cellFsSdataOpen(path="/dev_hdd0/game/NPEB01158/USRDIR/hs06_en.adat.sdat", flags=0x0, fd_addr=0xd004fda4, arg_addr=0x0, size=0x0) -> cellFsOpen()
HLE: W PPU[93] Thread (fios mediathread 2)[0x01dad088]"/dev_hdd0/game/NPEB01158/USRDIR/hs06_en.adat.sdat" opened: fd = 100
HLE: W PPU[93] Thread (fios mediathread 2)[0x01dad010]sys_fs warning: cellFsClose(fd=100)
HLE: W PPU[93] Thread (fios mediathread 2)[0x01dad04c]sys_fs warning: cellFsStat: "/dev_hdd0/game/NPEB01158/USRDIR/HDD_GAMEDATA/hd05_en.adat" not found.
HLE: W PPU[93] Thread (fios mediathread 2)[0x01dad040]"/dev_hdd0/game/NPEB01158/USRDIR/hd05_en.adat" opened: fd = 101
HLE: W PPU[93] Thread (fios mediathread 2)[0x01dad04c]sys_fs warning: cellFsStat: "/dev_hdd0/game/NPEB01158/USRDIR/HDD_GAMEDATA/hd05_en.adat" not found.
HLE: W PPU[93] Thread (fios mediathread 2)[0x00d81800]cellSysutil warning: cellSysutilGetSystemParamInt: CELL_SYSUTIL_SYSTEMPARAM_ID_TIMEZONE
HLE: W PPU[93] Thread (fios mediathread 2)[0x00d81800]cellSysutil warning: cellSysutilGetSystemParamInt: CELL_SYSUTIL_SYSTEMPARAM_ID_SUMMERTIME
HLE: W PPU[93] Thread (fios mediathread 2)[0x00d83e28]cellSysutil warning: cellSysutilGetSystemParamInt: CELL_SYSUTIL_SYSTEMPARAM_ID_TIMEZONE
HLE: W PPU[93] Thread (fios mediathread 2)[0x00d83e28]cellSysutil warning: cellSysutilGetSystemParamInt: CELL_SYSUTIL_SYSTEMPARAM_ID_SUMMERTIME
HLE: W PPU[93] Thread (fios mediathread 2)[0x00d81800]cellSysutil warning: cellSysutilGetSystemParamInt: CELL_SYSUTIL_SYSTEMPARAM_ID_TIMEZONE
HLE: W PPU[93] Thread (fios mediathread 2)[0x00d81800]cellSysutil warning: cellSysutilGetSystemParamInt: CELL_SYSUTIL_SYSTEMPARAM_ID_SUMMERTIME
HLE: W PPU[93] Thread (fios mediathread 2)[0x00d83e28]cellSysutil warning: cellSysutilGetSystemParamInt: CELL_SYSUTIL_SYSTEMPARAM_ID_TIMEZONE
HLE: W PPU[93] Thread (fios mediathread 2)[0x00d83e28]cellSysutil warning: cellSysutilGetSystemParamInt: CELL_SYSUTIL_SYSTEMPARAM_ID_SUMMERTIME
HLE: W PPU[93] Thread (fios mediathread 2)[0x00d81800]cellSysutil warning: cellSysutilGetSystemParamInt: CELL_SYSUTIL_SYSTEMPARAM_ID_TIMEZONE
HLE: W PPU[93] Thread (fios mediathread 2)[0x00d81800]cellSysutil warning: cellSysutilGetSystemParamInt: CELL_SYSUTIL_SYSTEMPARAM_ID_SUMMERTIME
HLE: W PPU[93] Thread (fios mediathread 2)[0x00d83e28]cellSysutil warning: cellSysutilGetSystemParamInt: CELL_SYSUTIL_SYSTEMPARAM_ID_TIMEZONE
HLE: W PPU[93] Thread (fios mediathread 2)[0x00d83e28]cellSysutil warning: cellSysutilGetSystemParamInt: CELL_SYSUTIL_SYSTEMPARAM_ID_SUMMERTIME
HLE: W PPU[93] Thread (fios mediathread 2)[0x01dad04c]sys_fs warning: cellFsStat: "/dev_hdd0/game/NPEB01158/USRDIR/HDD_GAMEDATA/hs02.adat.sdat" not found.
HLE: W PPU[93] Thread (fios mediathread 2)[0x01dad088]sys_fs warning: cellFsSdataOpen(path="/dev_hdd0/game/NPEB01158/USRDIR/hs02.adat.sdat", flags=0x0, fd_addr=0xd004fda4, arg_addr=0x0, size=0x0) -> cellFsOpen()
HLE: W PPU[93] Thread (fios mediathread 2)[0x01dad088]"/dev_hdd0/game/NPEB01158/USRDIR/hs02.adat.sdat" opened: fd = 102
HLE: W PPU[93] Thread (fios mediathread 2)[0x01dad010]sys_fs warning: cellFsClose(fd=102)
HLE: W PPU[93] Thread (fios mediathread 2)[0x01dad04c]sys_fs warning: cellFsStat: "/dev_hdd0/game/NPEB01158/USRDIR/BD/hs02.adat.sdat" not found.
HLE: W PPU[93] Thread (fios mediathread 2)[0x01dad088]sys_fs warning: cellFsSdataOpen(path="/dev_hdd0/game/NPEB01158/USRDIR/BD/hs02.adat.sdat", flags=0x0, fd_addr=0xd004fda4, arg_addr=0x0, size=0x0) -> cellFsOpen()
HLE: E PPU[93] Thread (fios mediathread 2)[0x01dad088]sys_fs error: "/dev_hdd0/game/NPEB01158/USRDIR/BD/hs02.adat.sdat" not found! flags: 0x00000000
HLE: W PPU[93] Thread (fios mediathread 2)[0x01dad04c]sys_fs warning: cellFsStat: "/dev_hdd0/game/NPEB01158/USRDIR/HDD_GAMEDATA/hd01.adat" not found.
HLE: W PPU[93] Thread (fios mediathread 2)[0x01dad040]"/dev_hdd0/game/NPEB01158/USRDIR/hd01.adat" opened: fd = 103
HLE: W PPU[93] Thread (fios mediathread 2)[0x01dad04c]sys_fs warning: cellFsStat: "/dev_hdd0/game/NPEB01158/USRDIR/HDD_GAMEDATA/hd01.adat" not found.
HLE: W PPU[93] Thread (fios mediathread 2)[0x00d81800]cellSysutil warning: cellSysutilGetSystemParamInt: CELL_SYSUTIL_SYSTEMPARAM_ID_TIMEZONE
HLE: W PPU[93] Thread (fios mediathread 2)[0x00d81800]cellSysutil warning: cellSysutilGetSystemParamInt: CELL_SYSUTIL_SYSTEMPARAM_ID_SUMMERTIME
HLE: W PPU[93] Thread (fios mediathread 2)[0x00d83e28]cellSysutil warning: cellSysutilGetSystemParamInt: CELL_SYSUTIL_SYSTEMPARAM_ID_TIMEZONE
HLE: W PPU[93] Thread (fios mediathread 2)[0x00d83e28]cellSysutil warning: cellSysutilGetSystemParamInt: CELL_SYSUTIL_SYSTEMPARAM_ID_SUMMERTIME
HLE: W PPU[93] Thread (fios mediathread 2)[0x00d81800]cellSysutil warning: cellSysutilGetSystemParamInt: CELL_SYSUTIL_SYSTEMPARAM_ID_TIMEZONE
HLE: W PPU[93] Thread (fios mediathread 2)[0x00d81800]cellSysutil warning: cellSysutilGetSystemParamInt: CELL_SYSUTIL_SYSTEMPARAM_ID_SUMMERTIME
HLE: W PPU[93] Thread (fios mediathread 2)[0x00d83e28]cellSysutil warning: cellSysutilGetSystemParamInt: CELL_SYSUTIL_SYSTEMPARAM_ID_TIMEZONE
HLE: W PPU[93] Thread (fios mediathread 2)[0x00d83e28]cellSysutil warning: cellSysutilGetSystemParamInt: CELL_SYSUTIL_SYSTEMPARAM_ID_SUMMERTIME
HLE: W PPU[93] Thread (fios mediathread 2)[0x00d81800]cellSysutil warning: cellSysutilGetSystemParamInt: CELL_SYSUTIL_SYSTEMPARAM_ID_TIMEZONE
HLE: W PPU[93] Thread (fios mediathread 2)[0x00d81800]cellSysutil warning: cellSysutilGetSystemParamInt: CELL_SYSUTIL_SYSTEMPARAM_ID_SUMMERTIME
HLE: W PPU[93] Thread (fios mediathread 2)[0x00d83e28]cellSysutil warning: cellSysutilGetSystemParamInt: CELL_SYSUTIL_SYSTEMPARAM_ID_TIMEZONE
HLE: W PPU[93] Thread (fios mediathread 2)[0x00d83e28]cellSysutil warning: cellSysutilGetSystemParamInt: CELL_SYSUTIL_SYSTEMPARAM_ID_SUMMERTIME
HLE: W PPU[1] Thread (CPUThread)[0x01b78010]cellSysmodule warning: cellSysmoduleLoadModule(CELL_SYSMODULE_DMUX_PAMF)
HLE: W PPU[1] Thread (CPUThread)[0x01b78010]cellSysmodule warning: cellSysmoduleLoadModule(CELL_SYSMODULE_DMUX)
HLE: W PPU[1] Thread (CPUThread)[0x01b78010]cellSysmodule warning: cellSysmoduleLoadModule(CELL_SYSMODULE_VDEC_MPEG2)
HLE: W PPU[1] Thread (CPUThread)[0x01b78010]cellSysmodule warning: cellSysmoduleLoadModule(CELL_SYSMODULE_ADEC_ATX)
HLE: W PPU[1] Thread (CPUThread)[0x01b78010]cellSysmodule warning: cellSysmoduleLoadModule(CELL_SYSMODULE_PAMF)
HLE: W PPU[1] Thread (CPUThread)[0x01b78010]cellSysmodule warning: cellSysmoduleLoadModule(CELL_SYSMODULE_SAIL)
HLE: W PPU[1] Thread (CPUThread)[0x01b78010]cellSysmodule warning: cellSysmoduleLoadModule(CELL_SYSMODULE_SYSUTIL_NP)
HLE: W PPU[1] Thread (CPUThread)[0x01db30c4]cellSysutil warning: cellSysutilRegisterCallback(slot=3, func_addr=0x1bc7d60, userdata=0x1d69440)
PPU: ! PPU[1] Thread (CPUThread)[0x01dc7028]*** New PPU Thread [TGVChk] (flags=0x1, entry=0x1bc7e00): id = 104
HLE: E PPU[104] Thread (TGVChk)[0x01b7c118]sceNp error: Unimplemented function: sceNpDrmIsAvailable2
HLE: W PPU[1] Thread (CPUThread)[0x003a4f08]sysPrxForUser warning: sys_ppu_thread_join(thread_id=104, vptr_addr=0xd0010740)
HLE: W PPU[1] Thread (CPUThread)[0x01db3004]cellSysutil warning: cellSysutilUnregisterCallback(slot=3)
HLE: W PPU[1] Thread (CPUThread)[0x01b78004]cellSysmodule warning: cellSysmoduleUnloadModule(CELL_SYSMODULE_SYSUTIL_NP)
PPU: ! PPU[1] Thread (CPUThread)[0x01dc7028]*** New PPU Thread [LoadSprxThread] (flags=0x0, entry=0x1bc7f68): id = 105
HLE: W PPU[105] Thread (LoadSprxThread)[0x01b7801c]cellSysmodule warning: cellSysmoduleIsLoaded(CELL_SYSMODULE_JPGDEC)
HLE: W PPU[105] Thread (LoadSprxThread)[0x01b78010]cellSysmodule warning: cellSysmoduleLoadModule(CELL_SYSMODULE_JPGDEC)
HLE: E PPU[105] Thread (LoadSprxThread)[0x01dc7034]sys_prx error: TODO: sys_prx_load_module(path="/dev_hdd0/game/NPEB01158/USRDIR/libTGV_v1.45.07.sprx", flags=0x0, pOpt=0x0)
HLE: E PPU[105] Thread (LoadSprxThread)[0x01dc710c]sys_prx error: TODO: sys_prx_start_module(id=106, args=0, argp_addr=0x0, modres_addr=0xd00a0d30, flags=0x0, pOpt=0x0)
HLE: W PPU[1] Thread (CPUThread)[0x01b78010]cellSysmodule warning: cellSysmoduleLoadModule(CELL_SYSMODULE_IO)
HLE: W PPU[1] Thread (CPUThread)[0x01b78010]cellSysmodule warning: cellSysmoduleLoadModule(CELL_SYSMODULE_FS)
HLE: W PPU[93] Thread (fios mediathread 2)[0x01dad04c]sys_fs warning: cellFsStat: "/dev_hdd0/game/NPEB01158/USRDIR/data/system/packcollation.bin" not found.
HLE: W PPU[93] Thread (fios mediathread 2)[0x01dad04c]sys_fs warning: cellFsStat: "/dev_hdd0/game/NPEB01158/USRDIR/data/system/packcollation.bin" not found.
HLE: W PPU[93] Thread (fios mediathread 2)[0x01dad04c]sys_fs warning: cellFsStat: "/dev_hdd0/game/NPEB01158/USRDIR/data/system/packcollation.bin" not found.
HLE: W PPU[93] Thread (fios mediathread 2)[0x01dad04c]sys_fs warning: cellFsStat: "/dev_hdd0/game/NPEB01158/USRDIR/data/system/packcollation.bin.zarc" not found.
HLE: W PPU[93] Thread (fios mediathread 2)[0x01dad04c]sys_fs warning: cellFsStat: "/dev_hdd0/game/NPEB01158/USRDIR/data/system/packcollation.bin.zarc" not found.
HLE: W PPU[93] Thread (fios mediathread 2)[0x01dad04c]sys_fs warning: cellFsStat: "/dev_hdd0/game/NPEB01158/USRDIR/data/system/packcollation.bin.zarc" not found.
HLE: W PPU[93] Thread (fios mediathread 2)[0x01dad04c]sys_fs warning: cellFsStat: "/dev_hdd0/game/NPEB01158/USRDIR/data/system/packcollation.bin.sdat" not found.
HLE: W PPU[93] Thread (fios mediathread 2)[0x01dad04c]sys_fs warning: cellFsStat: "/dev_hdd0/game/NPEB01158/USRDIR/data/system/packcollation.bin.sdat" not found.
HLE: W PPU[93] Thread (fios mediathread 2)[0x01dad04c]sys_fs warning: cellFsStat: "/dev_hdd0/game/NPEB01158/USRDIR/data/system/packcollation.bin.sdat" not found.
HLE: W PPU[93] Thread (fios mediathread 2)[0x01dad04c]sys_fs warning: cellFsStat: "/dev_hdd0/game/NPEB01158/USRDIR/data/system/data_file_list.bin" not found.
HLE: W PPU[93] Thread (fios mediathread 2)[0x01dad04c]sys_fs warning: cellFsStat: "/dev_hdd0/game/NPEB01158/USRDIR/data/system/data_file_list.bin" not found.
HLE: W PPU[93] Thread (fios mediathread 2)[0x01dad04c]sys_fs warning: cellFsStat: "/dev_hdd0/game/NPEB01158/USRDIR/data/system/data_file_list.bin" not found.
HLE: W PPU[93] Thread (fios mediathread 2)[0x01dad04c]sys_fs warning: cellFsStat: "/dev_hdd0/game/NPEB01158/USRDIR/data/system/data_file_list.bin.zarc" not found.
HLE: W PPU[93] Thread (fios mediathread 2)[0x01dad04c]sys_fs warning: cellFsStat: "/dev_hdd0/game/NPEB01158/USRDIR/data/system/data_file_list.bin.zarc" not found.
HLE: W PPU[93] Thread (fios mediathread 2)[0x01dad04c]sys_fs warning: cellFsStat: "/dev_hdd0/game/NPEB01158/USRDIR/data/system/data_file_list.bin.zarc" not found.
HLE: W PPU[93] Thread (fios mediathread 2)[0x01dad04c]sys_fs warning: cellFsStat: "/dev_hdd0/game/NPEB01158/USRDIR/data/system/data_file_list.bin.sdat" not found.
HLE: W PPU[93] Thread (fios mediathread 2)[0x01dad04c]sys_fs warning: cellFsStat: "/dev_hdd0/game/NPEB01158/USRDIR/data/system/data_file_list.bin.sdat" not found.
HLE: W PPU[93] Thread (fios mediathread 2)[0x01dad04c]sys_fs warning: cellFsStat: "/dev_hdd0/game/NPEB01158/USRDIR/data/system/data_file_list.bin.sdat" not found.
HLE: W PPU[93] Thread (fios mediathread 2)[0x01dad04c]sys_fs warning: cellFsStat: "/dev_hdd0/game/NPEB01158/USRDIR/data/system/system_config.0.10f.cfg.bin" not found.
HLE: W PPU[93] Thread (fios mediathread 2)[0x01dad04c]sys_fs warning: cellFsStat: "/dev_hdd0/game/NPEB01158/USRDIR/data/system/system_config.0.10f.cfg.bin" not found.
HLE: W PPU[93] Thread (fios mediathread 2)[0x01dad04c]sys_fs warning: cellFsStat: "/dev_hdd0/game/NPEB01158/USRDIR/data/system/system_config.0.10f.cfg.bin" not found.
HLE: W PPU[93] Thread (fios mediathread 2)[0x01dad04c]sys_fs warning: cellFsStat: "/dev_hdd0/game/NPEB01158/USRDIR/data/system/system_config.0.10f.cfg.bin.zarc" not found.
HLE: W PPU[93] Thread (fios mediathread 2)[0x01dad04c]sys_fs warning: cellFsStat: "/dev_hdd0/game/NPEB01158/USRDIR/data/system/system_config.0.10f.cfg.bin.zarc" not found.
HLE: W PPU[93] Thread (fios mediathread 2)[0x01dad04c]sys_fs warning: cellFsStat: "/dev_hdd0/game/NPEB01158/USRDIR/data/system/system_config.0.10f.cfg.bin.zarc" not found.
HLE: W PPU[93] Thread (fios mediathread 2)[0x01dad04c]sys_fs warning: cellFsStat: "/dev_hdd0/game/NPEB01158/USRDIR/data/system/system_config.0.10f.cfg.bin.sdat" not found.
HLE: W PPU[93] Thread (fios mediathread 2)[0x01dad04c]sys_fs warning: cellFsStat: "/dev_hdd0/game/NPEB01158/USRDIR/data/system/system_config.0.10f.cfg.bin.sdat" not found.
HLE: W PPU[93] Thread (fios mediathread 2)[0x01dad04c]sys_fs warning: cellFsStat: "/dev_hdd0/game/NPEB01158/USRDIR/data/system/system_config.0.10f.cfg.bin.sdat" not found.
HLE: W PPU[93] Thread (fios mediathread 2)[0x01dad04c]sys_fs warning: cellFsStat: "/dev_hdd0/game/NPEB01158/USRDIR/data/system/game_system_setting.0.10f.cfg.bin" not found.
HLE: W PPU[93] Thread (fios mediathread 2)[0x01dad04c]sys_fs warning: cellFsStat: "/dev_hdd0/game/NPEB01158/USRDIR/data/system/game_system_setting.0.10f.cfg.bin" not found.
HLE: W PPU[93] Thread (fios mediathread 2)[0x01dad04c]sys_fs warning: cellFsStat: "/dev_hdd0/game/NPEB01158/USRDIR/data/system/game_system_setting.0.10f.cfg.bin" not found.
HLE: W PPU[93] Thread (fios mediathread 2)[0x01dad04c]sys_fs warning: cellFsStat: "/dev_hdd0/game/NPEB01158/USRDIR/data/system/game_system_setting.0.10f.cfg.bin.zarc" not found.
HLE: W PPU[93] Thread (fios mediathread 2)[0x01dad04c]sys_fs warning: cellFsStat: "/dev_hdd0/game/NPEB01158/USRDIR/data/system/game_system_setting.0.10f.cfg.bin.zarc" not found.
HLE: W PPU[93] Thread (fios mediathread 2)[0x01dad04c]sys_fs warning: cellFsStat: "/dev_hdd0/game/NPEB01158/USRDIR/data/system/game_system_setting.0.10f.cfg.bin.zarc" not found.
HLE: W PPU[93] Thread (fios mediathread 2)[0x01dad04c]sys_fs warning: cellFsStat: "/dev_hdd0/game/NPEB01158/USRDIR/data/system/game_system_setting.0.10f.cfg.bin.sdat" not found.
HLE: W PPU[93] Thread (fios mediathread 2)[0x01dad04c]sys_fs warning: cellFsStat: "/dev_hdd0/game/NPEB01158/USRDIR/data/system/game_system_setting.0.10f.cfg.bin.sdat" not found.
HLE: W PPU[93] Thread (fios mediathread 2)[0x01dad04c]sys_fs warning: cellFsStat: "/dev_hdd0/game/NPEB01158/USRDIR/data/system/game_system_setting.0.10f.cfg.bin.sdat" not found.
HLE: W PPU[93] Thread (fios mediathread 2)[0x00d81800]cellSysutil warning: cellSysutilGetSystemParamInt: CELL_SYSUTIL_SYSTEMPARAM_ID_TIMEZONE
HLE: W PPU[93] Thread (fios mediathread 2)[0x00d81800]cellSysutil warning: cellSysutilGetSystemParamInt: CELL_SYSUTIL_SYSTEMPARAM_ID_SUMMERTIME
HLE: W PPU[93] Thread (fios mediathread 2)[0x00d83e28]cellSysutil warning: cellSysutilGetSystemParamInt: CELL_SYSUTIL_SYSTEMPARAM_ID_TIMEZONE
HLE: W PPU[93] Thread (fios mediathread 2)[0x00d83e28]cellSysutil warning: cellSysutilGetSystemParamInt: CELL_SYSUTIL_SYSTEMPARAM_ID_SUMMERTIME
HLE: W PPU[93] Thread (fios mediathread 2)[0x00d81800]cellSysutil warning: cellSysutilGetSystemParamInt: CELL_SYSUTIL_SYSTEMPARAM_ID_TIMEZONE
HLE: W PPU[93] Thread (fios mediathread 2)[0x00d81800]cellSysutil warning: cellSysutilGetSystemParamInt: CELL_SYSUTIL_SYSTEMPARAM_ID_SUMMERTIME
HLE: W PPU[93] Thread (fios mediathread 2)[0x00d83e28]cellSysutil warning: cellSysutilGetSystemParamInt: CELL_SYSUTIL_SYSTEMPARAM_ID_TIMEZONE
HLE: W PPU[93] Thread (fios mediathread 2)[0x00d83e28]cellSysutil warning: cellSysutilGetSystemParamInt: CELL_SYSUTIL_SYSTEMPARAM_ID_SUMMERTIME
HLE: W PPU[93] Thread (fios mediathread 2)[0x00d81800]cellSysutil warning: cellSysutilGetSystemParamInt: CELL_SYSUTIL_SYSTEMPARAM_ID_TIMEZONE
HLE: W PPU[93] Thread (fios mediathread 2)[0x00d81800]cellSysutil warning: cellSysutilGetSystemParamInt: CELL_SYSUTIL_SYSTEMPARAM_ID_SUMMERTIME
HLE: W PPU[93] Thread (fios mediathread 2)[0x00d83e28]cellSysutil warning: cellSysutilGetSystemParamInt: CELL_SYSUTIL_SYSTEMPARAM_ID_TIMEZONE
HLE: W PPU[93] Thread (fios mediathread 2)[0x00d83e28]cellSysutil warning: cellSysutilGetSystemParamInt: CELL_SYSUTIL_SYSTEMPARAM_ID_SUMMERTIME
HLE: W PPU[93] Thread (fios mediathread 2)[0x00d81800]cellSysutil warning: cellSysutilGetSystemParamInt: CELL_SYSUTIL_SYSTEMPARAM_ID_TIMEZONE
HLE: W PPU[93] Thread (fios mediathread 2)[0x00d81800]cellSysutil warning: cellSysutilGetSystemParamInt: CELL_SYSUTIL_SYSTEMPARAM_ID_SUMMERTIME
HLE: W PPU[93] Thread (fios mediathread 2)[0x00d83e28]cellSysutil warning: cellSysutilGetSystemParamInt: CELL_SYSUTIL_SYSTEMPARAM_ID_TIMEZONE
HLE: W PPU[93] Thread (fios mediathread 2)[0x00d83e28]cellSysutil warning: cellSysutilGetSystemParamInt: CELL_SYSUTIL_SYSTEMPARAM_ID_SUMMERTIME
HLE: W PPU[93] Thread (fios mediathread 2)[0x00d81800]cellSysutil warning: cellSysutilGetSystemParamInt: CELL_SYSUTIL_SYSTEMPARAM_ID_TIMEZONE
HLE: W PPU[93] Thread (fios mediathread 2)[0x00d81800]cellSysutil warning: cellSysutilGetSystemParamInt: CELL_SYSUTIL_SYSTEMPARAM_ID_SUMMERTIME
HLE: W PPU[93] Thread (fios mediathread 2)[0x00d83e28]cellSysutil warning: cellSysutilGetSystemParamInt: CELL_SYSUTIL_SYSTEMPARAM_ID_TIMEZONE
HLE: W PPU[93] Thread (fios mediathread 2)[0x00d83e28]cellSysutil warning: cellSysutilGetSystemParamInt: CELL_SYSUTIL_SYSTEMPARAM_ID_SUMMERTIME
HLE: W PPU[93] Thread (fios mediathread 2)[0x00d81800]cellSysutil warning: cellSysutilGetSystemParamInt: CELL_SYSUTIL_SYSTEMPARAM_ID_TIMEZONE
HLE: W PPU[93] Thread (fios mediathread 2)[0x00d81800]cellSysutil warning: cellSysutilGetSystemParamInt: CELL_SYSUTIL_SYSTEMPARAM_ID_SUMMERTIME
HLE: W PPU[93] Thread (fios mediathread 2)[0x00d83e28]cellSysutil warning: cellSysutilGetSystemParamInt: CELL_SYSUTIL_SYSTEMPARAM_ID_TIMEZONE
HLE: W PPU[93] Thread (fios mediathread 2)[0x00d83e28]cellSysutil warning: cellSysutilGetSystemParamInt: CELL_SYSUTIL_SYSTEMPARAM_ID_SUMMERTIME
HLE: W PPU[93] Thread (fios mediathread 2)[0x00d81800]cellSysutil warning: cellSysutilGetSystemParamInt: CELL_SYSUTIL_SYSTEMPARAM_ID_TIMEZONE
HLE: W PPU[93] Thread (fios mediathread 2)[0x00d81800]cellSysutil warning: cellSysutilGetSystemParamInt: CELL_SYSUTIL_SYSTEMPARAM_ID_SUMMERTIME
HLE: W PPU[93] Thread (fios mediathread 2)[0x00d83e28]cellSysutil warning: cellSysutilGetSystemParamInt: CELL_SYSUTIL_SYSTEMPARAM_ID_TIMEZONE
HLE: W PPU[93] Thread (fios mediathread 2)[0x00d83e28]cellSysutil warning: cellSysutilGetSystemParamInt: CELL_SYSUTIL_SYSTEMPARAM_ID_SUMMERTIME
HLE: W PPU[93] Thread (fios mediathread 2)[0x00d81800]cellSysutil warning: cellSysutilGetSystemParamInt: CELL_SYSUTIL_SYSTEMPARAM_ID_TIMEZONE
HLE: W PPU[93] Thread (fios mediathread 2)[0x00d81800]cellSysutil warning: cellSysutilGetSystemParamInt: CELL_SYSUTIL_SYSTEMPARAM_ID_SUMMERTIME
HLE: W PPU[93] Thread (fios mediathread 2)[0x00d83e28]cellSysutil warning: cellSysutilGetSystemParamInt: CELL_SYSUTIL_SYSTEMPARAM_ID_TIMEZONE
HLE: W PPU[93] Thread (fios mediathread 2)[0x00d83e28]cellSysutil warning: cellSysutilGetSystemParamInt: CELL_SYSUTIL_SYSTEMPARAM_ID_SUMMERTIME
HLE: W PPU[93] Thread (fios mediathread 2)[0x00d81800]cellSysutil warning: cellSysutilGetSystemParamInt: CELL_SYSUTIL_SYSTEMPARAM_ID_TIMEZONE
HLE: W PPU[93] Thread (fios mediathread 2)[0x00d81800]cellSysutil warning: cellSysutilGetSystemParamInt: CELL_SYSUTIL_SYSTEMPARAM_ID_SUMMERTIME
HLE: W PPU[93] Thread (fios mediathread 2)[0x00d83e28]cellSysutil warning: cellSysutilGetSystemParamInt: CELL_SYSUTIL_SYSTEMPARAM_ID_TIMEZONE
HLE: W PPU[93] Thread (fios mediathread 2)[0x00d83e28]cellSysutil warning: cellSysutilGetSystemParamInt: CELL_SYSUTIL_SYSTEMPARAM_ID_SUMMERTIME
HLE: W PPU[93] Thread (fios mediathread 2)[0x00d81800]cellSysutil warning: cellSysutilGetSystemParamInt: CELL_SYSUTIL_SYSTEMPARAM_ID_TIMEZONE
HLE: W PPU[93] Thread (fios mediathread 2)[0x00d81800]cellSysutil warning: cellSysutilGetSystemParamInt: CELL_SYSUTIL_SYSTEMPARAM_ID_SUMMERTIME
HLE: W PPU[93] Thread (fios mediathread 2)[0x00d83e28]cellSysutil warning: cellSysutilGetSystemParamInt: CELL_SYSUTIL_SYSTEMPARAM_ID_TIMEZONE
HLE: W PPU[93] Thread (fios mediathread 2)[0x00d83e28]cellSysutil warning: cellSysutilGetSystemParamInt: CELL_SYSUTIL_SYSTEMPARAM_ID_SUMMERTIME
HLE: W PPU[93] Thread (fios mediathread 2)[0x00d81800]cellSysutil warning: cellSysutilGetSystemParamInt: CELL_SYSUTIL_SYSTEMPARAM_ID_TIMEZONE
HLE: W PPU[93] Thread (fios mediathread 2)[0x00d81800]cellSysutil warning: cellSysutilGetSystemParamInt: CELL_SYSUTIL_SYSTEMPARAM_ID_SUMMERTIME
HLE: W PPU[93] Thread (fios mediathread 2)[0x00d83e28]cellSysutil warning: cellSysutilGetSystemParamInt: CELL_SYSUTIL_SYSTEMPARAM_ID_TIMEZONE
HLE: W PPU[93] Thread (fios mediathread 2)[0x00d83e28]cellSysutil warning: cellSysutilGetSystemParamInt: CELL_SYSUTIL_SYSTEMPARAM_ID_SUMMERTIME
HLE: W PPU[93] Thread (fios mediathread 2)[0x00d81800]cellSysutil warning: cellSysutilGetSystemParamInt: CELL_SYSUTIL_SYSTEMPARAM_ID_TIMEZONE
HLE: W PPU[93] Thread (fios mediathread 2)[0x00d81800]cellSysutil warning: cellSysutilGetSystemParamInt: CELL_SYSUTIL_SYSTEMPARAM_ID_SUMMERTIME
HLE: W PPU[93] Thread (fios mediathread 2)[0x00d83e28]cellSysutil warning: cellSysutilGetSystemParamInt: CELL_SYSUTIL_SYSTEMPARAM_ID_TIMEZONE
HLE: W PPU[93] Thread (fios mediathread 2)[0x00d83e28]cellSysutil warning: cellSysutilGetSystemParamInt: CELL_SYSUTIL_SYSTEMPARAM_ID_SUMMERTIME
HLE: W PPU[93] Thread (fios mediathread 2)[0x01dad088]sys_fs warning: cellFsSdataOpen(path="/dev_hdd0/game/NPEB01158/USRDIR/data/vinfo.sdat", flags=0x0, fd_addr=0xd0050034, arg_addr=0x0, size=0x0) -> cellFsOpen()
HLE: W PPU[93] Thread (fios mediathread 2)[0x01dad088]"/dev_hdd0/game/NPEB01158/USRDIR/data/vinfo.sdat" opened: fd = 107
HLE: W PPU[93] Thread (fios mediathread 2)[0x01dad010]sys_fs warning: cellFsClose(fd=107)
HLE: W PPU[1] Thread (CPUThread)[0x01db3124]cellSysutil warning: cellVideoOutGetDeviceInfo(videoOut=0, deviceIndex=0, info_addr=0xd001026c)
HLE: W PPU[1] Thread (CPUThread)[0x01db3118]cellSysutil warning: cellVideoOutConfigure(videoOut=0, config_addr=0xd001024c, option_addr=0x0, waitForEvent=0x1)
HLE: W PPU[1] Thread (CPUThread)[0x01db1130]cellGcmSys warning: cellGcmInitDefaultFifoMode(mode=1)
HLE: W PPU[1] Thread (CPUThread)[0x01db1004]cellGcmSys warning: cellGcmInit(context_addr=0x1d84d30,cmdSize=0x500000,ioSize=0xa00000,ioAddress=0x33300000)
HLE: W PPU[1] Thread (CPUThread)[0x01db1004]cellGcmSys warning: *** local memory(addr=0xc0000000, size=0xf900000)
HLE: W PPU[1] Thread (CPUThread)[0x01db1004]cellGcmSys warning: cellGcmMapEaIoAddress(ea=0x33300000, io=0x0, size=0xa00000)
RSX: ! RSXThreadRSX thread started
HLE: W PPU[1] Thread (CPUThread)[0x01db10c4]cellGcmSys warning: cellGcmSetDebugOutputLevel(level=2)
HLE: W PPU[1] Thread (CPUThread)[0x01db10b8]cellGcmSys warning: cellGcmSetFlipMode(mode=1)
HLE: W PPU[1] Thread (CPUThread)[0x01dc7058]sys_lwmutex warning: *** lwmutex created [] (attribute=0x22): sq_id = 108
HLE: W PPU[1] Thread (CPUThread)[0x01dc7058]sys_lwmutex warning: *** lwmutex created [] (attribute=0x22): sq_id = 109
HLE: W PPU[1] Thread (CPUThread)[0x01dc7058]sys_lwmutex warning: *** lwmutex created [] (attribute=0x22): sq_id = 110
HLE: W PPU[1] Thread (CPUThread)[0x01dc7058]sys_lwmutex warning: *** lwmutex created [] (attribute=0x22): sq_id = 111
HLE: W PPU[1] Thread (CPUThread)[0x01dc7058]sys_lwmutex warning: *** lwmutex created [] (attribute=0x22): sq_id = 112
TTY: local mem rest 244506624
HLE: W PPU[1] Thread (CPUThread)[0x01db1070]cellGcmSys warning: cellGcmGetTiledPitchSize(size=5120)
HLE: W PPU[1] Thread (CPUThread)[0x01db1118]cellGcmSys warning: cellGcmSetTileInfo(index=0, location=0, offset=16646144, size=3801088, pitch=5120, comp=7, base=0, bank=0)
HLE: E PPU[1] Thread (CPUThread)[0x01db1118]cellGcmSys error: cellGcmSetTileInfo: bad compression mode! (7)
HLE: W PPU[1] Thread (CPUThread)[0x01db10ac]cellGcmSys warning: cellGcmBindTile(index=0)
HLE: W PPU[1] Thread (CPUThread)[0x01db1070]cellGcmSys warning: cellGcmGetTiledPitchSize(size=5120)
RSX: W RSXThreadNV406E_SEMAPHORE_ACQUIRE: 1
HLE: W PPU[1] Thread (CPUThread)[0x01db1118]cellGcmSys warning: cellGcmSetTileInfo(index=1, location=0, offset=20447232, size=3801088, pitch=5120, comp=10, base=58, bank=3)
HLE: E PPU[1] Thread (CPUThread)[0x01db1118]cellGcmSys error: cellGcmSetTileInfo: bad compression mode! (10)
HLE: W PPU[1] Thread (CPUThread)[0x01db10ac]cellGcmSys warning: cellGcmBindTile(index=1)
HLE: W PPU[1] Thread (CPUThread)[0x01db113c]cellGcmSys warning: TODO: cellGcmSetZcull(index=0, offset=0x1380000, width=1280, height=768, cullStart=0x0, zFormat=0x2, aaFormat=0x0, zCullDir=0x0, zCullFormat=0x1, sFunc=0x0, sRef=0x0, sMask=0x0)
HLE: W PPU[1] Thread (CPUThread)[0x01db10f4]cellGcmSys warning: cellGcmSetFlipHandler(handler_addr=29373144)
HLE: W PPU[1] Thread (CPUThread)[0x01db110c]cellGcmSys warning: cellGcmSetVBlankHandler(handler_addr=0x1c032c8)
HLE: W PPU[1] Thread (CPUThread)[0x01db107c]cellGcmSys warning: cellGcmSetUserHandler(handler_addr=0x1c032d0)
HLE: W PPU[1] Thread (CPUThread)[0x00c57330]sys_semaphore warning: sys_semaphore_create(sem_addr=0x3302abe4, attr_addr=0xd0010580, initial_count=0, max_count=1)
HLE: ! PPU[1] Thread (CPUThread)[0x00c57330]*** semaphore created [] (protocol=0x2): id = 113
HLE: W PPU[1] Thread (CPUThread)[0x00c57330]sys_semaphore warning: sys_semaphore_create(sem_addr=0x3302abe8, attr_addr=0xd0010580, initial_count=0, max_count=1)
HLE: ! PPU[1] Thread (CPUThread)[0x00c57330]*** semaphore created [] (protocol=0x2): id = 114
HLE: W PPU[1] Thread (CPUThread)[0x00c61498]sys_mutex warning: *** mutex created [] (protocol=0x2, recursive=false): id = 115
HLE: W PPU[1] Thread (CPUThread)[0x00c614b0]sys_cond warning: *** condition created [] (mutex_id=115): id = 116
HLE: W PPU[1] Thread (CPUThread)[0x00c614c8]sys_cond warning: *** condition created [] (mutex_id=115): id = 117
PPU: ! PPU[1] Thread (CPUThread)[0x01dc7028]*** New PPU Thread [PPU Thread] (flags=0x1, entry=0x1c1c7d0): id = 118
HLE: W PPU[1] Thread (CPUThread)[0x00cb0bdc]sys_event warning: sys_event_queue_create(equeue_id_addr=0x3302ae80, attr_addr=0xd0010610, event_queue_key=0x0, size=1)
HLE: W PPU[1] Thread (CPUThread)[0x00cb0bdc]sys_event warning: *** event_queue created [] (protocol=0x2, type=0x1): id = 119
HLE: W PPU[1] Thread (CPUThread)[0x01db513c]cellSpurs warning: cellSpursAttachLv2EventQueue(spurs_addr=0x32fff100, queue=0x77, port_addr=0x3302ae84, isDynamic=1)
HLE: E PPU[1] Thread (CPUThread)[0x01db5064]cellSpurs error: Unimplemented function: _cellSpursJobChainAttributeInitialize
HLE: E PPU[1] Thread (CPUThread)[0x01db504c]cellSpurs error: Unimplemented function: cellSpursCreateJobChainWithAttribute
TTY: me gcm buff 500000
HLE: W PPU[1] Thread (CPUThread)[0x01db10e8]cellGcmSys warning: cellGcmMapMainMemory(ea=0x34400000,size=0x500000,offset_addr=0x3304e5c8)
HLE: W PPU[1] Thread (CPUThread)[0x01dc7058]sys_lwmutex warning: *** lwmutex created [] (attribute=0x22): sq_id = 120
HLE: W PPU[1] Thread (CPUThread)[0x01dc7058]sys_lwmutex warning: *** lwmutex created [] (attribute=0x22): sq_id = 121
HLE: W PPU[1] Thread (CPUThread)[0x01dc7190]sys_lwcond warning: *** lwcond created [] (lwmutex_addr=0x33f000b8): id = 122
HLE: W PPU[1] Thread (CPUThread)[0x01dc7058]sys_lwmutex warning: *** lwmutex created [] (attribute=0x22): sq_id = 123
HLE: W PPU[1] Thread (CPUThread)[0x01dc7058]sys_lwmutex warning: *** lwmutex created [] (attribute=0x22): sq_id = 124
HLE: W PPU[1] Thread (CPUThread)[0x01dc7190]sys_lwcond warning: *** lwcond created [] (lwmutex_addr=0x33f00128): id = 125
HLE: W PPU[1] Thread (CPUThread)[0x01dc7058]sys_lwmutex warning: *** lwmutex created [] (attribute=0x22): sq_id = 126
HLE: W PPU[1] Thread (CPUThread)[0x01dc7058]sys_lwmutex warning: *** lwmutex created [] (attribute=0x22): sq_id = 127
HLE: W PPU[1] Thread (CPUThread)[0x01dc7190]sys_lwcond warning: *** lwcond created [] (lwmutex_addr=0x33f00198): id = 128
HLE: W PPU[1] Thread (CPUThread)[0x01dc7058]sys_lwmutex warning: *** lwmutex created [] (attribute=0x22): sq_id = 129
HLE: W PPU[1] Thread (CPUThread)[0x01dc7058]sys_lwmutex warning: *** lwmutex created [] (attribute=0x22): sq_id = 130
HLE: W PPU[1] Thread (CPUThread)[0x01dc7190]sys_lwcond warning: *** lwcond created [] (lwmutex_addr=0x33f00208): id = 131
HLE: W PPU[1] Thread (CPUThread)[0x01dc7058]sys_lwmutex warning: *** lwmutex created [] (attribute=0x22): sq_id = 132
HLE: W PPU[1] Thread (CPUThread)[0x01dc7058]sys_lwmutex warning: *** lwmutex created [] (attribute=0x22): sq_id = 133
HLE: W PPU[1] Thread (CPUThread)[0x01dc7190]sys_lwcond warning: *** lwcond created [] (lwmutex_addr=0x33f00278): id = 134
HLE: W PPU[1] Thread (CPUThread)[0x01dc7058]sys_lwmutex warning: *** lwmutex created [] (attribute=0x22): sq_id = 135
HLE: W PPU[1] Thread (CPUThread)[0x01dc7058]sys_lwmutex warning: *** lwmutex created [] (attribute=0x22): sq_id = 136
HLE: W PPU[1] Thread (CPUThread)[0x01dc7190]sys_lwcond warning: *** lwcond created [] (lwmutex_addr=0x33f002e8): id = 137
HLE: W PPU[1] Thread (CPUThread)[0x01dc7058]sys_lwmutex warning: *** lwmutex created [] (attribute=0x22): sq_id = 138
HLE: W PPU[1] Thread (CPUThread)[0x01dc7058]sys_lwmutex warning: *** lwmutex created [] (attribute=0x22): sq_id = 139
HLE: W PPU[1] Thread (CPUThread)[0x01dc7190]sys_lwcond warning: *** lwcond created [] (lwmutex_addr=0x33f00358): id = 140
HLE: W PPU[1] Thread (CPUThread)[0x01dc7058]sys_lwmutex warning: *** lwmutex created [] (attribute=0x22): sq_id = 141
HLE: W PPU[1] Thread (CPUThread)[0x01dc7058]sys_lwmutex warning: *** lwmutex created [] (attribute=0x22): sq_id = 142
HLE: W PPU[1] Thread (CPUThread)[0x01dc7190]sys_lwcond warning: *** lwcond created [] (lwmutex_addr=0x33f003c8): id = 143
HLE: W PPU[1] Thread (CPUThread)[0x01dc7058]sys_lwmutex warning: *** lwmutex created [] (attribute=0x22): sq_id = 144
HLE: W PPU[1] Thread (CPUThread)[0x01dc7058]sys_lwmutex warning: *** lwmutex created [] (attribute=0x22): sq_id = 145
HLE: W PPU[1] Thread (CPUThread)[0x01dc7190]sys_lwcond warning: *** lwcond created [] (lwmutex_addr=0x33f00438): id = 146
HLE: W PPU[1] Thread (CPUThread)[0x01dc7058]sys_lwmutex warning: *** lwmutex created [] (attribute=0x22): sq_id = 147
HLE: W PPU[1] Thread (CPUThread)[0x01dc7058]sys_lwmutex warning: *** lwmutex created [] (attribute=0x22): sq_id = 148
HLE: W PPU[1] Thread (CPUThread)[0x01dc7190]sys_lwcond warning: *** lwcond created [] (lwmutex_addr=0x33f004a8): id = 149
HLE: W PPU[1] Thread (CPUThread)[0x01dc7058]sys_lwmutex warning: *** lwmutex created [] (attribute=0x22): sq_id = 150
HLE: W PPU[1] Thread (CPUThread)[0x01dc7058]sys_lwmutex warning: *** lwmutex created [] (attribute=0x22): sq_id = 151
HLE: W PPU[1] Thread (CPUThread)[0x01dc7190]sys_lwcond warning: *** lwcond created [] (lwmutex_addr=0x33f00518): id = 152
HLE: W PPU[1] Thread (CPUThread)[0x01dc7058]sys_lwmutex warning: *** lwmutex created [] (attribute=0x22): sq_id = 153
HLE: W PPU[1] Thread (CPUThread)[0x01dc7058]sys_lwmutex warning: *** lwmutex created [] (attribute=0x22): sq_id = 154
HLE: W PPU[1] Thread (CPUThread)[0x01dc7190]sys_lwcond warning: *** lwcond created [] (lwmutex_addr=0x33f00588): id = 155
HLE: W PPU[1] Thread (CPUThread)[0x01dc7058]sys_lwmutex warning: *** lwmutex created [] (attribute=0x22): sq_id = 156
HLE: W PPU[1] Thread (CPUThread)[0x01dc7058]sys_lwmutex warning: *** lwmutex created [] (attribute=0x22): sq_id = 157
HLE: W PPU[1] Thread (CPUThread)[0x01dc7190]sys_lwcond warning: *** lwcond created [] (lwmutex_addr=0x33f005f8): id = 158
HLE: W PPU[1] Thread (CPUThread)[0x01dc7058]sys_lwmutex warning: *** lwmutex created [] (attribute=0x22): sq_id = 159
HLE: W PPU[1] Thread (CPUThread)[0x01dc7058]sys_lwmutex warning: *** lwmutex created [] (attribute=0x22): sq_id = 160
HLE: W PPU[1] Thread (CPUThread)[0x01dc7190]sys_lwcond warning: *** lwcond created [] (lwmutex_addr=0x33f00668): id = 161
HLE: W PPU[1] Thread (CPUThread)[0x01dc7058]sys_lwmutex warning: *** lwmutex created [] (attribute=0x22): sq_id = 162
HLE: W PPU[1] Thread (CPUThread)[0x01dc7058]sys_lwmutex warning: *** lwmutex created [] (attribute=0x22): sq_id = 163
HLE: W PPU[1] Thread (CPUThread)[0x01dc7190]sys_lwcond warning: *** lwcond created [] (lwmutex_addr=0x33f006d8): id = 164
HLE: W PPU[1] Thread (CPUThread)[0x01dc7058]sys_lwmutex warning: *** lwmutex created [] (attribute=0x22): sq_id = 165
HLE: W PPU[1] Thread (CPUThread)[0x01dc7058]sys_lwmutex warning: *** lwmutex created [] (attribute=0x22): sq_id = 166
HLE: W PPU[1] Thread (CPUThread)[0x01dc7190]sys_lwcond warning: *** lwcond created [] (lwmutex_addr=0x33f00748): id = 167
HLE: W PPU[1] Thread (CPUThread)[0x01dc7058]sys_lwmutex warning: *** lwmutex created [] (attribute=0x22): sq_id = 168
HLE: W PPU[1] Thread (CPUThread)[0x01dc7058]sys_lwmutex warning: *** lwmutex created [] (attribute=0x22): sq_id = 169
HLE: W PPU[1] Thread (CPUThread)[0x01dc7190]sys_lwcond warning: *** lwcond created [] (lwmutex_addr=0x33f007b8): id = 170
HLE: W PPU[1] Thread (CPUThread)[0x01dc7058]sys_lwmutex warning: *** lwmutex created [] (attribute=0x22): sq_id = 171
HLE: W PPU[1] Thread (CPUThread)[0x01dc7058]sys_lwmutex warning: *** lwmutex created [] (attribute=0x22): sq_id = 172
HLE: W PPU[1] Thread (CPUThread)[0x01dc7190]sys_lwcond warning: *** lwcond created [] (lwmutex_addr=0x33f00828): id = 173
HLE: W PPU[1] Thread (CPUThread)[0x01dc7058]sys_lwmutex warning: *** lwmutex created [] (attribute=0x22): sq_id = 174
HLE: W PPU[1] Thread (CPUThread)[0x01dc7058]sys_lwmutex warning: *** lwmutex created [] (attribute=0x22): sq_id = 175
HLE: W PPU[1] Thread (CPUThread)[0x01dc7190]sys_lwcond warning: *** lwcond created [] (lwmutex_addr=0x33f00898): id = 176
HLE: W PPU[1] Thread (CPUThread)[0x01dc7058]sys_lwmutex warning: *** lwmutex created [] (attribute=0x22): sq_id = 177
HLE: W PPU[1] Thread (CPUThread)[0x01dc7058]sys_lwmutex warning: *** lwmutex created [] (attribute=0x22): sq_id = 178
HLE: W PPU[1] Thread (CPUThread)[0x01dc7190]sys_lwcond warning: *** lwcond created [] (lwmutex_addr=0x33f00908): id = 179
HLE: W PPU[1] Thread (CPUThread)[0x01dc7058]sys_lwmutex warning: *** lwmutex created [] (attribute=0x22): sq_id = 180
HLE: W PPU[1] Thread (CPUThread)[0x01dc7058]sys_lwmutex warning: *** lwmutex created [] (attribute=0x22): sq_id = 181
HLE: W PPU[1] Thread (CPUThread)[0x01dc7190]sys_lwcond warning: *** lwcond created [] (lwmutex_addr=0x33f00978): id = 182
HLE: W PPU[1] Thread (CPUThread)[0x01dc7058]sys_lwmutex warning: *** lwmutex created [] (attribute=0x22): sq_id = 183
HLE: W PPU[1] Thread (CPUThread)[0x01dc7058]sys_lwmutex warning: *** lwmutex created [] (attribute=0x22): sq_id = 184
HLE: W PPU[1] Thread (CPUThread)[0x01dc7190]sys_lwcond warning: *** lwcond created [] (lwmutex_addr=0x33f009e8): id = 185
HLE: W PPU[1] Thread (CPUThread)[0x01dc7058]sys_lwmutex warning: *** lwmutex created [] (attribute=0x22): sq_id = 186
HLE: W PPU[1] Thread (CPUThread)[0x01dc7058]sys_lwmutex warning: *** lwmutex created [] (attribute=0x22): sq_id = 187
HLE: W PPU[1] Thread (CPUThread)[0x01dc7190]sys_lwcond warning: *** lwcond created [] (lwmutex_addr=0x33f00a58): id = 188
HLE: W PPU[1] Thread (CPUThread)[0x01dc7058]sys_lwmutex warning: *** lwmutex created [] (attribute=0x22): sq_id = 189
HLE: W PPU[1] Thread (CPUThread)[0x01dc7058]sys_lwmutex warning: *** lwmutex created [] (attribute=0x22): sq_id = 190
HLE: W PPU[1] Thread (CPUThread)[0x01dc7190]sys_lwcond warning: *** lwcond created [] (lwmutex_addr=0x33f00ac8): id = 191
HLE: W PPU[1] Thread (CPUThread)[0x01dc7058]sys_lwmutex warning: *** lwmutex created [] (attribute=0x22): sq_id = 192
HLE: W PPU[1] Thread (CPUThread)[0x01dc7058]sys_lwmutex warning: *** lwmutex created [] (attribute=0x22): sq_id = 193
HLE: W PPU[1] Thread (CPUThread)[0x01dc7190]sys_lwcond warning: *** lwcond created [] (lwmutex_addr=0x33f00b38): id = 194
HLE: W PPU[1] Thread (CPUThread)[0x01dc7058]sys_lwmutex warning: *** lwmutex created [] (attribute=0x22): sq_id = 195
HLE: W PPU[1] Thread (CPUThread)[0x01dc7058]sys_lwmutex warning: *** lwmutex created [] (attribute=0x22): sq_id = 196
HLE: W PPU[1] Thread (CPUThread)[0x01dc7190]sys_lwcond warning: *** lwcond created [] (lwmutex_addr=0x33f00ba8): id = 197
HLE: W PPU[1] Thread (CPUThread)[0x01dc7058]sys_lwmutex warning: *** lwmutex created [] (attribute=0x22): sq_id = 198
HLE: W PPU[1] Thread (CPUThread)[0x01dc7058]sys_lwmutex warning: *** lwmutex created [] (attribute=0x22): sq_id = 199
HLE: W PPU[1] Thread (CPUThread)[0x01dc7190]sys_lwcond warning: *** lwcond created [] (lwmutex_addr=0x33f00c18): id = 200
HLE: W PPU[1] Thread (CPUThread)[0x01dc7058]sys_lwmutex warning: *** lwmutex created [] (attribute=0x22): sq_id = 201
HLE: W PPU[1] Thread (CPUThread)[0x01dc7058]sys_lwmutex warning: *** lwmutex created [] (attribute=0x22): sq_id = 202
HLE: W PPU[1] Thread (CPUThread)[0x01dc7190]sys_lwcond warning: *** lwcond created [] (lwmutex_addr=0x33f00c88): id = 203
HLE: W PPU[1] Thread (CPUThread)[0x01dc7058]sys_lwmutex warning: *** lwmutex created [] (attribute=0x22): sq_id = 204
HLE: W PPU[1] Thread (CPUThread)[0x01dc7058]sys_lwmutex warning: *** lwmutex created [] (attribute=0x22): sq_id = 205
HLE: W PPU[1] Thread (CPUThread)[0x01dc7190]sys_lwcond warning: *** lwcond created [] (lwmutex_addr=0x33f00cf8): id = 206
HLE: W PPU[1] Thread (CPUThread)[0x01dc7058]sys_lwmutex warning: *** lwmutex created [] (attribute=0x22): sq_id = 207
HLE: W PPU[1] Thread (CPUThread)[0x01dc7058]sys_lwmutex warning: *** lwmutex created [] (attribute=0x22): sq_id = 208
HLE: W PPU[1] Thread (CPUThread)[0x01dc7190]sys_lwcond warning: *** lwcond created [] (lwmutex_addr=0x33f00d68): id = 209
HLE: W PPU[1] Thread (CPUThread)[0x01dc7058]sys_lwmutex warning: *** lwmutex created [] (attribute=0x22): sq_id = 210
HLE: W PPU[1] Thread (CPUThread)[0x01dc7058]sys_lwmutex warning: *** lwmutex created [] (attribute=0x22): sq_id = 211
HLE: W PPU[1] Thread (CPUThread)[0x01dc7190]sys_lwcond warning: *** lwcond created [] (lwmutex_addr=0x33f00dd8): id = 212
HLE: W PPU[1] Thread (CPUThread)[0x01dc7058]sys_lwmutex warning: *** lwmutex created [] (attribute=0x22): sq_id = 213
HLE: W PPU[1] Thread (CPUThread)[0x01dc7058]sys_lwmutex warning: *** lwmutex created [] (attribute=0x22): sq_id = 214
HLE: W PPU[1] Thread (CPUThread)[0x01dc7190]sys_lwcond warning: *** lwcond created [] (lwmutex_addr=0x33f00e48): id = 215
HLE: W PPU[1] Thread (CPUThread)[0x01dc7058]sys_lwmutex warning: *** lwmutex created [] (attribute=0x22): sq_id = 216
HLE: W PPU[1] Thread (CPUThread)[0x00cbc550]sys_semaphore warning: sys_semaphore_create(sem_addr=0x3304d3b4, attr_addr=0xd00103f0, initial_count=32, max_count=32)
HLE: ! PPU[1] Thread (CPUThread)[0x00cbc550]*** semaphore created [] (protocol=0x2): id = 217
HLE: W PPU[1] Thread (CPUThread)[0x01dc7058]sys_lwmutex warning: *** lwmutex created [] (attribute=0x22): sq_id = 218
HLE: W PPU[1] Thread (CPUThread)[0x01dc7058]sys_lwmutex warning: *** lwmutex created [] (attribute=0x22): sq_id = 219
HLE: W PPU[1] Thread (CPUThread)[0x01dc7190]sys_lwcond warning: *** lwcond created [] (lwmutex_addr=0x3304d410): id = 220
HLE: W PPU[1] Thread (CPUThread)[0x00cbcbfc]sys_semaphore warning: sys_semaphore_create(sem_addr=0x3304d44c, attr_addr=0xd0010548, initial_count=52, max_count=52)
HLE: ! PPU[1] Thread (CPUThread)[0x00cbcbfc]*** semaphore created [] (protocol=0x2): id = 221
HLE: W PPU[1] Thread (CPUThread)[0x01dc7058]sys_lwmutex warning: *** lwmutex created [] (attribute=0x22): sq_id = 222
HLE: W PPU[1] Thread (CPUThread)[0x00cbccdc]sys_semaphore warning: sys_semaphore_create(sem_addr=0x3304d484, attr_addr=0xd0010548, initial_count=32, max_count=32)
HLE: ! PPU[1] Thread (CPUThread)[0x00cbccdc]*** semaphore created [] (protocol=0x2): id = 223
HLE: W PPU[1] Thread (CPUThread)[0x01dc7058]sys_lwmutex warning: *** lwmutex created [] (attribute=0x22): sq_id = 224
HLE: W PPU[1] Thread (CPUThread)[0x01dc7058]sys_lwmutex warning: *** lwmutex created [] (attribute=0x22): sq_id = 225
HLE: W PPU[1] Thread (CPUThread)[0x01dc7190]sys_lwcond warning: *** lwcond created [] (lwmutex_addr=0x3304e558): id = 226
HLE: W PPU[1] Thread (CPUThread)[0x01dc7058]sys_lwmutex warning: *** lwmutex created [] (attribute=0x22): sq_id = 227
HLE: W PPU[1] Thread (CPUThread)[0x01dc7190]sys_lwcond warning: *** lwcond created [] (lwmutex_addr=0x3304e588): id = 228
HLE: W PPU[1] Thread (CPUThread)[0x01db5094]cellSpurs warning: _cellSpursEventFlagInitialize(spurs_addr=0x32fff100, taskset_addr=0x0, eventFlag_addr=0x343dd900, flagClearMode=0, flagDirection=1)
HLE: E PPU[1] Thread (CPUThread)[0x01db50dc]cellSpurs error: cellSpursEventFlagAttachLv2EventQueue(eventFlag_addr=0x343dd900)
HLE: E PPU[1] Thread (CPUThread)[0x01db5064]cellSpurs error: Unimplemented function: _cellSpursJobChainAttributeInitialize
HLE: E PPU[1] Thread (CPUThread)[0x01db504c]cellSpurs error: Unimplemented function: cellSpursCreateJobChainWithAttribute
HLE: E PPU[1] Thread (CPUThread)[0x01db50ac]cellSpurs error: Unimplemented function: cellSpursJobGuardInitialize
HLE: E PPU[1] Thread (CPUThread)[0x01db50ac]cellSpurs error: Unimplemented function: cellSpursJobGuardInitialize
HLE: E PPU[1] Thread (CPUThread)[0x01db5184]cellSpurs error: Unimplemented function: cellSpursRunJobChain
HLE: W PPU[1] Thread (CPUThread)[0x01db5094]cellSpurs warning: _cellSpursEventFlagInitialize(spurs_addr=0x32fff100, taskset_addr=0x0, eventFlag_addr=0x343ddf80, flagClearMode=0, flagDirection=1)
HLE: E PPU[1] Thread (CPUThread)[0x01db50dc]cellSpurs error: cellSpursEventFlagAttachLv2EventQueue(eventFlag_addr=0x343ddf80)
HLE: E PPU[1] Thread (CPUThread)[0x01db5064]cellSpurs error: Unimplemented function: _cellSpursJobChainAttributeInitialize
HLE: E PPU[1] Thread (CPUThread)[0x01db504c]cellSpurs error: Unimplemented function: cellSpursCreateJobChainWithAttribute
HLE: E PPU[1] Thread (CPUThread)[0x01db50ac]cellSpurs error: Unimplemented function: cellSpursJobGuardInitialize
HLE: E PPU[1] Thread (CPUThread)[0x01db50ac]cellSpurs error: Unimplemented function: cellSpursJobGuardInitialize
HLE: E PPU[1] Thread (CPUThread)[0x01db5184]cellSpurs error: Unimplemented function: cellSpursRunJobChain
PPU: ! PPU[1] Thread (CPUThread)[0x01dc7028]*** New PPU Thread [spuren runit0
] (flags=0x1, entry=0x1c007f0): id = 229
HLE: W PPU[1] Thread (CPUThread)[0x01dc7058]sys_lwmutex warning: *** lwmutex created [] (attribute=0x22): sq_id = 230
HLE: W PPU[1] Thread (CPUThread)[0x01dc7058]sys_lwmutex warning: *** lwmutex created [] (attribute=0x22): sq_id = 231
HLE: W PPU[1] Thread (CPUThread)[0x01dc7190]sys_lwcond warning: *** lwcond created [] (lwmutex_addr=0x3304e780): id = 232
HLE: W PPU[1] Thread (CPUThread)[0x01dc7190]sys_lwcond warning: *** lwcond created [] (lwmutex_addr=0x3304e780): id = 233
HLE: W PPU[1] Thread (CPUThread)[0x00cb4ff4]sys_semaphore warning: sys_semaphore_create(sem_addr=0x3304e7ac, attr_addr=0xd00105e0, initial_count=0, max_count=7)
HLE: ! PPU[1] Thread (CPUThread)[0x00cb4ff4]*** semaphore created [] (protocol=0x2): id = 234
HLE: W PPU[1] Thread (CPUThread)[0x01dc7058]sys_lwmutex warning: *** lwmutex created [] (attribute=0x22): sq_id = 235
HLE: W PPU[1] Thread (CPUThread)[0x01dc7058]sys_lwmutex warning: *** lwmutex created [] (attribute=0x22): sq_id = 236
HLE: W PPU[1] Thread (CPUThread)[0x01dc7058]sys_lwmutex warning: *** lwmutex created [] (attribute=0x22): sq_id = 237
HLE: W PPU[1] Thread (CPUThread)[0x01dc7190]sys_lwcond warning: *** lwcond created [] (lwmutex_addr=0x3304e660): id = 238
HLE: W PPU[1] Thread (CPUThread)[0x01dc7190]sys_lwcond warning: *** lwcond created [] (lwmutex_addr=0x3304e660): id = 239
HLE: W PPU[1] Thread (CPUThread)[0x01dc7058]sys_lwmutex warning: *** lwmutex created [] (attribute=0x22): sq_id = 240
HLE: W PPU[1] Thread (CPUThread)[0x01dc7190]sys_lwcond warning: *** lwcond created [] (lwmutex_addr=0x3304e6a0): id = 241
HLE: W PPU[1] Thread (CPUThread)[0x01dc7190]sys_lwcond warning: *** lwcond created [] (lwmutex_addr=0x3304e6a0): id = 242
PPU: ! PPU[1] Thread (CPUThread)[0x01dc7028]*** New PPU Thread [meRenderMngr2 Thread] (flags=0x1, entry=0x1bfeb20): id = 243
HLE: W PPU[1] Thread (CPUThread)[0x01db5094]cellSpurs warning: _cellSpursEventFlagInitialize(spurs_addr=0x32fff100, taskset_addr=0x0, eventFlag_addr=0x343dfe00, flagClearMode=0, flagDirection=1)
HLE: E PPU[1] Thread (CPUThread)[0x01db50dc]cellSpurs error: cellSpursEventFlagAttachLv2EventQueue(eventFlag_addr=0x343dfe00)
HLE: E PPU[1] Thread (CPUThread)[0x01db5064]cellSpurs error: Unimplemented function: _cellSpursJobChainAttributeInitialize
HLE: E PPU[1] Thread (CPUThread)[0x01db504c]cellSpurs error: Unimplemented function: cellSpursCreateJobChainWithAttribute
HLE: E PPU[1] Thread (CPUThread)[0x01db50ac]cellSpurs error: Unimplemented function: cellSpursJobGuardInitialize
HLE: E PPU[1] Thread (CPUThread)[0x01db50ac]cellSpurs error: Unimplemented function: cellSpursJobGuardInitialize
HLE: E PPU[1] Thread (CPUThread)[0x01db50ac]cellSpurs error: Unimplemented function: cellSpursJobGuardInitialize
HLE: E PPU[1] Thread (CPUThread)[0x01db50ac]cellSpurs error: Unimplemented function: cellSpursJobGuardInitialize
HLE: E PPU[1] Thread (CPUThread)[0x01db50ac]cellSpurs error: Unimplemented function: cellSpursJobGuardInitialize
HLE: E PPU[1] Thread (CPUThread)[0x01db50ac]cellSpurs error: Unimplemented function: cellSpursJobGuardInitialize
HLE: E PPU[1] Thread (CPUThread)[0x01db50ac]cellSpurs error: Unimplemented function: cellSpursJobGuardInitialize
HLE: E PPU[1] Thread (CPUThread)[0x01db50ac]cellSpurs error: Unimplemented function: cellSpursJobGuardInitialize
HLE: E PPU[1] Thread (CPUThread)[0x01db50ac]cellSpurs error: Unimplemented function: cellSpursJobGuardInitialize
HLE: E PPU[1] Thread (CPUThread)[0x01db50ac]cellSpurs error: Unimplemented function: cellSpursJobGuardInitialize
HLE: E PPU[1] Thread (CPUThread)[0x01db50ac]cellSpurs error: Unimplemented function: cellSpursJobGuardInitialize
HLE: E PPU[1] Thread (CPUThread)[0x01db50ac]cellSpurs error: Unimplemented function: cellSpursJobGuardInitialize
HLE: E PPU[1] Thread (CPUThread)[0x01db50ac]cellSpurs error: Unimplemented function: cellSpursJobGuardInitialize
HLE: E PPU[1] Thread (CPUThread)[0x01db50ac]cellSpurs error: Unimplemented function: cellSpursJobGuardInitialize
HLE: E PPU[1] Thread (CPUThread)[0x01db50ac]cellSpurs error: Unimplemented function: cellSpursJobGuardInitialize
HLE: E PPU[1] Thread (CPUThread)[0x01db50ac]cellSpurs error: Unimplemented function: cellSpursJobGuardInitialize
HLE: E PPU[1] Thread (CPUThread)[0x01db5184]cellSpurs error: Unimplemented function: cellSpursRunJobChain
HLE: W PPU[1] Thread (CPUThread)[0x01dc7058]sys_lwmutex warning: *** lwmutex created [] (attribute=0x22): sq_id = 244
HLE: W PPU[1] Thread (CPUThread)[0x01db10e8]cellGcmSys warning: cellGcmMapMainMemory(ea=0x34b00000,size=0x200000,offset_addr=0x1d86768)
HLE: W PPU[1] Thread (CPUThread)[0x01db10e8]cellGcmSys warning: cellGcmMapMainMemory(ea=0x34d00000,size=0x100000,offset_addr=0x1d868bc)
HLE: W PPU[1] Thread (CPUThread)[0x01dc7058]sys_lwmutex warning: *** lwmutex created [] (attribute=0x12): sq_id = 245
HLE: W PPU[1] Thread (CPUThread)[0x01dc7058]sys_lwmutex warning: *** lwmutex created [] (attribute=0x12): sq_id = 246
HLE: W PPU[1] Thread (CPUThread)[0x01dc7058]sys_lwmutex warning: *** lwmutex created [] (attribute=0x12): sq_id = 247
HLE: W PPU[1] Thread (CPUThread)[0x01dc7058]sys_lwmutex warning: *** lwmutex created [] (attribute=0x12): sq_id = 248
HLE: W PPU[1] Thread (CPUThread)[0x01dc7058]sys_lwmutex warning: *** lwmutex created [] (attribute=0x12): sq_id = 249
HLE: W PPU[1] Thread (CPUThread)[0x01db50f4]cellSpurs warning: _cellSpursAttributeInitialize(attr_addr=0xd0010308, nSpus=2, spuPriority=3342336, ppuPriority=1, exitIfNoWork=32)
HLE: W PPU[1] Thread (CPUThread)[0x01db5010]cellSpurs warning: cellSpursAttributeSetNamePrefix(attr_addr=0xd0010308, prefix_addr=0x1937c90, size=0xa)
HLE: W PPU[1] Thread (CPUThread)[0x01db5130]cellSpurs warning: cellSpursInitializeWithAttribute(spurs_addr=0x1d6c400, spurs_addr=0xd0010308)
HLE: W PPU[1] Thread (CPUThread)[0x00becdfc]sys_event warning: sys_event_queue_create(equeue_id_addr=0x1d6d400, attr_addr=0xd00101f8, event_queue_key=0x0, size=8)
HLE: W PPU[1] Thread (CPUThread)[0x00becdfc]sys_event warning: *** event_queue created [] (protocol=0x2, type=0x1): id = 250
HLE: W PPU[1] Thread (CPUThread)[0x00bece20]sys_event warning: sys_event_port_create(eport_id_addr=0x1d6d410, port_type=0x1, name=0xfee1dead)
HLE: W PPU[1] Thread (CPUThread)[0x00bece20]sys_event warning: *** sys_event_port created: id = 251
HLE: W PPU[1] Thread (CPUThread)[0x00bece38]sys_event warning: sys_event_port_connect_local(eport_id=251, equeue_id=250)
HLE: W PPU[1] Thread (CPUThread)[0x01db513c]cellSpurs warning: cellSpursAttachLv2EventQueue(spurs_addr=0x1d6c400, queue=0xfa, port_addr=0xd00101d0, isDynamic=0)
PPU: ! PPU[1] Thread (CPUThread)[0x01dc7028]*** New PPU Thread [sgx-spurs-printf-handler] (flags=0x1, entry=0x1bfae58): id = 252
HLE: W PPU[1] Thread (CPUThread)[0x01dc7058]sys_lwmutex warning: *** lwmutex created [] (attribute=0x22): sq_id = 253
HLE: W PPU[1] Thread (CPUThread)[0x00bed188]sys_event warning: sys_event_queue_create(equeue_id_addr=0x30960298, attr_addr=0xd0010520, event_queue_key=0x0, size=1)
HLE: W PPU[1] Thread (CPUThread)[0x00bed188]sys_event warning: *** event_queue created [] (protocol=0x2, type=0x1): id = 254
HLE: W PPU[1] Thread (CPUThread)[0x01db513c]cellSpurs warning: cellSpursAttachLv2EventQueue(spurs_addr=0x1d6c400, queue=0xfe, port_addr=0x3096029c, isDynamic=1)
HLE: E PPU[1] Thread (CPUThread)[0x01db5064]cellSpurs error: Unimplemented function: _cellSpursJobChainAttributeInitialize
HLE: E PPU[1] Thread (CPUThread)[0x01db510c]cellSpurs error: Unimplemented function: cellSpursJobChainAttributeSetName
HLE: E PPU[1] Thread (CPUThread)[0x01db504c]cellSpurs error: Unimplemented function: cellSpursCreateJobChainWithAttribute
HLE: E PPU[1] Thread (CPUThread)[0x01db50ac]cellSpurs error: Unimplemented function: cellSpursJobGuardInitialize
HLE: E PPU[1] Thread (CPUThread)[0x01db5184]cellSpurs error: Unimplemented function: cellSpursRunJobChain
HLE: E PPU[1] Thread (CPUThread)[0x01db5178]cellSpurs error: Unimplemented function: cellSpursJobGuardNotify
RSX: W VBlank threadVBlank thread aborted
HLE: W PPU[1] Thread (CPUThread)[0x00beb760]sys_event_queue_receive(equeue=254) aborted
RSX: W RSXThreadRSX thread aborted
HLE: W PPU[35] Thread (spu_printf_handler)[0x00cb0808]sys_event_queue_receive(equeue=34) aborted
HLE: W PPU[229] Thread (spuren runit0
)[0x01dc7040]sys_lwcond_wait(id=226) aborted
HLE: W PPU[42] Thread (sgsfile-req-th)[0x00c08f60]sys_cond_wait(id=40) aborted
HLE: W PPU[118] Thread (PPU Thread)[0x00c5d230]sys_cond_wait(id=116) aborted
HLE: W PPU[94] Thread (fios mediathread 3)[0x01dc7040]sys_lwcond_wait(id=91) aborted
HLE: W PPU[243] Thread (meRenderMngr2 Thread)[0x01dc7040]sys_lwcond_wait(id=241) aborted
HLE: W PPU[93] Thread (fios mediathread 2)[0x01dc7040]sys_lwcond_wait(id=90) aborted
HLE: W PPU[252] Thread (sgx-spurs-printf-handler)[0x00bed388]sys_event_queue_receive(equeue=250) aborted
HLE: W PPU[95] Thread (fios mediathread 4)[0x01dc7040]sys_lwcond_wait(id=92) aborted
HLE: W PPU[96] Thread (fios scheduler 1)[0x01dc7040]sys_lwcond_wait(id=86) aborted
HLE: ! All threads stopped...
MEM: ! Closing memory...
