HLE: ! path: /dev_hdd0/game/
LDR: ! Loading 'D:\Emulateurs\Rpcs3\dev_hdd0\game\NPEB00342/USRDIR/BOOT.BIN'...
LDR: !  
LDR: ! Mount info:
LDR: ! /dev_hdd0/ -> D:\Emulateurs\Rpcs3/dev_hdd0/
LDR: ! /dev_hdd1/ -> D:\Emulateurs\Rpcs3/dev_hdd1/
LDR: ! /dev_flash/ -> D:\Emulateurs\Rpcs3/dev_flash/
LDR: ! /dev_usb000/ -> D:\Emulateurs\Rpcs3/dev_usb000/
LDR: ! /dev_usb/ -> D:\Emulateurs\Rpcs3/dev_usb000/
LDR: ! /app_home/ -> D:\Emulateurs\Rpcs3\dev_hdd0\game\NPEB00342/
LDR: ! /dev_bdvd/ -> D:\Emulateurs\Rpcs3\dev_hdd0\game\NPEB00342//../
LDR: ! /host_root/ -> 
LDR: ! / -> D:\Emulateurs\Rpcs3\dev_hdd0\game\NPEB00342//USRDIR/
LDR: ! /app_home/PS3_GAME/USRDIR/ -> D:\Emulateurs\Rpcs3\dev_hdd0\game\NPEB00342//USRDIR/
LDR: ! /dev_flash2/ -> D:\Emulateurs\Rpcs3/dev_flash2/
LDR: ! /app_home/Game/PS3_GAME/USRDIR/ -> D:\Emulateurs\Rpcs3\dev_hdd0\game\NPEB00342//USRDIR/
LDR: !  
MEM: ! Initing memory...
MEM: ! Memory initialized.
LDR: ! Function 'cellAANAddData' hooked (addr=0x66fcc8)
LDR: ! Function 'cellSurMixerGetAANHandle' hooked (addr=0x66fd20)
LDR: ! Function 'cellSurMixerSetNotifyCallback' hooked (addr=0x66fd58)
LDR: ! Function 'cellSurMixerSurBusAddData' hooked (addr=0x66fdec)
LDR: ! Function 'cellSurMixerChStripGetAANPortNo' hooked (addr=0x670634)
LDR: ! Function 'cellSurMixerChStripSetParameter' hooked (addr=0x670960)
LDR: ! Function 'cellSurMixerPause' hooked (addr=0x670c14)
LDR: ! Function 'cellSurMixerSetParameter' hooked (addr=0x67208c)
LDR: ! Function 'cellSurMixerStart' hooked (addr=0x67215c)
LDR: ! Function 'cellSurMixerFinalize' hooked (addr=0x672464)
LDR: ! Function 'cellSurMixerCreate' hooked (addr=0x672ae4)
LDR: E Function 'cellAANConnect' not found
LDR: E Function 'cellAANDisconnect' not found
LDR: E Function group [surmxAAN] failed: missing;
LDR: E Function 'cellSurMixerRemoveNotifyCallback' not found
LDR: E Function 'cellSurMixerGetCurrentBlockTag' not found
LDR: E Function 'cellSurMixerGetTimestamp' not found
LDR: E Function 'cellSurMixerBeep' not found
LDR: E Function group [surmixer] failed: missing;
LDR: W Unimplemented function 'cellSaveDataUserListAutoSave' in 'cellSysutil' module
LDR: W Unimplemented function 'cellSaveDataUserListAutoLoad' in 'cellSysutil' module
LDR: W Unimplemented function 'cellSaveDataFixedDelete' in 'cellSysutil' module
LDR: W Unimplemented function 'cellSaveDataDelete2' in 'cellSysutil' module
LDR: W Unimplemented function 'sceNpBasicGetFriendListEntry' in 'sceNp' module
LDR: W Unimplemented function 'sceNpScoreGetRankingByRangeAsync' in 'sceNp' module
LDR: W Unimplemented function 'sceNpScoreDestroyTitleCtx' in 'sceNp' module
LDR: W Unimplemented function 'sceNpScoreInit' in 'sceNp' module
LDR: W Unimplemented function 'sceNpScoreGetRankingByNpIdAsync' in 'sceNp' module
LDR: W Unimplemented function 'sceNpManagerGetContentRatingFlag' in 'sceNp' module
LDR: W Unimplemented function 'sceNpScoreCreateTransactionCtx' in 'sceNp' module
LDR: W Unimplemented function 'sceNpScoreTerm' in 'sceNp' module
LDR: W Unimplemented function 'sceNpScorePollAsync' in 'sceNp' module
LDR: W Unimplemented function 'sceNpBasicGetFriendListEntryCount' in 'sceNp' module
LDR: W Unimplemented function 'sceNpScoreCreateTitleCtx' in 'sceNp' module
LDR: W Unimplemented function 'sceNpScoreDestroyTransactionCtx' in 'sceNp' module
LDR: W Unimplemented function 'sceNpProfileCallGui' in 'sceNp' module
LDR: W Unimplemented function 'sceNpScoreAbortTransaction' in 'sceNp' module
LDR: W Unimplemented function 'sceNpScoreRecordScoreAsync' in 'sceNp' module
LDR: W Unimplemented function 'sceNpManagerGetNpId' in 'sceNp' module
LDR: W Unimplemented function '_sys_heap_free' in 'sysPrxForUser' module
LDR: W Unimplemented function '_sys_heap_delete_heap' in 'sysPrxForUser' module
HLE: W PPU[1] Thread (CPUThread)[0x01a58034]sys_lwmutex warning: *** lwmutex created [_lc_mtx] (attribute=0x12): sq_id = 3
HLE: W PPU[1] Thread (CPUThread)[0x006fd208]memory warning: sys_memory_get_user_memory_size(mem_info_addr=0xd0010c04)
HLE: W PPU[1] Thread (CPUThread)[0x01a58034]sys_lwmutex warning: *** lwmutex created [_lc_mtx] (attribute=0x12): sq_id = 4
HLE: W PPU[1] Thread (CPUThread)[0x01a58034]sys_lwmutex warning: *** lwmutex created [_lc_mtx] (attribute=0x12): sq_id = 5
HLE: W PPU[1] Thread (CPUThread)[0x01a58034]sys_lwmutex warning: *** lwmutex created [_lc_mtx] (attribute=0x12): sq_id = 6
HLE: W PPU[1] Thread (CPUThread)[0x01a58034]sys_lwmutex warning: *** lwmutex created [_lc_mtx] (attribute=0x12): sq_id = 7
HLE: W PPU[1] Thread (CPUThread)[0x01a58034]sys_lwmutex warning: *** lwmutex created [_lc_mtx] (attribute=0x12): sq_id = 8
HLE: W PPU[1] Thread (CPUThread)[0x01a58034]sys_lwmutex warning: *** lwmutex created [_lc_mtx] (attribute=0x12): sq_id = 9
HLE: W PPU[1] Thread (CPUThread)[0x01a58034]sys_lwmutex warning: *** lwmutex created [_lc_mtx] (attribute=0x12): sq_id = 10
HLE: W PPU[1] Thread (CPUThread)[0x01a58034]sys_lwmutex warning: *** lwmutex created [_lc_mtx] (attribute=0x12): sq_id = 11
HLE: W PPU[1] Thread (CPUThread)[0x01a58034]sys_lwmutex warning: *** lwmutex created [_lc_mtx] (attribute=0x12): sq_id = 12
HLE: W PPU[1] Thread (CPUThread)[0x01a58034]sys_lwmutex warning: *** lwmutex created [_lgcmtx] (attribute=0x12): sq_id = 13
HLE: W PPU[1] Thread (CPUThread)[0x01a58034]sys_lwmutex warning: *** lwmutex created [_lgcmtx] (attribute=0x22): sq_id = 14
HLE: W PPU[1] Thread (CPUThread)[0x01a58034]sys_lwmutex warning: *** lwmutex created [] (attribute=0x12): sq_id = 15
PPU: ! PPU[1] Thread (CPUThread)[0x01a5801c]*** New PPU Thread [delayCloser_RD] (flags=0x1, entry=0x7d8ae8): id = 16
HLE: W PPU[1] Thread (CPUThread)[0x01a58034]sys_lwmutex warning: *** lwmutex created [HapErMt] (attribute=0x22): sq_id = 17
HLE: W PPU[1] Thread (CPUThread)[0x01a58034]sys_lwmutex warning: *** lwmutex created [] (attribute=0x12): sq_id = 18
HLE: W PPU[1] Thread (CPUThread)[0x01a58034]sys_lwmutex warning: *** lwmutex created [] (attribute=0x12): sq_id = 19
HLE: W PPU[1] Thread (CPUThread)[0x002f0e4c]memory warning: sys_memory_get_user_memory_size(mem_info_addr=0xd0010a80)
HLE: W PPU[1] Thread (CPUThread)[0x01a58034]sys_lwmutex warning: *** lwmutex created [] (attribute=0x12): sq_id = 20
HLE: W PPU[1] Thread (CPUThread)[0x002f0eb8]sys_event warning: sys_event_queue_create(equeue_id_addr=0x18e6c00, attr_addr=0xd0010ab8, event_queue_key=0x0, size=1)
HLE: W PPU[1] Thread (CPUThread)[0x002f0eb8]sys_event warning: *** event_queue created [] (protocol=0x2, type=0x1): id = 21
HLE: W PPU[1] Thread (CPUThread)[0x002f0ed0]sys_event warning: sys_event_port_create(eport_id_addr=0x18e6c04, port_type=0x1, name=0x0)
HLE: W PPU[1] Thread (CPUThread)[0x002f0ed0]sys_event warning: *** sys_event_port created: id = 22
HLE: W PPU[1] Thread (CPUThread)[0x002f0ee0]sys_event warning: sys_event_port_connect_local(eport_id=22, equeue_id=21)
PPU: ! PPU[1] Thread (CPUThread)[0x01a5801c]*** New PPU Thread [asyncReader_RD] (flags=0x1, entry=0x7d8aa8): id = 23
HLE: W PPU[1] Thread (CPUThread)[0x002f0eb8]sys_event warning: sys_event_queue_create(equeue_id_addr=0x18e6c28, attr_addr=0xd0010ab8, event_queue_key=0x0, size=1)
HLE: W PPU[1] Thread (CPUThread)[0x002f0eb8]sys_event warning: *** event_queue created [] (protocol=0x2, type=0x1): id = 24
HLE: W PPU[1] Thread (CPUThread)[0x002f0ed0]sys_event warning: sys_event_port_create(eport_id_addr=0x18e6c2c, port_type=0x1, name=0x0)
HLE: W PPU[1] Thread (CPUThread)[0x002f0ed0]sys_event warning: *** sys_event_port created: id = 25
HLE: W PPU[1] Thread (CPUThread)[0x002f0ee0]sys_event warning: sys_event_port_connect_local(eport_id=25, equeue_id=24)
PPU: ! PPU[1] Thread (CPUThread)[0x01a5801c]*** New PPU Thread [asyncReader_RD] (flags=0x1, entry=0x7d8aa8): id = 26
HLE: W PPU[1] Thread (CPUThread)[0x01a58034]sys_lwmutex warning: *** lwmutex created [] (attribute=0x12): sq_id = 27
HLE: W PPU[1] Thread (CPUThread)[0x002f0f84]sys_event warning: sys_event_queue_create(equeue_id_addr=0x18e6c68, attr_addr=0xd0010a98, event_queue_key=0x0, size=1)
HLE: W PPU[1] Thread (CPUThread)[0x002f0f84]sys_event warning: *** event_queue created [] (protocol=0x2, type=0x1): id = 28
HLE: W PPU[1] Thread (CPUThread)[0x002f0f9c]sys_event warning: sys_event_port_create(eport_id_addr=0x18e6c6c, port_type=0x1, name=0x0)
HLE: W PPU[1] Thread (CPUThread)[0x002f0f9c]sys_event warning: *** sys_event_port created: id = 29
HLE: W PPU[1] Thread (CPUThread)[0x002f0fac]sys_event warning: sys_event_port_connect_local(eport_id=29, equeue_id=28)
PPU: ! PPU[1] Thread (CPUThread)[0x01a5801c]*** New PPU Thread [asyncDecoder_RD] (flags=0x1, entry=0x7d8ab0): id = 30
HLE: W PPU[1] Thread (CPUThread)[0x002f0f84]sys_event warning: sys_event_queue_create(equeue_id_addr=0x18e6c98, attr_addr=0xd0010a98, event_queue_key=0x0, size=1)
HLE: W PPU[1] Thread (CPUThread)[0x002f0f84]sys_event warning: *** event_queue created [] (protocol=0x2, type=0x1): id = 31
HLE: W PPU[1] Thread (CPUThread)[0x002f0f9c]sys_event warning: sys_event_port_create(eport_id_addr=0x18e6c9c, port_type=0x1, name=0x0)
HLE: W PPU[1] Thread (CPUThread)[0x002f0f9c]sys_event warning: *** sys_event_port created: id = 32
HLE: W PPU[1] Thread (CPUThread)[0x002f0fac]sys_event warning: sys_event_port_connect_local(eport_id=32, equeue_id=31)
PPU: ! PPU[1] Thread (CPUThread)[0x01a5801c]*** New PPU Thread [asyncDecoder_RD] (flags=0x1, entry=0x7d8ab0): id = 33
HLE: W PPU[1] Thread (CPUThread)[0x01a58034]sys_lwmutex warning: *** lwmutex created [] (attribute=0x12): sq_id = 34
HLE: W PPU[1] Thread (CPUThread)[0x002f101c]memory warning: sys_memory_container_create(cid_addr=0x18e6ed0, yield_size=0x300000)
HLE: W PPU[1] Thread (CPUThread)[0x002f101c]memory warning: *** memory_container created(addr=0x30100000): id = 35
HLE: W PPU[1] Thread (CPUThread)[0x01a4e094]cellSpurs warning: _cellSpursAttributeInitialize(attr_addr=0xd0010880, nSpus=2, spuPriority=3342336, ppuPriority=5, exitIfNoWork=100)
HLE: W PPU[1] Thread (CPUThread)[0x01a4e070]cellSpurs warning: cellSpursAttributeSetMemoryContainerForSpuThread(attr_addr=0xd0010880, container=0x23)
HLE: W PPU[1] Thread (CPUThread)[0x01a4e034]cellSpurs warning: cellSpursInitializeWithAttribute2(spurs_addr=0x30400080, spurs_addr=0xd0010880)
HLE: W PPU[1] Thread (CPUThread)[0x01a58034]sys_lwmutex warning: *** lwmutex created [] (attribute=0x12): sq_id = 36
HLE: W PPU[1] Thread (CPUThread)[0x01a40064]cellSysutil warning: cellSysutilRegisterCallback(slot=0, func_addr=0x7dd210, userdata=0x0)
HLE: W PPU[1] Thread (CPUThread)[0x0026a44c]sys_event warning: sys_event_flag_create(eflag_id_addr=0x104d3a8, attr_addr=0xd0010b00, init=0xffffffff)
HLE: W PPU[1] Thread (CPUThread)[0x0026a44c]sys_event warning: *** event_flag created [evt0000] (protocol=0x2, type=0x10000): id = 37
HLE: W PPU[1] Thread (CPUThread)[0x00268328]sys_mutex warning: *** mutex created [] (protocol=0x2, recursive=false): id = 38
HLE: W PPU[1] Thread (CPUThread)[0x01a46010]cellSysmodule warning: cellSysmoduleLoadModule(CELL_SYSMODULE_FS)
HLE: W PPU[1] Thread (CPUThread)[0x01a46010]cellSysmodule warning: cellSysmoduleLoadModule(CELL_SYSMODULE_SYSUTIL_GAME)
HLE: W PPU[1] Thread (CPUThread)[0x01a4c028]cellGame warning: cellGameBootCheck(type_addr=0xd0010ac0, attributes_addr=0xd0010ac4, size_addr=0xd0010ac8, dirName_addr=0xd0010ad8)
HLE: W PPU[1] Thread (CPUThread)[0x01a4c004]cellGame warning: cellGameContentPermit(contentInfoPath_addr=0xdb9560, usrdirPath_addr=0xdb94e0)
HLE: W PPU[1] Thread (CPUThread)[0x01a3c064]sys_fs warning: cellFsAioInit(mount_point_addr=0xdb94e0 (/dev_hdd0/game/NPEB00342/USRDIR))
HLE: W PPU[1] Thread (CPUThread)[0x01a40034]cellSysutil warning: cellSysutilGetSystemParamInt: CELL_SYSUTIL_SYSTEMPARAM_ID_LANG
HLE: W PPU[30] Thread (asyncDecoder_RD)[0x002f0bc4]sys_event_queue_receive(equeue=28) aborted
HLE: W PPU[23] Thread (asyncReader_RD)[0x002efe80]sys_event_queue_receive(equeue=21) aborted
HLE: W PPU[26] Thread (asyncReader_RD)[0x002efe80]sys_event_queue_receive(equeue=24) aborted
HLE: W PPU[33] Thread (asyncDecoder_RD)[0x002f0bc4]sys_event_queue_receive(equeue=31) aborted
HLE: ! All threads stopped...
MEM: ! Closing memory...
