HLE: ! path: /dev_hdd0/game/
LDR: ! Loading 'D:\Emulateurs\Rpcs3\dev_hdd0\game\NPEB01041/USRDIR/BOOT.BIN'...
LDR: !  
LDR: ! Mount info:
LDR: ! /dev_hdd0/ -> D:\Emulateurs\Rpcs3/dev_hdd0/
LDR: ! /dev_hdd1/ -> D:\Emulateurs\Rpcs3/dev_hdd1/
LDR: ! /dev_flash/ -> D:\Emulateurs\Rpcs3/dev_flash/
LDR: ! /dev_usb000/ -> D:\Emulateurs\Rpcs3/dev_usb000/
LDR: ! /dev_usb/ -> D:\Emulateurs\Rpcs3/dev_usb000/
LDR: ! /app_home/ -> D:\Emulateurs\Rpcs3\dev_hdd0\game\NPEB01041/
LDR: ! /dev_bdvd/ -> D:\Emulateurs\Rpcs3\dev_hdd0\game\NPEB01041//../
LDR: ! /host_root/ -> 
LDR: ! / -> D:\Emulateurs\Rpcs3\dev_hdd0\game\NPEB01041//USRDIR/
LDR: ! /app_home/PS3_GAME/USRDIR/ -> D:\Emulateurs\Rpcs3\dev_hdd0\game\NPEB01041//USRDIR/
LDR: ! /dev_flash2/ -> D:\Emulateurs\Rpcs3/dev_flash2/
LDR: !  
MEM: ! Initing memory...
MEM: ! Memory initialized.
LDR: W Unimplemented function 'cellSaveDataFixedDelete' in 'cellSysutil' module
LDR: W Unimplemented function 'cellFsSdataOpenByFd' in 'sys_fs' module
LDR: W Unimplemented function 'cellFsFsync' in 'sys_fs' module
LDR: W Unimplemented function 'sceNpBasicSetPresenceDetails2' in 'sceNp' module
LDR: W Unimplemented function 'sceNpManagerGetContentRatingFlag' in 'sceNp' module
LDR: W Unimplemented function 'sceNpBasicUnregisterHandler' in 'sceNp' module
LDR: W Unimplemented function 'sceNpBasicRegisterHandler' in 'sceNp' module
LDR: W Unimplemented function 'sceNpManagerGetNpId' in 'sceNp' module
LDR: W Unimplemented function 'sceNp2Init' in 'sceNp2' module
LDR: W Unimplemented function 'sceNp2Term' in 'sceNp2' module
LDR: W Unknown module 'sceNpTus'
LDR: W Unknown module 'cellScreenShotUtility'
LDR: W Unimplemented function 'sys_prx_load_module_on_memcontainer_by_fd' in 'sysPrxForUser' module
LDR: W Unimplemented function 'sys_prx_load_module_by_fd' in 'sysPrxForUser' module
LDR: W Unimplemented function 'socketselect' in 'sys_net' module
LDR: W Unimplemented function 'cellSpursRemoveWorkload' in 'cellSpurs' module
LDR: W Unimplemented function 'cellSpursWaitForWorkloadShutdown' in 'cellSpurs' module
LDR: W Unimplemented function 'cellSpursAddWorkload' in 'cellSpurs' module
LDR: W Unimplemented function 'cellSpursWakeUp' in 'cellSpurs' module
LDR: W Unimplemented function 'cellSpursBarrierInitialize' in 'cellSpurs' module
LDR: W Unimplemented function 'cellSpursShutdownWorkload' in 'cellSpurs' module
LDR: W Unimplemented function '_cellSpursWorkloadFlagReceiver' in 'cellSpurs' module
LDR: W Unimplemented function 'cellSpursGetWorkloadFlag' in 'cellSpurs' module
LDR: W Unimplemented function 'cellSpursReadyCountStore' in 'cellSpurs' module
LDR: W Unimplemented function 'cellMicOpenEx' in 'cellMic' module
LDR: W Unimplemented function 'cellMicRead' in 'cellMic' module
LDR: W Unimplemented function 'cellMicSetNotifyEventQueue' in 'cellMic' module
LDR: W Unimplemented function 'cellMicClose' in 'cellMic' module
LDR: W Unimplemented function 'cellMicStart' in 'cellMic' module
LDR: W Unimplemented function 'cellMicStop' in 'cellMic' module
LDR: W Unknown module 'cellSysutilAvconfExt'
HLE: W PPU[1] Thread (CPUThread)[0x008c704c]sys_lwmutex warning: *** lwmutex created [_lc_mtx] (attribute=0x12): sq_id = 3
HLE: W PPU[1] Thread (CPUThread)[0x000205d4]memory warning: sys_memory_get_user_memory_size(mem_info_addr=0xd0010c04)
HLE: W PPU[1] Thread (CPUThread)[0x008c704c]sys_lwmutex warning: *** lwmutex created [_lc_mtx] (attribute=0x12): sq_id = 4
HLE: W PPU[1] Thread (CPUThread)[0x008c704c]sys_lwmutex warning: *** lwmutex created [_lc_mtx] (attribute=0x12): sq_id = 5
HLE: W PPU[1] Thread (CPUThread)[0x008c704c]sys_lwmutex warning: *** lwmutex created [_lc_mtx] (attribute=0x12): sq_id = 6
HLE: W PPU[1] Thread (CPUThread)[0x008c704c]sys_lwmutex warning: *** lwmutex created [_lc_mtx] (attribute=0x12): sq_id = 7
HLE: W PPU[1] Thread (CPUThread)[0x008c704c]sys_lwmutex warning: *** lwmutex created [_lc_mtx] (attribute=0x12): sq_id = 8
HLE: W PPU[1] Thread (CPUThread)[0x008c704c]sys_lwmutex warning: *** lwmutex created [_lc_mtx] (attribute=0x12): sq_id = 9
HLE: W PPU[1] Thread (CPUThread)[0x008c704c]sys_lwmutex warning: *** lwmutex created [_lc_mtx] (attribute=0x12): sq_id = 10
HLE: W PPU[1] Thread (CPUThread)[0x008c704c]sys_lwmutex warning: *** lwmutex created [_lc_mtx] (attribute=0x12): sq_id = 11
HLE: W PPU[1] Thread (CPUThread)[0x008c704c]sys_lwmutex warning: *** lwmutex created [_lc_mtx] (attribute=0x12): sq_id = 12
HLE: W PPU[1] Thread (CPUThread)[0x008c704c]sys_lwmutex warning: *** lwmutex created [ps3HDDL] (attribute=0x12): sq_id = 13
HLE: W PPU[1] Thread (CPUThread)[0x000e1940]cellSysutil warning: cellSysutilGetSystemParamInt: CELL_SYSUTIL_SYSTEMPARAM_ID_TIMEZONE
HLE: W PPU[1] Thread (CPUThread)[0x000e1940]cellSysutil warning: cellSysutilGetSystemParamInt: CELL_SYSUTIL_SYSTEMPARAM_ID_SUMMERTIME
HLE: W PPU[1] Thread (CPUThread)[0x000e1c90]cellSysutil warning: cellSysutilGetSystemParamInt: CELL_SYSUTIL_SYSTEMPARAM_ID_TIMEZONE
HLE: W PPU[1] Thread (CPUThread)[0x000e1c90]cellSysutil warning: cellSysutilGetSystemParamInt: CELL_SYSUTIL_SYSTEMPARAM_ID_SUMMERTIME
HLE: W PPU[1] Thread (CPUThread)[0x000e19cc]cellSysutil warning: cellSysutilGetSystemParamInt: CELL_SYSUTIL_SYSTEMPARAM_ID_TIMEZONE
HLE: W PPU[1] Thread (CPUThread)[0x000e19cc]cellSysutil warning: cellSysutilGetSystemParamInt: CELL_SYSUTIL_SYSTEMPARAM_ID_SUMMERTIME
HLE: W PPU[1] Thread (CPUThread)[0x000e1c90]cellSysutil warning: cellSysutilGetSystemParamInt: CELL_SYSUTIL_SYSTEMPARAM_ID_TIMEZONE
HLE: W PPU[1] Thread (CPUThread)[0x000e1c90]cellSysutil warning: cellSysutilGetSystemParamInt: CELL_SYSUTIL_SYSTEMPARAM_ID_SUMMERTIME
HLE: W PPU[1] Thread (CPUThread)[0x000e18ec]cellSysutil warning: cellSysutilGetSystemParamInt: CELL_SYSUTIL_SYSTEMPARAM_ID_TIMEZONE
HLE: W PPU[1] Thread (CPUThread)[0x000e18ec]cellSysutil warning: cellSysutilGetSystemParamInt: CELL_SYSUTIL_SYSTEMPARAM_ID_SUMMERTIME
HLE: W PPU[1] Thread (CPUThread)[0x000e19cc]cellSysutil warning: cellSysutilGetSystemParamInt: CELL_SYSUTIL_SYSTEMPARAM_ID_TIMEZONE
HLE: W PPU[1] Thread (CPUThread)[0x000e19cc]cellSysutil warning: cellSysutilGetSystemParamInt: CELL_SYSUTIL_SYSTEMPARAM_ID_SUMMERTIME
HLE: W PPU[1] Thread (CPUThread)[0x0053f010]cellSysmodule warning: cellSysmoduleLoadModule(CELL_SYSMODULE_SYSUTIL_SCREENSHOT)
HLE: E PPU[1] Thread (CPUThread)[0x008c3010]TODO: cellScreenShotSetParameter
HLE: E PPU[1] Thread (CPUThread)[0x008c3004]TODO: cellScreenShotEnable
HLE: W PPU[1] Thread (CPUThread)[0x0053f010]cellSysmodule warning: cellSysmoduleLoadModule(CELL_SYSMODULE_SYSUTIL_NP)
HLE: W PPU[1] Thread (CPUThread)[0x0053f010]cellSysmodule warning: cellSysmoduleLoadModule(CELL_SYSMODULE_SYSUTIL_NP_TUS)
HLE: W PPU[1] Thread (CPUThread)[0x0053f010]cellSysmodule warning: cellSysmoduleLoadModule(CELL_SYSMODULE_RTC)
HLE: W PPU[1] Thread (CPUThread)[0x0053b058]cellSysutil warning: cellSysutilRegisterCallback(slot=2, func_addr=0x557d00, userdata=0x837990)
HLE: W PPU[1] Thread (CPUThread)[0x008cb028]cellGcmSys warning: cellGcmInit(context_addr=0x5c90dc,cmdSize=0xf0000,ioSize=0x100000,ioAddress=0x30200000)
HLE: W PPU[1] Thread (CPUThread)[0x008cb028]cellGcmSys warning: *** local memory(addr=0xc0000000, size=0xf900000)
HLE: W PPU[1] Thread (CPUThread)[0x008cb028]cellGcmSys warning: cellGcmMapEaIoAddress(ea=0x30200000, io=0x0, size=0x100000)
RSX: ! RSXThreadRSX thread started
HLE: W PPU[1] Thread (CPUThread)[0x008cb100]cellGcmSys warning: cellGcmSetVBlankHandler(handler_addr=0x56a2b8)
HLE: W PPU[1] Thread (CPUThread)[0x008cb010]cellGcmSys warning: cellGcmSetUserHandler(handler_addr=0x56a600)
HLE: W PPU[1] Thread (CPUThread)[0x0053b094]cellSysutil warning: cellVideoOutGetNumberOfDevice(videoOut=0)
HLE: W PPU[1] Thread (CPUThread)[0x0053b0ac]cellSysutil warning: cellVideoOutGetResolutionAvailability(videoOut=0, resolutionId=0x2, option_addr=0x0, aspect=0x0, option=0x2f7f0800)
HLE: W PPU[1] Thread (CPUThread)[0x008cb004]cellGcmSys warning: cellGcmGetTiledPitchSize(size=5120)
HLE: W PPU[1] Thread (CPUThread)[0x0053b07c]cellSysutil warning: cellVideoOutConfigure(videoOut=0, config_addr=0xd0010aa4, option_addr=0x0, waitForEvent=0x0)
HLE: W PPU[1] Thread (CPUThread)[0x008cb070]cellGcmSys warning: cellGcmSetFlipMode(mode=2)
HLE: W PPU[1] Thread (CPUThread)[0x008cb124]cellGcmSys warning: cellGcmSetTileInfo(index=0, location=0, offset=0, size=7864320, pitch=5120, comp=7, base=0, bank=0)
HLE: E PPU[1] Thread (CPUThread)[0x008cb124]cellGcmSys error: cellGcmSetTileInfo: bad compression mode! (7)
HLE: W PPU[1] Thread (CPUThread)[0x008cb064]cellGcmSys warning: cellGcmBindTile(index=0)
HLE: W PPU[1] Thread (CPUThread)[0x008cb004]cellGcmSys warning: cellGcmGetTiledPitchSize(size=10240)
HLE: W PPU[1] Thread (CPUThread)[0x008cb004]cellGcmSys warning: cellGcmGetTiledPitchSize(size=10240)
HLE: W PPU[1] Thread (CPUThread)[0x008cb124]cellGcmSys warning: cellGcmSetTileInfo(index=1, location=0, offset=7864320, size=15073280, pitch=10240, comp=8, base=120, bank=0)
HLE: E PPU[1] Thread (CPUThread)[0x008cb124]cellGcmSys error: cellGcmSetTileInfo: bad compression mode! (8)
HLE: W PPU[1] Thread (CPUThread)[0x008cb064]cellGcmSys warning: cellGcmBindTile(index=1)
HLE: W PPU[1] Thread (CPUThread)[0x008cb124]cellGcmSys warning: cellGcmSetTileInfo(index=2, location=0, offset=22937600, size=15073280, pitch=10240, comp=10, base=580, bank=2)
HLE: E PPU[1] Thread (CPUThread)[0x008cb124]cellGcmSys error: cellGcmSetTileInfo: bad compression mode! (10)
HLE: W PPU[1] Thread (CPUThread)[0x008cb064]cellGcmSys warning: cellGcmBindTile(index=2)
HLE: W PPU[1] Thread (CPUThread)[0x008cb0d0]cellGcmSys warning: cellGcmBindZcull(index=0)
HLE: W PPU[1] Thread (CPUThread)[0x008cb094]cellGcmSys warning: cellGcmMapEaIoAddress(ea=0x30300000, io=0xa100000, size=0x3f00000)
HLE: W PPU[1] Thread (CPUThread)[0x008cb088]cellGcmSys warning: cellGcmMapEaIoAddressWithFlags(ea=0x34200000, io=0xe000000, size=0x100000, flags=0x2)
HLE: W PPU[1] Thread (CPUThread)[0x008cb088]cellGcmSys warning: cellGcmMapEaIoAddress(ea=0x34200000, io=0xe000000, size=0x100000)
HLE: W PPU[1] Thread (CPUThread)[0x0053f010]cellSysmodule warning: cellSysmoduleLoadModule(CELL_SYSMODULE_NET)
HLE: W PPU[1] Thread (CPUThread)[0x0053f010]cellSysmodule warning: cellSysmoduleLoadModule(CELL_SYSMODULE_NETCTL)
HLE: W PPU[1] Thread (CPUThread)[0x0053f010]cellSysmodule warning: cellSysmoduleLoadModule(CELL_SYSMODULE_RESC)
HLE: W PPU[1] Thread (CPUThread)[0x0053f010]cellSysmodule warning: cellSysmoduleLoadModule(CELL_SYSMODULE_USBD)
HLE: W PPU[1] Thread (CPUThread)[0x0053f010]cellSysmodule warning: cellSysmoduleLoadModule(CELL_SYSMODULE_SYSUTIL_GAME)
HLE: W PPU[1] Thread (CPUThread)[0x0053b058]cellSysutil warning: cellSysutilRegisterCallback(slot=0, func_addr=0x56ab88, userdata=0x837990)
HLE: W PPU[1] Thread (CPUThread)[0x008cf0b8]cellSpurs warning: _cellSpursAttributeInitialize(attr_addr=0xd0010970, nSpus=2, spuPriority=3342336, ppuPriority=2, exitIfNoWork=250)
HLE: W PPU[1] Thread (CPUThread)[0x008cf0f4]cellSpurs warning: cellSpursInitializeWithAttribute(spurs_addr=0x34200400, spurs_addr=0xd0010970)
HLE: W PPU[1] Thread (CPUThread)[0x008c704c]sys_lwmutex warning: *** lwmutex created [] (attribute=0x22): sq_id = 14
HLE: W PPU[1] Thread (CPUThread)[0x008c70b8]sys_lwcond warning: *** lwcond created [] (lwmutex_addr=0x878140): id = 15
HLE: W PPU[1] Thread (CPUThread)[0x008c704c]sys_lwmutex warning: *** lwmutex created [] (attribute=0x22): sq_id = 16
HLE: W PPU[1] Thread (CPUThread)[0x008c70b8]sys_lwcond warning: *** lwcond created [] (lwmutex_addr=0x886998): id = 17
HLE: W PPU[1] Thread (CPUThread)[0x008c704c]sys_lwmutex warning: *** lwmutex created [] (attribute=0x22): sq_id = 18
HLE: W PPU[1] Thread (CPUThread)[0x008c70b8]sys_lwcond warning: *** lwcond created [] (lwmutex_addr=0x852468): id = 19
HLE: W PPU[1] Thread (CPUThread)[0x0035dc8c]sys_event warning: sys_event_queue_create(equeue_id_addr=0x88d508, attr_addr=0xd0010a04, event_queue_key=0x0, size=8)
HLE: W PPU[1] Thread (CPUThread)[0x0035dc8c]sys_event warning: *** event_queue created [] (protocol=0x2, type=0x1): id = 20
PPU: ! PPU[1] Thread (CPUThread)[0x008c7028]*** New PPU Thread [spu_printf_handler] (flags=0x1, entry=0x564460): id = 21
HLE: W PPU[1] Thread (CPUThread)[0x0035dd24]sys_event warning: sys_event_port_create(eport_id_addr=0x88d50c, port_type=0x1, name=0xd1ed1ed1)
HLE: W PPU[1] Thread (CPUThread)[0x0035dd24]sys_event warning: *** sys_event_port created: id = 22
HLE: W PPU[1] Thread (CPUThread)[0x0035dd34]sys_event warning: sys_event_port_connect_local(eport_id=22, equeue_id=20)
HLE: W PPU[1] Thread (CPUThread)[0x008cf100]cellSpurs warning: cellSpursAttachLv2EventQueue(spurs_addr=0x34200400, queue=0x14, port_addr=0xd0010a00, isDynamic=0)
HLE: E PPU[1] Thread (CPUThread)[0x008cf070]TODO: cellSpursAddWorkload
HLE: E PPU[1] Thread (CPUThread)[0x008cf0dc]TODO: _cellSpursWorkloadFlagReceiver
HLE: E PPU[1] Thread (CPUThread)[0x008cf154]TODO: cellSpursReadyCountStore
HLE: E PPU[1] Thread (CPUThread)[0x008cf07c]TODO: cellSpursWakeUp
HLE: W PPU[1] Thread (CPUThread)[0x008c704c]sys_lwmutex warning: *** lwmutex created [] (attribute=0x22): sq_id = 23
HLE: W PPU[1] Thread (CPUThread)[0x008c70b8]sys_lwcond warning: *** lwcond created [] (lwmutex_addr=0x879430): id = 24
HLE: W PPU[1] Thread (CPUThread)[0x008c704c]sys_lwmutex warning: *** lwmutex created [] (attribute=0x22): sq_id = 25
HLE: W PPU[1] Thread (CPUThread)[0x008c70b8]sys_lwcond warning: *** lwcond created [] (lwmutex_addr=0x879460): id = 26
HLE: W PPU[1] Thread (CPUThread)[0x008c704c]sys_lwmutex warning: *** lwmutex created [] (attribute=0x22): sq_id = 27
HLE: W PPU[1] Thread (CPUThread)[0x008c70b8]sys_lwcond warning: *** lwcond created [] (lwmutex_addr=0x8793d0): id = 28
HLE: W PPU[1] Thread (CPUThread)[0x008c704c]sys_lwmutex warning: *** lwmutex created [] (attribute=0x22): sq_id = 29
HLE: W PPU[1] Thread (CPUThread)[0x008c70b8]sys_lwcond warning: *** lwcond created [] (lwmutex_addr=0x879400): id = 30
PPU: ! PPU[1] Thread (CPUThread)[0x008c7028]*** New PPU Thread [PhyreEngineWorkerThread0] (flags=0x1, entry=0x55c928): id = 31
PPU: ! PPU[1] Thread (CPUThread)[0x008c7028]*** New PPU Thread [PhyreEngineWorkerThread1] (flags=0x1, entry=0x55c928): id = 32
PPU: ! PPU[1] Thread (CPUThread)[0x008c7028]*** New PPU Thread [PhyreEngineHDDPathThread] (flags=0x0, entry=0x55c928): id = 33
HLE: W PPU[33] Thread (PhyreEngineHDDPathThread)[0x008b701c]cellGame warning: cellGameBootCheck(type_addr=0xd0060cd0, attributes_addr=0xd0060cd4, size_addr=0xd0060cd8, dirName_addr=0x0)
HLE: W PPU[33] Thread (PhyreEngineHDDPathThread)[0x008b7010]cellGame warning: cellGameContentPermit(contentInfoPath_addr=0xd0060ce8, usrdirPath_addr=0x8b1628)
HLE: W PPU[1] Thread (CPUThread)[0x008c704c]sys_lwmutex warning: *** lwmutex created [] (attribute=0x22): sq_id = 34
HLE: W PPU[1] Thread (CPUThread)[0x008c70b8]sys_lwcond warning: *** lwcond created [] (lwmutex_addr=0x87cd60): id = 35
HLE: W PPU[1] Thread (CPUThread)[0x008c704c]sys_lwmutex warning: *** lwmutex created [] (attribute=0x22): sq_id = 36
HLE: W PPU[1] Thread (CPUThread)[0x008c70b8]sys_lwcond warning: *** lwcond created [] (lwmutex_addr=0x87cdd8): id = 37
HLE: E PPU[1] Thread (CPUThread)[0x008cf124]TODO: cellSpursGetWorkloadFlag
HLE: W PPU[1] Thread (CPUThread)[0x008c704c]sys_lwmutex warning: *** lwmutex created [] (attribute=0x22): sq_id = 38
HLE: W PPU[1] Thread (CPUThread)[0x008c70b8]sys_lwcond warning: *** lwcond created [] (lwmutex_addr=0x885658): id = 39
HLE: W PPU[1] Thread (CPUThread)[0x008c704c]sys_lwmutex warning: *** lwmutex created [] (attribute=0x22): sq_id = 40
HLE: W PPU[1] Thread (CPUThread)[0x008c70b8]sys_lwcond warning: *** lwcond created [] (lwmutex_addr=0x885688): id = 41
HLE: W PPU[1] Thread (CPUThread)[0x008c704c]sys_lwmutex warning: *** lwmutex created [] (attribute=0x22): sq_id = 42
HLE: W PPU[1] Thread (CPUThread)[0x008c70b8]sys_lwcond warning: *** lwcond created [] (lwmutex_addr=0x885258): id = 43
HLE: W PPU[1] Thread (CPUThread)[0x008c704c]sys_lwmutex warning: *** lwmutex created [] (attribute=0x22): sq_id = 44
HLE: W PPU[1] Thread (CPUThread)[0x008c70b8]sys_lwcond warning: *** lwcond created [] (lwmutex_addr=0x885298): id = 45
HLE: W PPU[1] Thread (CPUThread)[0x008c704c]sys_lwmutex warning: *** lwmutex created [] (attribute=0x22): sq_id = 46
HLE: W PPU[1] Thread (CPUThread)[0x008c70b8]sys_lwcond warning: *** lwcond created [] (lwmutex_addr=0x8852d8): id = 47
HLE: W PPU[1] Thread (CPUThread)[0x008c704c]sys_lwmutex warning: *** lwmutex created [] (attribute=0x22): sq_id = 48
HLE: W PPU[1] Thread (CPUThread)[0x008c70b8]sys_lwcond warning: *** lwcond created [] (lwmutex_addr=0x885318): id = 49
HLE: W PPU[1] Thread (CPUThread)[0x008c704c]sys_lwmutex warning: *** lwmutex created [] (attribute=0x22): sq_id = 50
HLE: W PPU[1] Thread (CPUThread)[0x008c70b8]sys_lwcond warning: *** lwcond created [] (lwmutex_addr=0x885358): id = 51
HLE: W PPU[1] Thread (CPUThread)[0x008c704c]sys_lwmutex warning: *** lwmutex created [] (attribute=0x22): sq_id = 52
HLE: W PPU[1] Thread (CPUThread)[0x008c70b8]sys_lwcond warning: *** lwcond created [] (lwmutex_addr=0x885398): id = 53
HLE: W PPU[1] Thread (CPUThread)[0x008c704c]sys_lwmutex warning: *** lwmutex created [] (attribute=0x22): sq_id = 54
HLE: W PPU[1] Thread (CPUThread)[0x008c70b8]sys_lwcond warning: *** lwcond created [] (lwmutex_addr=0x8853d8): id = 55
HLE: W PPU[1] Thread (CPUThread)[0x008c704c]sys_lwmutex warning: *** lwmutex created [] (attribute=0x22): sq_id = 56
HLE: W PPU[1] Thread (CPUThread)[0x008c70b8]sys_lwcond warning: *** lwcond created [] (lwmutex_addr=0x885418): id = 57
HLE: W PPU[1] Thread (CPUThread)[0x008c704c]sys_lwmutex warning: *** lwmutex created [] (attribute=0x22): sq_id = 58
HLE: W PPU[1] Thread (CPUThread)[0x008c70b8]sys_lwcond warning: *** lwcond created [] (lwmutex_addr=0x885458): id = 59
HLE: W PPU[1] Thread (CPUThread)[0x008c704c]sys_lwmutex warning: *** lwmutex created [] (attribute=0x22): sq_id = 60
HLE: W PPU[1] Thread (CPUThread)[0x008c70b8]sys_lwcond warning: *** lwcond created [] (lwmutex_addr=0x885498): id = 61
HLE: W PPU[1] Thread (CPUThread)[0x008c704c]sys_lwmutex warning: *** lwmutex created [] (attribute=0x22): sq_id = 62
HLE: W PPU[1] Thread (CPUThread)[0x008c70b8]sys_lwcond warning: *** lwcond created [] (lwmutex_addr=0x8854d8): id = 63
HLE: W PPU[1] Thread (CPUThread)[0x008c704c]sys_lwmutex warning: *** lwmutex created [] (attribute=0x22): sq_id = 64
HLE: W PPU[1] Thread (CPUThread)[0x008c70b8]sys_lwcond warning: *** lwcond created [] (lwmutex_addr=0x885518): id = 65
HLE: W PPU[1] Thread (CPUThread)[0x008c704c]sys_lwmutex warning: *** lwmutex created [] (attribute=0x22): sq_id = 66
HLE: W PPU[1] Thread (CPUThread)[0x008c70b8]sys_lwcond warning: *** lwcond created [] (lwmutex_addr=0x885558): id = 67
HLE: W PPU[1] Thread (CPUThread)[0x008c704c]sys_lwmutex warning: *** lwmutex created [] (attribute=0x22): sq_id = 68
HLE: W PPU[1] Thread (CPUThread)[0x008c70b8]sys_lwcond warning: *** lwcond created [] (lwmutex_addr=0x885598): id = 69
HLE: W PPU[1] Thread (CPUThread)[0x008c704c]sys_lwmutex warning: *** lwmutex created [] (attribute=0x22): sq_id = 70
HLE: W PPU[1] Thread (CPUThread)[0x008c70b8]sys_lwcond warning: *** lwcond created [] (lwmutex_addr=0x8855d8): id = 71
HLE: W PPU[1] Thread (CPUThread)[0x008c704c]sys_lwmutex warning: *** lwmutex created [] (attribute=0x22): sq_id = 72
HLE: W PPU[1] Thread (CPUThread)[0x008c70b8]sys_lwcond warning: *** lwcond created [] (lwmutex_addr=0x885618): id = 73
PPU: ! PPU[1] Thread (CPUThread)[0x008c7028]*** New PPU Thread [PhyreEngineRenderThread] (flags=0x1, entry=0x55c928): id = 74
HLE: W PPU[1] Thread (CPUThread)[0x008c704c]sys_lwmutex warning: *** lwmutex created [] (attribute=0x22): sq_id = 75
HLE: W PPU[1] Thread (CPUThread)[0x008c70b8]sys_lwcond warning: *** lwcond created [] (lwmutex_addr=0x837ae8): id = 76
HLE: W PPU[1] Thread (CPUThread)[0x008c704c]sys_lwmutex warning: *** lwmutex created [] (attribute=0x22): sq_id = 77
HLE: W PPU[1] Thread (CPUThread)[0x008c70b8]sys_lwcond warning: *** lwcond created [] (lwmutex_addr=0x89ebd0): id = 78
HLE: W PPU[1] Thread (CPUThread)[0x0053b028]cellSysutil warning: cellSysutilGetSystemParamInt: CELL_SYSUTIL_SYSTEMPARAM_ID_ENTER_BUTTON_ASSIGN
HLE: W PPU[1] Thread (CPUThread)[0x008bd064]sceNpTrophy warning: sceNpTrophyCreateContext(context_addr=0x5dc1a8, commID_addr=0x837810, commSign_addr=0x83789c, options=0x0)
HLE: W PPU[1] Thread (CPUThread)[0x008bd010]sceNpTrophy warning: sceNpTrophyCreateHandle(handle_addr=0x5dc1ac)
HLE: W PPU[1] Thread (CPUThread)[0x008bd01c]sceNpTrophy warning: sceNpTrophyGetRequiredDiskSpace(context=0, handle=0, reqspace_addr=0xd00109c8, options=0x0)
HLE: W PPU[1] Thread (CPUThread)[0x008bd004]sceNpTrophy warning: sceNpTrophyRegisterContext(context=0, handle=0, statusCb_addr=0x557c08, arg_addr=0x0, options=0x0)
HLE: W PPU[1] Thread (CPUThread)[0x008bd004]vfsLocalFile::Create('D:\Emulateurs\Rpcs3\dev_hdd0\home\00000001\trophy\NPWR04144_00\TROPCONF.SFM')
HLE: W PPU[1] Thread (CPUThread)[0x008bd004]vfsLocalFile::Create('D:\Emulateurs\Rpcs3\dev_hdd0\home\00000001\trophy\NPWR04144_00\ICON0.PNG')
HLE: W PPU[1] Thread (CPUThread)[0x008bd004]vfsLocalFile::Create('D:\Emulateurs\Rpcs3\dev_hdd0\home\00000001\trophy\NPWR04144_00\TROP000.PNG')
HLE: W PPU[1] Thread (CPUThread)[0x008bd004]vfsLocalFile::Create('D:\Emulateurs\Rpcs3\dev_hdd0\home\00000001\trophy\NPWR04144_00\TROP001.PNG')
HLE: W PPU[1] Thread (CPUThread)[0x008bd004]vfsLocalFile::Create('D:\Emulateurs\Rpcs3\dev_hdd0\home\00000001\trophy\NPWR04144_00\TROP002.PNG')
HLE: W PPU[1] Thread (CPUThread)[0x008bd004]vfsLocalFile::Create('D:\Emulateurs\Rpcs3\dev_hdd0\home\00000001\trophy\NPWR04144_00\TROP003.PNG')
HLE: W PPU[1] Thread (CPUThread)[0x008bd004]vfsLocalFile::Create('D:\Emulateurs\Rpcs3\dev_hdd0\home\00000001\trophy\NPWR04144_00\TROP004.PNG')
HLE: W PPU[1] Thread (CPUThread)[0x008bd004]vfsLocalFile::Create('D:\Emulateurs\Rpcs3\dev_hdd0\home\00000001\trophy\NPWR04144_00\TROP005.PNG')
HLE: W PPU[1] Thread (CPUThread)[0x008bd004]vfsLocalFile::Create('D:\Emulateurs\Rpcs3\dev_hdd0\home\00000001\trophy\NPWR04144_00\TROP006.PNG')
HLE: W PPU[1] Thread (CPUThread)[0x008bd004]vfsLocalFile::Create('D:\Emulateurs\Rpcs3\dev_hdd0\home\00000001\trophy\NPWR04144_00\TROP007.PNG')
HLE: W PPU[1] Thread (CPUThread)[0x008bd004]vfsLocalFile::Create('D:\Emulateurs\Rpcs3\dev_hdd0\home\00000001\trophy\NPWR04144_00\TROP008.PNG')
HLE: W PPU[1] Thread (CPUThread)[0x008bd004]vfsLocalFile::Create('D:\Emulateurs\Rpcs3\dev_hdd0\home\00000001\trophy\NPWR04144_00\TROP009.PNG')
HLE: W PPU[1] Thread (CPUThread)[0x008bd004]vfsLocalFile::Create('D:\Emulateurs\Rpcs3\dev_hdd0\home\00000001\trophy\NPWR04144_00\TROP010.PNG')
HLE: W PPU[1] Thread (CPUThread)[0x008bd004]vfsLocalFile::Create('D:\Emulateurs\Rpcs3\dev_hdd0\home\00000001\trophy\NPWR04144_00\TROP011.PNG')
HLE: W PPU[1] Thread (CPUThread)[0x008bd004]vfsLocalFile::Create('D:\Emulateurs\Rpcs3\dev_hdd0\home\00000001\trophy\NPWR04144_00\TROP012.PNG')
HLE: W PPU[1] Thread (CPUThread)[0x008bd004]vfsLocalFile::Create('D:\Emulateurs\Rpcs3\dev_hdd0\home\00000001\trophy\NPWR04144_00\TROP013.PNG')
HLE: W PPU[1] Thread (CPUThread)[0x008bd004]vfsLocalFile::Create('D:\Emulateurs\Rpcs3\dev_hdd0\home\00000001\trophy\NPWR04144_00\TROP014.PNG')
HLE: W PPU[1] Thread (CPUThread)[0x008bd004]vfsLocalFile::Create('D:\Emulateurs\Rpcs3\dev_hdd0\home\00000001\trophy\NPWR04144_00\TROP015.PNG')
HLE: W PPU[1] Thread (CPUThread)[0x008bd004]vfsLocalFile::Create('D:\Emulateurs\Rpcs3\dev_hdd0\home\00000001\trophy\NPWR04144_00\TROP016.PNG')
HLE: W PPU[1] Thread (CPUThread)[0x008bd004]vfsLocalFile::Create('D:\Emulateurs\Rpcs3\dev_hdd0\home\00000001\trophy\NPWR04144_00\TROP017.PNG')
HLE: W PPU[1] Thread (CPUThread)[0x008bd004]vfsLocalFile::Create('D:\Emulateurs\Rpcs3\dev_hdd0\home\00000001\trophy\NPWR04144_00\TROP018.PNG')
HLE: W PPU[1] Thread (CPUThread)[0x008bd004]vfsLocalFile::Create('D:\Emulateurs\Rpcs3\dev_hdd0\home\00000001\trophy\NPWR04144_00\TROP019.PNG')
HLE: E PPU[1] Thread (CPUThread)[0x008bb004]TODO: sceNp2Init
HLE: E PPU[1] Thread (CPUThread)[0x008c1058]TODO: sceNpTusInit
HLE: E PPU[1] Thread (CPUThread)[0x008b5028]cellNetCtl error: Unimplemented function: cellNetCtlInit
HLE: E PPU[1] Thread (CPUThread)[0x0053d01c]sys_fs error: "Assets/Creatures.ini" not found! flags: 0x00000000
HLE: W PPU[1] Thread (CPUThread)[0x0053d01c]"/dev_hdd0/game/NPEB01041/USRDIR/Assets/Creatures.ini" opened: fd = 79
HLE: W PPU[1] Thread (CPUThread)[0x0053d034]sys_fs warning: cellFsStReadInit(fd=79, ringbuf_addr=0xd0010678)
HLE: W PPU[1] Thread (CPUThread)[0x0053d04c]sys_fs warning: TODO: cellFsStReadStart(fd=79, offset=0x0, size=0x1c66)
HLE: W PPU[1] Thread (CPUThread)[0x0053d040]sys_fs warning: TODO: cellFsStRead(fd=79, buf_addr=0x301c5ad0, size=0x1c66, rsize_addr = 0xd00106d8)
HLE: W PPU[1] Thread (CPUThread)[0x0053d07c]sys_fs warning: cellFsStReadStop(fd=79)
HLE: W PPU[1] Thread (CPUThread)[0x0053d064]sys_fs warning: cellFsStReadFinish(fd=79)
HLE: W PPU[1] Thread (CPUThread)[0x0053d004]sys_fs warning: cellFsClose(fd=79)
HLE: E PPU[1] Thread (CPUThread)[0x0053d01c]sys_fs error: "Assets/Localization/Standard_Quests.csv" not found! flags: 0x00000000
HLE: W PPU[1] Thread (CPUThread)[0x0053d01c]"/dev_hdd0/game/NPEB01041/USRDIR/Assets/Localization/Standard_Quests.csv" opened: fd = 80
HLE: W PPU[1] Thread (CPUThread)[0x0053d034]sys_fs warning: cellFsStReadInit(fd=80, ringbuf_addr=0xd000e028)
HLE: W PPU[1] Thread (CPUThread)[0x0053d04c]sys_fs warning: TODO: cellFsStReadStart(fd=80, offset=0x0, size=0x2bfe08)
HLE: W PPU[1] Thread (CPUThread)[0x0053d040]sys_fs warning: TODO: cellFsStRead(fd=80, buf_addr=0x34800010, size=0x10000, rsize_addr = 0xd000e088)
HLE: W PPU[1] Thread (CPUThread)[0x0053d040]sys_fs warning: TODO: cellFsStRead(fd=80, buf_addr=0x34811c76, size=0x10000, rsize_addr = 0xd000e088)
HLE: W PPU[1] Thread (CPUThread)[0x0053d040]sys_fs warning: TODO: cellFsStRead(fd=80, buf_addr=0x348338dc, size=0x10000, rsize_addr = 0xd000e088)
HLE: W PPU[1] Thread (CPUThread)[0x0053d040]sys_fs warning: TODO: cellFsStRead(fd=80, buf_addr=0x34865542, size=0x10000, rsize_addr = 0xd000e088)
HLE: W PPU[1] Thread (CPUThread)[0x0053d040]sys_fs warning: TODO: cellFsStRead(fd=80, buf_addr=0x348a71a8, size=0x10000, rsize_addr = 0xd000e088)
HLE: W PPU[1] Thread (CPUThread)[0x0053d040]sys_fs warning: TODO: cellFsStRead(fd=80, buf_addr=0x348f8e0e, size=0x10000, rsize_addr = 0xd000e088)
RSX: W RSXThreadRSX thread aborted
RSX: W VBlank threadVBlank thread aborted
HLE: W PPU[74] Thread (PhyreEngineRenderThread)[0x008c7034]sys_lwcond_wait(id=43) aborted
HLE: W PPU[32] Thread (PhyreEngineWorkerThread1)[0x008c7034]sys_lwcond_wait(id=28) aborted
HLE: W PPU[21] Thread (spu_printf_handler)[0x0035e6c8]sys_event_queue_receive(equeue=20) aborted
HLE: W PPU[31] Thread (PhyreEngineWorkerThread0)[0x008c7034]sys_lwcond_wait(id=28) aborted
HLE: ! All threads stopped...
MEM: ! Closing memory...
