HLE: ! path: /dev_hdd0/game/
HLE: W No pause.bin found, Auto Pause will not work.
HLE: W No pause.bin found, Auto Pause will not work.
LDR: ! Loading 'D:\Emulateurs\Rpcs3\dev_hdd0\game\BLES00594-[Agarest Generations of War]/PS3_GAME/USRDIR/BOOT.BIN'...
LDR: !  
LDR: ! Mount info:
LDR: ! /dev_hdd0/ -> ./dev_hdd0/
LDR: ! /dev_hdd1/ -> ./dev_hdd1/
LDR: ! /dev_flash/ -> ./dev_flash/
LDR: ! /dev_usb000/ -> ./dev_usb000/
LDR: ! /dev_usb/ -> ./dev_usb000/
LDR: ! /app_home/ -> D:\Emulateurs\Rpcs3\dev_hdd0\game\BLES00594-[Agarest Generations of War]/PS3_GAME/
LDR: ! /dev_bdvd/ -> D:\Emulateurs\Rpcs3\dev_hdd0\game\BLES00594-[Agarest Generations of War]/PS3_GAME//../
LDR: ! /host_root/ -> 
LDR: ! /app_home/PS3_GAME/USRDIR/ -> D:\Emulateurs\Rpcs3\dev_hdd0\game\BLES00594-[Agarest Generations of War]/PS3_GAME//USRDIR/
LDR: ! /dev_flash2/ -> ./dev_flash2/
LDR: ! /app_home/Game/PS3_GAME/USRDIR/ -> D:\Emulateurs\Rpcs3\dev_hdd0\game\BLES00594-[Agarest Generations of War]/PS3_GAME//USRDIR/
LDR: ! //dev_hdd0/ -> ./dev_hdd0/
LDR: ! / -> D:\Emulateurs\Rpcs3\dev_hdd0\game\BLES00594-[Agarest Generations of War]/PS3_GAME//USRDIR/
LDR: !  
LDR: ! Title: Agarest: Generations of War
LDR: ! Serial: BLES00594
LDR: !  
MEM: ! Initializing memory: m_base_addr = 0x8ece150000
MEM: ! Memory initialized.
LDR: ! Function 'cellSurMixerGetAANHandle' hooked (addr=0x5d3d38)
LDR: ! Function 'cellSurMixerSetNotifyCallback' hooked (addr=0x5d3d70)
LDR: ! Function 'cellSurMixerRemoveNotifyCallback' hooked (addr=0x5d3e08)
LDR: ! Function 'cellSurMixerSurBusAddData' hooked (addr=0x5d3ea0)
LDR: ! Function 'cellSurMixerGetCurrentBlockTag' hooked (addr=0x5d3f60)
LDR: ! Function 'cellSurMixerChStripGetAANPortNo' hooked (addr=0x5d4840)
LDR: ! Function 'cellSurMixerBeep' hooked (addr=0x5d4880)
LDR: ! Function 'cellSurMixerChStripSetParameter' hooked (addr=0x5d4c78)
LDR: ! Function 'cellSurMixerPause' hooked (addr=0x5d4f38)
LDR: ! Function 'cellSurMixerGetTimestamp' hooked (addr=0x5d65d0)
LDR: ! Function 'cellSurMixerSetParameter' hooked (addr=0x5d6638)
LDR: ! Function 'cellSurMixerStart' hooked (addr=0x5d6708)
LDR: ! Function 'cellSurMixerFinalize' hooked (addr=0x5d6a18)
LDR: ! Function 'cellSurMixerCreate' hooked (addr=0x5d72f8)
LDR: S Function group [surmixer] successfully hooked
LDR: ! Imported function 'cellPadInit' in 'sys_io' module
LDR: ! Imported function 'cellPadEnd' in 'sys_io' module
LDR: ! Imported function 'cellPadSetPortSetting' in 'sys_io' module
LDR: ! Imported function 'cellPadGetData' in 'sys_io' module
LDR: ! Imported function 'cellPadGetInfo2' in 'sys_io' module
LDR: ! Imported function 'cellPadSetActDirect' in 'sys_io' module
LDR: ! Imported function 'cellVideoOutConfigure' in 'cellSysutil' module
LDR: ! Imported function 'cellSysutilCheckCallback' in 'cellSysutil' module
LDR: ! Imported function 'cellSaveDataListLoad2' in 'cellSysutil' module
LDR: ! Imported function 'cellSysCacheMount' in 'cellSysutil' module
LDR: ! Imported function 'cellSaveDataFixedLoad2' in 'cellSysutil' module
LDR: ! Imported function 'cellSaveDataFixedSave2' in 'cellSysutil' module
LDR: ! Imported function 'cellSaveDataListSave2' in 'cellSysutil' module
LDR: ! Imported function 'cellMsgDialogOpenErrorCode' in 'cellSysutil' module
LDR: ! Imported function 'cellSysutilGetSystemParamInt' in 'cellSysutil' module
LDR: ! Imported function 'cellSysCacheClear' in 'cellSysutil' module
LDR: ! Imported function 'cellMsgDialogOpen2' in 'cellSysutil' module
LDR: ! Imported function 'cellVideoOutGetState' in 'cellSysutil' module
LDR: ! Imported function 'cellSaveDataAutoSave2' in 'cellSysutil' module
LDR: W Unimplemented function 'cellGameDataExitBroken' in 'cellSysutil' module
LDR: ! Imported function 'cellSysutilRegisterCallback' in 'cellSysutil' module
LDR: ! Imported function 'cellGameDataCheckCreate2' in 'cellSysutil' module
LDR: ! Imported function 'cellVideoOutGetResolution' in 'cellSysutil' module
LDR: W Unimplemented function 'cellSaveDataDelete2' in 'cellSysutil' module
LDR: ! Imported function 'cellSaveDataAutoLoad2' in 'cellSysutil' module
LDR: W Unimplemented function 'cellDiscGameRegisterDiscChangeCallback' in 'cellSysutil' module
LDR: W Unimplemented function 'cellDiscGameUnregisterDiscChangeCallback' in 'cellSysutil' module
LDR: ! Imported function 'cellGcmAddressToOffset' in 'cellGcmSys' module
LDR: ! Imported function 'cellGcmIoOffsetToAddress' in 'cellGcmSys' module
LDR: ! Imported function 'cellGcmBindTile' in 'cellGcmSys' module
LDR: ! Imported function 'cellGcmSetFlipMode' in 'cellGcmSys' module
LDR: ! Imported function 'cellGcmSetDebugOutputLevel' in 'cellGcmSys' module
LDR: ! Imported function 'cellGcmGetLastFlipTime' in 'cellGcmSys' module
LDR: ! Imported function 'cellGcmMapEaIoAddress' in 'cellGcmSys' module
LDR: ! Imported function 'cellGcmGetFlipStatus' in 'cellGcmSys' module
LDR: ! Imported function 'cellGcmGetReport' in 'cellGcmSys' module
LDR: ! Imported function 'cellGcmBindZcull' in 'cellGcmSys' module
LDR: ! Imported function 'cellGcmMapMainMemory' in 'cellGcmSys' module
LDR: ! Imported function 'cellGcmSetFlipHandler' in 'cellGcmSys' module
LDR: ! Imported function 'cellGcmSetDisplayBuffer' in 'cellGcmSys' module
LDR: ! Imported function 'cellGcmGetControlRegister' in 'cellGcmSys' module
LDR: ! Imported function 'cellGcmGetReportDataLocation' in 'cellGcmSys' module
LDR: ! Imported function 'cellGcmUnbindZcull' in 'cellGcmSys' module
LDR: ! Imported function 'cellGcmSetVBlankHandler' in 'cellGcmSys' module
LDR: ! Imported function 'cellGcmResetFlipStatus' in 'cellGcmSys' module
LDR: ! Imported function 'cellGcmSetTileInfo' in 'cellGcmSys' module
LDR: ! Imported function 'cellGcmSetGraphicsHandler' in 'cellGcmSys' module
LDR: ! Imported function 'cellGcmUnbindTile' in 'cellGcmSys' module
LDR: ! Imported function 'cellGcmGetConfiguration' in 'cellGcmSys' module
LDR: ! Imported function 'cellGcmGetLabelAddress' in 'cellGcmSys' module
LDR: ! Imported function '_cellGcmInitBody' in 'cellGcmSys' module
LDR: ! Imported function '_cellGcmSetFlipCommand' in 'cellGcmSys' module
LDR: ! Imported function '_cellGcmFunc15' in 'cellGcmSys' module
LDR: ! Imported function '_cellGcmSetFlipCommandWithWaitLabel' in 'cellGcmSys' module
LDR: ! Imported function 'cellSysmoduleUnloadModule' in 'cellSysmodule' module
LDR: ! Imported function 'cellSysmoduleLoadModule' in 'cellSysmodule' module
LDR: ! Imported function 'cellSysmoduleIsLoaded' in 'cellSysmodule' module
LDR: ! Imported function 'cellFsClose' in 'sys_fs' module
LDR: ! Imported function 'cellFsOpendir' in 'sys_fs' module
LDR: ! Imported function 'cellFsRead' in 'sys_fs' module
LDR: ! Imported function 'cellFsReaddir' in 'sys_fs' module
LDR: ! Imported function 'cellFsOpen' in 'sys_fs' module
LDR: ! Imported function 'cellFsStat' in 'sys_fs' module
LDR: ! Imported function 'cellFsUnlink' in 'sys_fs' module
LDR: ! Imported function 'cellFsLseek' in 'sys_fs' module
LDR: ! Imported function 'cellFsGetFreeSize' in 'sys_fs' module
LDR: ! Imported function 'cellFsMkdir' in 'sys_fs' module
LDR: ! Imported function 'cellFsFGetBlockSize' in 'sys_fs' module
LDR: ! Imported function 'cellFsWrite' in 'sys_fs' module
LDR: ! Imported function 'cellFsFstat' in 'sys_fs' module
LDR: ! Imported function 'cellFsClosedir' in 'sys_fs' module
LDR: ! Imported function 'cellFsRename' in 'sys_fs' module
LDR: ! Imported function 'cellRescGetNumColorBuffers' in 'cellResc' module
LDR: ! Imported function 'cellRescSetWaitFlip' in 'cellResc' module
LDR: ! Imported function 'cellRescSetDsts' in 'cellResc' module
LDR: ! Imported function 'cellRescAdjustAspectRatio' in 'cellResc' module
LDR: ! Imported function 'cellRescSetDisplayMode' in 'cellResc' module
LDR: ! Imported function 'cellRescSetConvertAndFlip' in 'cellResc' module
LDR: ! Imported function 'cellRescExit' in 'cellResc' module
LDR: ! Imported function 'cellRescSetFlipHandler' in 'cellResc' module
LDR: ! Imported function 'cellRescInit' in 'cellResc' module
LDR: ! Imported function 'cellRescGetBufferSize' in 'cellResc' module
LDR: ! Imported function 'cellRescSetSrc' in 'cellResc' module
LDR: ! Imported function 'cellRescSetBufferAddress' in 'cellResc' module
LDR: ! Imported function 'cellRescSetVBlankHandler' in 'cellResc' module
LDR: ! Imported function 'cellRescCreateInterlaceTable' in 'cellResc' module
LDR: ! Imported function 'cellAudioInit' in 'cellAudio' module
LDR: ! Imported function 'cellAudioSetNotifyEventQueue' in 'cellAudio' module
LDR: ! Imported function 'cellAudioGetPortTimestamp' in 'cellAudio' module
LDR: ! Imported function 'cellAudioPortClose' in 'cellAudio' module
LDR: ! Imported function 'cellAudioPortStop' in 'cellAudio' module
LDR: ! Imported function 'cellAudioGetPortConfig' in 'cellAudio' module
LDR: ! Imported function 'cellAudioPortStart' in 'cellAudio' module
LDR: ! Imported function 'cellAudioPortOpen' in 'cellAudio' module
LDR: ! Imported function 'cellAudioGetPortBlockTag' in 'cellAudio' module
LDR: ! Imported function 'cellAudioRemoveNotifyEventQueue' in 'cellAudio' module
LDR: ! Imported function 'cellSyncBarrierInitialize' in 'cellSync' module
LDR: ! Imported function 'cellSyncBarrierTryNotify' in 'cellSync' module
LDR: ! Imported function 'cellSyncBarrierWait' in 'cellSync' module
LDR: ! Imported function 'cellSyncQueueInitialize' in 'cellSync' module
LDR: ! Imported function 'cellSyncQueuePush' in 'cellSync' module
LDR: ! Imported function 'cellSyncBarrierTryWait' in 'cellSync' module
LDR: ! Imported function 'cellSyncMutexUnlock' in 'cellSync' module
LDR: ! Imported function 'cellSyncMutexInitialize' in 'cellSync' module
LDR: ! Imported function 'cellSyncMutexTryLock' in 'cellSync' module
LDR: W Unimplemented function 'SJISstoUTF8s' in 'cellL10n' module
LDR: ! Imported function 'sceNpScoreGetRankingByNpId' in 'sceNp' module
LDR: ! Imported function 'sceNpScoreRecordScore' in 'sceNp' module
LDR: ! Imported function 'sceNpScoreDestroyTitleCtx' in 'sceNp' module
LDR: ! Imported function 'sceNpScoreInit' in 'sceNp' module
LDR: ! Imported function 'sceNpBasicSetPresence' in 'sceNp' module
LDR: ! Imported function 'sceNpTerm' in 'sceNp' module
LDR: ! Imported function 'sceNpManagerUnregisterCallback' in 'sceNp' module
LDR: ! Imported function 'sceNpLookupDestroyTitleCtx' in 'sceNp' module
LDR: ! Imported function 'sceNpManagerGetContentRatingFlag' in 'sceNp' module
LDR: ! Imported function 'sceNpScoreCreateTransactionCtx' in 'sceNp' module
LDR: ! Imported function 'sceNpLookupTerm' in 'sceNp' module
LDR: ! Imported function 'sceNpScoreTerm' in 'sceNp' module
LDR: ! Imported function 'sceNpManagerGetStatus' in 'sceNp' module
LDR: ! Imported function 'sceNpDrmIsAvailable' in 'sceNp' module
LDR: ! Imported function 'sceNpScoreCreateTitleCtx' in 'sceNp' module
LDR: ! Imported function 'sceNpInit' in 'sceNp' module
LDR: ! Imported function 'sceNpScoreDestroyTransactionCtx' in 'sceNp' module
LDR: ! Imported function 'sceNpLookupCreateTitleCtx' in 'sceNp' module
LDR: ! Imported function 'sceNpManagerRegisterCallback' in 'sceNp' module
LDR: ! Imported function 'sceNpLookupCreateTransactionCtx' in 'sceNp' module
LDR: ! Imported function 'sceNpScoreGetBoardInfo' in 'sceNp' module
LDR: ! Imported function 'sceNpLookupDestroyTransactionCtx' in 'sceNp' module
LDR: ! Imported function 'sceNpScoreGetRankingByRange' in 'sceNp' module
LDR: ! Imported function 'sceNpManagerGetNpId' in 'sceNp' module
LDR: ! Imported function 'sys_net_finalize_network' in 'sys_net' module
LDR: ! Imported function 'cellNetCtlNetStartDialogLoadAsync' in 'cellNetCtl' module
LDR: ! Imported function 'cellNetCtlNetStartDialogUnloadAsync' in 'cellNetCtl' module
LDR: ! Imported function 'cellNetCtlTerm' in 'cellNetCtl' module
LDR: ! Imported function 'cellNetCtlGetInfo' in 'cellNetCtl' module
LDR: ! Imported function 'cellNetCtlGetState' in 'cellNetCtl' module
LDR: ! Imported function 'cellNetCtlInit' in 'cellNetCtl' module
LDR: ! Imported function 'sys_lwmutex_lock' in 'sysPrxForUser' module
LDR: ! Imported function 'sys_lwmutex_unlock' in 'sysPrxForUser' module
LDR: ! Imported function 'sys_ppu_thread_create' in 'sysPrxForUser' module
LDR: ! Imported function '_sys_process_atexitspawn' in 'sysPrxForUser' module
LDR: ! Imported function 'sys_lwmutex_create' in 'sysPrxForUser' module
LDR: ! Imported function 'sys_ppu_thread_get_id' in 'sysPrxForUser' module
LDR: ! Imported function '_sys_heap_malloc' in 'sysPrxForUser' module
LDR: ! Imported function 'sys_prx_register_library' in 'sysPrxForUser' module
LDR: ! Imported function '_sys_heap_memalign' in 'sysPrxForUser' module
LDR: ! Imported function 'sys_initialize_tls' in 'sysPrxForUser' module
LDR: ! Imported function 'sys_time_get_system_time' in 'sysPrxForUser' module
LDR: W Unimplemented function '_sys_heap_free' in 'sysPrxForUser' module
LDR: ! Imported function '_sys_process_at_Exitspawn' in 'sysPrxForUser' module
LDR: ! Imported function 'sys_prx_exitspawn_with_level' in 'sysPrxForUser' module
LDR: ! Imported function 'sys_lwmutex_trylock' in 'sysPrxForUser' module
LDR: W Unimplemented function '_sys_heap_delete_heap' in 'sysPrxForUser' module
LDR: ! Imported function 'sys_ppu_thread_exit' in 'sysPrxForUser' module
LDR: ! Imported function '_sys_heap_create_heap' in 'sysPrxForUser' module
LDR: ! Imported function 'sys_lwmutex_destroy' in 'sysPrxForUser' module
LDR: ! Imported function 'sys_spu_image_close' in 'sysPrxForUser' module
LDR: ! Imported function 'sys_process_exit' in 'sysPrxForUser' module
LDR: ! Imported function 'sys_spu_image_import' in 'sysPrxForUser' module
HLE: W {PPU[1] Thread (CPUThread)[0x0af3b034]} sys_lwmutex warning: *** lwmutex created [_lc_mtx] (attribute=0x12): sq_id = 3
HLE: W {PPU[1] Thread (CPUThread)[0x006c6b98]} memory warning: sys_memory_get_user_memory_size(mem_info_addr=0xd0010c04)
HLE: W {PPU[1] Thread (CPUThread)[0x0af3b034]} sys_lwmutex warning: *** lwmutex created [_lc_mtx] (attribute=0x12): sq_id = 4
HLE: W {PPU[1] Thread (CPUThread)[0x0af3b034]} sys_lwmutex warning: *** lwmutex created [_lc_mtx] (attribute=0x12): sq_id = 5
HLE: W {PPU[1] Thread (CPUThread)[0x0af3b034]} sys_lwmutex warning: *** lwmutex created [_lc_mtx] (attribute=0x12): sq_id = 6
HLE: W {PPU[1] Thread (CPUThread)[0x0af3b034]} sys_lwmutex warning: *** lwmutex created [_lc_mtx] (attribute=0x12): sq_id = 7
HLE: W {PPU[1] Thread (CPUThread)[0x0af3b034]} sys_lwmutex warning: *** lwmutex created [_lc_mtx] (attribute=0x12): sq_id = 8
HLE: W {PPU[1] Thread (CPUThread)[0x0af3b034]} sys_lwmutex warning: *** lwmutex created [_lc_mtx] (attribute=0x12): sq_id = 9
HLE: W {PPU[1] Thread (CPUThread)[0x0af3b034]} sys_lwmutex warning: *** lwmutex created [_lc_mtx] (attribute=0x12): sq_id = 10
HLE: W {PPU[1] Thread (CPUThread)[0x0af3b034]} sys_lwmutex warning: *** lwmutex created [_lc_mtx] (attribute=0x12): sq_id = 11
HLE: W {PPU[1] Thread (CPUThread)[0x0af3b034]} sys_lwmutex warning: *** lwmutex created [_lc_mtx] (attribute=0x12): sq_id = 12
HLE: W {PPU[1] Thread (CPUThread)[0x0af3b034]} sys_lwmutex warning: *** lwmutex created [_lgcmtx] (attribute=0x12): sq_id = 13
HLE: W {PPU[1] Thread (CPUThread)[0x0af3b034]} sys_lwmutex warning: *** lwmutex created [_lgcmtx] (attribute=0x12): sq_id = 14
HLE: W {PPU[1] Thread (CPUThread)[0x0af3b034]} sys_lwmutex warning: *** lwmutex created [_lc_mtx] (attribute=0x12): sq_id = 15
HLE: W {PPU[1] Thread (CPUThread)[0x0af3b034]} sys_lwmutex warning: *** lwmutex created [_lc_mtx] (attribute=0x12): sq_id = 16
HLE: W {PPU[1] Thread (CPUThread)[0x0af3b034]} sys_lwmutex warning: *** lwmutex created [_lc_mtx] (attribute=0x12): sq_id = 17
HLE: W {PPU[1] Thread (CPUThread)[0x0af3b034]} sys_lwmutex warning: *** lwmutex created [_lc_mtx] (attribute=0x12): sq_id = 18
HLE: W {PPU[1] Thread (CPUThread)[0x0af3b034]} sys_lwmutex warning: *** lwmutex created [_lc_mtx] (attribute=0x12): sq_id = 19
HLE: W {PPU[1] Thread (CPUThread)[0x0af3b034]} sys_lwmutex warning: *** lwmutex created [_lc_mtx] (attribute=0x12): sq_id = 20
HLE: W {PPU[1] Thread (CPUThread)[0x0af3b034]} sys_lwmutex warning: *** lwmutex created [_lc_mtx] (attribute=0x12): sq_id = 21
HLE: W {PPU[1] Thread (CPUThread)[0x0af3b034]} sys_lwmutex warning: *** lwmutex created [_lc_mtx] (attribute=0x12): sq_id = 22
HLE: W {PPU[1] Thread (CPUThread)[0x0af3b034]} sys_lwmutex warning: *** lwmutex created [_lc_mtx] (attribute=0x12): sq_id = 23
HLE: W {PPU[1] Thread (CPUThread)[0x0af3b034]} sys_lwmutex warning: *** lwmutex created [_lc_mtx] (attribute=0x12): sq_id = 24
HLE: W {PPU[1] Thread (CPUThread)[0x0af3b034]} sys_lwmutex warning: *** lwmutex created [_lc_mtx] (attribute=0x12): sq_id = 25
HLE: W {PPU[1] Thread (CPUThread)[0x0af3b034]} sys_lwmutex warning: *** lwmutex created [_lc_mtx] (attribute=0x12): sq_id = 26
HLE: W {PPU[1] Thread (CPUThread)[0x0af3b034]} sys_lwmutex warning: *** lwmutex created [_lc_mtx] (attribute=0x12): sq_id = 27
HLE: W {PPU[1] Thread (CPUThread)[0x0af29010]} cellSysmodule warning: cellSysmoduleLoadModule(CELL_SYSMODULE_RTC)
HLE: W {PPU[1] Thread (CPUThread)[0x0af29010]} cellSysmodule warning: cellSysmoduleLoadModule(CELL_SYSMODULE_SPURS)
HLE: W {PPU[1] Thread (CPUThread)[0x0af29010]} cellSysmodule warning: cellSysmoduleLoadModule(CELL_SYSMODULE_OVIS)
HLE: W {PPU[1] Thread (CPUThread)[0x0af29010]} cellSysmodule warning: cellSysmoduleLoadModule(CELL_SYSMODULE_SYNC)
HLE: W {PPU[1] Thread (CPUThread)[0x0af29010]} cellSysmodule warning: cellSysmoduleLoadModule(CELL_SYSMODULE_SHEAP)
HLE: W {PPU[1] Thread (CPUThread)[0x0af29010]} cellSysmodule warning: cellSysmoduleLoadModule(CELL_SYSMODULE_FS)
HLE: W {PPU[1] Thread (CPUThread)[0x006ea164]} sys_spu warning: sys_spu_initialize(max_usable_spu=6, max_raw_spu=1)
HLE: W {PPU[1] Thread (CPUThread)[0x0af250ac]} cellSysutil warning: cellSysutilRegisterCallback(slot=0, func_addr=0x857e50, userdata=0x0)
HLE: W {PPU[1] Thread (CPUThread)[0x0af29010]} cellSysmodule warning: cellSysmoduleLoadModule(CELL_SYSMODULE_IO)
HLE: W {PPU[1] Thread (CPUThread)[0x0af29010]} cellSysmodule warning: cellSysmoduleLoadModule(CELL_SYSMODULE_GCM_SYS)
HLE: W {PPU[1] Thread (CPUThread)[0x0af29010]} cellSysmodule warning: cellSysmoduleLoadModule(CELL_SYSMODULE_RESC)
HLE: W {PPU[1] Thread (CPUThread)[0x0af29010]} cellSysmodule warning: cellSysmoduleLoadModule(CELL_SYSMODULE_FONT)
HLE: W {PPU[1] Thread (CPUThread)[0x0af29010]} cellSysmodule warning: cellSysmoduleLoadModule(CELL_SYSMODULE_FONTFT)
HLE: W {PPU[1] Thread (CPUThread)[0x0af29010]} cellSysmodule warning: cellSysmoduleLoadModule(CELL_SYSMODULE_GCM_SYS)
HLE: W {PPU[1] Thread (CPUThread)[0x0af29010]} cellSysmodule warning: cellSysmoduleLoadModule(CELL_SYSMODULE_RESC)
HLE: W {PPU[1] Thread (CPUThread)[0x00382ae8]} sys_spu warning: sys_raw_spu_create(id_addr=0xae71fe4, attr_addr=0xd0010590)
HLE: W {PPU[1] Thread (CPUThread)[0x0af27118]} cellGcmSys warning: cellGcmInit(context_addr=0xaf0780c,cmdSize=0x10000,ioSize=0x100000,ioAddress=0x30200000)
HLE: W {PPU[1] Thread (CPUThread)[0x0af27118]} cellGcmSys warning: *** local memory(addr=0xc0000000, size=0xf900000)
HLE: W {PPU[1] Thread (CPUThread)[0x0af27118]} cellGcmSys warning: cellGcmInit(): 256MB io address space used
HLE: W {PPU[1] Thread (CPUThread)[0x0af27118]} cellGcmSys warning: cellGcmMapEaIoAddress(ea=0x30200000, io=0x0, size=0x100000)
RSX: ! {RSXThread} RSX thread started
HLE: W {PPU[1] Thread (CPUThread)[0x0af27034]} cellGcmSys warning: cellGcmSetDebugOutputLevel(level=2)
HLE: E {PPU[1] Thread (CPUThread)[0x0af270e8]} cellGcmSys TODO: cellGcmSetGraphicsHandler
RSX: E {RSXThread} TODO: CELL_GCM_NV4097_SET_SHADER_PACKER(0x0)
RSX: E {RSXThread} TODO: CELL_GCM_NV4097_SET_TWO_SIDE_LIGHT_EN(0x0)
HLE: W {PPU[1] Thread (CPUThread)[0x0af2704c]} cellGcmSys warning: cellGcmMapEaIoAddress(ea=0x30500000, io=0xe000000, size=0x100000)
HLE: W {PPU[1] Thread (CPUThread)[0x0af270f4]} cellGcmSys warning: cellGcmUnbindTile(index=0)
HLE: W {PPU[1] Thread (CPUThread)[0x0af270f4]} cellGcmSys warning: cellGcmUnbindTile(index=1)
HLE: W {PPU[1] Thread (CPUThread)[0x0af270f4]} cellGcmSys warning: cellGcmUnbindTile(index=2)
HLE: W {PPU[1] Thread (CPUThread)[0x0af270f4]} cellGcmSys warning: cellGcmUnbindTile(index=3)
HLE: W {PPU[1] Thread (CPUThread)[0x0af270f4]} cellGcmSys warning: cellGcmUnbindTile(index=4)
HLE: W {PPU[1] Thread (CPUThread)[0x0af270f4]} cellGcmSys warning: cellGcmUnbindTile(index=5)
HLE: W {PPU[1] Thread (CPUThread)[0x0af270f4]} cellGcmSys warning: cellGcmUnbindTile(index=6)
HLE: W {PPU[1] Thread (CPUThread)[0x0af270f4]} cellGcmSys warning: cellGcmUnbindTile(index=7)
HLE: W {PPU[1] Thread (CPUThread)[0x0af270f4]} cellGcmSys warning: cellGcmUnbindTile(index=8)
HLE: W {PPU[1] Thread (CPUThread)[0x0af270f4]} cellGcmSys warning: cellGcmUnbindTile(index=9)
HLE: W {PPU[1] Thread (CPUThread)[0x0af270f4]} cellGcmSys warning: cellGcmUnbindTile(index=10)
HLE: W {PPU[1] Thread (CPUThread)[0x0af270f4]} cellGcmSys warning: cellGcmUnbindTile(index=11)
HLE: W {PPU[1] Thread (CPUThread)[0x0af270f4]} cellGcmSys warning: cellGcmUnbindTile(index=12)
HLE: W {PPU[1] Thread (CPUThread)[0x0af270f4]} cellGcmSys warning: cellGcmUnbindTile(index=13)
HLE: W {PPU[1] Thread (CPUThread)[0x0af270f4]} cellGcmSys warning: cellGcmUnbindTile(index=14)
HLE: W {PPU[1] Thread (CPUThread)[0x0af2d064]} cellResc warning: cellRescInit(initConfig_addr=0xd0010540)
RSX: W {RSXThread} NV406E_SEMAPHORE_ACQUIRE: 1
HLE: W {PPU[1] Thread (CPUThread)[0x0af270dc]} cellGcmSys warning: cellGcmSetTileInfo(index=0, location=0, offset=253558784, size=7536640, pitch=5120, comp=0, base=0, bank=0)
HLE: W {PPU[1] Thread (CPUThread)[0x0af2701c]} cellGcmSys warning: cellGcmBindTile(index=0)
HLE: W {PPU[1] Thread (CPUThread)[0x0af2d034]} cellResc warning: cellRescSetDisplayMode(displayMode=4)
HLE: W {PPU[1] Thread (CPUThread)[0x0af2d034]} cellSysutil warning: cellVideoOutConfigure(videoOut=0, config_addr=0x30016000, option_addr=0x0, waitForEvent=0x0)
HLE: W {PPU[1] Thread (CPUThread)[0x0af2d034]} cellGcmSys warning: cellGcmSetFlipMode(mode=2)
HLE: W {PPU[1] Thread (CPUThread)[0x0af2d070]} cellResc warning: cellRescGetBufferSize(colorBuffers_addr=0xd0010510, vertexArray_addr=0xd0010508, fragmentShader_addr=0xd001050c)
HLE: W {PPU[1] Thread (CPUThread)[0x0af2d088]} cellResc warning: cellRescSetBufferAddress(colorBuffers_addr=0xcf1d0000, vertexArray_addr=0xc0000000, fragmentShader_addr=0xc0000180)
HLE: W {PPU[1] Thread (CPUThread)[0x0af2d028]} cellResc warning: cellRescAdjustAspectRatio(horizontal=1.000000, vertical=1.000000)
RSX: W {RSXThread} NV406E_SEMAPHORE_ACQUIRE: 3
HLE: W {PPU[1] Thread (CPUThread)[0x0af270dc]} cellGcmSys warning: cellGcmSetTileInfo(index=0, location=0, offset=249626624, size=11468800, pitch=5120, comp=0, base=0, bank=0)
HLE: W {PPU[1] Thread (CPUThread)[0x0af2701c]} cellGcmSys warning: cellGcmBindTile(index=0)
RSX: W {RSXThread} NV406E_SEMAPHORE_ACQUIRE: 5
HLE: W {PPU[1] Thread (CPUThread)[0x0af270dc]} cellGcmSys warning: cellGcmSetTileInfo(index=0, location=0, offset=245694464, size=15400960, pitch=5120, comp=0, base=0, bank=0)
HLE: W {PPU[1] Thread (CPUThread)[0x0af2701c]} cellGcmSys warning: cellGcmBindTile(index=0)
RSX: W {RSXThread} NV406E_SEMAPHORE_ACQUIRE: 7
HLE: W {PPU[1] Thread (CPUThread)[0x0af270dc]} cellGcmSys warning: cellGcmSetTileInfo(index=1, location=0, offset=241762304, size=3932160, pitch=5120, comp=10, base=1, bank=3)
HLE: E {PPU[1] Thread (CPUThread)[0x0af270dc]} cellGcmSys error: cellGcmSetTileInfo: bad compression mode! (10)
HLE: W {PPU[1] Thread (CPUThread)[0x0af2701c]} cellGcmSys warning: cellGcmBindTile(index=1)
RSX: W {RSXThread} NV406E_SEMAPHORE_ACQUIRE: 9
HLE: W {PPU[1] Thread (CPUThread)[0x0af27070]} cellGcmSys warning: cellGcmBindZcull(index=0)
HLE: W {PPU[1] Thread (CPUThread)[0x003e07b0]} sys_semaphore warning: sys_semaphore_create(sem_addr=0xae726a8, attr_addr=0xd0010560, initial_count=1, max_count=2)
HLE: ! {PPU[1] Thread (CPUThread)[0x003e07b0]} *** semaphore created [] (protocol=0x2): id = 29
HLE: W {PPU[1] Thread (CPUThread)[0x0af2d058]} cellResc warning: cellRescSetFlipHandler(handler_addr=0x85b300)
HLE: W {PPU[1] Thread (CPUThread)[0x0038220c]} sys_mutex warning: *** mutex created [] (protocol=0x2, recursive=false): id = 30
HLE: W {PPU[1] Thread (CPUThread)[0x003823c0]} sys_cond warning: *** condition created [] (mutex_id=30): id = 31
RSX: W {RSXThread} TODO: NV4097_SET_ANTI_ALIASING_CONTROL: ffff0000
RSX: W {RSXThread} TODO: NV4097_SET_WINDOW_OFFSET: x=0, y=0
RSX: W {RSXThread} NV4097_SET_ZCULL_CONTROL0: 10
RSX: W {RSXThread} NV4097_SET_SCULL_CONTROL: ff000007
RSX: W {RSXThread} New FBO (1280x720)
RSX: W {RSXThread} TODO: NV4097_SET_ANTI_ALIASING_CONTROL: ffff0000
RSX: W {RSXThread} TODO: NV4097_SET_WINDOW_OFFSET: x=0, y=0
RSX: W {RSXThread} NV4097_SET_VERTEX_ATTRIB_INPUT_MASK: f0d
RSX: W {RSXThread} TODO: NV4097_SET_ANTI_ALIASING_CONTROL: ffff0000
RSX: W {RSXThread} TODO: NV4097_SET_WINDOW_OFFSET: x=0, y=0
RSX: W {RSXThread} NV4097_SET_VERTEX_ATTRIB_INPUT_MASK: f0d
RSX: W {RSXThread} NV4097_SET_VERTEX_ATTRIB_OUTPUT_MASK: 1
RSX: W {RSXThread} TODO: NV4097_SET_ZMIN_MAX_CONTROL: cullNearFarEnable=1, zclampEnable=0, cullIgnoreW=0
RSX: W {RSXThread} TODO: NV4097_SET_ZMIN_MAX_CONTROL: cullNearFarEnable=1, zclampEnable=0, cullIgnoreW=0
RSX: E {RSXThread} TODO: CELL_GCM_NV4097_SET_TWO_SIDE_LIGHT_EN(0x0)
RSX: W {RSXThread} TODO: NV4097_SET_ANTI_ALIASING_CONTROL: ffff0001
RSX: W {RSXThread} NV4097_SET_REDUCE_DST_COLOR: 0x1
RSX: W {RSXThread} NV4097_SET_VERTEX_ATTRIB_OUTPUT_MASK: 1
RSX: E {RSXThread} TODO: CELL_GCM_NV4097_SET_SHADER_PACKER(0x0)
RSX: E {RSXThread} NV4097_SET_POINT_PARAMS_ENABLE: 1
RSX: W {RSXThread} NV4097_SET_VERTEX_ATTRIB_OUTPUT_MASK: 1
RSX: E {RSXThread} TODO: CELL_GCM_NV4097_SET_TWO_SIDE_LIGHT_EN(0x0)
RSX: W {RSXThread} NV4097_SET_VERTEX_ATTRIB_OUTPUT_MASK: 1
RSX: W {RSXThread} NV4097_SET_ZCULL_CONTROL0: 10
RSX: W {RSXThread} NV4097_SET_SCULL_CONTROL: ff000007
HLE: W {PPU[1] Thread (CPUThread)[0x0af270ac]} cellGcmSys warning: cellGcmGetReportDataLocation(index=4991, location=1)
HLE: W {PPU[1] Thread (CPUThread)[0x0af270ac]} cellGcmSys warning: cellGcmGetReportDataLocation(index=4992, location=1)
HLE: W {PPU[1] Thread (CPUThread)[0x0af270ac]} cellGcmSys warning: cellGcmGetReportDataLocation(index=4993, location=1)
HLE: W {PPU[1] Thread (CPUThread)[0x0af270ac]} cellGcmSys warning: cellGcmGetReportDataLocation(index=4994, location=1)
RSX: E {RSXThread} TODO: CELL_GCM_NV4097_SET_CONTEXT_DMA_REPORT(0xbad68000)
RSX: W {RSXThread} NV4097_GET_REPORT: Unimplemented type 2
RSX: W {RSXThread} NV4097_GET_REPORT: Unimplemented type 3
RSX: W {RSXThread} NV4097_GET_REPORT: Unimplemented type 4
RSX: W {RSXThread} NV4097_GET_REPORT: Unimplemented type 5
RSX: W {RSXThread} TODO: NV4097_CLEAR_REPORT_VALUE: ZCULL_STATS
RSX: W {RSXThread} NV4097_SET_ZCULL_STATS_ENABLE: 1
RSX: W {RSXThread} TODO: NV4097_SET_ANTI_ALIASING_CONTROL: ffff0000
RSX: W {RSXThread} TODO: NV4097_SET_WINDOW_OFFSET: x=0, y=0
RSX: W {RSXThread} NV4097_SET_ZCULL_CONTROL0: 10
RSX: W {RSXThread} NV4097_SET_SCULL_CONTROL: ff000007
RSX: W {RSXThread} NV4097_SET_VERTEX_ATTRIB_INPUT_MASK: f0d
RSX: W {RSXThread} NV4097_SET_VERTEX_ATTRIB_OUTPUT_MASK: 1
RSX: W {RSXThread} NV4097_SET_VERTEX_ATTRIB_OUTPUT_MASK: 1
RSX: W {RSXThread} TODO: NV4097_SET_ZMIN_MAX_CONTROL: cullNearFarEnable=1, zclampEnable=0, cullIgnoreW=0
RSX: W {RSXThread} TODO: NV4097_SET_ZMIN_MAX_CONTROL: cullNearFarEnable=1, zclampEnable=0, cullIgnoreW=0
RSX: E {RSXThread} TODO: CELL_GCM_NV4097_SET_TWO_SIDE_LIGHT_EN(0x0)
RSX: W {RSXThread} TODO: NV4097_SET_ANTI_ALIASING_CONTROL: ffff0001
RSX: W {RSXThread} NV4097_SET_REDUCE_DST_COLOR: 0x1
RSX: W {RSXThread} NV4097_SET_VERTEX_ATTRIB_OUTPUT_MASK: 1
RSX: E {RSXThread} TODO: CELL_GCM_NV4097_SET_SHADER_PACKER(0x0)
RSX: E {RSXThread} NV4097_SET_POINT_PARAMS_ENABLE: 1
RSX: W {RSXThread} NV4097_SET_VERTEX_ATTRIB_OUTPUT_MASK: 1
RSX: E {RSXThread} TODO: CELL_GCM_NV4097_SET_TWO_SIDE_LIGHT_EN(0x0)
RSX: W {RSXThread} NV4097_SET_VERTEX_ATTRIB_OUTPUT_MASK: 1
HLE: W {PPU[1] Thread (CPUThread)[0x0af270ac]} cellGcmSys warning: cellGcmGetReportDataLocation(index=4991, location=1)
HLE: W {PPU[1] Thread (CPUThread)[0x0af270ac]} cellGcmSys warning: cellGcmGetReportDataLocation(index=4992, location=1)
HLE: W {PPU[1] Thread (CPUThread)[0x0af270ac]} cellGcmSys warning: cellGcmGetReportDataLocation(index=4993, location=1)
HLE: W {PPU[1] Thread (CPUThread)[0x0af270ac]} cellGcmSys warning: cellGcmGetReportDataLocation(index=4994, location=1)
RSX: E {RSXThread} TODO: CELL_GCM_NV4097_SET_CONTEXT_DMA_REPORT(0xbad68000)
RSX: W {RSXThread} NV4097_GET_REPORT: Unimplemented type 2
RSX: W {RSXThread} NV4097_GET_REPORT: Unimplemented type 3
RSX: W {RSXThread} NV4097_GET_REPORT: Unimplemented type 4
RSX: W {RSXThread} NV4097_GET_REPORT: Unimplemented type 5
RSX: W {RSXThread} TODO: NV4097_CLEAR_REPORT_VALUE: ZCULL_STATS
RSX: W {RSXThread} NV4097_SET_ZCULL_STATS_ENABLE: 1
RSX: W {RSXThread} TODO: NV4097_SET_ANTI_ALIASING_CONTROL: ffff0000
RSX: W {RSXThread} TODO: NV4097_SET_WINDOW_OFFSET: x=0, y=0
RSX: W {RSXThread} NV4097_SET_VERTEX_ATTRIB_INPUT_MASK: f0d
RSX: W {RSXThread} NV4097_SET_VERTEX_ATTRIB_OUTPUT_MASK: 1
RSX: W {RSXThread} NV4097_SET_VERTEX_ATTRIB_OUTPUT_MASK: 1
RSX: W {RSXThread} TODO: NV4097_SET_ZMIN_MAX_CONTROL: cullNearFarEnable=1, zclampEnable=0, cullIgnoreW=0
RSX: W {RSXThread} TODO: NV4097_SET_ZMIN_MAX_CONTROL: cullNearFarEnable=1, zclampEnable=0, cullIgnoreW=0
RSX: E {RSXThread} TODO: CELL_GCM_NV4097_SET_TWO_SIDE_LIGHT_EN(0x0)
RSX: W {RSXThread} TODO: NV4097_SET_ANTI_ALIASING_CONTROL: ffff0001
RSX: W {RSXThread} NV4097_SET_REDUCE_DST_COLOR: 0x1
RSX: W {RSXThread} NV4097_SET_VERTEX_ATTRIB_OUTPUT_MASK: 1
RSX: E {RSXThread} TODO: CELL_GCM_NV4097_SET_SHADER_PACKER(0x0)
RSX: E {RSXThread} NV4097_SET_POINT_PARAMS_ENABLE: 1
RSX: W {RSXThread} NV4097_SET_VERTEX_ATTRIB_OUTPUT_MASK: 1
RSX: E {RSXThread} TODO: CELL_GCM_NV4097_SET_TWO_SIDE_LIGHT_EN(0x0)
RSX: W {RSXThread} NV4097_SET_VERTEX_ATTRIB_OUTPUT_MASK: 1
HLE: W {PPU[1] Thread (CPUThread)[0x0af2d028]} cellResc warning: cellRescAdjustAspectRatio(horizontal=1.000000, vertical=1.000000)
RSX: W {VBlank thread} VBlank thread aborted
RSX: W {RSXThread} RSX thread aborted
HLE: ! All threads stopped...
MEM: ! Closing memory...
