HLE: ! path: /dev_hdd0/game/
LDR: ! Loading 'D:\Emulateurs\Rpcs3\dev_hdd0\game\BLES00382-[The Legend of Spyro Dawn of the Dragon]/PS3_GAME/USRDIR/BOOT.BIN'...
LDR: !  
LDR: ! Mount info:
LDR: ! /dev_hdd0/ -> D:\Emulateurs\Rpcs3/dev_hdd0/
LDR: ! /dev_hdd1/ -> D:\Emulateurs\Rpcs3/dev_hdd1/
LDR: ! /dev_flash/ -> D:\Emulateurs\Rpcs3/dev_flash/
LDR: ! /dev_usb000/ -> D:\Emulateurs\Rpcs3/dev_usb000/
LDR: ! /dev_usb/ -> D:\Emulateurs\Rpcs3/dev_usb000/
LDR: ! /app_home/ -> D:\Emulateurs\Rpcs3\dev_hdd0\game\BLES00382-[The Legend of Spyro Dawn of the Dragon]/PS3_GAME/
LDR: ! /dev_bdvd/ -> D:\Emulateurs\Rpcs3\dev_hdd0\game\BLES00382-[The Legend of Spyro Dawn of the Dragon]/PS3_GAME//../
LDR: ! /host_root/ -> 
LDR: ! / -> D:\Emulateurs\Rpcs3\dev_hdd0\game\BLES00382-[The Legend of Spyro Dawn of the Dragon]/PS3_GAME//USRDIR/
LDR: ! /app_home/PS3_GAME/USRDIR/ -> D:\Emulateurs\Rpcs3\dev_hdd0\game\BLES00382-[The Legend of Spyro Dawn of the Dragon]/PS3_GAME//USRDIR/
LDR: ! /dev_flash2/ -> D:\Emulateurs\Rpcs3/dev_flash2/
LDR: ! /app_home/Game/PS3_GAME/USRDIR/ -> D:\Emulateurs\Rpcs3\dev_hdd0\game\BLES00382-[The Legend of Spyro Dawn of the Dragon]/PS3_GAME//USRDIR/
LDR: !  
MEM: ! Initing memory...
MEM: ! Memory initialized.
LDR: W Unimplemented function 'cellSaveDataListAutoLoad' in 'cellSysutil' module
LDR: W Unimplemented function 'cellSaveDataDelete2' in 'cellSysutil' module
LDR: W Unknown module 'cellSysutilAvconfExt'
LDR: W Unimplemented function 'UCS2stoUTF8s' in 'cellL10n' module
HLE: W PPU[1] Thread (CPUThread)[0x00d54034]sys_lwmutex warning: *** lwmutex created [_lc_mtx] (attribute=0x12): sq_id = 3
HLE: W PPU[1] Thread (CPUThread)[0x0096a7f0]memory warning: sys_memory_get_user_memory_size(mem_info_addr=0xd0010c04)
HLE: W PPU[1] Thread (CPUThread)[0x00d54034]sys_lwmutex warning: *** lwmutex created [_lc_mtx] (attribute=0x12): sq_id = 4
HLE: W PPU[1] Thread (CPUThread)[0x00d54034]sys_lwmutex warning: *** lwmutex created [_lc_mtx] (attribute=0x12): sq_id = 5
HLE: W PPU[1] Thread (CPUThread)[0x00d54034]sys_lwmutex warning: *** lwmutex created [_lc_mtx] (attribute=0x12): sq_id = 6
HLE: W PPU[1] Thread (CPUThread)[0x00d54034]sys_lwmutex warning: *** lwmutex created [_lc_mtx] (attribute=0x12): sq_id = 7
HLE: W PPU[1] Thread (CPUThread)[0x00d54034]sys_lwmutex warning: *** lwmutex created [_lc_mtx] (attribute=0x12): sq_id = 8
HLE: W PPU[1] Thread (CPUThread)[0x00d54034]sys_lwmutex warning: *** lwmutex created [_lc_mtx] (attribute=0x12): sq_id = 9
HLE: W PPU[1] Thread (CPUThread)[0x00d54034]sys_lwmutex warning: *** lwmutex created [_lc_mtx] (attribute=0x12): sq_id = 10
HLE: W PPU[1] Thread (CPUThread)[0x00d54034]sys_lwmutex warning: *** lwmutex created [_lc_mtx] (attribute=0x12): sq_id = 11
HLE: W PPU[1] Thread (CPUThread)[0x00d54034]sys_lwmutex warning: *** lwmutex created [_lc_mtx] (attribute=0x12): sq_id = 12
HLE: W PPU[1] Thread (CPUThread)[0x00d54034]sys_lwmutex warning: *** lwmutex created [_lgcmtx] (attribute=0x12): sq_id = 13
HLE: W PPU[1] Thread (CPUThread)[0x00d54034]sys_lwmutex warning: *** lwmutex created [_lgcmtx] (attribute=0x12): sq_id = 14
HLE: W PPU[1] Thread (CPUThread)[0x00d54034]sys_lwmutex warning: *** lwmutex created [_lc_mtx] (attribute=0x12): sq_id = 15
HLE: W PPU[1] Thread (CPUThread)[0x00d54034]sys_lwmutex warning: *** lwmutex created [_lc_mtx] (attribute=0x12): sq_id = 16
HLE: W PPU[1] Thread (CPUThread)[0x00d54034]sys_lwmutex warning: *** lwmutex created [_lc_mtx] (attribute=0x12): sq_id = 17
HLE: W PPU[1] Thread (CPUThread)[0x00d54034]sys_lwmutex warning: *** lwmutex created [_lc_mtx] (attribute=0x12): sq_id = 18
HLE: W PPU[1] Thread (CPUThread)[0x00d54034]sys_lwmutex warning: *** lwmutex created [_lc_mtx] (attribute=0x12): sq_id = 19
HLE: W PPU[1] Thread (CPUThread)[0x00d54034]sys_lwmutex warning: *** lwmutex created [_lc_mtx] (attribute=0x12): sq_id = 20
HLE: W PPU[1] Thread (CPUThread)[0x00d54034]sys_lwmutex warning: *** lwmutex created [_lc_mtx] (attribute=0x12): sq_id = 21
HLE: W PPU[1] Thread (CPUThread)[0x00d54034]sys_lwmutex warning: *** lwmutex created [_lc_mtx] (attribute=0x12): sq_id = 22
HLE: W PPU[1] Thread (CPUThread)[0x00d54034]sys_lwmutex warning: *** lwmutex created [_lc_mtx] (attribute=0x12): sq_id = 23
HLE: W PPU[1] Thread (CPUThread)[0x00d54034]sys_lwmutex warning: *** lwmutex created [_lc_mtx] (attribute=0x12): sq_id = 24
HLE: W PPU[1] Thread (CPUThread)[0x00d54034]sys_lwmutex warning: *** lwmutex created [_lc_mtx] (attribute=0x12): sq_id = 25
HLE: W PPU[1] Thread (CPUThread)[0x00d54034]sys_lwmutex warning: *** lwmutex created [_lc_mtx] (attribute=0x12): sq_id = 26
HLE: W PPU[1] Thread (CPUThread)[0x00d54034]sys_lwmutex warning: *** lwmutex created [_lc_mtx] (attribute=0x12): sq_id = 27
HLE: W PPU[1] Thread (CPUThread)[0x00d54034]sys_lwmutex warning: *** lwmutex created [keMutex] (attribute=0x12): sq_id = 28
HLE: W PPU[1] Thread (CPUThread)[0x00d46088]cellSysutil warning: cellSysutilRegisterCallback(slot=0, func_addr=0xb846c8, userdata=0x0)
HLE: W PPU[1] Thread (CPUThread)[0x00d42010]cellSysmodule warning: cellSysmoduleLoadModule(CELL_SYSMODULE_L10N)
HLE: W PPU[1] Thread (CPUThread)[0x00d42010]cellSysmodule warning: cellSysmoduleLoadModule(CELL_SYSMODULE_AVCONF_EXT)
HLE: W PPU[1] Thread (CPUThread)[0x00d46058]cellSysutil warning: cellSysutilGetSystemParamInt: CELL_SYSUTIL_SYSTEMPARAM_ID_ENTER_BUTTON_ASSIGN
HLE: W PPU[1] Thread (CPUThread)[0x00d46040]cellSysutil warning: cellSysutilEnableBgmPlayback()
HLE: W PPU[1] Thread (CPUThread)[0x00d46058]cellSysutil warning: cellSysutilGetSystemParamInt: CELL_SYSUTIL_SYSTEMPARAM_ID_PAD_RUMBLE
HLE: W PPU[1] Thread (CPUThread)[0x00d54034]sys_lwmutex warning: *** lwmutex created [keMutex] (attribute=0x22): sq_id = 29
HLE: W PPU[1] Thread (CPUThread)[0x000590dc]sys_semaphore warning: sys_semaphore_create(sem_addr=0x30101010, attr_addr=0xd00109c0, initial_count=1, max_count=1)
HLE: ! PPU[1] Thread (CPUThread)[0x000590dc]*** semaphore created [keSema] (protocol=0x2): id = 30
HLE: W PPU[1] Thread (CPUThread)[0x000590dc]sys_semaphore warning: sys_semaphore_create(sem_addr=0x30101014, attr_addr=0xd00109c0, initial_count=0, max_count=2147483647)
HLE: ! PPU[1] Thread (CPUThread)[0x000590dc]*** semaphore created [keSema] (protocol=0x2): id = 31
HLE: W PPU[1] Thread (CPUThread)[0x00d54034]sys_lwmutex warning: *** lwmutex created [keMutex] (attribute=0x22): sq_id = 32
HLE: W PPU[1] Thread (CPUThread)[0x00d54034]sys_lwmutex warning: *** lwmutex created [keMutex] (attribute=0x22): sq_id = 33
HLE: W PPU[1] Thread (CPUThread)[0x000590dc]sys_semaphore warning: sys_semaphore_create(sem_addr=0x30108128, attr_addr=0xd0010790, initial_count=1, max_count=1)
HLE: ! PPU[1] Thread (CPUThread)[0x000590dc]*** semaphore created [keSema] (protocol=0x2): id = 34
HLE: W PPU[1] Thread (CPUThread)[0x000590dc]sys_semaphore warning: sys_semaphore_create(sem_addr=0x3010812c, attr_addr=0xd0010790, initial_count=0, max_count=2147483647)
HLE: ! PPU[1] Thread (CPUThread)[0x000590dc]*** semaphore created [keSema] (protocol=0x2): id = 35
HLE: W PPU[1] Thread (CPUThread)[0x00d54034]sys_lwmutex warning: *** lwmutex created [keMutex] (attribute=0x22): sq_id = 36
HLE: W PPU[1] Thread (CPUThread)[0x000590dc]sys_semaphore warning: sys_semaphore_create(sem_addr=0x30108160, attr_addr=0xd0010790, initial_count=1, max_count=1)
HLE: ! PPU[1] Thread (CPUThread)[0x000590dc]*** semaphore created [keSema] (protocol=0x2): id = 37
HLE: W PPU[1] Thread (CPUThread)[0x000590dc]sys_semaphore warning: sys_semaphore_create(sem_addr=0x30108164, attr_addr=0xd0010790, initial_count=0, max_count=2147483647)
HLE: ! PPU[1] Thread (CPUThread)[0x000590dc]*** semaphore created [keSema] (protocol=0x2): id = 38
HLE: W PPU[1] Thread (CPUThread)[0x00d54034]sys_lwmutex warning: *** lwmutex created [keMutex] (attribute=0x22): sq_id = 39
HLE: W PPU[1] Thread (CPUThread)[0x00d54034]sys_lwmutex warning: *** lwmutex created [keMutex] (attribute=0x22): sq_id = 40
HLE: W PPU[1] Thread (CPUThread)[0x00d54034]sys_lwmutex warning: *** lwmutex created [keMutex] (attribute=0x22): sq_id = 41
HLE: W PPU[1] Thread (CPUThread)[0x000590dc]sys_semaphore warning: sys_semaphore_create(sem_addr=0x30100cb0, attr_addr=0xd00106b0, initial_count=1, max_count=1)
HLE: ! PPU[1] Thread (CPUThread)[0x000590dc]*** semaphore created [keSema] (protocol=0x2): id = 42
HLE: W PPU[1] Thread (CPUThread)[0x000590dc]sys_semaphore warning: sys_semaphore_create(sem_addr=0x30100cb4, attr_addr=0xd00106b0, initial_count=0, max_count=2147483647)
HLE: ! PPU[1] Thread (CPUThread)[0x000590dc]*** semaphore created [keSema] (protocol=0x2): id = 43
HLE: W PPU[1] Thread (CPUThread)[0x00d54034]sys_lwmutex warning: *** lwmutex created [keMutex] (attribute=0x22): sq_id = 44
PPU: ! PPU[1] Thread (CPUThread)[0x00d5401c]*** New PPU Thread [CKLoadRequestQueue 0] (flags=0x1, entry=0xb3f1e0): id = 45
HLE: W PPU[1] Thread (CPUThread)[0x00d54034]sys_lwmutex warning: *** lwmutex created [keMutex] (attribute=0x22): sq_id = 46
HLE: W PPU[1] Thread (CPUThread)[0x000590dc]sys_semaphore warning: sys_semaphore_create(sem_addr=0x30108200, attr_addr=0xd00107e0, initial_count=1, max_count=1)
HLE: ! PPU[1] Thread (CPUThread)[0x000590dc]*** semaphore created [keSema] (protocol=0x2): id = 47
HLE: W PPU[1] Thread (CPUThread)[0x000590dc]sys_semaphore warning: sys_semaphore_create(sem_addr=0x30108204, attr_addr=0xd00107e0, initial_count=0, max_count=2147483647)
HLE: ! PPU[1] Thread (CPUThread)[0x000590dc]*** semaphore created [keSema] (protocol=0x2): id = 48
HLE: W PPU[1] Thread (CPUThread)[0x00d54034]sys_lwmutex warning: *** lwmutex created [keMutex] (attribute=0x22): sq_id = 49
HLE: W PPU[1] Thread (CPUThread)[0x00d54034]sys_lwmutex warning: *** lwmutex created [keMutex] (attribute=0x22): sq_id = 50
HLE: W PPU[1] Thread (CPUThread)[0x000590dc]sys_semaphore warning: sys_semaphore_create(sem_addr=0x30108270, attr_addr=0xd00107e0, initial_count=1, max_count=1)
HLE: ! PPU[1] Thread (CPUThread)[0x000590dc]*** semaphore created [keSema] (protocol=0x2): id = 51
HLE: W PPU[1] Thread (CPUThread)[0x000590dc]sys_semaphore warning: sys_semaphore_create(sem_addr=0x30108274, attr_addr=0xd00107e0, initial_count=0, max_count=2147483647)
HLE: ! PPU[1] Thread (CPUThread)[0x000590dc]*** semaphore created [keSema] (protocol=0x2): id = 52
HLE: W PPU[1] Thread (CPUThread)[0x00d54034]sys_lwmutex warning: *** lwmutex created [keMutex] (attribute=0x22): sq_id = 53
HLE: W PPU[1] Thread (CPUThread)[0x00d54034]sys_lwmutex warning: *** lwmutex created [keMutex] (attribute=0x22): sq_id = 54
HLE: W PPU[1] Thread (CPUThread)[0x000590dc]sys_semaphore warning: sys_semaphore_create(sem_addr=0x301082d8, attr_addr=0xd00107e0, initial_count=1, max_count=1)
HLE: ! PPU[1] Thread (CPUThread)[0x000590dc]*** semaphore created [keSema] (protocol=0x2): id = 55
HLE: W PPU[1] Thread (CPUThread)[0x000590dc]sys_semaphore warning: sys_semaphore_create(sem_addr=0x301082dc, attr_addr=0xd00107e0, initial_count=0, max_count=2147483647)
HLE: ! PPU[1] Thread (CPUThread)[0x000590dc]*** semaphore created [keSema] (protocol=0x2): id = 56
HLE: W PPU[1] Thread (CPUThread)[0x00d54034]sys_lwmutex warning: *** lwmutex created [keMutex] (attribute=0x22): sq_id = 57
HLE: W PPU[1] Thread (CPUThread)[0x00d54034]sys_lwmutex warning: *** lwmutex created [keMutex] (attribute=0x22): sq_id = 58
HLE: W PPU[1] Thread (CPUThread)[0x000590dc]sys_semaphore warning: sys_semaphore_create(sem_addr=0x30108340, attr_addr=0xd0010790, initial_count=1, max_count=1)
HLE: ! PPU[1] Thread (CPUThread)[0x000590dc]*** semaphore created [keSema] (protocol=0x2): id = 59
HLE: W PPU[1] Thread (CPUThread)[0x000590dc]sys_semaphore warning: sys_semaphore_create(sem_addr=0x30108344, attr_addr=0xd0010790, initial_count=0, max_count=2147483647)
HLE: ! PPU[1] Thread (CPUThread)[0x000590dc]*** semaphore created [keSema] (protocol=0x2): id = 60
HLE: W PPU[1] Thread (CPUThread)[0x00d54034]sys_lwmutex warning: *** lwmutex created [keMutex] (attribute=0x22): sq_id = 61
HLE: W PPU[1] Thread (CPUThread)[0x000590dc]sys_semaphore warning: sys_semaphore_create(sem_addr=0x30108378, attr_addr=0xd0010790, initial_count=1, max_count=1)
HLE: ! PPU[1] Thread (CPUThread)[0x000590dc]*** semaphore created [keSema] (protocol=0x2): id = 62
HLE: W PPU[1] Thread (CPUThread)[0x000590dc]sys_semaphore warning: sys_semaphore_create(sem_addr=0x3010837c, attr_addr=0xd0010790, initial_count=0, max_count=2147483647)
HLE: ! PPU[1] Thread (CPUThread)[0x000590dc]*** semaphore created [keSema] (protocol=0x2): id = 63
HLE: W PPU[1] Thread (CPUThread)[0x00d54034]sys_lwmutex warning: *** lwmutex created [keMutex] (attribute=0x22): sq_id = 64
HLE: W PPU[1] Thread (CPUThread)[0x00d54034]sys_lwmutex warning: *** lwmutex created [keMutex] (attribute=0x22): sq_id = 65
HLE: W PPU[1] Thread (CPUThread)[0x00d54034]sys_lwmutex warning: *** lwmutex created [keMutex] (attribute=0x22): sq_id = 66
HLE: W PPU[1] Thread (CPUThread)[0x000590dc]sys_semaphore warning: sys_semaphore_create(sem_addr=0x30101370, attr_addr=0xd00106b0, initial_count=1, max_count=1)
HLE: ! PPU[1] Thread (CPUThread)[0x000590dc]*** semaphore created [keSema] (protocol=0x2): id = 67
HLE: W PPU[1] Thread (CPUThread)[0x000590dc]sys_semaphore warning: sys_semaphore_create(sem_addr=0x30101374, attr_addr=0xd00106b0, initial_count=0, max_count=2147483647)
HLE: ! PPU[1] Thread (CPUThread)[0x000590dc]*** semaphore created [keSema] (protocol=0x2): id = 68
HLE: W PPU[1] Thread (CPUThread)[0x00d54034]sys_lwmutex warning: *** lwmutex created [keMutex] (attribute=0x22): sq_id = 69
PPU: ! PPU[1] Thread (CPUThread)[0x00d5401c]*** New PPU Thread [CKMemcardRequestQueue::keCThreadPool 0] (flags=0x1, entry=0xb3f1e0): id = 70
HLE: W PPU[1] Thread (CPUThread)[0x00d54034]sys_lwmutex warning: *** lwmutex created [keMutex] (attribute=0x22): sq_id = 71
HLE: W PPU[1] Thread (CPUThread)[0x000590dc]sys_semaphore warning: sys_semaphore_create(sem_addr=0x30108418, attr_addr=0xd00107e0, initial_count=1, max_count=1)
HLE: ! PPU[1] Thread (CPUThread)[0x000590dc]*** semaphore created [keSema] (protocol=0x2): id = 72
HLE: W PPU[1] Thread (CPUThread)[0x000590dc]sys_semaphore warning: sys_semaphore_create(sem_addr=0x3010841c, attr_addr=0xd00107e0, initial_count=0, max_count=2147483647)
HLE: ! PPU[1] Thread (CPUThread)[0x000590dc]*** semaphore created [keSema] (protocol=0x2): id = 73
HLE: W PPU[1] Thread (CPUThread)[0x00d54034]sys_lwmutex warning: *** lwmutex created [keMutex] (attribute=0x22): sq_id = 74
HLE: W PPU[1] Thread (CPUThread)[0x00d54034]sys_lwmutex warning: *** lwmutex created [keMutex] (attribute=0x22): sq_id = 75
HLE: W PPU[1] Thread (CPUThread)[0x000590dc]sys_semaphore warning: sys_semaphore_create(sem_addr=0x301084b0, attr_addr=0xd00109b0, initial_count=1, max_count=1)
HLE: ! PPU[1] Thread (CPUThread)[0x000590dc]*** semaphore created [keSema] (protocol=0x2): id = 76
HLE: W PPU[1] Thread (CPUThread)[0x000590dc]sys_semaphore warning: sys_semaphore_create(sem_addr=0x301084b4, attr_addr=0xd00109b0, initial_count=0, max_count=2147483647)
HLE: ! PPU[1] Thread (CPUThread)[0x000590dc]*** semaphore created [keSema] (protocol=0x2): id = 77
HLE: W PPU[1] Thread (CPUThread)[0x00d54034]sys_lwmutex warning: *** lwmutex created [keMutex] (attribute=0x22): sq_id = 78
HLE: W PPU[1] Thread (CPUThread)[0x00d54034]sys_lwmutex warning: *** lwmutex created [keMutex] (attribute=0x22): sq_id = 79
HLE: W PPU[1] Thread (CPUThread)[0x000590dc]sys_semaphore warning: sys_semaphore_create(sem_addr=0x30108520, attr_addr=0xd00109b0, initial_count=1, max_count=1)
HLE: ! PPU[1] Thread (CPUThread)[0x000590dc]*** semaphore created [keSema] (protocol=0x2): id = 80
HLE: W PPU[1] Thread (CPUThread)[0x000590dc]sys_semaphore warning: sys_semaphore_create(sem_addr=0x30108524, attr_addr=0xd00109b0, initial_count=0, max_count=2147483647)
HLE: ! PPU[1] Thread (CPUThread)[0x000590dc]*** semaphore created [keSema] (protocol=0x2): id = 81
HLE: W PPU[1] Thread (CPUThread)[0x00d54034]sys_lwmutex warning: *** lwmutex created [keMutex] (attribute=0x22): sq_id = 82
HLE: W PPU[1] Thread (CPUThread)[0x00d54034]sys_lwmutex warning: *** lwmutex created [keMutex] (attribute=0x22): sq_id = 83
HLE: W PPU[1] Thread (CPUThread)[0x000590dc]sys_semaphore warning: sys_semaphore_create(sem_addr=0x30108590, attr_addr=0xd00109b0, initial_count=1, max_count=1)
HLE: ! PPU[1] Thread (CPUThread)[0x000590dc]*** semaphore created [keSema] (protocol=0x2): id = 84
HLE: W PPU[1] Thread (CPUThread)[0x000590dc]sys_semaphore warning: sys_semaphore_create(sem_addr=0x30108594, attr_addr=0xd00109b0, initial_count=0, max_count=2147483647)
HLE: ! PPU[1] Thread (CPUThread)[0x000590dc]*** semaphore created [keSema] (protocol=0x2): id = 85
HLE: W PPU[1] Thread (CPUThread)[0x00d54034]sys_lwmutex warning: *** lwmutex created [keMutex] (attribute=0x22): sq_id = 86
HLE: W PPU[1] Thread (CPUThread)[0x00d54034]sys_lwmutex warning: *** lwmutex created [keMutex] (attribute=0x22): sq_id = 87
HLE: W PPU[1] Thread (CPUThread)[0x000590dc]sys_semaphore warning: sys_semaphore_create(sem_addr=0x30108600, attr_addr=0xd00109b0, initial_count=1, max_count=1)
HLE: ! PPU[1] Thread (CPUThread)[0x000590dc]*** semaphore created [keSema] (protocol=0x2): id = 88
HLE: W PPU[1] Thread (CPUThread)[0x000590dc]sys_semaphore warning: sys_semaphore_create(sem_addr=0x30108604, attr_addr=0xd00109b0, initial_count=0, max_count=2147483647)
HLE: ! PPU[1] Thread (CPUThread)[0x000590dc]*** semaphore created [keSema] (protocol=0x2): id = 89
HLE: W PPU[1] Thread (CPUThread)[0x00d54034]sys_lwmutex warning: *** lwmutex created [keMutex] (attribute=0x22): sq_id = 90
HLE: W PPU[1] Thread (CPUThread)[0x00d54034]sys_lwmutex warning: *** lwmutex created [keMutex] (attribute=0x22): sq_id = 91
HLE: W PPU[1] Thread (CPUThread)[0x000590dc]sys_semaphore warning: sys_semaphore_create(sem_addr=0x30108670, attr_addr=0xd00109b0, initial_count=1, max_count=1)
HLE: ! PPU[1] Thread (CPUThread)[0x000590dc]*** semaphore created [keSema] (protocol=0x2): id = 92
HLE: W PPU[1] Thread (CPUThread)[0x000590dc]sys_semaphore warning: sys_semaphore_create(sem_addr=0x30108674, attr_addr=0xd00109b0, initial_count=0, max_count=2147483647)
HLE: ! PPU[1] Thread (CPUThread)[0x000590dc]*** semaphore created [keSema] (protocol=0x2): id = 93
HLE: W PPU[1] Thread (CPUThread)[0x00d54034]sys_lwmutex warning: *** lwmutex created [keMutex] (attribute=0x22): sq_id = 94
HLE: W PPU[1] Thread (CPUThread)[0x00d54034]sys_lwmutex warning: *** lwmutex created [keMutex] (attribute=0x22): sq_id = 95
HLE: W PPU[1] Thread (CPUThread)[0x00739190]sys_spu warning: sys_spu_initialize(max_usable_spu=6, max_raw_spu=1)
HLE: W PPU[1] Thread (CPUThread)[0x00d42010]cellSysmodule warning: cellSysmoduleLoadModule(CELL_SYSMODULE_GCM_SYS)
HLE: W PPU[1] Thread (CPUThread)[0x00d42010]cellSysmodule warning: cellSysmoduleLoadModule(CELL_SYSMODULE_RESC)
HLE: W PPU[1] Thread (CPUThread)[0x006198c8]sys_spu warning: sys_raw_spu_create(id_addr=0xceb940, attr_addr=0xd000ff80)
SPU: W PPU[1] Thread (CPUThread)[0x00619c84]RawSPUThread[0]: Read32(MFC_CMDStatus)
SPU: W PPU[1] Thread (CPUThread)[0x00619c84]RawSPUThread[0]: Read32(MFC_CMDStatus)
SPU: W PPU[1] Thread (CPUThread)[0x00619f8c]RawSPUThread[0]: Write32(Prxy_QueryMask, 0x80000000)
SPU: W PPU[1] Thread (CPUThread)[0x00619f90]RawSPUThread[0]: Write32(Prxy_QueryType, 0x2)
SPU: W PPU[1] Thread (CPUThread)[0x00619f90]RawSPUThread[0]: Prxy Query Immediate.
SPU: W PPU[1] Thread (CPUThread)[0x00619fa0]RawSPUThread[0]: Read32(MFC_QStatus)
SPU: W PPU[1] Thread (CPUThread)[0x00619fe0]RawSPUThread[0]: Write32(SPU_NPC, 0x108)
SPU: W PPU[1] Thread (CPUThread)[0x00619654]RawSPUThread[0]: Write32(SPU_NPC, 0x108)
SPU: W PPU[1] Thread (CPUThread)[0x00619628]RawSPUThread[0]: Write32(SPU_RunCntl, 0x1)
SPU: W RawSPU[96] Thread (CPUThread)[0x00000108]Starting RawSPU...
HLE: W PPU[1] Thread (CPUThread)[0x00d440f4]cellGcmSys warning: cellGcmInit(context_addr=0xcf07cc,cmdSize=0x10000,ioSize=0x1500000,ioAddress=0x30200000)
HLE: W PPU[1] Thread (CPUThread)[0x00d440f4]cellGcmSys warning: *** local memory(addr=0xc0000000, size=0xf900000)
HLE: W PPU[1] Thread (CPUThread)[0x00d440f4]cellGcmSys warning: cellGcmInit(): 256MB io address space used
HLE: W PPU[1] Thread (CPUThread)[0x00d440f4]cellGcmSys warning: cellGcmMapEaIoAddress(ea=0x30200000, io=0x0, size=0x1500000)
RSX: ! RSXThreadRSX thread started
HLE: W PPU[1] Thread (CPUThread)[0x00d44028]cellGcmSys warning: cellGcmSetDebugOutputLevel(level=2)
HLE: E PPU[1] Thread (CPUThread)[0x00d440c4]cellGcmSys error: Unimplemented function: cellGcmSetGraphicsHandler
HLE: W PPU[1] Thread (CPUThread)[0x00d440d0]cellGcmSys warning: cellGcmUnbindTile(index=0)
HLE: W PPU[1] Thread (CPUThread)[0x00d440d0]cellGcmSys warning: cellGcmUnbindTile(index=1)
HLE: W PPU[1] Thread (CPUThread)[0x00d440d0]cellGcmSys warning: cellGcmUnbindTile(index=2)
HLE: W PPU[1] Thread (CPUThread)[0x00d440d0]cellGcmSys warning: cellGcmUnbindTile(index=3)
HLE: W PPU[1] Thread (CPUThread)[0x00d440d0]cellGcmSys warning: cellGcmUnbindTile(index=4)
HLE: W PPU[1] Thread (CPUThread)[0x00d440d0]cellGcmSys warning: cellGcmUnbindTile(index=5)
HLE: W PPU[1] Thread (CPUThread)[0x00d440d0]cellGcmSys warning: cellGcmUnbindTile(index=6)
HLE: W PPU[1] Thread (CPUThread)[0x00d440d0]cellGcmSys warning: cellGcmUnbindTile(index=7)
HLE: W PPU[1] Thread (CPUThread)[0x00d440d0]cellGcmSys warning: cellGcmUnbindTile(index=8)
HLE: W PPU[1] Thread (CPUThread)[0x00d440d0]cellGcmSys warning: cellGcmUnbindTile(index=9)
HLE: W PPU[1] Thread (CPUThread)[0x00d440d0]cellGcmSys warning: cellGcmUnbindTile(index=10)
HLE: W PPU[1] Thread (CPUThread)[0x00d440d0]cellGcmSys warning: cellGcmUnbindTile(index=11)
HLE: W PPU[1] Thread (CPUThread)[0x00d440d0]cellGcmSys warning: cellGcmUnbindTile(index=12)
HLE: W PPU[1] Thread (CPUThread)[0x00d440d0]cellGcmSys warning: cellGcmUnbindTile(index=13)
HLE: W PPU[1] Thread (CPUThread)[0x00d440d0]cellGcmSys warning: cellGcmUnbindTile(index=14)
RSX: W RSXThreadTODO: unknown/illegal method [0x00001fec](0x0)
RSX: W RSXThreadTODO: cellGcmSetTwoSideLightEn(0x0)
HLE: W PPU[1] Thread (CPUThread)[0x00d54034]sys_lwmutex warning: *** lwmutex created [keRSXMut] (attribute=0x12): sq_id = 97
HLE: W PPU[1] Thread (CPUThread)[0x00d460a0]cellSysutil warning: cellVideoOutGetResolutionAvailability(videoOut=0, resolutionId=0x2, option_addr=0x0, aspect=0x0, option=0xd91c3db0)
RSX: W RSXThreadNV406E_SEMAPHORE_ACQUIRE: 1
HLE: W PPU[1] Thread (CPUThread)[0x00d440b8]cellGcmSys warning: cellGcmSetTileInfo(index=0, location=0, offset=65536, size=3932160, pitch=5120, comp=0, base=0, bank=0)
HLE: W PPU[1] Thread (CPUThread)[0x00d44010]cellGcmSys warning: cellGcmBindTile(index=0)
RSX: W RSXThreadNV406E_SEMAPHORE_ACQUIRE: 3
HLE: W PPU[1] Thread (CPUThread)[0x00d440b8]cellGcmSys warning: cellGcmSetTileInfo(index=0, location=0, offset=65536, size=7864320, pitch=5120, comp=0, base=0, bank=0)
HLE: W PPU[1] Thread (CPUThread)[0x00d44010]cellGcmSys warning: cellGcmBindTile(index=0)
RSX: W RSXThreadNV406E_SEMAPHORE_ACQUIRE: 5
HLE: W PPU[1] Thread (CPUThread)[0x00d440b8]cellGcmSys warning: cellGcmSetTileInfo(index=0, location=0, offset=65536, size=11796480, pitch=5120, comp=0, base=0, bank=0)
HLE: W PPU[1] Thread (CPUThread)[0x00d44010]cellGcmSys warning: cellGcmBindTile(index=0)
RSX: W RSXThreadNV406E_SEMAPHORE_ACQUIRE: 7
HLE: W PPU[1] Thread (CPUThread)[0x00d440b8]cellGcmSys warning: cellGcmSetTileInfo(index=1, location=0, offset=257163264, size=3932160, pitch=5120, comp=10, base=1, bank=3)
HLE: E PPU[1] Thread (CPUThread)[0x00d440b8]cellGcmSys error: cellGcmSetTileInfo: bad compression mode! (10)
HLE: W PPU[1] Thread (CPUThread)[0x00d44010]cellGcmSys warning: cellGcmBindTile(index=1)
RSX: W RSXThreadNV406E_SEMAPHORE_ACQUIRE: 9
HLE: W PPU[1] Thread (CPUThread)[0x00d44058]cellGcmSys warning: cellGcmBindZcull(index=0)
HLE: W PPU[1] Thread (CPUThread)[0x00668358]sys_semaphore warning: sys_semaphore_create(sem_addr=0xcebb90, attr_addr=0xd000ff50, initial_count=2, max_count=3)
HLE: ! PPU[1] Thread (CPUThread)[0x00668358]*** semaphore created [] (protocol=0x2): id = 98
HLE: W PPU[1] Thread (CPUThread)[0x00d44070]cellGcmSys warning: cellGcmSetFlipHandler(handler_addr=12553232)
HLE: W PPU[1] Thread (CPUThread)[0x00d46010]cellSysutil warning: cellVideoOutConfigure(videoOut=0, config_addr=0xd000ff20, option_addr=0x0, waitForEvent=0x0)
HLE: W PPU[1] Thread (CPUThread)[0x00d4401c]cellGcmSys warning: cellGcmSetFlipMode(mode=1)
RSX: W RSXThreadNV4097_SET_ANTI_ALIASING_CONTROL: ffff0000
RSX: W RSXThreadNV4097_SET_ZCULL_CONTROL0: 10
RSX: W RSXThreadNV4097_SET_SCULL_CONTROL: ff000007
RSX: W RSXThreadNV4097_SET_ANTI_ALIASING_CONTROL: ffff0000
RSX: W RSXThreadNV4097_SET_ANTI_ALIASING_CONTROL: ffff0000
HLE: W PPU[1] Thread (CPUThread)[0x00617984]sys_mutex warning: *** mutex created [] (protocol=0x2, recursive=false): id = 99
HLE: W PPU[1] Thread (CPUThread)[0x00617b38]sys_cond warning: *** condition created [] (mutex_id=99): id = 100
HLE: W PPU[1] Thread (CPUThread)[0x00d54034]sys_lwmutex warning: *** lwmutex created [keMutex] (attribute=0x22): sq_id = 101
HLE: W PPU[1] Thread (CPUThread)[0x000590dc]sys_semaphore warning: sys_semaphore_create(sem_addr=0x30157ce0, attr_addr=0xd00105e0, initial_count=1, max_count=1)
HLE: ! PPU[1] Thread (CPUThread)[0x000590dc]*** semaphore created [keSema] (protocol=0x2): id = 102
HLE: W PPU[1] Thread (CPUThread)[0x000590dc]sys_semaphore warning: sys_semaphore_create(sem_addr=0x30157ce4, attr_addr=0xd00105e0, initial_count=0, max_count=2147483647)
HLE: ! PPU[1] Thread (CPUThread)[0x000590dc]*** semaphore created [keSema] (protocol=0x2): id = 103
HLE: W PPU[1] Thread (CPUThread)[0x00d54034]sys_lwmutex warning: *** lwmutex created [keMutex] (attribute=0x22): sq_id = 104
HLE: W PPU[1] Thread (CPUThread)[0x00d54034]sys_lwmutex warning: *** lwmutex created [keMutex] (attribute=0x22): sq_id = 105
HLE: W PPU[1] Thread (CPUThread)[0x000590dc]sys_semaphore warning: sys_semaphore_create(sem_addr=0x30160158, attr_addr=0xd0010590, initial_count=1, max_count=1)
HLE: ! PPU[1] Thread (CPUThread)[0x000590dc]*** semaphore created [keSema] (protocol=0x2): id = 106
HLE: W PPU[1] Thread (CPUThread)[0x000590dc]sys_semaphore warning: sys_semaphore_create(sem_addr=0x3016015c, attr_addr=0xd0010590, initial_count=0, max_count=2147483647)
HLE: ! PPU[1] Thread (CPUThread)[0x000590dc]*** semaphore created [keSema] (protocol=0x2): id = 107
HLE: W PPU[1] Thread (CPUThread)[0x00d54034]sys_lwmutex warning: *** lwmutex created [keMutex] (attribute=0x22): sq_id = 108
HLE: W PPU[1] Thread (CPUThread)[0x000590dc]sys_semaphore warning: sys_semaphore_create(sem_addr=0x30160190, attr_addr=0xd0010590, initial_count=1, max_count=1)
HLE: ! PPU[1] Thread (CPUThread)[0x000590dc]*** semaphore created [keSema] (protocol=0x2): id = 109
HLE: W PPU[1] Thread (CPUThread)[0x000590dc]sys_semaphore warning: sys_semaphore_create(sem_addr=0x30160194, attr_addr=0xd0010590, initial_count=0, max_count=2147483647)
HLE: ! PPU[1] Thread (CPUThread)[0x000590dc]*** semaphore created [keSema] (protocol=0x2): id = 110
HLE: W PPU[1] Thread (CPUThread)[0x00d54034]sys_lwmutex warning: *** lwmutex created [keMutex] (attribute=0x22): sq_id = 111
HLE: W PPU[1] Thread (CPUThread)[0x00d54034]sys_lwmutex warning: *** lwmutex created [keMutex] (attribute=0x22): sq_id = 112
HLE: W PPU[1] Thread (CPUThread)[0x00d54034]sys_lwmutex warning: *** lwmutex created [keMutex] (attribute=0x22): sq_id = 113
HLE: W PPU[1] Thread (CPUThread)[0x000590dc]sys_semaphore warning: sys_semaphore_create(sem_addr=0x30160280, attr_addr=0xd00104b0, initial_count=1, max_count=1)
HLE: ! PPU[1] Thread (CPUThread)[0x000590dc]*** semaphore created [keSema] (protocol=0x2): id = 114
HLE: W PPU[1] Thread (CPUThread)[0x000590dc]sys_semaphore warning: sys_semaphore_create(sem_addr=0x30160284, attr_addr=0xd00104b0, initial_count=0, max_count=2147483647)
HLE: ! PPU[1] Thread (CPUThread)[0x000590dc]*** semaphore created [keSema] (protocol=0x2): id = 115
HLE: W PPU[1] Thread (CPUThread)[0x00d54034]sys_lwmutex warning: *** lwmutex created [keMutex] (attribute=0x22): sq_id = 116
PPU: ! PPU[1] Thread (CPUThread)[0x00d5401c]*** New PPU Thread [CKShaderRequestQueue 0] (flags=0x1, entry=0xb3f1e0): id = 117
HLE: W PPU[1] Thread (CPUThread)[0x00d54034]sys_lwmutex warning: *** lwmutex created [keMutex] (attribute=0x12): sq_id = 118
HLE: W PPU[1] Thread (CPUThread)[0x00d54034]sys_lwmutex warning: *** lwmutex created [keMutex] (attribute=0x22): sq_id = 119
HLE: W PPU[1] Thread (CPUThread)[0x00d4401c]cellGcmSys warning: cellGcmSetFlipMode(mode=2)
RSX: W RSXThreadNV4097_SET_VERTEX_ATTRIB_INPUT_MASK: f0d
RSX: W RSXThreadNV4097_SET_ANTI_ALIASING_CONTROL: ffff0000
RSX: W RSXThreadNV4097_INVALIDATE_L2: 1
RSX: W RSXThreadNV4097_SET_ZCULL_CONTROL0: 10
RSX: W RSXThreadNV4097_SET_SCULL_CONTROL: ff000007
HLE: W PPU[1] Thread (CPUThread)[0x00d4404c]cellGcmSys warning: cellGcmGetReport(type=2, index=791)
HLE: W PPU[1] Thread (CPUThread)[0x00d4404c]cellGcmSys warning: cellGcmGetReport(type=3, index=792)
HLE: W PPU[1] Thread (CPUThread)[0x00d4404c]cellGcmSys warning: cellGcmGetReport(type=4, index=793)
HLE: W PPU[1] Thread (CPUThread)[0x00d4404c]cellGcmSys warning: cellGcmGetReport(type=5, index=794)
RSX: W RSXThreadNV4097_GET_REPORT: Unimplemented type 2
RSX: W RSXThreadNV4097_GET_REPORT: Unimplemented type 3
RSX: W RSXThreadNV4097_GET_REPORT: Unimplemented type 4
RSX: W RSXThreadNV4097_GET_REPORT: Unimplemented type 5
RSX: W RSXThreadNV4097_CLEAR_REPORT_VALUE: 2
RSX: W RSXThreadNV4097_SET_ZCULL_STATS_ENABLE: 1
RSX: W RSXThreadNV4097_SET_ANTI_ALIASING_CONTROL: ffff0000
RSX: W RSXThreadNV4097_INVALIDATE_L2: 1
RSX: W RSXThreadNV4097_SET_ZCULL_CONTROL0: 10
RSX: W RSXThreadNV4097_SET_SCULL_CONTROL: ff000007
HLE: W PPU[1] Thread (CPUThread)[0x00d4404c]cellGcmSys warning: cellGcmGetReport(type=2, index=791)
HLE: W PPU[1] Thread (CPUThread)[0x00d4404c]cellGcmSys warning: cellGcmGetReport(type=3, index=792)
HLE: W PPU[1] Thread (CPUThread)[0x00d4404c]cellGcmSys warning: cellGcmGetReport(type=4, index=793)
HLE: W PPU[1] Thread (CPUThread)[0x00d4404c]cellGcmSys warning: cellGcmGetReport(type=5, index=794)
HLE: W PPU[1] Thread (CPUThread)[0x00d54034]sys_lwmutex warning: *** lwmutex created [keMutex] (attribute=0x22): sq_id = 120
HLE: W PPU[1] Thread (CPUThread)[0x000590dc]sys_semaphore warning: sys_semaphore_create(sem_addr=0x32300090, attr_addr=0xd00107e0, initial_count=1, max_count=1)
HLE: ! PPU[1] Thread (CPUThread)[0x000590dc]*** semaphore created [keSema] (protocol=0x2): id = 121
HLE: W PPU[1] Thread (CPUThread)[0x000590dc]sys_semaphore warning: sys_semaphore_create(sem_addr=0x32300094, attr_addr=0xd00107e0, initial_count=0, max_count=2147483647)
HLE: ! PPU[1] Thread (CPUThread)[0x000590dc]*** semaphore created [keSema] (protocol=0x2): id = 122
HLE: W PPU[1] Thread (CPUThread)[0x00d54034]sys_lwmutex warning: *** lwmutex created [keMutex] (attribute=0x22): sq_id = 123
HLE: W PPU[1] Thread (CPUThread)[0x000590dc]sys_semaphore warning: sys_semaphore_create(sem_addr=0x323000c8, attr_addr=0xd00107e0, initial_count=1, max_count=1)
HLE: ! PPU[1] Thread (CPUThread)[0x000590dc]*** semaphore created [keSema] (protocol=0x2): id = 124
HLE: W PPU[1] Thread (CPUThread)[0x000590dc]sys_semaphore warning: sys_semaphore_create(sem_addr=0x323000cc, attr_addr=0xd00107e0, initial_count=0, max_count=2147483647)
HLE: ! PPU[1] Thread (CPUThread)[0x000590dc]*** semaphore created [keSema] (protocol=0x2): id = 125
HLE: W PPU[1] Thread (CPUThread)[0x00d54034]sys_lwmutex warning: *** lwmutex created [keMutex] (attribute=0x22): sq_id = 126
HLE: W PPU[1] Thread (CPUThread)[0x00d54034]sys_lwmutex warning: *** lwmutex created [keMutex] (attribute=0x22): sq_id = 127
HLE: W PPU[1] Thread (CPUThread)[0x00d54034]sys_lwmutex warning: *** lwmutex created [keMutex] (attribute=0x22): sq_id = 128
HLE: W PPU[1] Thread (CPUThread)[0x000590dc]sys_semaphore warning: sys_semaphore_create(sem_addr=0x301734f0, attr_addr=0xd0010700, initial_count=1, max_count=1)
HLE: ! PPU[1] Thread (CPUThread)[0x000590dc]*** semaphore created [keSema] (protocol=0x2): id = 129
HLE: W PPU[1] Thread (CPUThread)[0x000590dc]sys_semaphore warning: sys_semaphore_create(sem_addr=0x301734f4, attr_addr=0xd0010700, initial_count=0, max_count=2147483647)
HLE: ! PPU[1] Thread (CPUThread)[0x000590dc]*** semaphore created [keSema] (protocol=0x2): id = 130
HLE: W PPU[1] Thread (CPUThread)[0x00d54034]sys_lwmutex warning: *** lwmutex created [keMutex] (attribute=0x22): sq_id = 131
PPU: ! PPU[1] Thread (CPUThread)[0x00d5401c]*** New PPU Thread [CKFileSystemRequestQueue 0] (flags=0x1, entry=0xb3f1e0): id = 132
HLE: W PPU[1] Thread (CPUThread)[0x00d54034]sys_lwmutex warning: *** lwmutex created [keMutex] (attribute=0x22): sq_id = 133
HLE: W PPU[1] Thread (CPUThread)[0x000590dc]sys_semaphore warning: sys_semaphore_create(sem_addr=0x32300170, attr_addr=0xd0010830, initial_count=1, max_count=1)
HLE: ! PPU[1] Thread (CPUThread)[0x000590dc]*** semaphore created [keSema] (protocol=0x2): id = 134
HLE: W PPU[1] Thread (CPUThread)[0x000590dc]sys_semaphore warning: sys_semaphore_create(sem_addr=0x32300174, attr_addr=0xd0010830, initial_count=0, max_count=2147483647)
HLE: ! PPU[1] Thread (CPUThread)[0x000590dc]*** semaphore created [keSema] (protocol=0x2): id = 135
HLE: W PPU[1] Thread (CPUThread)[0x00d54034]sys_lwmutex warning: *** lwmutex created [keMutex] (attribute=0x22): sq_id = 136
RSX: W RSXThreadNV4097_GET_REPORT: Unimplemented type 2
RSX: W RSXThreadNV4097_GET_REPORT: Unimplemented type 3
RSX: W RSXThreadNV4097_GET_REPORT: Unimplemented type 4
RSX: W RSXThreadNV4097_GET_REPORT: Unimplemented type 5
RSX: W RSXThreadNV4097_CLEAR_REPORT_VALUE: 2
RSX: W RSXThreadNV4097_SET_ZCULL_STATS_ENABLE: 1
HLE: W PPU[1] Thread (CPUThread)[0x00d4201c]cellSysmodule warning: cellSysmoduleIsLoaded(CELL_SYSMODULE_FS)
HLE: W PPU[1] Thread (CPUThread)[0x00d42010]cellSysmodule warning: cellSysmoduleLoadModule(CELL_SYSMODULE_FS)
HLE: W PPU[1] Thread (CPUThread)[0x006c87e8]sys_semaphore warning: sys_semaphore_create(sem_addr=0xcec6d8, attr_addr=0xd0010810, initial_count=1, max_count=1)
HLE: ! PPU[1] Thread (CPUThread)[0x006c87e8]*** semaphore created [] (protocol=0x2): id = 137
HLE: W PPU[1] Thread (CPUThread)[0x006c87e8]sys_semaphore warning: sys_semaphore_create(sem_addr=0xcec6e0, attr_addr=0xd0010810, initial_count=0, max_count=1)
HLE: ! PPU[1] Thread (CPUThread)[0x006c87e8]*** semaphore created [] (protocol=0x2): id = 138
PPU: ! PPU[1] Thread (CPUThread)[0x00d5401c]*** New PPU Thread [RWA] (flags=0x0, entry=0xbfb870): id = 139
HLE: W PPU[1] Thread (CPUThread)[0x00d460ac]cellSysutil warning: cellAudioOutGetSoundAvailability(audioOut=0, type=0, fs=0x4, option=0)
HLE: W PPU[1] Thread (CPUThread)[0x00d460ac]cellSysutil warning: cellAudioOutGetSoundAvailability(audioOut=0, type=1, fs=0x4, option=0)
HLE: W PPU[1] Thread (CPUThread)[0x00d460ac]cellSysutil warning: cellAudioOutGetSoundAvailability(audioOut=0, type=6, fs=0x4, option=0)
HLE: W PPU[1] Thread (CPUThread)[0x00d46064]cellSysutil warning: cellAudioOutConfigure(audioOut=0, config_addr=0xd00104b0, option_addr=0x0, (!)waitForEvent=1)
HLE: W PPU[1] Thread (CPUThread)[0x00d460e8]cellSysutil warning: cellAudioOutGetState(audioOut=0x0,deviceIndex=0x0,state_addr=0xd00104c0)
HLE: W PPU[1] Thread (CPUThread)[0x00d50004]cellAudio warning: cellAudioInit()
HLE: ! Audio ThreadAudio thread started
HLE: W PPU[1] Thread (CPUThread)[0x00d50058]cellAudio warning: cellAudioPortOpen(audioParam_addr=0xd00105c0, portNum_addr=0x30174e04)
HLE: W PPU[1] Thread (CPUThread)[0x00d50058]cellAudio warning: *** audio port opened(nChannel=8, nBlock=8, attr=0x1000, level=1.000000): port = 0
HLE: W PPU[1] Thread (CPUThread)[0x00d50034]cellAudio warning: cellAudioGetPortConfig(portNum=0x0, portConfig_addr=0xd00105e0)
HLE: W PPU[1] Thread (CPUThread)[0x00d54034]sys_lwmutex warning: *** lwmutex created [] (attribute=0x22): sq_id = 140
HLE: W PPU[1] Thread (CPUThread)[0x00941234]sys_event warning: sys_event_queue_create(equeue_id_addr=0xcfed04, attr_addr=0xd00104ac, event_queue_key=0x0, size=32)
HLE: W PPU[1] Thread (CPUThread)[0x00941234]sys_event warning: *** event_queue created [Ð ] (protocol=0x2, type=0x1): id = 141
HLE: W PPU[1] Thread (CPUThread)[0x0094125c]sys_spu warning: sys_spu_thread_group_create(id_addr=0xcfee08, num=1, prio=100, attr_addr=0xd001049c)
HLE: W PPU[1] Thread (CPUThread)[0x0094125c]sys_spu warning: *** SPU Thread Group created [_Multistream Thread Group] (type=0x0, option.ct=0x0): id=142
HLE: W PPU[1] Thread (CPUThread)[0x00d540c4]sysPrxForUser warning: sys_spu_image_import(img=0xcfee0c, src=0xaec680, type=0x1)
LDR: W PPU[1] Thread (CPUThread)[0x00d540c4]desc = 'msngSPU_ATRAC'
HLE: W PPU[1] Thread (CPUThread)[0x009412ec]sys_spu warning: sys_spu_thread_initialize(thread_addr=0xcfd304, group=0x8e, spu_num=0, img_addr=0xcfee0c, attr_addr=0xd0010490, arg_addr=0xd00104c0)
HLE: W PPU[1] Thread (CPUThread)[0x009412ec]sys_spu warning: *** New SPU Thread [_Multistream SPU Thread] (img_offset=0xd58000, ls_offset=0xd98000, ep=0x100, a1=0x96a990, a2=0x20400, a3=0x1000111c8, a4=0x2240): id=143
HLE: W PPU[1] Thread (CPUThread)[0x00941310]sys_spu warning: sys_spu_thread_connect_event(id=143, eq_id=141, event_type=0x1, spup=42)
HLE: W PPU[1] Thread (CPUThread)[0x00941328]sys_spu warning: sys_spu_thread_group_start(id=142)
TTY: MULTISTREAM: SPU thread started successfully (Thread ID : 8f)
HLE: W PPU[1] Thread (CPUThread)[0x00d4c028]"/dev_flash/sys/external/flashATRAC.pic" opened: fd = 144
HLE: W PPU[1] Thread (CPUThread)[0x00d4c004]sys_fs warning: cellFsClose(fd=144)
HLE: W PPU[1] Thread (CPUThread)[0x00d50040]cellAudio warning: cellAudioPortStart(portNum=0x0)
PPU: ! PPU[1] Thread (CPUThread)[0x00d5401c]*** New PPU Thread [RWA Rendering Thread] (flags=0x1, entry=0xbfccb0): id = 145
HLE: W PPU[117] Thread (CKShaderRequestQueue 0)[0x00058bcc]sys_semaphore_wait(107) aborted
HLE: W PPU[70] Thread (CKMemcardRequestQueue::keCThreadPool 0)[0x00058bcc]sys_semaphore_wait(60) aborted
HLE: W PPU[132] Thread (CKFileSystemRequestQueue 0)[0x00058bcc]sys_semaphore_wait(122) aborted
HLE: W PPU[45] Thread (CKLoadRequestQueue 0)[0x00058bcc]sys_semaphore_wait(35) aborted
HLE: W Audio ThreadAudio thread aborted
RSX: W RSXThreadRSX thread aborted
HLE: W PPU[145] Thread (RWA Rendering Thread)[0x00941c24]sys_event_queue_receive(equeue=141) aborted
RSX: W VBlank threadVBlank thread aborted
HLE: ! All threads stopped...
MEM: ! Closing memory...
