HLE: ! path: /dev_hdd0/game/
LDR: ! Loading 'E:\RPCS3\rpcs3\dev_hdd0\game\BLJM61010-[NINJA GAIDEN 3 Razors Edge]/PS3_GAME/USRDIR/BOOT.BIN'...
LDR: !  
LDR: ! Mount info:
LDR: ! /dev_hdd0/ -> E:\RPCS3\rpcs3/dev_hdd0/
LDR: ! /dev_hdd1/ -> E:\RPCS3\rpcs3/dev_hdd1/
LDR: ! /dev_flash/ -> E:\RPCS3\rpcs3/dev_flash/
LDR: ! /dev_usb000/ -> E:\RPCS3\rpcs3/dev_usb000/
LDR: ! /dev_usb/ -> E:\RPCS3\rpcs3/dev_usb000/
LDR: ! /app_home/ -> E:\RPCS3\rpcs3\dev_hdd0\game\BLJM61010-[NINJA GAIDEN 3 Razors Edge]/PS3_GAME/
LDR: ! /dev_bdvd/ -> E:\RPCS3\rpcs3\dev_hdd0\game\BLJM61010-[NINJA GAIDEN 3 Razors Edge]/PS3_GAME//../
LDR: ! /host_root/ -> 
LDR: ! USRDIR/ -> E:\RPCS3\rpcs3\dev_hdd0\game\BLJM61010-[NINJA GAIDEN 3 Razors Edge]/PS3_GAME/\USRDIR\
LDR: ! ./ -> E:\RPCS3\rpcs3\dev_hdd0\game\BLJM61010-[NINJA GAIDEN 3 Razors Edge]/PS3_GAME/\USRDIR\
LDR: !  -> 
LDR: ! /fps3/ -> E:\RPCS3\rpcs3\dev_hdd0\game\BLJM61010-[NINJA GAIDEN 3 Razors Edge]/PS3_GAME/\USRDIR\
LDR: ! / -> E:\RPCS3\rpcs3\dev_hdd0\game\BLJM61010-[NINJA GAIDEN 3 Razors Edge]/PS3_GAME/
LDR: ! /Data/ -> E:\RPCS3\rpcs3\dev_hdd0\game\BLJM61010-[NINJA GAIDEN 3 Razors Edge]/PS3_GAME/\USRDIR\Data\
LDR: ! /app_home/Game/PS3_GAME/USRDIR/ -> E:\RPCS3\rpcs3\dev_hdd0\game\BLJM61010-[NINJA GAIDEN 3 Razors Edge]/PS3_GAME/\USRDIR\
LDR: ! /app_home/PS3_GAME/USRDIR/media/ -> E:\RPCS3\rpcs3\dev_hdd0\game\BLJM61010-[NINJA GAIDEN 3 Razors Edge]/PS3_GAME/\USRDIR\media\
LDR: ! /app_home/PS3_GAME/USRDIR/Data/ -> E:\RPCS3\rpcs3\dev_hdd0\game\BLJM61010-[NINJA GAIDEN 3 Razors Edge]/PS3_GAME/\USRDIR\Data\
LDR: ! /app_h1ome/ -> E:\RPCS3\rpcs3\dev_hdd0\game\BLJM61010-[NINJA GAIDEN 3 Razors Edge]/PS3_GAME/\USRDIR\
LDR: ! /data/shaders/ -> E:\RPCS3\rpcs3\dev_hdd0\game\BLJM61010-[NINJA GAIDEN 3 Razors Edge]/PS3_GAME/\USRDIR\data\shaders
LDR: !  
MEM: ! Initing memory: m_base_addr = 0x140a00000
MEM: ! Memory initialized.
LDR: ! Function 'cellAANAddData' hooked (addr=0xb53430)
LDR: ! Function 'cellSurMixerGetAANHandle' hooked (addr=0xb53494)
LDR: ! Function 'cellSurMixerSetNotifyCallback' hooked (addr=0xb534cc)
LDR: ! Function 'cellSurMixerGetCurrentBlockTag' hooked (addr=0xb53560)
LDR: ! Function 'cellSurMixerChStripGetAANPortNo' hooked (addr=0xb53d0c)
LDR: ! Function 'cellSurMixerGetTimestamp' hooked (addr=0xb555f0)
LDR: ! Function 'cellSurMixerSetParameter' hooked (addr=0xb55658)
LDR: ! Function 'cellSurMixerStart' hooked (addr=0xb55728)
LDR: ! Function 'cellSurMixerFinalize' hooked (addr=0xb55a30)
LDR: ! Function 'cellSurMixerCreate' hooked (addr=0xb560b0)
LDR: E Function 'cellAANConnect' not found
LDR: E Function 'cellAANDisconnect' not found
LDR: E Function group [surmxAAN] failed: missing;
LDR: E Function 'cellSurMixerRemoveNotifyCallback' not found
LDR: E Function 'cellSurMixerSurBusAddData' not found
LDR: E Function 'cellSurMixerChStripSetParameter' not found
LDR: E Function 'cellSurMixerPause' not found
LDR: E Function 'cellSurMixerBeep' not found
LDR: E Function group [surmixer] failed: missing;
LDR: W Unimplemented function 'cellCameraReadEx' in 'cellCamera' module
LDR: W Unimplemented function 'cellCameraStart' in 'cellCamera' module
LDR: W Unimplemented function 'cellCameraGetType' in 'cellCamera' module
LDR: W Unimplemented function 'cellCameraEnd' in 'cellCamera' module
LDR: W Unimplemented function 'cellCameraOpenEx' in 'cellCamera' module
LDR: W Unimplemented function 'cellCameraReset' in 'cellCamera' module
LDR: W Unimplemented function 'cellCameraSetAttribute' in 'cellCamera' module
LDR: W Unimplemented function 'cellCameraInit' in 'cellCamera' module
LDR: W Unimplemented function 'cellFiberPpuContextReturnToThread' in 'cellFiber' module
LDR: W Unimplemented function '_cellFiberPpuContextAttributeInitialize' in 'cellFiber' module
LDR: W Unimplemented function 'cellFiberPpuContextSelf' in 'cellFiber' module
LDR: W Unimplemented function 'cellFiberPpuContextInitialize' in 'cellFiber' module
LDR: W Unimplemented function 'cellFiberPpuContextRun' in 'cellFiber' module
LDR: W Unimplemented function 'cellFiberPpuContextFinalize' in 'cellFiber' module
LDR: W Unimplemented function 'cellFiberPpuContextCheckStackLimit' in 'cellFiber' module
LDR: W Unimplemented function 'cellFiberPpuContextSwitch' in 'cellFiber' module
LDR: W Unimplemented function '_cellFiberPpuInitialize' in 'cellFiber' module
LDR: W Unknown module 'libgem'
LDR: W Unknown module 'cellHttp'
LDR: W Unimplemented function 'cellSpursJobQueueAttributeSetDoBusyWaiting' in 'cellSpursJq' module
LDR: W Unimplemented function 'cellSpursJobQueueAttributeSetSubmitWithEntryLock' in 'cellSpursJq' module
LDR: W Unimplemented function 'cellSpursJobQueueAttributeSetMaxSizeJobDescriptor' in 'cellSpursJq' module
LDR: W Unimplemented function 'cellSpursJobQueuePortFinalize' in 'cellSpursJq' module
LDR: W Unimplemented function 'cellSpursJobQueuePortInitialize' in 'cellSpursJq' module
LDR: W Unimplemented function 'cellSpursJobQueueAttributeInitialize' in 'cellSpursJq' module
LDR: W Unimplemented function '_cellSpursJobQueuePortPushBody' in 'cellSpursJq' module
LDR: W Unimplemented function 'cellSpursJobQueuePortSync' in 'cellSpursJq' module
LDR: W Unimplemented function 'cellSpursJobQueueAttributeSetIsJobTypeMemoryCheck' in 'cellSpursJq' module
LDR: W Unimplemented function 'cellSpursShutdownJobQueue' in 'cellSpursJq' module
LDR: W Unimplemented function 'cellSpursJoinJobQueue' in 'cellSpursJq' module
LDR: W Unimplemented function '_cellSpursJobQueuePortPushFlush' in 'cellSpursJq' module
LDR: W Unimplemented function 'cellSpursJobQueueAttributeSetGrabParameters' in 'cellSpursJq' module
LDR: W Unimplemented function '_cellSpursCreateJobQueue' in 'cellSpursJq' module
LDR: W Unimplemented function 'cellSpursJobQueueAttributeSetIsHaltOnError' in 'cellSpursJq' module
LDR: W Unimplemented function 'cellSpursJobQueueGetSpurs' in 'cellSpursJq' module
LDR: W Unimplemented function '_cellSpursJobQueuePort2PushJobListBody' in 'cellSpursJq' module
LDR: W Unimplemented function 'cellSpursJobQueuePort2PushFlush' in 'cellSpursJq' module
LDR: W Unimplemented function 'cellSpursJobQueuePort2Destroy' in 'cellSpursJq' module
LDR: W Unimplemented function '_cellSpursJobQueuePort2PushJobBody' in 'cellSpursJq' module
LDR: W Unimplemented function 'cellSpursJobQueuePort2Create' in 'cellSpursJq' module
LDR: W Unimplemented function 'cellSpursJobQueuePort2Sync' in 'cellSpursJq' module
LDR: W Unimplemented function 'cellSpursJobQueuePort2PushSync' in 'cellSpursJq' module
LDR: W Unimplemented function 'cellSpursTasksetAttributeSetTasksetSize' in 'cellSpurs' module
LDR: W Unimplemented function 'cellSslEnd' in 'cellSsl' module
LDR: W Unimplemented function 'cellSslCertificateLoader' in 'cellSsl' module
LDR: W Unimplemented function 'cellSslInit' in 'cellSsl' module
LDR: W Unknown module 'sceNpCommerce2'
LDR: W Unimplemented function 'cellFsUtime' in 'sys_fs' module
LDR: W Unimplemented function 'cellFsSetIoBuffer' in 'sys_fs' module
LDR: W Unimplemented function 'cellFsSdataOpenByFd' in 'sys_fs' module
LDR: W Unimplemented function 'cellFsFsync' in 'sys_fs' module
LDR: W Unimplemented function '_cellSync2QueueAttributeInitialize' in 'cellSync2' module
LDR: W Unimplemented function 'cellSync2QueueFinalize' in 'cellSync2' module
LDR: W Unimplemented function 'cellSync2QueueEstimateBufferSize' in 'cellSync2' module
LDR: W Unimplemented function 'cellSync2QueuePop' in 'cellSync2' module
LDR: W Unimplemented function 'cellSync2QueueInitialize' in 'cellSync2' module
LDR: W Unimplemented function 'getsockname' in 'sys_net' module
LDR: W Unimplemented function 'socketselect' in 'sys_net' module
LDR: W Unimplemented function 'getsockopt' in 'sys_net' module
LDR: W Unimplemented function 'getpeername' in 'sys_net' module
LDR: W Unimplemented function 'cellSailGraphicsAdapterGetFrame' in 'cellSail' module
LDR: W Unimplemented function 'cellSailPlayerSetSoundAdapter' in 'cellSail' module
LDR: W Unimplemented function 'cellSailDescriptorClose' in 'cellSail' module
LDR: W Unimplemented function 'cellSailPlayerFinalize' in 'cellSail' module
LDR: W Unimplemented function 'cellSailPlayerSetGraphicsAdapter' in 'cellSail' module
LDR: W Unimplemented function 'cellSailGraphicsAdapterInitialize' in 'cellSail' module
LDR: W Unimplemented function 'cellSailPlayerInitialize2' in 'cellSail' module
LDR: W Unimplemented function 'cellSailGraphicsAdapterSetPreferredFormat' in 'cellSail' module
LDR: W Unimplemented function 'cellSailMemAllocatorInitialize' in 'cellSail' module
LDR: W Unimplemented function 'cellSailPlayerOpenStream' in 'cellSail' module
LDR: W Unimplemented function 'cellSailSoundAdapterInitialize' in 'cellSail' module
LDR: W Unimplemented function 'cellSailGraphicsAdapterUpdateAvSync' in 'cellSail' module
LDR: W Unimplemented function 'cellSailPlayerGetDescriptorCount' in 'cellSail' module
LDR: W Unimplemented function 'cellSailGraphicsAdapterFinalize' in 'cellSail' module
LDR: W Unimplemented function 'cellSailPlayerAddDescriptor' in 'cellSail' module
LDR: W Unimplemented function 'cellSailSoundAdapterGetFrame' in 'cellSail' module
LDR: W Unimplemented function 'cellSailPlayerCloseStream' in 'cellSail' module
LDR: W Unimplemented function 'cellSailPlayerCancel' in 'cellSail' module
LDR: W Unimplemented function 'cellSailPlayerGetParameter' in 'cellSail' module
LDR: W Unimplemented function 'cellSailPlayerBoot' in 'cellSail' module
LDR: W Unimplemented function 'cellSailDescriptorOpen' in 'cellSail' module
LDR: W Unimplemented function 'cellSailSoundAdapterFinalize' in 'cellSail' module
LDR: W Unimplemented function 'cellSailPlayerSetPaused' in 'cellSail' module
LDR: W Unimplemented function 'cellSailPlayerCreateDescriptor' in 'cellSail' module
LDR: W Unimplemented function 'cellSailPlayerStart' in 'cellSail' module
LDR: W Unimplemented function 'cellSailPlayerStop' in 'cellSail' module
LDR: W Unimplemented function 'cellSailSoundAdapterUpdateAvSync' in 'cellSail' module
LDR: W Unimplemented function 'cellSailSoundAdapterGetFormat' in 'cellSail' module
LDR: W Unimplemented function 'cellSailPlayerSetRepeatMode' in 'cellSail' module
LDR: W Unimplemented function 'cellSailPlayerDestroyDescriptor' in 'cellSail' module
LDR: W Unimplemented function 'cellSailGraphicsAdapterGetFormat' in 'cellSail' module
LDR: W Unknown module 'cellSysutilAvconfExt'
LDR: W Unimplemented function 'sceNpMatching2DestroyContext' in 'sceNp2' module
LDR: W Unimplemented function 'sceNpMatching2GetWorldInfoList' in 'sceNp2' module
LDR: W Unimplemented function 'sceNpMatching2SearchRoom' in 'sceNp2' module
LDR: W Unimplemented function 'sceNpMatching2LeaveRoom' in 'sceNp2' module
LDR: W Unimplemented function 'sceNpMatching2SetRoomDataExternal' in 'sceNp2' module
LDR: W Unimplemented function 'sceNpMatching2Term2' in 'sceNp2' module
LDR: W Unimplemented function 'sceNpMatching2SignalingGetConnectionInfo' in 'sceNp2' module
LDR: W Unimplemented function 'sceNpMatching2SendRoomMessage' in 'sceNp2' module
LDR: W Unimplemented function 'sceNpMatching2GetServerInfo' in 'sceNp2' module
LDR: W Unimplemented function 'sceNpMatching2GetEventData' in 'sceNp2' module
LDR: W Unimplemented function 'sceNp2Init' in 'sceNp2' module
LDR: W Unimplemented function 'sceNpMatching2AbortContextStart' in 'sceNp2' module
LDR: W Unimplemented function 'sceNpMatching2GetRoomMemberIdListLocal' in 'sceNp2' module
LDR: W Unimplemented function 'sceNpMatching2JoinRoom' in 'sceNp2' module
LDR: W Unimplemented function 'sceNpMatching2KickoutRoomMember' in 'sceNp2' module
LDR: W Unimplemented function 'sceNpMatching2ContextStartAsync' in 'sceNp2' module
LDR: W Unimplemented function 'sceNpMatching2RegisterContextCallback' in 'sceNp2' module
LDR: W Unimplemented function 'sceNpMatching2SendRoomChatMessage' in 'sceNp2' module
LDR: W Unimplemented function 'sceNpMatching2SetRoomDataInternal' in 'sceNp2' module
LDR: W Unimplemented function 'sceNpMatching2SignalingGetPingInfo' in 'sceNp2' module
LDR: W Unimplemented function 'sceNpMatching2GetServerIdListLocal' in 'sceNp2' module
LDR: W Unimplemented function 'sceNpMatching2GrantRoomOwner' in 'sceNp2' module
LDR: W Unimplemented function 'sceNpMatching2CreateContext' in 'sceNp2' module
LDR: W Unimplemented function 'sceNpMatching2RegisterSignalingCallback' in 'sceNp2' module
LDR: W Unimplemented function 'sceNpMatching2ClearEventData' in 'sceNp2' module
LDR: W Unimplemented function 'sceNp2Term' in 'sceNp2' module
LDR: W Unimplemented function 'sceNpMatching2SetDefaultRequestOptParam' in 'sceNp2' module
LDR: W Unimplemented function 'sceNpMatching2RegisterRoomEventCallback' in 'sceNp2' module
LDR: W Unimplemented function 'sceNpMatching2GetRoomPasswordLocal' in 'sceNp2' module
LDR: W Unimplemented function 'sceNpMatching2CreateJoinRoom' in 'sceNp2' module
LDR: W Unimplemented function 'sceNpMatching2ContextStop' in 'sceNp2' module
LDR: W Unimplemented function 'sceNpMatching2Init2' in 'sceNp2' module
LDR: W Unimplemented function 'sceNpMatching2RegisterRoomMessageCallback' in 'sceNp2' module
LDR: W Unknown module 'sceNpTus'
LDR: W Unimplemented function 'cellSaveDataListAutoLoad' in 'cellSysutil' module
LDR: W Unimplemented function 'cellSaveDataListAutoSave' in 'cellSysutil' module
LDR: W Unimplemented function 'cellSaveDataFixedDelete' in 'cellSysutil' module
LDR: W Unimplemented function 'cellSaveDataEnableOverlay' in 'cellSysutil' module
LDR: W Unimplemented function 'cellSaveDataDelete2' in 'cellSysutil' module
LDR: W Unimplemented function 'cellVoiceDisconnectIPortFromOPort' in 'cellVoice' module
LDR: W Unimplemented function 'cellVoiceCreateNotifyEventQueue' in 'cellVoice' module
LDR: W Unimplemented function 'cellVoiceCreatePort' in 'cellVoice' module
LDR: W Unimplemented function 'cellVoiceSetNotifyEventQueue' in 'cellVoice' module
LDR: W Unimplemented function 'cellVoiceReadFromOPort' in 'cellVoice' module
LDR: W Unimplemented function 'cellVoiceGetPortInfo' in 'cellVoice' module
LDR: W Unimplemented function 'cellVoiceStartEx' in 'cellVoice' module
LDR: W Unimplemented function 'cellVoiceSetPortAttr' in 'cellVoice' module
LDR: W Unimplemented function 'cellVoiceDeletePort' in 'cellVoice' module
LDR: W Unimplemented function 'cellVoiceConnectIPortToOPort' in 'cellVoice' module
LDR: W Unimplemented function 'cellVoiceInitEx' in 'cellVoice' module
LDR: W Unimplemented function 'Unknown func id: 0xc4f573b8' in 'cellVoice' module
LDR: W Unimplemented function 'cellVoiceStop' in 'cellVoice' module
LDR: W Unimplemented function 'cellVoiceRemoveNotifyEventQueue' in 'cellVoice' module
LDR: W Unimplemented function 'cellVoiceSetMuteFlag' in 'cellVoice' module
LDR: W Unimplemented function 'cellVoiceEnd' in 'cellVoice' module
LDR: W Unimplemented function '_sys_heap_free' in 'sysPrxForUser' module
LDR: W Unimplemented function 'sys_prx_load_module_on_memcontainer_by_fd' in 'sysPrxForUser' module
LDR: W Unimplemented function '_sys_heap_delete_heap' in 'sysPrxForUser' module
LDR: W Unimplemented function '_sys_spu_printf_finalize' in 'sysPrxForUser' module
LDR: W Unimplemented function 'sys_prx_load_module_by_fd' in 'sysPrxForUser' module
HLE: W {PPU[1] Thread (CPUThread)[0x02bd6058]} sys_lwmutex warning: *** lwmutex created [_lc_mtx] (attribute=0x12): sq_id = 3
HLE: W {PPU[1] Thread (CPUThread)[0x00b993b8]} memory warning: sys_memory_get_user_memory_size(mem_info_addr=0xd0010c04)
HLE: W {PPU[1] Thread (CPUThread)[0x02bd6058]} sys_lwmutex warning: *** lwmutex created [_lc_mtx] (attribute=0x12): sq_id = 4
HLE: W {PPU[1] Thread (CPUThread)[0x02bd6058]} sys_lwmutex warning: *** lwmutex created [_lc_mtx] (attribute=0x12): sq_id = 5
HLE: W {PPU[1] Thread (CPUThread)[0x02bd6058]} sys_lwmutex warning: *** lwmutex created [_lc_mtx] (attribute=0x12): sq_id = 6
HLE: W {PPU[1] Thread (CPUThread)[0x02bd6058]} sys_lwmutex warning: *** lwmutex created [_lc_mtx] (attribute=0x12): sq_id = 7
HLE: W {PPU[1] Thread (CPUThread)[0x02bd6058]} sys_lwmutex warning: *** lwmutex created [_lc_mtx] (attribute=0x12): sq_id = 8
HLE: W {PPU[1] Thread (CPUThread)[0x02bd6058]} sys_lwmutex warning: *** lwmutex created [_lc_mtx] (attribute=0x12): sq_id = 9
HLE: W {PPU[1] Thread (CPUThread)[0x02bd6058]} sys_lwmutex warning: *** lwmutex created [_lc_mtx] (attribute=0x12): sq_id = 10
HLE: W {PPU[1] Thread (CPUThread)[0x02bd6058]} sys_lwmutex warning: *** lwmutex created [_lc_mtx] (attribute=0x12): sq_id = 11
HLE: W {PPU[1] Thread (CPUThread)[0x02bd6058]} sys_lwmutex warning: *** lwmutex created [_lc_mtx] (attribute=0x12): sq_id = 12
HLE: W {PPU[1] Thread (CPUThread)[0x02bb4010]} cellSysmodule warning: cellSysmoduleLoadModule(CELL_SYSMODULE_FS)
HLE: W {PPU[1] Thread (CPUThread)[0x02bb4010]} cellSysmodule warning: cellSysmoduleLoadModule(CELL_SYSMODULE_SYSUTIL_GAME)
HLE: W {PPU[1] Thread (CPUThread)[0x02bd6058]} sys_lwmutex warning: *** lwmutex created [_lc_mtx] (attribute=0x12): sq_id = 13
HLE: W {PPU[1] Thread (CPUThread)[0x02bd6058]} sys_lwmutex warning: *** lwmutex created [_lc_mtx] (attribute=0x12): sq_id = 14
HLE: W {PPU[1] Thread (CPUThread)[0x02bd6058]} sys_lwmutex warning: *** lwmutex created [_lc_mtx] (attribute=0x12): sq_id = 15
HLE: W {PPU[1] Thread (CPUThread)[0x02bd6058]} sys_lwmutex warning: *** lwmutex created [_lc_mtx] (attribute=0x12): sq_id = 16
HLE: W {PPU[1] Thread (CPUThread)[0x02bd6058]} sys_lwmutex warning: *** lwmutex created [_lc_mtx] (attribute=0x12): sq_id = 17
HLE: W {PPU[1] Thread (CPUThread)[0x02bd6058]} sys_lwmutex warning: *** lwmutex created [_lc_mtx] (attribute=0x12): sq_id = 18
HLE: W {PPU[1] Thread (CPUThread)[0x02bd6058]} sys_lwmutex warning: *** lwmutex created [_lc_mtx] (attribute=0x12): sq_id = 19
HLE: W {PPU[1] Thread (CPUThread)[0x02bd6058]} sys_lwmutex warning: *** lwmutex created [_lc_mtx] (attribute=0x12): sq_id = 20
HLE: W {PPU[1] Thread (CPUThread)[0x02bd6058]} sys_lwmutex warning: *** lwmutex created [_lc_mtx] (attribute=0x12): sq_id = 21
HLE: W {PPU[1] Thread (CPUThread)[0x02bd6058]} sys_lwmutex warning: *** lwmutex created [_lc_mtx] (attribute=0x12): sq_id = 22
HLE: W {PPU[1] Thread (CPUThread)[0x02bd6058]} sys_lwmutex warning: *** lwmutex created [_lc_mtx] (attribute=0x12): sq_id = 23
HLE: W {PPU[1] Thread (CPUThread)[0x02bd6058]} sys_lwmutex warning: *** lwmutex created [_lc_mtx] (attribute=0x12): sq_id = 24
HLE: W {PPU[1] Thread (CPUThread)[0x00b6fcf8]} cellSysutil warning: cellSysutilGetSystemParamInt: CELL_SYSUTIL_SYSTEMPARAM_ID_TIMEZONE
HLE: W {PPU[1] Thread (CPUThread)[0x00b6fcf8]} cellSysutil warning: cellSysutilGetSystemParamInt: CELL_SYSUTIL_SYSTEMPARAM_ID_SUMMERTIME
HLE: W {PPU[1] Thread (CPUThread)[0x00b83a64]} cellSysutil warning: cellSysutilGetSystemParamInt: CELL_SYSUTIL_SYSTEMPARAM_ID_TIMEZONE
HLE: W {PPU[1] Thread (CPUThread)[0x00b83a64]} cellSysutil warning: cellSysutilGetSystemParamInt: CELL_SYSUTIL_SYSTEMPARAM_ID_SUMMERTIME
HLE: W {PPU[1] Thread (CPUThread)[0x00b71c40]} cellSysutil warning: cellSysutilGetSystemParamInt: CELL_SYSUTIL_SYSTEMPARAM_ID_TIMEZONE
HLE: W {PPU[1] Thread (CPUThread)[0x00b71c40]} cellSysutil warning: cellSysutilGetSystemParamInt: CELL_SYSUTIL_SYSTEMPARAM_ID_SUMMERTIME
HLE: W {PPU[1] Thread (CPUThread)[0x00b83a64]} cellSysutil warning: cellSysutilGetSystemParamInt: CELL_SYSUTIL_SYSTEMPARAM_ID_TIMEZONE
HLE: W {PPU[1] Thread (CPUThread)[0x00b83a64]} cellSysutil warning: cellSysutilGetSystemParamInt: CELL_SYSUTIL_SYSTEMPARAM_ID_SUMMERTIME
HLE: W {PPU[1] Thread (CPUThread)[0x00b6f67c]} cellSysutil warning: cellSysutilGetSystemParamInt: CELL_SYSUTIL_SYSTEMPARAM_ID_TIMEZONE
HLE: W {PPU[1] Thread (CPUThread)[0x00b6f67c]} cellSysutil warning: cellSysutilGetSystemParamInt: CELL_SYSUTIL_SYSTEMPARAM_ID_SUMMERTIME
HLE: W {PPU[1] Thread (CPUThread)[0x00b71c40]} cellSysutil warning: cellSysutilGetSystemParamInt: CELL_SYSUTIL_SYSTEMPARAM_ID_TIMEZONE
HLE: W {PPU[1] Thread (CPUThread)[0x00b71c40]} cellSysutil warning: cellSysutilGetSystemParamInt: CELL_SYSUTIL_SYSTEMPARAM_ID_SUMMERTIME
HLE: W {PPU[1] Thread (CPUThread)[0x02bd6058]} sys_lwmutex warning: *** lwmutex created [ps3HDDL] (attribute=0x12): sq_id = 25
HLE: W {PPU[1] Thread (CPUThread)[0x02bb4010]} cellSysmodule warning: cellSysmoduleLoadModule(CELL_SYSMODULE_SYSUTIL_NP)
HLE: W {PPU[1] Thread (CPUThread)[0x02ba6058]} cellGcmSys warning: cellGcmGetTiledPitchSize(size=7680)
HLE: E {PPU[1] Thread (CPUThread)[0x02bd607c]} sys_prx TODO: sys_prx_register_library(lib_addr=0x144eda0)
HLE: E {PPU[1] Thread (CPUThread)[0x02bd607c]} sys_prx TODO: sys_prx_register_library(lib_addr=0x144edbc)
HLE: E {PPU[1] Thread (CPUThread)[0x02bd607c]} sys_prx TODO: sys_prx_register_library(lib_addr=0x144edd8)
HLE: W {PPU[1] Thread (CPUThread)[0x02bb0148]} cellSpurs warning: _cellSpursAttributeInitialize(attr_addr=0xd00108e8, nSpus=2, spuPriority=3342336, ppuPriority=5, exitIfNoWork=32)
HLE: W {PPU[1] Thread (CPUThread)[0x02bb0028]} cellSpurs warning: cellSpursAttributeSetNamePrefix(attr_addr=0xd00108e8, prefix_addr=0x14520c0, size=0x4)
HLE: W {PPU[1] Thread (CPUThread)[0x02bb0070]} cellSpurs warning: cellSpursInitializeWithAttribute2(spurs_addr=0x186fa80, spurs_addr=0xd00108e8)
HLE: W {PPU[1] Thread (CPUThread)[0x02bb0148]} cellSpurs warning: _cellSpursAttributeInitialize(attr_addr=0xd00108e8, nSpus=2, spuPriority=3342336, ppuPriority=1, exitIfNoWork=251)
HLE: W {PPU[1] Thread (CPUThread)[0x02bb0028]} cellSpurs warning: cellSpursAttributeSetNamePrefix(attr_addr=0xd00108e8, prefix_addr=0x14520c8, size=0x6)
HLE: W {PPU[1] Thread (CPUThread)[0x02bb0070]} cellSpurs warning: cellSpursInitializeWithAttribute2(spurs_addr=0x1871b00, spurs_addr=0xd00108e8)
HLE: W {PPU[1] Thread (CPUThread)[0x02bd6058]} sys_lwmutex warning: *** lwmutex created [] (attribute=0x12): sq_id = 26
HLE: W {PPU[1] Thread (CPUThread)[0x02bd6058]} sys_lwmutex warning: *** lwmutex created [] (attribute=0x12): sq_id = 27
HLE: W {PPU[1] Thread (CPUThread)[0x02bd210c]} cellSysutil warning: cellSysutilRegisterCallback(slot=2, func_addr=0x168fc20, userdata=0x0)
HLE: W {PPU[1] Thread (CPUThread)[0x02bb4010]} cellSysmodule warning: cellSysmoduleLoadModule(CELL_SYSMODULE_RTC)
HLE: W {PPU[1] Thread (CPUThread)[0x02bb4010]} cellSysmodule warning: cellSysmoduleLoadModule(CELL_SYSMODULE_SPURS_JQ)
HLE: W {PPU[1] Thread (CPUThread)[0x02bd6058]} sys_lwmutex warning: *** lwmutex created [TFW::De] (attribute=0x22): sq_id = 28
HLE: W {PPU[1] Thread (CPUThread)[0x00a5d9b8]} memory warning: sys_memory_get_user_memory_size(mem_info_addr=0xd0010874)
HLE: W {PPU[1] Thread (CPUThread)[0x02ba6004]} cellGcmSys warning: cellGcmInit(context_addr=0x255dbc0,cmdSize=0x10000,ioSize=0x9000000,ioAddress=0x30400000)
HLE: W {PPU[1] Thread (CPUThread)[0x02ba6004]} cellGcmSys warning: *** local memory(addr=0xc0000000, size=0xf900000)
HLE: W {PPU[1] Thread (CPUThread)[0x02ba6004]} cellGcmSys warning: cellGcmInit(): 256MB io address space used
HLE: W {PPU[1] Thread (CPUThread)[0x02ba6004]} cellGcmSys warning: cellGcmMapEaIoAddress(ea=0x30400000, io=0x0, size=0x9000000)
RSX: ! {RSXThread} RSX thread started
HLE: W {PPU[1] Thread (CPUThread)[0x02ba6058]} cellGcmSys warning: cellGcmGetTiledPitchSize(size=5120)
HLE: W {PPU[1] Thread (CPUThread)[0x02bb401c]} cellSysmodule warning: cellSysmoduleIsLoaded(CELL_SYSMODULE_AVCONF_EXT)
HLE: W {PPU[1] Thread (CPUThread)[0x02bb4010]} cellSysmodule warning: cellSysmoduleLoadModule(CELL_SYSMODULE_AVCONF_EXT)
HLE: W {PPU[1] Thread (CPUThread)[0x02bd20a0]} cellSysutil warning: cellVideoOutGetNumberOfDevice(videoOut=0)
HLE: W {PPU[1] Thread (CPUThread)[0x02ba6058]} cellGcmSys warning: cellGcmGetTiledPitchSize(size=5120)
HLE: W {PPU[1] Thread (CPUThread)[0x02ba6058]} cellGcmSys warning: cellGcmGetTiledPitchSize(size=5120)
HLE: W {PPU[1] Thread (CPUThread)[0x02bd2010]} cellSysutil warning: cellVideoOutConfigure(videoOut=0, config_addr=0xd00102f0, option_addr=0x0, waitForEvent=0x0)
HLE: W {PPU[1] Thread (CPUThread)[0x02ba6100]} cellGcmSys warning: cellGcmSetFlipHandler(handler_addr=23656816)
HLE: E {PPU[1] Thread (CPUThread)[0x02ba6070]} cellGcmSys TODO: cellGcmSetQueueHandler
HLE: W {PPU[1] Thread (CPUThread)[0x02ba6130]} cellGcmSys warning: cellGcmSetVBlankHandler(handler_addr=0x168f980)
HLE: E {PPU[1] Thread (CPUThread)[0x02ba6154]} cellGcmSys TODO: cellGcmSetSecondVHandler
HLE: W {PPU[1] Thread (CPUThread)[0x02ba6064]} cellGcmSys warning: cellGcmSetUserHandler(handler_addr=0x168f990)
HLE: W {PPU[1] Thread (CPUThread)[0x02bd6058]} sys_lwmutex warning: *** lwmutex created [] (attribute=0x21): sq_id = 29
PPU: ! {PPU[1] Thread (CPUThread)[0x02bd6028]} *** New PPU Thread [callback_drop_prepare_thread] (flags=0x1, entry=0x168f998): id = 30
HLE: W {PPU[1] Thread (CPUThread)[0x02bd6058]} sys_lwmutex warning: *** lwmutex created [] (attribute=0x22): sq_id = 31
HLE: W {PPU[1] Thread (CPUThread)[0x02bd6058]} sys_lwmutex warning: *** lwmutex created [] (attribute=0x22): sq_id = 32
HLE: W {PPU[1] Thread (CPUThread)[0x02ba60b8]} cellGcmSys warning: cellGcmSetFlipMode(mode=1)
HLE: W {PPU[1] Thread (CPUThread)[0x02ba60dc]} cellGcmSys warning: cellGcmMapEaIoAddress(ea=0x39600000, io=0xe000000, size=0x100000)
HLE: W {PPU[1] Thread (CPUThread)[0x02ba60e8]} cellGcmSys warning: cellGcmGetReportDataAddressLocation(index=0, location=1)
G: E {PPU[1] Thread (CPUThread)[0x00aac7b8]} Exception: Access violation: addr = 0x0
RSX: W {VBlank thread} VBlank thread aborted
RSX: W {RSXThread} RSX thread aborted
HLE: ! All threads stopped...
MEM: ! Closing memory...
