HLE: ! path: /dev_hdd0/game/
LDR: ! Loading 'D:\Emulateurs\Rpcs3\dev_hdd0\game\BLES01936-[Saint Seiya Brave Soldiers]/PS3_GAME/USRDIR/BOOT.BIN'...
LDR: !  
LDR: ! Mount info:
LDR: ! /dev_hdd0/ -> D:\Emulateurs\Rpcs3/dev_hdd0/
LDR: ! /dev_hdd1/ -> D:\Emulateurs\Rpcs3/dev_hdd1/
LDR: ! /dev_flash/ -> D:\Emulateurs\Rpcs3/dev_flash/
LDR: ! /dev_usb000/ -> D:\Emulateurs\Rpcs3/dev_usb000/
LDR: ! /dev_usb/ -> D:\Emulateurs\Rpcs3/dev_usb000/
LDR: ! /app_home/ -> D:\Emulateurs\Rpcs3\dev_hdd0\game\BLES01936-[Saint Seiya Brave Soldiers]/PS3_GAME/
LDR: ! /dev_bdvd/ -> D:\Emulateurs\Rpcs3\dev_hdd0\game\BLES01936-[Saint Seiya Brave Soldiers]/PS3_GAME//../
LDR: ! /host_root/ -> 
LDR: ! / -> D:\Emulateurs\Rpcs3\dev_hdd0\game\BLES01936-[Saint Seiya Brave Soldiers]/PS3_GAME//USRDIR/
LDR: ! /app_home/PS3_GAME/USRDIR/ -> D:\Emulateurs\Rpcs3\dev_hdd0\game\BLES01936-[Saint Seiya Brave Soldiers]/PS3_GAME//USRDIR/
LDR: ! /dev_flash2/ -> D:\Emulateurs\Rpcs3/dev_flash2/
LDR: ! /app_home/Game/PS3_GAME/USRDIR/ -> D:\Emulateurs\Rpcs3\dev_hdd0\game\BLES01936-[Saint Seiya Brave Soldiers]/PS3_GAME//USRDIR/
LDR: !  
MEM: ! Initing memory...
MEM: ! Memory initialized.
LDR: W Unimplemented function 'cellFsWriteWithOffset' in 'sys_fs' module
LDR: W Unimplemented function 'cellFsFsync' in 'sys_fs' module
LDR: W Unimplemented function 'cellOskDialogUnloadAsync' in 'cellSysutil' module
LDR: W Unimplemented function 'cellOskDialogLoadAsync' in 'cellSysutil' module
LDR: W Unimplemented function 'cellOskDialogSetKeyLayoutOption' in 'cellSysutil' module
LDR: W Unimplemented function 'cellSaveDataFixedDelete' in 'cellSysutil' module
LDR: W Unimplemented function 'cellSaveDataDelete2' in 'cellSysutil' module
LDR: W Unimplemented function 'cellOskDialogSetLayoutMode' in 'cellSysutil' module
LDR: W Unimplemented function 'cellOskDialogSetInitialKeyLayout' in 'cellSysutil' module
LDR: W Unimplemented function 'sceNpBasicSendMessageGui' in 'sceNp' module
LDR: W Unimplemented function 'sceNpBasicGetFriendListEntry' in 'sceNp' module
LDR: W Unimplemented function 'sceNpScoreGetRankingByRangeAsync' in 'sceNp' module
LDR: W Unimplemented function 'sceNpScoreDestroyTitleCtx' in 'sceNp' module
LDR: W Unimplemented function 'sceNpProfileAbortGui' in 'sceNp' module
LDR: W Unimplemented function 'sceNpScoreInit' in 'sceNp' module
LDR: W Unimplemented function 'sceNpScoreGetRankingByNpIdAsync' in 'sceNp' module
LDR: W Unimplemented function 'sceNpBasicRegisterContextSensitiveHandler' in 'sceNp' module
LDR: W Unimplemented function 'sceNpBasicAbortGui' in 'sceNp' module
LDR: W Unimplemented function 'sceNpManagerUnregisterCallback' in 'sceNp' module
LDR: W Unimplemented function 'sceNpBasicSetPresenceDetails2' in 'sceNp' module
LDR: W Unimplemented function 'sceNpBasicRecvMessageAttachmentLoad' in 'sceNp' module
LDR: W Unimplemented function 'sceNpManagerGetContentRatingFlag' in 'sceNp' module
LDR: W Unimplemented function 'sceNpScoreCreateTransactionCtx' in 'sceNp' module
LDR: W Unimplemented function 'sceNpBasicGetBlockListEntryCount' in 'sceNp' module
LDR: W Unimplemented function 'sceNpBasicRecvMessageCustom' in 'sceNp' module
LDR: W Unimplemented function 'sceNpScoreTerm' in 'sceNp' module
LDR: W Unimplemented function 'sceNpScorePollAsync' in 'sceNp' module
LDR: W Unimplemented function 'sceNpBasicUnregisterHandler' in 'sceNp' module
LDR: W Unimplemented function 'sceNpBasicGetFriendListEntryCount' in 'sceNp' module
LDR: W Unimplemented function 'sceNpScoreCreateTitleCtx' in 'sceNp' module
LDR: W Unimplemented function 'sceNpBasicAddPlayersHistoryAsync' in 'sceNp' module
LDR: W Unimplemented function 'sceNpManagerGetNetworkTime' in 'sceNp' module
LDR: W Unimplemented function 'sceNpScoreDestroyTransactionCtx' in 'sceNp' module
LDR: W Unimplemented function 'sceNpProfileCallGui' in 'sceNp' module
LDR: W Unimplemented function 'sceNpUtilCmpNpId' in 'sceNp' module
LDR: W Unimplemented function 'sceNpScoreGetBoardInfoAsync' in 'sceNp' module
LDR: W Unimplemented function 'sceNpBasicGetEvent' in 'sceNp' module
LDR: W Unimplemented function 'sceNpManagerRegisterCallback' in 'sceNp' module
LDR: W Unimplemented function 'sceNpManagerGetChatRestrictionFlag' in 'sceNp' module
LDR: W Unimplemented function 'sceNpScoreRecordScoreAsync' in 'sceNp' module
LDR: W Unimplemented function 'sceNpBasicGetBlockListEntry' in 'sceNp' module
LDR: W Unimplemented function 'sceNpManagerGetNpId' in 'sceNp' module
LDR: W Unimplemented function 'sceNpManagerGetOnlineId' in 'sceNp' module
LDR: W Unimplemented function 'sceNpMatching2DestroyContext' in 'sceNp2' module
LDR: W Unimplemented function 'sceNpMatching2GetWorldInfoList' in 'sceNp2' module
LDR: W Unimplemented function 'sceNpMatching2SearchRoom' in 'sceNp2' module
LDR: W Unimplemented function 'sceNpMatching2SignalingGetConnectionStatus' in 'sceNp2' module
LDR: W Unimplemented function 'sceNpMatching2CreateServerContext' in 'sceNp2' module
LDR: W Unimplemented function 'sceNpMatching2LeaveRoom' in 'sceNp2' module
LDR: W Unimplemented function 'sceNpMatching2SetRoomDataExternal' in 'sceNp2' module
LDR: W Unimplemented function 'sceNpMatching2Term2' in 'sceNp2' module
LDR: W Unimplemented function 'sceNpMatching2SignalingGetConnectionInfo' in 'sceNp2' module
LDR: W Unimplemented function 'Unknown func id: 0x2e42f94a' in 'sceNp2' module
LDR: W Unimplemented function 'sceNpMatching2AbortRequest' in 'sceNp2' module
LDR: W Unimplemented function 'sceNpMatching2GetServerInfo' in 'sceNp2' module
LDR: W Unimplemented function 'sceNpMatching2GetEventData' in 'sceNp2' module
LDR: W Unimplemented function 'sceNpMatching2GetRoomSlotInfoLocal' in 'sceNp2' module
LDR: W Unimplemented function 'sceNp2Init' in 'sceNp2' module
LDR: W Unimplemented function 'sceNpMatching2JoinRoom' in 'sceNp2' module
LDR: W Unimplemented function 'sceNpMatching2KickoutRoomMember' in 'sceNp2' module
LDR: W Unimplemented function 'sceNpMatching2ContextStartAsync' in 'sceNp2' module
LDR: W Unimplemented function 'sceNpMatching2RegisterContextCallback' in 'sceNp2' module
LDR: W Unimplemented function 'sceNpMatching2SetRoomDataInternal' in 'sceNp2' module
LDR: W Unimplemented function 'sceNpMatching2SignalingGetPingInfo' in 'sceNp2' module
LDR: W Unimplemented function 'sceNpMatching2GetServerIdListLocal' in 'sceNp2' module
LDR: W Unimplemented function 'Unknown func id: 0x98f74c9a' in 'sceNp2' module
LDR: W Unimplemented function 'sceNpMatching2CreateContext' in 'sceNp2' module
LDR: W Unimplemented function 'sceNpMatching2RegisterSignalingCallback' in 'sceNp2' module
LDR: W Unimplemented function 'sceNp2Term' in 'sceNp2' module
LDR: W Unimplemented function 'sceNpMatching2SetDefaultRequestOptParam' in 'sceNp2' module
LDR: W Unimplemented function 'Unknown func id: 0xdbe84071' in 'sceNp2' module
LDR: W Unimplemented function 'sceNpMatching2RegisterRoomEventCallback' in 'sceNp2' module
LDR: W Unimplemented function 'sceNpMatching2CreateJoinRoom' in 'sceNp2' module
LDR: W Unimplemented function 'sceNpMatching2Init2' in 'sceNp2' module
LDR: W Unknown module 'sceNpTus'
LDR: W Unknown module 'cellSysutilAvc2'
LDR: W Unknown module 'cellSysutilAvconfExt'
LDR: W Unimplemented function 'SJISstoUCS2s' in 'cellL10n' module
LDR: W Unimplemented function 'socketselect' in 'sys_net' module
LDR: W Unimplemented function 'cellSyncQueueInitialize' in 'cellSync' module
LDR: W Unimplemented function 'cellSyncQueueSize' in 'cellSync' module
LDR: W Unimplemented function 'cellSyncQueuePop' in 'cellSync' module
LDR: W Unimplemented function 'cellSyncQueueClear' in 'cellSync' module
LDR: W Unknown module 'cellOskExtUtility'
LDR: W Unimplemented function 'cellSpursJobQueueAttributeInitialize' in 'cellSpursJq' module
LDR: W Unimplemented function 'cellSpursShutdownJobQueue' in 'cellSpursJq' module
LDR: W Unimplemented function 'cellSpursJoinJobQueue' in 'cellSpursJq' module
LDR: W Unimplemented function '_cellSpursCreateJobQueueWithJobDescriptorPool' in 'cellSpursJq' module
LDR: W Unimplemented function '_cellSpursJobQueuePort2CopyPushJobBody' in 'cellSpursJq' module
LDR: W Unimplemented function 'cellSpursJobQueuePort2Destroy' in 'cellSpursJq' module
LDR: W Unimplemented function '_cellSpursJobQueuePort2PushJobBody' in 'cellSpursJq' module
LDR: W Unimplemented function 'cellSpursJobQueuePort2Create' in 'cellSpursJq' module
LDR: W Unimplemented function 'cellSpursJobQueuePort2Sync' in 'cellSpursJq' module
HLE: W PPU[1] Thread (CPUThread)[0x01dd804c]sys_lwmutex warning: *** lwmutex created [_lc_mtx] (attribute=0x12): sq_id = 3
HLE: W PPU[1] Thread (CPUThread)[0x00960848]memory warning: sys_memory_get_user_memory_size(mem_info_addr=0xd0010c04)
HLE: W PPU[1] Thread (CPUThread)[0x01dd804c]sys_lwmutex warning: *** lwmutex created [_lc_mtx] (attribute=0x12): sq_id = 4
HLE: W PPU[1] Thread (CPUThread)[0x01dd804c]sys_lwmutex warning: *** lwmutex created [_lc_mtx] (attribute=0x12): sq_id = 5
HLE: W PPU[1] Thread (CPUThread)[0x01dd804c]sys_lwmutex warning: *** lwmutex created [_lc_mtx] (attribute=0x12): sq_id = 6
HLE: W PPU[1] Thread (CPUThread)[0x01dd804c]sys_lwmutex warning: *** lwmutex created [_lc_mtx] (attribute=0x12): sq_id = 7
HLE: W PPU[1] Thread (CPUThread)[0x01dd804c]sys_lwmutex warning: *** lwmutex created [_lc_mtx] (attribute=0x12): sq_id = 8
HLE: W PPU[1] Thread (CPUThread)[0x01dd804c]sys_lwmutex warning: *** lwmutex created [_lc_mtx] (attribute=0x12): sq_id = 9
HLE: W PPU[1] Thread (CPUThread)[0x01dd804c]sys_lwmutex warning: *** lwmutex created [_lc_mtx] (attribute=0x12): sq_id = 10
HLE: W PPU[1] Thread (CPUThread)[0x01dd804c]sys_lwmutex warning: *** lwmutex created [_lc_mtx] (attribute=0x12): sq_id = 11
HLE: W PPU[1] Thread (CPUThread)[0x01dd804c]sys_lwmutex warning: *** lwmutex created [_lc_mtx] (attribute=0x12): sq_id = 12
HLE: W PPU[1] Thread (CPUThread)[0x01dd804c]sys_lwmutex warning: *** lwmutex created [] (attribute=0x12): sq_id = 13
HLE: W PPU[1] Thread (CPUThread)[0x01dd804c]sys_lwmutex warning: *** lwmutex created [] (attribute=0x12): sq_id = 14
HLE: W PPU[1] Thread (CPUThread)[0x01dd804c]sys_lwmutex warning: *** lwmutex created [] (attribute=0x12): sq_id = 15
HLE: W PPU[1] Thread (CPUThread)[0x01dd804c]sys_lwmutex warning: *** lwmutex created [] (attribute=0x12): sq_id = 16
HLE: W PPU[1] Thread (CPUThread)[0x01dd804c]sys_lwmutex warning: *** lwmutex created [] (attribute=0x12): sq_id = 17
HLE: W PPU[1] Thread (CPUThread)[0x01dd804c]sys_lwmutex warning: *** lwmutex created [] (attribute=0x12): sq_id = 18
HLE: W PPU[1] Thread (CPUThread)[0x01dd804c]sys_lwmutex warning: *** lwmutex created [] (attribute=0x12): sq_id = 19
HLE: W PPU[1] Thread (CPUThread)[0x01dd804c]sys_lwmutex warning: *** lwmutex created [] (attribute=0x12): sq_id = 20
HLE: W PPU[1] Thread (CPUThread)[0x01dd804c]sys_lwmutex warning: *** lwmutex created [] (attribute=0x12): sq_id = 21
HLE: W PPU[1] Thread (CPUThread)[0x01dd804c]sys_lwmutex warning: *** lwmutex created [] (attribute=0x12): sq_id = 22
HLE: W PPU[1] Thread (CPUThread)[0x01dd804c]sys_lwmutex warning: *** lwmutex created [] (attribute=0x12): sq_id = 23
HLE: W PPU[1] Thread (CPUThread)[0x01dd804c]sys_lwmutex warning: *** lwmutex created [] (attribute=0x12): sq_id = 24
HLE: W PPU[1] Thread (CPUThread)[0x01dd804c]sys_lwmutex warning: *** lwmutex created [] (attribute=0x12): sq_id = 25
HLE: W PPU[1] Thread (CPUThread)[0x01dd804c]sys_lwmutex warning: *** lwmutex created [] (attribute=0x12): sq_id = 26
HLE: W PPU[1] Thread (CPUThread)[0x01dd804c]sys_lwmutex warning: *** lwmutex created [] (attribute=0x22): sq_id = 27
HLE: W PPU[1] Thread (CPUThread)[0x01dd80c4]sys_lwcond warning: *** lwcond created [] (lwmutex_addr=0x1d5ef30): id = 28
HLE: W PPU[1] Thread (CPUThread)[0x01dd804c]sys_lwmutex warning: *** lwmutex created [] (attribute=0x22): sq_id = 29
HLE: W PPU[1] Thread (CPUThread)[0x01dd80c4]sys_lwcond warning: *** lwcond created [] (lwmutex_addr=0x1d5ef58): id = 30
HLE: W PPU[1] Thread (CPUThread)[0x01dd804c]sys_lwmutex warning: *** lwmutex created [] (attribute=0x22): sq_id = 31
HLE: W PPU[1] Thread (CPUThread)[0x01dd80c4]sys_lwcond warning: *** lwcond created [] (lwmutex_addr=0x1d5ef80): id = 32
HLE: W PPU[1] Thread (CPUThread)[0x0102e0b8]cellSysutil warning: cellSysutilRegisterCallback(slot=2, func_addr=0x1034a30, userdata=0x0)
HLE: W PPU[1] Thread (CPUThread)[0x0102e0b8]cellSysutil warning: cellSysutilRegisterCallback(slot=3, func_addr=0x1046a38, userdata=0x1d5ef18)
HLE: W PPU[1] Thread (CPUThread)[0x0102c010]cellSysmodule warning: cellSysmoduleLoadModule(CELL_SYSMODULE_FS)
HLE: W PPU[1] Thread (CPUThread)[0x0102c010]cellSysmodule warning: cellSysmoduleLoadModule(CELL_SYSMODULE_RTC)
HLE: W PPU[1] Thread (CPUThread)[0x01dd804c]sys_lwmutex warning: *** lwmutex created [] (attribute=0x12): sq_id = 33
HLE: W PPU[1] Thread (CPUThread)[0x0102c010]cellSysmodule warning: cellSysmoduleLoadModule(CELL_SYSMODULE_RESC)
HLE: W PPU[1] Thread (CPUThread)[0x0102c010]cellSysmodule warning: cellSysmoduleLoadModule(CELL_SYSMODULE_AVCONF_EXT)
HLE: W PPU[1] Thread (CPUThread)[0x01dd804c]sys_lwmutex warning: *** lwmutex created [] (attribute=0x12): sq_id = 34
HLE: W PPU[1] Thread (CPUThread)[0x0102a004]cellGcmSys warning: cellGcmInit(context_addr=0x1b954e0,cmdSize=0xc0000,ioSize=0x100000,ioAddress=0x30200000)
HLE: W PPU[1] Thread (CPUThread)[0x0102a004]cellGcmSys warning: *** local memory(addr=0xc0000000, size=0xf900000)
HLE: W PPU[1] Thread (CPUThread)[0x0102a004]cellGcmSys warning: cellGcmInit(): 256MB io address space used
HLE: W PPU[1] Thread (CPUThread)[0x0102a004]cellGcmSys warning: cellGcmMapEaIoAddress(ea=0x30200000, io=0x0, size=0x100000)
RSX: ! RSXThreadRSX thread started
HLE: W PPU[1] Thread (CPUThread)[0x01dd804c]sys_lwmutex warning: *** lwmutex created [] (attribute=0x12): sq_id = 35
HLE: W PPU[1] Thread (CPUThread)[0x01dd804c]sys_lwmutex warning: *** lwmutex created [] (attribute=0x12): sq_id = 36
HLE: W PPU[1] Thread (CPUThread)[0x01dd804c]sys_lwmutex warning: *** lwmutex created [] (attribute=0x12): sq_id = 37
HLE: W PPU[1] Thread (CPUThread)[0x0102a0b8]cellGcmSys warning: cellGcmMapMainMemory(ea=0x30500000,size=0x800000,offset_addr=0xd00108a0)
HLE: W PPU[1] Thread (CPUThread)[0x0102a01c]cellGcmSys warning: cellGcmGetTiledPitchSize(size=5120)
HLE: W PPU[1] Thread (CPUThread)[0x0102e124]cellSysutil warning: cellVideoOutGetResolutionAvailability(videoOut=0, resolutionId=0x2, option_addr=0x0, aspect=0x0, option=0x42a98590)
HLE: W PPU[1] Thread (CPUThread)[0x0102e118]cellSysutil warning: cellVideoOutConfigure(videoOut=0, config_addr=0xd00109b0, option_addr=0x0, waitForEvent=0x0)
HLE: W PPU[1] Thread (CPUThread)[0x0102a064]cellGcmSys warning: cellGcmSetFlipMode(mode=2)
HLE: W PPU[1] Thread (CPUThread)[0x0102a01c]cellGcmSys warning: cellGcmGetTiledPitchSize(size=5120)
HLE: W PPU[1] Thread (CPUThread)[0x0102a01c]cellGcmSys warning: cellGcmGetTiledPitchSize(size=5120)
HLE: W PPU[1] Thread (CPUThread)[0x0102a100]cellGcmSys warning: cellGcmSetTileInfo(index=0, location=0, offset=0, size=11796480, pitch=5120, comp=0, base=0, bank=0)
HLE: W PPU[1] Thread (CPUThread)[0x0102a058]cellGcmSys warning: cellGcmBindTile(index=0)
HLE: W PPU[1] Thread (CPUThread)[0x0102a100]cellGcmSys warning: cellGcmSetTileInfo(index=2, location=0, offset=11796480, size=3801088, pitch=5120, comp=10, base=0, bank=3)
HLE: E PPU[1] Thread (CPUThread)[0x0102a100]cellGcmSys error: cellGcmSetTileInfo: bad compression mode! (10)
HLE: W PPU[1] Thread (CPUThread)[0x0102a058]cellGcmSys warning: cellGcmBindTile(index=2)
HLE: W PPU[1] Thread (CPUThread)[0x0102e148]cellSysutil warning: cellAudioOutGetConfiguration(audioOut=0, config_addr=0xd0010940, option_addr=0x0)
HLE: W PPU[1] Thread (CPUThread)[0x0102e148]cellSysutil warning: cellAudioOutGetConfiguration(audioOut=0, config_addr=0xd00109c0, option_addr=0x0)
HLE: W PPU[1] Thread (CPUThread)[0x0102e13c]cellSysutil warning: cellAudioOutConfigure(audioOut=0, config_addr=0xd00109c0, option_addr=0x0, (!)waitForEvent=0)
HLE: W PPU[1] Thread (CPUThread)[0x0102e154]cellSysutil warning: cellAudioOutGetState(audioOut=0x0,deviceIndex=0x0,state_addr=0xd00109d0)
HLE: W PPU[1] Thread (CPUThread)[0x01dc2010]cellAudio warning: cellAudioInit()
HLE: ! Audio ThreadAudio thread started
HLE: W PPU[1] Thread (CPUThread)[0x01dd804c]sys_lwmutex warning: *** lwmutex created [] (attribute=0x12): sq_id = 38
HLE: W PPU[1] Thread (CPUThread)[0x01dd804c]sys_lwmutex warning: *** lwmutex created [] (attribute=0x12): sq_id = 39
HLE: W PPU[1] Thread (CPUThread)[0x01dd804c]sys_lwmutex warning: *** lwmutex created [] (attribute=0x12): sq_id = 40
HLE: W PPU[1] Thread (CPUThread)[0x01dd804c]sys_lwmutex warning: *** lwmutex created [] (attribute=0x12): sq_id = 41
HLE: W PPU[1] Thread (CPUThread)[0x01dd804c]sys_lwmutex warning: *** lwmutex created [] (attribute=0x12): sq_id = 42
HLE: W PPU[1] Thread (CPUThread)[0x01dd804c]sys_lwmutex warning: *** lwmutex created [] (attribute=0x12): sq_id = 43
HLE: W PPU[1] Thread (CPUThread)[0x01dd804c]sys_lwmutex warning: *** lwmutex created [] (attribute=0x12): sq_id = 44
HLE: W PPU[1] Thread (CPUThread)[0x01dd804c]sys_lwmutex warning: *** lwmutex created [] (attribute=0x12): sq_id = 45
HLE: W PPU[1] Thread (CPUThread)[0x01dd804c]sys_lwmutex warning: *** lwmutex created [] (attribute=0x12): sq_id = 46
HLE: W PPU[1] Thread (CPUThread)[0x01dd804c]sys_lwmutex warning: *** lwmutex created [] (attribute=0x12): sq_id = 47
HLE: W PPU[1] Thread (CPUThread)[0x01dd804c]sys_lwmutex warning: *** lwmutex created [] (attribute=0x12): sq_id = 48
HLE: W PPU[1] Thread (CPUThread)[0x01dd804c]sys_lwmutex warning: *** lwmutex created [] (attribute=0x12): sq_id = 49
HLE: W PPU[1] Thread (CPUThread)[0x01dd804c]sys_lwmutex warning: *** lwmutex created [] (attribute=0x12): sq_id = 50
HLE: W PPU[1] Thread (CPUThread)[0x01dd804c]sys_lwmutex warning: *** lwmutex created [] (attribute=0x22): sq_id = 51
HLE: W PPU[1] Thread (CPUThread)[0x01dd80c4]sys_lwcond warning: *** lwcond created [] (lwmutex_addr=0x1d57d68): id = 52
HLE: W PPU[1] Thread (CPUThread)[0x01dd804c]sys_lwmutex warning: *** lwmutex created [] (attribute=0x12): sq_id = 53
HLE: W PPU[1] Thread (CPUThread)[0x01dd804c]sys_lwmutex warning: *** lwmutex created [] (attribute=0x12): sq_id = 54
HLE: W PPU[1] Thread (CPUThread)[0x01dd804c]sys_lwmutex warning: *** lwmutex created [] (attribute=0x12): sq_id = 55
HLE: W PPU[1] Thread (CPUThread)[0x01dd804c]sys_lwmutex warning: *** lwmutex created [] (attribute=0x12): sq_id = 56
HLE: W PPU[1] Thread (CPUThread)[0x01dd804c]sys_lwmutex warning: *** lwmutex created [] (attribute=0x12): sq_id = 57
HLE: W PPU[1] Thread (CPUThread)[0x01dd804c]sys_lwmutex warning: *** lwmutex created [] (attribute=0x12): sq_id = 58
HLE: W PPU[1] Thread (CPUThread)[0x01dd804c]sys_lwmutex warning: *** lwmutex created [] (attribute=0x12): sq_id = 59
HLE: W PPU[1] Thread (CPUThread)[0x01dd804c]sys_lwmutex warning: *** lwmutex created [] (attribute=0x12): sq_id = 60
HLE: W PPU[1] Thread (CPUThread)[0x01dd804c]sys_lwmutex warning: *** lwmutex created [] (attribute=0x12): sq_id = 61
HLE: W PPU[1] Thread (CPUThread)[0x01dd804c]sys_lwmutex warning: *** lwmutex created [] (attribute=0x12): sq_id = 62
HLE: W PPU[1] Thread (CPUThread)[0x01dd804c]sys_lwmutex warning: *** lwmutex created [] (attribute=0x12): sq_id = 63
HLE: W PPU[1] Thread (CPUThread)[0x01dd804c]sys_lwmutex warning: *** lwmutex created [] (attribute=0x12): sq_id = 64
HLE: W PPU[1] Thread (CPUThread)[0x01dd804c]sys_lwmutex warning: *** lwmutex created [] (attribute=0x12): sq_id = 65
HLE: W PPU[1] Thread (CPUThread)[0x01dd804c]sys_lwmutex warning: *** lwmutex created [] (attribute=0x12): sq_id = 66
HLE: W PPU[1] Thread (CPUThread)[0x01dd804c]sys_lwmutex warning: *** lwmutex created [] (attribute=0x12): sq_id = 67
HLE: W PPU[1] Thread (CPUThread)[0x0102c01c]cellSysmodule warning: cellSysmoduleIsLoaded(CELL_SYSMODULE_FS)
PPU: ! PPU[1] Thread (CPUThread)[0x01dd8028]*** New PPU Thread [Em File Thread] (flags=0x0, entry=0x1044fa0): id = 68
HLE: W PPU[1] Thread (CPUThread)[0x01dd804c]sys_lwmutex warning: *** lwmutex created [] (attribute=0x12): sq_id = 69
HLE: W PPU[1] Thread (CPUThread)[0x01dd804c]sys_lwmutex warning: *** lwmutex created [] (attribute=0x12): sq_id = 70
HLE: W PPU[1] Thread (CPUThread)[0x01dd804c]sys_lwmutex warning: *** lwmutex created [] (attribute=0x12): sq_id = 71
HLE: W PPU[1] Thread (CPUThread)[0x01dd804c]sys_lwmutex warning: *** lwmutex created [] (attribute=0x12): sq_id = 72
HLE: W PPU[1] Thread (CPUThread)[0x01dd804c]sys_lwmutex warning: *** lwmutex created [] (attribute=0x12): sq_id = 73
HLE: W PPU[1] Thread (CPUThread)[0x01dd804c]sys_lwmutex warning: *** lwmutex created [] (attribute=0x12): sq_id = 74
HLE: W PPU[1] Thread (CPUThread)[0x01dd804c]sys_lwmutex warning: *** lwmutex created [] (attribute=0x12): sq_id = 75
HLE: W PPU[1] Thread (CPUThread)[0x01dd804c]sys_lwmutex warning: *** lwmutex created [] (attribute=0x12): sq_id = 76
HLE: W PPU[1] Thread (CPUThread)[0x01dd804c]sys_lwmutex warning: *** lwmutex created [] (attribute=0x12): sq_id = 77
HLE: W PPU[1] Thread (CPUThread)[0x01dd804c]sys_lwmutex warning: *** lwmutex created [] (attribute=0x11): sq_id = 78
HLE: W PPU[1] Thread (CPUThread)[0x01dd804c]sys_lwmutex warning: *** lwmutex created [NpBasic] (attribute=0x22): sq_id = 79
HLE: W PPU[1] Thread (CPUThread)[0x01dd804c]sys_lwmutex warning: *** lwmutex created [] (attribute=0x11): sq_id = 80
HLE: W PPU[1] Thread (CPUThread)[0x01dd804c]sys_lwmutex warning: *** lwmutex created [] (attribute=0x11): sq_id = 81
HLE: W PPU[1] Thread (CPUThread)[0x01dd804c]sys_lwmutex warning: *** lwmutex created [] (attribute=0x12): sq_id = 82
HLE: W PPU[1] Thread (CPUThread)[0x01dd804c]sys_lwmutex warning: *** lwmutex created [] (attribute=0x11): sq_id = 83
HLE: W PPU[1] Thread (CPUThread)[0x0102e04c]cellSysutil warning: cellSysutilGetSystemParamInt: CELL_SYSUTIL_SYSTEMPARAM_ID_LANG
HLE: W PPU[1] Thread (CPUThread)[0x01dd804c]sys_lwmutex warning: *** lwmutex created [] (attribute=0x11): sq_id = 84
HLE: W PPU[1] Thread (CPUThread)[0x01dd804c]sys_lwmutex warning: *** lwmutex created [] (attribute=0x11): sq_id = 85
HLE: W PPU[1] Thread (CPUThread)[0x01dd804c]sys_lwmutex warning: *** lwmutex created [] (attribute=0x22): sq_id = 86
HLE: W PPU[1] Thread (CPUThread)[0x01dd80c4]sys_lwcond warning: *** lwcond created [] (lwmutex_addr=0x304e3540): id = 87
HLE: W PPU[1] Thread (CPUThread)[0x0102c01c]cellSysmodule warning: cellSysmoduleIsLoaded(CELL_SYSMODULE_SYSUTIL_NP_TROPHY)
HLE: W PPU[1] Thread (CPUThread)[0x0102c010]cellSysmodule warning: cellSysmoduleLoadModule(CELL_SYSMODULE_SYSUTIL_NP_TROPHY)
HLE: W PPU[1] Thread (CPUThread)[0x01dd207c]sceNpTrophy warning: sceNpTrophyCreateContext(context_addr=0x304e3510, commID_addr=0xb24848, commSign_addr=0xb248d4, options=0x0)
HLE: W PPU[1] Thread (CPUThread)[0x01dd2010]sceNpTrophy warning: sceNpTrophyCreateHandle(handle_addr=0x304e3514)
HLE: W PPU[1] Thread (CPUThread)[0x01dd201c]sceNpTrophy warning: sceNpTrophyGetRequiredDiskSpace(context=0, handle=0, reqspace_addr=0xd0010470, options=0x0)
HLE: W PPU[1] Thread (CPUThread)[0x0102c01c]cellSysmodule warning: cellSysmoduleIsLoaded(CELL_SYSMODULE_SYSUTIL_GAME)
HLE: W PPU[1] Thread (CPUThread)[0x0102c010]cellSysmodule warning: cellSysmoduleLoadModule(CELL_SYSMODULE_SYSUTIL_GAME)
HLE: W PPU[1] Thread (CPUThread)[0x01db0034]cellGame warning: cellGameBootCheck(type_addr=0xd00101f0, attributes_addr=0xd00101f4, size_addr=0xd00101f8, dirName_addr=0x0)
HLE: W PPU[1] Thread (CPUThread)[0x01db0040]cellGame warning: cellGameGetParamString(id=100, buf_addr=0xd00102f0, bufsize=10)
HLE: W PPU[1] Thread (CPUThread)[0x01db0040]cellGame warning: cellGameGetParamString(id=0, buf_addr=0xd0010400, bufsize=128)
HLE: W PPU[1] Thread (CPUThread)[0x01db0040]cellGame warning: cellGameGetParamString(id=106, buf_addr=0xd00102e8, bufsize=6)
HLE: W PPU[1] Thread (CPUThread)[0x01db0004]cellGame warning: cellGameContentPermit(contentInfoPath_addr=0xd0010300, usrdirPath_addr=0xd0010380)
HLE: W PPU[1] Thread (CPUThread)[0x0102c004]cellSysmodule warning: cellSysmoduleUnloadModule(CELL_SYSMODULE_SYSUTIL_GAME)
HLE: W PPU[1] Thread (CPUThread)[0x0102c010]cellSysmodule warning: cellSysmoduleLoadModule(CELL_SYSMODULE_SYSUTIL_GAME)
HLE: W PPU[1] Thread (CPUThread)[0x01db0034]cellGame warning: cellGameBootCheck(type_addr=0xd0010574, attributes_addr=0xd0010570, size_addr=0xd0010578, dirName_addr=0xd00106d0)
HLE: W PPU[1] Thread (CPUThread)[0x01db0004]cellGame warning: cellGameContentPermit(contentInfoPath_addr=0x1b8ff34, usrdirPath_addr=0x1b8ffb4)
PPU: ! PPU[1] Thread (CPUThread)[0x01dd8028]*** New PPU Thread [Installer:Setup] (flags=0x0, entry=0x1044fa0): id = 88
HLE: W PPU[88] Thread (Installer:Setup)[0x0102c01c]cellSysmodule warning: cellSysmoduleIsLoaded(CELL_SYSMODULE_SYSUTIL_GAME)
HLE: W PPU[88] Thread (Installer:Setup)[0x01db0028]cellGame warning: cellGameDataCheck(type=0x3, dirName_addr=0x31d75004, size_addr=0xd0030760)
HLE: W PPU[88] Thread (Installer:Setup)[0x01db0028]cellGame warning: cellGameDataCheck(): '/dev_hdd0/game/BLES01936' directory not found
HLE: W PPU[88] Thread (Installer:Setup)[0x01028034]"/dev_bdvd/PS3_GAME/USRDIR/resource/save/install_content_EU.lst" opened: fd = 89
HLE: W PPU[88] Thread (Installer:Setup)[0x01028064]sys_fs warning: cellFsReadWithOffset(fd=89, offset=0x0, buf_addr=0x1cd7bb0, buffer_size=104 nread=0x81afd00304e0)
HLE: W PPU[88] Thread (Installer:Setup)[0x01028064]sys_fs warning: cellFsReadWithOffset(fd=89, offset=0x0, buf_addr=0x32660280, buffer_size=104 nread=0x81afd0030590)
HLE: W PPU[88] Thread (Installer:Setup)[0x01028004]sys_fs warning: cellFsClose(fd=89)
HLE: W PPU[88] Thread (Installer:Setup)[0x01028034]"/dev_bdvd/PS3_GAME/USRDIR/resource/save/ICON0.PNG" opened: fd = 90
HLE: W PPU[88] Thread (Installer:Setup)[0x01028004]sys_fs warning: cellFsClose(fd=90)
HLE: W PPU[88] Thread (Installer:Setup)[0x01028034]"/dev_bdvd/PS3_GAME/USRDIR/resource/save/ICON0_17.PNG" opened: fd = 91
HLE: W PPU[88] Thread (Installer:Setup)[0x01028004]sys_fs warning: cellFsClose(fd=91)
HLE: W PPU[88] Thread (Installer:Setup)[0x01028034]"/dev_bdvd/PS3_GAME/USRDIR/resource/save/PIC1.PNG" opened: fd = 92
HLE: W PPU[88] Thread (Installer:Setup)[0x01028004]sys_fs warning: cellFsClose(fd=92)
HLE: W PPU[88] Thread (Installer:Setup)[0x01028034]"/dev_bdvd/PS3_GAME/USRDIR/resource/save/PIC1_17.PNG" opened: fd = 93
HLE: W PPU[88] Thread (Installer:Setup)[0x01028004]sys_fs warning: cellFsClose(fd=93)
HLE: W PPU[88] Thread (Installer:Setup)[0x01028034]"/dev_bdvd/PS3_GAME/USRDIR/resource/save/install_data.lst" opened: fd = 94
HLE: W PPU[88] Thread (Installer:Setup)[0x01028064]sys_fs warning: cellFsReadWithOffset(fd=94, offset=0x0, buf_addr=0x1cd7bb0, buffer_size=14 nread=0x81afd00304e0)
HLE: W PPU[88] Thread (Installer:Setup)[0x01028064]sys_fs warning: cellFsReadWithOffset(fd=94, offset=0x0, buf_addr=0x30152060, buffer_size=14 nread=0x81afd0030590)
HLE: W PPU[88] Thread (Installer:Setup)[0x01028004]sys_fs warning: cellFsClose(fd=94)
HLE: W PPU[88] Thread (Installer:Setup)[0x01028034]"/dev_bdvd/PS3_GAME/USRDIR/resource.cpk" opened: fd = 95
HLE: W PPU[88] Thread (Installer:Setup)[0x01028004]sys_fs warning: cellFsClose(fd=95)
HLE: W PPU[1] Thread (CPUThread)[0x01db0004]cellGame warning: cellGameContentPermit(contentInfoPath_addr=0xd00103f0, usrdirPath_addr=0xd0010470)
HLE: W PPU[1] Thread (CPUThread)[0x01db0004]cellGame warning: cellGameContentPermit(): CELL_GAME_ERROR_FAILURE (no permission given)
HLE: W PPU[1] Thread (CPUThread)[0x01dd804c]sys_lwmutex warning: *** lwmutex created [] (attribute=0x12): sq_id = 96
HLE: W PPU[1] Thread (CPUThread)[0x008b72c8]sys_mutex warning: *** mutex created [] (protocol=0x2, recursive=true): id = 97
HLE: W PPU[1] Thread (CPUThread)[0x008b7318]sys_cond warning: *** condition on recursive mutex(97)
HLE: W PPU[1] Thread (CPUThread)[0x008b7318]sys_cond warning: *** condition created [] (mutex_id=97): id = 98
PPU: ! PPU[1] Thread (CPUThread)[0x01dd8028]*** New PPU Thread [CRI FS File Access 0] (flags=0x1, entry=0x1047cf0): id = 99
HLE: W PPU[1] Thread (CPUThread)[0x01dd804c]sys_lwmutex warning: *** lwmutex created [] (attribute=0x12): sq_id = 100
HLE: W PPU[1] Thread (CPUThread)[0x008b72c8]sys_mutex warning: *** mutex created [] (protocol=0x2, recursive=true): id = 101
HLE: W PPU[1] Thread (CPUThread)[0x008b7318]sys_cond warning: *** condition on recursive mutex(101)
HLE: W PPU[1] Thread (CPUThread)[0x008b7318]sys_cond warning: *** condition created [] (mutex_id=101): id = 102
PPU: ! PPU[1] Thread (CPUThread)[0x01dd8028]*** New PPU Thread [CRI FS Memory File System] (flags=0x1, entry=0x1047cf0): id = 103
HLE: W PPU[1] Thread (CPUThread)[0x01dd804c]sys_lwmutex warning: *** lwmutex created [] (attribute=0x12): sq_id = 104
HLE: W PPU[1] Thread (CPUThread)[0x008b72c8]sys_mutex warning: *** mutex created [] (protocol=0x2, recursive=true): id = 105
HLE: W PPU[1] Thread (CPUThread)[0x008b7318]sys_cond warning: *** condition on recursive mutex(105)
HLE: W PPU[1] Thread (CPUThread)[0x008b7318]sys_cond warning: *** condition created [] (mutex_id=105): id = 106
PPU: ! PPU[1] Thread (CPUThread)[0x01dd8028]*** New PPU Thread [CRI FS File Access 1] (flags=0x1, entry=0x1047cf0): id = 107
HLE: W PPU[1] Thread (CPUThread)[0x01dd804c]sys_lwmutex warning: *** lwmutex created [] (attribute=0x12): sq_id = 108
HLE: W PPU[1] Thread (CPUThread)[0x008b72c8]sys_mutex warning: *** mutex created [] (protocol=0x2, recursive=true): id = 109
HLE: W PPU[1] Thread (CPUThread)[0x008b7318]sys_cond warning: *** condition on recursive mutex(109)
HLE: W PPU[1] Thread (CPUThread)[0x008b7318]sys_cond warning: *** condition created [] (mutex_id=109): id = 110
PPU: ! PPU[1] Thread (CPUThread)[0x01dd8028]*** New PPU Thread [CRI FS File Access 2] (flags=0x1, entry=0x1047cf0): id = 111
HLE: W PPU[1] Thread (CPUThread)[0x01dd804c]sys_lwmutex warning: *** lwmutex created [] (attribute=0x12): sq_id = 112
HLE: W PPU[1] Thread (CPUThread)[0x008b72c8]sys_mutex warning: *** mutex created [] (protocol=0x2, recursive=true): id = 113
HLE: W PPU[1] Thread (CPUThread)[0x008b7318]sys_cond warning: *** condition on recursive mutex(113)
HLE: W PPU[1] Thread (CPUThread)[0x008b7318]sys_cond warning: *** condition created [] (mutex_id=113): id = 114
PPU: ! PPU[1] Thread (CPUThread)[0x01dd8028]*** New PPU Thread [CRI FS File Access 3] (flags=0x1, entry=0x1047cf0): id = 115
HLE: W PPU[1] Thread (CPUThread)[0x01dd804c]sys_lwmutex warning: *** lwmutex created [] (attribute=0x12): sq_id = 116
HLE: W PPU[1] Thread (CPUThread)[0x008b72c8]sys_mutex warning: *** mutex created [] (protocol=0x2, recursive=true): id = 117
HLE: W PPU[1] Thread (CPUThread)[0x008b7318]sys_cond warning: *** condition on recursive mutex(117)
HLE: W PPU[1] Thread (CPUThread)[0x008b7318]sys_cond warning: *** condition created [] (mutex_id=117): id = 118
PPU: ! PPU[1] Thread (CPUThread)[0x01dd8028]*** New PPU Thread [CRI FS Data Decompression 0] (flags=0x1, entry=0x1047cf0): id = 119
HLE: W PPU[1] Thread (CPUThread)[0x01dd804c]sys_lwmutex warning: *** lwmutex created [] (attribute=0x12): sq_id = 120
HLE: W PPU[1] Thread (CPUThread)[0x01dd804c]sys_lwmutex warning: *** lwmutex created [] (attribute=0x12): sq_id = 121
HLE: W PPU[1] Thread (CPUThread)[0x01dd804c]sys_lwmutex warning: *** lwmutex created [] (attribute=0x12): sq_id = 122
HLE: W PPU[1] Thread (CPUThread)[0x01dd804c]sys_lwmutex warning: *** lwmutex created [] (attribute=0x12): sq_id = 123
HLE: W PPU[1] Thread (CPUThread)[0x01dd804c]sys_lwmutex warning: *** lwmutex created [] (attribute=0x12): sq_id = 124
HLE: W PPU[1] Thread (CPUThread)[0x01dd804c]sys_lwmutex warning: *** lwmutex created [] (attribute=0x12): sq_id = 125
HLE: W PPU[1] Thread (CPUThread)[0x01dd804c]sys_lwmutex warning: *** lwmutex created [] (attribute=0x12): sq_id = 126
HLE: W PPU[1] Thread (CPUThread)[0x01dd804c]sys_lwmutex warning: *** lwmutex created [] (attribute=0x12): sq_id = 127
HLE: W PPU[1] Thread (CPUThread)[0x01dd804c]sys_lwmutex warning: *** lwmutex created [] (attribute=0x12): sq_id = 128
HLE: W PPU[1] Thread (CPUThread)[0x01dd804c]sys_lwmutex warning: *** lwmutex created [] (attribute=0x12): sq_id = 129
PPU: ! PPU[1] Thread (CPUThread)[0x01dd8028]*** New PPU Thread [CRI Server Manager] (flags=0x1, entry=0x1047cf0): id = 130
HLE: W PPU[111] Thread (CRI FS File Access 2)[0x01028034]"/dev_bdvd/PS3_GAME/USRDIR/resource.cpk" opened: fd = 131
HLE: W PPU[111] Thread (CRI FS File Access 2)[0x01028004]sys_fs warning: cellFsClose(fd=131)
HLE: W PPU[111] Thread (CRI FS File Access 2)[0x01028034]"/dev_bdvd/PS3_GAME/USRDIR/resource.cpk" opened: fd = 132
HLE: W PPU[1] Thread (CPUThread)[0x01028034]"/dev_bdvd/PS3_GAME/USRDIR/archive/adam_shader/VsUserShader.emz" opened: fd = 133
HLE: W PPU[1] Thread (CPUThread)[0x01028064]sys_fs warning: cellFsReadWithOffset(fd=133, offset=0x0, buf_addr=0x1cd7bb0, buffer_size=256 nread=0x81afd0010500)
HLE: W PPU[1] Thread (CPUThread)[0x01028064]sys_fs warning: cellFsReadWithOffset(fd=133, offset=0x10, buf_addr=0x1cd7bb0, buffer_size=95037 nread=0x81afd00104d0)
HLE: W PPU[1] Thread (CPUThread)[0x01028004]sys_fs warning: cellFsClose(fd=133)
HLE: W PPU[1] Thread (CPUThread)[0x01028034]"/dev_bdvd/PS3_GAME/USRDIR/archive/adam_shader/PsUserShader.emz" opened: fd = 134
HLE: W PPU[1] Thread (CPUThread)[0x01028064]sys_fs warning: cellFsReadWithOffset(fd=134, offset=0x0, buf_addr=0x1cd7bb0, buffer_size=256 nread=0x81afd0010500)
HLE: W PPU[1] Thread (CPUThread)[0x01028064]sys_fs warning: cellFsReadWithOffset(fd=134, offset=0x10, buf_addr=0x1cd7bb0, buffer_size=63787 nread=0x81afd00104d0)
HLE: W PPU[1] Thread (CPUThread)[0x01028004]sys_fs warning: cellFsClose(fd=134)
HLE: W PPU[1] Thread (CPUThread)[0x01028034]"/dev_bdvd/PS3_GAME/USRDIR/archive/adam_shader/VsBgShader.emz" opened: fd = 135
HLE: W PPU[1] Thread (CPUThread)[0x01028064]sys_fs warning: cellFsReadWithOffset(fd=135, offset=0x0, buf_addr=0x1cd7bb0, buffer_size=256 nread=0x81afd0010500)
HLE: W PPU[1] Thread (CPUThread)[0x01028064]sys_fs warning: cellFsReadWithOffset(fd=135, offset=0x10, buf_addr=0x1cd7bb0, buffer_size=48015 nread=0x81afd00104d0)
HLE: W PPU[1] Thread (CPUThread)[0x01028004]sys_fs warning: cellFsClose(fd=135)
HLE: W PPU[1] Thread (CPUThread)[0x01028034]"/dev_bdvd/PS3_GAME/USRDIR/archive/adam_shader/PsBgShader.emz" opened: fd = 136
HLE: W PPU[1] Thread (CPUThread)[0x01028064]sys_fs warning: cellFsReadWithOffset(fd=136, offset=0x0, buf_addr=0x1cd7bb0, buffer_size=256 nread=0x81afd0010500)
HLE: W PPU[1] Thread (CPUThread)[0x01028064]sys_fs warning: cellFsReadWithOffset(fd=136, offset=0x10, buf_addr=0x1cd7bb0, buffer_size=34107 nread=0x81afd00104d0)
HLE: W PPU[1] Thread (CPUThread)[0x01028004]sys_fs warning: cellFsClose(fd=136)
HLE: W PPU[1] Thread (CPUThread)[0x01028034]"/dev_bdvd/PS3_GAME/USRDIR/archive/adam_shader/setting_technique.emz" opened: fd = 137
HLE: W PPU[1] Thread (CPUThread)[0x01028064]sys_fs warning: cellFsReadWithOffset(fd=137, offset=0x0, buf_addr=0x1cd7bb0, buffer_size=256 nread=0x81afd0010500)
HLE: W PPU[1] Thread (CPUThread)[0x01028064]sys_fs warning: cellFsReadWithOffset(fd=137, offset=0x10, buf_addr=0x1cd7bb0, buffer_size=7213 nread=0x81afd00104d0)
HLE: W PPU[1] Thread (CPUThread)[0x01028004]sys_fs warning: cellFsClose(fd=137)
HLE: W PPU[1] Thread (CPUThread)[0x0102a01c]cellGcmSys warning: cellGcmGetTiledPitchSize(size=5120)
HLE: W PPU[1] Thread (CPUThread)[0x0102a01c]cellGcmSys warning: cellGcmGetTiledPitchSize(size=5120)
HLE: W PPU[1] Thread (CPUThread)[0x0102a01c]cellGcmSys warning: cellGcmGetTiledPitchSize(size=5120)
HLE: W PPU[1] Thread (CPUThread)[0x0102a01c]cellGcmSys warning: cellGcmGetTiledPitchSize(size=5120)
HLE: W PPU[1] Thread (CPUThread)[0x0102a01c]cellGcmSys warning: cellGcmGetTiledPitchSize(size=5120)
HLE: W PPU[1] Thread (CPUThread)[0x0102a01c]cellGcmSys warning: cellGcmGetTiledPitchSize(size=5120)
HLE: W PPU[1] Thread (CPUThread)[0x0102a01c]cellGcmSys warning: cellGcmGetTiledPitchSize(size=5120)
HLE: W PPU[1] Thread (CPUThread)[0x0102a100]cellGcmSys warning: cellGcmSetTileInfo(index=3, location=0, offset=15597568, size=23592960, pitch=5120, comp=0, base=0, bank=0)
HLE: W PPU[1] Thread (CPUThread)[0x0102a058]cellGcmSys warning: cellGcmBindTile(index=3)
HLE: W PPU[1] Thread (CPUThread)[0x0102a01c]cellGcmSys warning: cellGcmGetTiledPitchSize(size=5120)
HLE: W PPU[1] Thread (CPUThread)[0x0102a0ac]cellGcmSys warning: cellGcmBindZcull(index=2)
HLE: W PPU[1] Thread (CPUThread)[0x0102a01c]cellGcmSys warning: cellGcmGetTiledPitchSize(size=5120)
HLE: W PPU[1] Thread (CPUThread)[0x0102a100]cellGcmSys warning: cellGcmSetTileInfo(index=4, location=0, offset=39190528, size=3932160, pitch=5120, comp=10, base=58, bank=3)
HLE: E PPU[1] Thread (CPUThread)[0x0102a100]cellGcmSys error: cellGcmSetTileInfo: bad compression mode! (10)
HLE: W PPU[1] Thread (CPUThread)[0x0102a058]cellGcmSys warning: cellGcmBindTile(index=4)
HLE: W PPU[1] Thread (CPUThread)[0x0102a01c]cellGcmSys warning: cellGcmGetTiledPitchSize(size=4096)
HLE: W PPU[1] Thread (CPUThread)[0x0102a0ac]cellGcmSys warning: cellGcmBindZcull(index=3)
HLE: W PPU[1] Thread (CPUThread)[0x0102a01c]cellGcmSys warning: cellGcmGetTiledPitchSize(size=4096)
HLE: W PPU[1] Thread (CPUThread)[0x0102a100]cellGcmSys warning: cellGcmSetTileInfo(index=5, location=0, offset=43122688, size=4194304, pitch=4096, comp=10, base=118, bank=3)
HLE: E PPU[1] Thread (CPUThread)[0x0102a100]cellGcmSys error: cellGcmSetTileInfo: bad compression mode! (10)
HLE: W PPU[1] Thread (CPUThread)[0x0102a058]cellGcmSys warning: cellGcmBindTile(index=5)
HLE: W PPU[1] Thread (CPUThread)[0x0102a01c]cellGcmSys warning: cellGcmGetTiledPitchSize(size=4096)
HLE: W PPU[1] Thread (CPUThread)[0x0102a01c]cellGcmSys warning: cellGcmGetTiledPitchSize(size=4096)
HLE: W PPU[1] Thread (CPUThread)[0x0102a100]cellGcmSys warning: cellGcmSetTileInfo(index=6, location=0, offset=47316992, size=4194304, pitch=4096, comp=0, base=0, bank=0)
HLE: W PPU[1] Thread (CPUThread)[0x0102a058]cellGcmSys warning: cellGcmBindTile(index=6)
HLE: W PPU[1] Thread (CPUThread)[0x0102a01c]cellGcmSys warning: cellGcmGetTiledPitchSize(size=2560)
HLE: W PPU[1] Thread (CPUThread)[0x0102a01c]cellGcmSys warning: cellGcmGetTiledPitchSize(size=2560)
HLE: W PPU[1] Thread (CPUThread)[0x0102a01c]cellGcmSys warning: cellGcmGetTiledPitchSize(size=2560)
HLE: W PPU[1] Thread (CPUThread)[0x0102a01c]cellGcmSys warning: cellGcmGetTiledPitchSize(size=2560)
HLE: W PPU[1] Thread (CPUThread)[0x0102a01c]cellGcmSys warning: cellGcmGetTiledPitchSize(size=2560)
HLE: W PPU[1] Thread (CPUThread)[0x0102a01c]cellGcmSys warning: cellGcmGetTiledPitchSize(size=2560)
HLE: W PPU[1] Thread (CPUThread)[0x0102a01c]cellGcmSys warning: cellGcmGetTiledPitchSize(size=2560)
HLE: W PPU[1] Thread (CPUThread)[0x0102a01c]cellGcmSys warning: cellGcmGetTiledPitchSize(size=2560)
HLE: W PPU[1] Thread (CPUThread)[0x0102a01c]cellGcmSys warning: cellGcmGetTiledPitchSize(size=2560)
HLE: W PPU[1] Thread (CPUThread)[0x0102a100]cellGcmSys warning: cellGcmSetTileInfo(index=7, location=0, offset=51511296, size=7864320, pitch=2560, comp=0, base=0, bank=0)
HLE: W PPU[1] Thread (CPUThread)[0x0102a058]cellGcmSys warning: cellGcmBindTile(index=7)
HLE: W PPU[1] Thread (CPUThread)[0x0102a01c]cellGcmSys warning: cellGcmGetTiledPitchSize(size=1280)
HLE: W PPU[1] Thread (CPUThread)[0x0102a01c]cellGcmSys warning: cellGcmGetTiledPitchSize(size=1280)
HLE: W PPU[1] Thread (CPUThread)[0x0102a01c]cellGcmSys warning: cellGcmGetTiledPitchSize(size=1280)
HLE: W PPU[1] Thread (CPUThread)[0x0102a01c]cellGcmSys warning: cellGcmGetTiledPitchSize(size=1280)
HLE: W PPU[1] Thread (CPUThread)[0x0102a01c]cellGcmSys warning: cellGcmGetTiledPitchSize(size=1280)
HLE: W PPU[1] Thread (CPUThread)[0x0102a01c]cellGcmSys warning: cellGcmGetTiledPitchSize(size=1280)
HLE: W PPU[1] Thread (CPUThread)[0x0102a01c]cellGcmSys warning: cellGcmGetTiledPitchSize(size=1280)
HLE: W PPU[1] Thread (CPUThread)[0x0102a01c]cellGcmSys warning: cellGcmGetTiledPitchSize(size=1280)
HLE: W PPU[1] Thread (CPUThread)[0x0102a01c]cellGcmSys warning: cellGcmGetTiledPitchSize(size=1280)
HLE: W PPU[1] Thread (CPUThread)[0x0102a01c]cellGcmSys warning: cellGcmGetTiledPitchSize(size=1280)
HLE: W PPU[1] Thread (CPUThread)[0x0102a01c]cellGcmSys warning: cellGcmGetTiledPitchSize(size=1280)
HLE: W PPU[1] Thread (CPUThread)[0x0102a01c]cellGcmSys warning: cellGcmGetTiledPitchSize(size=1280)
HLE: W PPU[1] Thread (CPUThread)[0x0102a01c]cellGcmSys warning: cellGcmGetTiledPitchSize(size=1280)
HLE: W PPU[1] Thread (CPUThread)[0x0102a100]cellGcmSys warning: cellGcmSetTileInfo(index=8, location=0, offset=59375616, size=3932160, pitch=1280, comp=0, base=0, bank=0)
HLE: W PPU[1] Thread (CPUThread)[0x0102a058]cellGcmSys warning: cellGcmBindTile(index=8)
HLE: W PPU[1] Thread (CPUThread)[0x0102a01c]cellGcmSys warning: cellGcmGetTiledPitchSize(size=1280)
HLE: W PPU[1] Thread (CPUThread)[0x0102a0ac]cellGcmSys warning: cellGcmBindZcull(index=6)
HLE: W PPU[1] Thread (CPUThread)[0x0102a01c]cellGcmSys warning: cellGcmGetTiledPitchSize(size=1280)
HLE: W PPU[1] Thread (CPUThread)[0x0102a100]cellGcmSys warning: cellGcmSetTileInfo(index=9, location=0, offset=63307776, size=327680, pitch=1280, comp=10, base=182, bank=3)
HLE: E PPU[1] Thread (CPUThread)[0x0102a100]cellGcmSys error: cellGcmSetTileInfo: bad compression mode! (10)
HLE: W PPU[1] Thread (CPUThread)[0x0102a058]cellGcmSys warning: cellGcmBindTile(index=9)
HLE: W PPU[1] Thread (CPUThread)[0x0102a01c]cellGcmSys warning: cellGcmGetTiledPitchSize(size=2560)
HLE: W PPU[1] Thread (CPUThread)[0x0102a01c]cellGcmSys warning: cellGcmGetTiledPitchSize(size=2560)
HLE: W PPU[1] Thread (CPUThread)[0x0102a100]cellGcmSys warning: cellGcmSetTileInfo(index=10, location=0, offset=63635456, size=983040, pitch=2560, comp=10, base=187, bank=3)
HLE: E PPU[1] Thread (CPUThread)[0x0102a100]cellGcmSys error: cellGcmSetTileInfo: bad compression mode! (10)
HLE: W PPU[1] Thread (CPUThread)[0x0102a058]cellGcmSys warning: cellGcmBindTile(index=10)
HLE: W PPU[1] Thread (CPUThread)[0x0102a01c]cellGcmSys warning: cellGcmGetTiledPitchSize(size=1024)
HLE: W PPU[1] Thread (CPUThread)[0x0102a01c]cellGcmSys warning: cellGcmGetTiledPitchSize(size=1024)
HLE: W PPU[1] Thread (CPUThread)[0x0102a01c]cellGcmSys warning: cellGcmGetTiledPitchSize(size=1024)
HLE: W PPU[1] Thread (CPUThread)[0x0102a01c]cellGcmSys warning: cellGcmGetTiledPitchSize(size=1024)
HLE: W PPU[1] Thread (CPUThread)[0x0102a100]cellGcmSys warning: cellGcmSetTileInfo(index=11, location=0, offset=64618496, size=458752, pitch=1024, comp=0, base=0, bank=0)
HLE: W PPU[1] Thread (CPUThread)[0x0102a058]cellGcmSys warning: cellGcmBindTile(index=11)
HLE: W PPU[1] Thread (CPUThread)[0x0102a01c]cellGcmSys warning: cellGcmGetTiledPitchSize(size=1024)
HLE: W PPU[1] Thread (CPUThread)[0x0102a01c]cellGcmSys warning: cellGcmGetTiledPitchSize(size=1024)
HLE: W PPU[1] Thread (CPUThread)[0x0102a01c]cellGcmSys warning: cellGcmGetTiledPitchSize(size=1024)
HLE: W PPU[1] Thread (CPUThread)[0x0102a100]cellGcmSys warning: cellGcmSetTileInfo(index=12, location=0, offset=65077248, size=262144, pitch=1024, comp=10, base=202, bank=3)
HLE: E PPU[1] Thread (CPUThread)[0x0102a100]cellGcmSys error: cellGcmSetTileInfo: bad compression mode! (10)
HLE: W PPU[1] Thread (CPUThread)[0x0102a058]cellGcmSys warning: cellGcmBindTile(index=12)
HLE: W Audio ThreadAudio thread aborted
HLE: W PPU[119] Thread (CRI FS Data Decompression 0)[0x008b758c]sys_cond_wait(id=118) aborted
HLE: W PPU[107] Thread (CRI FS File Access 1)[0x008b758c]sys_cond_wait(id=106) aborted
HLE: W PPU[115] Thread (CRI FS File Access 3)[0x008b758c]sys_cond_wait(id=114) aborted
HLE: W PPU[99] Thread (CRI FS File Access 0)[0x008b758c]sys_cond_wait(id=98) aborted
HLE: W PPU[103] Thread (CRI FS Memory File System)[0x008b758c]sys_cond_wait(id=102) aborted
HLE: W PPU[111] Thread (CRI FS File Access 2)[0x008b758c]sys_cond_wait(id=110) aborted
RSX: W RSXThreadRSX thread aborted
HLE: W PPU[68] Thread (Em File Thread)[0x01dd8034]sys_lwcond_wait(id=52) aborted
RSX: W VBlank threadVBlank thread aborted
HLE: ! All threads stopped...
MEM: ! Closing memory...
