HLE: ! path: /dev_hdd0/game/
LDR: ! Loading 'D:\Emulateurs\Rpcs3\dev_hdd0\game\BLES00826-[Nier]/PS3_GAME/USRDIR/BOOT.BIN'...
LDR: !  
LDR: ! Mount info:
LDR: ! /dev_hdd0/ -> ./dev_hdd0/
LDR: ! /dev_hdd1/ -> ./dev_hdd1/
LDR: ! /dev_flash/ -> ./dev_flash/
LDR: ! /dev_usb000/ -> ./dev_usb000/
LDR: ! /dev_usb/ -> ./dev_usb000/
LDR: ! /app_home/ -> D:\Emulateurs\Rpcs3\dev_hdd0\game\BLES00826-[Nier]/PS3_GAME/
LDR: ! /dev_bdvd/ -> D:\Emulateurs\Rpcs3\dev_hdd0\game\BLES00826-[Nier]/PS3_GAME//../
LDR: ! /host_root/ -> 
LDR: ! /app_home/PS3_GAME/USRDIR/ -> D:\Emulateurs\Rpcs3\dev_hdd0\game\BLES00826-[Nier]/PS3_GAME//USRDIR/
LDR: ! /dev_flash2/ -> ./dev_flash2/
LDR: ! /app_home/Game/PS3_GAME/USRDIR/ -> D:\Emulateurs\Rpcs3\dev_hdd0\game\BLES00826-[Nier]/PS3_GAME//USRDIR/
LDR: ! //dev_hdd0/ -> ./dev_hdd0/
LDR: ! / -> D:\Emulateurs\Rpcs3\dev_hdd0\game\BLES00826-[Nier]/PS3_GAME//USRDIR/
LDR: !  
MEM: ! Initing memory: m_base_addr = 0x1e3cd60000
MEM: ! Memory initialized.
LDR: ! Function 'cellSurMixerGetAANHandle' hooked (addr=0x89df20)
LDR: ! Function 'cellSurMixerSetNotifyCallback' hooked (addr=0x89df58)
LDR: ! Function 'cellSurMixerRemoveNotifyCallback' hooked (addr=0x89dfec)
LDR: ! Function 'cellSurMixerSurBusAddData' hooked (addr=0x89e07c)
LDR: ! Function 'cellSurMixerGetCurrentBlockTag' hooked (addr=0x89e12c)
LDR: ! Function 'cellSurMixerChStripGetAANPortNo' hooked (addr=0x89e988)
LDR: ! Function 'cellSurMixerBeep' hooked (addr=0x89e9c4)
LDR: ! Function 'cellSurMixerChStripSetParameter' hooked (addr=0x89eda0)
LDR: ! Function 'cellSurMixerPause' hooked (addr=0x89f054)
LDR: ! Function 'cellSurMixerGetTimestamp' hooked (addr=0x8a066c)
LDR: ! Function 'cellSurMixerSetParameter' hooked (addr=0x8a06d4)
LDR: ! Function 'cellSurMixerStart' hooked (addr=0x8a07a4)
LDR: ! Function 'cellSurMixerFinalize' hooked (addr=0x8a0aac)
LDR: ! Function 'cellSurMixerCreate' hooked (addr=0x8a1370)
LDR: S Function group [surmixer] successfully hooked
LDR: ! Imported function 'cellAudioInit' in 'cellAudio' module
LDR: ! Imported function 'cellAudioQuit' in 'cellAudio' module
LDR: ! Imported function 'cellAudioSetNotifyEventQueue' in 'cellAudio' module
LDR: ! Imported function 'cellAudioGetPortTimestamp' in 'cellAudio' module
LDR: ! Imported function 'cellAudioPortClose' in 'cellAudio' module
LDR: ! Imported function 'cellAudioPortStop' in 'cellAudio' module
LDR: ! Imported function 'cellAudioGetPortConfig' in 'cellAudio' module
LDR: ! Imported function 'cellAudioPortStart' in 'cellAudio' module
LDR: ! Imported function 'cellAudioPortOpen' in 'cellAudio' module
LDR: ! Imported function 'cellAudioGetPortBlockTag' in 'cellAudio' module
LDR: ! Imported function 'cellAudioRemoveNotifyEventQueue' in 'cellAudio' module
LDR: ! Imported function 'cellFsFtruncate' in 'sys_fs' module
LDR: ! Imported function 'cellFsClose' in 'sys_fs' module
LDR: ! Imported function 'cellFsOpendir' in 'sys_fs' module
LDR: ! Imported function 'cellFsRead' in 'sys_fs' module
LDR: ! Imported function 'cellFsReaddir' in 'sys_fs' module
LDR: ! Imported function 'cellFsOpen' in 'sys_fs' module
LDR: ! Imported function 'cellFsStat' in 'sys_fs' module
LDR: ! Imported function 'cellFsUnlink' in 'sys_fs' module
LDR: W Unimplemented function 'cellFsFsync' in 'sys_fs' module
LDR: ! Imported function 'cellFsLseek' in 'sys_fs' module
LDR: ! Imported function 'cellFsSdataOpen' in 'sys_fs' module
LDR: ! Imported function 'cellFsMkdir' in 'sys_fs' module
LDR: ! Imported function 'cellFsWrite' in 'sys_fs' module
LDR: ! Imported function 'cellFsFstat' in 'sys_fs' module
LDR: ! Imported function 'cellFsRename' in 'sys_fs' module
LDR: ! Imported function 'cellFsClosedir' in 'sys_fs' module
LDR: ! Imported function 'cellGcmGetTiledPitchSize' in 'cellGcmSys' module
LDR: ! Imported function '_cellGcmInitBody' in 'cellGcmSys' module
LDR: ! Imported function 'cellGcmAddressToOffset' in 'cellGcmSys' module
LDR: ! Imported function '_cellGcmFunc15' in 'cellGcmSys' module
LDR: ! Imported function 'cellGcmSetFlipMode' in 'cellGcmSys' module
LDR: ! Imported function 'cellGcmGetDefaultCommandWordSize' in 'cellGcmSys' module
LDR: ! Imported function 'cellGcmGetFlipStatus' in 'cellGcmSys' module
LDR: ! Imported function 'cellGcmGetDefaultSegmentWordSize' in 'cellGcmSys' module
LDR: ! Imported function 'cellGcmSetDefaultFifoSize' in 'cellGcmSys' module
LDR: ! Imported function 'cellGcmMapMainMemory' in 'cellGcmSys' module
LDR: ! Imported function 'cellGcmGetControlRegister' in 'cellGcmSys' module
LDR: ! Imported function 'cellGcmSetTileInfo' in 'cellGcmSys' module
LDR: ! Imported function 'cellGcmGetConfiguration' in 'cellGcmSys' module
LDR: ! Imported function 'cellGcmGetLabelAddress' in 'cellGcmSys' module
LDR: ! Imported function 'cellGcmBindTile' in 'cellGcmSys' module
LDR: ! Imported function 'cellGcmBindZcull' in 'cellGcmSys' module
LDR: ! Imported function 'cellGcmUnbindZcull' in 'cellGcmSys' module
LDR: ! Imported function 'cellGcmUnbindTile' in 'cellGcmSys' module
LDR: ! Imported function 'cellGcmUnmapEaIoAddress' in 'cellGcmSys' module
LDR: ! Imported function 'cellPadInit' in 'sys_io' module
LDR: ! Imported function 'cellPadEnd' in 'sys_io' module
LDR: ! Imported function 'cellPadSetPortSetting' in 'sys_io' module
LDR: ! Imported function 'cellPadGetData' in 'sys_io' module
LDR: ! Imported function 'cellPadGetInfo2' in 'sys_io' module
LDR: ! Imported function 'cellPadSetActDirect' in 'sys_io' module
LDR: ! Imported function 'sys_lwmutex_lock' in 'sysPrxForUser' module
LDR: ! Imported function 'sys_lwmutex_unlock' in 'sysPrxForUser' module
LDR: ! Imported function 'sys_ppu_thread_create' in 'sysPrxForUser' module
LDR: ! Imported function '_sys_process_atexitspawn' in 'sysPrxForUser' module
LDR: ! Imported function 'sys_lwmutex_create' in 'sysPrxForUser' module
LDR: ! Imported function 'sys_ppu_thread_get_id' in 'sysPrxForUser' module
LDR: ! Imported function 'sys_prx_register_library' in 'sysPrxForUser' module
LDR: ! Imported function 'sys_initialize_tls' in 'sysPrxForUser' module
LDR: ! Imported function 'sys_time_get_system_time' in 'sysPrxForUser' module
LDR: ! Imported function '_sys_process_at_Exitspawn' in 'sysPrxForUser' module
LDR: ! Imported function 'sys_prx_exitspawn_with_level' in 'sysPrxForUser' module
LDR: ! Imported function 'sys_ppu_thread_exit' in 'sysPrxForUser' module
LDR: ! Imported function 'sys_lwmutex_destroy' in 'sysPrxForUser' module
LDR: ! Imported function 'sys_spu_image_close' in 'sysPrxForUser' module
LDR: ! Imported function 'sys_process_exit' in 'sysPrxForUser' module
LDR: ! Imported function 'sys_spu_image_import' in 'sysPrxForUser' module
LDR: ! Imported function '_sys_heap_malloc' in 'sysPrxForUser' module
LDR: ! Imported function '_sys_heap_memalign' in 'sysPrxForUser' module
LDR: W Unimplemented function '_sys_heap_free' in 'sysPrxForUser' module
LDR: ! Imported function 'sys_lwmutex_trylock' in 'sysPrxForUser' module
LDR: W Unimplemented function '_sys_heap_delete_heap' in 'sysPrxForUser' module
LDR: ! Imported function '_sys_heap_create_heap' in 'sysPrxForUser' module
LDR: ! Imported function 'cellRescGcmSurface2RescSrc' in 'cellResc' module
LDR: ! Imported function 'cellRescSetWaitFlip' in 'cellResc' module
LDR: ! Imported function 'cellRescSetDsts' in 'cellResc' module
LDR: ! Imported function 'cellRescResetFlipStatus' in 'cellResc' module
LDR: ! Imported function 'cellRescSetDisplayMode' in 'cellResc' module
LDR: ! Imported function 'cellRescSetConvertAndFlip' in 'cellResc' module
LDR: ! Imported function 'cellRescInit' in 'cellResc' module
LDR: ! Imported function 'cellRescGetBufferSize' in 'cellResc' module
LDR: ! Imported function 'cellRescSetSrc' in 'cellResc' module
LDR: ! Imported function 'cellRescSetBufferAddress' in 'cellResc' module
LDR: ! Imported function 'cellRescVideoOutResolutionId2RescBufferMode' in 'cellResc' module
LDR: ! Imported function 'cellRescCreateInterlaceTable' in 'cellResc' module
LDR: ! Imported function 'cellSpursQueueDetachLv2EventQueue' in 'cellSpurs' module
LDR: ! Imported function 'cellSpursAttributeSetNamePrefix' in 'cellSpurs' module
LDR: ! Imported function '_cellSpursQueueInitialize' in 'cellSpurs' module
LDR: ! Imported function '_cellSpursTasksetAttributeInitialize' in 'cellSpurs' module
LDR: ! Imported function 'cellSpursCreateTaskWithAttribute' in 'cellSpurs' module
LDR: W Unimplemented function 'cellSpursTraceInitialize' in 'cellSpurs' module
LDR: ! Imported function 'cellSpursTasksetAttributeSetName' in 'cellSpurs' module
LDR: ! Imported function 'cellSpursQueuePopBody' in 'cellSpurs' module
LDR: ! Imported function 'cellSpursQueuePushBody' in 'cellSpurs' module
LDR: ! Imported function '_cellSpursAttributeInitialize' in 'cellSpurs' module
LDR: ! Imported function 'cellSpursJoinTaskset' in 'cellSpurs' module
LDR: ! Imported function 'cellSpursInitializeWithAttribute' in 'cellSpurs' module
LDR: ! Imported function '_cellSpursTaskAttributeInitialize' in 'cellSpurs' module
LDR: ! Imported function 'cellSpursCreateTasksetWithAttribute' in 'cellSpurs' module
LDR: ! Imported function 'cellSpursFinalize' in 'cellSpurs' module
LDR: W Unimplemented function 'cellSpursTraceStart' in 'cellSpurs' module
LDR: ! Imported function 'cellSpursQueueAttachLv2EventQueue' in 'cellSpurs' module
LDR: ! Imported function 'cellSpursEventFlagDetachLv2EventQueue' in 'cellSpurs' module
LDR: ! Imported function 'cellSpursEventFlagWait' in 'cellSpurs' module
LDR: ! Imported function '_cellSpursEventFlagInitialize' in 'cellSpurs' module
LDR: ! Imported function 'cellSpursEventFlagAttachLv2EventQueue' in 'cellSpurs' module
LDR: ! Imported function 'cellSpursShutdownTaskset' in 'cellSpurs' module
LDR: ! Imported function 'cellSpursEventFlagSet' in 'cellSpurs' module
LDR: ! Imported function 'cellSyncMutexUnlock' in 'cellSync' module
LDR: ! Imported function 'cellSyncMutexInitialize' in 'cellSync' module
LDR: ! Imported function 'cellSyncMutexTryLock' in 'cellSync' module
LDR: ! Imported function 'cellSysmoduleUnloadModule' in 'cellSysmodule' module
LDR: ! Imported function 'cellSysmoduleLoadModule' in 'cellSysmodule' module
LDR: ! Imported function 'cellSysmoduleIsLoaded' in 'cellSysmodule' module
LDR: ! Imported function 'cellGameGetParamString' in 'cellGame' module
LDR: ! Imported function 'cellGameCreateGameData' in 'cellGame' module
LDR: ! Imported function 'cellGameContentPermit' in 'cellGame' module
LDR: ! Imported function 'cellGameContentErrorDialog' in 'cellGame' module
LDR: ! Imported function 'cellGameDataCheck' in 'cellGame' module
LDR: ! Imported function 'cellGameBootCheck' in 'cellGame' module
LDR: ! Imported function 'sceNpTrophyRegisterContext' in 'sceNpTrophy' module
LDR: ! Imported function 'sceNpTrophyCreateHandle' in 'sceNpTrophy' module
LDR: ! Imported function 'sceNpTrophyGetRequiredDiskSpace' in 'sceNpTrophy' module
LDR: ! Imported function 'sceNpTrophyDestroyContext' in 'sceNpTrophy' module
LDR: ! Imported function 'sceNpTrophyInit' in 'sceNpTrophy' module
LDR: ! Imported function 'sceNpTrophyDestroyHandle' in 'sceNpTrophy' module
LDR: ! Imported function 'sceNpTrophyUnlockTrophy' in 'sceNpTrophy' module
LDR: ! Imported function 'sceNpTrophyTerm' in 'sceNpTrophy' module
LDR: ! Imported function 'sceNpTrophyCreateContext' in 'sceNpTrophy' module
LDR: ! Imported function 'cellSysutilUnregisterCallback' in 'cellSysutil' module
LDR: ! Imported function 'cellVideoOutConfigure' in 'cellSysutil' module
LDR: ! Imported function 'cellSysutilCheckCallback' in 'cellSysutil' module
LDR: ! Imported function 'cellSaveDataListLoad2' in 'cellSysutil' module
LDR: ! Imported function 'cellSysutilEnableBgmPlayback' in 'cellSysutil' module
LDR: ! Imported function 'cellSaveDataListSave2' in 'cellSysutil' module
LDR: W Unimplemented function 'cellOskDialogUnloadAsync' in 'cellSysutil' module
LDR: ! Imported function 'cellSysutilGetSystemParamInt' in 'cellSysutil' module
LDR: ! Imported function 'cellAudioOutConfigure' in 'cellSysutil' module
LDR: ! Imported function 'cellVideoOutGetNumberOfDevice' in 'cellSysutil' module
LDR: W Unimplemented function 'cellOskDialogLoadAsync' in 'cellSysutil' module
LDR: ! Imported function 'cellVideoOutGetState' in 'cellSysutil' module
LDR: ! Imported function 'cellSaveDataAutoSave2' in 'cellSysutil' module
LDR: ! Imported function 'cellSysutilRegisterCallback' in 'cellSysutil' module
LDR: ! Imported function 'cellSysutilEnableBgmPlaybackEx' in 'cellSysutil' module
LDR: W Unimplemented function 'cellOskDialogSetKeyLayoutOption' in 'cellSysutil' module
LDR: ! Imported function 'cellAudioOutGetSoundAvailability' in 'cellSysutil' module
LDR: W Unimplemented function 'cellSaveDataFixedDelete' in 'cellSysutil' module
LDR: ! Imported function 'cellSysutilDisableBgmPlayback' in 'cellSysutil' module
LDR: ! Imported function 'cellVideoOutGetResolution' in 'cellSysutil' module
LDR: ! Imported function 'cellAudioOutGetConfiguration' in 'cellSysutil' module
LDR: W Unimplemented function 'cellOskDialogSetLayoutMode' in 'cellSysutil' module
LDR: ! Imported function 'cellAudioOutGetState' in 'cellSysutil' module
LDR: ! Imported function 'cellSaveDataAutoLoad2' in 'cellSysutil' module
LDR: ! Imported function 'cellRtcGetCurrentClockLocalTime' in 'cellRtc' module
LDR: ! Imported function 'sceNpTerm' in 'sceNp' module
LDR: ! Imported function 'sceNpManagerUnregisterCallback' in 'sceNp' module
LDR: ! Imported function 'sceNpLookupDestroyTitleCtx' in 'sceNp' module
LDR: ! Imported function 'sceNpBasicSetPresenceDetails2' in 'sceNp' module
LDR: ! Imported function 'sceNpLookupInit' in 'sceNp' module
LDR: ! Imported function 'sceNpManagerGetContentRatingFlag' in 'sceNp' module
LDR: ! Imported function 'sceNpLookupTerm' in 'sceNp' module
LDR: ! Imported function 'sceNpManagerGetStatus' in 'sceNp' module
LDR: ! Imported function 'sceNpBasicUnregisterHandler' in 'sceNp' module
LDR: ! Imported function 'sceNpDrmIsAvailable' in 'sceNp' module
LDR: ! Imported function 'sceNpBasicRegisterHandler' in 'sceNp' module
LDR: ! Imported function 'sceNpInit' in 'sceNp' module
LDR: ! Imported function 'sceNpLookupTitleSmallStorage' in 'sceNp' module
LDR: ! Imported function 'sceNpLookupCreateTitleCtx' in 'sceNp' module
LDR: ! Imported function 'sceNpBasicGetEvent' in 'sceNp' module
LDR: ! Imported function 'sceNpManagerRegisterCallback' in 'sceNp' module
LDR: ! Imported function 'sceNpLookupCreateTransactionCtx' in 'sceNp' module
LDR: ! Imported function 'sceNpLookupDestroyTransactionCtx' in 'sceNp' module
LDR: ! Imported function 'sceNpManagerGetNpId' in 'sceNp' module
LDR: W Unknown module 'cellSysutilMisc'
LDR: ! Imported function 'cellSysutilGetLicenseArea' in 'cellSysutilMisc' module
LDR: W Unknown module 'sceNpCommerce2'
LDR: ! Imported function 'sceNpCommerce2Init' in 'sceNpCommerce2' module
LDR: ! Imported function 'sceNpCommerce2Term' in 'sceNpCommerce2' module
LDR: ! Imported function 'sceNpCommerce2ExecuteStoreBrowse' in 'sceNpCommerce2' module
HLE: W {PPU[1] Thread (CPUThread)[0x04b67034]} sys_lwmutex warning: *** lwmutex created [_lc_mtx] (attribute=0x12): sq_id = 3
HLE: W {PPU[1] Thread (CPUThread)[0x008e279c]} memory warning: sys_memory_get_user_memory_size(mem_info_addr=0xd0010c04)
HLE: W {PPU[1] Thread (CPUThread)[0x04b67034]} sys_lwmutex warning: *** lwmutex created [_lc_mtx] (attribute=0x12): sq_id = 4
HLE: W {PPU[1] Thread (CPUThread)[0x04b67034]} sys_lwmutex warning: *** lwmutex created [_lc_mtx] (attribute=0x12): sq_id = 5
HLE: W {PPU[1] Thread (CPUThread)[0x04b67034]} sys_lwmutex warning: *** lwmutex created [_lc_mtx] (attribute=0x12): sq_id = 6
HLE: W {PPU[1] Thread (CPUThread)[0x04b67034]} sys_lwmutex warning: *** lwmutex created [_lc_mtx] (attribute=0x12): sq_id = 7
HLE: W {PPU[1] Thread (CPUThread)[0x04b67034]} sys_lwmutex warning: *** lwmutex created [_lc_mtx] (attribute=0x12): sq_id = 8
HLE: W {PPU[1] Thread (CPUThread)[0x04b67034]} sys_lwmutex warning: *** lwmutex created [_lc_mtx] (attribute=0x12): sq_id = 9
HLE: W {PPU[1] Thread (CPUThread)[0x04b67034]} sys_lwmutex warning: *** lwmutex created [_lc_mtx] (attribute=0x12): sq_id = 10
HLE: W {PPU[1] Thread (CPUThread)[0x04b67034]} sys_lwmutex warning: *** lwmutex created [_lc_mtx] (attribute=0x12): sq_id = 11
HLE: W {PPU[1] Thread (CPUThread)[0x04b67034]} sys_lwmutex warning: *** lwmutex created [_lc_mtx] (attribute=0x12): sq_id = 12
HLE: W {PPU[1] Thread (CPUThread)[0x04b67034]} sys_lwmutex warning: *** lwmutex created [_lgcmtx] (attribute=0x12): sq_id = 13
HLE: W {PPU[1] Thread (CPUThread)[0x04b67034]} sys_lwmutex warning: *** lwmutex created [_lgcmtx] (attribute=0x22): sq_id = 14
HLE: W {PPU[1] Thread (CPUThread)[0x04b67034]} sys_lwmutex warning: *** lwmutex created [] (attribute=0x22): sq_id = 15
HLE: W {PPU[1] Thread (CPUThread)[0x0005bd78]} sys_mutex warning: *** mutex created [] (protocol=0x2, recursive=false): id = 16
HLE: W {PPU[1] Thread (CPUThread)[0x0005bd78]} sys_mutex warning: *** mutex created [] (protocol=0x2, recursive=false): id = 17
HLE: W {PPU[1] Thread (CPUThread)[0x0005bd78]} sys_mutex warning: *** mutex created [] (protocol=0x2, recursive=false): id = 18
HLE: W {PPU[1] Thread (CPUThread)[0x003a8710]} sys_mutex warning: *** mutex created [] (protocol=0x2, recursive=false): id = 19
HLE: W {PPU[1] Thread (CPUThread)[0x0008f058]} sys_mutex warning: *** mutex created [] (protocol=0x2, recursive=false): id = 20
HLE: W {PPU[1] Thread (CPUThread)[0x008f41dc]} sys_event warning: sys_event_queue_create(equeue_id_addr=0x31566d4, attr_addr=0xd0010a80, event_queue_key=0x0, size=1)
HLE: W {PPU[1] Thread (CPUThread)[0x008f41dc]} sys_event warning: *** event_queue created [CAchiveM] (protocol=0x2, type=0x1): id = 21
HLE: W {PPU[1] Thread (CPUThread)[0x008f422c]} sys_event warning: sys_event_port_create(eport_id_addr=0x31566d8, port_type=0x1, name=0x0)
HLE: W {PPU[1] Thread (CPUThread)[0x008f422c]} sys_event warning: *** sys_event_port created: id = 22
HLE: W {PPU[1] Thread (CPUThread)[0x008f4274]} sys_event warning: sys_event_port_connect_local(eport_id=22, equeue_id=21)
HLE: W {PPU[1] Thread (CPUThread)[0x000514e8]} sys_mutex warning: *** mutex created [] (protocol=0x2, recursive=false): id = 23
HLE: W {PPU[1] Thread (CPUThread)[0x008f41dc]} sys_event warning: sys_event_queue_create(equeue_id_addr=0x31539ec, attr_addr=0xd0010910, event_queue_key=0x0, size=1)
HLE: W {PPU[1] Thread (CPUThread)[0x008f41dc]} sys_event warning: *** event_queue created [CtDevEv] (protocol=0x2, type=0x1): id = 24
HLE: W {PPU[1] Thread (CPUThread)[0x008f422c]} sys_event warning: sys_event_port_create(eport_id_addr=0x31539f0, port_type=0x1, name=0x0)
HLE: W {PPU[1] Thread (CPUThread)[0x008f422c]} sys_event warning: *** sys_event_port created: id = 25
HLE: W {PPU[1] Thread (CPUThread)[0x008f4274]} sys_event warning: sys_event_port_connect_local(eport_id=25, equeue_id=24)
HLE: W {PPU[1] Thread (CPUThread)[0x008f41dc]} sys_event warning: sys_event_queue_create(equeue_id_addr=0x2f45ba4, attr_addr=0xd0010aa0, event_queue_key=0x0, size=1)
HLE: W {PPU[1] Thread (CPUThread)[0x008f41dc]} sys_event warning: *** event_queue created [ContentM] (protocol=0x2, type=0x1): id = 26
HLE: W {PPU[1] Thread (CPUThread)[0x008f422c]} sys_event warning: sys_event_port_create(eport_id_addr=0x2f45ba8, port_type=0x1, name=0x0)
HLE: W {PPU[1] Thread (CPUThread)[0x008f422c]} sys_event warning: *** sys_event_port created: id = 27
HLE: W {PPU[1] Thread (CPUThread)[0x008f4274]} sys_event warning: sys_event_port_connect_local(eport_id=27, equeue_id=26)
HLE: W {PPU[1] Thread (CPUThread)[0x008f41dc]} sys_event warning: sys_event_queue_create(equeue_id_addr=0x12ae980, attr_addr=0xd0010a50, event_queue_key=0x0, size=1)
HLE: W {PPU[1] Thread (CPUThread)[0x008f41dc]} sys_event warning: *** event_queue created [AudioEv] (protocol=0x2, type=0x1): id = 28
HLE: W {PPU[1] Thread (CPUThread)[0x008f422c]} sys_event warning: sys_event_port_create(eport_id_addr=0x12ae984, port_type=0x1, name=0x0)
HLE: W {PPU[1] Thread (CPUThread)[0x008f422c]} sys_event warning: *** sys_event_port created: id = 29
HLE: W {PPU[1] Thread (CPUThread)[0x008f4274]} sys_event warning: sys_event_port_connect_local(eport_id=29, equeue_id=28)
HLE: W {PPU[1] Thread (CPUThread)[0x0003c5d4]} sys_mutex warning: *** mutex created [] (protocol=0x2, recursive=false): id = 30
HLE: W {PPU[1] Thread (CPUThread)[0x00016ab4]} sys_mutex warning: *** mutex created [] (protocol=0x2, recursive=false): id = 31
HLE: W {PPU[1] Thread (CPUThread)[0x008f41dc]} sys_event warning: sys_event_queue_create(equeue_id_addr=0x1220580, attr_addr=0xd0010a50, event_queue_key=0x0, size=1)
HLE: W {PPU[1] Thread (CPUThread)[0x008f41dc]} sys_event warning: *** event_queue created [noname] (protocol=0x2, type=0x1): id = 32
HLE: W {PPU[1] Thread (CPUThread)[0x008f422c]} sys_event warning: sys_event_port_create(eport_id_addr=0x1220584, port_type=0x1, name=0x0)
HLE: W {PPU[1] Thread (CPUThread)[0x008f422c]} sys_event warning: *** sys_event_port created: id = 33
HLE: W {PPU[1] Thread (CPUThread)[0x008f4274]} sys_event warning: sys_event_port_connect_local(eport_id=33, equeue_id=32)
HLE: W {PPU[1] Thread (CPUThread)[0x00016ab4]} sys_mutex warning: *** mutex created [] (protocol=0x2, recursive=false): id = 34
HLE: W {PPU[1] Thread (CPUThread)[0x008f41dc]} sys_event warning: sys_event_queue_create(equeue_id_addr=0x122a9e8, attr_addr=0xd0010a50, event_queue_key=0x0, size=1)
HLE: W {PPU[1] Thread (CPUThread)[0x008f41dc]} sys_event warning: *** event_queue created [noname] (protocol=0x2, type=0x1): id = 35
HLE: W {PPU[1] Thread (CPUThread)[0x008f422c]} sys_event warning: sys_event_port_create(eport_id_addr=0x122a9ec, port_type=0x1, name=0x0)
HLE: W {PPU[1] Thread (CPUThread)[0x008f422c]} sys_event warning: *** sys_event_port created: id = 36
HLE: W {PPU[1] Thread (CPUThread)[0x008f4274]} sys_event warning: sys_event_port_connect_local(eport_id=36, equeue_id=35)
HLE: W {PPU[1] Thread (CPUThread)[0x008f41dc]} sys_event warning: sys_event_queue_create(equeue_id_addr=0x121f4e0, attr_addr=0xd0010ab0, event_queue_key=0x0, size=1)
HLE: W {PPU[1] Thread (CPUThread)[0x008f41dc]} sys_event warning: *** event_queue created [noname] (protocol=0x2, type=0x1): id = 37
HLE: W {PPU[1] Thread (CPUThread)[0x008f422c]} sys_event warning: sys_event_port_create(eport_id_addr=0x121f4e4, port_type=0x1, name=0x0)
HLE: W {PPU[1] Thread (CPUThread)[0x008f422c]} sys_event warning: *** sys_event_port created: id = 38
HLE: W {PPU[1] Thread (CPUThread)[0x008f4274]} sys_event warning: sys_event_port_connect_local(eport_id=38, equeue_id=37)
HLE: W {PPU[1] Thread (CPUThread)[0x008f41dc]} sys_event warning: sys_event_queue_create(equeue_id_addr=0x121f4ec, attr_addr=0xd0010ab0, event_queue_key=0x0, size=1)
HLE: W {PPU[1] Thread (CPUThread)[0x008f41dc]} sys_event warning: *** event_queue created [noname] (protocol=0x2, type=0x1): id = 39
HLE: W {PPU[1] Thread (CPUThread)[0x008f422c]} sys_event warning: sys_event_port_create(eport_id_addr=0x121f4f0, port_type=0x1, name=0x0)
HLE: W {PPU[1] Thread (CPUThread)[0x008f422c]} sys_event warning: *** sys_event_port created: id = 40
HLE: W {PPU[1] Thread (CPUThread)[0x008f4274]} sys_event warning: sys_event_port_connect_local(eport_id=40, equeue_id=39)
HLE: W {PPU[1] Thread (CPUThread)[0x00710c0c]} sys_spu warning: sys_spu_initialize(max_usable_spu=6, max_raw_spu=0)
HLE: W {PPU[1] Thread (CPUThread)[0x04b6f010]} cellSysmodule warning: cellSysmoduleLoadModule(CELL_SYSMODULE_FS)
HLE: W {PPU[1] Thread (CPUThread)[0x04b6f010]} cellSysmodule warning: cellSysmoduleLoadModule(CELL_SYSMODULE_SYSUTIL_GAME)
HLE: W {PPU[1] Thread (CPUThread)[0x04b67034]} sys_lwmutex warning: *** lwmutex created [] (attribute=0x12): sq_id = 41
HLE: W {PPU[1] Thread (CPUThread)[0x04b67034]} sys_lwmutex warning: *** lwmutex created [] (attribute=0x12): sq_id = 42
HLE: W {PPU[1] Thread (CPUThread)[0x007ea8e4]} sys_mutex warning: *** mutex created [] (protocol=0x2, recursive=true): id = 43
HLE: W {PPU[1] Thread (CPUThread)[0x007ea918]} sys_cond warning: *** condition on recursive mutex(43)
HLE: W {PPU[1] Thread (CPUThread)[0x007ea918]} sys_cond warning: *** condition created [] (mutex_id=43): id = 44
PPU: ! {PPU[1] Thread (CPUThread)[0x04b6701c]} *** New PPU Thread [CriThread] (flags=0x1, entry=0x11bffc8): id = 45
HLE: W {PPU[1] Thread (CPUThread)[0x04b67034]} sys_lwmutex warning: *** lwmutex created [] (attribute=0x12): sq_id = 46
HLE: W {PPU[1] Thread (CPUThread)[0x007ea8e4]} sys_mutex warning: *** mutex created [] (protocol=0x2, recursive=true): id = 47
HLE: W {PPU[1] Thread (CPUThread)[0x007ea918]} sys_cond warning: *** condition on recursive mutex(47)
HLE: W {PPU[1] Thread (CPUThread)[0x007ea918]} sys_cond warning: *** condition created [] (mutex_id=47): id = 48
PPU: ! {PPU[1] Thread (CPUThread)[0x04b6701c]} *** New PPU Thread [CriThread] (flags=0x1, entry=0x11bffc8): id = 49
HLE: W {PPU[1] Thread (CPUThread)[0x04b67034]} sys_lwmutex warning: *** lwmutex created [] (attribute=0x12): sq_id = 50
HLE: W {PPU[1] Thread (CPUThread)[0x007ea8e4]} sys_mutex warning: *** mutex created [] (protocol=0x2, recursive=true): id = 51
HLE: W {PPU[1] Thread (CPUThread)[0x007ea918]} sys_cond warning: *** condition on recursive mutex(51)
HLE: W {PPU[1] Thread (CPUThread)[0x007ea918]} sys_cond warning: *** condition created [] (mutex_id=51): id = 52
PPU: ! {PPU[1] Thread (CPUThread)[0x04b6701c]} *** New PPU Thread [CriThread] (flags=0x1, entry=0x11bffc8): id = 53
HLE: W {PPU[1] Thread (CPUThread)[0x04b67034]} sys_lwmutex warning: *** lwmutex created [] (attribute=0x12): sq_id = 54
HLE: W {PPU[1] Thread (CPUThread)[0x007ea8e4]} sys_mutex warning: *** mutex created [] (protocol=0x2, recursive=true): id = 55
HLE: W {PPU[1] Thread (CPUThread)[0x007ea918]} sys_cond warning: *** condition on recursive mutex(55)
HLE: W {PPU[1] Thread (CPUThread)[0x007ea918]} sys_cond warning: *** condition created [] (mutex_id=55): id = 56
PPU: ! {PPU[1] Thread (CPUThread)[0x04b6701c]} *** New PPU Thread [CriThread] (flags=0x1, entry=0x11bffc8): id = 57
HLE: W {PPU[1] Thread (CPUThread)[0x04b67034]} sys_lwmutex warning: *** lwmutex created [] (attribute=0x12): sq_id = 58
HLE: W {PPU[1] Thread (CPUThread)[0x007ea8e4]} sys_mutex warning: *** mutex created [] (protocol=0x2, recursive=true): id = 59
HLE: W {PPU[1] Thread (CPUThread)[0x007ea918]} sys_cond warning: *** condition on recursive mutex(59)
HLE: W {PPU[1] Thread (CPUThread)[0x007ea918]} sys_cond warning: *** condition created [] (mutex_id=59): id = 60
PPU: ! {PPU[1] Thread (CPUThread)[0x04b6701c]} *** New PPU Thread [CriThread] (flags=0x1, entry=0x11bffc8): id = 61
HLE: W {PPU[1] Thread (CPUThread)[0x04b67034]} sys_lwmutex warning: *** lwmutex created [] (attribute=0x12): sq_id = 62
HLE: W {PPU[1] Thread (CPUThread)[0x007ea8e4]} sys_mutex warning: *** mutex created [] (protocol=0x2, recursive=true): id = 63
HLE: W {PPU[1] Thread (CPUThread)[0x007ea918]} sys_cond warning: *** condition on recursive mutex(63)
HLE: W {PPU[1] Thread (CPUThread)[0x007ea918]} sys_cond warning: *** condition created [] (mutex_id=63): id = 64
PPU: ! {PPU[1] Thread (CPUThread)[0x04b6701c]} *** New PPU Thread [CriThread] (flags=0x1, entry=0x11bffc8): id = 65
HLE: W {PPU[1] Thread (CPUThread)[0x04b67034]} sys_lwmutex warning: *** lwmutex created [] (attribute=0x12): sq_id = 66
HLE: W {PPU[1] Thread (CPUThread)[0x04b67034]} sys_lwmutex warning: *** lwmutex created [] (attribute=0x12): sq_id = 67
HLE: W {PPU[1] Thread (CPUThread)[0x04b67034]} sys_lwmutex warning: *** lwmutex created [] (attribute=0x12): sq_id = 68
HLE: W {PPU[1] Thread (CPUThread)[0x04b67034]} sys_lwmutex warning: *** lwmutex created [] (attribute=0x12): sq_id = 69
HLE: W {PPU[1] Thread (CPUThread)[0x04b67034]} sys_lwmutex warning: *** lwmutex created [] (attribute=0x12): sq_id = 70
HLE: W {PPU[1] Thread (CPUThread)[0x04b67034]} sys_lwmutex warning: *** lwmutex created [] (attribute=0x12): sq_id = 71
HLE: W {PPU[1] Thread (CPUThread)[0x04b67034]} sys_lwmutex warning: *** lwmutex created [] (attribute=0x12): sq_id = 72
HLE: W {PPU[1] Thread (CPUThread)[0x04b67034]} sys_lwmutex warning: *** lwmutex created [] (attribute=0x12): sq_id = 73
HLE: W {PPU[1] Thread (CPUThread)[0x04b67034]} sys_lwmutex warning: *** lwmutex created [] (attribute=0x12): sq_id = 74
HLE: W {PPU[1] Thread (CPUThread)[0x04b67034]} sys_lwmutex warning: *** lwmutex created [] (attribute=0x12): sq_id = 75
HLE: W {PPU[1] Thread (CPUThread)[0x007ea8e4]} sys_mutex warning: *** mutex created [] (protocol=0x2, recursive=true): id = 76
HLE: W {PPU[1] Thread (CPUThread)[0x007ea918]} sys_cond warning: *** condition on recursive mutex(76)
HLE: W {PPU[1] Thread (CPUThread)[0x007ea918]} sys_cond warning: *** condition created [] (mutex_id=76): id = 77
PPU: ! {PPU[1] Thread (CPUThread)[0x04b6701c]} *** New PPU Thread [CriThread] (flags=0x1, entry=0x11bffc8): id = 78
HLE: W {PPU[1] Thread (CPUThread)[0x04b67034]} sys_lwmutex warning: *** lwmutex created [] (attribute=0x12): sq_id = 79
HLE: W {PPU[1] Thread (CPUThread)[0x04b71040]} cellGame warning: cellGameBootCheck(type_addr=0xd0010810, attributes_addr=0xd0010814, size_addr=0xd0010818, dirName_addr=0xd0010838)
HLE: W {PPU[1] Thread (CPUThread)[0x04b71004]} cellGame warning: cellGameGetParamString(id=0, buf_addr=0xd0010858, bufsize=128)
HLE: W {PPU[1] Thread (CPUThread)[0x04b71004]} cellGame warning: cellGameGetParamString(id=100, buf_addr=0xd0010828, bufsize=16)
HLE: W {PPU[1] Thread (CPUThread)[0x04b7101c]} cellGame warning: cellGameContentPermit(contentInfoPath_addr=0xd00108d8, usrdirPath_addr=0xd0010958)
PPU: ! {PPU[1] Thread (CPUThread)[0x04b6701c]} *** New PPU Thread [CtDev] (flags=0x0, entry=0x11b89f8): id = 80
PPU: ! {PPU[1] Thread (CPUThread)[0x04b6701c]} *** New PPU Thread [FileMan] (flags=0x0, entry=0x11b89f8): id = 81
PPU: ! {PPU[1] Thread (CPUThread)[0x04b6701c]} *** New PPU Thread [CContentMan] (flags=0x0, entry=0x11b89f8): id = 82
HLE: W {PPU[1] Thread (CPUThread)[0x04b71034]} cellGame warning: cellGameDataCheck(type=0x3, dirName_addr=0x11ec038, size_addr=0xd00105f0)
HLE: W {PPU[1] Thread (CPUThread)[0x04b71034]} cellGame warning: cellGameDataCheck(): '/dev_hdd0/game/BLES00826DATA' directory not found
HLE: W {PPU[1] Thread (CPUThread)[0x04b7101c]} cellGame warning: cellGameContentPermit(contentInfoPath_addr=0xd0010680, usrdirPath_addr=0xd0010600)
HLE: W {PPU[1] Thread (CPUThread)[0x04b7101c]} cellGame warning: cellGameContentPermit(): CELL_GAME_ERROR_FAILURE (no permission given)
HLE: W {PPU[1] Thread (CPUThread)[0x010da04c]} sys_fs warning: cellFsStat(path="/dev_bdvd/PS3_GAME/USRDIR/MEDIA/STABLE.SDAT", sb_addr: 0xd00100e0)
HLE: W {PPU[53] Thread (CriThread)[0x010da07c]} sys_fs warning: cellFsSdataOpen(path="/dev_bdvd/PS3_GAME/USRDIR/MEDIA/STABLE.SDAT", flags=0x0, fd_addr=0x304000b0, arg_addr=0x0, size=0x0) -> cellFsOpen()
HLE: ! {PPU[53] Thread (CriThread)[0x010da07c]} "/dev_bdvd/PS3_GAME/USRDIR/MEDIA/STABLE.SDAT" opened: fd = 83
HLE: W {PPU[53] Thread (CriThread)[0x010da010]} sys_fs warning: cellFsClose(fd=83)
HLE: W {PPU[53] Thread (CriThread)[0x010da07c]} sys_fs warning: cellFsSdataOpen(path="/dev_bdvd/PS3_GAME/USRDIR/MEDIA/STABLE.SDAT", flags=0x0, fd_addr=0x304000b0, arg_addr=0x0, size=0x0) -> cellFsOpen()
HLE: ! {PPU[53] Thread (CriThread)[0x010da07c]} "/dev_bdvd/PS3_GAME/USRDIR/MEDIA/STABLE.SDAT" opened: fd = 84
HLE: W {PPU[53] Thread (CriThread)[0x010da010]} sys_fs warning: cellFsClose(fd=84)
HLE: W {PPU[1] Thread (CPUThread)[0x00729e04]} sys_mutex warning: *** mutex created [] (protocol=0x2, recursive=false): id = 85
HLE: W {PPU[1] Thread (CPUThread)[0x0073d0e4]} sys_mutex warning: *** mutex created [] (protocol=0x2, recursive=false): id = 86
HLE: W {PPU[1] Thread (CPUThread)[0x008f41dc]} sys_event warning: sys_event_queue_create(equeue_id_addr=0x4aa32d8, attr_addr=0xd00108a0, event_queue_key=0x0, size=1)
HLE: W {PPU[1] Thread (CPUThread)[0x008f41dc]} sys_event warning: *** event_queue created [noname] (protocol=0x2, type=0x1): id = 87
HLE: W {PPU[1] Thread (CPUThread)[0x008f422c]} sys_event warning: sys_event_port_create(eport_id_addr=0x4aa32dc, port_type=0x1, name=0x0)
HLE: W {PPU[1] Thread (CPUThread)[0x008f422c]} sys_event warning: *** sys_event_port created: id = 88
HLE: W {PPU[1] Thread (CPUThread)[0x008f4274]} sys_event warning: sys_event_port_connect_local(eport_id=88, equeue_id=87)
HLE: W {PPU[1] Thread (CPUThread)[0x008f41dc]} sys_event warning: sys_event_queue_create(equeue_id_addr=0x4aa32e4, attr_addr=0xd00108a0, event_queue_key=0x0, size=1)
HLE: W {PPU[1] Thread (CPUThread)[0x008f41dc]} sys_event warning: *** event_queue created [noname] (protocol=0x2, type=0x1): id = 89
HLE: W {PPU[1] Thread (CPUThread)[0x008f422c]} sys_event warning: sys_event_port_create(eport_id_addr=0x4aa32e8, port_type=0x1, name=0x0)
HLE: W {PPU[1] Thread (CPUThread)[0x008f422c]} sys_event warning: *** sys_event_port created: id = 90
HLE: W {PPU[1] Thread (CPUThread)[0x008f4274]} sys_event warning: sys_event_port_connect_local(eport_id=90, equeue_id=89)
HLE: W {PPU[1] Thread (CPUThread)[0x008f41dc]} sys_event warning: sys_event_queue_create(equeue_id_addr=0x4aa32f0, attr_addr=0xd00108a0, event_queue_key=0x0, size=1)
HLE: W {PPU[1] Thread (CPUThread)[0x008f41dc]} sys_event warning: *** event_queue created [noname] (protocol=0x2, type=0x1): id = 91
HLE: W {PPU[1] Thread (CPUThread)[0x008f422c]} sys_event warning: sys_event_port_create(eport_id_addr=0x4aa32f4, port_type=0x1, name=0x0)
HLE: W {PPU[1] Thread (CPUThread)[0x008f422c]} sys_event warning: *** sys_event_port created: id = 92
HLE: W {PPU[1] Thread (CPUThread)[0x008f4274]} sys_event warning: sys_event_port_connect_local(eport_id=92, equeue_id=91)
HLE: W {PPU[1] Thread (CPUThread)[0x008f41dc]} sys_event warning: sys_event_queue_create(equeue_id_addr=0x4aa32fc, attr_addr=0xd00108a0, event_queue_key=0x0, size=1)
HLE: W {PPU[1] Thread (CPUThread)[0x008f41dc]} sys_event warning: *** event_queue created [noname] (protocol=0x2, type=0x1): id = 93
HLE: W {PPU[1] Thread (CPUThread)[0x008f422c]} sys_event warning: sys_event_port_create(eport_id_addr=0x4aa3300, port_type=0x1, name=0x0)
HLE: W {PPU[1] Thread (CPUThread)[0x008f422c]} sys_event warning: *** sys_event_port created: id = 94
HLE: W {PPU[1] Thread (CPUThread)[0x008f4274]} sys_event warning: sys_event_port_connect_local(eport_id=94, equeue_id=93)
HLE: W {PPU[1] Thread (CPUThread)[0x04b6f010]} cellSysmodule warning: cellSysmoduleLoadModule(CELL_SYSMODULE_RESC)
HLE: W {PPU[1] Thread (CPUThread)[0x010dc010]} cellGcmSys warning: cellGcmInit(context_addr=0x4b0fa30,cmdSize=0x300000,ioSize=0x7400000,ioAddress=0x30600000)
HLE: W {PPU[1] Thread (CPUThread)[0x010dc010]} cellGcmSys warning: *** local memory(addr=0xc0000000, size=0xf900000)
HLE: W {PPU[1] Thread (CPUThread)[0x010dc010]} cellGcmSys warning: cellGcmInit(): 256MB io address space used
HLE: W {PPU[1] Thread (CPUThread)[0x010dc010]} cellGcmSys warning: cellGcmMapEaIoAddress(ea=0x30600000, io=0x0, size=0x7400000)
RSX: ! {RSXThread} RSX thread started
HLE: W {PPU[1] Thread (CPUThread)[0x04b75010]} cellSysutil warning: cellVideoOutConfigure(videoOut=0, config_addr=0xd0010848, option_addr=0x0, waitForEvent=0x0)
HLE: W {PPU[1] Thread (CPUThread)[0x010dc034]} cellGcmSys warning: cellGcmSetFlipMode(mode=2)
HLE: W {PPU[1] Thread (CPUThread)[0x04b750a0]} cellSysutil warning: cellSysutilRegisterCallback(slot=0, func_addr=0x11b9528, userdata=0x0)
HLE: W {PPU[1] Thread (CPUThread)[0x010dc070]} cellGcmSys warning: cellGcmMapMainMemory(ea=0x30900000,size=0x700000,offset_addr=0xd0010740)
HLE: W {PPU[1] Thread (CPUThread)[0x010dc088]} cellGcmSys warning: cellGcmSetTileInfo(index=1, location=0, offset=44367872, size=3801088, pitch=5120, comp=0, base=0, bank=0)
HLE: W {PPU[1] Thread (CPUThread)[0x010dc0ac]} cellGcmSys warning: cellGcmBindTile(index=1)
HLE: W {PPU[1] Thread (CPUThread)[0x010dc088]} cellGcmSys warning: cellGcmSetTileInfo(index=2, location=0, offset=40501248, size=3801088, pitch=5120, comp=10, base=0, bank=1)
HLE: E {PPU[1] Thread (CPUThread)[0x010dc088]} cellGcmSys error: cellGcmSetTileInfo: bad compression mode! (10)
HLE: W {PPU[1] Thread (CPUThread)[0x010dc0ac]} cellGcmSys warning: cellGcmBindTile(index=2)
HLE: W {PPU[1] Thread (CPUThread)[0x010dc0b8]} cellGcmSys warning: cellGcmBindZcull(index=0)
HLE: W {PPU[1] Thread (CPUThread)[0x04b6904c]} cellResc warning: cellRescInit(initConfig_addr=0xd0010610)
HLE: W {PPU[1] Thread (CPUThread)[0x04b69034]} cellResc warning: cellRescSetDisplayMode(displayMode=4)
HLE: W {PPU[1] Thread (CPUThread)[0x04b69034]} cellSysutil warning: cellVideoOutConfigure(videoOut=0, config_addr=0x30016000, option_addr=0x0, waitForEvent=0x0)
HLE: W {PPU[1] Thread (CPUThread)[0x04b69034]} cellGcmSys warning: cellGcmSetFlipMode(mode=2)
HLE: W {PPU[1] Thread (CPUThread)[0x04b69058]} cellResc warning: cellRescGetBufferSize(colorBuffers_addr=0xd00105d8, vertexArray_addr=0xd00105d4, fragmentShader_addr=0xd00105d0)
HLE: W {PPU[1] Thread (CPUThread)[0x010dc088]} cellGcmSys warning: cellGcmSetTileInfo(index=0, location=0, offset=32571392, size=7864320, pitch=5120, comp=0, base=497, bank=0)
HLE: W {PPU[1] Thread (CPUThread)[0x04b69070]} cellResc warning: cellRescSetBufferAddress(colorBuffers_addr=0xc1f10000, vertexArray_addr=0xc1f06780, fragmentShader_addr=0xc1f06400)
HLE: W {PPU[1] Thread (CPUThread)[0x04b69088]} cellResc warning: cellRescCreateInterlaceTable(ea_addr=0xc1f06180, depth = 1, length = 32)
HLE: E {PPU[1] Thread (CPUThread)[0x04b69088]} cellResc error: cellRescCreateInterlaceTable : CELL_RESC_ERROR_NOT_INITIALIZED
PPU: ! {PPU[1] Thread (CPUThread)[0x04b6701c]} *** New PPU Thread [cgl::Thread] (flags=0x0, entry=0x11b89f8): id = 95
HLE: W {PPU[1] Thread (CPUThread)[0x04b6f010]} cellSysmodule warning: cellSysmoduleLoadModule(CELL_SYSMODULE_FS)
HLE: W {PPU[1] Thread (CPUThread)[0x010dc088]} cellGcmSys warning: cellGcmSetTileInfo(index=3, location=0, offset=28704768, size=3801088, pitch=5120, comp=0, base=0, bank=0)
HLE: W {PPU[1] Thread (CPUThread)[0x010dc0ac]} cellGcmSys warning: cellGcmBindTile(index=3)
HLE: W {PPU[1] Thread (CPUThread)[0x010dc088]} cellGcmSys warning: cellGcmSetTileInfo(index=4, location=0, offset=24838144, size=3801088, pitch=5120, comp=0, base=0, bank=0)
HLE: W {PPU[1] Thread (CPUThread)[0x010dc0ac]} cellGcmSys warning: cellGcmBindTile(index=4)
HLE: W {PPU[1] Thread (CPUThread)[0x010dc088]} cellGcmSys warning: cellGcmSetTileInfo(index=5, location=0, offset=23265280, size=65536, pitch=512, comp=0, base=0, bank=0)
HLE: W {PPU[1] Thread (CPUThread)[0x010dc0ac]} cellGcmSys warning: cellGcmBindTile(index=5)
HLE: W {PPU[1] Thread (CPUThread)[0x010dc088]} cellGcmSys warning: cellGcmSetTileInfo(index=6, location=0, offset=19005440, size=4194304, pitch=4096, comp=0, base=0, bank=0)
HLE: W {PPU[1] Thread (CPUThread)[0x010dc0ac]} cellGcmSys warning: cellGcmBindTile(index=6)
HLE: W {PPU[1] Thread (CPUThread)[0x010dc088]} cellGcmSys warning: cellGcmSetTileInfo(index=7, location=0, offset=14745600, size=4194304, pitch=4096, comp=10, base=0, bank=1)
HLE: E {PPU[1] Thread (CPUThread)[0x010dc088]} cellGcmSys error: cellGcmSetTileInfo: bad compression mode! (10)
HLE: W {PPU[1] Thread (CPUThread)[0x010dc0ac]} cellGcmSys warning: cellGcmBindTile(index=7)
HLE: W {PPU[1] Thread (CPUThread)[0x010dc0b8]} cellGcmSys warning: cellGcmBindZcull(index=1)
HLE: W {PPU[1] Thread (CPUThread)[0x010dc088]} cellGcmSys warning: cellGcmSetTileInfo(index=8, location=0, offset=13697024, size=983040, pitch=2560, comp=0, base=0, bank=0)
HLE: W {PPU[1] Thread (CPUThread)[0x010dc0ac]} cellGcmSys warning: cellGcmBindTile(index=8)
HLE: W {PPU[1] Thread (CPUThread)[0x010dc088]} cellGcmSys warning: cellGcmSetTileInfo(index=9, location=0, offset=12648448, size=983040, pitch=2560, comp=10, base=0, bank=1)
HLE: E {PPU[1] Thread (CPUThread)[0x010dc088]} cellGcmSys error: cellGcmSetTileInfo: bad compression mode! (10)
HLE: W {PPU[1] Thread (CPUThread)[0x010dc0ac]} cellGcmSys warning: cellGcmBindTile(index=9)
HLE: W {PPU[1] Thread (CPUThread)[0x010dc0b8]} cellGcmSys warning: cellGcmBindZcull(index=2)
HLE: W {PPU[1] Thread (CPUThread)[0x00742580]} sys_mutex warning: *** mutex created [] (protocol=0x2, recursive=false): id = 96
HLE: W {PPU[1] Thread (CPUThread)[0x008f41dc]} sys_event warning: sys_event_queue_create(equeue_id_addr=0x4aa2dbc, attr_addr=0xd0010890, event_queue_key=0x0, size=1)
HLE: W {PPU[1] Thread (CPUThread)[0x008f41dc]} sys_event warning: *** event_queue created [noname] (protocol=0x2, type=0x1): id = 97
HLE: W {PPU[1] Thread (CPUThread)[0x008f422c]} sys_event warning: sys_event_port_create(eport_id_addr=0x4aa2dc0, port_type=0x1, name=0x0)
HLE: W {PPU[1] Thread (CPUThread)[0x008f422c]} sys_event warning: *** sys_event_port created: id = 98
HLE: W {PPU[1] Thread (CPUThread)[0x008f4274]} sys_event warning: sys_event_port_connect_local(eport_id=98, equeue_id=97)
HLE: W {PPU[1] Thread (CPUThread)[0x008f41dc]} sys_event warning: sys_event_queue_create(equeue_id_addr=0x4aa2dc8, attr_addr=0xd0010890, event_queue_key=0x0, size=1)
HLE: W {PPU[1] Thread (CPUThread)[0x008f41dc]} sys_event warning: *** event_queue created [noname] (protocol=0x2, type=0x1): id = 99
HLE: W {PPU[1] Thread (CPUThread)[0x008f422c]} sys_event warning: sys_event_port_create(eport_id_addr=0x4aa2dcc, port_type=0x1, name=0x0)
HLE: W {PPU[1] Thread (CPUThread)[0x008f422c]} sys_event warning: *** sys_event_port created: id = 100
HLE: W {PPU[1] Thread (CPUThread)[0x008f4274]} sys_event warning: sys_event_port_connect_local(eport_id=100, equeue_id=99)
HLE: W {PPU[1] Thread (CPUThread)[0x008f41dc]} sys_event warning: sys_event_queue_create(equeue_id_addr=0x4aa2dd4, attr_addr=0xd0010890, event_queue_key=0x0, size=1)
HLE: W {PPU[1] Thread (CPUThread)[0x008f41dc]} sys_event warning: *** event_queue created [noname] (protocol=0x2, type=0x1): id = 101
HLE: W {PPU[1] Thread (CPUThread)[0x008f422c]} sys_event warning: sys_event_port_create(eport_id_addr=0x4aa2dd8, port_type=0x1, name=0x0)
HLE: W {PPU[1] Thread (CPUThread)[0x008f422c]} sys_event warning: *** sys_event_port created: id = 102
HLE: W {PPU[1] Thread (CPUThread)[0x008f4274]} sys_event warning: sys_event_port_connect_local(eport_id=102, equeue_id=101)
PPU: ! {PPU[1] Thread (CPUThread)[0x04b6701c]} *** New PPU Thread [volume_clip] (flags=0x0, entry=0x11b89f8): id = 103
PPU: ! {PPU[1] Thread (CPUThread)[0x04b6701c]} *** New PPU Thread [cglu_render] (flags=0x0, entry=0x11b89f8): id = 104
PPU: ! {PPU[1] Thread (CPUThread)[0x04b6701c]} *** New PPU Thread [Func Thread] (flags=0x0, entry=0x11b89f8): id = 105
PPU: ! {PPU[1] Thread (CPUThread)[0x04b6701c]} *** New PPU Thread [Func Thread] (flags=0x0, entry=0x11b89f8): id = 106
HLE: W {PPU[1] Thread (CPUThread)[0x04b75058]} cellSysutil warning: cellSysutilGetSystemParamInt: CELL_SYSUTIL_SYSTEMPARAM_ID_LANG
HLE: W {PPU[1] Thread (CPUThread)[0x010de004]} sys_io warning: cellPadInit(max_connect=7)
HLE: W {PPU[1] Thread (CPUThread)[0x04b6b070]} cellSpurs warning: _cellSpursAttributeInitialize(attr_addr=0xd00107b8, nSpus=2, spuPriority=3211264, ppuPriority=1, exitIfNoWork=100)
HLE: W {PPU[1] Thread (CPUThread)[0x04b6b088]} cellSpurs warning: cellSpursInitializeWithAttribute(spurs_addr=0x1750f80, spurs_addr=0xd00107b8)
HLE: W {PPU[1] Thread (CPUThread)[0x04b67034]} sys_lwmutex warning: *** lwmutex created [] (attribute=0x12): sq_id = 107
HLE: W {PPU[1] Thread (CPUThread)[0x04b67034]} sys_lwmutex warning: *** lwmutex created [] (attribute=0x12): sq_id = 108
HLE: W {PPU[1] Thread (CPUThread)[0x007ea8e4]} sys_mutex warning: *** mutex created [] (protocol=0x2, recursive=true): id = 109
HLE: W {PPU[1] Thread (CPUThread)[0x007ea918]} sys_cond warning: *** condition on recursive mutex(109)
HLE: W {PPU[1] Thread (CPUThread)[0x007ea918]} sys_cond warning: *** condition created [] (mutex_id=109): id = 110
PPU: ! {PPU[1] Thread (CPUThread)[0x04b6701c]} *** New PPU Thread [CriSr_ProcessServer] (flags=0x1, entry=0x11bffc8): id = 111
PPU: ! {PPU[1] Thread (CPUThread)[0x04b6701c]} *** New PPU Thread [CriSr_SignalingServer] (flags=0x1, entry=0x11bffc8): id = 112
HLE: E {PPU[1] Thread (CPUThread)[0x04b6b028]} cellSpurs TODO: _cellSpursTasksetAttributeInitialize
HLE: E {PPU[1] Thread (CPUThread)[0x04b6b04c]} cellSpurs TODO: cellSpursTasksetAttributeSetName
HLE: E {PPU[1] Thread (CPUThread)[0x04b6b0a0]} cellSpurs TODO: cellSpursCreateTasksetWithAttribute
HLE: E {PPU[1] Thread (CPUThread)[0x04b6b01c]} cellSpurs TODO: _cellSpursQueueInitialize
HLE: E {PPU[1] Thread (CPUThread)[0x04b6b0c4]} cellSpurs TODO: cellSpursQueueAttachLv2EventQueue
HLE: E {PPU[1] Thread (CPUThread)[0x04b6b01c]} cellSpurs TODO: _cellSpursQueueInitialize
HLE: E {PPU[1] Thread (CPUThread)[0x04b6b0c4]} cellSpurs TODO: cellSpursQueueAttachLv2EventQueue
HLE: E {PPU[1] Thread (CPUThread)[0x04b6b094]} cellSpurs TODO: cellSpursTaskAttributeInitialize
HLE: E {PPU[1] Thread (CPUThread)[0x04b6b034]} cellSpurs TODO: cellSpursCreateTaskWithAttribute
HLE: E {PPU[1] Thread (CPUThread)[0x04b6b058]} cellSpurs TODO: cellSpursQueuePopBody
HLE: W {PPU[1] Thread (CPUThread)[0x04b67034]} sys_lwmutex warning: *** lwmutex created [] (attribute=0x12): sq_id = 113
HLE: W {PPU[1] Thread (CPUThread)[0x04b750c4]} cellSysutil warning: cellAudioOutGetSoundAvailability(audioOut=0, type=0, fs=0x4, option=0)
HLE: W {PPU[1] Thread (CPUThread)[0x04b750c4]} cellSysutil warning: cellAudioOutGetSoundAvailability(audioOut=0, type=1, fs=0x4, option=0)
HLE: W {PPU[1] Thread (CPUThread)[0x04b750c4]} cellSysutil warning: cellAudioOutGetSoundAvailability(audioOut=0, type=6, fs=0x4, option=0)
HLE: W {PPU[1] Thread (CPUThread)[0x04b750f4]} cellSysutil warning: cellAudioOutGetConfiguration(audioOut=0, config_addr=0xd0010590, option_addr=0x0)
HLE: W {PPU[1] Thread (CPUThread)[0x04b75064]} cellSysutil warning: cellAudioOutConfigure(audioOut=0, config_addr=0xd0010590, option_addr=0x0, (!)waitForEvent=0)
HLE: W {PPU[1] Thread (CPUThread)[0x04b7510c]} cellSysutil warning: cellAudioOutGetState(audioOut=0x0,deviceIndex=0x0,state_addr=0xd00105a0)
HLE: W {PPU[1] Thread (CPUThread)[0x010d8004]} cellAudio warning: cellAudioInit()
HLE: ! {Audio Thread} Audio thread started
HLE: W {PPU[1] Thread (CPUThread)[0x008a1374]} libmixer warning: cellSurMixerCreate(config_addr=0xfb75c8)
HLE: W {PPU[1] Thread (CPUThread)[0x008a1374]} libmixer warning: *** audio port opened(default)
HLE: W {PPU[1] Thread (CPUThread)[0x008a1374]} libmixer warning: *** surMixer created (ch1=0, ch2=0, ch6=0, ch8=0)
HLE: W {PPU[1] Thread (CPUThread)[0x0089df5c]} libmixer warning: cellSurMixerSetNotifyCallback(func_addr=0x114fa00, arg=0x0) (surMixerCb=0x0)
HLE: W {PPU[1] Thread (CPUThread)[0x008a07a8]} libmixer warning: cellSurMixerStart()
HLE: W {PPU[1] Thread (CPUThread)[0x04b750c4]} cellSysutil warning: cellAudioOutGetSoundAvailability(audioOut=0, type=0, fs=0x4, option=0)
HLE: W {PPU[1] Thread (CPUThread)[0x04b750c4]} cellSysutil warning: cellAudioOutGetSoundAvailability(audioOut=0, type=1, fs=0x4, option=0)
HLE: W {PPU[1] Thread (CPUThread)[0x04b750c4]} cellSysutil warning: cellAudioOutGetSoundAvailability(audioOut=0, type=6, fs=0x4, option=0)
HLE: W {PPU[1] Thread (CPUThread)[0x04b750ac]} cellSysutil warning: cellSysutilEnableBgmPlaybackEx(param_addr=0xd00106f4)
HLE: E {PPU[114] Thread (Surmixer Callback)[0x04b6b064]} cellSpurs TODO: cellSpursQueuePushBody
HLE: E {PPU[114] Thread (Surmixer Callback)[0x04b6b064]} cellSpurs TODO: cellSpursQueuePushBody
PPU: ! {PPU[1] Thread (CPUThread)[0x04b6701c]} *** New PPU Thread [CAudioLib] (flags=0x0, entry=0x11b89f8): id = 115
HLE: E {PPU[114] Thread (Surmixer Callback)[0x04b6b064]} cellSpurs TODO: cellSpursQueuePushBody
HLE: E {PPU[114] Thread (Surmixer Callback)[0x04b6b064]} cellSpurs TODO: cellSpursQueuePushBody
HLE: E {PPU[114] Thread (Surmixer Callback)[0x04b6b058]} cellSpurs TODO: cellSpursQueuePopBody
HLE: E {PPU[114] Thread (Surmixer Callback)[0x04b6b058]} cellSpurs TODO: cellSpursQueuePopBody
HLE: W {PPU[1] Thread (CPUThread)[0x010da04c]} sys_fs warning: cellFsStat(path="/dev_bdvd/PS3_GAME/USRDIR/MEDIA/FONT/FONT_MAIN.PS3.BIN", sb_addr: 0xd00102a0)
HLE: W {PPU[1] Thread (CPUThread)[0x010da04c]} sys_fs warning: cellFsStat: "/dev_bdvd/PS3_GAME/USRDIR/MEDIA/FONT/FONT_MAIN.PS3.BIN" not found.
HLE: W {PPU[1] Thread (CPUThread)[0x010da04c]} sys_fs warning: cellFsStat(path="/dev_bdvd/PS3_GAME/USRDIR/MEDIA/STABLE/FONT/FONT_MAIN.PS3.BIN", sb_addr: 0xd00102a0)
HLE: W {PPU[1] Thread (CPUThread)[0x010da04c]} sys_fs warning: cellFsStat: "/dev_bdvd/PS3_GAME/USRDIR/MEDIA/STABLE/FONT/FONT_MAIN.PS3.BIN" not found.
HLE: E {PPU[114] Thread (Surmixer Callback)[0x04b6b058]} cellSpurs TODO: cellSpursQueuePopBody
HLE: W {PPU[1] Thread (CPUThread)[0x010da04c]} sys_fs warning: cellFsStat(path="/dev_bdvd/PS3_GAME/USRDIR/MEDIA/FONT/FONT_MAIN.PS3.BIN", sb_addr: 0xd00102a0)
HLE: W {PPU[1] Thread (CPUThread)[0x010da04c]} sys_fs warning: cellFsStat: "/dev_bdvd/PS3_GAME/USRDIR/MEDIA/FONT/FONT_MAIN.PS3.BIN" not found.
HLE: W {PPU[1] Thread (CPUThread)[0x010da04c]} sys_fs warning: cellFsStat(path="/dev_bdvd/PS3_GAME/USRDIR/MEDIA/STABLE/FONT/FONT_MAIN.PS3.BIN", sb_addr: 0xd00102a0)
HLE: W {PPU[1] Thread (CPUThread)[0x010da04c]} sys_fs warning: cellFsStat: "/dev_bdvd/PS3_GAME/USRDIR/MEDIA/STABLE/FONT/FONT_MAIN.PS3.BIN" not found.
HLE: W {PPU[1] Thread (CPUThread)[0x010dc088]} cellGcmSys warning: cellGcmSetTileInfo(index=10, location=0, offset=8257536, size=3801088, pitch=5120, comp=0, base=0, bank=0)
HLE: W {PPU[1] Thread (CPUThread)[0x010dc0ac]} cellGcmSys warning: cellGcmBindTile(index=10)
HLE: W {PPU[1] Thread (CPUThread)[0x010dc088]} cellGcmSys warning: cellGcmSetTileInfo(index=11, location=0, offset=4390912, size=3801088, pitch=5120, comp=0, base=0, bank=1)
HLE: W {PPU[1] Thread (CPUThread)[0x010dc0ac]} cellGcmSys warning: cellGcmBindTile(index=11)
HLE: W {PPU[1] Thread (CPUThread)[0x010dc0b8]} cellGcmSys warning: cellGcmBindZcull(index=3)
HLE: W {PPU[1] Thread (CPUThread)[0x010dc088]} cellGcmSys warning: cellGcmSetTileInfo(index=12, location=0, offset=3342336, size=983040, pitch=2560, comp=0, base=0, bank=0)
HLE: W {PPU[1] Thread (CPUThread)[0x010dc0ac]} cellGcmSys warning: cellGcmBindTile(index=12)
HLE: W {PPU[1] Thread (CPUThread)[0x010dc088]} cellGcmSys warning: cellGcmSetTileInfo(index=13, location=0, offset=2293760, size=983040, pitch=2560, comp=10, base=0, bank=1)
HLE: E {PPU[1] Thread (CPUThread)[0x010dc088]} cellGcmSys error: cellGcmSetTileInfo: bad compression mode! (10)
HLE: W {PPU[1] Thread (CPUThread)[0x010dc0ac]} cellGcmSys warning: cellGcmBindTile(index=13)
HLE: W {PPU[1] Thread (CPUThread)[0x010dc0b8]} cellGcmSys warning: cellGcmBindZcull(index=4)
HLE: E {PPU[114] Thread (Surmixer Callback)[0x04b6b058]} cellSpurs TODO: cellSpursQueuePopBody
HLE: E {PPU[114] Thread (Surmixer Callback)[0x04b6b058]} cellSpurs TODO: cellSpursQueuePopBody
HLE: E {PPU[114] Thread (Surmixer Callback)[0x04b6b058]} cellSpurs TODO: cellSpursQueuePopBody
HLE: W {PPU[1] Thread (CPUThread)[0x010da04c]} sys_fs warning: cellFsStat(path="/dev_bdvd/PS3_GAME/USRDIR/MEDIA/TEXT/NIER_TEXT.TXD", sb_addr: 0xd000ff10)
HLE: W {PPU[1] Thread (CPUThread)[0x010da04c]} sys_fs warning: cellFsStat: "/dev_bdvd/PS3_GAME/USRDIR/MEDIA/TEXT/NIER_TEXT.TXD" not found.
HLE: W {PPU[1] Thread (CPUThread)[0x010da04c]} sys_fs warning: cellFsStat(path="/dev_bdvd/PS3_GAME/USRDIR/MEDIA/STABLE/TEXT/NIER_TEXT.TXD", sb_addr: 0xd000ff10)
HLE: W {PPU[1] Thread (CPUThread)[0x010da04c]} sys_fs warning: cellFsStat: "/dev_bdvd/PS3_GAME/USRDIR/MEDIA/STABLE/TEXT/NIER_TEXT.TXD" not found.
HLE: W {PPU[1] Thread (CPUThread)[0x010da04c]} sys_fs warning: cellFsStat(path="/dev_bdvd/PS3_GAME/USRDIR/MEDIA/TEXT/TALK_TEXT/TALKER_NAME.PS3.TND", sb_addr: 0xd000e1c0)
HLE: E {PPU[114] Thread (Surmixer Callback)[0x04b6b058]} cellSpurs TODO: cellSpursQueuePopBody
HLE: W {PPU[1] Thread (CPUThread)[0x010da04c]} sys_fs warning: cellFsStat: "/dev_bdvd/PS3_GAME/USRDIR/MEDIA/TEXT/TALK_TEXT/TALKER_NAME.PS3.TND" not found.
HLE: W {PPU[1] Thread (CPUThread)[0x010da04c]} sys_fs warning: cellFsStat(path="/dev_bdvd/PS3_GAME/USRDIR/MEDIA/STABLE/TEXT/TALK_TEXT/TALKER_NAME.PS3.TND", sb_addr: 0xd000e1c0)
HLE: W {PPU[1] Thread (CPUThread)[0x010da04c]} sys_fs warning: cellFsStat: "/dev_bdvd/PS3_GAME/USRDIR/MEDIA/STABLE/TEXT/TALK_TEXT/TALKER_NAME.PS3.TND" not found.
HLE: E {PPU[114] Thread (Surmixer Callback)[0x04b6b058]} cellSpurs TODO: cellSpursQueuePopBody
HLE: W {PPU[1] Thread (CPUThread)[0x010da04c]} sys_fs warning: cellFsStat(path="/dev_bdvd/PS3_GAME/USRDIR/MEDIA/EVENT/CAPTION/EID_2000_A0142_NIER030.FR.CAP", sb_addr: 0xd000bd30)
HLE: W {PPU[1] Thread (CPUThread)[0x010da04c]} sys_fs warning: cellFsStat: "/dev_bdvd/PS3_GAME/USRDIR/MEDIA/EVENT/CAPTION/EID_2000_A0142_NIER030.FR.CAP" not found.
HLE: W {PPU[1] Thread (CPUThread)[0x010da04c]} sys_fs warning: cellFsStat(path="/dev_bdvd/PS3_GAME/USRDIR/MEDIA/STABLE/EVENT/CAPTION/EID_2000_A0142_NIER030.FR.CAP", sb_addr: 0xd000bd30)
HLE: W {PPU[1] Thread (CPUThread)[0x010da04c]} sys_fs warning: cellFsStat: "/dev_bdvd/PS3_GAME/USRDIR/MEDIA/STABLE/EVENT/CAPTION/EID_2000_A0142_NIER030.FR.CAP" not found.
HLE: W {PPU[1] Thread (CPUThread)[0x010da04c]} sys_fs warning: cellFsStat(path="/dev_bdvd/PS3_GAME/USRDIR/MEDIA/EVENT/CAPTION/EID_2000_A0142_NIER030.FR.PS3.CAP", sb_addr: 0xd000bd30)
HLE: E {PPU[114] Thread (Surmixer Callback)[0x04b6b058]} cellSpurs TODO: cellSpursQueuePopBody
HLE: W {PPU[1] Thread (CPUThread)[0x010da04c]} sys_fs warning: cellFsStat: "/dev_bdvd/PS3_GAME/USRDIR/MEDIA/EVENT/CAPTION/EID_2000_A0142_NIER030.FR.PS3.CAP" not found.
HLE: W {PPU[1] Thread (CPUThread)[0x010da04c]} sys_fs warning: cellFsStat(path="/dev_bdvd/PS3_GAME/USRDIR/MEDIA/STABLE/EVENT/CAPTION/EID_2000_A0142_NIER030.FR.PS3.CAP", sb_addr: 0xd000bd30)
HLE: W {PPU[1] Thread (CPUThread)[0x010da04c]} sys_fs warning: cellFsStat: "/dev_bdvd/PS3_GAME/USRDIR/MEDIA/STABLE/EVENT/CAPTION/EID_2000_A0142_NIER030.FR.PS3.CAP" not found.
HLE: W {PPU[1] Thread (CPUThread)[0x010da04c]} sys_fs warning: cellFsStat(path="/dev_bdvd/PS3_GAME/USRDIR/MEDIA/EVENT/CAPTION/EID_4430_A0090_NIER030.FR.CAP", sb_addr: 0xd000bd30)
HLE: E {PPU[114] Thread (Surmixer Callback)[0x04b6b058]} cellSpurs TODO: cellSpursQueuePopBody
HLE: W {PPU[1] Thread (CPUThread)[0x010da04c]} sys_fs warning: cellFsStat: "/dev_bdvd/PS3_GAME/USRDIR/MEDIA/EVENT/CAPTION/EID_4430_A0090_NIER030.FR.CAP" not found.
HLE: W {PPU[1] Thread (CPUThread)[0x010da04c]} sys_fs warning: cellFsStat(path="/dev_bdvd/PS3_GAME/USRDIR/MEDIA/STABLE/EVENT/CAPTION/EID_4430_A0090_NIER030.FR.CAP", sb_addr: 0xd000bd30)
HLE: W {PPU[1] Thread (CPUThread)[0x010da04c]} sys_fs warning: cellFsStat: "/dev_bdvd/PS3_GAME/USRDIR/MEDIA/STABLE/EVENT/CAPTION/EID_4430_A0090_NIER030.FR.CAP" not found.
HLE: W {PPU[1] Thread (CPUThread)[0x010da04c]} sys_fs warning: cellFsStat(path="/dev_bdvd/PS3_GAME/USRDIR/MEDIA/EVENT/CAPTION/EID_4430_A0090_NIER030.FR.PS3.CAP", sb_addr: 0xd000bd30)
HLE: W {PPU[1] Thread (CPUThread)[0x010da04c]} sys_fs warning: cellFsStat: "/dev_bdvd/PS3_GAME/USRDIR/MEDIA/EVENT/CAPTION/EID_4430_A0090_NIER030.FR.PS3.CAP" not found.
HLE: W {PPU[1] Thread (CPUThread)[0x010da04c]} sys_fs warning: cellFsStat(path="/dev_bdvd/PS3_GAME/USRDIR/MEDIA/STABLE/EVENT/CAPTION/EID_4430_A0090_NIER030.FR.PS3.CAP", sb_addr: 0xd000bd30)
HLE: E {PPU[114] Thread (Surmixer Callback)[0x04b6b058]} cellSpurs TODO: cellSpursQueuePopBody
HLE: W {PPU[1] Thread (CPUThread)[0x010da04c]} sys_fs warning: cellFsStat: "/dev_bdvd/PS3_GAME/USRDIR/MEDIA/STABLE/EVENT/CAPTION/EID_4430_A0090_NIER030.FR.PS3.CAP" not found.
HLE: W {PPU[1] Thread (CPUThread)[0x010da04c]} sys_fs warning: cellFsStat(path="/dev_bdvd/PS3_GAME/USRDIR/MEDIA/EVENT/CAPTION/EID_6000_A0130_NIER030.FR.CAP", sb_addr: 0xd000bd30)
HLE: W {PPU[1] Thread (CPUThread)[0x010da04c]} sys_fs warning: cellFsStat: "/dev_bdvd/PS3_GAME/USRDIR/MEDIA/EVENT/CAPTION/EID_6000_A0130_NIER030.FR.CAP" not found.
HLE: W {PPU[1] Thread (CPUThread)[0x010da04c]} sys_fs warning: cellFsStat(path="/dev_bdvd/PS3_GAME/USRDIR/MEDIA/STABLE/EVENT/CAPTION/EID_6000_A0130_NIER030.FR.CAP", sb_addr: 0xd000bd30)
HLE: E {PPU[114] Thread (Surmixer Callback)[0x04b6b058]} cellSpurs TODO: cellSpursQueuePopBody
HLE: W {PPU[1] Thread (CPUThread)[0x010da04c]} sys_fs warning: cellFsStat: "/dev_bdvd/PS3_GAME/USRDIR/MEDIA/STABLE/EVENT/CAPTION/EID_6000_A0130_NIER030.FR.CAP" not found.
HLE: W {PPU[1] Thread (CPUThread)[0x010da04c]} sys_fs warning: cellFsStat(path="/dev_bdvd/PS3_GAME/USRDIR/MEDIA/EVENT/CAPTION/EID_6000_A0130_NIER030.FR.PS3.CAP", sb_addr: 0xd000bd30)
HLE: W {PPU[1] Thread (CPUThread)[0x010da04c]} sys_fs warning: cellFsStat: "/dev_bdvd/PS3_GAME/USRDIR/MEDIA/EVENT/CAPTION/EID_6000_A0130_NIER030.FR.PS3.CAP" not found.
HLE: W {PPU[1] Thread (CPUThread)[0x010da04c]} sys_fs warning: cellFsStat(path="/dev_bdvd/PS3_GAME/USRDIR/MEDIA/STABLE/EVENT/CAPTION/EID_6000_A0130_NIER030.FR.PS3.CAP", sb_addr: 0xd000bd30)
HLE: W {PPU[1] Thread (CPUThread)[0x010da04c]} sys_fs warning: cellFsStat: "/dev_bdvd/PS3_GAME/USRDIR/MEDIA/STABLE/EVENT/CAPTION/EID_6000_A0130_NIER030.FR.PS3.CAP" not found.
HLE: W {PPU[1] Thread (CPUThread)[0x010da04c]} sys_fs warning: cellFsStat(path="/dev_bdvd/PS3_GAME/USRDIR/MEDIA/EVENT/CAPTION/TITLE_NIER_ALL.FR.CAP", sb_addr: 0xd000bd30)
HLE: E {PPU[114] Thread (Surmixer Callback)[0x04b6b058]} cellSpurs TODO: cellSpursQueuePopBody
HLE: W {PPU[1] Thread (CPUThread)[0x010da04c]} sys_fs warning: cellFsStat: "/dev_bdvd/PS3_GAME/USRDIR/MEDIA/EVENT/CAPTION/TITLE_NIER_ALL.FR.CAP" not found.
HLE: W {PPU[1] Thread (CPUThread)[0x010da04c]} sys_fs warning: cellFsStat(path="/dev_bdvd/PS3_GAME/USRDIR/MEDIA/STABLE/EVENT/CAPTION/TITLE_NIER_ALL.FR.CAP", sb_addr: 0xd000bd30)
HLE: W {PPU[1] Thread (CPUThread)[0x010da04c]} sys_fs warning: cellFsStat: "/dev_bdvd/PS3_GAME/USRDIR/MEDIA/STABLE/EVENT/CAPTION/TITLE_NIER_ALL.FR.CAP" not found.
HLE: W {PPU[1] Thread (CPUThread)[0x010da04c]} sys_fs warning: cellFsStat(path="/dev_bdvd/PS3_GAME/USRDIR/MEDIA/EVENT/CAPTION/TITLE_NIER_ALL.FR.PS3.CAP", sb_addr: 0xd000bd30)
HLE: E {PPU[114] Thread (Surmixer Callback)[0x04b6b058]} cellSpurs TODO: cellSpursQueuePopBody
HLE: W {PPU[1] Thread (CPUThread)[0x010da04c]} sys_fs warning: cellFsStat: "/dev_bdvd/PS3_GAME/USRDIR/MEDIA/EVENT/CAPTION/TITLE_NIER_ALL.FR.PS3.CAP" not found.
HLE: W {PPU[1] Thread (CPUThread)[0x010da04c]} sys_fs warning: cellFsStat(path="/dev_bdvd/PS3_GAME/USRDIR/MEDIA/STABLE/EVENT/CAPTION/TITLE_NIER_ALL.FR.PS3.CAP", sb_addr: 0xd000bd30)
HLE: W {PPU[1] Thread (CPUThread)[0x010da04c]} sys_fs warning: cellFsStat: "/dev_bdvd/PS3_GAME/USRDIR/MEDIA/STABLE/EVENT/CAPTION/TITLE_NIER_ALL.FR.PS3.CAP" not found.
HLE: W {PPU[1] Thread (CPUThread)[0x010da04c]} sys_fs warning: cellFsStat(path="/dev_bdvd/PS3_GAME/USRDIR/MEDIA/2D/SYSTEM_FR.2DP", sb_addr: 0xd000d520)
HLE: W {PPU[1] Thread (CPUThread)[0x010da04c]} sys_fs warning: cellFsStat: "/dev_bdvd/PS3_GAME/USRDIR/MEDIA/2D/SYSTEM_FR.2DP" not found.
HLE: W {PPU[1] Thread (CPUThread)[0x010da04c]} sys_fs warning: cellFsStat(path="/dev_bdvd/PS3_GAME/USRDIR/MEDIA/STABLE/2D/SYSTEM_FR.2DP", sb_addr: 0xd000d520)
HLE: W {PPU[1] Thread (CPUThread)[0x010da04c]} sys_fs warning: cellFsStat: "/dev_bdvd/PS3_GAME/USRDIR/MEDIA/STABLE/2D/SYSTEM_FR.2DP" not found.
HLE: W {PPU[1] Thread (CPUThread)[0x010da04c]} sys_fs warning: cellFsStat(path="/dev_bdvd/PS3_GAME/USRDIR/MEDIA/2D/SYSTEM_FR.2DV", sb_addr: 0xd000d520)
HLE: W {PPU[1] Thread (CPUThread)[0x010da04c]} sys_fs warning: cellFsStat: "/dev_bdvd/PS3_GAME/USRDIR/MEDIA/2D/SYSTEM_FR.2DV" not found.
HLE: E {PPU[114] Thread (Surmixer Callback)[0x04b6b058]} cellSpurs TODO: cellSpursQueuePopBody
HLE: W {PPU[1] Thread (CPUThread)[0x010da04c]} sys_fs warning: cellFsStat(path="/dev_bdvd/PS3_GAME/USRDIR/MEDIA/STABLE/2D/SYSTEM_FR.2DV", sb_addr: 0xd000d520)
HLE: W {PPU[1] Thread (CPUThread)[0x010da04c]} sys_fs warning: cellFsStat: "/dev_bdvd/PS3_GAME/USRDIR/MEDIA/STABLE/2D/SYSTEM_FR.2DV" not found.
HLE: W {PPU[1] Thread (CPUThread)[0x010da04c]} sys_fs warning: cellFsStat(path="/dev_bdvd/PS3_GAME/USRDIR/MEDIA/2D/SYSTEM.2DP", sb_addr: 0xd000d520)
HLE: W {PPU[1] Thread (CPUThread)[0x010da04c]} sys_fs warning: cellFsStat: "/dev_bdvd/PS3_GAME/USRDIR/MEDIA/2D/SYSTEM.2DP" not found.
HLE: W {PPU[1] Thread (CPUThread)[0x010da04c]} sys_fs warning: cellFsStat(path="/dev_bdvd/PS3_GAME/USRDIR/MEDIA/STABLE/2D/SYSTEM.2DP", sb_addr: 0xd000d520)
HLE: W {PPU[1] Thread (CPUThread)[0x010da04c]} sys_fs warning: cellFsStat: "/dev_bdvd/PS3_GAME/USRDIR/MEDIA/STABLE/2D/SYSTEM.2DP" not found.
HLE: E {PPU[114] Thread (Surmixer Callback)[0x04b6b058]} cellSpurs TODO: cellSpursQueuePopBody
HLE: W {PPU[1] Thread (CPUThread)[0x010da04c]} sys_fs warning: cellFsStat(path="/dev_bdvd/PS3_GAME/USRDIR/MEDIA/2D/SYSTEM.2DV", sb_addr: 0xd000d520)
HLE: W {PPU[1] Thread (CPUThread)[0x010da04c]} sys_fs warning: cellFsStat: "/dev_bdvd/PS3_GAME/USRDIR/MEDIA/2D/SYSTEM.2DV" not found.
HLE: W {PPU[1] Thread (CPUThread)[0x010da04c]} sys_fs warning: cellFsStat(path="/dev_bdvd/PS3_GAME/USRDIR/MEDIA/STABLE/2D/SYSTEM.2DV", sb_addr: 0xd000d520)
HLE: W {PPU[1] Thread (CPUThread)[0x010da04c]} sys_fs warning: cellFsStat: "/dev_bdvd/PS3_GAME/USRDIR/MEDIA/STABLE/2D/SYSTEM.2DV" not found.
HLE: W {PPU[1] Thread (CPUThread)[0x04b750a0]} cellSysutil warning: cellSysutilRegisterCallback(slot=1, func_addr=0x11534e8, userdata=0x3308c80)
HLE: W {PPU[1] Thread (CPUThread)[0x04b6f01c]} cellSysmodule warning: cellSysmoduleIsLoaded(CELL_SYSMODULE_RTC)
HLE: W {PPU[1] Thread (CPUThread)[0x04b6f010]} cellSysmodule warning: cellSysmoduleLoadModule(CELL_SYSMODULE_RTC)
HLE: W {PPU[1] Thread (CPUThread)[0x04b6f010]} cellSysmodule warning: cellSysmoduleLoadModule(CELL_SYSMODULE_SYSUTIL_NP)
HLE: E {PPU[1] Thread (CPUThread)[0x04b790b8]} sceNp TODO: sceNpManagerRegisterCallback
HLE: E {PPU[1] Thread (CPUThread)[0x04b7907c]} sceNp TODO: sceNpBasicRegisterHandler
PPU: ! {PPU[1] Thread (CPUThread)[0x04b6701c]} *** New PPU Thread [CSaveDataLib] (flags=0x0, entry=0x11b89f8): id = 116
HLE: W {PPU[1] Thread (CPUThread)[0x04b6f010]} cellSysmodule warning: cellSysmoduleLoadModule(CELL_SYSMODULE_SYSUTIL_NP_TROPHY)
HLE: W {PPU[1] Thread (CPUThread)[0x04b73064]} sceNpTrophy warning: sceNpTrophyCreateContext(context_addr=0x3156378, commID_addr=0xfc0630, commSign_addr=0xfc063c, options=0x0)
HLE: W {PPU[116] Thread (CSaveDataLib)[0x04b75028]} cellSysutil warning: cellSaveDataListLoad2(version=0, setList_addr=0xd0150ce0, setBuf_addr=0xd0150cf0, funcList_addr=0x1151560, funcStat_addr=0x0, funcFile_addr=0x0, container=-1, userdata_addr=0x3156778)
HLE: E {PPU[114] Thread (Surmixer Callback)[0x04b6b058]} cellSpurs TODO: cellSpursQueuePopBody
HLE: W {PPU[80] Thread (CtDev)[0x04b71034]} cellGame warning: cellGameDataCheck(type=0x3, dirName_addr=0x11ec028, size_addr=0xd00908b0)
HLE: W {PPU[80] Thread (CtDev)[0x04b71034]} cellGame warning: cellGameDataCheck(): '/dev_hdd0/game/BLES00826' directory not found
HLE: W {PPU[80] Thread (CtDev)[0x04b7101c]} cellGame warning: cellGameContentPermit(contentInfoPath_addr=0xd0090998, usrdirPath_addr=0xd0090918)
HLE: W {PPU[80] Thread (CtDev)[0x04b7101c]} cellGame warning: cellGameContentPermit(): CELL_GAME_ERROR_FAILURE (no permission given)
HLE: E {PPU[114] Thread (Surmixer Callback)[0x04b6b058]} cellSpurs TODO: cellSpursQueuePopBody
HLE: E {PPU[114] Thread (Surmixer Callback)[0x04b6b058]} cellSpurs TODO: cellSpursQueuePopBody
HLE: E {PPU[114] Thread (Surmixer Callback)[0x04b6b058]} cellSpurs TODO: cellSpursQueuePopBody
HLE: E {PPU[114] Thread (Surmixer Callback)[0x04b6b058]} cellSpurs TODO: cellSpursQueuePopBody
HLE: E {PPU[114] Thread (Surmixer Callback)[0x04b6b058]} cellSpurs TODO: cellSpursQueuePopBody
HLE: E {PPU[114] Thread (Surmixer Callback)[0x04b6b058]} cellSpurs TODO: cellSpursQueuePopBody
HLE: E {PPU[114] Thread (Surmixer Callback)[0x04b6b058]} cellSpurs TODO: cellSpursQueuePopBody
HLE: E {PPU[114] Thread (Surmixer Callback)[0x04b6b058]} cellSpurs TODO: cellSpursQueuePopBody
HLE: E {PPU[114] Thread (Surmixer Callback)[0x04b6b058]} cellSpurs TODO: cellSpursQueuePopBody
HLE: E {PPU[114] Thread (Surmixer Callback)[0x04b6b058]} cellSpurs TODO: cellSpursQueuePopBody
HLE: E {PPU[114] Thread (Surmixer Callback)[0x04b6b058]} cellSpurs TODO: cellSpursQueuePopBody
G: E {PPU[2] Thread (Callback)[0x00094b8c]} Exception: Access violation: addr = 0x34
HLE: W {PPU[116] Thread (CSaveDataLib)[0x04b75028]} cellSaveDataListLoad2: No save entries found!
HLE: W {PPU[65] Thread (CriThread)[0x007ea9e0]} sys_cond_wait(id=64) aborted
PPU: W {Surmixer Thread} ExecAsCallback(wait=true) aborted
HLE: W {PPU[57] Thread (CriThread)[0x007ea9e0]} sys_cond_wait(id=56) aborted
RSX: W {VBlank thread} VBlank thread aborted
HLE: W {PPU[61] Thread (CriThread)[0x007ea9e0]} sys_cond_wait(id=60) aborted
HLE: W {PPU[111] Thread (CriSr_ProcessServer)[0x007ea9e0]} sys_cond_wait(id=110) aborted
HLE: W {PPU[78] Thread (CriThread)[0x007ea9e0]} sys_cond_wait(id=77) aborted
RSX: W {RSXThread} RSX thread aborted
HLE: W {PPU[82] Thread (CContentMan)[0x008f3cd4]} sys_event_queue_receive(equeue=26) aborted
HLE: W {PPU[49] Thread (CriThread)[0x007ea9e0]} sys_cond_wait(id=48) aborted
HLE: W {Surmixer Thread} Surmixer aborted
HLE: W {PPU[45] Thread (CriThread)[0x007ea9e0]} sys_cond_wait(id=44) aborted
HLE: W {PPU[104] Thread (cglu_render)[0x008f3cd4]} sys_event_queue_receive(equeue=87) aborted
HLE: W {Audio Thread} Audio thread aborted
HLE: W {PPU[53] Thread (CriThread)[0x007ea9e0]} sys_cond_wait(id=52) aborted
HLE: W {PPU[115] Thread (CAudioLib)[0x008f3cd4]} sys_event_queue_receive(equeue=28) aborted
HLE: W {PPU[80] Thread (CtDev)[0x008f3cd4]} sys_event_queue_receive(equeue=24) aborted
HLE: W {PPU[103] Thread (volume_clip)[0x008f3cd4]} sys_event_queue_receive(equeue=97) aborted
HLE: ! All threads stopped...
MEM: ! Closing memory...
