[!]: path: /dev_hdd0/game/
[!]: (S)ELF: booting...
[W]: SELF: No NPDRM control info found!
[!]: Loading 'E:\RPCS3\New folder\BLJM61010-[NINJA GAIDEN 3 Razors Edge]\PS3_GAME\USRDIR/BOOT.BIN'...
[!]: Mount info:
[!]: /dev_hdd0/ -> E:\RPCS3\rpcs3-52a1860-windows-x86-64/dev_hdd0/
[!]: /dev_hdd1/ -> E:\RPCS3\rpcs3-52a1860-windows-x86-64/dev_hdd1/
[!]: /dev_flash/ -> E:\RPCS3\rpcs3-52a1860-windows-x86-64/dev_flash/
[!]: /dev_usb000/ -> E:\RPCS3\rpcs3-52a1860-windows-x86-64/dev_usb000/
[!]: /dev_usb/ -> E:\RPCS3\rpcs3-52a1860-windows-x86-64/dev_usb000/
[!]: /app_home/ -> E:\RPCS3\New folder\BLJM61010-[NINJA GAIDEN 3 Razors Edge]\PS3_GAME\
[!]: /dev_bdvd/ -> E:\RPCS3\New folder\BLJM61010-[NINJA GAIDEN 3 Razors Edge]\PS3_GAME\/../
[!]: /host_root/ -> 
[!]: / -> E:\RPCS3\New folder\BLJM61010-[NINJA GAIDEN 3 Razors Edge]\PS3_GAME\
[!]: Initing memory...
[!]: Memory initialized.
[W]: Unimplemented function 'cellCameraReadEx' in 'cellCamera' module
[W]: Unimplemented function 'cellCameraStart' in 'cellCamera' module
[W]: Unimplemented function 'cellCameraGetType' in 'cellCamera' module
[W]: Unimplemented function 'cellCameraEnd' in 'cellCamera' module
[W]: Unimplemented function 'cellCameraOpenEx' in 'cellCamera' module
[W]: Unimplemented function 'cellCameraReset' in 'cellCamera' module
[W]: Unimplemented function 'cellCameraSetAttribute' in 'cellCamera' module
[W]: Unimplemented function 'cellCameraInit' in 'cellCamera' module
[W]: Unimplemented function 'cellFiberPpuContextReturnToThread' in 'cellFiber' module
[W]: Unimplemented function '_cellFiberPpuContextAttributeInitialize' in 'cellFiber' module
[W]: Unimplemented function 'cellFiberPpuContextSelf' in 'cellFiber' module
[W]: Unimplemented function 'cellFiberPpuContextInitialize' in 'cellFiber' module
[W]: Unimplemented function 'cellFiberPpuContextRun' in 'cellFiber' module
[W]: Unimplemented function 'cellFiberPpuContextFinalize' in 'cellFiber' module
[W]: Unimplemented function 'cellFiberPpuContextCheckStackLimit' in 'cellFiber' module
[W]: Unimplemented function 'cellFiberPpuContextSwitch' in 'cellFiber' module
[W]: Unimplemented function '_cellFiberPpuInitialize' in 'cellFiber' module
[W]: Unknown module 'libgem'
[W]: Unknown module 'cellHttp'
[W]: Unimplemented function 'cellSpursJobQueueAttributeSetDoBusyWaiting' in 'cellSpursJq' module
[W]: Unimplemented function 'cellSpursJobQueueAttributeSetSubmitWithEntryLock' in 'cellSpursJq' module
[W]: Unimplemented function 'cellSpursJobQueueAttributeSetMaxSizeJobDescriptor' in 'cellSpursJq' module
[W]: Unimplemented function 'cellSpursJobQueuePortFinalize' in 'cellSpursJq' module
[W]: Unimplemented function 'cellSpursJobQueuePortInitialize' in 'cellSpursJq' module
[W]: Unimplemented function 'cellSpursJobQueueAttributeInitialize' in 'cellSpursJq' module
[W]: Unimplemented function '_cellSpursJobQueuePortPushBody' in 'cellSpursJq' module
[W]: Unimplemented function 'cellSpursJobQueuePortSync' in 'cellSpursJq' module
[W]: Unimplemented function 'cellSpursJobQueueAttributeSetIsJobTypeMemoryCheck' in 'cellSpursJq' module
[W]: Unimplemented function 'cellSpursShutdownJobQueue' in 'cellSpursJq' module
[W]: Unimplemented function 'cellSpursJoinJobQueue' in 'cellSpursJq' module
[W]: Unimplemented function '_cellSpursJobQueuePortPushFlush' in 'cellSpursJq' module
[W]: Unimplemented function 'cellSpursJobQueueAttributeSetGrabParameters' in 'cellSpursJq' module
[W]: Unimplemented function '_cellSpursCreateJobQueue' in 'cellSpursJq' module
[W]: Unimplemented function 'cellSpursJobQueueAttributeSetIsHaltOnError' in 'cellSpursJq' module
[W]: Unimplemented function 'cellSpursJobQueueGetSpurs' in 'cellSpursJq' module
[W]: Unimplemented function '_cellSpursJobQueuePort2PushJobListBody' in 'cellSpursJq' module
[W]: Unimplemented function 'cellSpursJobQueuePort2PushFlush' in 'cellSpursJq' module
[W]: Unimplemented function 'cellSpursJobQueuePort2Destroy' in 'cellSpursJq' module
[W]: Unimplemented function '_cellSpursJobQueuePort2PushJobBody' in 'cellSpursJq' module
[W]: Unimplemented function 'cellSpursJobQueuePort2Create' in 'cellSpursJq' module
[W]: Unimplemented function 'cellSpursJobQueuePort2Sync' in 'cellSpursJq' module
[W]: Unimplemented function 'cellSpursJobQueuePort2PushSync' in 'cellSpursJq' module
[W]: Unimplemented function 'cellSpursTasksetAttributeSetTasksetSize' in 'cellSpurs' module
[W]: Unimplemented function 'cellSslEnd' in 'cellSsl' module
[W]: Unimplemented function 'cellSslCertificateLoader' in 'cellSsl' module
[W]: Unimplemented function 'cellSslInit' in 'cellSsl' module
[W]: Unknown module 'sceNpCommerce2'
[W]: Unimplemented function 'sceNpManagerGetContentRatingFlag' in 'sceNp' module
[W]: Unimplemented function 'sceNpManagerGetAccountRegion' in 'sceNp' module
[W]: Unimplemented function 'sceNpManagerGetChatRestrictionFlag' in 'sceNp' module
[W]: Unimplemented function 'sceNpBasicSendMessageGui' in 'sceNp' module
[W]: Unimplemented function 'sceNpBasicGetFriendListEntry' in 'sceNp' module
[W]: Unimplemented function 'sceNpScoreGetRankingByRangeAsync' in 'sceNp' module
[W]: Unimplemented function 'sceNpScoreDestroyTitleCtx' in 'sceNp' module
[W]: Unimplemented function 'sceNpScoreInit' in 'sceNp' module
[W]: Unimplemented function 'sceNpLookupAbortTransaction' in 'sceNp' module
[W]: Unimplemented function 'sceNpScoreGetRankingByNpIdAsync' in 'sceNp' module
[W]: Unimplemented function 'sceNpBasicRegisterContextSensitiveHandler' in 'sceNp' module
[W]: Unimplemented function 'sceNpManagerUnregisterCallback' in 'sceNp' module
[W]: Unimplemented function 'sceNpLookupDestroyTitleCtx' in 'sceNp' module
[W]: Unimplemented function 'sceNpLookupInit' in 'sceNp' module
[W]: Unimplemented function 'sceNpBasicRecvMessageAttachmentLoad' in 'sceNp' module
[W]: Unimplemented function 'sceNpScoreCreateTransactionCtx' in 'sceNp' module
[W]: Unimplemented function 'sceNpBasicGetBlockListEntryCount' in 'sceNp' module
[W]: Unimplemented function 'sceNpLookupPollAsync' in 'sceNp' module
[W]: Unimplemented function 'sceNpScoreCensorCommentAsync' in 'sceNp' module
[W]: Unimplemented function 'sceNpBasicRecvMessageCustom' in 'sceNp' module
[W]: Unimplemented function 'sceNpLookupTerm' in 'sceNp' module
[W]: Unimplemented function 'sceNpLookupTitleSmallStorageAsync' in 'sceNp' module
[W]: Unimplemented function 'sceNpScoreTerm' in 'sceNp' module
[W]: Unimplemented function 'sceNpScorePollAsync' in 'sceNp' module
[W]: Unimplemented function 'sceNpBasicUnregisterHandler' in 'sceNp' module
[W]: Unimplemented function 'sceNpBasicGetFriendListEntryCount' in 'sceNp' module
[W]: Unimplemented function 'sceNpScoreCreateTitleCtx' in 'sceNp' module
[W]: Unimplemented function 'sceNpBasicAddPlayersHistoryAsync' in 'sceNp' module
[W]: Unimplemented function 'sceNpManagerGetNetworkTime' in 'sceNp' module
[W]: Unimplemented function 'sceNpManagerGetOnlineId' in 'sceNp' module
[W]: Unimplemented function 'sceNpScoreDestroyTransactionCtx' in 'sceNp' module
[W]: Unimplemented function 'sceNpLookupCreateTitleCtx' in 'sceNp' module
[W]: Unimplemented function 'sceNpUtilCmpNpId' in 'sceNp' module
[W]: Unimplemented function 'sceNpScoreGetGameDataAsync' in 'sceNp' module
[W]: Unimplemented function 'sceNpScoreGetBoardInfoAsync' in 'sceNp' module
[W]: Unimplemented function 'sceNpBasicGetEvent' in 'sceNp' module
[W]: Unimplemented function 'sceNpManagerRegisterCallback' in 'sceNp' module
[W]: Unimplemented function 'sceNpLookupCreateTransactionCtx' in 'sceNp' module
[W]: Unimplemented function 'sceNpBasicGetMessageEntryCount' in 'sceNp' module
[W]: Unimplemented function 'sceNpScoreAbortTransaction' in 'sceNp' module
[W]: Unimplemented function 'sceNpScoreRecordScoreAsync' in 'sceNp' module
[W]: Unimplemented function 'sceNpBasicGetBlockListEntry' in 'sceNp' module
[W]: Unimplemented function 'sceNpManagerGetOnlineName' in 'sceNp' module
[W]: Unimplemented function 'sceNpScoreRecordGameDataAsync' in 'sceNp' module
[W]: Unimplemented function 'sceNpLookupDestroyTransactionCtx' in 'sceNp' module
[W]: Unimplemented function 'sceNpManagerGetNpId' in 'sceNp' module
[W]: Unimplemented function 'cellFsUtime' in 'sys_fs' module
[W]: Unimplemented function 'cellFsSetIoBuffer' in 'sys_fs' module
[W]: Unimplemented function 'cellFsSdataOpenByFd' in 'sys_fs' module
[W]: Unimplemented function 'cellFsFsync' in 'sys_fs' module
[W]: Unimplemented function '_cellSync2QueueAttributeInitialize' in 'cellSync2' module
[W]: Unimplemented function 'cellSync2QueueFinalize' in 'cellSync2' module
[W]: Unimplemented function 'cellSync2QueueEstimateBufferSize' in 'cellSync2' module
[W]: Unimplemented function 'cellSync2QueuePop' in 'cellSync2' module
[W]: Unimplemented function 'cellSync2QueueInitialize' in 'cellSync2' module
[W]: Unimplemented function 'getsockname' in 'sys_net' module
[W]: Unimplemented function 'socketselect' in 'sys_net' module
[W]: Unimplemented function 'getsockopt' in 'sys_net' module
[W]: Unimplemented function 'getpeername' in 'sys_net' module
[W]: Unimplemented function 'cellSailGraphicsAdapterGetFrame' in 'cellSail' module
[W]: Unimplemented function 'cellSailPlayerSetSoundAdapter' in 'cellSail' module
[W]: Unimplemented function 'cellSailDescriptorClose' in 'cellSail' module
[W]: Unimplemented function 'cellSailPlayerFinalize' in 'cellSail' module
[W]: Unimplemented function 'cellSailPlayerSetGraphicsAdapter' in 'cellSail' module
[W]: Unimplemented function 'cellSailGraphicsAdapterInitialize' in 'cellSail' module
[W]: Unimplemented function 'cellSailPlayerInitialize2' in 'cellSail' module
[W]: Unimplemented function 'cellSailGraphicsAdapterSetPreferredFormat' in 'cellSail' module
[W]: Unimplemented function 'cellSailMemAllocatorInitialize' in 'cellSail' module
[W]: Unimplemented function 'cellSailPlayerOpenStream' in 'cellSail' module
[W]: Unimplemented function 'cellSailSoundAdapterInitialize' in 'cellSail' module
[W]: Unimplemented function 'cellSailGraphicsAdapterUpdateAvSync' in 'cellSail' module
[W]: Unimplemented function 'cellSailPlayerGetDescriptorCount' in 'cellSail' module
[W]: Unimplemented function 'cellSailGraphicsAdapterFinalize' in 'cellSail' module
[W]: Unimplemented function 'cellSailPlayerAddDescriptor' in 'cellSail' module
[W]: Unimplemented function 'cellSailSoundAdapterGetFrame' in 'cellSail' module
[W]: Unimplemented function 'cellSailPlayerCloseStream' in 'cellSail' module
[W]: Unimplemented function 'cellSailPlayerCancel' in 'cellSail' module
[W]: Unimplemented function 'cellSailPlayerGetParameter' in 'cellSail' module
[W]: Unimplemented function 'cellSailPlayerBoot' in 'cellSail' module
[W]: Unimplemented function 'cellSailDescriptorOpen' in 'cellSail' module
[W]: Unimplemented function 'cellSailSoundAdapterFinalize' in 'cellSail' module
[W]: Unimplemented function 'cellSailPlayerSetPaused' in 'cellSail' module
[W]: Unimplemented function 'cellSailPlayerCreateDescriptor' in 'cellSail' module
[W]: Unimplemented function 'cellSailPlayerStart' in 'cellSail' module
[W]: Unimplemented function 'cellSailPlayerStop' in 'cellSail' module
[W]: Unimplemented function 'cellSailSoundAdapterUpdateAvSync' in 'cellSail' module
[W]: Unimplemented function 'cellSailSoundAdapterGetFormat' in 'cellSail' module
[W]: Unimplemented function 'cellSailPlayerSetRepeatMode' in 'cellSail' module
[W]: Unimplemented function 'cellSailPlayerDestroyDescriptor' in 'cellSail' module
[W]: Unimplemented function 'cellSailGraphicsAdapterGetFormat' in 'cellSail' module
[W]: Unknown module 'cellSysutilAvconfExt'
[W]: Unimplemented function 'sceNpMatching2DestroyContext' in 'sceNp2' module
[W]: Unimplemented function 'sceNpMatching2GetWorldInfoList' in 'sceNp2' module
[W]: Unimplemented function 'sceNpMatching2SearchRoom' in 'sceNp2' module
[W]: Unimplemented function 'sceNpMatching2LeaveRoom' in 'sceNp2' module
[W]: Unimplemented function 'sceNpMatching2SetRoomDataExternal' in 'sceNp2' module
[W]: Unimplemented function 'sceNpMatching2Term2' in 'sceNp2' module
[W]: Unimplemented function 'sceNpMatching2SignalingGetConnectionInfo' in 'sceNp2' module
[W]: Unimplemented function 'sceNpMatching2SendRoomMessage' in 'sceNp2' module
[W]: Unimplemented function 'sceNpMatching2GetServerInfo' in 'sceNp2' module
[W]: Unimplemented function 'sceNpMatching2GetEventData' in 'sceNp2' module
[W]: Unimplemented function 'sceNp2Init' in 'sceNp2' module
[W]: Unimplemented function 'sceNpMatching2AbortContextStart' in 'sceNp2' module
[W]: Unimplemented function 'sceNpMatching2GetRoomMemberIdListLocal' in 'sceNp2' module
[W]: Unimplemented function 'sceNpMatching2JoinRoom' in 'sceNp2' module
[W]: Unimplemented function 'sceNpMatching2KickoutRoomMember' in 'sceNp2' module
[W]: Unimplemented function 'sceNpMatching2ContextStartAsync' in 'sceNp2' module
[W]: Unimplemented function 'sceNpMatching2RegisterContextCallback' in 'sceNp2' module
[W]: Unimplemented function 'sceNpMatching2SendRoomChatMessage' in 'sceNp2' module
[W]: Unimplemented function 'sceNpMatching2SetRoomDataInternal' in 'sceNp2' module
[W]: Unimplemented function 'sceNpMatching2SignalingGetPingInfo' in 'sceNp2' module
[W]: Unimplemented function 'sceNpMatching2GetServerIdListLocal' in 'sceNp2' module
[W]: Unimplemented function 'sceNpMatching2GrantRoomOwner' in 'sceNp2' module
[W]: Unimplemented function 'sceNpMatching2CreateContext' in 'sceNp2' module
[W]: Unimplemented function 'sceNpMatching2RegisterSignalingCallback' in 'sceNp2' module
[W]: Unimplemented function 'sceNpMatching2ClearEventData' in 'sceNp2' module
[W]: Unimplemented function 'sceNp2Term' in 'sceNp2' module
[W]: Unimplemented function 'sceNpMatching2SetDefaultRequestOptParam' in 'sceNp2' module
[W]: Unimplemented function 'sceNpMatching2RegisterRoomEventCallback' in 'sceNp2' module
[W]: Unimplemented function 'sceNpMatching2GetRoomPasswordLocal' in 'sceNp2' module
[W]: Unimplemented function 'sceNpMatching2CreateJoinRoom' in 'sceNp2' module
[W]: Unimplemented function 'sceNpMatching2ContextStop' in 'sceNp2' module
[W]: Unimplemented function 'sceNpMatching2Init2' in 'sceNp2' module
[W]: Unimplemented function 'sceNpMatching2RegisterRoomMessageCallback' in 'sceNp2' module
[W]: Unknown module 'sceNpTus'
[W]: Unimplemented function 'cellMsgDialogClose' in 'cellSysutil' module
[W]: Unimplemented function 'cellSaveDataListAutoLoad' in 'cellSysutil' module
[W]: Unimplemented function 'cellSaveDataListAutoSave' in 'cellSysutil' module
[W]: Unimplemented function 'cellMsgDialogAbort' in 'cellSysutil' module
[W]: Unimplemented function 'cellMsgDialogProgressBarReset' in 'cellSysutil' module
[W]: Unimplemented function 'cellMsgDialogProgressBarInc' in 'cellSysutil' module
[W]: Unimplemented function 'cellMsgDialogProgressBarSetMsg' in 'cellSysutil' module
[W]: Unimplemented function 'cellSaveDataFixedDelete' in 'cellSysutil' module
[W]: Unimplemented function 'cellSaveDataEnableOverlay' in 'cellSysutil' module
[W]: Unimplemented function 'cellSaveDataDelete2' in 'cellSysutil' module
[W]: Unimplemented function 'cellVoiceDisconnectIPortFromOPort' in 'cellVoice' module
[W]: Unimplemented function 'cellVoiceCreateNotifyEventQueue' in 'cellVoice' module
[W]: Unimplemented function 'cellVoiceCreatePort' in 'cellVoice' module
[W]: Unimplemented function 'cellVoiceSetNotifyEventQueue' in 'cellVoice' module
[W]: Unimplemented function 'cellVoiceReadFromOPort' in 'cellVoice' module
[W]: Unimplemented function 'cellVoiceGetPortInfo' in 'cellVoice' module
[W]: Unimplemented function 'cellVoiceStartEx' in 'cellVoice' module
[W]: Unimplemented function 'cellVoiceSetPortAttr' in 'cellVoice' module
[W]: Unimplemented function 'cellVoiceDeletePort' in 'cellVoice' module
[W]: Unimplemented function 'cellVoiceConnectIPortToOPort' in 'cellVoice' module
[W]: Unimplemented function 'cellVoiceInitEx' in 'cellVoice' module
[W]: Unimplemented function 'Unknown func id: 0xc4f573b8' in 'cellVoice' module
[W]: Unimplemented function 'cellVoiceStop' in 'cellVoice' module
[W]: Unimplemented function 'cellVoiceRemoveNotifyEventQueue' in 'cellVoice' module
[W]: Unimplemented function 'cellVoiceSetMuteFlag' in 'cellVoice' module
[W]: Unimplemented function 'cellVoiceEnd' in 'cellVoice' module
[W]: Unimplemented function 'sys_prx_load_module' in 'sysPrxForUser' module
[W]: Unimplemented function '_sys_heap_free' in 'sysPrxForUser' module
[W]: Unimplemented function 'sys_prx_load_module_on_memcontainer_by_fd' in 'sysPrxForUser' module
[W]: Unimplemented function 'sys_prx_load_module_on_memcontainer' in 'sysPrxForUser' module
[W]: Unimplemented function '_sys_heap_delete_heap' in 'sysPrxForUser' module
[W]: Unimplemented function '_sys_spu_printf_finalize' in 'sysPrxForUser' module
[W]: Unimplemented function 'sys_prx_load_module_by_fd' in 'sysPrxForUser' module
[S]: (S)ELF: boot done.
[W : PPU[1] Thread (CPUThread)[0x02bd6058]]: sys_lwmutex warning: *** lwmutex created [_lc_mtx] (attribute=0x12): sq_id = 3
[W : PPU[1] Thread (CPUThread)[0x00b993b8]]: memory warning: sys_memory_get_user_memory_size(mem_info_addr=0xd0010c04)
[W : PPU[1] Thread (CPUThread)[0x02bd6058]]: sys_lwmutex warning: *** lwmutex created [_lc_mtx] (attribute=0x12): sq_id = 4
[W : PPU[1] Thread (CPUThread)[0x02bd6058]]: sys_lwmutex warning: *** lwmutex created [_lc_mtx] (attribute=0x12): sq_id = 5
[W : PPU[1] Thread (CPUThread)[0x02bd6058]]: sys_lwmutex warning: *** lwmutex created [_lc_mtx] (attribute=0x12): sq_id = 6
[W : PPU[1] Thread (CPUThread)[0x02bd6058]]: sys_lwmutex warning: *** lwmutex created [_lc_mtx] (attribute=0x12): sq_id = 7
[W : PPU[1] Thread (CPUThread)[0x02bd6058]]: sys_lwmutex warning: *** lwmutex created [_lc_mtx] (attribute=0x12): sq_id = 8
[W : PPU[1] Thread (CPUThread)[0x02bd6058]]: sys_lwmutex warning: *** lwmutex created [_lc_mtx] (attribute=0x12): sq_id = 9
[W : PPU[1] Thread (CPUThread)[0x02bd6058]]: sys_lwmutex warning: *** lwmutex created [_lc_mtx] (attribute=0x12): sq_id = 10
[W : PPU[1] Thread (CPUThread)[0x02bd6058]]: sys_lwmutex warning: *** lwmutex created [_lc_mtx] (attribute=0x12): sq_id = 11
[W : PPU[1] Thread (CPUThread)[0x02bd6058]]: sys_lwmutex warning: *** lwmutex created [_lc_mtx] (attribute=0x12): sq_id = 12
[W : PPU[1] Thread (CPUThread)[0x02bb4010]]: cellSysmodule warning: cellSysmoduleLoadModule(CELL_SYSMODULE_FS)
[W : PPU[1] Thread (CPUThread)[0x02bb4010]]: cellSysmodule warning: cellSysmoduleLoadModule(CELL_SYSMODULE_SYSUTIL_GAME)
[W : PPU[1] Thread (CPUThread)[0x02bd6058]]: sys_lwmutex warning: *** lwmutex created [_lc_mtx] (attribute=0x12): sq_id = 13
[W : PPU[1] Thread (CPUThread)[0x02bd6058]]: sys_lwmutex warning: *** lwmutex created [_lc_mtx] (attribute=0x12): sq_id = 14
[W : PPU[1] Thread (CPUThread)[0x02bd6058]]: sys_lwmutex warning: *** lwmutex created [_lc_mtx] (attribute=0x12): sq_id = 15
[W : PPU[1] Thread (CPUThread)[0x02bd6058]]: sys_lwmutex warning: *** lwmutex created [_lc_mtx] (attribute=0x12): sq_id = 16
[W : PPU[1] Thread (CPUThread)[0x02bd6058]]: sys_lwmutex warning: *** lwmutex created [_lc_mtx] (attribute=0x12): sq_id = 17
[W : PPU[1] Thread (CPUThread)[0x02bd6058]]: sys_lwmutex warning: *** lwmutex created [_lc_mtx] (attribute=0x12): sq_id = 18
[W : PPU[1] Thread (CPUThread)[0x02bd6058]]: sys_lwmutex warning: *** lwmutex created [_lc_mtx] (attribute=0x12): sq_id = 19
[W : PPU[1] Thread (CPUThread)[0x02bd6058]]: sys_lwmutex warning: *** lwmutex created [_lc_mtx] (attribute=0x12): sq_id = 20
[W : PPU[1] Thread (CPUThread)[0x02bd6058]]: sys_lwmutex warning: *** lwmutex created [_lc_mtx] (attribute=0x12): sq_id = 21
[W : PPU[1] Thread (CPUThread)[0x02bd6058]]: sys_lwmutex warning: *** lwmutex created [_lc_mtx] (attribute=0x12): sq_id = 22
[W : PPU[1] Thread (CPUThread)[0x02bd6058]]: sys_lwmutex warning: *** lwmutex created [_lc_mtx] (attribute=0x12): sq_id = 23
[W : PPU[1] Thread (CPUThread)[0x02bd6058]]: sys_lwmutex warning: *** lwmutex created [_lc_mtx] (attribute=0x12): sq_id = 24
[W : PPU[1] Thread (CPUThread)[0x00b6fcf8]]: cellSysutil warning: cellSysutilGetSystemParamInt: CELL_SYSUTIL_SYSTEMPARAM_ID_TIMEZONE
[W : PPU[1] Thread (CPUThread)[0x00b6fcf8]]: cellSysutil warning: cellSysutilGetSystemParamInt: CELL_SYSUTIL_SYSTEMPARAM_ID_SUMMERTIME
[W : PPU[1] Thread (CPUThread)[0x00b83a64]]: cellSysutil warning: cellSysutilGetSystemParamInt: CELL_SYSUTIL_SYSTEMPARAM_ID_TIMEZONE
[W : PPU[1] Thread (CPUThread)[0x00b83a64]]: cellSysutil warning: cellSysutilGetSystemParamInt: CELL_SYSUTIL_SYSTEMPARAM_ID_SUMMERTIME
[W : PPU[1] Thread (CPUThread)[0x00b71c40]]: cellSysutil warning: cellSysutilGetSystemParamInt: CELL_SYSUTIL_SYSTEMPARAM_ID_TIMEZONE
[W : PPU[1] Thread (CPUThread)[0x00b71c40]]: cellSysutil warning: cellSysutilGetSystemParamInt: CELL_SYSUTIL_SYSTEMPARAM_ID_SUMMERTIME
[W : PPU[1] Thread (CPUThread)[0x00b83a64]]: cellSysutil warning: cellSysutilGetSystemParamInt: CELL_SYSUTIL_SYSTEMPARAM_ID_TIMEZONE
[W : PPU[1] Thread (CPUThread)[0x00b83a64]]: cellSysutil warning: cellSysutilGetSystemParamInt: CELL_SYSUTIL_SYSTEMPARAM_ID_SUMMERTIME
[W : PPU[1] Thread (CPUThread)[0x00b6f67c]]: cellSysutil warning: cellSysutilGetSystemParamInt: CELL_SYSUTIL_SYSTEMPARAM_ID_TIMEZONE
[W : PPU[1] Thread (CPUThread)[0x00b6f67c]]: cellSysutil warning: cellSysutilGetSystemParamInt: CELL_SYSUTIL_SYSTEMPARAM_ID_SUMMERTIME
[W : PPU[1] Thread (CPUThread)[0x00b71c40]]: cellSysutil warning: cellSysutilGetSystemParamInt: CELL_SYSUTIL_SYSTEMPARAM_ID_TIMEZONE
[W : PPU[1] Thread (CPUThread)[0x00b71c40]]: cellSysutil warning: cellSysutilGetSystemParamInt: CELL_SYSUTIL_SYSTEMPARAM_ID_SUMMERTIME
[W : PPU[1] Thread (CPUThread)[0x02bd6058]]: sys_lwmutex warning: *** lwmutex created [ps3HDDL] (attribute=0x12): sq_id = 25
[W : PPU[1] Thread (CPUThread)[0x02bb4010]]: cellSysmodule warning: cellSysmoduleLoadModule(CELL_SYSMODULE_SYSUTIL_NP)
[W : PPU[1] Thread (CPUThread)[0x02ba6058]]: cellGcmSys warning: cellGcmGetTiledPitchSize(size=7680)
[E : PPU[1] Thread (CPUThread)[0x02bd607c]]: sysPrxForUser error: sys_prx_register_library(lib_addr=0x144eda0)
[E : PPU[1] Thread (CPUThread)[0x02bd607c]]: sysPrxForUser error: sys_prx_register_library(lib_addr=0x144edbc)
[E : PPU[1] Thread (CPUThread)[0x02bd607c]]: sysPrxForUser error: sys_prx_register_library(lib_addr=0x144edd8)
[W : PPU[1] Thread (CPUThread)[0x02bb0148]]: cellSpurs warning: _cellSpursAttributeInitialize(attr_addr=0xd00108e8, nSpus=2, spuPriority=3342336, ppuPriority=5, exitIfNoWork=32)
[W : PPU[1] Thread (CPUThread)[0x02bb0028]]: cellSpurs warning: cellSpursAttributeSetNamePrefix(attr_addr=0xd00108e8, prefix_addr=0x14520c0, size=0x4)
[W : PPU[1] Thread (CPUThread)[0x02bb0070]]: cellSpurs warning: cellSpursInitializeWithAttribute2(spurs_addr=0x186fa80, spurs_addr=0xd00108e8)
[W : PPU[1] Thread (CPUThread)[0x02bb0148]]: cellSpurs warning: _cellSpursAttributeInitialize(attr_addr=0xd00108e8, nSpus=2, spuPriority=3342336, ppuPriority=1, exitIfNoWork=251)
[W : PPU[1] Thread (CPUThread)[0x02bb0028]]: cellSpurs warning: cellSpursAttributeSetNamePrefix(attr_addr=0xd00108e8, prefix_addr=0x14520c8, size=0x6)
[W : PPU[1] Thread (CPUThread)[0x02bb0070]]: cellSpurs warning: cellSpursInitializeWithAttribute2(spurs_addr=0x1871b00, spurs_addr=0xd00108e8)
[W : PPU[1] Thread (CPUThread)[0x02bd6058]]: sys_lwmutex warning: *** lwmutex created [] (attribute=0x12): sq_id = 26
[W : PPU[1] Thread (CPUThread)[0x02bd6058]]: sys_lwmutex warning: *** lwmutex created [] (attribute=0x12): sq_id = 27
[W : PPU[1] Thread (CPUThread)[0x02bd210c]]: cellSysutil warning: cellSysutilRegisterCallback(slot=2, func_addr=0x168fc20, userdata=0x0)
[W : PPU[1] Thread (CPUThread)[0x02bb4010]]: cellSysmodule warning: cellSysmoduleLoadModule(CELL_SYSMODULE_RTC)
[W : PPU[1] Thread (CPUThread)[0x02bb4010]]: cellSysmodule warning: cellSysmoduleLoadModule(CELL_SYSMODULE_SPURS_JQ)
[W : PPU[1] Thread (CPUThread)[0x02bd6058]]: sys_lwmutex warning: *** lwmutex created [TFW::De] (attribute=0x22): sq_id = 28
[W : PPU[1] Thread (CPUThread)[0x00a5d9b8]]: memory warning: sys_memory_get_user_memory_size(mem_info_addr=0xd0010874)
[W : PPU[1] Thread (CPUThread)[0x02ba6004]]: cellGcmSys warning: cellGcmInit(context_addr=0x255dbc0,cmdSize=0x10000,ioSize=0x9000000,ioAddress=0x30400000)
[W : PPU[1] Thread (CPUThread)[0x02ba6004]]: cellGcmSys warning: *** local memory(addr=0xc0000000, size=0xf900000)
[W : PPU[1] Thread (CPUThread)[0x02ba6004]]: cellGcmSys warning: cellGcmMapEaIoAddress(ea=0x30400000, io=0x0, size=0x9000000)
[W : PPU[1] Thread (CPUThread)[0x02ba6058]]: cellGcmSys warning: cellGcmGetTiledPitchSize(size=5120)
[W : PPU[1] Thread (CPUThread)[0x02bb401c]]: cellSysmodule warning: cellSysmoduleIsLoaded(CELL_SYSMODULE_AVCONF_EXT)
[W : PPU[1] Thread (CPUThread)[0x02bb4010]]: cellSysmodule warning: cellSysmoduleLoadModule(CELL_SYSMODULE_AVCONF_EXT)
[W : PPU[1] Thread (CPUThread)[0x02bd20a0]]: cellSysutil warning: cellVideoOutGetNumberOfDevice(videoOut=0)
[W : PPU[1] Thread (CPUThread)[0x02ba6058]]: cellGcmSys warning: cellGcmGetTiledPitchSize(size=5120)
[W : PPU[1] Thread (CPUThread)[0x02ba6058]]: cellGcmSys warning: cellGcmGetTiledPitchSize(size=5120)
[W : PPU[1] Thread (CPUThread)[0x02bd2010]]: cellSysutil warning: cellVideoOutConfigure(videoOut=0, config_addr=0xd00102f0, option_addr=0x0, waitForEvent=0x0)
[W : PPU[1] Thread (CPUThread)[0x02ba6100]]: cellGcmSys warning: cellGcmSetFlipHandler(handler_addr=23656816)
[E : PPU[1] Thread (CPUThread)[0x02ba6070]]: cellGcmSys error: Unimplemented function: cellGcmSetQueueHandler
[E : PPU[1] Thread (CPUThread)[0x02ba6130]]: cellGcmSys error: Unimplemented function: cellGcmSetVBlankHandler
[E : PPU[1] Thread (CPUThread)[0x02ba6154]]: cellGcmSys error: Unimplemented function: cellGcmSetSecondVHandler
[W : PPU[1] Thread (CPUThread)[0x02ba6064]]: cellGcmSys warning: cellGcmSetUserHandler(handler=0x168f990)
[W : PPU[1] Thread (CPUThread)[0x02bd6058]]: sys_lwmutex warning: *** lwmutex created [] (attribute=0x21): sq_id = 29
[! : PPU[1] Thread (CPUThread)[0x02bd6028]]: *** New PPU Thread [callback_drop_prepare_thread] (): id = 30
[! : RSXThread]: RSX thread entry
[W : PPU[1] Thread (CPUThread)[0x02bd6058]]: sys_lwmutex warning: *** lwmutex created [] (attribute=0x22): sq_id = 31
[W : PPU[1] Thread (CPUThread)[0x02bd6058]]: sys_lwmutex warning: *** lwmutex created [] (attribute=0x22): sq_id = 32
[W : PPU[1] Thread (CPUThread)[0x02ba60b8]]: cellGcmSys warning: cellGcmSetFlipMode(mode=1)
[W : PPU[1] Thread (CPUThread)[0x02ba60dc]]: cellGcmSys warning: cellGcmMapEaIoAddress(ea=0x39600000, io=0xe000000, size=0x100000)
[W : PPU[1] Thread (CPUThread)[0x02ba60e8]]: cellGcmSys warning: cellGcmGetReportDataAddressLocation(index=0, location=1)
[E : PPU[1] Thread (CPUThread)[0x00aac7b8]]: Write64 to null block: [04000000]: 0
[W : PPU[1] Thread (CPUThread)[0x02ba60e8]]: cellGcmSys warning: cellGcmGetReportDataAddressLocation(index=1, location=1)
[E : PPU[1] Thread (CPUThread)[0x00aac7b8]]: Write64 to null block: [04000010]: 0
[W : PPU[1] Thread (CPUThread)[0x02ba60e8]]: cellGcmSys warning: cellGcmGetReportDataAddressLocation(index=2, location=1)
[E : PPU[1] Thread (CPUThread)[0x00aac7b8]]: Write64 to null block: [04000020]: 0
[W : PPU[1] Thread (CPUThread)[0x02ba60e8]]: cellGcmSys warning: cellGcmGetReportDataAddressLocation(index=3, location=1)
[E : PPU[1] Thread (CPUThread)[0x00aac7b8]]: Write64 to null block: [04000030]: 0
[W : PPU[1] Thread (CPUThread)[0x02ba60e8]]: cellGcmSys warning: cellGcmGetReportDataAddressLocation(index=4, location=1)
[E : PPU[1] Thread (CPUThread)[0x00aac7b8]]: Write64 to null block: [04000040]: 0
[W : PPU[1] Thread (CPUThread)[0x02ba60e8]]: cellGcmSys warning: cellGcmGetReportDataAddressLocation(index=5, location=1)
[E : PPU[1] Thread (CPUThread)[0x00aac7b8]]: Write64 to null block: [04000050]: 0
[W : PPU[1] Thread (CPUThread)[0x02ba60e8]]: cellGcmSys warning: cellGcmGetReportDataAddressLocation(index=6, location=1)
[E : PPU[1] Thread (CPUThread)[0x00aac7b8]]: Write64 to null block: [04000060]: 0
[W : PPU[1] Thread (CPUThread)[0x02ba60e8]]: cellGcmSys warning: cellGcmGetReportDataAddressLocation(index=7, location=1)
[E : PPU[1] Thread (CPUThread)[0x00aac7b8]]: Write64 to null block: [04000070]: 0
[W : PPU[1] Thread (CPUThread)[0x02ba6058]]: cellGcmSys warning: cellGcmGetTiledPitchSize(size=2880)
[W : PPU[1] Thread (CPUThread)[0x02ba6058]]: cellGcmSys warning: cellGcmGetTiledPitchSize(size=2880)
[W : PPU[1] Thread (CPUThread)[0x02ba6058]]: cellGcmSys warning: cellGcmGetTiledPitchSize(size=5120)
[W : PPU[1] Thread (CPUThread)[0x02ba6148]]: cellGcmSys warning: cellGcmSetTileInfo(index=0, location=0, offset=65536, size=8716288, pitch=5120, comp=0, base=0, bank=0)
[W : PPU[1] Thread (CPUThread)[0x02ba60ac]]: cellGcmSys warning: cellGcmBindTile(index=0)
[E : PPU[1] Thread (CPUThread)[0x02bb01c0]]: cellSpurs error: Unimplemented function: _cellSpursTasksetAttribute2Initialize
[E : PPU[1] Thread (CPUThread)[0x02bb00a0]]: cellSpurs error: Unimplemented function: cellSpursCreateTaskset2
[E : PPU[1] Thread (CPUThread)[0x02bb001c]]: cellSpurs error: Unimplemented function: _cellSpursLFQueueInitialize
[E : PPU[1] Thread (CPUThread)[0x02bb0040]]: cellSpurs error: Unimplemented function: cellSpursLFQueueAttachLv2EventQueue
[W : PPU[1] Thread (CPUThread)[0x02bb00d0]]: cellSpurs warning: _cellSpursEventFlagInitialize(spurs_addr=0x186fa80, taskset_addr=0x0, eventFlag_addr=0x2686c80, flagClearMode=0, flagDirection=1)
[E : PPU[1] Thread (CPUThread)[0x02bb0118]]: cellSpurs error: cellSpursEventFlagAttachLv2EventQueue(eventFlag_addr=0x2686c80)
[E : PPU[1] Thread (CPUThread)[0x02bb0088]]: cellSpurs error: Unimplemented function: _cellSpursJobChainAttributeInitialize
[E : PPU[1] Thread (CPUThread)[0x02bb0064]]: cellSpurs error: Unimplemented function: cellSpursCreateJobChainWithAttribute
[E : PPU[1] Thread (CPUThread)[0x02bb00e8]]: cellSpurs error: Unimplemented function: cellSpursJobGuardInitialize
[E : PPU[1] Thread (CPUThread)[0x02bb00e8]]: cellSpurs error: Unimplemented function: cellSpursJobGuardInitialize
[E : PPU[1] Thread (CPUThread)[0x02bb00e8]]: cellSpurs error: Unimplemented function: cellSpursJobGuardInitialize
[E : PPU[1] Thread (CPUThread)[0x02bb0208]]: cellSpurs error: Unimplemented function: cellSpursRunJobChain
[W : PPU[1] Thread (CPUThread)[0x02ba6058]]: cellGcmSys warning: cellGcmGetTiledPitchSize(size=5120)
[W : PPU[1] Thread (CPUThread)[0x02ba6058]]: cellGcmSys warning: cellGcmGetTiledPitchSize(size=5120)
[W : PPU[1] Thread (CPUThread)[0x02ba6058]]: cellGcmSys warning: cellGcmGetTiledPitchSize(size=10240)
[W : PPU[1] Thread (CPUThread)[0x02ba6058]]: cellGcmSys warning: cellGcmGetTiledPitchSize(size=10240)
[W : PPU[1] Thread (CPUThread)[0x02ba6058]]: cellGcmSys warning: cellGcmGetTiledPitchSize(size=1280)
[W : PPU[1] Thread (CPUThread)[0x02ba6058]]: cellGcmSys warning: cellGcmGetTiledPitchSize(size=1280)
[W : PPU[1] Thread (CPUThread)[0x02ba6058]]: cellGcmSys warning: cellGcmGetTiledPitchSize(size=2560)
[W : PPU[1] Thread (CPUThread)[0x02ba6058]]: cellGcmSys warning: cellGcmGetTiledPitchSize(size=1280)
[W : PPU[1] Thread (CPUThread)[0x02ba6058]]: cellGcmSys warning: cellGcmGetTiledPitchSize(size=512)
[W : PPU[1] Thread (CPUThread)[0x02ba6058]]: cellGcmSys warning: cellGcmGetTiledPitchSize(size=512)
[W : PPU[1] Thread (CPUThread)[0x02ba6058]]: cellGcmSys warning: cellGcmGetTiledPitchSize(size=512)
[W : PPU[1] Thread (CPUThread)[0x02ba6058]]: cellGcmSys warning: cellGcmGetTiledPitchSize(size=96)
[W : PPU[1] Thread (CPUThread)[0x02ba6058]]: cellGcmSys warning: cellGcmGetTiledPitchSize(size=96)
[W : PPU[1] Thread (CPUThread)[0x02ba6058]]: cellGcmSys warning: cellGcmGetTiledPitchSize(size=192)
[W : PPU[1] Thread (CPUThread)[0x02ba6058]]: cellGcmSys warning: cellGcmGetTiledPitchSize(size=1280)
[W : PPU[1] Thread (CPUThread)[0x02ba6058]]: cellGcmSys warning: cellGcmGetTiledPitchSize(size=1280)
[W : PPU[1] Thread (CPUThread)[0x02ba6058]]: cellGcmSys warning: cellGcmGetTiledPitchSize(size=1280)
[W : PPU[1] Thread (CPUThread)[0x02ba6058]]: cellGcmSys warning: cellGcmGetTiledPitchSize(size=256)
[W : PPU[1] Thread (CPUThread)[0x02ba6058]]: cellGcmSys warning: cellGcmGetTiledPitchSize(size=2560)
[W : PPU[1] Thread (CPUThread)[0x02ba6058]]: cellGcmSys warning: cellGcmGetTiledPitchSize(size=2560)
[W : PPU[1] Thread (CPUThread)[0x02ba6058]]: cellGcmSys warning: cellGcmGetTiledPitchSize(size=5120)
[W : PPU[1] Thread (CPUThread)[0x02ba6058]]: cellGcmSys warning: cellGcmGetTiledPitchSize(size=2560)
[W : PPU[1] Thread (CPUThread)[0x02ba6058]]: cellGcmSys warning: cellGcmGetTiledPitchSize(size=2560)
[W : PPU[1] Thread (CPUThread)[0x02ba6058]]: cellGcmSys warning: cellGcmGetTiledPitchSize(size=2560)
[W : PPU[1] Thread (CPUThread)[0x02ba6058]]: cellGcmSys warning: cellGcmGetTiledPitchSize(size=2560)
[W : PPU[1] Thread (CPUThread)[0x02ba6058]]: cellGcmSys warning: cellGcmGetTiledPitchSize(size=2560)
[W : PPU[1] Thread (CPUThread)[0x02ba6058]]: cellGcmSys warning: cellGcmGetTiledPitchSize(size=2560)
[W : PPU[1] Thread (CPUThread)[0x02ba6058]]: cellGcmSys warning: cellGcmGetTiledPitchSize(size=1024)
[W : PPU[1] Thread (CPUThread)[0x02ba6058]]: cellGcmSys warning: cellGcmGetTiledPitchSize(size=1024)
[W : PPU[1] Thread (CPUThread)[0x02ba6058]]: cellGcmSys warning: cellGcmGetTiledPitchSize(size=1704)
[W : PPU[1] Thread (CPUThread)[0x02ba6058]]: cellGcmSys warning: cellGcmGetTiledPitchSize(size=1704)
[W : PPU[1] Thread (CPUThread)[0x02ba6058]]: cellGcmSys warning: cellGcmGetTiledPitchSize(size=1704)
[W : PPU[1] Thread (CPUThread)[0x02ba6058]]: cellGcmSys warning: cellGcmGetTiledPitchSize(size=1704)
[W : PPU[1] Thread (CPUThread)[0x02ba6058]]: cellGcmSys warning: cellGcmGetTiledPitchSize(size=1704)
[W : PPU[1] Thread (CPUThread)[0x02ba6058]]: cellGcmSys warning: cellGcmGetTiledPitchSize(size=5120)
[W : PPU[1] Thread (CPUThread)[0x02ba6058]]: cellGcmSys warning: cellGcmGetTiledPitchSize(size=2560)
[W : PPU[1] Thread (CPUThread)[0x02ba6058]]: cellGcmSys warning: cellGcmGetTiledPitchSize(size=2560)
[W : PPU[1] Thread (CPUThread)[0x02ba6058]]: cellGcmSys warning: cellGcmGetTiledPitchSize(size=2560)
[W : PPU[1] Thread (CPUThread)[0x02ba6058]]: cellGcmSys warning: cellGcmGetTiledPitchSize(size=5120)
[W : PPU[1] Thread (CPUThread)[0x02ba6058]]: cellGcmSys warning: cellGcmGetTiledPitchSize(size=2560)
[W : PPU[1] Thread (CPUThread)[0x02ba6058]]: cellGcmSys warning: cellGcmGetTiledPitchSize(size=2048)
[W : PPU[1] Thread (CPUThread)[0x02ba6058]]: cellGcmSys warning: cellGcmGetTiledPitchSize(size=2560)
[W : PPU[1] Thread (CPUThread)[0x02ba6058]]: cellGcmSys warning: cellGcmGetTiledPitchSize(size=1024)
[W : PPU[1] Thread (CPUThread)[0x02ba6058]]: cellGcmSys warning: cellGcmGetTiledPitchSize(size=1024)
[W : PPU[1] Thread (CPUThread)[0x02ba6058]]: cellGcmSys warning: cellGcmGetTiledPitchSize(size=1024)
[W : PPU[1] Thread (CPUThread)[0x02ba6058]]: cellGcmSys warning: cellGcmGetTiledPitchSize(size=1024)
[W : PPU[1] Thread (CPUThread)[0x02ba6058]]: cellGcmSys warning: cellGcmGetTiledPitchSize(size=1024)
[W : PPU[1] Thread (CPUThread)[0x02ba6058]]: cellGcmSys warning: cellGcmGetTiledPitchSize(size=1024)
[W : PPU[1] Thread (CPUThread)[0x02ba6058]]: cellGcmSys warning: cellGcmGetTiledPitchSize(size=2048)
[W : PPU[1] Thread (CPUThread)[0x02ba6058]]: cellGcmSys warning: cellGcmGetTiledPitchSize(size=1024)
[W : PPU[1] Thread (CPUThread)[0x02ba6058]]: cellGcmSys warning: cellGcmGetTiledPitchSize(size=2048)
[W : PPU[1] Thread (CPUThread)[0x02ba6058]]: cellGcmSys warning: cellGcmGetTiledPitchSize(size=2048)
[W : PPU[1] Thread (CPUThread)[0x02ba6058]]: cellGcmSys warning: cellGcmGetTiledPitchSize(size=5120)
[W : PPU[1] Thread (CPUThread)[0x02ba6058]]: cellGcmSys warning: cellGcmGetTiledPitchSize(size=5120)
[W : PPU[1] Thread (CPUThread)[0x02ba6058]]: cellGcmSys warning: cellGcmGetTiledPitchSize(size=5120)
[W : PPU[1] Thread (CPUThread)[0x02ba6148]]: cellGcmSys warning: cellGcmSetTileInfo(index=1, location=0, offset=26279936, size=7536640, pitch=10240, comp=7, base=0, bank=0)
[E : PPU[1] Thread (CPUThread)[0x02ba6148]]: cellGcmSys error: cellGcmSetTileInfo: bad compression mode! (7)
[W : PPU[1] Thread (CPUThread)[0x02ba60ac]]: cellGcmSys warning: cellGcmBindTile(index=1)
[W : PPU[1] Thread (CPUThread)[0x02ba6148]]: cellGcmSys warning: cellGcmSetTileInfo(index=2, location=0, offset=33882112, size=7536640, pitch=10240, comp=11, base=115, bank=2)
[E : PPU[1] Thread (CPUThread)[0x02ba6148]]: cellGcmSys error: cellGcmSetTileInfo: bad compression mode! (11)
[W : PPU[1] Thread (CPUThread)[0x02ba60ac]]: cellGcmSys warning: cellGcmBindTile(index=2)
[W : PPU[1] Thread (CPUThread)[0x02ba6148]]: cellGcmSys warning: cellGcmSetTileInfo(index=3, location=0, offset=41484288, size=14745600, pitch=5120, comp=0, base=0, bank=0)
[W : PPU[1] Thread (CPUThread)[0x02ba60ac]]: cellGcmSys warning: cellGcmBindTile(index=3)
[W : PPU[1] Thread (CPUThread)[0x02ba6148]]: cellGcmSys warning: cellGcmSetTileInfo(index=4, location=0, offset=56295424, size=3801088, pitch=5120, comp=9, base=0, bank=2)
[E : PPU[1] Thread (CPUThread)[0x02ba6148]]: cellGcmSys error: cellGcmSetTileInfo: bad compression mode! (9)
[W : PPU[1] Thread (CPUThread)[0x02ba60ac]]: cellGcmSys warning: cellGcmBindTile(index=4)
[W : PPU[1] Thread (CPUThread)[0x02ba6148]]: cellGcmSys warning: cellGcmSetTileInfo(index=5, location=0, offset=60162048, size=3735552, pitch=2560, comp=0, base=0, bank=0)
[W : PPU[1] Thread (CPUThread)[0x02ba60ac]]: cellGcmSys warning: cellGcmBindTile(index=5)
[W : PPU[1] Thread (CPUThread)[0x02ba6148]]: cellGcmSys warning: cellGcmSetTileInfo(index=6, location=0, offset=63963136, size=3145728, pitch=2048, comp=0, base=0, bank=0)
[W : PPU[1] Thread (CPUThread)[0x02ba60ac]]: cellGcmSys warning: cellGcmBindTile(index=6)
[W : PPU[1] Thread (CPUThread)[0x02ba6148]]: cellGcmSys warning: cellGcmSetTileInfo(index=7, location=0, offset=67174400, size=131072, pitch=1280, comp=0, base=0, bank=0)
[W : PPU[1] Thread (CPUThread)[0x02ba60ac]]: cellGcmSys warning: cellGcmBindTile(index=7)
[W : PPU[1] Thread (CPUThread)[0x02ba6148]]: cellGcmSys warning: cellGcmSetTileInfo(index=8, location=0, offset=67371008, size=524288, pitch=1024, comp=0, base=0, bank=0)
[W : PPU[1] Thread (CPUThread)[0x02ba60ac]]: cellGcmSys warning: cellGcmBindTile(index=8)
[W : PPU[1] Thread (CPUThread)[0x02ba6148]]: cellGcmSys warning: cellGcmSetTileInfo(index=9, location=0, offset=67960832, size=196608, pitch=512, comp=0, base=0, bank=0)
[W : PPU[1] Thread (CPUThread)[0x02ba60ac]]: cellGcmSys warning: cellGcmBindTile(index=9)
[W : PPU[1] Thread (CPUThread)[0x02ba6148]]: cellGcmSys warning: cellGcmSetTileInfo(index=10, location=0, offset=68222976, size=196608, pitch=256, comp=0, base=0, bank=0)
[W : PPU[1] Thread (CPUThread)[0x02ba60ac]]: cellGcmSys warning: cellGcmBindTile(index=10)
[W : PPU[1] Thread (CPUThread)[0x02ba6148]]: cellGcmSys warning: cellGcmSetTileInfo(index=11, location=1, offset=6684672, size=65536, pitch=192, comp=0, base=0, bank=0)
[W : PPU[1] Thread (CPUThread)[0x02ba60ac]]: cellGcmSys warning: cellGcmBindTile(index=11)
[W : PPU[1] Thread (CPUThread)[0x02ba6148]]: cellGcmSys warning: cellGcmSetTileInfo(index=12, location=0, offset=68485120, size=262144, pitch=1280, comp=9, base=0, bank=2)
[E : PPU[1] Thread (CPUThread)[0x02ba6148]]: cellGcmSys error: cellGcmSetTileInfo: bad compression mode! (9)
[W : PPU[1] Thread (CPUThread)[0x02ba60ac]]: cellGcmSys warning: cellGcmBindTile(index=12)
[W : PPU[1] Thread (CPUThread)[0x02ba6148]]: cellGcmSys warning: cellGcmSetTileInfo(index=13, location=0, offset=68812800, size=262144, pitch=1024, comp=9, base=0, bank=2)
[E : PPU[1] Thread (CPUThread)[0x02ba6148]]: cellGcmSys error: cellGcmSetTileInfo: bad compression mode! (9)
[W : PPU[1] Thread (CPUThread)[0x02ba60ac]]: cellGcmSys warning: cellGcmBindTile(index=13)
[W : PPU[1] Thread (CPUThread)[0x02ba6148]]: cellGcmSys warning: cellGcmSetTileInfo(index=14, location=1, offset=6815744, size=65536, pitch=96, comp=0, base=0, bank=0)
[W : PPU[1] Thread (CPUThread)[0x02ba60ac]]: cellGcmSys warning: cellGcmBindTile(index=14)
[W : PPU[1] Thread (CPUThread)[0x02ba60f4]]: cellGcmSys warning: cellGcmBindZcull(index=0)
[W : PPU[1] Thread (CPUThread)[0x02ba60f4]]: cellGcmSys warning: cellGcmBindZcull(index=1)
[W : PPU[1] Thread (CPUThread)[0x02ba60f4]]: cellGcmSys warning: cellGcmBindZcull(index=3)
[W : PPU[1] Thread (CPUThread)[0x02ba60f4]]: cellGcmSys warning: cellGcmBindZcull(index=4)
[W : PPU[1] Thread (CPUThread)[0x02ba60f4]]: cellGcmSys warning: cellGcmBindZcull(index=2)
[! : PPU[1] Thread (CPUThread)[0x02bd6028]]: *** New PPU Thread [] (): id = 33
[W : PPU[33] Thread[0x02bb6070]]: cellGame warning: cellGameBootCheck(type_addr=0x2683eb4, attributes_addr=0x2683eb8, size_addr=0x2684828, dirName_addr=0x2684840)
[W : PPU[33] Thread[0x02bb601c]]: cellGame warning: cellGameGetParamString(id=0, buf_addr=0x2683ec0, bufsize=128)
[W : PPU[33] Thread[0x02bb601c]]: cellGame warning: cellGameGetParamString(id=1, buf_addr=0x2683f44, bufsize=128)
[W : PPU[33] Thread[0x02bb601c]]: cellGame warning: cellGameGetParamString(id=2, buf_addr=0x2683fc8, bufsize=128)
[W : PPU[33] Thread[0x02bb601c]]: cellGame warning: cellGameGetParamString(id=3, buf_addr=0x268404c, bufsize=128)
[W : PPU[33] Thread[0x02bb601c]]: cellGame warning: cellGameGetParamString(id=4, buf_addr=0x26840d0, bufsize=128)
[W : PPU[33] Thread[0x02bb601c]]: cellGame warning: cellGameGetParamString(id=5, buf_addr=0x2684154, bufsize=128)
[W : PPU[33] Thread[0x02bb601c]]: cellGame warning: cellGameGetParamString(id=6, buf_addr=0x26841d8, bufsize=128)
[W : PPU[33] Thread[0x02bb601c]]: cellGame warning: cellGameGetParamString(id=7, buf_addr=0x268425c, bufsize=128)
[W : PPU[33] Thread[0x02bb601c]]: cellGame warning: cellGameGetParamString(id=8, buf_addr=0x26842e0, bufsize=128)
[W : PPU[33] Thread[0x02bb601c]]: cellGame warning: cellGameGetParamString(id=9, buf_addr=0x2684364, bufsize=128)
[W : PPU[33] Thread[0x02bb601c]]: cellGame warning: cellGameGetParamString(id=10, buf_addr=0x26843e8, bufsize=128)
[W : PPU[33] Thread[0x02bb601c]]: cellGame warning: cellGameGetParamString(id=11, buf_addr=0x268446c, bufsize=128)
[W : PPU[33] Thread[0x02bb601c]]: cellGame warning: cellGameGetParamString(id=12, buf_addr=0x26844f0, bufsize=128)
[W : PPU[33] Thread[0x02bb601c]]: cellGame warning: cellGameGetParamString(id=13, buf_addr=0x2684574, bufsize=128)
[W : PPU[33] Thread[0x02bb601c]]: cellGame warning: cellGameGetParamString(id=14, buf_addr=0x26845f8, bufsize=128)
[W : PPU[33] Thread[0x02bb601c]]: cellGame warning: cellGameGetParamString(id=15, buf_addr=0x268467c, bufsize=128)
[W : PPU[33] Thread[0x02bb601c]]: cellGame warning: cellGameGetParamString(id=16, buf_addr=0x2684700, bufsize=128)
[W : PPU[33] Thread[0x02bb601c]]: cellGame warning: cellGameGetParamString(id=17, buf_addr=0x2684784, bufsize=128)
[W : PPU[33] Thread[0x02bb601c]]: cellGame warning: cellGameGetParamString(id=100, buf_addr=0x2684808, bufsize=10)
[W : PPU[33] Thread[0x02bb601c]]: cellGame warning: cellGameGetParamString(id=101, buf_addr=0x2684818, bufsize=6)
[W : PPU[33] Thread[0x02bb6040]]: cellGame warning: cellGameGetParamInt(id=102, value_addr=0x2684824)
[W : PPU[33] Thread[0x02bb6004]]: cellGame warning: cellGameContentPermit(contentInfoPath_addr=0x18672e4, usrdirPath_addr=0x1867364)
[! : PPU[1] Thread (CPUThread)[0x02bd6028]]: *** New PPU Thread [] (): id = 34
[E : PPU[34] Thread[0x02bb6010]]: cellGame error: Unimplemented function: cellGameDataCheck
[W : PPU[34] Thread[0x02bb601c]]: cellGame warning: cellGameGetParamString(id=0, buf_addr=0x2683ec0, bufsize=128)
[W : PPU[34] Thread[0x02bb601c]]: cellGame warning: cellGameGetParamString(id=1, buf_addr=0x2683f44, bufsize=128)
[W : PPU[34] Thread[0x02bb601c]]: cellGame warning: cellGameGetParamString(id=2, buf_addr=0x2683fc8, bufsize=128)
[W : PPU[34] Thread[0x02bb601c]]: cellGame warning: cellGameGetParamString(id=3, buf_addr=0x268404c, bufsize=128)
[W : PPU[34] Thread[0x02bb601c]]: cellGame warning: cellGameGetParamString(id=4, buf_addr=0x26840d0, bufsize=128)
[W : PPU[34] Thread[0x02bb601c]]: cellGame warning: cellGameGetParamString(id=5, buf_addr=0x2684154, bufsize=128)
[W : PPU[34] Thread[0x02bb601c]]: cellGame warning: cellGameGetParamString(id=6, buf_addr=0x26841d8, bufsize=128)
[W : PPU[34] Thread[0x02bb601c]]: cellGame warning: cellGameGetParamString(id=7, buf_addr=0x268425c, bufsize=128)
[W : PPU[34] Thread[0x02bb601c]]: cellGame warning: cellGameGetParamString(id=8, buf_addr=0x26842e0, bufsize=128)
[W : PPU[34] Thread[0x02bb601c]]: cellGame warning: cellGameGetParamString(id=9, buf_addr=0x2684364, bufsize=128)
[W : PPU[34] Thread[0x02bb601c]]: cellGame warning: cellGameGetParamString(id=10, buf_addr=0x26843e8, bufsize=128)
[W : PPU[34] Thread[0x02bb601c]]: cellGame warning: cellGameGetParamString(id=11, buf_addr=0x268446c, bufsize=128)
[W : PPU[34] Thread[0x02bb601c]]: cellGame warning: cellGameGetParamString(id=12, buf_addr=0x26844f0, bufsize=128)
[W : PPU[34] Thread[0x02bb601c]]: cellGame warning: cellGameGetParamString(id=13, buf_addr=0x2684574, bufsize=128)
[W : PPU[34] Thread[0x02bb601c]]: cellGame warning: cellGameGetParamString(id=14, buf_addr=0x26845f8, bufsize=128)
[W : PPU[34] Thread[0x02bb601c]]: cellGame warning: cellGameGetParamString(id=15, buf_addr=0x268467c, bufsize=128)
[W : PPU[34] Thread[0x02bb601c]]: cellGame warning: cellGameGetParamString(id=16, buf_addr=0x2684700, bufsize=128)
[W : PPU[34] Thread[0x02bb601c]]: cellGame warning: cellGameGetParamString(id=17, buf_addr=0x2684784, bufsize=128)
[W : PPU[34] Thread[0x02bb601c]]: cellGame warning: cellGameGetParamString(id=100, buf_addr=0x2684808, bufsize=10)
[W : PPU[34] Thread[0x02bb601c]]: cellGame warning: cellGameGetParamString(id=101, buf_addr=0x2684818, bufsize=6)
[W : PPU[34] Thread[0x02bb6040]]: cellGame warning: cellGameGetParamInt(id=102, value_addr=0x2684824)
[W : PPU[34] Thread[0x02bb6004]]: cellGame warning: cellGameContentPermit(contentInfoPath_addr=0xd0040ce0, usrdirPath_addr=0xd0040d60)
[! : PPU[1] Thread (CPUThread)[0x02bd6028]]: *** New PPU Thread [] (): id = 35
[E : PPU[35] Thread[0x02bb6010]]: cellGame error: Unimplemented function: cellGameDataCheck
[W : PPU[35] Thread[0x02bb601c]]: cellGame warning: cellGameGetParamString(id=0, buf_addr=0x2683ec0, bufsize=128)
[W : PPU[35] Thread[0x02bb601c]]: cellGame warning: cellGameGetParamString(id=1, buf_addr=0x2683f44, bufsize=128)
[W : PPU[35] Thread[0x02bb601c]]: cellGame warning: cellGameGetParamString(id=2, buf_addr=0x2683fc8, bufsize=128)
[W : PPU[35] Thread[0x02bb601c]]: cellGame warning: cellGameGetParamString(id=3, buf_addr=0x268404c, bufsize=128)
[W : PPU[35] Thread[0x02bb601c]]: cellGame warning: cellGameGetParamString(id=4, buf_addr=0x26840d0, bufsize=128)
[W : PPU[35] Thread[0x02bb601c]]: cellGame warning: cellGameGetParamString(id=5, buf_addr=0x2684154, bufsize=128)
[W : PPU[35] Thread[0x02bb601c]]: cellGame warning: cellGameGetParamString(id=6, buf_addr=0x26841d8, bufsize=128)
[W : PPU[35] Thread[0x02bb601c]]: cellGame warning: cellGameGetParamString(id=7, buf_addr=0x268425c, bufsize=128)
[W : PPU[35] Thread[0x02bb601c]]: cellGame warning: cellGameGetParamString(id=8, buf_addr=0x26842e0, bufsize=128)
[W : PPU[35] Thread[0x02bb601c]]: cellGame warning: cellGameGetParamString(id=9, buf_addr=0x2684364, bufsize=128)
[W : PPU[35] Thread[0x02bb601c]]: cellGame warning: cellGameGetParamString(id=10, buf_addr=0x26843e8, bufsize=128)
[W : PPU[35] Thread[0x02bb601c]]: cellGame warning: cellGameGetParamString(id=11, buf_addr=0x268446c, bufsize=128)
[W : PPU[35] Thread[0x02bb601c]]: cellGame warning: cellGameGetParamString(id=12, buf_addr=0x26844f0, bufsize=128)
[W : PPU[35] Thread[0x02bb601c]]: cellGame warning: cellGameGetParamString(id=13, buf_addr=0x2684574, bufsize=128)
[W : PPU[35] Thread[0x02bb601c]]: cellGame warning: cellGameGetParamString(id=14, buf_addr=0x26845f8, bufsize=128)
[W : PPU[35] Thread[0x02bb601c]]: cellGame warning: cellGameGetParamString(id=15, buf_addr=0x268467c, bufsize=128)
[W : PPU[35] Thread[0x02bb601c]]: cellGame warning: cellGameGetParamString(id=16, buf_addr=0x2684700, bufsize=128)
[W : PPU[35] Thread[0x02bb601c]]: cellGame warning: cellGameGetParamString(id=17, buf_addr=0x2684784, bufsize=128)
[W : PPU[35] Thread[0x02bb601c]]: cellGame warning: cellGameGetParamString(id=100, buf_addr=0x2684808, bufsize=10)
[W : PPU[35] Thread[0x02bb601c]]: cellGame warning: cellGameGetParamString(id=101, buf_addr=0x2684818, bufsize=6)
[W : PPU[35] Thread[0x02bb6040]]: cellGame warning: cellGameGetParamInt(id=102, value_addr=0x2684824)
[W : PPU[35] Thread[0x02bb6004]]: cellGame warning: cellGameContentPermit(contentInfoPath_addr=0xd0050ce0, usrdirPath_addr=0xd0050d60)
[! : PPU[1] Thread (CPUThread)[0x02bd6028]]: *** New PPU Thread [] (): id = 36
[E : PPU[36] Thread[0x02bb6010]]: cellGame error: Unimplemented function: cellGameDataCheck
[W : PPU[36] Thread[0x02bb6004]]: cellGame warning: cellGameContentPermit(contentInfoPath_addr=0x18674e4, usrdirPath_addr=0x1867564)
[E : PPU[1] Thread (CPUThread)[0x02bae040]]: Unknown function 0x43ddab4f
[E : PPU[1] Thread (CPUThread)[0x02bae094]]: Unknown function 0xe70f874e
[E : PPU[1] Thread (CPUThread)[0x02bae01c]]: Unknown function 0x1686957e
[E : PPU[1] Thread (CPUThread)[0x02bae0ac]]: Unknown function 0xff03cc79
[E : PPU[1] Thread (CPUThread)[0x02bb01cc]]: cellSpurs error: cellSpursGetNumSpuThread(spurs_addr=0x186fa80, nThreads_addr=0xd0010740)
[E : PPU[1] Thread (CPUThread)[0x02bb01cc]]: cellSpurs error: cellSpursGetNumSpuThread : CELL_SPURS_CORE_ERROR_NULL_POINTER
[E : PPU[1] Thread (CPUThread)[0x00b32ba8]]: Read32 from null block: [00000000]
[E : PPU[1] Thread (CPUThread)[0x00b32bc0]]: Read32 from null block: [00000000]
[E : PPU[1] Thread (CPUThread)[0x00b32bd4]]: Read32 from null block: [00000000]
[E : PPU[1] Thread (CPUThread)[0x00b32be8]]: Read32 from null block: [00000004]
[E : PPU[1] Thread (CPUThread)[0x00b32bf0]]: PPU[1] Thread (CPUThread) branch error: bad address 0x0 #pc: 0xb32bf0
