HLE: ! path: /dev_hdd0/game/
LDR: ! Loading 'E:\RPCS3\rpcs3\dev_hdd0\game\BLUS30903/PS3_GAME/USRDIR/BOOT.BIN'...
LDR: !  
LDR: ! Mount info:
LDR: ! /dev_hdd0/ -> E:\RPCS3\rpcs3/dev_hdd0/
LDR: ! /dev_hdd1/ -> E:\RPCS3\rpcs3/dev_hdd1/
LDR: ! /dev_flash/ -> E:\RPCS3\rpcs3/dev_flash/
LDR: ! /dev_usb000/ -> E:\RPCS3\rpcs3/dev_usb000/
LDR: ! /dev_usb/ -> E:\RPCS3\rpcs3/dev_usb000/
LDR: ! /app_home/ -> E:\RPCS3\rpcs3\dev_hdd0\game\BLUS30903/PS3_GAME/
LDR: ! /dev_bdvd/ -> E:\RPCS3\rpcs3\dev_hdd0\game\BLUS30903/PS3_GAME//../
LDR: ! /host_root/ -> 
LDR: ! USRDIR/ -> E:\RPCS3\rpcs3\dev_hdd0\game\BLUS30903/PS3_GAME/\USRDIR\
LDR: ! ./ -> E:\RPCS3\rpcs3\dev_hdd0\game\BLUS30903/PS3_GAME/\USRDIR\
LDR: !  -> 
LDR: ! /fps3/ -> E:\RPCS3\rpcs3\dev_hdd0\game\BLUS30903/PS3_GAME/\USRDIR\
LDR: ! / -> E:\RPCS3\rpcs3\dev_hdd0\game\BLUS30903/PS3_GAME/
LDR: ! /Data/ -> E:\RPCS3\rpcs3\dev_hdd0\game\BLUS30903/PS3_GAME/\USRDIR\Data\
LDR: ! /app_home/Game/PS3_GAME/USRDIR/ -> E:\RPCS3\rpcs3\dev_hdd0\game\BLUS30903/PS3_GAME/\USRDIR\
LDR: ! /app_home/PS3_GAME/USRDIR/media/ -> E:\RPCS3\rpcs3\dev_hdd0\game\BLUS30903/PS3_GAME/\USRDIR\media\
LDR: ! /app_home/PS3_GAME/USRDIR/Data/ -> E:\RPCS3\rpcs3\dev_hdd0\game\BLUS30903/PS3_GAME/\USRDIR\Data\
LDR: ! /app_h1ome/ -> E:\RPCS3\rpcs3\dev_hdd0\game\BLUS30903/PS3_GAME/\USRDIR\
LDR: ! /data/shaders/ -> E:\RPCS3\rpcs3\dev_hdd0\game\BLUS30903/PS3_GAME/\USRDIR\data\shaders
LDR: !  
MEM: ! Initing memory: m_base_addr = 0x140c10000
MEM: ! Memory initialized.
LDR: W Unimplemented function 'cellSaveDataListAutoSave' in 'cellSysutil' module
LDR: W Unimplemented function 'cellSaveDataEnableOverlay' in 'cellSysutil' module
LDR: W Unimplemented function 'cellSaveDataDelete2' in 'cellSysutil' module
LDR: W Unknown module 'cellSysutilAvconfExt'
LDR: W Unimplemented function 'cellFsFsync' in 'sys_fs' module
LDR: W Unimplemented function 'cellFsUtime' in 'sys_fs' module
LDR: W Unimplemented function 'cellSyncLFQueueClear' in 'cellSync' module
LDR: W Unimplemented function 'cellSyncLFQueueInitialize' in 'cellSync' module
LDR: W Unimplemented function '_cellSyncLFQueuePushBody' in 'cellSync' module
LDR: W Unimplemented function 'SJISstoUTF8s' in 'cellL10n' module
LDR: W Unimplemented function 'UTF8stoSJISs' in 'cellL10n' module
LDR: W Unimplemented function '_sys_spu_printf_finalize' in 'sysPrxForUser' module
HLE: W {PPU[1] Thread (CPUThread)[0x00a07034]} sys_lwmutex warning: *** lwmutex created [_lc_mtx] (attribute=0x12): sq_id = 3
HLE: W {PPU[1] Thread (CPUThread)[0x00546644]} memory warning: sys_memory_get_user_memory_size(mem_info_addr=0xd0010c04)
HLE: W {PPU[1] Thread (CPUThread)[0x00a07034]} sys_lwmutex warning: *** lwmutex created [_lc_mtx] (attribute=0x12): sq_id = 4
HLE: W {PPU[1] Thread (CPUThread)[0x00a07034]} sys_lwmutex warning: *** lwmutex created [_lc_mtx] (attribute=0x12): sq_id = 5
HLE: W {PPU[1] Thread (CPUThread)[0x00a07034]} sys_lwmutex warning: *** lwmutex created [_lc_mtx] (attribute=0x12): sq_id = 6
HLE: W {PPU[1] Thread (CPUThread)[0x00a07034]} sys_lwmutex warning: *** lwmutex created [_lc_mtx] (attribute=0x12): sq_id = 7
HLE: W {PPU[1] Thread (CPUThread)[0x00a07034]} sys_lwmutex warning: *** lwmutex created [_lc_mtx] (attribute=0x12): sq_id = 8
HLE: W {PPU[1] Thread (CPUThread)[0x00a07034]} sys_lwmutex warning: *** lwmutex created [_lc_mtx] (attribute=0x12): sq_id = 9
HLE: W {PPU[1] Thread (CPUThread)[0x00a07034]} sys_lwmutex warning: *** lwmutex created [_lc_mtx] (attribute=0x12): sq_id = 10
HLE: W {PPU[1] Thread (CPUThread)[0x00a07034]} sys_lwmutex warning: *** lwmutex created [_lc_mtx] (attribute=0x12): sq_id = 11
HLE: W {PPU[1] Thread (CPUThread)[0x00a07034]} sys_lwmutex warning: *** lwmutex created [_lc_mtx] (attribute=0x12): sq_id = 12
HLE: W {PPU[1] Thread (CPUThread)[0x00a07034]} sys_lwmutex warning: *** lwmutex created [_lgcmtx] (attribute=0x12): sq_id = 13
HLE: W {PPU[1] Thread (CPUThread)[0x00a07034]} sys_lwmutex warning: *** lwmutex created [_lgcmtx] (attribute=0x22): sq_id = 14
HLE: W {PPU[1] Thread (CPUThread)[0x00a07034]} sys_lwmutex warning: *** lwmutex created [_lc_mtx] (attribute=0x12): sq_id = 15
HLE: W {PPU[1] Thread (CPUThread)[0x00a07034]} sys_lwmutex warning: *** lwmutex created [_lc_mtx] (attribute=0x12): sq_id = 16
HLE: W {PPU[1] Thread (CPUThread)[0x00a07034]} sys_lwmutex warning: *** lwmutex created [_lc_mtx] (attribute=0x12): sq_id = 17
HLE: W {PPU[1] Thread (CPUThread)[0x00a07034]} sys_lwmutex warning: *** lwmutex created [_lc_mtx] (attribute=0x12): sq_id = 18
HLE: W {PPU[1] Thread (CPUThread)[0x00a07034]} sys_lwmutex warning: *** lwmutex created [_lc_mtx] (attribute=0x12): sq_id = 19
HLE: W {PPU[1] Thread (CPUThread)[0x00a07034]} sys_lwmutex warning: *** lwmutex created [_lc_mtx] (attribute=0x12): sq_id = 20
HLE: W {PPU[1] Thread (CPUThread)[0x00a07034]} sys_lwmutex warning: *** lwmutex created [_lc_mtx] (attribute=0x12): sq_id = 21
HLE: W {PPU[1] Thread (CPUThread)[0x00a07034]} sys_lwmutex warning: *** lwmutex created [_lc_mtx] (attribute=0x12): sq_id = 22
HLE: W {PPU[1] Thread (CPUThread)[0x00a07034]} sys_lwmutex warning: *** lwmutex created [_lc_mtx] (attribute=0x12): sq_id = 23
HLE: W {PPU[1] Thread (CPUThread)[0x00a07034]} sys_lwmutex warning: *** lwmutex created [_lc_mtx] (attribute=0x12): sq_id = 24
HLE: W {PPU[1] Thread (CPUThread)[0x00a07034]} sys_lwmutex warning: *** lwmutex created [_lc_mtx] (attribute=0x12): sq_id = 25
HLE: W {PPU[1] Thread (CPUThread)[0x00a07034]} sys_lwmutex warning: *** lwmutex created [_lc_mtx] (attribute=0x12): sq_id = 26
HLE: W {PPU[1] Thread (CPUThread)[0x00a07034]} sys_lwmutex warning: *** lwmutex created [] (attribute=0x22): sq_id = 27
HLE: W {PPU[1] Thread (CPUThread)[0x00a07034]} sys_lwmutex warning: *** lwmutex created [] (attribute=0x22): sq_id = 28
HLE: W {PPU[1] Thread (CPUThread)[0x009eb0ac]} cellSysutil warning: cellSysutilRegisterCallback(slot=0, func_addr=0x7c5268, userdata=0x0)
HLE: W {PPU[1] Thread (CPUThread)[0x00458a74]} sys_spu warning: sys_spu_initialize(max_usable_spu=6, max_raw_spu=0)
HLE: W {PPU[1] Thread (CPUThread)[0x00a07034]} sys_lwmutex warning: *** lwmutex created [] (attribute=0x22): sq_id = 29
HLE: W {PPU[1] Thread (CPUThread)[0x004e0b94]} sys_semaphore warning: sys_semaphore_create(sem_addr=0x989bc0, attr_addr=0xd00109b0, initial_count=0, max_count=2147483647)
HLE: ! {PPU[1] Thread (CPUThread)[0x004e0b94]} *** semaphore created [] (protocol=0x2): id = 30
PPU: ! {PPU[1] Thread (CPUThread)[0x00a0701c]} *** New PPU Thread [NU::File::RequestManager] (flags=0x1, entry=0x7d3fe8): id = 31
HLE: W {PPU[1] Thread (CPUThread)[0x00a07034]} sys_lwmutex warning: *** lwmutex created [] (attribute=0x22): sq_id = 32
HLE: W {PPU[1] Thread (CPUThread)[0x0079f010]} cellSysmodule warning: cellSysmoduleLoadModule(CELL_SYSMODULE_FS)
HLE: W {PPU[1] Thread (CPUThread)[0x004d8c08]} sys_semaphore warning: sys_semaphore_create(sem_addr=0xd0010a60, attr_addr=0xd0010a70, initial_count=0, max_count=1)
HLE: ! {PPU[1] Thread (CPUThread)[0x004d8c08]} *** semaphore created [] (protocol=0x2): id = 33
HLE: W {PPU[1] Thread (CPUThread)[0x004d8c54]} sys_semaphore warning: sys_semaphore_destroy(sem_id=33)
HLE: W {PPU[1] Thread (CPUThread)[0x00a07034]} sys_lwmutex warning: *** lwmutex created [] (attribute=0x22): sq_id = 34
HLE: W {PPU[1] Thread (CPUThread)[0x0079f010]} cellSysmodule warning: cellSysmoduleLoadModule(CELL_SYSMODULE_L10N)
HLE: W {PPU[1] Thread (CPUThread)[0x009f10b8]} cellGcmSys warning: cellGcmInit(context_addr=0x989328,cmdSize=0x1000000,ioSize=0x2300000,ioAddress=0x30200000)
HLE: W {PPU[1] Thread (CPUThread)[0x009f10b8]} cellGcmSys warning: *** local memory(addr=0xc0000000, size=0xf900000)
HLE: W {PPU[1] Thread (CPUThread)[0x009f10b8]} cellGcmSys warning: cellGcmInit(): 256MB io address space used
HLE: W {PPU[1] Thread (CPUThread)[0x009f10b8]} cellGcmSys warning: cellGcmMapEaIoAddress(ea=0x30200000, io=0x0, size=0x2300000)
RSX: ! {RSXThread} RSX thread started
HLE: W {PPU[1] Thread (CPUThread)[0x0079f010]} cellSysmodule warning: cellSysmoduleLoadModule(CELL_SYSMODULE_AVCONF_EXT)
HLE: W {PPU[1] Thread (CPUThread)[0x00a07034]} sys_lwmutex warning: *** lwmutex created [] (attribute=0x22): sq_id = 35
HLE: W {PPU[1] Thread (CPUThread)[0x00a07034]} sys_lwmutex warning: *** lwmutex created [] (attribute=0x22): sq_id = 36
HLE: W {PPU[1] Thread (CPUThread)[0x0045cd80]} memory warning: sys_memory_get_user_memory_size(mem_info_addr=0xd0010a30)
HLE: W {PPU[1] Thread (CPUThread)[0x0079f010]} cellSysmodule warning: cellSysmoduleLoadModule(CELL_SYSMODULE_SYSUTIL_GAME)
HLE: W {PPU[1] Thread (CPUThread)[0x009ed04c]} cellGame warning: cellGameBootCheck(type_addr=0xd00108e0, attributes_addr=0xd00108e4, size_addr=0xd00108e8, dirName_addr=0xd00108f8)
HLE: W {PPU[1] Thread (CPUThread)[0x009ed004]} cellGame warning: cellGameGetParamString(id=0, buf_addr=0x97e870, bufsize=128)
HLE: W {PPU[1] Thread (CPUThread)[0x009ed01c]} cellGame warning: cellGameContentPermit(contentInfoPath_addr=0xd0010978, usrdirPath_addr=0x97e8f0)
HLE: W {PPU[1] Thread (CPUThread)[0x00a07034]} sys_lwmutex warning: *** lwmutex created [] (attribute=0x22): sq_id = 37
HLE: W {PPU[1] Thread (CPUThread)[0x00a07034]} sys_lwmutex warning: *** lwmutex created [] (attribute=0x22): sq_id = 38
HLE: W {PPU[1] Thread (CPUThread)[0x00a07034]} sys_lwmutex warning: *** lwmutex created [] (attribute=0x22): sq_id = 39
HLE: W {PPU[1] Thread (CPUThread)[0x00a07034]} sys_lwmutex warning: *** lwmutex created [] (attribute=0x22): sq_id = 40
PPU: ! {PPU[1] Thread (CPUThread)[0x00a0701c]} *** New PPU Thread [] (flags=0x1, entry=0x7d3fe8): id = 41
HLE: W {PPU[1] Thread (CPUThread)[0x00a07034]} sys_lwmutex warning: *** lwmutex created [] (attribute=0x22): sq_id = 42
HLE: W {PPU[1] Thread (CPUThread)[0x009e90d0]} cellSpurs warning: _cellSpursAttributeInitialize(attr_addr=0xd00108a0, nSpus=2, spuPriority=3342336, ppuPriority=5, exitIfNoWork=250)
HLE: W {PPU[1] Thread (CPUThread)[0x009e9010]} cellSpurs warning: cellSpursAttributeSetNamePrefix(attr_addr=0xd00108a0, prefix_addr=0x68f460, size=0xf)
HLE: E {PPU[1] Thread (CPUThread)[0x009e9028]} cellSpurs TODO: cellSpursAttributeEnableSpuPrintfIfAvailable(attr_addr=0xd00108a0)
HLE: W {PPU[1] Thread (CPUThread)[0x009e90dc]} cellSpurs warning: cellSpursAttributeSetSpuThreadGroupType(attr_addr=0xd00108a0, type=24)
HLE: W {PPU[1] Thread (CPUThread)[0x009e90e8]} cellSpurs warning: cellSpursInitializeWithAttribute(spurs_addr=0x3013d780, spurs_addr=0xd00108a0)
HLE: W {PPU[1] Thread (CPUThread)[0x00a07034]} sys_lwmutex warning: *** lwmutex created [] (attribute=0x22): sq_id = 43
HLE: E {PPU[1] Thread (CPUThread)[0x009e9034]} cellSpurs TODO: _cellSpursTasksetAttributeInitialize
HLE: E {PPU[1] Thread (CPUThread)[0x009e907c]} cellSpurs TODO: cellSpursTasksetAttributeSetName
HLE: E {PPU[1] Thread (CPUThread)[0x009e9100]} cellSpurs TODO: cellSpursCreateTasksetWithAttribute
HLE: W {PPU[1] Thread (CPUThread)[0x009e9070]} cellSpurs warning: _cellSpursEventFlagInitialize(spurs_addr=0x3013d780, taskset_addr=0x0, eventFlag_addr=0x97e500, flagClearMode=0, flagDirection=1)
HLE: E {PPU[1] Thread (CPUThread)[0x009e90a0]} cellSpurs TODO: cellSpursEventFlagAttachLv2EventQueue(eventFlag_addr=0x97e500)
HLE: E {PPU[1] Thread (CPUThread)[0x009e9004]} cellSpurs TODO: _cellSpursLFQueueInitialize
HLE: E {PPU[1] Thread (CPUThread)[0x009e9040]} cellSpurs TODO: cellSpursLFQueueAttachLv2EventQueue
HLE: E {PPU[1] Thread (CPUThread)[0x009e90f4]} cellSpurs TODO: cellSpursCreateTask(taskset_addr=0x3013e800, taskID_addr=0xd00107f0, elf_addr_addr=0x696200, context_addr_addr=0x30140280, context_size=3072, lsPattern_addr=0x68e3e0, argument_addr=0xd00107f8)
HLE: W {PPU[1] Thread (CPUThread)[0x00a07034]} sys_lwmutex warning: *** lwmutex created [] (attribute=0x22): sq_id = 44
HLE: E {PPU[1] Thread (CPUThread)[0x009e9034]} cellSpurs TODO: _cellSpursTasksetAttributeInitialize
HLE: E {PPU[1] Thread (CPUThread)[0x009e907c]} cellSpurs TODO: cellSpursTasksetAttributeSetName
HLE: E {PPU[1] Thread (CPUThread)[0x009e9100]} cellSpurs TODO: cellSpursCreateTasksetWithAttribute
HLE: W {PPU[1] Thread (CPUThread)[0x009e9070]} cellSpurs warning: _cellSpursEventFlagInitialize(spurs_addr=0x3013d780, taskset_addr=0x0, eventFlag_addr=0x97eb00, flagClearMode=0, flagDirection=1)
HLE: E {PPU[1] Thread (CPUThread)[0x009e90a0]} cellSpurs TODO: cellSpursEventFlagAttachLv2EventQueue(eventFlag_addr=0x97eb00)
HLE: E {PPU[1] Thread (CPUThread)[0x009e9004]} cellSpurs TODO: _cellSpursLFQueueInitialize
HLE: E {PPU[1] Thread (CPUThread)[0x009e9040]} cellSpurs TODO: cellSpursLFQueueAttachLv2EventQueue
HLE: E {PPU[1] Thread (CPUThread)[0x009e90f4]} cellSpurs TODO: cellSpursCreateTask(taskset_addr=0x30140f00, taskID_addr=0xd00107f0, elf_addr_addr=0x69ea00, context_addr_addr=0x30142a80, context_size=3072, lsPattern_addr=0x68e468, argument_addr=0xd00107f8)
HLE: E {PPU[1] Thread (CPUThread)[0x009e90f4]} cellSpurs TODO: cellSpursCreateTask(taskset_addr=0x30140f00, taskID_addr=0xd00107f0, elf_addr_addr=0x69ea00, context_addr_addr=0x30143680, context_size=3072, lsPattern_addr=0x68e468, argument_addr=0xd00107f8)
HLE: E {PPU[1] Thread (CPUThread)[0x009e90f4]} cellSpurs TODO: cellSpursCreateTask(taskset_addr=0x30140f00, taskID_addr=0xd00107f0, elf_addr_addr=0x69ea00, context_addr_addr=0x30144280, context_size=3072, lsPattern_addr=0x68e468, argument_addr=0xd00107f8)
HLE: E {PPU[1] Thread (CPUThread)[0x009e90f4]} cellSpurs TODO: cellSpursCreateTask(taskset_addr=0x30140f00, taskID_addr=0xd00107f0, elf_addr_addr=0x69ea00, context_addr_addr=0x30144e80, context_size=3072, lsPattern_addr=0x68e468, argument_addr=0xd00107f8)
HLE: E {PPU[1] Thread (CPUThread)[0x009e90f4]} cellSpurs TODO: cellSpursCreateTask(taskset_addr=0x30140f00, taskID_addr=0xd00107f0, elf_addr_addr=0x69ea00, context_addr_addr=0x30145a80, context_size=3072, lsPattern_addr=0x68e468, argument_addr=0xd00107f8)
HLE: W {PPU[1] Thread (CPUThread)[0x00a07034]} sys_lwmutex warning: *** lwmutex created [] (attribute=0x22): sq_id = 45
HLE: W {PPU[1] Thread (CPUThread)[0x00a07034]} sys_lwmutex warning: *** lwmutex created [] (attribute=0x22): sq_id = 46
HLE: W {PPU[1] Thread (CPUThread)[0x009eb058]} cellSysutil warning: cellSysutilGetSystemParamInt: CELL_SYSUTIL_SYSTEMPARAM_ID_ENTER_BUTTON_ASSIGN
HLE: W {PPU[1] Thread (CPUThread)[0x009eb058]} cellSysutil warning: cellSysutilGetSystemParamInt: CELL_SYSUTIL_SYSTEMPARAM_ID_ENTER_BUTTON_ASSIGN
HLE: W {PPU[1] Thread (CPUThread)[0x009f1004]} cellGcmSys warning: cellGcmGetTiledPitchSize(size=10240)
HLE: W {PPU[1] Thread (CPUThread)[0x009f1088]} cellGcmSys warning: cellGcmSetTile(index=0, location=0, offset=0, size=7536640, pitch=10240, comp=7, base=0, bank=0)
HLE: E {PPU[1] Thread (CPUThread)[0x009f1088]} cellGcmSys error: cellGcmSetTile: bad comp! (7)
HLE: W {PPU[1] Thread (CPUThread)[0x009f1004]} cellGcmSys warning: cellGcmGetTiledPitchSize(size=5120)
HLE: W {PPU[1] Thread (CPUThread)[0x009f1088]} cellGcmSys warning: cellGcmSetTile(index=1, location=0, offset=7536640, size=33292288, pitch=5120, comp=0, base=115, bank=0)
HLE: W {PPU[1] Thread (CPUThread)[0x009f1004]} cellGcmSys warning: cellGcmGetTiledPitchSize(size=5120)
HLE: W {PPU[1] Thread (CPUThread)[0x009f1088]} cellGcmSys warning: cellGcmSetTile(index=2, location=1, offset=27262976, size=3932160, pitch=5120, comp=0, base=115, bank=0)
HLE: W {PPU[1] Thread (CPUThread)[0x009f1004]} cellGcmSys warning: cellGcmGetTiledPitchSize(size=2560)
HLE: W {PPU[1] Thread (CPUThread)[0x009f1088]} cellGcmSys warning: cellGcmSetTile(index=3, location=0, offset=40828928, size=2818048, pitch=2560, comp=0, base=115, bank=0)
HLE: W {PPU[1] Thread (CPUThread)[0x009f1004]} cellGcmSys warning: cellGcmGetTiledPitchSize(size=1024)
HLE: W {PPU[1] Thread (CPUThread)[0x009f1088]} cellGcmSys warning: cellGcmSetTile(index=4, location=0, offset=43646976, size=262144, pitch=1024, comp=8, base=115, bank=0)
HLE: E {PPU[1] Thread (CPUThread)[0x009f1088]} cellGcmSys error: cellGcmSetTile: bad comp! (8)
HLE: W {PPU[1] Thread (CPUThread)[0x009f1004]} cellGcmSys warning: cellGcmGetTiledPitchSize(size=512)
HLE: W {PPU[1] Thread (CPUThread)[0x009f1088]} cellGcmSys warning: cellGcmSetTile(index=5, location=0, offset=43909120, size=2097152, pitch=512, comp=0, base=119, bank=0)
HLE: W {PPU[1] Thread (CPUThread)[0x009f1004]} cellGcmSys warning: cellGcmGetTiledPitchSize(size=256)
HLE: W {PPU[1] Thread (CPUThread)[0x009f1088]} cellGcmSys warning: cellGcmSetTile(index=6, location=0, offset=46006272, size=393216, pitch=256, comp=0, base=119, bank=0)
HLE: W {PPU[1] Thread (CPUThread)[0x009f1004]} cellGcmSys warning: cellGcmGetTiledPitchSize(size=4096)
HLE: W {PPU[1] Thread (CPUThread)[0x009f1088]} cellGcmSys warning: cellGcmSetTile(index=7, location=0, offset=46399488, size=4194304, pitch=4096, comp=0, base=119, bank=0)
HLE: W {PPU[1] Thread (CPUThread)[0x009f1004]} cellGcmSys warning: cellGcmGetTiledPitchSize(size=2048)
HLE: W {PPU[1] Thread (CPUThread)[0x009f1088]} cellGcmSys warning: cellGcmSetTile(index=8, location=0, offset=50593792, size=1048576, pitch=2048, comp=0, base=119, bank=0)
HLE: W {PPU[1] Thread (CPUThread)[0x009f1004]} cellGcmSys warning: cellGcmGetTiledPitchSize(size=10240)
HLE: W {PPU[1] Thread (CPUThread)[0x009f1088]} cellGcmSys warning: cellGcmSetTile(index=9, location=0, offset=51642368, size=7536640, pitch=10240, comp=11, base=119, bank=1)
HLE: E {PPU[1] Thread (CPUThread)[0x009f1088]} cellGcmSys error: cellGcmSetTile: bad comp! (11)
HLE: W {PPU[1] Thread (CPUThread)[0x009f1004]} cellGcmSys warning: cellGcmGetTiledPitchSize(size=1024)
HLE: W {PPU[1] Thread (CPUThread)[0x009f1088]} cellGcmSys warning: cellGcmSetTile(index=10, location=0, offset=59179008, size=262144, pitch=1024, comp=12, base=234, bank=1)
HLE: E {PPU[1] Thread (CPUThread)[0x009f1088]} cellGcmSys error: cellGcmSetTile: bad comp! (12)
HLE: W {PPU[1] Thread (CPUThread)[0x009f1004]} cellGcmSys warning: cellGcmGetTiledPitchSize(size=2560)
HLE: W {PPU[1] Thread (CPUThread)[0x009f1088]} cellGcmSys warning: cellGcmSetTile(index=11, location=1, offset=31195136, size=983040, pitch=2560, comp=0, base=238, bank=0)
HLE: W {PPU[1] Thread (CPUThread)[0x009f1004]} cellGcmSys warning: cellGcmGetTiledPitchSize(size=5120)
HLE: W {PPU[1] Thread (CPUThread)[0x009f1088]} cellGcmSys warning: cellGcmSetTile(index=12, location=1, offset=32178176, size=3932160, pitch=5120, comp=0, base=238, bank=0)
HLE: E {PPU[1] Thread (CPUThread)[0x009f1094]} cellGcmSys TODO: cellGcmSetZcull(index=0, offset=0x3140000, width=1280, height=768, cullStart=0x0, zFormat=0x2, aaFormat=0x3, zCullDir=0x0, zCullFormat=0x1, sFunc=0x2, sRef=0x0, sMask=0x40)
HLE: W {PPU[1] Thread (CPUThread)[0x009eb010]} cellSysutil warning: cellVideoOutConfigure(videoOut=0, config_addr=0xd00108d4, option_addr=0x0, waitForEvent=0x0)
HLE: W {PPU[1] Thread (CPUThread)[0x009f1028]} cellGcmSys warning: cellGcmSetFlipMode(mode=2)
HLE: W {PPU[1] Thread (CPUThread)[0x009f1070]} cellGcmSys warning: cellGcmSetVBlankHandler(handler_addr=0x7cf340)
HLE: W {PPU[1] Thread (CPUThread)[0x009f104c]} cellGcmSys warning: cellGcmSetFlipHandler(handler_addr=8188744)
HLE: W {PPU[1] Thread (CPUThread)[0x009f1010]} cellGcmSys warning: cellGcmSetUserHandler(handler_addr=0x7cf338)
HLE: E {PPU[1] Thread (CPUThread)[0x009e9034]} cellSpurs TODO: _cellSpursTasksetAttributeInitialize
HLE: E {PPU[1] Thread (CPUThread)[0x009e907c]} cellSpurs TODO: cellSpursTasksetAttributeSetName
HLE: E {PPU[1] Thread (CPUThread)[0x009e9100]} cellSpurs TODO: cellSpursCreateTasksetWithAttribute
HLE: E {PPU[1] Thread (CPUThread)[0x009e9004]} cellSpurs TODO: _cellSpursLFQueueInitialize
HLE: E {PPU[1] Thread (CPUThread)[0x009e9040]} cellSpurs TODO: cellSpursLFQueueAttachLv2EventQueue
HLE: E {PPU[1] Thread (CPUThread)[0x009e90b8]} cellSpurs TODO: cellSpursTaskGetContextSaveAreaSize
HLE: W {PPU[1] Thread (CPUThread)[0x009e9070]} cellSpurs warning: _cellSpursEventFlagInitialize(spurs_addr=0x0, taskset_addr=0x30146700, eventFlag_addr=0x988200, flagClearMode=0, flagDirection=1)
HLE: E {PPU[1] Thread (CPUThread)[0x009e90f4]} cellSpurs TODO: cellSpursCreateTask(taskset_addr=0x30146700, taskID_addr=0xd00106e4, elf_addr_addr=0x716080, context_addr_addr=0x30148900, context_size=0, lsPattern_addr=0x6a3380, argument_addr=0xd00106e8)
HLE: E {PPU[1] Thread (CPUThread)[0x009e90f4]} cellSpurs TODO: cellSpursCreateTask(taskset_addr=0x30146700, taskID_addr=0xd00106e4, elf_addr_addr=0x716080, context_addr_addr=0x30148900, context_size=0, lsPattern_addr=0x6a3380, argument_addr=0xd00106e8)
HLE: E {PPU[1] Thread (CPUThread)[0x009e90f4]} cellSpurs TODO: cellSpursCreateTask(taskset_addr=0x30146700, taskID_addr=0xd00106e4, elf_addr_addr=0x716080, context_addr_addr=0x30148900, context_size=0, lsPattern_addr=0x6a3380, argument_addr=0xd00106e8)
HLE: E {PPU[1] Thread (CPUThread)[0x009e90f4]} cellSpurs TODO: cellSpursCreateTask(taskset_addr=0x30146700, taskID_addr=0xd00106e4, elf_addr_addr=0x716080, context_addr_addr=0x30148900, context_size=0, lsPattern_addr=0x6a3380, argument_addr=0xd00106e8)
HLE: E {PPU[1] Thread (CPUThread)[0x009e90f4]} cellSpurs TODO: cellSpursCreateTask(taskset_addr=0x30146700, taskID_addr=0xd00106e4, elf_addr_addr=0x716080, context_addr_addr=0x30148900, context_size=0, lsPattern_addr=0x6a3380, argument_addr=0xd00106e8)
HLE: E {PPU[1] Thread (CPUThread)[0x009e9034]} cellSpurs TODO: _cellSpursTasksetAttributeInitialize
HLE: E {PPU[1] Thread (CPUThread)[0x009e907c]} cellSpurs TODO: cellSpursTasksetAttributeSetName
HLE: E {PPU[1] Thread (CPUThread)[0x009e9100]} cellSpurs TODO: cellSpursCreateTasksetWithAttribute
HLE: E {PPU[1] Thread (CPUThread)[0x009e901c]} cellSpurs TODO: _cellSpursQueueInitialize
HLE: E {PPU[1] Thread (CPUThread)[0x009e9118]} cellSpurs TODO: cellSpursQueueAttachLv2EventQueue
HLE: E {PPU[1] Thread (CPUThread)[0x009e90b8]} cellSpurs TODO: cellSpursTaskGetContextSaveAreaSize
HLE: W {PPU[1] Thread (CPUThread)[0x009e9070]} cellSpurs warning: _cellSpursEventFlagInitialize(spurs_addr=0x0, taskset_addr=0x30148980, eventFlag_addr=0x988a80, flagClearMode=0, flagDirection=1)
HLE: E {PPU[1] Thread (CPUThread)[0x009e90f4]} cellSpurs TODO: cellSpursCreateTask(taskset_addr=0x30148980, taskID_addr=0xd00106f4, elf_addr_addr=0x6a3400, context_addr_addr=0x3014a300, context_size=0, lsPattern_addr=0x6a33e0, argument_addr=0xd00106f8)
HLE: E {PPU[1] Thread (CPUThread)[0x009e9034]} cellSpurs TODO: _cellSpursTasksetAttributeInitialize
HLE: E {PPU[1] Thread (CPUThread)[0x009e907c]} cellSpurs TODO: cellSpursTasksetAttributeSetName
HLE: E {PPU[1] Thread (CPUThread)[0x009e9100]} cellSpurs TODO: cellSpursCreateTasksetWithAttribute
HLE: E {PPU[1] Thread (CPUThread)[0x009e901c]} cellSpurs TODO: _cellSpursQueueInitialize
HLE: E {PPU[1] Thread (CPUThread)[0x009e9118]} cellSpurs TODO: cellSpursQueueAttachLv2EventQueue
HLE: E {PPU[1] Thread (CPUThread)[0x009e90b8]} cellSpurs TODO: cellSpursTaskGetContextSaveAreaSize
HLE: W {PPU[1] Thread (CPUThread)[0x009e9070]} cellSpurs warning: _cellSpursEventFlagInitialize(spurs_addr=0x0, taskset_addr=0x3014a380, eventFlag_addr=0x988c80, flagClearMode=0, flagDirection=1)
HLE: E {PPU[1] Thread (CPUThread)[0x009e90f4]} cellSpurs TODO: cellSpursCreateTask(taskset_addr=0x3014a380, taskID_addr=0xd00106e4, elf_addr_addr=0x6e9000, context_addr_addr=0x3014bd00, context_size=0, lsPattern_addr=0x6a33f0, argument_addr=0xd00106e8)
HLE: E {PPU[1] Thread (CPUThread)[0x009e9034]} cellSpurs TODO: _cellSpursTasksetAttributeInitialize
HLE: E {PPU[1] Thread (CPUThread)[0x009e907c]} cellSpurs TODO: cellSpursTasksetAttributeSetName
HLE: E {PPU[1] Thread (CPUThread)[0x009e9100]} cellSpurs TODO: cellSpursCreateTasksetWithAttribute
HLE: E {PPU[1] Thread (CPUThread)[0x009e901c]} cellSpurs TODO: _cellSpursQueueInitialize
HLE: E {PPU[1] Thread (CPUThread)[0x009e9118]} cellSpurs TODO: cellSpursQueueAttachLv2EventQueue
HLE: E {PPU[1] Thread (CPUThread)[0x009e90b8]} cellSpurs TODO: cellSpursTaskGetContextSaveAreaSize
HLE: W {PPU[1] Thread (CPUThread)[0x009e9070]} cellSpurs warning: _cellSpursEventFlagInitialize(spurs_addr=0x0, taskset_addr=0x3014bd80, eventFlag_addr=0x988900, flagClearMode=0, flagDirection=1)
HLE: E {PPU[1] Thread (CPUThread)[0x009e90f4]} cellSpurs TODO: cellSpursCreateTask(taskset_addr=0x3014bd80, taskID_addr=0xd00106f4, elf_addr_addr=0x754780, context_addr_addr=0x3014d700, context_size=0, lsPattern_addr=0x6a33d0, argument_addr=0xd00106f8)
HLE: E {PPU[1] Thread (CPUThread)[0x009e9034]} cellSpurs TODO: _cellSpursTasksetAttributeInitialize
HLE: E {PPU[1] Thread (CPUThread)[0x009e907c]} cellSpurs TODO: cellSpursTasksetAttributeSetName
HLE: E {PPU[1] Thread (CPUThread)[0x009e9100]} cellSpurs TODO: cellSpursCreateTasksetWithAttribute
HLE: E {PPU[1] Thread (CPUThread)[0x009e901c]} cellSpurs TODO: _cellSpursQueueInitialize
HLE: E {PPU[1] Thread (CPUThread)[0x009e9118]} cellSpurs TODO: cellSpursQueueAttachLv2EventQueue
HLE: E {PPU[1] Thread (CPUThread)[0x009e90b8]} cellSpurs TODO: cellSpursTaskGetContextSaveAreaSize
HLE: E {PPU[1] Thread (CPUThread)[0x009e90f4]} cellSpurs TODO: cellSpursCreateTask(taskset_addr=0x3014d780, taskID_addr=0xd00106e4, elf_addr_addr=0x6e6d00, context_addr_addr=0x3014f500, context_size=0, lsPattern_addr=0x6a33b0, argument_addr=0xd00106e8)
HLE: E {PPU[1] Thread (CPUThread)[0x009e90f4]} cellSpurs TODO: cellSpursCreateTask(taskset_addr=0x3014d780, taskID_addr=0xd00106e4, elf_addr_addr=0x6e6d00, context_addr_addr=0x3014f500, context_size=0, lsPattern_addr=0x6a33b0, argument_addr=0xd00106e8)
HLE: E {PPU[1] Thread (CPUThread)[0x009e90f4]} cellSpurs TODO: cellSpursCreateTask(taskset_addr=0x3014d780, taskID_addr=0xd00106e4, elf_addr_addr=0x6e6d00, context_addr_addr=0x3014f500, context_size=0, lsPattern_addr=0x6a33b0, argument_addr=0xd00106e8)
HLE: E {PPU[1] Thread (CPUThread)[0x009e90f4]} cellSpurs TODO: cellSpursCreateTask(taskset_addr=0x3014d780, taskID_addr=0xd00106e4, elf_addr_addr=0x6e6d00, context_addr_addr=0x3014f500, context_size=0, lsPattern_addr=0x6a33b0, argument_addr=0xd00106e8)
HLE: E {PPU[1] Thread (CPUThread)[0x009e90f4]} cellSpurs TODO: cellSpursCreateTask(taskset_addr=0x3014d780, taskID_addr=0xd00106e4, elf_addr_addr=0x6e6d00, context_addr_addr=0x3014f500, context_size=0, lsPattern_addr=0x6a33b0, argument_addr=0xd00106e8)
HLE: E {PPU[1] Thread (CPUThread)[0x009e9034]} cellSpurs TODO: _cellSpursTasksetAttributeInitialize
HLE: E {PPU[1] Thread (CPUThread)[0x009e907c]} cellSpurs TODO: cellSpursTasksetAttributeSetName
HLE: E {PPU[1] Thread (CPUThread)[0x009e9100]} cellSpurs TODO: cellSpursCreateTasksetWithAttribute
HLE: E {PPU[1] Thread (CPUThread)[0x009e9004]} cellSpurs TODO: _cellSpursLFQueueInitialize
HLE: E {PPU[1] Thread (CPUThread)[0x009e90b8]} cellSpurs TODO: cellSpursTaskGetContextSaveAreaSize
HLE: E {PPU[1] Thread (CPUThread)[0x009e90f4]} cellSpurs TODO: cellSpursCreateTask(taskset_addr=0x3014f580, taskID_addr=0xd00106e4, elf_addr_addr=0x730100, context_addr_addr=0x30158f00, context_size=0, lsPattern_addr=0x6a33a0, argument_addr=0xd00106e8)
HLE: E {PPU[1] Thread (CPUThread)[0x009e90f4]} cellSpurs TODO: cellSpursCreateTask(taskset_addr=0x3014f580, taskID_addr=0xd00106e4, elf_addr_addr=0x730100, context_addr_addr=0x30158f00, context_size=0, lsPattern_addr=0x6a33a0, argument_addr=0xd00106e8)
HLE: E {PPU[1] Thread (CPUThread)[0x009e90f4]} cellSpurs TODO: cellSpursCreateTask(taskset_addr=0x3014f580, taskID_addr=0xd00106e4, elf_addr_addr=0x730100, context_addr_addr=0x30158f00, context_size=0, lsPattern_addr=0x6a33a0, argument_addr=0xd00106e8)
HLE: E {PPU[1] Thread (CPUThread)[0x009e90f4]} cellSpurs TODO: cellSpursCreateTask(taskset_addr=0x3014f580, taskID_addr=0xd00106e4, elf_addr_addr=0x730100, context_addr_addr=0x30158f00, context_size=0, lsPattern_addr=0x6a33a0, argument_addr=0xd00106e8)
HLE: E {PPU[1] Thread (CPUThread)[0x009e90f4]} cellSpurs TODO: cellSpursCreateTask(taskset_addr=0x3014f580, taskID_addr=0xd00106e4, elf_addr_addr=0x730100, context_addr_addr=0x30158f00, context_size=0, lsPattern_addr=0x6a33a0, argument_addr=0xd00106e8)
HLE: E {PPU[1] Thread (CPUThread)[0x009e9034]} cellSpurs TODO: _cellSpursTasksetAttributeInitialize
HLE: E {PPU[1] Thread (CPUThread)[0x009e907c]} cellSpurs TODO: cellSpursTasksetAttributeSetName
HLE: E {PPU[1] Thread (CPUThread)[0x009e9100]} cellSpurs TODO: cellSpursCreateTasksetWithAttribute
HLE: E {PPU[1] Thread (CPUThread)[0x009e901c]} cellSpurs TODO: _cellSpursQueueInitialize
HLE: E {PPU[1] Thread (CPUThread)[0x009e9118]} cellSpurs TODO: cellSpursQueueAttachLv2EventQueue
HLE: E {PPU[1] Thread (CPUThread)[0x009e90b8]} cellSpurs TODO: cellSpursTaskGetContextSaveAreaSize
HLE: E {PPU[1] Thread (CPUThread)[0x009e90f4]} cellSpurs TODO: cellSpursCreateTask(taskset_addr=0x30158f80, taskID_addr=0xd00106e4, elf_addr_addr=0x6afc80, context_addr_addr=0x3015b900, context_size=0, lsPattern_addr=0x6a33c0, argument_addr=0xd00106e8)
HLE: E {PPU[1] Thread (CPUThread)[0x009e90f4]} cellSpurs TODO: cellSpursCreateTask(taskset_addr=0x30158f80, taskID_addr=0xd00106e4, elf_addr_addr=0x6afc80, context_addr_addr=0x3015b900, context_size=0, lsPattern_addr=0x6a33c0, argument_addr=0xd00106e8)
HLE: E {PPU[1] Thread (CPUThread)[0x009e90f4]} cellSpurs TODO: cellSpursCreateTask(taskset_addr=0x30158f80, taskID_addr=0xd00106e4, elf_addr_addr=0x6afc80, context_addr_addr=0x3015b900, context_size=0, lsPattern_addr=0x6a33c0, argument_addr=0xd00106e8)
HLE: E {PPU[1] Thread (CPUThread)[0x009e90f4]} cellSpurs TODO: cellSpursCreateTask(taskset_addr=0x30158f80, taskID_addr=0xd00106e4, elf_addr_addr=0x6afc80, context_addr_addr=0x3015b900, context_size=0, lsPattern_addr=0x6a33c0, argument_addr=0xd00106e8)
HLE: E {PPU[1] Thread (CPUThread)[0x009e90f4]} cellSpurs TODO: cellSpursCreateTask(taskset_addr=0x30158f80, taskID_addr=0xd00106e4, elf_addr_addr=0x6afc80, context_addr_addr=0x3015b900, context_size=0, lsPattern_addr=0x6a33c0, argument_addr=0xd00106e8)
HLE: E {PPU[1] Thread (CPUThread)[0x009e9034]} cellSpurs TODO: _cellSpursTasksetAttributeInitialize
HLE: E {PPU[1] Thread (CPUThread)[0x009e907c]} cellSpurs TODO: cellSpursTasksetAttributeSetName
HLE: E {PPU[1] Thread (CPUThread)[0x009e9100]} cellSpurs TODO: cellSpursCreateTasksetWithAttribute
HLE: E {PPU[1] Thread (CPUThread)[0x009e901c]} cellSpurs TODO: _cellSpursQueueInitialize
HLE: E {PPU[1] Thread (CPUThread)[0x009e9118]} cellSpurs TODO: cellSpursQueueAttachLv2EventQueue
HLE: E {PPU[1] Thread (CPUThread)[0x009e90b8]} cellSpurs TODO: cellSpursTaskGetContextSaveAreaSize
HLE: E {PPU[1] Thread (CPUThread)[0x009e90f4]} cellSpurs TODO: cellSpursCreateTask(taskset_addr=0x3015b980, taskID_addr=0xd00106e4, elf_addr_addr=0x75a800, context_addr_addr=0x3015db00, context_size=0, lsPattern_addr=0x6a3390, argument_addr=0xd00106e8)
HLE: E {PPU[1] Thread (CPUThread)[0x009e90f4]} cellSpurs TODO: cellSpursCreateTask(taskset_addr=0x3015b980, taskID_addr=0xd00106e4, elf_addr_addr=0x75a800, context_addr_addr=0x3015db00, context_size=0, lsPattern_addr=0x6a3390, argument_addr=0xd00106e8)
HLE: E {PPU[1] Thread (CPUThread)[0x009e90f4]} cellSpurs TODO: cellSpursCreateTask(taskset_addr=0x3015b980, taskID_addr=0xd00106e4, elf_addr_addr=0x75a800, context_addr_addr=0x3015db00, context_size=0, lsPattern_addr=0x6a3390, argument_addr=0xd00106e8)
HLE: E {PPU[1] Thread (CPUThread)[0x009e90f4]} cellSpurs TODO: cellSpursCreateTask(taskset_addr=0x3015b980, taskID_addr=0xd00106e4, elf_addr_addr=0x75a800, context_addr_addr=0x3015db00, context_size=0, lsPattern_addr=0x6a3390, argument_addr=0xd00106e8)
HLE: E {PPU[1] Thread (CPUThread)[0x009e90f4]} cellSpurs TODO: cellSpursCreateTask(taskset_addr=0x3015b980, taskID_addr=0xd00106e4, elf_addr_addr=0x75a800, context_addr_addr=0x3015db00, context_size=0, lsPattern_addr=0x6a3390, argument_addr=0xd00106e8)
HLE: E {PPU[1] Thread (CPUThread)[0x009e9034]} cellSpurs TODO: _cellSpursTasksetAttributeInitialize
HLE: E {PPU[1] Thread (CPUThread)[0x009e907c]} cellSpurs TODO: cellSpursTasksetAttributeSetName
HLE: E {PPU[1] Thread (CPUThread)[0x009e9100]} cellSpurs TODO: cellSpursCreateTasksetWithAttribute
HLE: E {PPU[1] Thread (CPUThread)[0x009e9034]} cellSpurs TODO: _cellSpursTasksetAttributeInitialize
HLE: E {PPU[1] Thread (CPUThread)[0x009e907c]} cellSpurs TODO: cellSpursTasksetAttributeSetName
HLE: E {PPU[1] Thread (CPUThread)[0x009e9100]} cellSpurs TODO: cellSpursCreateTasksetWithAttribute
HLE: W {PPU[1] Thread (CPUThread)[0x00a07034]} sys_lwmutex warning: *** lwmutex created [] (attribute=0x22): sq_id = 47
HLE: W {PPU[1] Thread (CPUThread)[0x0045cabc]} memory warning: sys_memory_get_page_attribute(addr=0x3014bcf0, attr_addr=0xd0010450)
HLE: W {PPU[1] Thread (CPUThread)[0x0045cabc]} memory warning: sys_memory_get_page_attribute(addr=0x30160e90, attr_addr=0xd0010450)
HLE: W {PPU[1] Thread (CPUThread)[0x0045cabc]} memory warning: sys_memory_get_page_attribute(addr=0x30160e90, attr_addr=0xd0010520)
HLE: W {PPU[1] Thread (CPUThread)[0x0045cabc]} memory warning: sys_memory_get_page_attribute(addr=0x3014bcf0, attr_addr=0xd0010520)
HLE: W {PPU[1] Thread (CPUThread)[0x0045cabc]} memory warning: sys_memory_get_page_attribute(addr=0x30160e90, attr_addr=0xd0010530)
HLE: W {PPU[1] Thread (CPUThread)[0x009f3034]} "/dev_bdvd/PS3_GAME/USRDIR/LibResource/shader.dat" opened: fd = 48
HLE: W {PPU[1] Thread (CPUThread)[0x0045cabc]} memory warning: sys_memory_get_page_attribute(addr=0x3014d6b0, attr_addr=0xd00106a0)
HLE: W {PPU[1] Thread (CPUThread)[0x009f3004]} sys_fs warning: cellFsClose(fd=48)
HLE: W {PPU[1] Thread (CPUThread)[0x00a07034]} sys_lwmutex warning: *** lwmutex created [] (attribute=0x22): sq_id = 49
HLE: W {PPU[1] Thread (CPUThread)[0x00a07034]} sys_lwmutex warning: *** lwmutex created [] (attribute=0x22): sq_id = 50
HLE: W {PPU[1] Thread (CPUThread)[0x0045cabc]} memory warning: sys_memory_get_page_attribute(addr=0x3014bcf0, attr_addr=0xd0010370)
HLE: W {PPU[1] Thread (CPUThread)[0x0045cabc]} memory warning: sys_memory_get_page_attribute(addr=0x301628f0, attr_addr=0xd0010370)
HLE: W {PPU[1] Thread (CPUThread)[0x0045cabc]} memory warning: sys_memory_get_page_attribute(addr=0x301628f0, attr_addr=0xd0010440)
HLE: W {PPU[1] Thread (CPUThread)[0x0045cabc]} memory warning: sys_memory_get_page_attribute(addr=0x3014bcf0, attr_addr=0xd0010440)
HLE: W {PPU[1] Thread (CPUThread)[0x0045cabc]} memory warning: sys_memory_get_page_attribute(addr=0x3013d740, attr_addr=0xd0010450)
HLE: W {PPU[1] Thread (CPUThread)[0x009f3034]} "/dev_bdvd/PS3_GAME/USRDIR/LibResource/lib_texture.txm" opened: fd = 51
HLE: W {PPU[1] Thread (CPUThread)[0x0045cabc]} memory warning: sys_memory_get_page_attribute(addr=0x3014d6b0, attr_addr=0xd00105c0)
HLE: W {PPU[1] Thread (CPUThread)[0x009f3004]} sys_fs warning: cellFsClose(fd=51)
HLE: W {PPU[1] Thread (CPUThread)[0x0045cabc]} memory warning: sys_memory_get_page_attribute(addr=0x3014bcf0, attr_addr=0xd0010370)
HLE: W {PPU[1] Thread (CPUThread)[0x0045cabc]} memory warning: sys_memory_get_page_attribute(addr=0x30163820, attr_addr=0xd0010370)
HLE: W {PPU[1] Thread (CPUThread)[0x0045cabc]} memory warning: sys_memory_get_page_attribute(addr=0x30163820, attr_addr=0xd0010440)
HLE: W {PPU[1] Thread (CPUThread)[0x0045cabc]} memory warning: sys_memory_get_page_attribute(addr=0x3014bcf0, attr_addr=0xd0010440)
HLE: W {PPU[1] Thread (CPUThread)[0x0045cabc]} memory warning: sys_memory_get_page_attribute(addr=0x3013d740, attr_addr=0xd0010450)
HLE: W {PPU[1] Thread (CPUThread)[0x009f3034]} "/dev_bdvd/PS3_GAME/USRDIR/LibResource/lib_texture.txv" opened: fd = 52
HLE: W {PPU[1] Thread (CPUThread)[0x0045cabc]} memory warning: sys_memory_get_page_attribute(addr=0x3014d6b0, attr_addr=0xd00105c0)
HLE: W {PPU[1] Thread (CPUThread)[0x009f3004]} sys_fs warning: cellFsClose(fd=52)
HLE: W {PPU[1] Thread (CPUThread)[0x00a07034]} sys_lwmutex warning: *** lwmutex created [] (attribute=0x22): sq_id = 53
HLE: W {PPU[1] Thread (CPUThread)[0x00a07034]} sys_lwmutex warning: *** lwmutex created [] (attribute=0x22): sq_id = 54
HLE: W {PPU[1] Thread (CPUThread)[0x00a07034]} sys_lwmutex warning: *** lwmutex created [] (attribute=0x22): sq_id = 55
HLE: W {PPU[1] Thread (CPUThread)[0x004d878c]} sys_semaphore warning: sys_semaphore_create(sem_addr=0x987228, attr_addr=0xd0010960, initial_count=0, max_count=1)
HLE: ! {PPU[1] Thread (CPUThread)[0x004d878c]} *** semaphore created [] (protocol=0x2): id = 56
HLE: W {PPU[1] Thread (CPUThread)[0x00a07034]} sys_lwmutex warning: *** lwmutex created [] (attribute=0x22): sq_id = 57
HLE: W {PPU[1] Thread (CPUThread)[0x00a07034]} sys_lwmutex warning: *** lwmutex created [] (attribute=0x22): sq_id = 58
PPU: ! {PPU[1] Thread (CPUThread)[0x00a0701c]} *** New PPU Thread [] (flags=0x1, entry=0x7d3fe8): id = 59
HLE: E {PPU[1] Thread (CPUThread)[0x009f9034]} TODO: cellSyncLFQueueInitialize
HLE: W {PPU[1] Thread (CPUThread)[0x009e9070]} cellSpurs warning: _cellSpursEventFlagInitialize(spurs_addr=0x0, taskset_addr=0x3015f500, eventFlag_addr=0x30197780, flagClearMode=1, flagDirection=1)
HLE: E {PPU[1] Thread (CPUThread)[0x009e90a0]} cellSpurs TODO: cellSpursEventFlagAttachLv2EventQueue(eventFlag_addr=0x30197780)
HLE: W {PPU[1] Thread (CPUThread)[0x00a07034]} sys_lwmutex warning: *** lwmutex created [] (attribute=0x22): sq_id = 60
HLE: W {PPU[1] Thread (CPUThread)[0x00a07034]} sys_lwmutex warning: *** lwmutex created [] (attribute=0x22): sq_id = 61
HLE: W {PPU[1] Thread (CPUThread)[0x0045cabc]} memory warning: sys_memory_get_page_attribute(addr=0x301935f0, attr_addr=0xd00102a0)
HLE: W {PPU[1] Thread (CPUThread)[0x0045cabc]} memory warning: sys_memory_get_page_attribute(addr=0x301fa740, attr_addr=0xd00102a0)
HLE: W {PPU[1] Thread (CPUThread)[0x0045cabc]} memory warning: sys_memory_get_page_attribute(addr=0x301fa740, attr_addr=0xd0010370)
HLE: W {PPU[1] Thread (CPUThread)[0x0045cabc]} memory warning: sys_memory_get_page_attribute(addr=0x301935f0, attr_addr=0xd0010370)
HLE: W {PPU[1] Thread (CPUThread)[0x0045cabc]} memory warning: sys_memory_get_page_attribute(addr=0x3013d740, attr_addr=0xd0010380)
HLE: W {PPU[1] Thread (CPUThread)[0x009f3034]} "/dev_bdvd/PS3_GAME/USRDIR/LibResource/_SYS_CLOUD_MODEL0.dat" opened: fd = 62
HLE: W {PPU[1] Thread (CPUThread)[0x0045cabc]} memory warning: sys_memory_get_page_attribute(addr=0x3014d6b0, attr_addr=0xd00104f0)
HLE: W {PPU[1] Thread (CPUThread)[0x009f3004]} sys_fs warning: cellFsClose(fd=62)
HLE: W {PPU[1] Thread (CPUThread)[0x0045cabc]} memory warning: sys_memory_get_page_attribute(addr=0x301935f0, attr_addr=0xd00102a0)
HLE: W {PPU[1] Thread (CPUThread)[0x0045cabc]} memory warning: sys_memory_get_page_attribute(addr=0x301ff260, attr_addr=0xd00102a0)
HLE: W {PPU[1] Thread (CPUThread)[0x0045cabc]} memory warning: sys_memory_get_page_attribute(addr=0x301ff260, attr_addr=0xd0010370)
HLE: W {PPU[1] Thread (CPUThread)[0x0045cabc]} memory warning: sys_memory_get_page_attribute(addr=0x301935f0, attr_addr=0xd0010370)
HLE: W {PPU[1] Thread (CPUThread)[0x0045cabc]} memory warning: sys_memory_get_page_attribute(addr=0x3013d740, attr_addr=0xd0010380)
HLE: W {PPU[1] Thread (CPUThread)[0x009f3034]} "/dev_bdvd/PS3_GAME/USRDIR/LibResource/_SYS_CLOUD_MODEL1.dat" opened: fd = 63
HLE: W {PPU[1] Thread (CPUThread)[0x0045cabc]} memory warning: sys_memory_get_page_attribute(addr=0x3014d6b0, attr_addr=0xd00104f0)
HLE: W {PPU[1] Thread (CPUThread)[0x009f3004]} sys_fs warning: cellFsClose(fd=63)
HLE: W {PPU[1] Thread (CPUThread)[0x0045cabc]} memory warning: sys_memory_get_page_attribute(addr=0x301935f0, attr_addr=0xd00102a0)
HLE: W {PPU[1] Thread (CPUThread)[0x0045cabc]} memory warning: sys_memory_get_page_attribute(addr=0x301ffd70, attr_addr=0xd00102a0)
HLE: W {PPU[1] Thread (CPUThread)[0x0045cabc]} memory warning: sys_memory_get_page_attribute(addr=0x301ffd70, attr_addr=0xd0010370)
HLE: W {PPU[1] Thread (CPUThread)[0x0045cabc]} memory warning: sys_memory_get_page_attribute(addr=0x301935f0, attr_addr=0xd0010370)
HLE: W {PPU[1] Thread (CPUThread)[0x0045cabc]} memory warning: sys_memory_get_page_attribute(addr=0x3013d740, attr_addr=0xd0010380)
HLE: W {PPU[1] Thread (CPUThread)[0x009f3034]} "/dev_bdvd/PS3_GAME/USRDIR/LibResource/_SYS_CLOUD_MODEL2.dat" opened: fd = 64
HLE: W {PPU[1] Thread (CPUThread)[0x0045cabc]} memory warning: sys_memory_get_page_attribute(addr=0x3014d6b0, attr_addr=0xd00104f0)
HLE: W {PPU[1] Thread (CPUThread)[0x009f3004]} sys_fs warning: cellFsClose(fd=64)
HLE: W {PPU[1] Thread (CPUThread)[0x0045cabc]} memory warning: sys_memory_get_page_attribute(addr=0x301935f0, attr_addr=0xd00102a0)
HLE: W {PPU[1] Thread (CPUThread)[0x0045cabc]} memory warning: sys_memory_get_page_attribute(addr=0x301ffd70, attr_addr=0xd00102a0)
HLE: W {PPU[1] Thread (CPUThread)[0x0045cabc]} memory warning: sys_memory_get_page_attribute(addr=0x301ffd70, attr_addr=0xd0010370)
HLE: W {PPU[1] Thread (CPUThread)[0x0045cabc]} memory warning: sys_memory_get_page_attribute(addr=0x301935f0, attr_addr=0xd0010370)
HLE: W {PPU[1] Thread (CPUThread)[0x0045cabc]} memory warning: sys_memory_get_page_attribute(addr=0x3013d740, attr_addr=0xd0010380)
HLE: W {PPU[1] Thread (CPUThread)[0x009f3034]} "/dev_bdvd/PS3_GAME/USRDIR/LibResource/_SYS_CLOUD_MODEL3.dat" opened: fd = 65
HLE: W {PPU[1] Thread (CPUThread)[0x0045cabc]} memory warning: sys_memory_get_page_attribute(addr=0x3014d6b0, attr_addr=0xd00104f0)
HLE: W {PPU[1] Thread (CPUThread)[0x009f3004]} sys_fs warning: cellFsClose(fd=65)
HLE: W {PPU[1] Thread (CPUThread)[0x0045cd80]} memory warning: sys_memory_get_user_memory_size(mem_info_addr=0xd0010a30)
HLE: W {PPU[1] Thread (CPUThread)[0x00a07034]} sys_lwmutex warning: *** lwmutex created [] (attribute=0x22): sq_id = 66
HLE: W {PPU[1] Thread (CPUThread)[0x004d878c]} sys_semaphore warning: sys_semaphore_create(sem_addr=0x89bcd8, attr_addr=0xd0010960, initial_count=0, max_count=1)
HLE: ! {PPU[1] Thread (CPUThread)[0x004d878c]} *** semaphore created [] (protocol=0x2): id = 67
HLE: W {PPU[1] Thread (CPUThread)[0x00a07034]} sys_lwmutex warning: *** lwmutex created [] (attribute=0x22): sq_id = 68
HLE: W {PPU[1] Thread (CPUThread)[0x00a07034]} sys_lwmutex warning: *** lwmutex created [] (attribute=0x22): sq_id = 69
PPU: ! {PPU[1] Thread (CPUThread)[0x00a0701c]} *** New PPU Thread [] (flags=0x1, entry=0x7d3fe8): id = 70
HLE: E {PPU[1] Thread (CPUThread)[0x009f9034]} TODO: cellSyncLFQueueInitialize
HLE: W {PPU[1] Thread (CPUThread)[0x009e9070]} cellSpurs warning: _cellSpursEventFlagInitialize(spurs_addr=0x0, taskset_addr=0x3015f500, eventFlag_addr=0x301fff00, flagClearMode=1, flagDirection=1)
HLE: E {PPU[1] Thread (CPUThread)[0x009e90a0]} cellSpurs TODO: cellSpursEventFlagAttachLv2EventQueue(eventFlag_addr=0x301fff00)
HLE: W {PPU[1] Thread (CPUThread)[0x009ed04c]} cellGame warning: cellGameBootCheck(type_addr=0xd00108c0, attributes_addr=0xd00108c4, size_addr=0xd00108dc, dirName_addr=0xd00108f8)
HLE: W {PPU[1] Thread (CPUThread)[0x009ed004]} cellGame warning: cellGameGetParamString(id=100, buf_addr=0xd00108d0, bufsize=10)
HLE: W {PPU[1] Thread (CPUThread)[0x009ed004]} cellGame warning: cellGameGetParamString(id=101, buf_addr=0xd00108c8, bufsize=6)
HLE: W {PPU[1] Thread (CPUThread)[0x009ed01c]} cellGame warning: cellGameContentPermit(contentInfoPath_addr=0xd0010978, usrdirPath_addr=0xd00109f8)
HLE: W {PPU[1] Thread (CPUThread)[0x009ed040]} cellGame warning: cellGameDataCheck(type=0x3, dirName_addr=0x68be40, size_addr=0xd00108e8)
HLE: W {PPU[1] Thread (CPUThread)[0x009ed040]} cellGame warning: cellGameDataCheck(): '/dev_hdd0/game/BLUS30903-CHECK' directory not found
HLE: W {PPU[1] Thread (CPUThread)[0x009ed01c]} cellGame warning: cellGameContentPermit(contentInfoPath_addr=0xd0010978, usrdirPath_addr=0xd00109f8)
HLE: W {PPU[1] Thread (CPUThread)[0x009ed01c]} cellGame warning: cellGameContentPermit(): CELL_GAME_ERROR_FAILURE (no permission given)
HLE: W {PPU[1] Thread (CPUThread)[0x009ed040]} cellGame warning: cellGameDataCheck(type=0x3, dirName_addr=0x68be28, size_addr=0xd00108e8)
HLE: W {PPU[1] Thread (CPUThread)[0x009ed040]} cellGame warning: cellGameDataCheck(): '/dev_hdd0/game/BLUS30903-INSTALL' directory not found
HLE: W {PPU[1] Thread (CPUThread)[0x009ed01c]} cellGame warning: cellGameContentPermit(contentInfoPath_addr=0xd0010978, usrdirPath_addr=0xd00109f8)
HLE: W {PPU[1] Thread (CPUThread)[0x009ed01c]} cellGame warning: cellGameContentPermit(): CELL_GAME_ERROR_FAILURE (no permission given)
HLE: W {PPU[1] Thread (CPUThread)[0x00a07034]} sys_lwmutex warning: *** lwmutex created [] (attribute=0x22): sq_id = 71
HLE: W {PPU[1] Thread (CPUThread)[0x009f3034]} "/dev_bdvd/PS3_GAME/USRDIR/Install/ICON0.PNG" opened: fd = 72
HLE: W {PPU[1] Thread (CPUThread)[0x0045cabc]} memory warning: sys_memory_get_page_attribute(addr=0x3013d740, attr_addr=0xd00105d0)
HLE: W {PPU[1] Thread (CPUThread)[0x009f3004]} sys_fs warning: cellFsClose(fd=72)
HLE: W {PPU[1] Thread (CPUThread)[0x009f3034]} "/dev_bdvd/PS3_GAME/USRDIR/PackDateR.txt" opened: fd = 73
HLE: W {PPU[1] Thread (CPUThread)[0x0045cabc]} memory warning: sys_memory_get_page_attribute(addr=0x3013d740, attr_addr=0xd00105d0)
HLE: W {PPU[1] Thread (CPUThread)[0x009f3004]} sys_fs warning: cellFsClose(fd=73)
HLE: W {PPU[1] Thread (CPUThread)[0x009f3034]} "/dev_bdvd/PS3_GAME/USRDIR/rootR.cpk" opened: fd = 74
HLE: W {PPU[1] Thread (CPUThread)[0x0045cabc]} memory warning: sys_memory_get_page_attribute(addr=0x3013d740, attr_addr=0xd00105d0)
HLE: W {PPU[1] Thread (CPUThread)[0x009f3004]} sys_fs warning: cellFsClose(fd=74)
HLE: W {PPU[1] Thread (CPUThread)[0x009f3034]} "/dev_bdvd/PS3_GAME/USRDIR/map0R.cpk" opened: fd = 75
HLE: W {PPU[1] Thread (CPUThread)[0x0045cabc]} memory warning: sys_memory_get_page_attribute(addr=0x3013d740, attr_addr=0xd00105d0)
HLE: W {PPU[1] Thread (CPUThread)[0x009f3004]} sys_fs warning: cellFsClose(fd=75)
HLE: W {PPU[1] Thread (CPUThread)[0x009f3034]} "/dev_bdvd/PS3_GAME/USRDIR/map1R.cpk" opened: fd = 76
HLE: W {PPU[1] Thread (CPUThread)[0x0045cabc]} memory warning: sys_memory_get_page_attribute(addr=0x3013d740, attr_addr=0xd00105d0)
HLE: W {PPU[1] Thread (CPUThread)[0x009f3004]} sys_fs warning: cellFsClose(fd=76)
HLE: W {PPU[1] Thread (CPUThread)[0x00a070b8]} sys_lwmutex warning: sys_lwmutex_destroy(lwmutex_addr=0x3283d968)
HLE: W {PPU[1] Thread (CPUThread)[0x0045cabc]} memory warning: sys_memory_get_page_attribute(addr=0x3283d9e0, attr_addr=0xd0010930)
HLE: W {PPU[1] Thread (CPUThread)[0x0045cabc]} memory warning: sys_memory_get_page_attribute(addr=0x3283d950, attr_addr=0xd00109b0)
HLE: W {PPU[1] Thread (CPUThread)[0x009ed04c]} cellGame warning: cellGameBootCheck(type_addr=0xd000fef8, attributes_addr=0xd000fef0, size_addr=0xd000fefc, dirName_addr=0xd000ff30)
HLE: W {PPU[1] Thread (CPUThread)[0x009ed01c]} cellGame warning: cellGameContentPermit(contentInfoPath_addr=0xd0010330, usrdirPath_addr=0xd0010730)
HLE: W {PPU[1] Thread (CPUThread)[0x00a07034]} sys_lwmutex warning: *** lwmutex created [] (attribute=0x12): sq_id = 77
HLE: W {PPU[1] Thread (CPUThread)[0x00533470]} sys_mutex warning: *** mutex created [] (protocol=0x2, recursive=true): id = 78
HLE: W {PPU[1] Thread (CPUThread)[0x005334a4]} sys_cond warning: *** condition on recursive mutex(78)
HLE: W {PPU[1] Thread (CPUThread)[0x005334a4]} sys_cond warning: *** condition created [] (mutex_id=78): id = 79
PPU: ! {PPU[1] Thread (CPUThread)[0x00a0701c]} *** New PPU Thread [CriThread] (flags=0x1, entry=0x7d8580): id = 80
HLE: W {PPU[1] Thread (CPUThread)[0x00a07034]} sys_lwmutex warning: *** lwmutex created [] (attribute=0x12): sq_id = 81
HLE: W {PPU[1] Thread (CPUThread)[0x00533470]} sys_mutex warning: *** mutex created [] (protocol=0x2, recursive=true): id = 82
HLE: W {PPU[1] Thread (CPUThread)[0x005334a4]} sys_cond warning: *** condition on recursive mutex(82)
HLE: W {PPU[1] Thread (CPUThread)[0x005334a4]} sys_cond warning: *** condition created [] (mutex_id=82): id = 83
PPU: ! {PPU[1] Thread (CPUThread)[0x00a0701c]} *** New PPU Thread [CriThread] (flags=0x1, entry=0x7d8580): id = 84
HLE: W {PPU[1] Thread (CPUThread)[0x00a07034]} sys_lwmutex warning: *** lwmutex created [] (attribute=0x12): sq_id = 85
HLE: W {PPU[1] Thread (CPUThread)[0x00533470]} sys_mutex warning: *** mutex created [] (protocol=0x2, recursive=true): id = 86
HLE: W {PPU[1] Thread (CPUThread)[0x005334a4]} sys_cond warning: *** condition on recursive mutex(86)
HLE: W {PPU[1] Thread (CPUThread)[0x005334a4]} sys_cond warning: *** condition created [] (mutex_id=86): id = 87
PPU: ! {PPU[1] Thread (CPUThread)[0x00a0701c]} *** New PPU Thread [CriThread] (flags=0x1, entry=0x7d8580): id = 88
HLE: W {PPU[1] Thread (CPUThread)[0x00a07034]} sys_lwmutex warning: *** lwmutex created [] (attribute=0x12): sq_id = 89
HLE: W {PPU[1] Thread (CPUThread)[0x00533470]} sys_mutex warning: *** mutex created [] (protocol=0x2, recursive=true): id = 90
HLE: W {PPU[1] Thread (CPUThread)[0x005334a4]} sys_cond warning: *** condition on recursive mutex(90)
HLE: W {PPU[1] Thread (CPUThread)[0x005334a4]} sys_cond warning: *** condition created [] (mutex_id=90): id = 91
PPU: ! {PPU[1] Thread (CPUThread)[0x00a0701c]} *** New PPU Thread [CriThread] (flags=0x1, entry=0x7d8580): id = 92
HLE: W {PPU[1] Thread (CPUThread)[0x00a07034]} sys_lwmutex warning: *** lwmutex created [] (attribute=0x12): sq_id = 93
HLE: W {PPU[1] Thread (CPUThread)[0x00533470]} sys_mutex warning: *** mutex created [] (protocol=0x2, recursive=true): id = 94
HLE: W {PPU[1] Thread (CPUThread)[0x005334a4]} sys_cond warning: *** condition on recursive mutex(94)
HLE: W {PPU[1] Thread (CPUThread)[0x005334a4]} sys_cond warning: *** condition created [] (mutex_id=94): id = 95
PPU: ! {PPU[1] Thread (CPUThread)[0x00a0701c]} *** New PPU Thread [CriThread] (flags=0x1, entry=0x7d8580): id = 96
HLE: W {PPU[1] Thread (CPUThread)[0x00a07034]} sys_lwmutex warning: *** lwmutex created [] (attribute=0x12): sq_id = 97
HLE: W {PPU[1] Thread (CPUThread)[0x00533470]} sys_mutex warning: *** mutex created [] (protocol=0x2, recursive=true): id = 98
HLE: W {PPU[1] Thread (CPUThread)[0x005334a4]} sys_cond warning: *** condition on recursive mutex(98)
HLE: W {PPU[1] Thread (CPUThread)[0x005334a4]} sys_cond warning: *** condition created [] (mutex_id=98): id = 99
PPU: ! {PPU[1] Thread (CPUThread)[0x00a0701c]} *** New PPU Thread [CriThread] (flags=0x1, entry=0x7d8580): id = 100
HLE: W {PPU[1] Thread (CPUThread)[0x00a07034]} sys_lwmutex warning: *** lwmutex created [] (attribute=0x12): sq_id = 101
HLE: W {PPU[1] Thread (CPUThread)[0x00a07034]} sys_lwmutex warning: *** lwmutex created [] (attribute=0x12): sq_id = 102
HLE: W {PPU[1] Thread (CPUThread)[0x00a07034]} sys_lwmutex warning: *** lwmutex created [] (attribute=0x12): sq_id = 103
HLE: W {PPU[1] Thread (CPUThread)[0x00a07034]} sys_lwmutex warning: *** lwmutex created [] (attribute=0x12): sq_id = 104
HLE: W {PPU[1] Thread (CPUThread)[0x00a07034]} sys_lwmutex warning: *** lwmutex created [] (attribute=0x12): sq_id = 105
HLE: W {PPU[1] Thread (CPUThread)[0x00a07034]} sys_lwmutex warning: *** lwmutex created [] (attribute=0x12): sq_id = 106
HLE: W {PPU[1] Thread (CPUThread)[0x00a07034]} sys_lwmutex warning: *** lwmutex created [] (attribute=0x12): sq_id = 107
HLE: W {PPU[1] Thread (CPUThread)[0x00a07034]} sys_lwmutex warning: *** lwmutex created [] (attribute=0x12): sq_id = 108
HLE: W {PPU[1] Thread (CPUThread)[0x00a07034]} sys_lwmutex warning: *** lwmutex created [] (attribute=0x12): sq_id = 109
HLE: W {PPU[1] Thread (CPUThread)[0x00a07034]} sys_lwmutex warning: *** lwmutex created [] (attribute=0x12): sq_id = 110
HLE: W {PPU[1] Thread (CPUThread)[0x00a07034]} sys_lwmutex warning: *** lwmutex created [] (attribute=0x12): sq_id = 111
HLE: W {PPU[1] Thread (CPUThread)[0x00a07034]} sys_lwmutex warning: *** lwmutex created [] (attribute=0x12): sq_id = 112
HLE: W {PPU[1] Thread (CPUThread)[0x00533470]} sys_mutex warning: *** mutex created [] (protocol=0x2, recursive=true): id = 113
HLE: W {PPU[1] Thread (CPUThread)[0x005334a4]} sys_cond warning: *** condition on recursive mutex(113)
HLE: W {PPU[1] Thread (CPUThread)[0x005334a4]} sys_cond warning: *** condition created [] (mutex_id=113): id = 114
PPU: ! {PPU[1] Thread (CPUThread)[0x00a0701c]} *** New PPU Thread [CriThread] (flags=0x1, entry=0x7d8580): id = 115
HLE: W {PPU[1] Thread (CPUThread)[0x00a07034]} sys_lwmutex warning: *** lwmutex created [] (attribute=0x12): sq_id = 116
HLE: W {PPU[1] Thread (CPUThread)[0x00a07034]} sys_lwmutex warning: *** lwmutex created [] (attribute=0x12): sq_id = 117
PPU: ! {PPU[1] Thread (CPUThread)[0x00a0701c]} *** New PPU Thread [CRI Server Manager] (flags=0x1, entry=0x7d8580): id = 118
HLE: W {PPU[1] Thread (CPUThread)[0x00a07034]} sys_lwmutex warning: *** lwmutex created [] (attribute=0x22): sq_id = 119
PPU: ! {PPU[1] Thread (CPUThread)[0x00a0701c]} *** New PPU Thread [] (flags=0x1, entry=0x7d3fe8): id = 120
HLE: W {PPU[1] Thread (CPUThread)[0x00a07034]} sys_lwmutex warning: *** lwmutex created [] (attribute=0x22): sq_id = 121
PPU: ! {PPU[1] Thread (CPUThread)[0x00a0701c]} *** New PPU Thread [] (flags=0x1, entry=0x7d3fe8): id = 122
HLE: W {PPU[1] Thread (CPUThread)[0x0079f010]} cellSysmodule warning: cellSysmoduleLoadModule(CELL_SYSMODULE_SYSUTIL_NP)
HLE: W {PPU[1] Thread (CPUThread)[0x00a07034]} sys_lwmutex warning: *** lwmutex created [] (attribute=0x22): sq_id = 123
HLE: W {PPU[1] Thread (CPUThread)[0x009ed040]} cellGame warning: cellGameDataCheck(type=0x3, dirName_addr=0x68bb08, size_addr=0xd00109c0)
HLE: W {PPU[1] Thread (CPUThread)[0x009ed01c]} cellGame warning: cellGameContentPermit(contentInfoPath_addr=0xd00109d0, usrdirPath_addr=0xd0010a50)
HLE: W {PPU[1] Thread (CPUThread)[0x00a07034]} sys_lwmutex warning: *** lwmutex created [] (attribute=0x22): sq_id = 124
PPU: ! {PPU[1] Thread (CPUThread)[0x00a0701c]} *** New PPU Thread [] (flags=0x1, entry=0x7d3fe8): id = 125
HLE: E {PPU[59] Thread[0x009e9064]} cellSpurs TODO: cellSpursEventFlagClear(eventFlag_addr=0x30197780, bits=65535)
HLE: E {PPU[59] Thread[0x009f9010]} TODO: cellSyncLFQueueClear
HLE: E {PPU[59] Thread[0x009e90f4]} cellSpurs TODO: cellSpursCreateTask(taskset_addr=0x3015f500, taskID_addr=0xd0040ad0, elf_addr_addr=0x712080, context_addr_addr=0x0, context_size=0, lsPattern_addr=0x0, argument_addr=0xd0040ad8)
HLE: E {PPU[59] Thread[0x009e90f4]} cellSpurs TODO: cellSpursCreateTask(taskset_addr=0x3015f500, taskID_addr=0xd0040ad0, elf_addr_addr=0x712080, context_addr_addr=0x0, context_size=0, lsPattern_addr=0x0, argument_addr=0xd0040ad8)
HLE: E {PPU[59] Thread[0x009f9040]} TODO: _cellSyncLFQueuePushBody
HLE: E {PPU[59] Thread[0x009f9040]} TODO: _cellSyncLFQueuePushBody
HLE: E {PPU[59] Thread[0x009e9058]} cellSpurs TODO: cellSpursEventFlagWait(eventFlag_addr=0x30197780, mask=0xd0040b90, mode=1)
HLE: W {PPU[59] Thread[0x0045cabc]} memory warning: sys_memory_get_page_attribute(addr=0x301fffc0, attr_addr=0xd0040a60)
HLE: W {PPU[59] Thread[0x0045cabc]} memory warning: sys_memory_get_page_attribute(addr=0x301fff90, attr_addr=0xd0040a60)
HLE: E {PPU[125] Thread[0x009ef004]} TODO: cellVideoOutSetGamma
HLE: E {PPU[59] Thread[0x009e9064]} cellSpurs TODO: cellSpursEventFlagClear(eventFlag_addr=0x30197780, bits=65535)
HLE: E {PPU[59] Thread[0x009f9010]} TODO: cellSyncLFQueueClear
HLE: E {PPU[59] Thread[0x009e90f4]} cellSpurs TODO: cellSpursCreateTask(taskset_addr=0x3015f500, taskID_addr=0xd0040ad0, elf_addr_addr=0x712080, context_addr_addr=0x0, context_size=0, lsPattern_addr=0x0, argument_addr=0xd0040ad8)
HLE: E {PPU[59] Thread[0x009e90f4]} cellSpurs TODO: cellSpursCreateTask(taskset_addr=0x3015f500, taskID_addr=0xd0040ad0, elf_addr_addr=0x712080, context_addr_addr=0x0, context_size=0, lsPattern_addr=0x0, argument_addr=0xd0040ad8)
HLE: E {PPU[59] Thread[0x009f9040]} TODO: _cellSyncLFQueuePushBody
HLE: E {PPU[59] Thread[0x009f9040]} TODO: _cellSyncLFQueuePushBody
HLE: E {PPU[59] Thread[0x009e9058]} cellSpurs TODO: cellSpursEventFlagWait(eventFlag_addr=0x30197780, mask=0xd0040b90, mode=1)
HLE: W {PPU[59] Thread[0x0045cabc]} memory warning: sys_memory_get_page_attribute(addr=0x301fffc0, attr_addr=0xd0040a60)
HLE: W {PPU[59] Thread[0x0045cabc]} memory warning: sys_memory_get_page_attribute(addr=0x301fff90, attr_addr=0xd0040a60)
HLE: W {PPU[88] Thread (CriThread)[0x009f3034]} "/dev_bdvd/PS3_GAME/USRDIR/Sys/ja/SysString.bin" opened: fd = 126
HLE: W {PPU[88] Thread (CriThread)[0x009f3004]} sys_fs warning: cellFsClose(fd=126)
HLE: W {PPU[88] Thread (CriThread)[0x009f3034]} "/dev_bdvd/PS3_GAME/USRDIR/Sys/ja/SysString.bin" opened: fd = 127
RSX: W {RSXThread} TODO: NV4097_SET_WINDOW_OFFSET: x=0, y=0
HLE: W {PPU[88] Thread (CriThread)[0x009f3004]} sys_fs warning: cellFsClose(fd=127)
RSX: W {RSXThread} TODO: NV4097_SET_ANTI_ALIASING_CONTROL: 0
RSX: E {RSXThread} NV4097_SET_POINT_PARAMS_ENABLE: 1
RSX: E {RSXThread} TODO: CELL_GCM_NV4097_SET_VERTEX_TEXTURE_ADDRESS(0x101)
RSX: E {RSXThread} TODO: CELL_GCM_NV4097_SET_VERTEX_TEXTURE_ADDRESS + 0x20(0x101)
RSX: E {RSXThread} TODO: CELL_GCM_NV4097_SET_VERTEX_TEXTURE_ADDRESS + 0x40(0x101)
RSX: E {RSXThread} TODO: CELL_GCM_NV4097_SET_VERTEX_TEXTURE_ADDRESS + 0x60(0x101)
RSX: W {RSXThread} TODO: NV4097_SET_ANTI_ALIASING_CONTROL: ffff0000
RSX: W {RSXThread} TODO: NV4097_SET_ANTI_ALIASING_CONTROL: ffff0000
RSX: W {RSXThread} New FBO (720x480)
RSX: W {RSXThread} TODO: NV4097_SET_WINDOW_OFFSET: x=0, y=0
RSX: W {RSXThread} TODO: NV4097_SET_ANTI_ALIASING_CONTROL: ffff0000
RSX: W {RSXThread} TODO: NV4097_SET_ANTI_ALIASING_CONTROL: ffff0000
RSX: W {RSXThread} TODO: NV4097_SET_ANTI_ALIASING_CONTROL: ffff0000
RSX: W {RSXThread} TODO: NV4097_SET_WINDOW_OFFSET: x=0, y=0
RSX: W {RSXThread} TODO: NV4097_SET_ANTI_ALIASING_CONTROL: ffff0000
RSX: W {RSXThread} TODO: NV4097_SET_ANTI_ALIASING_CONTROL: ffff0000
RSX: W {RSXThread} NV4097_SET_VERTEX_ATTRIB_INPUT_MASK: 101
RSX: W {RSXThread} NV4097_SET_VERTEX_ATTRIB_OUTPUT_MASK: 4020
RSX: W {RSXThread} NV4097_SET_TEX_COORD_CONTROL
RSX: W {RSXThread} FP not found in buffer!
RSX: W {RSXThread} VP not found in buffer!
RSX: ! {RSXThread} Add program (0):
RSX: ! {RSXThread} *** prog id = 3
RSX: ! {RSXThread} *** vp id = 2
RSX: ! {RSXThread} *** fp id = 1
RSX: ! {RSXThread} *** vp data size = 80
RSX: ! {RSXThread} *** fp data size = 16
RSX: ! {RSXThread} *** vp shader = 
#version 330

uniform mat4 scaleOffsetMat = mat4(1.0);
vec4 tmp0;
vec4 dst_reg7 = vec4(0.0);
vec4 dst_reg0 = vec4(0.0f, 0.0f, 0.0f, 1.0f);
layout (location = 0) in vec4 in_pos;
layout (location = 8) in vec4 in_tc0;
uniform vec4 vc[468];
out vec4 tc0;

void func0();

void main()
{
	func0();
	gl_Position = dst_reg0;
	tc0 = dst_reg7;
	gl_Position = gl_Position * scaleOffsetMat;
}

void func0()
{
	tmp0 = (in_pos.yyyy * vc[1]);
	dst_reg7.xy = in_tc0.xyxx.xy;
	tmp0 = (in_pos.xxxx * vc[0] + tmp0);
	tmp0 = (in_pos.zzzz * vc[2] + tmp0);
	dst_reg0 = (in_pos.wwww * vc[3] + tmp0);
}

RSX: ! {RSXThread} *** fp shader = 
#version 330

vec4 r0 = vec4(0.0, 0.0, 0.0, 0.0);
uniform sampler2D tex0;
in vec4 tc0;
layout (location = 0) out vec4 ocol0;

void main()
{
	r0 = texture(tex0, tc0.xy);
	ocol0 = r0;
}

RSX: W {RSXThread} TODO: NV4097_SET_ANTI_ALIASING_CONTROL: ffff0000
RSX: W {RSXThread} TODO: NV4097_SET_ANTI_ALIASING_CONTROL: ffff0000
RSX: W {RSXThread} TODO: NV4097_SET_WINDOW_OFFSET: x=0, y=0
RSX: W {RSXThread} TODO: NV4097_SET_ANTI_ALIASING_CONTROL: ffff0000
RSX: W {RSXThread} TODO: NV4097_SET_WINDOW_OFFSET: x=0, y=0
RSX: W {RSXThread} TODO: NV4097_SET_ANTI_ALIASING_CONTROL: ffff0000
RSX: W {RSXThread} TODO: NV4097_SET_ANTI_ALIASING_CONTROL: ffff0000
RSX: W {RSXThread} TODO: NV4097_SET_WINDOW_OFFSET: x=0, y=0
RSX: W {RSXThread} TODO: NV4097_SET_ANTI_ALIASING_CONTROL: ffff0001
RSX: W {RSXThread} TODO: NV4097_SET_ANTI_ALIASING_CONTROL: ffff0001
RSX: W {RSXThread} TODO: NV4097_SET_ANTI_ALIASING_CONTROL: ffff0001
RSX: W {RSXThread} NV4097_SET_VERTEX_ATTRIB_OUTPUT_MASK: 1c1020
RSX: W {RSXThread} NV4097_SET_TEX_COORD_CONTROL
RSX: W {RSXThread} NV4097_SET_TEX_COORD_CONTROL
RSX: W {RSXThread} NV4097_SET_TEX_COORD_CONTROL
RSX: W {RSXThread} NV4097_SET_TEX_COORD_CONTROL
RSX: W {RSXThread} TODO: NV4097_SET_ANTI_ALIASING_CONTROL: ffff0001
RSX: W {RSXThread} TODO: NV4097_SET_ANTI_ALIASING_CONTROL: ffff0001
RSX: W {RSXThread} TODO: NV4097_SET_ANTI_ALIASING_CONTROL: ffff0001
RSX: W {RSXThread} TODO: NV4097_SET_ANTI_ALIASING_CONTROL: ffff0001
RSX: W {RSXThread} TODO: NV4097_SET_ANTI_ALIASING_CONTROL: ffff0001
RSX: W {RSXThread} TODO: NV4097_SET_ANTI_ALIASING_CONTROL: ffff0001
RSX: W {RSXThread} TODO: NV4097_SET_ANTI_ALIASING_CONTROL: ffff0001
RSX: W {RSXThread} TODO: NV4097_SET_ANTI_ALIASING_CONTROL: ffff0001
RSX: W {RSXThread} TODO: NV4097_SET_ANTI_ALIASING_CONTROL: ffff0001
RSX: W {RSXThread} TODO: NV4097_SET_ANTI_ALIASING_CONTROL: ffff0001
RSX: W {RSXThread} TODO: NV4097_SET_WINDOW_OFFSET: x=0, y=0
RSX: W {RSXThread} TODO: NV4097_SET_ANTI_ALIASING_CONTROL: ffff0000
RSX: W {RSXThread} TODO: NV4097_SET_ANTI_ALIASING_CONTROL: ffff0000
RSX: W {RSXThread} TODO: NV4097_SET_ANTI_ALIASING_CONTROL: ffff0000
RSX: W {RSXThread} NV4097_SET_VERTEX_ATTRIB_OUTPUT_MASK: 4020
RSX: W {RSXThread} NV4097_SET_TEX_COORD_CONTROL
RSX: W {RSXThread} FP not found in buffer!
RSX: ! {RSXThread} Add program (1):
RSX: ! {RSXThread} *** prog id = 5
RSX: ! {RSXThread} *** vp id = 2
RSX: ! {RSXThread} *** fp id = 4
RSX: ! {RSXThread} *** vp data size = 80
RSX: ! {RSXThread} *** fp data size = 208
RSX: ! {RSXThread} *** vp shader = 
#version 330

uniform mat4 scaleOffsetMat = mat4(1.0);
vec4 tmp0;
vec4 dst_reg7 = vec4(0.0);
vec4 dst_reg0 = vec4(0.0f, 0.0f, 0.0f, 1.0f);
layout (location = 0) in vec4 in_pos;
layout (location = 8) in vec4 in_tc0;
uniform vec4 vc[468];
out vec4 tc0;

void func0();

void main()
{
	func0();
	gl_Position = dst_reg0;
	tc0 = dst_reg7;
	gl_Position = gl_Position * scaleOffsetMat;
}

void func0()
{
	tmp0 = (in_pos.yyyy * vc[1]);
	dst_reg7.xy = in_tc0.xyxx.xy;
	tmp0 = (in_pos.xxxx * vc[0] + tmp0);
	tmp0 = (in_pos.zzzz * vc[2] + tmp0);
	dst_reg0 = (in_pos.wwww * vc[3] + tmp0);
}

RSX: ! {RSXThread} *** fp shader = 
#version 330

vec4 r0 = vec4(0.0, 0.0, 0.0, 0.0);
uniform sampler2D tex0;
in vec4 tc0;
uniform vec4 fc32 = vec4(255.000000, 0.500000, 0.000000, 0.000000);
uniform vec4 fc80 = vec4(0.003906, 0.000015, 0.000000, 0.000000);
uniform vec4 fc112 = vec4(0.000000, 0.000000, 0.000000, 0.000000);
uniform vec4 fc144 = vec4(0.000000, 0.000000, 0.000000, 0.000000);
uniform vec4 fc176 = vec4(0.000000, 0.000000, 0.000000, 0.000000);
layout (location = 0) out vec4 ocol0;

void main()
{
	r0.xyw = texture(tex0, tc0.xy).xyw;
	r0.xyz = (r0.wxyw * fc32.xxxx + fc32.yyyy).xyz;
	r0.xyz = floor(r0).xyz;
	r0.x = vec4(dot(r0.xyz, fc80.xyz)).x;
	r0.y = (fc112.yyyy * -r0.xxxx + fc112.yyyy).y;
	r0.x = (-r0 * -fc144.zzzz + r0.yyyy).x;
	r0.x = (fc176.xxxx / r0).x;
	r0 = r0.xxxx;
	ocol0 = r0;
}

RSX: W {RSXThread} TODO: NV4097_SET_ANTI_ALIASING_CONTROL: ffff0000
RSX: W {RSXThread} TODO: NV4097_SET_ANTI_ALIASING_CONTROL: ffff0000
RSX: W {RSXThread} TODO: NV4097_SET_WINDOW_OFFSET: x=0, y=0
RSX: W {RSXThread} TODO: NV4097_SET_ANTI_ALIASING_CONTROL: ffff0001
RSX: W {RSXThread} TODO: NV4097_SET_ANTI_ALIASING_CONTROL: ffff0001
RSX: W {RSXThread} TODO: NV4097_SET_ANTI_ALIASING_CONTROL: ffff0001
RSX: W {RSXThread} TODO: NV4097_SET_ANTI_ALIASING_CONTROL: ffff0001
RSX: W {RSXThread} TODO: NV4097_SET_ANTI_ALIASING_CONTROL: ffff0001
RSX: W {RSXThread} NV4097_SET_VERTEX_ATTRIB_OUTPUT_MASK: 1c1020
RSX: W {RSXThread} NV4097_SET_TEX_COORD_CONTROL
RSX: W {RSXThread} NV4097_SET_TEX_COORD_CONTROL
RSX: W {RSXThread} NV4097_SET_TEX_COORD_CONTROL
RSX: W {RSXThread} NV4097_SET_TEX_COORD_CONTROL
RSX: W {RSXThread} TODO: NV4097_SET_ANTI_ALIASING_CONTROL: ffff0001
RSX: W {RSXThread} TODO: NV4097_SET_ANTI_ALIASING_CONTROL: ffff0001
RSX: W {RSXThread} TODO: NV4097_SET_ANTI_ALIASING_CONTROL: ffff0001
RSX: W {RSXThread} TODO: NV4097_SET_ANTI_ALIASING_CONTROL: ffff0001
RSX: W {RSXThread} TODO: NV4097_SET_ANTI_ALIASING_CONTROL: ffff0001
RSX: W {RSXThread} TODO: NV4097_SET_WINDOW_OFFSET: x=0, y=0
RSX: W {RSXThread} TODO: NV4097_SET_ANTI_ALIASING_CONTROL: ffff0000
RSX: W {RSXThread} TODO: NV4097_SET_ANTI_ALIASING_CONTROL: ffff0000
RSX: W {RSXThread} TODO: NV4097_SET_ANTI_ALIASING_CONTROL: ffff0000
RSX: W {RSXThread} NV4097_SET_VERTEX_ATTRIB_OUTPUT_MASK: 4020
RSX: W {RSXThread} NV4097_SET_TEX_COORD_CONTROL
RSX: ! {RSXThread} Add program (2):
RSX: ! {RSXThread} *** prog id = 6
RSX: ! {RSXThread} *** vp id = 2
RSX: ! {RSXThread} *** fp id = 4
RSX: ! {RSXThread} *** vp data size = 80
RSX: ! {RSXThread} *** fp data size = 208
RSX: ! {RSXThread} *** vp shader = 
#version 330

uniform mat4 scaleOffsetMat = mat4(1.0);
vec4 tmp0;
vec4 dst_reg7 = vec4(0.0);
vec4 dst_reg0 = vec4(0.0f, 0.0f, 0.0f, 1.0f);
layout (location = 0) in vec4 in_pos;
layout (location = 8) in vec4 in_tc0;
uniform vec4 vc[468];
out vec4 tc0;

void func0();

void main()
{
	func0();
	gl_Position = dst_reg0;
	tc0 = dst_reg7;
	gl_Position = gl_Position * scaleOffsetMat;
}

void func0()
{
	tmp0 = (in_pos.yyyy * vc[1]);
	dst_reg7.xy = in_tc0.xyxx.xy;
	tmp0 = (in_pos.xxxx * vc[0] + tmp0);
	tmp0 = (in_pos.zzzz * vc[2] + tmp0);
	dst_reg0 = (in_pos.wwww * vc[3] + tmp0);
}

RSX: ! {RSXThread} *** fp shader = 
#version 330

vec4 r0 = vec4(0.0, 0.0, 0.0, 0.0);
uniform sampler2D tex0;
in vec4 tc0;
uniform vec4 fc32 = vec4(255.000000, 0.500000, 0.000000, 0.000000);
uniform vec4 fc80 = vec4(0.003906, 0.000015, 0.000000, 0.000000);
uniform vec4 fc112 = vec4(0.000000, 0.000000, 0.000000, 0.000000);
uniform vec4 fc144 = vec4(0.000000, 0.000000, 0.000000, 0.000000);
uniform vec4 fc176 = vec4(0.000000, 0.000000, 0.000000, 0.000000);
layout (location = 0) out vec4 ocol0;

void main()
{
	r0.xyw = texture(tex0, tc0.xy).xyw;
	r0.xyz = (r0.wxyw * fc32.xxxx + fc32.yyyy).xyz;
	r0.xyz = floor(r0).xyz;
	r0.x = vec4(dot(r0.xyz, fc80.xyz)).x;
	r0.y = (fc112.yyyy * -r0.xxxx + fc112.yyyy).y;
	r0.x = (-r0 * -fc144.zzzz + r0.yyyy).x;
	r0.x = (fc176.xxxx / r0).x;
	r0 = r0.xxxx;
	ocol0 = r0;
}

RSX: W {RSXThread} TODO: NV4097_SET_ANTI_ALIASING_CONTROL: ffff0000
RSX: W {RSXThread} TODO: NV4097_SET_ANTI_ALIASING_CONTROL: ffff0000
RSX: W {RSXThread} TODO: NV4097_SET_WINDOW_OFFSET: x=0, y=0
RSX: W {RSXThread} TODO: NV4097_SET_ANTI_ALIASING_CONTROL: ffff0001
RSX: W {RSXThread} TODO: NV4097_SET_WINDOW_OFFSET: x=0, y=0
RSX: W {RSXThread} TODO: NV4097_SET_ANTI_ALIASING_CONTROL: ffff0000
RSX: W {RSXThread} TODO: NV4097_SET_ANTI_ALIASING_CONTROL: ffff0000
RSX: W {RSXThread} NV4097_SET_VERTEX_ATTRIB_OUTPUT_MASK: 4020
RSX: W {RSXThread} NV4097_SET_TEX_COORD_CONTROL
RSX: W {RSXThread} TODO: NV4097_SET_ANTI_ALIASING_CONTROL: ffff0000
RSX: W {RSXThread} TODO: NV4097_SET_WINDOW_OFFSET: x=0, y=0
RSX: W {RSXThread} TODO: NV4097_SET_ANTI_ALIASING_CONTROL: ffff0000
RSX: W {RSXThread} TODO: NV4097_SET_ANTI_ALIASING_CONTROL: ffff0000
RSX: W {RSXThread} TODO: NV4097_SET_ANTI_ALIASING_CONTROL: ffff0000
RSX: W {RSXThread} NV4097_SET_VERTEX_ATTRIB_INPUT_MASK: 9
RSX: W {RSXThread} NV4097_SET_VERTEX_ATTRIB_OUTPUT_MASK: 80025
RSX: W {RSXThread} NV4097_SET_TEX_COORD_CONTROL
RSX: W {RSXThread} FP not found in buffer!
RSX: W {RSXThread} VP not found in buffer!
RSX: ! {RSXThread} Add program (3):
RSX: ! {RSXThread} *** prog id = 9
RSX: ! {RSXThread} *** vp id = 8
RSX: ! {RSXThread} *** fp id = 7
RSX: ! {RSXThread} *** vp data size = 112
RSX: ! {RSXThread} *** fp data size = 288
RSX: ! {RSXThread} *** vp shader = 
#version 330

uniform mat4 scaleOffsetMat = mat4(1.0);
vec4 tmp0;
vec4 dst_reg1 = vec4(0.0);
vec4 dst_reg0 = vec4(0.0f, 0.0f, 0.0f, 1.0f);
vec4 dst_reg12 = vec4(0.0);
layout (location = 0) in vec4 in_pos;
layout (location = 3) in vec4 in_diff_color;
uniform vec4 vc[468];
out vec4 diff_color;
out vec4 tc5;

void func0();

void main()
{
	func0();
	gl_Position = dst_reg0;
	diff_color = dst_reg1;
	tc5 = dst_reg12;
	gl_Position = gl_Position * scaleOffsetMat;
}

void func0()
{
	tmp0 = (in_pos.yyyy * vc[1]);
	tmp0 = (in_pos.xxxx * vc[0] + tmp0);
	tmp0 = (in_pos.zzzz * vc[2] + tmp0);
	tmp0 = (in_pos.wwww * vc[3] + tmp0);
	dst_reg1 = in_diff_color;
	dst_reg0 = tmp0;
	dst_reg12 = tmp0;
}

RSX: ! {RSXThread} *** fp shader = 
#version 330

vec4 r0 = vec4(0.0, 0.0, 0.0, 0.0);
vec4 h0 = vec4(0.0, 0.0, 0.0, 0.0);
vec4 h1 = vec4(0.0, 0.0, 0.0, 0.0);
vec4 r1 = vec4(0.0, 0.0, 0.0, 0.0);
uniform vec4 fc16 = vec4(0.000000, 0.000000, 0.000000, 0.000000);
uniform vec4 fc48 = vec4(0.000000, 0.000000, 0.000000, 0.000000);
uniform vec4 fc80 = vec4(0.000000, 0.000000, 0.000000, 0.000000);
uniform vec4 fc112 = vec4(0.000000, 0.000000, 0.000000, 0.000000);
uniform vec4 fc144 = vec4(0.000000, 0.000000, 0.000000, 0.000000);
uniform vec4 fc208 = vec4(1.000000, 0.000000, 0.000000, 0.000000);
uniform vec4 fc256 = vec4(0.000000, 0.000000, 0.000000, 0.000000);
in vec4 tc5;
in vec4 diff_color;
uniform sampler2D tex11;
layout (location = 0) out vec4 ocol0;

void main()
{
	r0.x = fc16.yyyy.x;
	r0.x = (-tc5.wwww * fc48.wwww + r0).x;
	r0.w = (r0.xxxx + -fc80.xxxx).w;
	r0.y = fc112.zzzz.y;
	r0.x = (r0.wwww * fc144.wwww).x;
	h0.x = texture(tex11, r0.xy).x;
	h1 = diff_color;
	h0.y = (-h0.xxxx + fc208.xxxx).y;
	r1.xyw = (h0.yyyy * h1.xyzz).xyw;
	r0.xyz = (h0.xxxx * fc256 + r1.xywz).xyz;
	r0.w = h1.w;
	ocol0 = r0;
}

RSX: E {RSXThread} GLTexture::Init() -> lod: opengl error 0x0502
RSX: W {RSXThread} TODO: NV4097_SET_ANTI_ALIASING_CONTROL: ffff0000
RSX: W {RSXThread} TODO: NV4097_SET_WINDOW_OFFSET: x=0, y=0
RSX: W {RSXThread} TODO: NV4097_SET_ANTI_ALIASING_CONTROL: ffff0000
RSX: W {RSXThread} TODO: NV4097_SET_ANTI_ALIASING_CONTROL: ffff0000
RSX: W {RSXThread} NV4097_SET_VERTEX_ATTRIB_INPUT_MASK: 101
RSX: W {RSXThread} NV4097_SET_VERTEX_ATTRIB_OUTPUT_MASK: 4020
RSX: W {RSXThread} NV4097_SET_TEX_COORD_CONTROL
RSX: W {RSXThread} FP not found in buffer!
RSX: ! {RSXThread} Add program (4):
RSX: ! {RSXThread} *** prog id = 11
RSX: ! {RSXThread} *** vp id = 2
RSX: ! {RSXThread} *** fp id = 10
RSX: ! {RSXThread} *** vp data size = 80
RSX: ! {RSXThread} *** fp data size = 96
RSX: ! {RSXThread} *** vp shader = 
#version 330

uniform mat4 scaleOffsetMat = mat4(1.0);
vec4 tmp0;
vec4 dst_reg7 = vec4(0.0);
vec4 dst_reg0 = vec4(0.0f, 0.0f, 0.0f, 1.0f);
layout (location = 0) in vec4 in_pos;
layout (location = 8) in vec4 in_tc0;
uniform vec4 vc[468];
out vec4 tc0;

void func0();

void main()
{
	func0();
	gl_Position = dst_reg0;
	tc0 = dst_reg7;
	gl_Position = gl_Position * scaleOffsetMat;
}

void func0()
{
	tmp0 = (in_pos.yyyy * vc[1]);
	dst_reg7.xy = in_tc0.xyxx.xy;
	tmp0 = (in_pos.xxxx * vc[0] + tmp0);
	tmp0 = (in_pos.zzzz * vc[2] + tmp0);
	dst_reg0 = (in_pos.wwww * vc[3] + tmp0);
}

RSX: ! {RSXThread} *** fp shader = 
#version 330

vec4 r0 = vec4(0.0, 0.0, 0.0, 0.0);
vec4 r1 = vec4(0.0, 0.0, 0.0, 0.0);
uniform sampler2D tex0;
in vec4 tc0;
uniform vec4 fc32 = vec4(0.000000, 0.000000, 0.000000, 0.000000);
uniform vec4 fc80 = vec4(0.000000, 0.000000, 0.000000, 0.000000);
layout (location = 0) out vec4 ocol0;

void main()
{
	r0 = texture(tex0, tc0.xy);
	r1 = fc32;
	r0 = (r0 * fc80 + r1);
	ocol0 = r0;
}

RSX: E {RSXThread} GLTexture::Init() -> lod: opengl error 0x0502
RSX: W {RSXThread} TODO: NV4097_SET_WINDOW_OFFSET: x=0, y=0
RSX: W {RSXThread} TODO: NV4097_SET_ANTI_ALIASING_CONTROL: ffff0000
RSX: W {RSXThread} NV4097_SET_VERTEX_ATTRIB_INPUT_MASK: 101
RSX: W {RSXThread} NV4097_SET_VERTEX_ATTRIB_OUTPUT_MASK: 4020
RSX: W {RSXThread} NV4097_SET_TEX_COORD_CONTROL
RSX: W {RSXThread} FP not found in buffer!
RSX: W {RSXThread} VP not found in buffer!
RSX: ! {RSXThread} Add program (5):
RSX: ! {RSXThread} *** prog id = 14
RSX: ! {RSXThread} *** vp id = 13
RSX: ! {RSXThread} *** fp id = 12
RSX: ! {RSXThread} *** vp data size = 80
RSX: ! {RSXThread} *** fp data size = 48
RSX: ! {RSXThread} *** vp shader = 
#version 330

uniform mat4 scaleOffsetMat = mat4(1.0);
vec4 dst_reg7 = vec4(0.0);
vec4 tmp0;
vec4 dst_reg0 = vec4(0.0f, 0.0f, 0.0f, 1.0f);
uniform vec4 vc[468];
layout (location = 8) in vec4 in_tc0;
layout (location = 0) in vec4 in_pos;
out vec4 tc0;

void func0();

void main()
{
	func0();
	gl_Position = dst_reg0;
	tc0 = dst_reg7;
	gl_Position = gl_Position * scaleOffsetMat;
}

void func0()
{
	dst_reg7 = (vc[128] + in_tc0.xyxy);
	tmp0 = (in_pos.yyyy * vc[1]);
	tmp0 = (in_pos.xxxx * vc[0] + tmp0);
	tmp0 = (in_pos.zzzz * vc[2] + tmp0);
	dst_reg0 = (in_pos.wwww * vc[3] + tmp0);
}

RSX: ! {RSXThread} *** fp shader = 
#version 330

vec4 r1 = vec4(0.0, 0.0, 0.0, 0.0);
vec4 r0 = vec4(0.0, 0.0, 0.0, 0.0);
uniform sampler2D tex0;
in vec4 tc0;
layout (location = 0) out vec4 ocol0;

void main()
{
	r1 = texture(tex0, tc0.zwzz.xy);
	r0 = texture(tex0, tc0.xy);
	r0 = ((r0 + r1) / 2.0);
	ocol0 = r0;
}

RSX: E {RSXThread} GLTexture::Init() -> lod: opengl error 0x0502
RSX: W {RSXThread} TODO: NV4097_SET_ANTI_ALIASING_CONTROL: ffff0000
RSX: W {RSXThread} NV406E_SEMAPHORE_ACQUIRE: 1
RSX: W {RSXThread} NV4097_GET_REPORT: Unimplemented type 1
RSX: W {RSXThread} NV406E_SEMAPHORE_ACQUIRE: 1
RSX: W {RSXThread} TODO: NV4097_SET_ANTI_ALIASING_CONTROL: ffff0000
RSX: E {RSXThread} NV4097_SET_POINT_PARAMS_ENABLE: 1
RSX: E {RSXThread} TODO: CELL_GCM_NV4097_SET_VERTEX_TEXTURE_ADDRESS(0x101)
RSX: E {RSXThread} TODO: CELL_GCM_NV4097_SET_VERTEX_TEXTURE_ADDRESS + 0x20(0x101)
RSX: E {RSXThread} TODO: CELL_GCM_NV4097_SET_VERTEX_TEXTURE_ADDRESS + 0x40(0x101)
RSX: E {RSXThread} TODO: CELL_GCM_NV4097_SET_VERTEX_TEXTURE_ADDRESS + 0x60(0x101)
RSX: W {RSXThread} NV4097_GET_REPORT: Unimplemented type 1
RSX: W {RSXThread} TODO: NV4097_SET_WINDOW_OFFSET: x=0, y=0
RSX: W {RSXThread} TODO: NV4097_SET_ANTI_ALIASING_CONTROL: ffff0000
RSX: W {RSXThread} TODO: NV4097_SET_ANTI_ALIASING_CONTROL: ffff0000
RSX: W {RSXThread} TODO: NV4097_SET_WINDOW_OFFSET: x=0, y=0
RSX: W {RSXThread} TODO: NV4097_SET_ANTI_ALIASING_CONTROL: ffff0000
RSX: W {RSXThread} TODO: NV4097_SET_ANTI_ALIASING_CONTROL: ffff0000
RSX: W {RSXThread} TODO: NV4097_SET_ANTI_ALIASING_CONTROL: ffff0000
RSX: W {RSXThread} TODO: NV4097_SET_WINDOW_OFFSET: x=0, y=0
RSX: W {RSXThread} TODO: NV4097_SET_ANTI_ALIASING_CONTROL: ffff0000
RSX: W {RSXThread} TODO: NV4097_SET_ANTI_ALIASING_CONTROL: ffff0000
RSX: W {RSXThread} NV4097_SET_VERTEX_ATTRIB_INPUT_MASK: 101
RSX: W {RSXThread} NV4097_SET_VERTEX_ATTRIB_OUTPUT_MASK: 4020
RSX: W {RSXThread} NV4097_SET_TEX_COORD_CONTROL
RSX: E {RSXThread} GLTexture::Init() -> lod: opengl error 0x0502
RSX: W {RSXThread} TODO: NV4097_SET_ANTI_ALIASING_CONTROL: ffff0000
RSX: W {RSXThread} TODO: NV4097_SET_ANTI_ALIASING_CONTROL: ffff0000
RSX: W {RSXThread} TODO: NV4097_SET_WINDOW_OFFSET: x=0, y=0
HLE: W {PPU[1] Thread (CPUThread)[0x004e5314]} sysPrxForUser warning: sys_ppu_thread_join(thread_id=125, vptr_addr=0xd00109f0)
RSX: W {RSXThread} TODO: NV4097_SET_ANTI_ALIASING_CONTROL: ffff0000
RSX: W {RSXThread} TODO: NV4097_SET_WINDOW_OFFSET: x=0, y=0
RSX: W {RSXThread} TODO: NV4097_SET_ANTI_ALIASING_CONTROL: ffff0000
RSX: W {RSXThread} TODO: NV4097_SET_ANTI_ALIASING_CONTROL: ffff0000
RSX: W {RSXThread} TODO: NV4097_SET_WINDOW_OFFSET: x=0, y=0
RSX: W {RSXThread} TODO: NV4097_SET_ANTI_ALIASING_CONTROL: ffff0001
RSX: W {RSXThread} TODO: NV4097_SET_ANTI_ALIASING_CONTROL: ffff0001
RSX: W {RSXThread} TODO: NV4097_SET_ANTI_ALIASING_CONTROL: ffff0001
RSX: W {RSXThread} NV4097_SET_VERTEX_ATTRIB_OUTPUT_MASK: 1c1020
RSX: W {RSXThread} NV4097_SET_TEX_COORD_CONTROL
RSX: W {RSXThread} NV4097_SET_TEX_COORD_CONTROL
RSX: W {RSXThread} NV4097_SET_TEX_COORD_CONTROL
RSX: W {RSXThread} NV4097_SET_TEX_COORD_CONTROL
RSX: W {RSXThread} TODO: NV4097_SET_ANTI_ALIASING_CONTROL: ffff0001
RSX: W {RSXThread} TODO: NV4097_SET_ANTI_ALIASING_CONTROL: ffff0001
RSX: W {RSXThread} TODO: NV4097_SET_ANTI_ALIASING_CONTROL: ffff0001
HLE: E {PPU[125] Thread[0x009ef004]} TODO: cellVideoOutSetGamma
HLE: W {PPU[1] Thread (CPUThread)[0x00a070b8]} sys_lwmutex warning: sys_lwmutex_destroy(lwmutex_addr=0x8f5a18)
HLE: W {PPU[1] Thread (CPUThread)[0x0045cabc]} memory warning: sys_memory_get_page_attribute(addr=0x345c0000, attr_addr=0xd0010ab0)
HLE: W {PPU[1] Thread (CPUThread)[0x0054697c]} SysCall 988! r3: 0x4, r4: 0x0, pc: 0x54697c
TTY: abort() is called from 0xTTY: 0000000000543580TTY: 
TTY:                   from 0xTTY: 000000000054687cTTY: 
TTY:                   from 0xTTY: 000000000045cadcTTY: 
TTY:                   from 0xTTY: 0000000000383dbcTTY: 
TTY:                   from 0xTTY: 00000000003a4f48TTY: 
TTY:                   from 0xTTY: 00000000003a5504TTY: 
TTY:                   from 0xTTY: 00000000003a55e4TTY: 
TTY:                   from 0xTTY: 00000000000104e8TTY: 
TTY:                   from 0xTTY: 0000000000010260TTY: 
TTY: 

Continue... (Lv-2 is still running.)
HLE: W {PPU[1] Thread (CPUThread)[0x00a070dc]} Process warning: sys_process_exit(1)
HLE: S {PPU[1] Thread (CPUThread)[0x00a070dc]} Process finished
HLE: W {VBlank thread} Callback::Branch() aborted
RSX: W {VBlank thread} VBlank thread aborted
HLE: W {PPU[59] Thread[0x004d856c]} sys_semaphore_wait(56) aborted
HLE: W {PPU[70] Thread[0x004d856c]} sys_semaphore_wait(67) aborted
HLE: W {PPU[92] Thread (CriThread)[0x0053356c]} sys_cond_wait(id=91) aborted
RSX: W {RSXThread} RSX thread aborted
HLE: W {PPU[84] Thread (CriThread)[0x0053356c]} sys_cond_wait(id=83) aborted
HLE: W {PPU[100] Thread (CriThread)[0x0053356c]} sys_cond_wait(id=99) aborted
HLE: W {PPU[96] Thread (CriThread)[0x0053356c]} sys_cond_wait(id=95) aborted
HLE: W {PPU[31] Thread (NU::File::RequestManager)[0x004e0f10]} sys_semaphore_wait(30) aborted
HLE: W {PPU[115] Thread (CriThread)[0x0053356c]} sys_cond_wait(id=114) aborted
HLE: W {PPU[88] Thread (CriThread)[0x0053356c]} sys_cond_wait(id=87) aborted
HLE: W {PPU[80] Thread (CriThread)[0x0053356c]} sys_cond_wait(id=79) aborted
HLE: ! All threads stopped...
RSX: W GLVertexProgram::Delete(): glDeleteShader(2) avoided
RSX: W GLShaderProgram::Delete(): glDeleteShader(1) avoided
MEM: ! Closing memory...
