HLE: ! path: /dev_hdd0/game/
LDR: ! Loading 'C:\Program Files\RPCS3\dev_hdd0\game\NPEA90115/USRDIR/BOOT.BIN'...
LDR: !  
LDR: ! Mount info:
LDR: ! /dev_hdd0/ -> C:\Program Files\RPCS3/dev_hdd0/
LDR: ! /dev_hdd1/ -> C:\Program Files\RPCS3/dev_hdd1/
LDR: ! /dev_flash/ -> C:\Program Files\RPCS3/dev_flash/
LDR: ! /dev_usb000/ -> C:\Program Files\RPCS3/dev_usb000/
LDR: ! /dev_usb/ -> C:\Program Files\RPCS3/dev_usb000/
LDR: ! /app_home/ -> C:\Program Files\RPCS3\dev_hdd0\game\NPEA90115/
LDR: ! /dev_bdvd/ -> C:\Program Files\RPCS3\dev_hdd0\game\NPEA90115//../
LDR: ! /host_root/ -> 
LDR: ! / -> C:\Program Files\RPCS3\dev_hdd0\game\NPEA90115/
LDR: !  
MEM: ! Initing memory: m_base_addr = 0xe880000000
MEM: ! Memory initialized.
LDR: W Unimplemented function 'inet_aton' in 'sys_net' module
LDR: W Unimplemented function 'inet_ntop' in 'sys_net' module
LDR: W Unimplemented function 'socketselect' in 'sys_net' module
LDR: W Unimplemented function 'getsockopt' in 'sys_net' module
LDR: W Unimplemented function 'gethostbyname' in 'sys_net' module
LDR: W Unimplemented function 'cellFsSdataOpenByFd' in 'sys_fs' module
LDR: W Unimplemented function 'cellFsAioCancel' in 'sys_fs' module
LDR: W Unimplemented function 'cellFsFsync' in 'sys_fs' module
LDR: W Unimplemented function 'cellFsAioWrite' in 'sys_fs' module
LDR: W Unimplemented function 'cellSpursRequestIdleSpu' in 'cellSpurs' module
LDR: W Unimplemented function 'cellSpursReadyCountSwap' in 'cellSpurs' module
LDR: W Unimplemented function 'cellSpursWorkloadAttributeSetName' in 'cellSpurs' module
LDR: W Unimplemented function 'cellSpursGetWorkloadInfo' in 'cellSpurs' module
LDR: W Unimplemented function 'cellSpursRemoveWorkload' in 'cellSpurs' module
LDR: W Unimplemented function 'cellSpursWaitForWorkloadShutdown' in 'cellSpurs' module
LDR: W Unimplemented function 'cellSpursBarrierInitialize' in 'cellSpurs' module
LDR: W Unimplemented function 'cellSpursShutdownWorkload' in 'cellSpurs' module
LDR: W Unimplemented function '_cellSpursWorkloadFlagReceiver' in 'cellSpurs' module
LDR: W Unimplemented function 'cellSpursAddWorkloadWithAttribute' in 'cellSpurs' module
LDR: W Unimplemented function 'cellSpursGetWorkloadFlag' in 'cellSpurs' module
LDR: W Unimplemented function '_cellSpursWorkloadAttributeInitialize' in 'cellSpurs' module
LDR: W Unimplemented function 'cellSpursReadyCountStore' in 'cellSpurs' module
LDR: W Unimplemented function 'cellSaveDataListAutoLoad' in 'cellSysutil' module
LDR: W Unimplemented function 'cellSaveDataDelete2' in 'cellSysutil' module
LDR: W Unimplemented function 'sceNpManagerGetTicket' in 'sceNp' module
LDR: W Unimplemented function 'sceNpSignalingSetCtxOpt' in 'sceNp' module
LDR: W Unimplemented function 'sceNpBasicSetPresence' in 'sceNp' module
LDR: W Unimplemented function 'sceNpBasicRegisterContextSensitiveHandler' in 'sceNp' module
LDR: W Unimplemented function 'sceNpSignalingAddExtendedHandler' in 'sceNp' module
LDR: W Unimplemented function 'sceNpManagerUnregisterCallback' in 'sceNp' module
LDR: W Unimplemented function 'sceNpManagerGetTicketParam' in 'sceNp' module
LDR: W Unimplemented function 'sceNpLookupDestroyTitleCtx' in 'sceNp' module
LDR: W Unimplemented function 'sceNpLookupInit' in 'sceNp' module
LDR: W Unimplemented function 'sceNpSignalingActivateConnection' in 'sceNp' module
LDR: W Unimplemented function 'sceNpSignalingCreateCtx' in 'sceNp' module
LDR: W Unimplemented function 'sceNpLookupPollAsync' in 'sceNp' module
LDR: W Unimplemented function 'sceNpManagerRequestTicket' in 'sceNp' module
LDR: W Unimplemented function 'sceNpLookupTerm' in 'sceNp' module
LDR: W Unimplemented function 'sceNpLookupTitleSmallStorageAsync' in 'sceNp' module
LDR: W Unimplemented function 'sceNpSignalingTerminateConnection' in 'sceNp' module
LDR: W Unimplemented function 'sceNpSignalingGetLocalNetInfo' in 'sceNp' module
LDR: W Unimplemented function 'sceNpSignalingDestroyCtx' in 'sceNp' module
LDR: W Unimplemented function 'sceNpBasicUnregisterHandler' in 'sceNp' module
LDR: W Unimplemented function 'sceNpManagerGetNetworkTime' in 'sceNp' module
LDR: W Unimplemented function 'sceNpBasicSetPresenceDetails' in 'sceNp' module
LDR: W Unimplemented function 'sceNpSignalingGetConnectionStatus' in 'sceNp' module
LDR: W Unimplemented function 'sceNpLookupCreateTitleCtx' in 'sceNp' module
LDR: W Unimplemented function 'sceNpUtilCmpNpId' in 'sceNp' module
LDR: W Unimplemented function 'sceNpBasicGetEvent' in 'sceNp' module
LDR: W Unimplemented function 'sceNpManagerRegisterCallback' in 'sceNp' module
LDR: W Unimplemented function 'sceNpLookupCreateTransactionCtx' in 'sceNp' module
LDR: W Unimplemented function 'sceNpBasicSendMessage' in 'sceNp' module
LDR: W Unimplemented function 'sceNpLookupDestroyTransactionCtx' in 'sceNp' module
LDR: W Unimplemented function 'sceNpBasicGetFriendPresenceByNpId' in 'sceNp' module
LDR: W Unimplemented function 'sceNpManagerGetNpId' in 'sceNp' module
LDR: W Unimplemented function 'cellVoiceStart' in 'cellVoice' module
LDR: W Unimplemented function 'cellVoiceDisconnectIPortFromOPort' in 'cellVoice' module
LDR: W Unimplemented function 'cellVoiceCreatePort' in 'cellVoice' module
LDR: W Unimplemented function 'cellVoiceReadFromOPort' in 'cellVoice' module
LDR: W Unimplemented function 'cellVoiceWriteToIPort' in 'cellVoice' module
LDR: W Unimplemented function 'cellVoiceGetPortInfo' in 'cellVoice' module
LDR: W Unimplemented function 'cellVoiceSetPortAttr' in 'cellVoice' module
LDR: W Unimplemented function 'cellVoiceDeletePort' in 'cellVoice' module
LDR: W Unimplemented function 'cellVoiceConnectIPortToOPort' in 'cellVoice' module
LDR: W Unimplemented function 'cellVoiceInit' in 'cellVoice' module
LDR: W Unimplemented function 'cellVoiceEnd' in 'cellVoice' module
LDR: W Unknown module 'cellSysutilAvconfExt'
LDR: W Unimplemented function 'sys_prx_load_module_on_memcontainer_by_fd' in 'sysPrxForUser' module
LDR: W Unimplemented function 'sys_prx_load_module_by_fd' in 'sysPrxForUser' module
HLE: W {PPU[1] Thread (CPUThread)[0x00967058]} sys_lwmutex warning: *** lwmutex created [_lc_mtx] (attribute=0x12): sq_id = 3
HLE: W {PPU[1] Thread (CPUThread)[0x00469ab4]} memory warning: sys_memory_get_user_memory_size(mem_info_addr=0xd0010c04)
HLE: W {PPU[1] Thread (CPUThread)[0x00967058]} sys_lwmutex warning: *** lwmutex created [_lc_mtx] (attribute=0x12): sq_id = 4
HLE: W {PPU[1] Thread (CPUThread)[0x00967058]} sys_lwmutex warning: *** lwmutex created [_lc_mtx] (attribute=0x12): sq_id = 5
HLE: W {PPU[1] Thread (CPUThread)[0x00967058]} sys_lwmutex warning: *** lwmutex created [_lc_mtx] (attribute=0x12): sq_id = 6
HLE: W {PPU[1] Thread (CPUThread)[0x00967058]} sys_lwmutex warning: *** lwmutex created [_lc_mtx] (attribute=0x12): sq_id = 7
HLE: W {PPU[1] Thread (CPUThread)[0x00967058]} sys_lwmutex warning: *** lwmutex created [_lc_mtx] (attribute=0x12): sq_id = 8
HLE: W {PPU[1] Thread (CPUThread)[0x00967058]} sys_lwmutex warning: *** lwmutex created [_lc_mtx] (attribute=0x12): sq_id = 9
HLE: W {PPU[1] Thread (CPUThread)[0x00967058]} sys_lwmutex warning: *** lwmutex created [_lc_mtx] (attribute=0x12): sq_id = 10
HLE: W {PPU[1] Thread (CPUThread)[0x00967058]} sys_lwmutex warning: *** lwmutex created [_lc_mtx] (attribute=0x12): sq_id = 11
HLE: W {PPU[1] Thread (CPUThread)[0x00967058]} sys_lwmutex warning: *** lwmutex created [_lc_mtx] (attribute=0x12): sq_id = 12
HLE: W {PPU[1] Thread (CPUThread)[0x0001083c]} memory warning: sys_memory_get_user_memory_size(mem_info_addr=0xd00109a0)
HLE: W {PPU[1] Thread (CPUThread)[0x00010864]} memory warning: sys_memory_get_user_memory_size(mem_info_addr=0xd00109a8)
HLE: W {PPU[1] Thread (CPUThread)[0x0095d010]} cellSysmodule warning: cellSysmoduleLoadModule(CELL_SYSMODULE_SYSUTIL)
HLE: W {PPU[1] Thread (CPUThread)[0x0095d010]} cellSysmodule warning: cellSysmoduleLoadModule(CELL_SYSMODULE_IO)
HLE: W {PPU[1] Thread (CPUThread)[0x0095d010]} cellSysmodule warning: cellSysmoduleLoadModule(CELL_SYSMODULE_AUDIO)
HLE: W {PPU[1] Thread (CPUThread)[0x0095d010]} cellSysmodule warning: cellSysmoduleLoadModule(CELL_SYSMODULE_GCM_SYS)
HLE: W {PPU[1] Thread (CPUThread)[0x0095d010]} cellSysmodule warning: cellSysmoduleLoadModule(CELL_SYSMODULE_SPURS)
HLE: W {PPU[1] Thread (CPUThread)[0x0095d010]} cellSysmodule warning: cellSysmoduleLoadModule(CELL_SYSMODULE_FS)
HLE: W {PPU[1] Thread (CPUThread)[0x0095d010]} cellSysmodule warning: cellSysmoduleLoadModule(CELL_SYSMODULE_NETCTL)
HLE: W {PPU[1] Thread (CPUThread)[0x0095d010]} cellSysmodule warning: cellSysmoduleLoadModule(CELL_SYSMODULE_NET)
HLE: W {PPU[1] Thread (CPUThread)[0x0095d010]} cellSysmodule warning: cellSysmoduleLoadModule(CELL_SYSMODULE_SYSUTIL_NP)
HLE: W {PPU[1] Thread (CPUThread)[0x0095d010]} cellSysmodule warning: cellSysmoduleLoadModule(CELL_SYSMODULE_VOICE)
HLE: W {PPU[1] Thread (CPUThread)[0x0095d010]} cellSysmodule warning: cellSysmoduleLoadModule(CELL_SYSMODULE_SYSUTIL_NP_TROPHY)
HLE: W {PPU[1] Thread (CPUThread)[0x0095d010]} cellSysmodule warning: cellSysmoduleLoadModule(CELL_SYSMODULE_SYSUTIL_GAME)
HLE: W {PPU[1] Thread (CPUThread)[0x0095d010]} cellSysmodule warning: cellSysmoduleLoadModule(CELL_SYSMODULE_VDEC_MPEG2)
HLE: W {PPU[1] Thread (CPUThread)[0x0095d010]} cellSysmodule warning: cellSysmoduleLoadModule(CELL_SYSMODULE_AVCONF_EXT)
HLE: W {PPU[1] Thread (CPUThread)[0x00010898]} memory warning: sys_memory_get_user_memory_size(mem_info_addr=0xd00109a0)
HLE: W {PPU[1] Thread (CPUThread)[0x000108b8]} sys_mmapper warning: sys_mmapper_allocate_address(size=0x20000000, flags=0x400, alignment=0x0, alloc_addr=0x776b98)
HLE: W {PPU[1] Thread (CPUThread)[0x000108d0]} memory warning: sys_memory_get_user_memory_size(mem_info_addr=0xd00109a0)
HLE: W {PPU[1] Thread (CPUThread)[0x0096710c]} sys_mmapper warning: sys_mmapper_allocate_memory(size=0x100000, flags=0x400, mem_id_addr=0x798058)
HLE: W {PPU[1] Thread (CPUThread)[0x0096710c]} sys_mmapper warning: sys_mmapper_allocate_memory(size=0x100000, flags=0x400, mem_id_addr=0x79805c)
HLE: W {PPU[1] Thread (CPUThread)[0x0096710c]} sys_mmapper warning: sys_mmapper_allocate_memory(size=0x100000, flags=0x400, mem_id_addr=0x798060)
HLE: W {PPU[1] Thread (CPUThread)[0x0096710c]} sys_mmapper warning: sys_mmapper_allocate_memory(size=0x100000, flags=0x400, mem_id_addr=0x798064)
HLE: W {PPU[1] Thread (CPUThread)[0x0096710c]} sys_mmapper warning: sys_mmapper_allocate_memory(size=0x100000, flags=0x400, mem_id_addr=0x798068)
HLE: W {PPU[1] Thread (CPUThread)[0x0096710c]} sys_mmapper warning: sys_mmapper_allocate_memory(size=0x100000, flags=0x400, mem_id_addr=0x79806c)
HLE: W {PPU[1] Thread (CPUThread)[0x0096710c]} sys_mmapper warning: sys_mmapper_allocate_memory(size=0x100000, flags=0x400, mem_id_addr=0x798070)
HLE: W {PPU[1] Thread (CPUThread)[0x0096710c]} sys_mmapper warning: sys_mmapper_allocate_memory(size=0x100000, flags=0x400, mem_id_addr=0x798074)
HLE: W {PPU[1] Thread (CPUThread)[0x0096710c]} sys_mmapper warning: sys_mmapper_allocate_memory(size=0x100000, flags=0x400, mem_id_addr=0x798078)
HLE: W {PPU[1] Thread (CPUThread)[0x0096710c]} sys_mmapper warning: sys_mmapper_allocate_memory(size=0x100000, flags=0x400, mem_id_addr=0x79807c)
HLE: W {PPU[1] Thread (CPUThread)[0x0096710c]} sys_mmapper warning: sys_mmapper_allocate_memory(size=0x100000, flags=0x400, mem_id_addr=0x798080)
HLE: W {PPU[1] Thread (CPUThread)[0x0096710c]} sys_mmapper warning: sys_mmapper_allocate_memory(size=0x100000, flags=0x400, mem_id_addr=0x798084)
HLE: W {PPU[1] Thread (CPUThread)[0x0096710c]} sys_mmapper warning: sys_mmapper_allocate_memory(size=0x100000, flags=0x400, mem_id_addr=0x798088)
HLE: W {PPU[1] Thread (CPUThread)[0x0096710c]} sys_mmapper warning: sys_mmapper_allocate_memory(size=0x100000, flags=0x400, mem_id_addr=0x79808c)
HLE: W {PPU[1] Thread (CPUThread)[0x0096710c]} sys_mmapper warning: sys_mmapper_allocate_memory(size=0x100000, flags=0x400, mem_id_addr=0x798090)
HLE: W {PPU[1] Thread (CPUThread)[0x0096710c]} sys_mmapper warning: sys_mmapper_allocate_memory(size=0x100000, flags=0x400, mem_id_addr=0x798094)
HLE: W {PPU[1] Thread (CPUThread)[0x0096710c]} sys_mmapper warning: sys_mmapper_allocate_memory(size=0x100000, flags=0x400, mem_id_addr=0x798098)
HLE: W {PPU[1] Thread (CPUThread)[0x0096710c]} sys_mmapper warning: sys_mmapper_allocate_memory(size=0x100000, flags=0x400, mem_id_addr=0x79809c)
HLE: W {PPU[1] Thread (CPUThread)[0x0096710c]} sys_mmapper warning: sys_mmapper_allocate_memory(size=0x100000, flags=0x400, mem_id_addr=0x7980a0)
HLE: W {PPU[1] Thread (CPUThread)[0x0096710c]} sys_mmapper warning: sys_mmapper_allocate_memory(size=0x100000, flags=0x400, mem_id_addr=0x7980a4)
HLE: W {PPU[1] Thread (CPUThread)[0x0096710c]} sys_mmapper warning: sys_mmapper_allocate_memory(size=0x100000, flags=0x400, mem_id_addr=0x7980a8)
HLE: W {PPU[1] Thread (CPUThread)[0x0096710c]} sys_mmapper warning: sys_mmapper_allocate_memory(size=0x100000, flags=0x400, mem_id_addr=0x7980ac)
HLE: W {PPU[1] Thread (CPUThread)[0x0096710c]} sys_mmapper warning: sys_mmapper_allocate_memory(size=0x100000, flags=0x400, mem_id_addr=0x7980b0)
HLE: W {PPU[1] Thread (CPUThread)[0x0096710c]} sys_mmapper warning: sys_mmapper_allocate_memory(size=0x100000, flags=0x400, mem_id_addr=0x7980b4)
HLE: W {PPU[1] Thread (CPUThread)[0x0096710c]} sys_mmapper warning: sys_mmapper_allocate_memory(size=0x100000, flags=0x400, mem_id_addr=0x7980b8)
HLE: W {PPU[1] Thread (CPUThread)[0x0096710c]} sys_mmapper warning: sys_mmapper_allocate_memory(size=0x100000, flags=0x400, mem_id_addr=0x7980bc)
HLE: W {PPU[1] Thread (CPUThread)[0x0096710c]} sys_mmapper warning: sys_mmapper_allocate_memory(size=0x100000, flags=0x400, mem_id_addr=0x7980c0)
HLE: W {PPU[1] Thread (CPUThread)[0x0096710c]} sys_mmapper warning: sys_mmapper_allocate_memory(size=0x100000, flags=0x400, mem_id_addr=0x7980c4)
HLE: W {PPU[1] Thread (CPUThread)[0x0096710c]} sys_mmapper warning: sys_mmapper_allocate_memory(size=0x100000, flags=0x400, mem_id_addr=0x7980c8)
HLE: W {PPU[1] Thread (CPUThread)[0x0096710c]} sys_mmapper warning: sys_mmapper_allocate_memory(size=0x100000, flags=0x400, mem_id_addr=0x7980cc)
HLE: W {PPU[1] Thread (CPUThread)[0x0096710c]} sys_mmapper warning: sys_mmapper_allocate_memory(size=0x100000, flags=0x400, mem_id_addr=0x7980d0)
HLE: W {PPU[1] Thread (CPUThread)[0x0096710c]} sys_mmapper warning: sys_mmapper_allocate_memory(size=0x100000, flags=0x400, mem_id_addr=0x7980d4)
HLE: W {PPU[1] Thread (CPUThread)[0x0096710c]} sys_mmapper warning: sys_mmapper_allocate_memory(size=0x100000, flags=0x400, mem_id_addr=0x7980d8)
HLE: W {PPU[1] Thread (CPUThread)[0x0096710c]} sys_mmapper warning: sys_mmapper_allocate_memory(size=0x100000, flags=0x400, mem_id_addr=0x7980dc)
HLE: W {PPU[1] Thread (CPUThread)[0x0096710c]} sys_mmapper warning: sys_mmapper_allocate_memory(size=0x100000, flags=0x400, mem_id_addr=0x7980e0)
HLE: W {PPU[1] Thread (CPUThread)[0x0096710c]} sys_mmapper warning: sys_mmapper_allocate_memory(size=0x100000, flags=0x400, mem_id_addr=0x7980e4)
HLE: W {PPU[1] Thread (CPUThread)[0x0096710c]} sys_mmapper warning: sys_mmapper_allocate_memory(size=0x100000, flags=0x400, mem_id_addr=0x7980e8)
HLE: W {PPU[1] Thread (CPUThread)[0x0096710c]} sys_mmapper warning: sys_mmapper_allocate_memory(size=0x100000, flags=0x400, mem_id_addr=0x7980ec)
HLE: W {PPU[1] Thread (CPUThread)[0x0096710c]} sys_mmapper warning: sys_mmapper_allocate_memory(size=0x100000, flags=0x400, mem_id_addr=0x7980f0)
HLE: W {PPU[1] Thread (CPUThread)[0x0096710c]} sys_mmapper warning: sys_mmapper_allocate_memory(size=0x100000, flags=0x400, mem_id_addr=0x7980f4)
HLE: W {PPU[1] Thread (CPUThread)[0x0096710c]} sys_mmapper warning: sys_mmapper_allocate_memory(size=0x100000, flags=0x400, mem_id_addr=0x7980f8)
HLE: W {PPU[1] Thread (CPUThread)[0x0096710c]} sys_mmapper warning: sys_mmapper_allocate_memory(size=0x100000, flags=0x400, mem_id_addr=0x7980fc)
HLE: W {PPU[1] Thread (CPUThread)[0x0096710c]} sys_mmapper warning: sys_mmapper_allocate_memory(size=0x100000, flags=0x400, mem_id_addr=0x798100)
HLE: W {PPU[1] Thread (CPUThread)[0x0096710c]} sys_mmapper warning: sys_mmapper_allocate_memory(size=0x100000, flags=0x400, mem_id_addr=0x798104)
HLE: W {PPU[1] Thread (CPUThread)[0x0096710c]} sys_mmapper warning: sys_mmapper_allocate_memory(size=0x100000, flags=0x400, mem_id_addr=0x798108)
HLE: W {PPU[1] Thread (CPUThread)[0x0096710c]} sys_mmapper warning: sys_mmapper_allocate_memory(size=0x100000, flags=0x400, mem_id_addr=0x79810c)
HLE: W {PPU[1] Thread (CPUThread)[0x0096710c]} sys_mmapper warning: sys_mmapper_allocate_memory(size=0x100000, flags=0x400, mem_id_addr=0x798110)
HLE: W {PPU[1] Thread (CPUThread)[0x0096710c]} sys_mmapper warning: sys_mmapper_allocate_memory(size=0x100000, flags=0x400, mem_id_addr=0x798114)
HLE: W {PPU[1] Thread (CPUThread)[0x0096710c]} sys_mmapper warning: sys_mmapper_allocate_memory(size=0x100000, flags=0x400, mem_id_addr=0x798118)
HLE: W {PPU[1] Thread (CPUThread)[0x0096710c]} sys_mmapper warning: sys_mmapper_allocate_memory(size=0x100000, flags=0x400, mem_id_addr=0x79811c)
HLE: W {PPU[1] Thread (CPUThread)[0x0096710c]} sys_mmapper warning: sys_mmapper_allocate_memory(size=0x100000, flags=0x400, mem_id_addr=0x798120)
HLE: W {PPU[1] Thread (CPUThread)[0x0096710c]} sys_mmapper warning: sys_mmapper_allocate_memory(size=0x100000, flags=0x400, mem_id_addr=0x798124)
HLE: W {PPU[1] Thread (CPUThread)[0x0096710c]} sys_mmapper warning: sys_mmapper_allocate_memory(size=0x100000, flags=0x400, mem_id_addr=0x798128)
HLE: W {PPU[1] Thread (CPUThread)[0x0096710c]} sys_mmapper warning: sys_mmapper_allocate_memory(size=0x100000, flags=0x400, mem_id_addr=0x79812c)
HLE: W {PPU[1] Thread (CPUThread)[0x0096710c]} sys_mmapper warning: sys_mmapper_allocate_memory(size=0x100000, flags=0x400, mem_id_addr=0x798130)
HLE: W {PPU[1] Thread (CPUThread)[0x0096710c]} sys_mmapper warning: sys_mmapper_allocate_memory(size=0x100000, flags=0x400, mem_id_addr=0x798134)
HLE: W {PPU[1] Thread (CPUThread)[0x0096710c]} sys_mmapper warning: sys_mmapper_allocate_memory(size=0x100000, flags=0x400, mem_id_addr=0x798138)
HLE: W {PPU[1] Thread (CPUThread)[0x0096710c]} sys_mmapper warning: sys_mmapper_allocate_memory(size=0x100000, flags=0x400, mem_id_addr=0x79813c)
HLE: W {PPU[1] Thread (CPUThread)[0x0096710c]} sys_mmapper warning: sys_mmapper_allocate_memory(size=0x100000, flags=0x400, mem_id_addr=0x798140)
HLE: W {PPU[1] Thread (CPUThread)[0x0096710c]} sys_mmapper warning: sys_mmapper_allocate_memory(size=0x100000, flags=0x400, mem_id_addr=0x798144)
HLE: W {PPU[1] Thread (CPUThread)[0x0096710c]} sys_mmapper warning: sys_mmapper_allocate_memory(size=0x100000, flags=0x400, mem_id_addr=0x798148)
HLE: W {PPU[1] Thread (CPUThread)[0x0096710c]} sys_mmapper warning: sys_mmapper_allocate_memory(size=0x100000, flags=0x400, mem_id_addr=0x79814c)
HLE: W {PPU[1] Thread (CPUThread)[0x0096710c]} sys_mmapper warning: sys_mmapper_allocate_memory(size=0x100000, flags=0x400, mem_id_addr=0x798150)
HLE: W {PPU[1] Thread (CPUThread)[0x0096710c]} sys_mmapper warning: sys_mmapper_allocate_memory(size=0x100000, flags=0x400, mem_id_addr=0x798154)
HLE: W {PPU[1] Thread (CPUThread)[0x0096710c]} sys_mmapper warning: sys_mmapper_allocate_memory(size=0x100000, flags=0x400, mem_id_addr=0x798158)
HLE: W {PPU[1] Thread (CPUThread)[0x0096710c]} sys_mmapper warning: sys_mmapper_allocate_memory(size=0x100000, flags=0x400, mem_id_addr=0x79815c)
HLE: W {PPU[1] Thread (CPUThread)[0x0096710c]} sys_mmapper warning: sys_mmapper_allocate_memory(size=0x100000, flags=0x400, mem_id_addr=0x798160)
HLE: W {PPU[1] Thread (CPUThread)[0x0096710c]} sys_mmapper warning: sys_mmapper_allocate_memory(size=0x100000, flags=0x400, mem_id_addr=0x798164)
HLE: W {PPU[1] Thread (CPUThread)[0x0096710c]} sys_mmapper warning: sys_mmapper_allocate_memory(size=0x100000, flags=0x400, mem_id_addr=0x798168)
HLE: W {PPU[1] Thread (CPUThread)[0x0096710c]} sys_mmapper warning: sys_mmapper_allocate_memory(size=0x100000, flags=0x400, mem_id_addr=0x79816c)
HLE: W {PPU[1] Thread (CPUThread)[0x0096710c]} sys_mmapper warning: sys_mmapper_allocate_memory(size=0x100000, flags=0x400, mem_id_addr=0x798170)
HLE: W {PPU[1] Thread (CPUThread)[0x0096710c]} sys_mmapper warning: sys_mmapper_allocate_memory(size=0x100000, flags=0x400, mem_id_addr=0x798174)
HLE: W {PPU[1] Thread (CPUThread)[0x0096710c]} sys_mmapper warning: sys_mmapper_allocate_memory(size=0x100000, flags=0x400, mem_id_addr=0x798178)
HLE: W {PPU[1] Thread (CPUThread)[0x0096710c]} sys_mmapper warning: sys_mmapper_allocate_memory(size=0x100000, flags=0x400, mem_id_addr=0x79817c)
HLE: W {PPU[1] Thread (CPUThread)[0x0096710c]} sys_mmapper warning: sys_mmapper_allocate_memory(size=0x100000, flags=0x400, mem_id_addr=0x798180)
HLE: W {PPU[1] Thread (CPUThread)[0x0096710c]} sys_mmapper warning: sys_mmapper_allocate_memory(size=0x100000, flags=0x400, mem_id_addr=0x798184)
HLE: W {PPU[1] Thread (CPUThread)[0x0096710c]} sys_mmapper warning: sys_mmapper_allocate_memory(size=0x100000, flags=0x400, mem_id_addr=0x798188)
HLE: W {PPU[1] Thread (CPUThread)[0x0096710c]} sys_mmapper warning: sys_mmapper_allocate_memory(size=0x100000, flags=0x400, mem_id_addr=0x79818c)
HLE: W {PPU[1] Thread (CPUThread)[0x0096710c]} sys_mmapper warning: sys_mmapper_allocate_memory(size=0x100000, flags=0x400, mem_id_addr=0x798190)
HLE: W {PPU[1] Thread (CPUThread)[0x0096710c]} sys_mmapper warning: sys_mmapper_allocate_memory(size=0x100000, flags=0x400, mem_id_addr=0x798194)
HLE: W {PPU[1] Thread (CPUThread)[0x0096710c]} sys_mmapper warning: sys_mmapper_allocate_memory(size=0x100000, flags=0x400, mem_id_addr=0x798198)
HLE: W {PPU[1] Thread (CPUThread)[0x0096710c]} sys_mmapper warning: sys_mmapper_allocate_memory(size=0x100000, flags=0x400, mem_id_addr=0x79819c)
HLE: W {PPU[1] Thread (CPUThread)[0x0096710c]} sys_mmapper warning: sys_mmapper_allocate_memory(size=0x100000, flags=0x400, mem_id_addr=0x7981a0)
HLE: W {PPU[1] Thread (CPUThread)[0x0096710c]} sys_mmapper warning: sys_mmapper_allocate_memory(size=0x100000, flags=0x400, mem_id_addr=0x7981a4)
HLE: W {PPU[1] Thread (CPUThread)[0x0096710c]} sys_mmapper warning: sys_mmapper_allocate_memory(size=0x100000, flags=0x400, mem_id_addr=0x7981a8)
HLE: W {PPU[1] Thread (CPUThread)[0x0096710c]} sys_mmapper warning: sys_mmapper_allocate_memory(size=0x100000, flags=0x400, mem_id_addr=0x7981ac)
HLE: W {PPU[1] Thread (CPUThread)[0x0096710c]} sys_mmapper warning: sys_mmapper_allocate_memory(size=0x100000, flags=0x400, mem_id_addr=0x7981b0)
HLE: W {PPU[1] Thread (CPUThread)[0x0096710c]} sys_mmapper warning: sys_mmapper_allocate_memory(size=0x100000, flags=0x400, mem_id_addr=0x7981b4)
HLE: W {PPU[1] Thread (CPUThread)[0x0096710c]} sys_mmapper warning: sys_mmapper_allocate_memory(size=0x100000, flags=0x400, mem_id_addr=0x7981b8)
HLE: W {PPU[1] Thread (CPUThread)[0x0096710c]} sys_mmapper warning: sys_mmapper_allocate_memory(size=0x100000, flags=0x400, mem_id_addr=0x7981bc)
HLE: W {PPU[1] Thread (CPUThread)[0x0096710c]} sys_mmapper warning: sys_mmapper_allocate_memory(size=0x100000, flags=0x400, mem_id_addr=0x7981c0)
HLE: W {PPU[1] Thread (CPUThread)[0x0096710c]} sys_mmapper warning: sys_mmapper_allocate_memory(size=0x100000, flags=0x400, mem_id_addr=0x7981c4)
HLE: W {PPU[1] Thread (CPUThread)[0x0096710c]} sys_mmapper warning: sys_mmapper_allocate_memory(size=0x100000, flags=0x400, mem_id_addr=0x7981c8)
HLE: W {PPU[1] Thread (CPUThread)[0x0096710c]} sys_mmapper warning: sys_mmapper_allocate_memory(size=0x100000, flags=0x400, mem_id_addr=0x7981cc)
HLE: W {PPU[1] Thread (CPUThread)[0x0096710c]} sys_mmapper warning: sys_mmapper_allocate_memory(size=0x100000, flags=0x400, mem_id_addr=0x7981d0)
HLE: W {PPU[1] Thread (CPUThread)[0x0096710c]} sys_mmapper warning: sys_mmapper_allocate_memory(size=0x100000, flags=0x400, mem_id_addr=0x7981d4)
HLE: W {PPU[1] Thread (CPUThread)[0x0096710c]} sys_mmapper warning: sys_mmapper_allocate_memory(size=0x100000, flags=0x400, mem_id_addr=0x7981d8)
HLE: W {PPU[1] Thread (CPUThread)[0x0096710c]} sys_mmapper warning: sys_mmapper_allocate_memory(size=0x100000, flags=0x400, mem_id_addr=0x7981dc)
HLE: W {PPU[1] Thread (CPUThread)[0x0096710c]} sys_mmapper warning: sys_mmapper_allocate_memory(size=0x100000, flags=0x400, mem_id_addr=0x7981e0)
HLE: W {PPU[1] Thread (CPUThread)[0x0096710c]} sys_mmapper warning: sys_mmapper_allocate_memory(size=0x100000, flags=0x400, mem_id_addr=0x7981e4)
HLE: W {PPU[1] Thread (CPUThread)[0x0096710c]} sys_mmapper warning: sys_mmapper_allocate_memory(size=0x100000, flags=0x400, mem_id_addr=0x7981e8)
HLE: W {PPU[1] Thread (CPUThread)[0x0096710c]} sys_mmapper warning: sys_mmapper_allocate_memory(size=0x100000, flags=0x400, mem_id_addr=0x7981ec)
HLE: W {PPU[1] Thread (CPUThread)[0x0096710c]} sys_mmapper warning: sys_mmapper_allocate_memory(size=0x100000, flags=0x400, mem_id_addr=0x7981f0)
HLE: W {PPU[1] Thread (CPUThread)[0x0096710c]} sys_mmapper warning: sys_mmapper_allocate_memory(size=0x100000, flags=0x400, mem_id_addr=0x7981f4)
HLE: W {PPU[1] Thread (CPUThread)[0x0096710c]} sys_mmapper warning: sys_mmapper_allocate_memory(size=0x100000, flags=0x400, mem_id_addr=0x7981f8)
HLE: W {PPU[1] Thread (CPUThread)[0x0096710c]} sys_mmapper warning: sys_mmapper_allocate_memory(size=0x100000, flags=0x400, mem_id_addr=0x7981fc)
HLE: W {PPU[1] Thread (CPUThread)[0x0096710c]} sys_mmapper warning: sys_mmapper_allocate_memory(size=0x100000, flags=0x400, mem_id_addr=0x798200)
HLE: W {PPU[1] Thread (CPUThread)[0x0096710c]} sys_mmapper warning: sys_mmapper_allocate_memory(size=0x100000, flags=0x400, mem_id_addr=0x798204)
HLE: W {PPU[1] Thread (CPUThread)[0x0096710c]} sys_mmapper warning: sys_mmapper_allocate_memory(size=0x100000, flags=0x400, mem_id_addr=0x798208)
HLE: W {PPU[1] Thread (CPUThread)[0x0096710c]} sys_mmapper warning: sys_mmapper_allocate_memory(size=0x100000, flags=0x400, mem_id_addr=0x79820c)
HLE: W {PPU[1] Thread (CPUThread)[0x0096710c]} sys_mmapper warning: sys_mmapper_allocate_memory(size=0x100000, flags=0x400, mem_id_addr=0x798210)
HLE: W {PPU[1] Thread (CPUThread)[0x0096710c]} sys_mmapper warning: sys_mmapper_allocate_memory(size=0x100000, flags=0x400, mem_id_addr=0x798214)
HLE: W {PPU[1] Thread (CPUThread)[0x0096710c]} sys_mmapper warning: sys_mmapper_allocate_memory(size=0x100000, flags=0x400, mem_id_addr=0x798218)
HLE: W {PPU[1] Thread (CPUThread)[0x0096710c]} sys_mmapper warning: sys_mmapper_allocate_memory(size=0x100000, flags=0x400, mem_id_addr=0x79821c)
HLE: W {PPU[1] Thread (CPUThread)[0x0096710c]} sys_mmapper warning: sys_mmapper_allocate_memory(size=0x100000, flags=0x400, mem_id_addr=0x798220)
HLE: W {PPU[1] Thread (CPUThread)[0x0096710c]} sys_mmapper warning: sys_mmapper_allocate_memory(size=0x100000, flags=0x400, mem_id_addr=0x798224)
HLE: W {PPU[1] Thread (CPUThread)[0x0096710c]} sys_mmapper warning: sys_mmapper_allocate_memory(size=0x100000, flags=0x400, mem_id_addr=0x798228)
HLE: W {PPU[1] Thread (CPUThread)[0x0096710c]} sys_mmapper warning: sys_mmapper_allocate_memory(size=0x100000, flags=0x400, mem_id_addr=0x79822c)
HLE: W {PPU[1] Thread (CPUThread)[0x0096710c]} sys_mmapper warning: sys_mmapper_allocate_memory(size=0x100000, flags=0x400, mem_id_addr=0x798230)
HLE: W {PPU[1] Thread (CPUThread)[0x0096710c]} sys_mmapper warning: sys_mmapper_allocate_memory(size=0x100000, flags=0x400, mem_id_addr=0x798234)
HLE: W {PPU[1] Thread (CPUThread)[0x0096710c]} sys_mmapper warning: sys_mmapper_allocate_memory(size=0x100000, flags=0x400, mem_id_addr=0x798238)
HLE: W {PPU[1] Thread (CPUThread)[0x0096710c]} sys_mmapper warning: sys_mmapper_allocate_memory(size=0x100000, flags=0x400, mem_id_addr=0x79823c)
HLE: W {PPU[1] Thread (CPUThread)[0x0096710c]} sys_mmapper warning: sys_mmapper_allocate_memory(size=0x100000, flags=0x400, mem_id_addr=0x798240)
HLE: W {PPU[1] Thread (CPUThread)[0x0096710c]} sys_mmapper warning: sys_mmapper_allocate_memory(size=0x100000, flags=0x400, mem_id_addr=0x798244)
HLE: W {PPU[1] Thread (CPUThread)[0x0096710c]} sys_mmapper warning: sys_mmapper_allocate_memory(size=0x100000, flags=0x400, mem_id_addr=0x798248)
HLE: W {PPU[1] Thread (CPUThread)[0x0096710c]} sys_mmapper warning: sys_mmapper_allocate_memory(size=0x100000, flags=0x400, mem_id_addr=0x79824c)
HLE: W {PPU[1] Thread (CPUThread)[0x0096710c]} sys_mmapper warning: sys_mmapper_allocate_memory(size=0x100000, flags=0x400, mem_id_addr=0x798250)
HLE: W {PPU[1] Thread (CPUThread)[0x0096710c]} sys_mmapper warning: sys_mmapper_allocate_memory(size=0x100000, flags=0x400, mem_id_addr=0x798254)
HLE: W {PPU[1] Thread (CPUThread)[0x0096710c]} sys_mmapper warning: sys_mmapper_allocate_memory(size=0x100000, flags=0x400, mem_id_addr=0x798258)
HLE: W {PPU[1] Thread (CPUThread)[0x0096710c]} sys_mmapper warning: sys_mmapper_allocate_memory(size=0x100000, flags=0x400, mem_id_addr=0x79825c)
HLE: W {PPU[1] Thread (CPUThread)[0x0096710c]} sys_mmapper warning: sys_mmapper_allocate_memory(size=0x100000, flags=0x400, mem_id_addr=0x798260)
HLE: W {PPU[1] Thread (CPUThread)[0x0096710c]} sys_mmapper warning: sys_mmapper_allocate_memory(size=0x100000, flags=0x400, mem_id_addr=0x798264)
HLE: W {PPU[1] Thread (CPUThread)[0x0096710c]} sys_mmapper warning: sys_mmapper_allocate_memory(size=0x100000, flags=0x400, mem_id_addr=0x798268)
HLE: W {PPU[1] Thread (CPUThread)[0x0096710c]} sys_mmapper warning: sys_mmapper_allocate_memory(size=0x100000, flags=0x400, mem_id_addr=0x79826c)
HLE: W {PPU[1] Thread (CPUThread)[0x0096710c]} sys_mmapper warning: sys_mmapper_allocate_memory(size=0x100000, flags=0x400, mem_id_addr=0x798270)
HLE: W {PPU[1] Thread (CPUThread)[0x0096710c]} sys_mmapper warning: sys_mmapper_allocate_memory(size=0x100000, flags=0x400, mem_id_addr=0x798274)
HLE: W {PPU[1] Thread (CPUThread)[0x0096710c]} sys_mmapper warning: sys_mmapper_allocate_memory(size=0x100000, flags=0x400, mem_id_addr=0x798278)
HLE: W {PPU[1] Thread (CPUThread)[0x0096710c]} sys_mmapper warning: sys_mmapper_allocate_memory(size=0x100000, flags=0x400, mem_id_addr=0x79827c)
HLE: W {PPU[1] Thread (CPUThread)[0x0096710c]} sys_mmapper warning: sys_mmapper_allocate_memory(size=0x100000, flags=0x400, mem_id_addr=0x798280)
HLE: W {PPU[1] Thread (CPUThread)[0x0096710c]} sys_mmapper warning: sys_mmapper_allocate_memory(size=0x100000, flags=0x400, mem_id_addr=0x798284)
HLE: W {PPU[1] Thread (CPUThread)[0x0096710c]} sys_mmapper warning: sys_mmapper_allocate_memory(size=0x100000, flags=0x400, mem_id_addr=0x798288)
HLE: W {PPU[1] Thread (CPUThread)[0x0096710c]} sys_mmapper warning: sys_mmapper_allocate_memory(size=0x100000, flags=0x400, mem_id_addr=0x79828c)
HLE: W {PPU[1] Thread (CPUThread)[0x0096710c]} sys_mmapper warning: sys_mmapper_allocate_memory(size=0x100000, flags=0x400, mem_id_addr=0x798290)
HLE: W {PPU[1] Thread (CPUThread)[0x0096710c]} sys_mmapper warning: sys_mmapper_allocate_memory(size=0x100000, flags=0x400, mem_id_addr=0x798294)
HLE: W {PPU[1] Thread (CPUThread)[0x0096710c]} sys_mmapper warning: sys_mmapper_allocate_memory(size=0x100000, flags=0x400, mem_id_addr=0x798298)
HLE: W {PPU[1] Thread (CPUThread)[0x0096710c]} sys_mmapper warning: sys_mmapper_allocate_memory(size=0x100000, flags=0x400, mem_id_addr=0x79829c)
HLE: W {PPU[1] Thread (CPUThread)[0x0096710c]} sys_mmapper warning: sys_mmapper_allocate_memory(size=0x100000, flags=0x400, mem_id_addr=0x7982a0)
HLE: W {PPU[1] Thread (CPUThread)[0x0096710c]} sys_mmapper warning: sys_mmapper_allocate_memory(size=0x100000, flags=0x400, mem_id_addr=0x7982a4)
HLE: W {PPU[1] Thread (CPUThread)[0x0096710c]} sys_mmapper warning: sys_mmapper_allocate_memory(size=0x100000, flags=0x400, mem_id_addr=0x7982a8)
HLE: W {PPU[1] Thread (CPUThread)[0x0096710c]} sys_mmapper warning: sys_mmapper_allocate_memory(size=0x100000, flags=0x400, mem_id_addr=0x7982ac)
HLE: W {PPU[1] Thread (CPUThread)[0x0096710c]} sys_mmapper warning: sys_mmapper_allocate_memory(size=0x100000, flags=0x400, mem_id_addr=0x7982b0)
HLE: W {PPU[1] Thread (CPUThread)[0x0096710c]} sys_mmapper warning: sys_mmapper_allocate_memory(size=0x100000, flags=0x400, mem_id_addr=0x7982b4)
HLE: W {PPU[1] Thread (CPUThread)[0x0096710c]} sys_mmapper warning: sys_mmapper_allocate_memory(size=0x100000, flags=0x400, mem_id_addr=0x7982b8)
HLE: W {PPU[1] Thread (CPUThread)[0x0096710c]} sys_mmapper warning: sys_mmapper_allocate_memory(size=0x100000, flags=0x400, mem_id_addr=0x7982bc)
HLE: W {PPU[1] Thread (CPUThread)[0x0096710c]} sys_mmapper warning: sys_mmapper_allocate_memory(size=0x100000, flags=0x400, mem_id_addr=0x7982c0)
HLE: W {PPU[1] Thread (CPUThread)[0x0096710c]} sys_mmapper warning: sys_mmapper_allocate_memory(size=0x100000, flags=0x400, mem_id_addr=0x7982c4)
HLE: W {PPU[1] Thread (CPUThread)[0x0096710c]} sys_mmapper warning: sys_mmapper_allocate_memory(size=0x100000, flags=0x400, mem_id_addr=0x7982c8)
HLE: W {PPU[1] Thread (CPUThread)[0x0096710c]} sys_mmapper warning: sys_mmapper_allocate_memory(size=0x100000, flags=0x400, mem_id_addr=0x7982cc)
HLE: W {PPU[1] Thread (CPUThread)[0x0096710c]} sys_mmapper warning: sys_mmapper_allocate_memory(size=0x100000, flags=0x400, mem_id_addr=0x7982d0)
HLE: W {PPU[1] Thread (CPUThread)[0x0096710c]} sys_mmapper warning: sys_mmapper_allocate_memory(size=0x100000, flags=0x400, mem_id_addr=0x7982d4)
HLE: W {PPU[1] Thread (CPUThread)[0x0096710c]} sys_mmapper warning: sys_mmapper_allocate_memory(size=0x100000, flags=0x400, mem_id_addr=0x7982d8)
HLE: W {PPU[1] Thread (CPUThread)[0x0096710c]} sys_mmapper warning: sys_mmapper_allocate_memory(size=0x100000, flags=0x400, mem_id_addr=0x7982dc)
HLE: W {PPU[1] Thread (CPUThread)[0x0096710c]} sys_mmapper warning: sys_mmapper_allocate_memory(size=0x100000, flags=0x400, mem_id_addr=0x7982e0)
HLE: W {PPU[1] Thread (CPUThread)[0x0096710c]} sys_mmapper warning: sys_mmapper_allocate_memory(size=0x100000, flags=0x400, mem_id_addr=0x7982e4)
HLE: W {PPU[1] Thread (CPUThread)[0x0096710c]} sys_mmapper warning: sys_mmapper_allocate_memory(size=0x100000, flags=0x400, mem_id_addr=0x7982e8)
HLE: W {PPU[1] Thread (CPUThread)[0x0096710c]} sys_mmapper warning: sys_mmapper_allocate_memory(size=0x100000, flags=0x400, mem_id_addr=0x7982ec)
HLE: W {PPU[1] Thread (CPUThread)[0x0096710c]} sys_mmapper warning: sys_mmapper_allocate_memory(size=0x100000, flags=0x400, mem_id_addr=0x7982f0)
HLE: W {PPU[1] Thread (CPUThread)[0x0096710c]} sys_mmapper warning: sys_mmapper_allocate_memory(size=0x100000, flags=0x400, mem_id_addr=0x7982f4)
HLE: W {PPU[1] Thread (CPUThread)[0x0096710c]} sys_mmapper warning: sys_mmapper_allocate_memory(size=0x100000, flags=0x400, mem_id_addr=0x7982f8)
HLE: W {PPU[1] Thread (CPUThread)[0x0096710c]} sys_mmapper warning: sys_mmapper_allocate_memory(size=0x100000, flags=0x400, mem_id_addr=0x7982fc)
HLE: W {PPU[1] Thread (CPUThread)[0x0096710c]} sys_mmapper warning: sys_mmapper_allocate_memory(size=0x100000, flags=0x400, mem_id_addr=0x798300)
HLE: W {PPU[1] Thread (CPUThread)[0x0096710c]} sys_mmapper warning: sys_mmapper_allocate_memory(size=0x100000, flags=0x400, mem_id_addr=0x798304)
HLE: W {PPU[1] Thread (CPUThread)[0x0096710c]} sys_mmapper warning: sys_mmapper_allocate_memory(size=0x100000, flags=0x400, mem_id_addr=0x798308)
HLE: W {PPU[1] Thread (CPUThread)[0x0096710c]} sys_mmapper warning: sys_mmapper_allocate_memory(size=0x100000, flags=0x400, mem_id_addr=0x79830c)
HLE: W {PPU[1] Thread (CPUThread)[0x0096710c]} sys_mmapper warning: sys_mmapper_allocate_memory(size=0x100000, flags=0x400, mem_id_addr=0x798310)
HLE: W {PPU[1] Thread (CPUThread)[0x0096710c]} sys_mmapper warning: sys_mmapper_allocate_memory(size=0x100000, flags=0x400, mem_id_addr=0x798314)
HLE: W {PPU[1] Thread (CPUThread)[0x0096710c]} sys_mmapper warning: sys_mmapper_allocate_memory(size=0x100000, flags=0x400, mem_id_addr=0x798318)
HLE: W {PPU[1] Thread (CPUThread)[0x0096710c]} sys_mmapper warning: sys_mmapper_allocate_memory(size=0x100000, flags=0x400, mem_id_addr=0x79831c)
HLE: W {PPU[1] Thread (CPUThread)[0x0096710c]} sys_mmapper warning: sys_mmapper_allocate_memory(size=0x100000, flags=0x400, mem_id_addr=0x798320)
HLE: W {PPU[1] Thread (CPUThread)[0x0096710c]} sys_mmapper warning: sys_mmapper_allocate_memory(size=0x100000, flags=0x400, mem_id_addr=0x798324)
HLE: W {PPU[1] Thread (CPUThread)[0x0096710c]} sys_mmapper warning: sys_mmapper_allocate_memory(size=0x100000, flags=0x400, mem_id_addr=0x798328)
HLE: W {PPU[1] Thread (CPUThread)[0x0096710c]} sys_mmapper warning: sys_mmapper_allocate_memory(size=0x100000, flags=0x400, mem_id_addr=0x79832c)
HLE: W {PPU[1] Thread (CPUThread)[0x0096710c]} sys_mmapper warning: sys_mmapper_allocate_memory(size=0x100000, flags=0x400, mem_id_addr=0x798330)
HLE: W {PPU[1] Thread (CPUThread)[0x0096710c]} sys_mmapper warning: sys_mmapper_allocate_memory(size=0x100000, flags=0x400, mem_id_addr=0x798334)
HLE: W {PPU[1] Thread (CPUThread)[0x0096710c]} sys_mmapper warning: sys_mmapper_allocate_memory(size=0x100000, flags=0x400, mem_id_addr=0x798338)
HLE: W {PPU[1] Thread (CPUThread)[0x0096710c]} sys_mmapper warning: sys_mmapper_allocate_memory(size=0x100000, flags=0x400, mem_id_addr=0x79833c)
HLE: W {PPU[1] Thread (CPUThread)[0x0096710c]} sys_mmapper warning: sys_mmapper_allocate_memory(size=0x100000, flags=0x400, mem_id_addr=0x798340)
HLE: W {PPU[1] Thread (CPUThread)[0x0096710c]} sys_mmapper warning: sys_mmapper_allocate_memory(size=0x100000, flags=0x400, mem_id_addr=0x798344)
HLE: W {PPU[1] Thread (CPUThread)[0x0096710c]} sys_mmapper warning: sys_mmapper_allocate_memory(size=0x100000, flags=0x400, mem_id_addr=0x798348)
HLE: W {PPU[1] Thread (CPUThread)[0x0096710c]} sys_mmapper warning: sys_mmapper_allocate_memory(size=0x100000, flags=0x400, mem_id_addr=0x79834c)
HLE: W {PPU[1] Thread (CPUThread)[0x0096710c]} sys_mmapper warning: sys_mmapper_allocate_memory(size=0x100000, flags=0x400, mem_id_addr=0x798350)
HLE: W {PPU[1] Thread (CPUThread)[0x0096710c]} sys_mmapper warning: sys_mmapper_allocate_memory(size=0x100000, flags=0x400, mem_id_addr=0x798354)
HLE: W {PPU[1] Thread (CPUThread)[0x0096710c]} sys_mmapper warning: sys_mmapper_allocate_memory(size=0x100000, flags=0x400, mem_id_addr=0x798358)
HLE: W {PPU[1] Thread (CPUThread)[0x0096710c]} sys_mmapper warning: sys_mmapper_allocate_memory(size=0x100000, flags=0x400, mem_id_addr=0x79835c)
HLE: W {PPU[1] Thread (CPUThread)[0x0096710c]} sys_mmapper warning: sys_mmapper_allocate_memory(size=0x100000, flags=0x400, mem_id_addr=0x798360)
HLE: W {PPU[1] Thread (CPUThread)[0x0096710c]} sys_mmapper warning: sys_mmapper_allocate_memory(size=0x100000, flags=0x400, mem_id_addr=0x798364)
HLE: W {PPU[1] Thread (CPUThread)[0x0001092c]} memory warning: sys_memory_get_user_memory_size(mem_info_addr=0xd00109a0)
HLE: W {PPU[1] Thread (CPUThread)[0x00967130]} sys_mmapper warning: sys_mmapper_map_memory(start_addr=0x0, mem_id=0xd, flags=0x40000)
MEM: W {PPU[1] Thread (CPUThread)[0x00967130]} memory mapped 0x30100000 to 0x0 size=0x100000
HLE: W {PPU[1] Thread (CPUThread)[0x00967130]} sys_mmapper warning: sys_mmapper_map_memory(start_addr=0x100000, mem_id=0xe, flags=0x40000)
HLE: E {PPU[1] Thread (CPUThread)[0x00967130]} sys_mmapper error: sys_mmapper_map_memory failed!
HLE: W {PPU[1] Thread (CPUThread)[0x00967130]} sys_mmapper warning: sys_mmapper_map_memory(start_addr=0x200000, mem_id=0xf, flags=0x40000)
HLE: E {PPU[1] Thread (CPUThread)[0x00967130]} sys_mmapper error: sys_mmapper_map_memory failed!
HLE: W {PPU[1] Thread (CPUThread)[0x00967130]} sys_mmapper warning: sys_mmapper_map_memory(start_addr=0x300000, mem_id=0x10, flags=0x40000)
HLE: E {PPU[1] Thread (CPUThread)[0x00967130]} sys_mmapper error: sys_mmapper_map_memory failed!
HLE: W {PPU[1] Thread (CPUThread)[0x00967130]} sys_mmapper warning: sys_mmapper_map_memory(start_addr=0x400000, mem_id=0x11, flags=0x40000)
HLE: E {PPU[1] Thread (CPUThread)[0x00967130]} sys_mmapper error: sys_mmapper_map_memory failed!
HLE: W {PPU[1] Thread (CPUThread)[0x00967130]} sys_mmapper warning: sys_mmapper_map_memory(start_addr=0x500000, mem_id=0x12, flags=0x40000)
HLE: E {PPU[1] Thread (CPUThread)[0x00967130]} sys_mmapper error: sys_mmapper_map_memory failed!
HLE: W {PPU[1] Thread (CPUThread)[0x00967130]} sys_mmapper warning: sys_mmapper_map_memory(start_addr=0x600000, mem_id=0x13, flags=0x40000)
HLE: E {PPU[1] Thread (CPUThread)[0x00967130]} sys_mmapper error: sys_mmapper_map_memory failed!
HLE: W {PPU[1] Thread (CPUThread)[0x00967130]} sys_mmapper warning: sys_mmapper_map_memory(start_addr=0x700000, mem_id=0x14, flags=0x40000)
HLE: E {PPU[1] Thread (CPUThread)[0x00967130]} sys_mmapper error: sys_mmapper_map_memory failed!
HLE: W {PPU[1] Thread (CPUThread)[0x00967130]} sys_mmapper warning: sys_mmapper_map_memory(start_addr=0x800000, mem_id=0x15, flags=0x40000)
HLE: E {PPU[1] Thread (CPUThread)[0x00967130]} sys_mmapper error: sys_mmapper_map_memory failed!
HLE: W {PPU[1] Thread (CPUThread)[0x00967130]} sys_mmapper warning: sys_mmapper_map_memory(start_addr=0x900000, mem_id=0x16, flags=0x40000)
HLE: E {PPU[1] Thread (CPUThread)[0x00967130]} sys_mmapper error: sys_mmapper_map_memory failed!
HLE: W {PPU[1] Thread (CPUThread)[0x00967130]} sys_mmapper warning: sys_mmapper_map_memory(start_addr=0xa00000, mem_id=0x17, flags=0x40000)
MEM: W {PPU[1] Thread (CPUThread)[0x00967130]} memory mapped 0x30b00000 to 0xa00000 size=0x100000
HLE: W {PPU[1] Thread (CPUThread)[0x00967130]} sys_mmapper warning: sys_mmapper_map_memory(start_addr=0xb00000, mem_id=0x18, flags=0x40000)
MEM: W {PPU[1] Thread (CPUThread)[0x00967130]} memory mapped 0x30c00000 to 0xb00000 size=0x100000
HLE: W {PPU[1] Thread (CPUThread)[0x00967130]} sys_mmapper warning: sys_mmapper_map_memory(start_addr=0xc00000, mem_id=0x19, flags=0x40000)
MEM: W {PPU[1] Thread (CPUThread)[0x00967130]} memory mapped 0x30d00000 to 0xc00000 size=0x100000
HLE: W {PPU[1] Thread (CPUThread)[0x00967130]} sys_mmapper warning: sys_mmapper_map_memory(start_addr=0xd00000, mem_id=0x1a, flags=0x40000)
MEM: W {PPU[1] Thread (CPUThread)[0x00967130]} memory mapped 0x30e00000 to 0xd00000 size=0x100000
HLE: W {PPU[1] Thread (CPUThread)[0x00967130]} sys_mmapper warning: sys_mmapper_map_memory(start_addr=0xe00000, mem_id=0x1b, flags=0x40000)
MEM: W {PPU[1] Thread (CPUThread)[0x00967130]} memory mapped 0x30f00000 to 0xe00000 size=0x100000
HLE: W {PPU[1] Thread (CPUThread)[0x00967130]} sys_mmapper warning: sys_mmapper_map_memory(start_addr=0xf00000, mem_id=0x1c, flags=0x40000)
MEM: W {PPU[1] Thread (CPUThread)[0x00967130]} memory mapped 0x31000000 to 0xf00000 size=0x100000
HLE: W {PPU[1] Thread (CPUThread)[0x00967130]} sys_mmapper warning: sys_mmapper_map_memory(start_addr=0x1000000, mem_id=0x1d, flags=0x40000)
MEM: W {PPU[1] Thread (CPUThread)[0x00967130]} memory mapped 0x31100000 to 0x1000000 size=0x100000
HLE: W {PPU[1] Thread (CPUThread)[0x00967130]} sys_mmapper warning: sys_mmapper_map_memory(start_addr=0x1100000, mem_id=0x1e, flags=0x40000)
MEM: W {PPU[1] Thread (CPUThread)[0x00967130]} memory mapped 0x31200000 to 0x1100000 size=0x100000
HLE: W {PPU[1] Thread (CPUThread)[0x00967130]} sys_mmapper warning: sys_mmapper_map_memory(start_addr=0x1200000, mem_id=0x1f, flags=0x40000)
MEM: W {PPU[1] Thread (CPUThread)[0x00967130]} memory mapped 0x31300000 to 0x1200000 size=0x100000
HLE: W {PPU[1] Thread (CPUThread)[0x00967130]} sys_mmapper warning: sys_mmapper_map_memory(start_addr=0x1300000, mem_id=0x20, flags=0x40000)
MEM: W {PPU[1] Thread (CPUThread)[0x00967130]} memory mapped 0x31400000 to 0x1300000 size=0x100000
HLE: W {PPU[1] Thread (CPUThread)[0x00967130]} sys_mmapper warning: sys_mmapper_map_memory(start_addr=0x1400000, mem_id=0x21, flags=0x40000)
MEM: W {PPU[1] Thread (CPUThread)[0x00967130]} memory mapped 0x31500000 to 0x1400000 size=0x100000
HLE: W {PPU[1] Thread (CPUThread)[0x00967130]} sys_mmapper warning: sys_mmapper_map_memory(start_addr=0x1500000, mem_id=0x22, flags=0x40000)
MEM: W {PPU[1] Thread (CPUThread)[0x00967130]} memory mapped 0x31600000 to 0x1500000 size=0x100000
HLE: W {PPU[1] Thread (CPUThread)[0x00967130]} sys_mmapper warning: sys_mmapper_map_memory(start_addr=0x1600000, mem_id=0x23, flags=0x40000)
MEM: W {PPU[1] Thread (CPUThread)[0x00967130]} memory mapped 0x31700000 to 0x1600000 size=0x100000
HLE: W {PPU[1] Thread (CPUThread)[0x00967130]} sys_mmapper warning: sys_mmapper_map_memory(start_addr=0x1700000, mem_id=0x24, flags=0x40000)
MEM: W {PPU[1] Thread (CPUThread)[0x00967130]} memory mapped 0x31800000 to 0x1700000 size=0x100000
HLE: W {PPU[1] Thread (CPUThread)[0x00967130]} sys_mmapper warning: sys_mmapper_map_memory(start_addr=0x1800000, mem_id=0x25, flags=0x40000)
MEM: W {PPU[1] Thread (CPUThread)[0x00967130]} memory mapped 0x31900000 to 0x1800000 size=0x100000
HLE: W {PPU[1] Thread (CPUThread)[0x00967130]} sys_mmapper warning: sys_mmapper_map_memory(start_addr=0x1900000, mem_id=0x26, flags=0x40000)
MEM: W {PPU[1] Thread (CPUThread)[0x00967130]} memory mapped 0x31a00000 to 0x1900000 size=0x100000
HLE: W {PPU[1] Thread (CPUThread)[0x00967130]} sys_mmapper warning: sys_mmapper_map_memory(start_addr=0x1a00000, mem_id=0x27, flags=0x40000)
MEM: W {PPU[1] Thread (CPUThread)[0x00967130]} memory mapped 0x31b00000 to 0x1a00000 size=0x100000
HLE: W {PPU[1] Thread (CPUThread)[0x00967130]} sys_mmapper warning: sys_mmapper_map_memory(start_addr=0x1b00000, mem_id=0x28, flags=0x40000)
MEM: W {PPU[1] Thread (CPUThread)[0x00967130]} memory mapped 0x31c00000 to 0x1b00000 size=0x100000
HLE: W {PPU[1] Thread (CPUThread)[0x00967130]} sys_mmapper warning: sys_mmapper_map_memory(start_addr=0x1c00000, mem_id=0x29, flags=0x40000)
MEM: W {PPU[1] Thread (CPUThread)[0x00967130]} memory mapped 0x31d00000 to 0x1c00000 size=0x100000
HLE: W {PPU[1] Thread (CPUThread)[0x00967130]} sys_mmapper warning: sys_mmapper_map_memory(start_addr=0x1d00000, mem_id=0x2a, flags=0x40000)
MEM: W {PPU[1] Thread (CPUThread)[0x00967130]} memory mapped 0x31e00000 to 0x1d00000 size=0x100000
HLE: W {PPU[1] Thread (CPUThread)[0x00967130]} sys_mmapper warning: sys_mmapper_map_memory(start_addr=0x1e00000, mem_id=0x2b, flags=0x40000)
MEM: W {PPU[1] Thread (CPUThread)[0x00967130]} memory mapped 0x31f00000 to 0x1e00000 size=0x100000
HLE: W {PPU[1] Thread (CPUThread)[0x00967130]} sys_mmapper warning: sys_mmapper_map_memory(start_addr=0x1f00000, mem_id=0x2c, flags=0x40000)
MEM: W {PPU[1] Thread (CPUThread)[0x00967130]} memory mapped 0x32000000 to 0x1f00000 size=0x100000
HLE: W {PPU[1] Thread (CPUThread)[0x00967130]} sys_mmapper warning: sys_mmapper_map_memory(start_addr=0x2000000, mem_id=0x2d, flags=0x40000)
MEM: W {PPU[1] Thread (CPUThread)[0x00967130]} memory mapped 0x32100000 to 0x2000000 size=0x100000
HLE: W {PPU[1] Thread (CPUThread)[0x00967130]} sys_mmapper warning: sys_mmapper_map_memory(start_addr=0x2100000, mem_id=0x2e, flags=0x40000)
MEM: W {PPU[1] Thread (CPUThread)[0x00967130]} memory mapped 0x32200000 to 0x2100000 size=0x100000
HLE: W {PPU[1] Thread (CPUThread)[0x00967130]} sys_mmapper warning: sys_mmapper_map_memory(start_addr=0x2200000, mem_id=0x2f, flags=0x40000)
MEM: W {PPU[1] Thread (CPUThread)[0x00967130]} memory mapped 0x32300000 to 0x2200000 size=0x100000
HLE: W {PPU[1] Thread (CPUThread)[0x00967130]} sys_mmapper warning: sys_mmapper_map_memory(start_addr=0x2300000, mem_id=0x30, flags=0x40000)
MEM: W {PPU[1] Thread (CPUThread)[0x00967130]} memory mapped 0x32400000 to 0x2300000 size=0x100000
HLE: W {PPU[1] Thread (CPUThread)[0x00967130]} sys_mmapper warning: sys_mmapper_map_memory(start_addr=0x2400000, mem_id=0x31, flags=0x40000)
MEM: W {PPU[1] Thread (CPUThread)[0x00967130]} memory mapped 0x32500000 to 0x2400000 size=0x100000
HLE: W {PPU[1] Thread (CPUThread)[0x00967130]} sys_mmapper warning: sys_mmapper_map_memory(start_addr=0x2500000, mem_id=0x32, flags=0x40000)
MEM: W {PPU[1] Thread (CPUThread)[0x00967130]} memory mapped 0x32600000 to 0x2500000 size=0x100000
HLE: W {PPU[1] Thread (CPUThread)[0x00967130]} sys_mmapper warning: sys_mmapper_map_memory(start_addr=0x2600000, mem_id=0x33, flags=0x40000)
MEM: W {PPU[1] Thread (CPUThread)[0x00967130]} memory mapped 0x32700000 to 0x2600000 size=0x100000
HLE: W {PPU[1] Thread (CPUThread)[0x00967130]} sys_mmapper warning: sys_mmapper_map_memory(start_addr=0x2700000, mem_id=0x34, flags=0x40000)
MEM: W {PPU[1] Thread (CPUThread)[0x00967130]} memory mapped 0x32800000 to 0x2700000 size=0x100000
HLE: W {PPU[1] Thread (CPUThread)[0x00967130]} sys_mmapper warning: sys_mmapper_map_memory(start_addr=0x2800000, mem_id=0x35, flags=0x40000)
MEM: W {PPU[1] Thread (CPUThread)[0x00967130]} memory mapped 0x32900000 to 0x2800000 size=0x100000
HLE: W {PPU[1] Thread (CPUThread)[0x00967130]} sys_mmapper warning: sys_mmapper_map_memory(start_addr=0x2900000, mem_id=0x36, flags=0x40000)
MEM: W {PPU[1] Thread (CPUThread)[0x00967130]} memory mapped 0x32a00000 to 0x2900000 size=0x100000
HLE: W {PPU[1] Thread (CPUThread)[0x00967130]} sys_mmapper warning: sys_mmapper_map_memory(start_addr=0x2a00000, mem_id=0x37, flags=0x40000)
MEM: W {PPU[1] Thread (CPUThread)[0x00967130]} memory mapped 0x32b00000 to 0x2a00000 size=0x100000
HLE: W {PPU[1] Thread (CPUThread)[0x00967130]} sys_mmapper warning: sys_mmapper_map_memory(start_addr=0x2b00000, mem_id=0x38, flags=0x40000)
MEM: W {PPU[1] Thread (CPUThread)[0x00967130]} memory mapped 0x32c00000 to 0x2b00000 size=0x100000
HLE: W {PPU[1] Thread (CPUThread)[0x00967130]} sys_mmapper warning: sys_mmapper_map_memory(start_addr=0x2c00000, mem_id=0x39, flags=0x40000)
MEM: W {PPU[1] Thread (CPUThread)[0x00967130]} memory mapped 0x32d00000 to 0x2c00000 size=0x100000
HLE: W {PPU[1] Thread (CPUThread)[0x00967130]} sys_mmapper warning: sys_mmapper_map_memory(start_addr=0x2d00000, mem_id=0x3a, flags=0x40000)
MEM: W {PPU[1] Thread (CPUThread)[0x00967130]} memory mapped 0x32e00000 to 0x2d00000 size=0x100000
HLE: W {PPU[1] Thread (CPUThread)[0x00967130]} sys_mmapper warning: sys_mmapper_map_memory(start_addr=0x2e00000, mem_id=0x3b, flags=0x40000)
MEM: W {PPU[1] Thread (CPUThread)[0x00967130]} memory mapped 0x32f00000 to 0x2e00000 size=0x100000
HLE: W {PPU[1] Thread (CPUThread)[0x00967130]} sys_mmapper warning: sys_mmapper_map_memory(start_addr=0x2f00000, mem_id=0x3c, flags=0x40000)
MEM: W {PPU[1] Thread (CPUThread)[0x00967130]} memory mapped 0x33000000 to 0x2f00000 size=0x100000
HLE: W {PPU[1] Thread (CPUThread)[0x00967130]} sys_mmapper warning: sys_mmapper_map_memory(start_addr=0x3000000, mem_id=0x3d, flags=0x40000)
MEM: W {PPU[1] Thread (CPUThread)[0x00967130]} memory mapped 0x33100000 to 0x3000000 size=0x100000
HLE: W {PPU[1] Thread (CPUThread)[0x00967130]} sys_mmapper warning: sys_mmapper_map_memory(start_addr=0x3100000, mem_id=0x3e, flags=0x40000)
MEM: W {PPU[1] Thread (CPUThread)[0x00967130]} memory mapped 0x33200000 to 0x3100000 size=0x100000
HLE: W {PPU[1] Thread (CPUThread)[0x00967130]} sys_mmapper warning: sys_mmapper_map_memory(start_addr=0x3200000, mem_id=0x3f, flags=0x40000)
MEM: W {PPU[1] Thread (CPUThread)[0x00967130]} memory mapped 0x33300000 to 0x3200000 size=0x100000
HLE: W {PPU[1] Thread (CPUThread)[0x00967130]} sys_mmapper warning: sys_mmapper_map_memory(start_addr=0x3300000, mem_id=0x40, flags=0x40000)
MEM: W {PPU[1] Thread (CPUThread)[0x00967130]} memory mapped 0x33400000 to 0x3300000 size=0x100000
HLE: W {PPU[1] Thread (CPUThread)[0x00967130]} sys_mmapper warning: sys_mmapper_map_memory(start_addr=0x3400000, mem_id=0x41, flags=0x40000)
MEM: W {PPU[1] Thread (CPUThread)[0x00967130]} memory mapped 0x33500000 to 0x3400000 size=0x100000
HLE: W {PPU[1] Thread (CPUThread)[0x00967130]} sys_mmapper warning: sys_mmapper_map_memory(start_addr=0x3500000, mem_id=0x42, flags=0x40000)
MEM: W {PPU[1] Thread (CPUThread)[0x00967130]} memory mapped 0x33600000 to 0x3500000 size=0x100000
HLE: W {PPU[1] Thread (CPUThread)[0x00967130]} sys_mmapper warning: sys_mmapper_map_memory(start_addr=0x3600000, mem_id=0x43, flags=0x40000)
MEM: W {PPU[1] Thread (CPUThread)[0x00967130]} memory mapped 0x33700000 to 0x3600000 size=0x100000
HLE: W {PPU[1] Thread (CPUThread)[0x00967130]} sys_mmapper warning: sys_mmapper_map_memory(start_addr=0x3700000, mem_id=0x44, flags=0x40000)
MEM: W {PPU[1] Thread (CPUThread)[0x00967130]} memory mapped 0x33800000 to 0x3700000 size=0x100000
HLE: W {PPU[1] Thread (CPUThread)[0x00967130]} sys_mmapper warning: sys_mmapper_map_memory(start_addr=0x3800000, mem_id=0x45, flags=0x40000)
MEM: W {PPU[1] Thread (CPUThread)[0x00967130]} memory mapped 0x33900000 to 0x3800000 size=0x100000
HLE: W {PPU[1] Thread (CPUThread)[0x00967130]} sys_mmapper warning: sys_mmapper_map_memory(start_addr=0x3900000, mem_id=0x46, flags=0x40000)
MEM: W {PPU[1] Thread (CPUThread)[0x00967130]} memory mapped 0x33a00000 to 0x3900000 size=0x100000
HLE: W {PPU[1] Thread (CPUThread)[0x00967130]} sys_mmapper warning: sys_mmapper_map_memory(start_addr=0x3a00000, mem_id=0x47, flags=0x40000)
MEM: W {PPU[1] Thread (CPUThread)[0x00967130]} memory mapped 0x33b00000 to 0x3a00000 size=0x100000
HLE: W {PPU[1] Thread (CPUThread)[0x00967130]} sys_mmapper warning: sys_mmapper_map_memory(start_addr=0x3b00000, mem_id=0x48, flags=0x40000)
MEM: W {PPU[1] Thread (CPUThread)[0x00967130]} memory mapped 0x33c00000 to 0x3b00000 size=0x100000
HLE: W {PPU[1] Thread (CPUThread)[0x00967130]} sys_mmapper warning: sys_mmapper_map_memory(start_addr=0x3c00000, mem_id=0x49, flags=0x40000)
MEM: W {PPU[1] Thread (CPUThread)[0x00967130]} memory mapped 0x33d00000 to 0x3c00000 size=0x100000
HLE: W {PPU[1] Thread (CPUThread)[0x00967130]} sys_mmapper warning: sys_mmapper_map_memory(start_addr=0x3d00000, mem_id=0x4a, flags=0x40000)
MEM: W {PPU[1] Thread (CPUThread)[0x00967130]} memory mapped 0x33e00000 to 0x3d00000 size=0x100000
HLE: W {PPU[1] Thread (CPUThread)[0x00967130]} sys_mmapper warning: sys_mmapper_map_memory(start_addr=0x3e00000, mem_id=0x4b, flags=0x40000)
MEM: W {PPU[1] Thread (CPUThread)[0x00967130]} memory mapped 0x33f00000 to 0x3e00000 size=0x100000
HLE: W {PPU[1] Thread (CPUThread)[0x00967130]} sys_mmapper warning: sys_mmapper_map_memory(start_addr=0x3f00000, mem_id=0x4c, flags=0x40000)
MEM: W {PPU[1] Thread (CPUThread)[0x00967130]} memory mapped 0x34000000 to 0x3f00000 size=0x100000
HLE: W {PPU[1] Thread (CPUThread)[0x00967130]} sys_mmapper warning: sys_mmapper_map_memory(start_addr=0x4000000, mem_id=0x4d, flags=0x40000)
MEM: W {PPU[1] Thread (CPUThread)[0x00967130]} memory mapped 0x34100000 to 0x4000000 size=0x100000
HLE: W {PPU[1] Thread (CPUThread)[0x00967130]} sys_mmapper warning: sys_mmapper_map_memory(start_addr=0x4100000, mem_id=0x4e, flags=0x40000)
MEM: W {PPU[1] Thread (CPUThread)[0x00967130]} memory mapped 0x34200000 to 0x4100000 size=0x100000
HLE: W {PPU[1] Thread (CPUThread)[0x00967130]} sys_mmapper warning: sys_mmapper_map_memory(start_addr=0x4200000, mem_id=0x4f, flags=0x40000)
MEM: W {PPU[1] Thread (CPUThread)[0x00967130]} memory mapped 0x34300000 to 0x4200000 size=0x100000
HLE: W {PPU[1] Thread (CPUThread)[0x00967130]} sys_mmapper warning: sys_mmapper_map_memory(start_addr=0x4300000, mem_id=0x50, flags=0x40000)
MEM: W {PPU[1] Thread (CPUThread)[0x00967130]} memory mapped 0x34400000 to 0x4300000 size=0x100000
HLE: W {PPU[1] Thread (CPUThread)[0x00967130]} sys_mmapper warning: sys_mmapper_map_memory(start_addr=0x4400000, mem_id=0x51, flags=0x40000)
MEM: W {PPU[1] Thread (CPUThread)[0x00967130]} memory mapped 0x34500000 to 0x4400000 size=0x100000
HLE: W {PPU[1] Thread (CPUThread)[0x00967130]} sys_mmapper warning: sys_mmapper_map_memory(start_addr=0x4500000, mem_id=0x52, flags=0x40000)
MEM: W {PPU[1] Thread (CPUThread)[0x00967130]} memory mapped 0x34600000 to 0x4500000 size=0x100000
HLE: W {PPU[1] Thread (CPUThread)[0x00967130]} sys_mmapper warning: sys_mmapper_map_memory(start_addr=0x4600000, mem_id=0x53, flags=0x40000)
MEM: W {PPU[1] Thread (CPUThread)[0x00967130]} memory mapped 0x34700000 to 0x4600000 size=0x100000
HLE: W {PPU[1] Thread (CPUThread)[0x00967130]} sys_mmapper warning: sys_mmapper_map_memory(start_addr=0x4700000, mem_id=0x54, flags=0x40000)
MEM: W {PPU[1] Thread (CPUThread)[0x00967130]} memory mapped 0x34800000 to 0x4700000 size=0x100000
HLE: W {PPU[1] Thread (CPUThread)[0x00967130]} sys_mmapper warning: sys_mmapper_map_memory(start_addr=0x4800000, mem_id=0x55, flags=0x40000)
MEM: W {PPU[1] Thread (CPUThread)[0x00967130]} memory mapped 0x34900000 to 0x4800000 size=0x100000
HLE: W {PPU[1] Thread (CPUThread)[0x00967130]} sys_mmapper warning: sys_mmapper_map_memory(start_addr=0x4900000, mem_id=0x56, flags=0x40000)
MEM: W {PPU[1] Thread (CPUThread)[0x00967130]} memory mapped 0x34a00000 to 0x4900000 size=0x100000
HLE: W {PPU[1] Thread (CPUThread)[0x00967130]} sys_mmapper warning: sys_mmapper_map_memory(start_addr=0x4a00000, mem_id=0x57, flags=0x40000)
MEM: W {PPU[1] Thread (CPUThread)[0x00967130]} memory mapped 0x34b00000 to 0x4a00000 size=0x100000
HLE: W {PPU[1] Thread (CPUThread)[0x00967130]} sys_mmapper warning: sys_mmapper_map_memory(start_addr=0x4b00000, mem_id=0x58, flags=0x40000)
MEM: W {PPU[1] Thread (CPUThread)[0x00967130]} memory mapped 0x34c00000 to 0x4b00000 size=0x100000
HLE: W {PPU[1] Thread (CPUThread)[0x00967130]} sys_mmapper warning: sys_mmapper_map_memory(start_addr=0x4c00000, mem_id=0x59, flags=0x40000)
MEM: W {PPU[1] Thread (CPUThread)[0x00967130]} memory mapped 0x34d00000 to 0x4c00000 size=0x100000
HLE: W {PPU[1] Thread (CPUThread)[0x00967130]} sys_mmapper warning: sys_mmapper_map_memory(start_addr=0x4d00000, mem_id=0x5a, flags=0x40000)
MEM: W {PPU[1] Thread (CPUThread)[0x00967130]} memory mapped 0x34e00000 to 0x4d00000 size=0x100000
HLE: W {PPU[1] Thread (CPUThread)[0x00967130]} sys_mmapper warning: sys_mmapper_map_memory(start_addr=0x4e00000, mem_id=0x5b, flags=0x40000)
MEM: W {PPU[1] Thread (CPUThread)[0x00967130]} memory mapped 0x34f00000 to 0x4e00000 size=0x100000
HLE: W {PPU[1] Thread (CPUThread)[0x00967130]} sys_mmapper warning: sys_mmapper_map_memory(start_addr=0x4f00000, mem_id=0x5c, flags=0x40000)
MEM: W {PPU[1] Thread (CPUThread)[0x00967130]} memory mapped 0x35000000 to 0x4f00000 size=0x100000
HLE: W {PPU[1] Thread (CPUThread)[0x00967130]} sys_mmapper warning: sys_mmapper_map_memory(start_addr=0x5000000, mem_id=0x5d, flags=0x40000)
MEM: W {PPU[1] Thread (CPUThread)[0x00967130]} memory mapped 0x35100000 to 0x5000000 size=0x100000
HLE: W {PPU[1] Thread (CPUThread)[0x00967130]} sys_mmapper warning: sys_mmapper_map_memory(start_addr=0x5100000, mem_id=0x5e, flags=0x40000)
MEM: W {PPU[1] Thread (CPUThread)[0x00967130]} memory mapped 0x35200000 to 0x5100000 size=0x100000
HLE: W {PPU[1] Thread (CPUThread)[0x00967130]} sys_mmapper warning: sys_mmapper_map_memory(start_addr=0x5200000, mem_id=0x5f, flags=0x40000)
MEM: W {PPU[1] Thread (CPUThread)[0x00967130]} memory mapped 0x35300000 to 0x5200000 size=0x100000
HLE: W {PPU[1] Thread (CPUThread)[0x00967130]} sys_mmapper warning: sys_mmapper_map_memory(start_addr=0x5300000, mem_id=0x60, flags=0x40000)
MEM: W {PPU[1] Thread (CPUThread)[0x00967130]} memory mapped 0x35400000 to 0x5300000 size=0x100000
HLE: W {PPU[1] Thread (CPUThread)[0x00967130]} sys_mmapper warning: sys_mmapper_map_memory(start_addr=0x5400000, mem_id=0x61, flags=0x40000)
MEM: W {PPU[1] Thread (CPUThread)[0x00967130]} memory mapped 0x35500000 to 0x5400000 size=0x100000
HLE: W {PPU[1] Thread (CPUThread)[0x00967130]} sys_mmapper warning: sys_mmapper_map_memory(start_addr=0x5500000, mem_id=0x62, flags=0x40000)
MEM: W {PPU[1] Thread (CPUThread)[0x00967130]} memory mapped 0x35600000 to 0x5500000 size=0x100000
HLE: W {PPU[1] Thread (CPUThread)[0x00967130]} sys_mmapper warning: sys_mmapper_map_memory(start_addr=0x5600000, mem_id=0x63, flags=0x40000)
MEM: W {PPU[1] Thread (CPUThread)[0x00967130]} memory mapped 0x35700000 to 0x5600000 size=0x100000
HLE: W {PPU[1] Thread (CPUThread)[0x00967130]} sys_mmapper warning: sys_mmapper_map_memory(start_addr=0x5700000, mem_id=0x64, flags=0x40000)
MEM: W {PPU[1] Thread (CPUThread)[0x00967130]} memory mapped 0x35800000 to 0x5700000 size=0x100000
HLE: W {PPU[1] Thread (CPUThread)[0x00967130]} sys_mmapper warning: sys_mmapper_map_memory(start_addr=0x5800000, mem_id=0x65, flags=0x40000)
MEM: W {PPU[1] Thread (CPUThread)[0x00967130]} memory mapped 0x35900000 to 0x5800000 size=0x100000
HLE: W {PPU[1] Thread (CPUThread)[0x00967130]} sys_mmapper warning: sys_mmapper_map_memory(start_addr=0x5900000, mem_id=0x66, flags=0x40000)
MEM: W {PPU[1] Thread (CPUThread)[0x00967130]} memory mapped 0x35a00000 to 0x5900000 size=0x100000
HLE: W {PPU[1] Thread (CPUThread)[0x00967130]} sys_mmapper warning: sys_mmapper_map_memory(start_addr=0x5a00000, mem_id=0x67, flags=0x40000)
MEM: W {PPU[1] Thread (CPUThread)[0x00967130]} memory mapped 0x35b00000 to 0x5a00000 size=0x100000
HLE: W {PPU[1] Thread (CPUThread)[0x00967130]} sys_mmapper warning: sys_mmapper_map_memory(start_addr=0x5b00000, mem_id=0x68, flags=0x40000)
MEM: W {PPU[1] Thread (CPUThread)[0x00967130]} memory mapped 0x35c00000 to 0x5b00000 size=0x100000
HLE: W {PPU[1] Thread (CPUThread)[0x00967130]} sys_mmapper warning: sys_mmapper_map_memory(start_addr=0x5c00000, mem_id=0x69, flags=0x40000)
MEM: W {PPU[1] Thread (CPUThread)[0x00967130]} memory mapped 0x35d00000 to 0x5c00000 size=0x100000
HLE: W {PPU[1] Thread (CPUThread)[0x00967130]} sys_mmapper warning: sys_mmapper_map_memory(start_addr=0x5d00000, mem_id=0x6a, flags=0x40000)
MEM: W {PPU[1] Thread (CPUThread)[0x00967130]} memory mapped 0x35e00000 to 0x5d00000 size=0x100000
HLE: W {PPU[1] Thread (CPUThread)[0x00967130]} sys_mmapper warning: sys_mmapper_map_memory(start_addr=0x5e00000, mem_id=0x6b, flags=0x40000)
MEM: W {PPU[1] Thread (CPUThread)[0x00967130]} memory mapped 0x35f00000 to 0x5e00000 size=0x100000
HLE: W {PPU[1] Thread (CPUThread)[0x00967130]} sys_mmapper warning: sys_mmapper_map_memory(start_addr=0x5f00000, mem_id=0x6c, flags=0x40000)
MEM: W {PPU[1] Thread (CPUThread)[0x00967130]} memory mapped 0x36000000 to 0x5f00000 size=0x100000
HLE: W {PPU[1] Thread (CPUThread)[0x00967130]} sys_mmapper warning: sys_mmapper_map_memory(start_addr=0x6000000, mem_id=0x6d, flags=0x40000)
MEM: W {PPU[1] Thread (CPUThread)[0x00967130]} memory mapped 0x36100000 to 0x6000000 size=0x100000
HLE: W {PPU[1] Thread (CPUThread)[0x00967130]} sys_mmapper warning: sys_mmapper_map_memory(start_addr=0x6100000, mem_id=0x6e, flags=0x40000)
MEM: W {PPU[1] Thread (CPUThread)[0x00967130]} memory mapped 0x36200000 to 0x6100000 size=0x100000
HLE: W {PPU[1] Thread (CPUThread)[0x00967130]} sys_mmapper warning: sys_mmapper_map_memory(start_addr=0x6200000, mem_id=0x6f, flags=0x40000)
MEM: W {PPU[1] Thread (CPUThread)[0x00967130]} memory mapped 0x36300000 to 0x6200000 size=0x100000
HLE: W {PPU[1] Thread (CPUThread)[0x00967130]} sys_mmapper warning: sys_mmapper_map_memory(start_addr=0x6300000, mem_id=0x70, flags=0x40000)
MEM: W {PPU[1] Thread (CPUThread)[0x00967130]} memory mapped 0x36400000 to 0x6300000 size=0x100000
HLE: W {PPU[1] Thread (CPUThread)[0x00967130]} sys_mmapper warning: sys_mmapper_map_memory(start_addr=0x6400000, mem_id=0x71, flags=0x40000)
MEM: W {PPU[1] Thread (CPUThread)[0x00967130]} memory mapped 0x36500000 to 0x6400000 size=0x100000
HLE: W {PPU[1] Thread (CPUThread)[0x00967130]} sys_mmapper warning: sys_mmapper_map_memory(start_addr=0x6500000, mem_id=0x72, flags=0x40000)
MEM: W {PPU[1] Thread (CPUThread)[0x00967130]} memory mapped 0x36600000 to 0x6500000 size=0x100000
HLE: W {PPU[1] Thread (CPUThread)[0x00967130]} sys_mmapper warning: sys_mmapper_map_memory(start_addr=0x6600000, mem_id=0x73, flags=0x40000)
MEM: W {PPU[1] Thread (CPUThread)[0x00967130]} memory mapped 0x36700000 to 0x6600000 size=0x100000
HLE: W {PPU[1] Thread (CPUThread)[0x00967130]} sys_mmapper warning: sys_mmapper_map_memory(start_addr=0x6700000, mem_id=0x74, flags=0x40000)
MEM: W {PPU[1] Thread (CPUThread)[0x00967130]} memory mapped 0x36800000 to 0x6700000 size=0x100000
HLE: W {PPU[1] Thread (CPUThread)[0x00967130]} sys_mmapper warning: sys_mmapper_map_memory(start_addr=0x6800000, mem_id=0x75, flags=0x40000)
MEM: W {PPU[1] Thread (CPUThread)[0x00967130]} memory mapped 0x36900000 to 0x6800000 size=0x100000
HLE: W {PPU[1] Thread (CPUThread)[0x00967130]} sys_mmapper warning: sys_mmapper_map_memory(start_addr=0x6900000, mem_id=0x76, flags=0x40000)
MEM: W {PPU[1] Thread (CPUThread)[0x00967130]} memory mapped 0x36a00000 to 0x6900000 size=0x100000
HLE: W {PPU[1] Thread (CPUThread)[0x00967130]} sys_mmapper warning: sys_mmapper_map_memory(start_addr=0x6a00000, mem_id=0x77, flags=0x40000)
MEM: W {PPU[1] Thread (CPUThread)[0x00967130]} memory mapped 0x36b00000 to 0x6a00000 size=0x100000
HLE: W {PPU[1] Thread (CPUThread)[0x00967130]} sys_mmapper warning: sys_mmapper_map_memory(start_addr=0x6b00000, mem_id=0x78, flags=0x40000)
MEM: W {PPU[1] Thread (CPUThread)[0x00967130]} memory mapped 0x36c00000 to 0x6b00000 size=0x100000
HLE: W {PPU[1] Thread (CPUThread)[0x00967130]} sys_mmapper warning: sys_mmapper_map_memory(start_addr=0x6c00000, mem_id=0x79, flags=0x40000)
MEM: W {PPU[1] Thread (CPUThread)[0x00967130]} memory mapped 0x36d00000 to 0x6c00000 size=0x100000
HLE: W {PPU[1] Thread (CPUThread)[0x00967130]} sys_mmapper warning: sys_mmapper_map_memory(start_addr=0x6d00000, mem_id=0x7a, flags=0x40000)
MEM: W {PPU[1] Thread (CPUThread)[0x00967130]} memory mapped 0x36e00000 to 0x6d00000 size=0x100000
HLE: W {PPU[1] Thread (CPUThread)[0x00967130]} sys_mmapper warning: sys_mmapper_map_memory(start_addr=0x6e00000, mem_id=0x7b, flags=0x40000)
MEM: W {PPU[1] Thread (CPUThread)[0x00967130]} memory mapped 0x36f00000 to 0x6e00000 size=0x100000
HLE: W {PPU[1] Thread (CPUThread)[0x00967130]} sys_mmapper warning: sys_mmapper_map_memory(start_addr=0x6f00000, mem_id=0x7c, flags=0x40000)
MEM: W {PPU[1] Thread (CPUThread)[0x00967130]} memory mapped 0x37000000 to 0x6f00000 size=0x100000
HLE: W {PPU[1] Thread (CPUThread)[0x00967130]} sys_mmapper warning: sys_mmapper_map_memory(start_addr=0x7000000, mem_id=0x7d, flags=0x40000)
MEM: W {PPU[1] Thread (CPUThread)[0x00967130]} memory mapped 0x37100000 to 0x7000000 size=0x100000
HLE: W {PPU[1] Thread (CPUThread)[0x00967130]} sys_mmapper warning: sys_mmapper_map_memory(start_addr=0x7100000, mem_id=0x7e, flags=0x40000)
MEM: W {PPU[1] Thread (CPUThread)[0x00967130]} memory mapped 0x37200000 to 0x7100000 size=0x100000
HLE: W {PPU[1] Thread (CPUThread)[0x00967130]} sys_mmapper warning: sys_mmapper_map_memory(start_addr=0x7200000, mem_id=0x7f, flags=0x40000)
MEM: W {PPU[1] Thread (CPUThread)[0x00967130]} memory mapped 0x37300000 to 0x7200000 size=0x100000
HLE: W {PPU[1] Thread (CPUThread)[0x00967130]} sys_mmapper warning: sys_mmapper_map_memory(start_addr=0x7300000, mem_id=0x80, flags=0x40000)
MEM: W {PPU[1] Thread (CPUThread)[0x00967130]} memory mapped 0x37400000 to 0x7300000 size=0x100000
HLE: W {PPU[1] Thread (CPUThread)[0x00967130]} sys_mmapper warning: sys_mmapper_map_memory(start_addr=0x7400000, mem_id=0x81, flags=0x40000)
MEM: W {PPU[1] Thread (CPUThread)[0x00967130]} memory mapped 0x37500000 to 0x7400000 size=0x100000
HLE: W {PPU[1] Thread (CPUThread)[0x00967130]} sys_mmapper warning: sys_mmapper_map_memory(start_addr=0x7500000, mem_id=0x82, flags=0x40000)
MEM: W {PPU[1] Thread (CPUThread)[0x00967130]} memory mapped 0x37600000 to 0x7500000 size=0x100000
HLE: W {PPU[1] Thread (CPUThread)[0x00967130]} sys_mmapper warning: sys_mmapper_map_memory(start_addr=0x7600000, mem_id=0x83, flags=0x40000)
MEM: W {PPU[1] Thread (CPUThread)[0x00967130]} memory mapped 0x37700000 to 0x7600000 size=0x100000
HLE: W {PPU[1] Thread (CPUThread)[0x00967130]} sys_mmapper warning: sys_mmapper_map_memory(start_addr=0x7700000, mem_id=0x84, flags=0x40000)
MEM: W {PPU[1] Thread (CPUThread)[0x00967130]} memory mapped 0x37800000 to 0x7700000 size=0x100000
HLE: W {PPU[1] Thread (CPUThread)[0x00967130]} sys_mmapper warning: sys_mmapper_map_memory(start_addr=0x7800000, mem_id=0x85, flags=0x40000)
MEM: W {PPU[1] Thread (CPUThread)[0x00967130]} memory mapped 0x37900000 to 0x7800000 size=0x100000
HLE: W {PPU[1] Thread (CPUThread)[0x00967130]} sys_mmapper warning: sys_mmapper_map_memory(start_addr=0x7900000, mem_id=0x86, flags=0x40000)
MEM: W {PPU[1] Thread (CPUThread)[0x00967130]} memory mapped 0x37a00000 to 0x7900000 size=0x100000
HLE: W {PPU[1] Thread (CPUThread)[0x00967130]} sys_mmapper warning: sys_mmapper_map_memory(start_addr=0x7a00000, mem_id=0x87, flags=0x40000)
MEM: W {PPU[1] Thread (CPUThread)[0x00967130]} memory mapped 0x37b00000 to 0x7a00000 size=0x100000
HLE: W {PPU[1] Thread (CPUThread)[0x00967130]} sys_mmapper warning: sys_mmapper_map_memory(start_addr=0x7b00000, mem_id=0x88, flags=0x40000)
MEM: W {PPU[1] Thread (CPUThread)[0x00967130]} memory mapped 0x37c00000 to 0x7b00000 size=0x100000
HLE: W {PPU[1] Thread (CPUThread)[0x00967130]} sys_mmapper warning: sys_mmapper_map_memory(start_addr=0x7c00000, mem_id=0x89, flags=0x40000)
MEM: W {PPU[1] Thread (CPUThread)[0x00967130]} memory mapped 0x37d00000 to 0x7c00000 size=0x100000
HLE: W {PPU[1] Thread (CPUThread)[0x00967130]} sys_mmapper warning: sys_mmapper_map_memory(start_addr=0x7d00000, mem_id=0x8a, flags=0x40000)
MEM: W {PPU[1] Thread (CPUThread)[0x00967130]} memory mapped 0x37e00000 to 0x7d00000 size=0x100000
HLE: W {PPU[1] Thread (CPUThread)[0x00967130]} sys_mmapper warning: sys_mmapper_map_memory(start_addr=0x7e00000, mem_id=0x8b, flags=0x40000)
MEM: W {PPU[1] Thread (CPUThread)[0x00967130]} memory mapped 0x37f00000 to 0x7e00000 size=0x100000
HLE: W {PPU[1] Thread (CPUThread)[0x00967130]} sys_mmapper warning: sys_mmapper_map_memory(start_addr=0x7f00000, mem_id=0x8c, flags=0x40000)
MEM: W {PPU[1] Thread (CPUThread)[0x00967130]} memory mapped 0x38000000 to 0x7f00000 size=0x100000
HLE: W {PPU[1] Thread (CPUThread)[0x00967130]} sys_mmapper warning: sys_mmapper_map_memory(start_addr=0x8000000, mem_id=0x8d, flags=0x40000)
MEM: W {PPU[1] Thread (CPUThread)[0x00967130]} memory mapped 0x38100000 to 0x8000000 size=0x100000
HLE: W {PPU[1] Thread (CPUThread)[0x00967130]} sys_mmapper warning: sys_mmapper_map_memory(start_addr=0x8100000, mem_id=0x8e, flags=0x40000)
MEM: W {PPU[1] Thread (CPUThread)[0x00967130]} memory mapped 0x38200000 to 0x8100000 size=0x100000
HLE: W {PPU[1] Thread (CPUThread)[0x00967130]} sys_mmapper warning: sys_mmapper_map_memory(start_addr=0x8200000, mem_id=0x8f, flags=0x40000)
MEM: W {PPU[1] Thread (CPUThread)[0x00967130]} memory mapped 0x38300000 to 0x8200000 size=0x100000
HLE: W {PPU[1] Thread (CPUThread)[0x00967130]} sys_mmapper warning: sys_mmapper_map_memory(start_addr=0x8300000, mem_id=0x90, flags=0x40000)
MEM: W {PPU[1] Thread (CPUThread)[0x00967130]} memory mapped 0x38400000 to 0x8300000 size=0x100000
HLE: W {PPU[1] Thread (CPUThread)[0x00967130]} sys_mmapper warning: sys_mmapper_map_memory(start_addr=0x8400000, mem_id=0x91, flags=0x40000)
MEM: W {PPU[1] Thread (CPUThread)[0x00967130]} memory mapped 0x38500000 to 0x8400000 size=0x100000
HLE: W {PPU[1] Thread (CPUThread)[0x00967130]} sys_mmapper warning: sys_mmapper_map_memory(start_addr=0x8500000, mem_id=0x92, flags=0x40000)
MEM: W {PPU[1] Thread (CPUThread)[0x00967130]} memory mapped 0x38600000 to 0x8500000 size=0x100000
HLE: W {PPU[1] Thread (CPUThread)[0x00967130]} sys_mmapper warning: sys_mmapper_map_memory(start_addr=0x8600000, mem_id=0x93, flags=0x40000)
MEM: W {PPU[1] Thread (CPUThread)[0x00967130]} memory mapped 0x38700000 to 0x8600000 size=0x100000
HLE: W {PPU[1] Thread (CPUThread)[0x00967130]} sys_mmapper warning: sys_mmapper_map_memory(start_addr=0x8700000, mem_id=0x94, flags=0x40000)
MEM: W {PPU[1] Thread (CPUThread)[0x00967130]} memory mapped 0x38800000 to 0x8700000 size=0x100000
HLE: W {PPU[1] Thread (CPUThread)[0x00967130]} sys_mmapper warning: sys_mmapper_map_memory(start_addr=0x8800000, mem_id=0x95, flags=0x40000)
MEM: W {PPU[1] Thread (CPUThread)[0x00967130]} memory mapped 0x38900000 to 0x8800000 size=0x100000
HLE: W {PPU[1] Thread (CPUThread)[0x00967130]} sys_mmapper warning: sys_mmapper_map_memory(start_addr=0x8900000, mem_id=0x96, flags=0x40000)
MEM: W {PPU[1] Thread (CPUThread)[0x00967130]} memory mapped 0x38a00000 to 0x8900000 size=0x100000
HLE: W {PPU[1] Thread (CPUThread)[0x00967130]} sys_mmapper warning: sys_mmapper_map_memory(start_addr=0x8a00000, mem_id=0x97, flags=0x40000)
MEM: W {PPU[1] Thread (CPUThread)[0x00967130]} memory mapped 0x38b00000 to 0x8a00000 size=0x100000
HLE: W {PPU[1] Thread (CPUThread)[0x00967130]} sys_mmapper warning: sys_mmapper_map_memory(start_addr=0x8b00000, mem_id=0x98, flags=0x40000)
MEM: W {PPU[1] Thread (CPUThread)[0x00967130]} memory mapped 0x38c00000 to 0x8b00000 size=0x100000
HLE: W {PPU[1] Thread (CPUThread)[0x00967130]} sys_mmapper warning: sys_mmapper_map_memory(start_addr=0x8c00000, mem_id=0x99, flags=0x40000)
MEM: W {PPU[1] Thread (CPUThread)[0x00967130]} memory mapped 0x38d00000 to 0x8c00000 size=0x100000
HLE: W {PPU[1] Thread (CPUThread)[0x00967130]} sys_mmapper warning: sys_mmapper_map_memory(start_addr=0x8d00000, mem_id=0x9a, flags=0x40000)
MEM: W {PPU[1] Thread (CPUThread)[0x00967130]} memory mapped 0x38e00000 to 0x8d00000 size=0x100000
HLE: W {PPU[1] Thread (CPUThread)[0x00967130]} sys_mmapper warning: sys_mmapper_map_memory(start_addr=0x8e00000, mem_id=0x9b, flags=0x40000)
MEM: W {PPU[1] Thread (CPUThread)[0x00967130]} memory mapped 0x38f00000 to 0x8e00000 size=0x100000
HLE: W {PPU[1] Thread (CPUThread)[0x00967130]} sys_mmapper warning: sys_mmapper_map_memory(start_addr=0x8f00000, mem_id=0x9c, flags=0x40000)
MEM: W {PPU[1] Thread (CPUThread)[0x00967130]} memory mapped 0x39000000 to 0x8f00000 size=0x100000
HLE: W {PPU[1] Thread (CPUThread)[0x00967130]} sys_mmapper warning: sys_mmapper_map_memory(start_addr=0x9000000, mem_id=0x9d, flags=0x40000)
MEM: W {PPU[1] Thread (CPUThread)[0x00967130]} memory mapped 0x39100000 to 0x9000000 size=0x100000
HLE: W {PPU[1] Thread (CPUThread)[0x00967130]} sys_mmapper warning: sys_mmapper_map_memory(start_addr=0x9100000, mem_id=0x9e, flags=0x40000)
MEM: W {PPU[1] Thread (CPUThread)[0x00967130]} memory mapped 0x39200000 to 0x9100000 size=0x100000
HLE: W {PPU[1] Thread (CPUThread)[0x00967130]} sys_mmapper warning: sys_mmapper_map_memory(start_addr=0x9200000, mem_id=0x9f, flags=0x40000)
MEM: W {PPU[1] Thread (CPUThread)[0x00967130]} memory mapped 0x39300000 to 0x9200000 size=0x100000
HLE: W {PPU[1] Thread (CPUThread)[0x00967130]} sys_mmapper warning: sys_mmapper_map_memory(start_addr=0x9300000, mem_id=0xa0, flags=0x40000)
MEM: W {PPU[1] Thread (CPUThread)[0x00967130]} memory mapped 0x39400000 to 0x9300000 size=0x100000
HLE: W {PPU[1] Thread (CPUThread)[0x00967130]} sys_mmapper warning: sys_mmapper_map_memory(start_addr=0x9400000, mem_id=0xa1, flags=0x40000)
MEM: W {PPU[1] Thread (CPUThread)[0x00967130]} memory mapped 0x39500000 to 0x9400000 size=0x100000
HLE: W {PPU[1] Thread (CPUThread)[0x00967130]} sys_mmapper warning: sys_mmapper_map_memory(start_addr=0x9500000, mem_id=0xa2, flags=0x40000)
MEM: W {PPU[1] Thread (CPUThread)[0x00967130]} memory mapped 0x39600000 to 0x9500000 size=0x100000
HLE: W {PPU[1] Thread (CPUThread)[0x00967130]} sys_mmapper warning: sys_mmapper_map_memory(start_addr=0x9600000, mem_id=0xa3, flags=0x40000)
MEM: W {PPU[1] Thread (CPUThread)[0x00967130]} memory mapped 0x39700000 to 0x9600000 size=0x100000
HLE: W {PPU[1] Thread (CPUThread)[0x00967130]} sys_mmapper warning: sys_mmapper_map_memory(start_addr=0x9700000, mem_id=0xa4, flags=0x40000)
MEM: W {PPU[1] Thread (CPUThread)[0x00967130]} memory mapped 0x39800000 to 0x9700000 size=0x100000
HLE: W {PPU[1] Thread (CPUThread)[0x00967130]} sys_mmapper warning: sys_mmapper_map_memory(start_addr=0x9800000, mem_id=0xa5, flags=0x40000)
MEM: W {PPU[1] Thread (CPUThread)[0x00967130]} memory mapped 0x39900000 to 0x9800000 size=0x100000
HLE: W {PPU[1] Thread (CPUThread)[0x00967130]} sys_mmapper warning: sys_mmapper_map_memory(start_addr=0x9900000, mem_id=0xa6, flags=0x40000)
MEM: W {PPU[1] Thread (CPUThread)[0x00967130]} memory mapped 0x39a00000 to 0x9900000 size=0x100000
HLE: W {PPU[1] Thread (CPUThread)[0x00967130]} sys_mmapper warning: sys_mmapper_map_memory(start_addr=0x9a00000, mem_id=0xa7, flags=0x40000)
MEM: W {PPU[1] Thread (CPUThread)[0x00967130]} memory mapped 0x39b00000 to 0x9a00000 size=0x100000
HLE: W {PPU[1] Thread (CPUThread)[0x00967130]} sys_mmapper warning: sys_mmapper_map_memory(start_addr=0x9b00000, mem_id=0xa8, flags=0x40000)
MEM: W {PPU[1] Thread (CPUThread)[0x00967130]} memory mapped 0x39c00000 to 0x9b00000 size=0x100000
HLE: W {PPU[1] Thread (CPUThread)[0x00967130]} sys_mmapper warning: sys_mmapper_map_memory(start_addr=0x9c00000, mem_id=0xa9, flags=0x40000)
MEM: W {PPU[1] Thread (CPUThread)[0x00967130]} memory mapped 0x39d00000 to 0x9c00000 size=0x100000
HLE: W {PPU[1] Thread (CPUThread)[0x00967130]} sys_mmapper warning: sys_mmapper_map_memory(start_addr=0x9d00000, mem_id=0xaa, flags=0x40000)
MEM: W {PPU[1] Thread (CPUThread)[0x00967130]} memory mapped 0x39e00000 to 0x9d00000 size=0x100000
HLE: W {PPU[1] Thread (CPUThread)[0x00967130]} sys_mmapper warning: sys_mmapper_map_memory(start_addr=0x9e00000, mem_id=0xab, flags=0x40000)
MEM: W {PPU[1] Thread (CPUThread)[0x00967130]} memory mapped 0x39f00000 to 0x9e00000 size=0x100000
HLE: W {PPU[1] Thread (CPUThread)[0x00967130]} sys_mmapper warning: sys_mmapper_map_memory(start_addr=0x9f00000, mem_id=0xac, flags=0x40000)
MEM: W {PPU[1] Thread (CPUThread)[0x00967130]} memory mapped 0x3a000000 to 0x9f00000 size=0x100000
HLE: W {PPU[1] Thread (CPUThread)[0x00967130]} sys_mmapper warning: sys_mmapper_map_memory(start_addr=0xa000000, mem_id=0xad, flags=0x40000)
MEM: W {PPU[1] Thread (CPUThread)[0x00967130]} memory mapped 0x3a100000 to 0xa000000 size=0x100000
HLE: W {PPU[1] Thread (CPUThread)[0x00967130]} sys_mmapper warning: sys_mmapper_map_memory(start_addr=0xa100000, mem_id=0xae, flags=0x40000)
MEM: W {PPU[1] Thread (CPUThread)[0x00967130]} memory mapped 0x3a200000 to 0xa100000 size=0x100000
HLE: W {PPU[1] Thread (CPUThread)[0x00967130]} sys_mmapper warning: sys_mmapper_map_memory(start_addr=0xa200000, mem_id=0xaf, flags=0x40000)
MEM: W {PPU[1] Thread (CPUThread)[0x00967130]} memory mapped 0x3a300000 to 0xa200000 size=0x100000
HLE: W {PPU[1] Thread (CPUThread)[0x00967130]} sys_mmapper warning: sys_mmapper_map_memory(start_addr=0xa300000, mem_id=0xb0, flags=0x40000)
MEM: W {PPU[1] Thread (CPUThread)[0x00967130]} memory mapped 0x3a400000 to 0xa300000 size=0x100000
HLE: W {PPU[1] Thread (CPUThread)[0x00967130]} sys_mmapper warning: sys_mmapper_map_memory(start_addr=0xa400000, mem_id=0xb1, flags=0x40000)
MEM: W {PPU[1] Thread (CPUThread)[0x00967130]} memory mapped 0x3a500000 to 0xa400000 size=0x100000
HLE: W {PPU[1] Thread (CPUThread)[0x00967130]} sys_mmapper warning: sys_mmapper_map_memory(start_addr=0xa500000, mem_id=0xb2, flags=0x40000)
MEM: W {PPU[1] Thread (CPUThread)[0x00967130]} memory mapped 0x3a600000 to 0xa500000 size=0x100000
HLE: W {PPU[1] Thread (CPUThread)[0x00967130]} sys_mmapper warning: sys_mmapper_map_memory(start_addr=0xa600000, mem_id=0xb3, flags=0x40000)
MEM: W {PPU[1] Thread (CPUThread)[0x00967130]} memory mapped 0x3a700000 to 0xa600000 size=0x100000
HLE: W {PPU[1] Thread (CPUThread)[0x00967130]} sys_mmapper warning: sys_mmapper_map_memory(start_addr=0xa700000, mem_id=0xb4, flags=0x40000)
MEM: W {PPU[1] Thread (CPUThread)[0x00967130]} memory mapped 0x3a800000 to 0xa700000 size=0x100000
HLE: W {PPU[1] Thread (CPUThread)[0x00967130]} sys_mmapper warning: sys_mmapper_map_memory(start_addr=0xa800000, mem_id=0xb5, flags=0x40000)
MEM: W {PPU[1] Thread (CPUThread)[0x00967130]} memory mapped 0x3a900000 to 0xa800000 size=0x100000
HLE: W {PPU[1] Thread (CPUThread)[0x00967130]} sys_mmapper warning: sys_mmapper_map_memory(start_addr=0xa900000, mem_id=0xb6, flags=0x40000)
MEM: W {PPU[1] Thread (CPUThread)[0x00967130]} memory mapped 0x3aa00000 to 0xa900000 size=0x100000
HLE: W {PPU[1] Thread (CPUThread)[0x00967130]} sys_mmapper warning: sys_mmapper_map_memory(start_addr=0xaa00000, mem_id=0xb7, flags=0x40000)
MEM: W {PPU[1] Thread (CPUThread)[0x00967130]} memory mapped 0x3ab00000 to 0xaa00000 size=0x100000
HLE: W {PPU[1] Thread (CPUThread)[0x00967130]} sys_mmapper warning: sys_mmapper_map_memory(start_addr=0xab00000, mem_id=0xb8, flags=0x40000)
MEM: W {PPU[1] Thread (CPUThread)[0x00967130]} memory mapped 0x3ac00000 to 0xab00000 size=0x100000
HLE: W {PPU[1] Thread (CPUThread)[0x00967130]} sys_mmapper warning: sys_mmapper_map_memory(start_addr=0xac00000, mem_id=0xb9, flags=0x40000)
MEM: W {PPU[1] Thread (CPUThread)[0x00967130]} memory mapped 0x3ad00000 to 0xac00000 size=0x100000
HLE: W {PPU[1] Thread (CPUThread)[0x00967130]} sys_mmapper warning: sys_mmapper_map_memory(start_addr=0xad00000, mem_id=0xba, flags=0x40000)
MEM: W {PPU[1] Thread (CPUThread)[0x00967130]} memory mapped 0x3ae00000 to 0xad00000 size=0x100000
HLE: W {PPU[1] Thread (CPUThread)[0x00967130]} sys_mmapper warning: sys_mmapper_map_memory(start_addr=0xae00000, mem_id=0xbb, flags=0x40000)
MEM: W {PPU[1] Thread (CPUThread)[0x00967130]} memory mapped 0x3af00000 to 0xae00000 size=0x100000
HLE: W {PPU[1] Thread (CPUThread)[0x00967130]} sys_mmapper warning: sys_mmapper_map_memory(start_addr=0xaf00000, mem_id=0xbc, flags=0x40000)
MEM: W {PPU[1] Thread (CPUThread)[0x00967130]} memory mapped 0x3b000000 to 0xaf00000 size=0x100000
HLE: W {PPU[1] Thread (CPUThread)[0x00967130]} sys_mmapper warning: sys_mmapper_map_memory(start_addr=0xb000000, mem_id=0xbd, flags=0x40000)
MEM: W {PPU[1] Thread (CPUThread)[0x00967130]} memory mapped 0x3b100000 to 0xb000000 size=0x100000
HLE: W {PPU[1] Thread (CPUThread)[0x00967130]} sys_mmapper warning: sys_mmapper_map_memory(start_addr=0xb100000, mem_id=0xbe, flags=0x40000)
MEM: W {PPU[1] Thread (CPUThread)[0x00967130]} memory mapped 0x3b200000 to 0xb100000 size=0x100000
HLE: W {PPU[1] Thread (CPUThread)[0x00967130]} sys_mmapper warning: sys_mmapper_map_memory(start_addr=0xb200000, mem_id=0xbf, flags=0x40000)
MEM: W {PPU[1] Thread (CPUThread)[0x00967130]} memory mapped 0x3b300000 to 0xb200000 size=0x100000
HLE: W {PPU[1] Thread (CPUThread)[0x00967130]} sys_mmapper warning: sys_mmapper_map_memory(start_addr=0xb300000, mem_id=0xc0, flags=0x40000)
MEM: W {PPU[1] Thread (CPUThread)[0x00967130]} memory mapped 0x3b400000 to 0xb300000 size=0x100000
HLE: W {PPU[1] Thread (CPUThread)[0x00967130]} sys_mmapper warning: sys_mmapper_map_memory(start_addr=0xb400000, mem_id=0xc1, flags=0x40000)
MEM: W {PPU[1] Thread (CPUThread)[0x00967130]} memory mapped 0x3b500000 to 0xb400000 size=0x100000
HLE: W {PPU[1] Thread (CPUThread)[0x00967130]} sys_mmapper warning: sys_mmapper_map_memory(start_addr=0xb500000, mem_id=0xc2, flags=0x40000)
MEM: W {PPU[1] Thread (CPUThread)[0x00967130]} memory mapped 0x3b600000 to 0xb500000 size=0x100000
HLE: W {PPU[1] Thread (CPUThread)[0x00967130]} sys_mmapper warning: sys_mmapper_map_memory(start_addr=0xb600000, mem_id=0xc3, flags=0x40000)
MEM: W {PPU[1] Thread (CPUThread)[0x00967130]} memory mapped 0x3b700000 to 0xb600000 size=0x100000
HLE: W {PPU[1] Thread (CPUThread)[0x00967130]} sys_mmapper warning: sys_mmapper_map_memory(start_addr=0xb700000, mem_id=0xc4, flags=0x40000)
MEM: W {PPU[1] Thread (CPUThread)[0x00967130]} memory mapped 0x3b800000 to 0xb700000 size=0x100000
HLE: W {PPU[1] Thread (CPUThread)[0x00967130]} sys_mmapper warning: sys_mmapper_map_memory(start_addr=0xb800000, mem_id=0xc5, flags=0x40000)
MEM: W {PPU[1] Thread (CPUThread)[0x00967130]} memory mapped 0x3b900000 to 0xb800000 size=0x100000
HLE: W {PPU[1] Thread (CPUThread)[0x00967130]} sys_mmapper warning: sys_mmapper_map_memory(start_addr=0xb900000, mem_id=0xc6, flags=0x40000)
MEM: W {PPU[1] Thread (CPUThread)[0x00967130]} memory mapped 0x3ba00000 to 0xb900000 size=0x100000
HLE: W {PPU[1] Thread (CPUThread)[0x00967130]} sys_mmapper warning: sys_mmapper_map_memory(start_addr=0xba00000, mem_id=0xc7, flags=0x40000)
MEM: W {PPU[1] Thread (CPUThread)[0x00967130]} memory mapped 0x3bb00000 to 0xba00000 size=0x100000
HLE: W {PPU[1] Thread (CPUThread)[0x00967130]} sys_mmapper warning: sys_mmapper_map_memory(start_addr=0xbb00000, mem_id=0xc8, flags=0x40000)
MEM: W {PPU[1] Thread (CPUThread)[0x00967130]} memory mapped 0x3bc00000 to 0xbb00000 size=0x100000
HLE: W {PPU[1] Thread (CPUThread)[0x00967130]} sys_mmapper warning: sys_mmapper_map_memory(start_addr=0xbc00000, mem_id=0xc9, flags=0x40000)
MEM: W {PPU[1] Thread (CPUThread)[0x00967130]} memory mapped 0x3bd00000 to 0xbc00000 size=0x100000
HLE: W {PPU[1] Thread (CPUThread)[0x00967130]} sys_mmapper warning: sys_mmapper_map_memory(start_addr=0xbd00000, mem_id=0xca, flags=0x40000)
MEM: W {PPU[1] Thread (CPUThread)[0x00967130]} memory mapped 0x3be00000 to 0xbd00000 size=0x100000
HLE: W {PPU[1] Thread (CPUThread)[0x00967130]} sys_mmapper warning: sys_mmapper_map_memory(start_addr=0xbe00000, mem_id=0xcb, flags=0x40000)
MEM: W {PPU[1] Thread (CPUThread)[0x00967130]} memory mapped 0x3bf00000 to 0xbe00000 size=0x100000
HLE: W {PPU[1] Thread (CPUThread)[0x00967130]} sys_mmapper warning: sys_mmapper_map_memory(start_addr=0xbf00000, mem_id=0xcc, flags=0x40000)
MEM: W {PPU[1] Thread (CPUThread)[0x00967130]} memory mapped 0x3c000000 to 0xbf00000 size=0x100000
HLE: W {PPU[1] Thread (CPUThread)[0x00967130]} sys_mmapper warning: sys_mmapper_map_memory(start_addr=0xc000000, mem_id=0xcd, flags=0x40000)
MEM: W {PPU[1] Thread (CPUThread)[0x00967130]} memory mapped 0x3c100000 to 0xc000000 size=0x100000
HLE: W {PPU[1] Thread (CPUThread)[0x00967130]} sys_mmapper warning: sys_mmapper_map_memory(start_addr=0xc100000, mem_id=0xce, flags=0x40000)
MEM: W {PPU[1] Thread (CPUThread)[0x00967130]} memory mapped 0x3c200000 to 0xc100000 size=0x100000
HLE: W {PPU[1] Thread (CPUThread)[0x00967130]} sys_mmapper warning: sys_mmapper_map_memory(start_addr=0xc200000, mem_id=0xcf, flags=0x40000)
MEM: W {PPU[1] Thread (CPUThread)[0x00967130]} memory mapped 0x3c300000 to 0xc200000 size=0x100000
HLE: W {PPU[1] Thread (CPUThread)[0x00967130]} sys_mmapper warning: sys_mmapper_map_memory(start_addr=0xc300000, mem_id=0xd0, flags=0x40000)
MEM: W {PPU[1] Thread (CPUThread)[0x00967130]} memory mapped 0x3c400000 to 0xc300000 size=0x100000
G: E {PPU[1] Thread (CPUThread)[0x00466170]} Exception: Access violation: addr = 0x0
HLE: ! All threads stopped...
MEM: ! Closing memory...
