HLE: ! path: /dev_hdd0/game/
LDR: ! Loading 'D:\Emulateurs\Rpcs3\dev_hdd0\game\BLJM61067-[DISORDER6]/PS3_GAME/USRDIR/BOOT.BIN'...
LDR: !  
LDR: ! Mount info:
LDR: ! /dev_hdd0/ -> D:\Emulateurs\Rpcs3/dev_hdd0/
LDR: ! /dev_hdd1/ -> D:\Emulateurs\Rpcs3/dev_hdd1/
LDR: ! /dev_flash/ -> D:\Emulateurs\Rpcs3/dev_flash/
LDR: ! /dev_usb000/ -> D:\Emulateurs\Rpcs3/dev_usb000/
LDR: ! /dev_usb/ -> D:\Emulateurs\Rpcs3/dev_usb000/
LDR: ! /app_home/ -> D:\Emulateurs\Rpcs3\dev_hdd0\game\BLJM61067-[DISORDER6]/PS3_GAME/
LDR: ! /dev_bdvd/ -> D:\Emulateurs\Rpcs3\dev_hdd0\game\BLJM61067-[DISORDER6]/PS3_GAME//../
LDR: ! /host_root/ -> 
LDR: ! / -> D:\Emulateurs\Rpcs3\dev_hdd0\game\BLJM61067-[DISORDER6]/PS3_GAME//USRDIR/
LDR: ! /app_home/PS3_GAME/USRDIR/ -> D:\Emulateurs\Rpcs3\dev_hdd0\game\BLJM61067-[DISORDER6]/PS3_GAME//USRDIR/
LDR: ! /dev_flash2/ -> D:\Emulateurs\Rpcs3/dev_flash2/
LDR: ! /app_home/Game/PS3_GAME/USRDIR/ -> D:\Emulateurs\Rpcs3\dev_hdd0\game\BLJM61067-[DISORDER6]/PS3_GAME//USRDIR/
LDR: !  
MEM: ! Initing memory...
MEM: ! Memory initialized.
LDR: ! Function 'cellAANAddData' hooked (addr=0x2d988c)
LDR: ! Function 'cellSurMixerGetAANHandle' hooked (addr=0x2d98e4)
LDR: ! Function 'cellSurMixerSetNotifyCallback' hooked (addr=0x2d991c)
LDR: ! Function 'cellSurMixerRemoveNotifyCallback' hooked (addr=0x2d99b0)
LDR: ! Function 'cellSurMixerChStripGetAANPortNo' hooked (addr=0x2da1e8)
LDR: ! Function 'cellSurMixerSetParameter' hooked (addr=0x2dbacc)
LDR: ! Function 'cellSurMixerStart' hooked (addr=0x2dbb9c)
LDR: ! Function 'cellSurMixerFinalize' hooked (addr=0x2dbea4)
LDR: ! Function 'cellSurMixerCreate' hooked (addr=0x2dc524)
LDR: E Function 'cellAANConnect' not found
LDR: E Function 'cellAANDisconnect' not found
LDR: E Function group [surmxAAN] failed: missing;
LDR: E Function 'cellSurMixerSurBusAddData' not found
LDR: E Function 'cellSurMixerChStripSetParameter' not found
LDR: E Function 'cellSurMixerPause' not found
LDR: E Function 'cellSurMixerGetCurrentBlockTag' not found
LDR: E Function 'cellSurMixerGetTimestamp' not found
LDR: E Function 'cellSurMixerBeep' not found
LDR: E Function group [surmixer] failed: missing;
LDR: W Unknown module 'cellPhotoUtility'
LDR: W Unimplemented function 'cellFsFsync' in 'sys_fs' module
LDR: W Unimplemented function 'cellSaveDataListAutoLoad' in 'cellSysutil' module
LDR: W Unimplemented function 'cellSaveDataListAutoSave' in 'cellSysutil' module
LDR: W Unimplemented function 'cellSaveDataDelete2' in 'cellSysutil' module
LDR: W Unimplemented function 'SJISstoUTF8s' in 'cellL10n' module
LDR: W Unimplemented function '_sys_heap_free' in 'sysPrxForUser' module
LDR: W Unimplemented function '_sys_heap_delete_heap' in 'sysPrxForUser' module
HLE: W PPU[1] Thread (CPUThread)[0x00499034]sys_lwmutex warning: *** lwmutex created [_lc_mtx] (attribute=0x12): sq_id = 3
HLE: W PPU[1] Thread (CPUThread)[0x00307570]memory warning: sys_memory_get_user_memory_size(mem_info_addr=0xd0010c04)
HLE: W PPU[1] Thread (CPUThread)[0x00499034]sys_lwmutex warning: *** lwmutex created [_lc_mtx] (attribute=0x12): sq_id = 4
HLE: W PPU[1] Thread (CPUThread)[0x00499034]sys_lwmutex warning: *** lwmutex created [_lc_mtx] (attribute=0x12): sq_id = 5
HLE: W PPU[1] Thread (CPUThread)[0x00499034]sys_lwmutex warning: *** lwmutex created [_lc_mtx] (attribute=0x12): sq_id = 6
HLE: W PPU[1] Thread (CPUThread)[0x00499034]sys_lwmutex warning: *** lwmutex created [_lc_mtx] (attribute=0x12): sq_id = 7
HLE: W PPU[1] Thread (CPUThread)[0x00499034]sys_lwmutex warning: *** lwmutex created [_lc_mtx] (attribute=0x12): sq_id = 8
HLE: W PPU[1] Thread (CPUThread)[0x00499034]sys_lwmutex warning: *** lwmutex created [_lc_mtx] (attribute=0x12): sq_id = 9
HLE: W PPU[1] Thread (CPUThread)[0x00499034]sys_lwmutex warning: *** lwmutex created [_lc_mtx] (attribute=0x12): sq_id = 10
HLE: W PPU[1] Thread (CPUThread)[0x00499034]sys_lwmutex warning: *** lwmutex created [_lc_mtx] (attribute=0x12): sq_id = 11
HLE: W PPU[1] Thread (CPUThread)[0x00499034]sys_lwmutex warning: *** lwmutex created [_lc_mtx] (attribute=0x12): sq_id = 12
HLE: W PPU[1] Thread (CPUThread)[0x00499034]sys_lwmutex warning: *** lwmutex created [_lgcmtx] (attribute=0x12): sq_id = 13
HLE: W PPU[1] Thread (CPUThread)[0x00499034]sys_lwmutex warning: *** lwmutex created [_lgcmtx] (attribute=0x12): sq_id = 14
HLE: W PPU[1] Thread (CPUThread)[0x00499034]sys_lwmutex warning: *** lwmutex created [_lgcmtx] (attribute=0x22): sq_id = 15
HLE: W PPU[1] Thread (CPUThread)[0x00499034]sys_lwmutex warning: *** lwmutex created [_lc_mtx] (attribute=0x12): sq_id = 16
HLE: W PPU[1] Thread (CPUThread)[0x00499034]sys_lwmutex warning: *** lwmutex created [_lc_mtx] (attribute=0x12): sq_id = 17
HLE: W PPU[1] Thread (CPUThread)[0x00499034]sys_lwmutex warning: *** lwmutex created [_lc_mtx] (attribute=0x12): sq_id = 18
HLE: W PPU[1] Thread (CPUThread)[0x00499034]sys_lwmutex warning: *** lwmutex created [_lc_mtx] (attribute=0x12): sq_id = 19
HLE: W PPU[1] Thread (CPUThread)[0x00499034]sys_lwmutex warning: *** lwmutex created [_lc_mtx] (attribute=0x12): sq_id = 20
HLE: W PPU[1] Thread (CPUThread)[0x00499034]sys_lwmutex warning: *** lwmutex created [_lc_mtx] (attribute=0x12): sq_id = 21
HLE: W PPU[1] Thread (CPUThread)[0x00499034]sys_lwmutex warning: *** lwmutex created [_lc_mtx] (attribute=0x12): sq_id = 22
HLE: W PPU[1] Thread (CPUThread)[0x00499034]sys_lwmutex warning: *** lwmutex created [_lc_mtx] (attribute=0x12): sq_id = 23
HLE: W PPU[1] Thread (CPUThread)[0x00499034]sys_lwmutex warning: *** lwmutex created [_lc_mtx] (attribute=0x12): sq_id = 24
HLE: W PPU[1] Thread (CPUThread)[0x00499034]sys_lwmutex warning: *** lwmutex created [_lc_mtx] (attribute=0x12): sq_id = 25
HLE: W PPU[1] Thread (CPUThread)[0x00499034]sys_lwmutex warning: *** lwmutex created [_lc_mtx] (attribute=0x12): sq_id = 26
HLE: W PPU[1] Thread (CPUThread)[0x00499034]sys_lwmutex warning: *** lwmutex created [_lc_mtx] (attribute=0x12): sq_id = 27
HLE: W PPU[1] Thread (CPUThread)[0x00499034]sys_lwmutex warning: *** lwmutex created [] (attribute=0x22): sq_id = 28
HLE: W PPU[1] Thread (CPUThread)[0x002e202c]sys_mutex warning: *** mutex created [] (protocol=0x1, recursive=false): id = 29
HLE: W PPU[1] Thread (CPUThread)[0x002e202c]sys_mutex warning: *** mutex created [] (protocol=0x1, recursive=false): id = 30
HLE: W PPU[1] Thread (CPUThread)[0x00499034]sys_lwmutex warning: *** lwmutex created [] (attribute=0x22): sq_id = 31
HLE: W PPU[1] Thread (CPUThread)[0x000f1bdc]sys_event warning: sys_event_flag_create(eflag_id_addr=0x44b408, attr_addr=0xd0010b00, init=0x0)
HLE: W PPU[1] Thread (CPUThread)[0x000f1bdc]sys_event warning: *** event_flag created [] (protocol=0x2, type=0x20000): id = 32
HLE: W PPU[1] Thread (CPUThread)[0x000f1c04]sys_event warning: sys_event_flag_create(eflag_id_addr=0x44b40c, attr_addr=0xd0010b00, init=0x0)
HLE: W PPU[1] Thread (CPUThread)[0x000f1c04]sys_event warning: *** event_flag created [] (protocol=0x2, type=0x20000): id = 33
HLE: W PPU[1] Thread (CPUThread)[0x000f1c2c]sys_event warning: sys_event_flag_create(eflag_id_addr=0x44b410, attr_addr=0xd0010b00, init=0x0)
HLE: W PPU[1] Thread (CPUThread)[0x000f1c2c]sys_event warning: *** event_flag created [] (protocol=0x2, type=0x20000): id = 34
HLE: W PPU[1] Thread (CPUThread)[0x000f1c54]sys_event warning: sys_event_flag_create(eflag_id_addr=0x44b414, attr_addr=0xd0010b00, init=0x0)
HLE: W PPU[1] Thread (CPUThread)[0x000f1c54]sys_event warning: *** event_flag created [] (protocol=0x2, type=0x20000): id = 35
HLE: W PPU[1] Thread (CPUThread)[0x0048d010]cellSysmodule warning: cellSysmoduleLoadModule(CELL_SYSMODULE_NET)
HLE: W PPU[1] Thread (CPUThread)[0x0048d010]cellSysmodule warning: cellSysmoduleLoadModule(CELL_SYSMODULE_IO)
HLE: W PPU[1] Thread (CPUThread)[0x0048d010]cellSysmodule warning: cellSysmoduleLoadModule(CELL_SYSMODULE_USBD)
HLE: W PPU[1] Thread (CPUThread)[0x0048d010]cellSysmodule warning: cellSysmoduleLoadModule(CELL_SYSMODULE_GCM_SYS)
HLE: W PPU[1] Thread (CPUThread)[0x0048d010]cellSysmodule warning: cellSysmoduleLoadModule(CELL_SYSMODULE_RESC)
HLE: W PPU[1] Thread (CPUThread)[0x0034c9ec]sys_spu warning: sys_spu_initialize(max_usable_spu=6, max_raw_spu=3)
HLE: W PPU[1] Thread (CPUThread)[0x00489058]cellSysutil warning: cellSysutilRegisterCallback(slot=0, func_addr=0x42ce98, userdata=0x0)
HLE: E PPU[1] Thread (CPUThread)[0x0030347c]sys_fs error: "/app_home/fwArgs.txt" not found! flags: 0x00000000
HLE: W PPU[1] Thread (CPUThread)[0x0048d010]cellSysmodule warning: cellSysmoduleLoadModule(CELL_SYSMODULE_GCM_SYS)
HLE: W PPU[1] Thread (CPUThread)[0x0048d010]cellSysmodule warning: cellSysmoduleLoadModule(CELL_SYSMODULE_RESC)
HLE: W PPU[1] Thread (CPUThread)[0x000379f8]sys_spu warning: sys_raw_spu_create(id_addr=0x449564, attr_addr=0xd0010a00)
SPU: W PPU[1] Thread (CPUThread)[0x00037c38]RawSPUThread[0]: Read32(MFC_CMDStatus)
SPU: W PPU[1] Thread (CPUThread)[0x00037c38]RawSPUThread[0]: Read32(MFC_CMDStatus)
SPU: W PPU[1] Thread (CPUThread)[0x00037f34]RawSPUThread[0]: Write32(Prxy_QueryMask, 0x80000000)
SPU: W PPU[1] Thread (CPUThread)[0x00037f38]RawSPUThread[0]: Write32(Prxy_QueryType, 0x2)
SPU: W PPU[1] Thread (CPUThread)[0x00037f38]RawSPUThread[0]: Prxy Query Immediate.
SPU: W PPU[1] Thread (CPUThread)[0x00037f48]RawSPUThread[0]: Read32(MFC_QStatus)
SPU: W PPU[1] Thread (CPUThread)[0x00037f88]RawSPUThread[0]: Write32(SPU_NPC, 0xe0)
SPU: W PPU[1] Thread (CPUThread)[0x000379a8]RawSPUThread[0]: Write32(SPU_NPC, 0xe0)
SPU: W PPU[1] Thread (CPUThread)[0x0003797c]RawSPUThread[0]: Write32(SPU_RunCntl, 0x1)
SPU: W RawSPU[36] Thread (CPUThread)[0x000000e0]Starting RawSPU...
HLE: W PPU[1] Thread (CPUThread)[0x00487010]cellGcmSys warning: cellGcmInit(context_addr=0x47ca20,cmdSize=0x10000,ioSize=0x100000,ioAddress=0x30200000)
HLE: W PPU[1] Thread (CPUThread)[0x00487010]cellGcmSys warning: *** local memory(addr=0xc0000000, size=0xf900000)
HLE: W PPU[1] Thread (CPUThread)[0x00487010]cellGcmSys warning: cellGcmInit(): 256MB io address space used
HLE: W PPU[1] Thread (CPUThread)[0x00487010]cellGcmSys warning: cellGcmMapEaIoAddress(ea=0x30200000, io=0x0, size=0x100000)
RSX: ! RSXThreadRSX thread started
HLE: W PPU[1] Thread (CPUThread)[0x00487070]cellGcmSys warning: cellGcmSetDebugOutputLevel(level=2)
HLE: E PPU[1] Thread (CPUThread)[0x0048716c]cellGcmSys error: Unimplemented function: cellGcmSetGraphicsHandler
RSX: W RSXThreadTODO: unknown/illegal method [0x00001fec](0x0)
RSX: W RSXThreadTODO: cellGcmSetTwoSideLightEn(0x0)
HLE: W PPU[1] Thread (CPUThread)[0x00487094]cellGcmSys warning: cellGcmMapEaIoAddress(ea=0x30500000, io=0xe000000, size=0x100000)
HLE: W PPU[1] Thread (CPUThread)[0x00487184]cellGcmSys warning: cellGcmUnbindTile(index=0)
HLE: W PPU[1] Thread (CPUThread)[0x00487184]cellGcmSys warning: cellGcmUnbindTile(index=1)
HLE: W PPU[1] Thread (CPUThread)[0x00487184]cellGcmSys warning: cellGcmUnbindTile(index=2)
HLE: W PPU[1] Thread (CPUThread)[0x00487184]cellGcmSys warning: cellGcmUnbindTile(index=3)
HLE: W PPU[1] Thread (CPUThread)[0x00487184]cellGcmSys warning: cellGcmUnbindTile(index=4)
HLE: W PPU[1] Thread (CPUThread)[0x00487184]cellGcmSys warning: cellGcmUnbindTile(index=5)
HLE: W PPU[1] Thread (CPUThread)[0x00487184]cellGcmSys warning: cellGcmUnbindTile(index=6)
HLE: W PPU[1] Thread (CPUThread)[0x00487184]cellGcmSys warning: cellGcmUnbindTile(index=7)
HLE: W PPU[1] Thread (CPUThread)[0x00487184]cellGcmSys warning: cellGcmUnbindTile(index=8)
HLE: W PPU[1] Thread (CPUThread)[0x00487184]cellGcmSys warning: cellGcmUnbindTile(index=9)
HLE: W PPU[1] Thread (CPUThread)[0x00487184]cellGcmSys warning: cellGcmUnbindTile(index=10)
HLE: W PPU[1] Thread (CPUThread)[0x00487184]cellGcmSys warning: cellGcmUnbindTile(index=11)
HLE: W PPU[1] Thread (CPUThread)[0x00487184]cellGcmSys warning: cellGcmUnbindTile(index=12)
HLE: W PPU[1] Thread (CPUThread)[0x00487184]cellGcmSys warning: cellGcmUnbindTile(index=13)
HLE: W PPU[1] Thread (CPUThread)[0x00487184]cellGcmSys warning: cellGcmUnbindTile(index=14)
RSX: W RSXThreadNV406E_SEMAPHORE_ACQUIRE: 1
HLE: W PPU[1] Thread (CPUThread)[0x00487148]cellGcmSys warning: cellGcmSetTileInfo(index=0, location=0, offset=257163264, size=3932160, pitch=5120, comp=0, base=0, bank=0)
HLE: W PPU[1] Thread (CPUThread)[0x00487058]cellGcmSys warning: cellGcmBindTile(index=0)
RSX: W RSXThreadNV406E_SEMAPHORE_ACQUIRE: 3
HLE: W PPU[1] Thread (CPUThread)[0x00487148]cellGcmSys warning: cellGcmSetTileInfo(index=0, location=0, offset=253231104, size=7864320, pitch=5120, comp=0, base=0, bank=0)
HLE: W PPU[1] Thread (CPUThread)[0x00487058]cellGcmSys warning: cellGcmBindTile(index=0)
RSX: W RSXThreadNV406E_SEMAPHORE_ACQUIRE: 5
HLE: W PPU[1] Thread (CPUThread)[0x00487148]cellGcmSys warning: cellGcmSetTileInfo(index=1, location=0, offset=249298944, size=3932160, pitch=5120, comp=10, base=1, bank=3)
HLE: E PPU[1] Thread (CPUThread)[0x00487148]cellGcmSys error: cellGcmSetTileInfo: bad compression mode! (10)
HLE: W PPU[1] Thread (CPUThread)[0x00487058]cellGcmSys warning: cellGcmBindTile(index=1)
RSX: W RSXThreadNV406E_SEMAPHORE_ACQUIRE: 7
HLE: W PPU[1] Thread (CPUThread)[0x004870dc]cellGcmSys warning: cellGcmBindZcull(index=0)
HLE: W PPU[1] Thread (CPUThread)[0x0008aa34]sys_semaphore warning: sys_semaphore_create(sem_addr=0x449b28, attr_addr=0xd00108d0, initial_count=1, max_count=2)
HLE: ! PPU[1] Thread (CPUThread)[0x0008aa34]*** semaphore created [] (protocol=0x2): id = 37
HLE: W PPU[1] Thread (CPUThread)[0x004870f4]cellGcmSys warning: cellGcmSetFlipHandler(handler_addr=4341048)
HLE: W PPU[1] Thread (CPUThread)[0x00487130]cellGcmSys warning: cellGcmSetVBlankHandler(handler_addr=0x423d40)
HLE: W PPU[1] Thread (CPUThread)[0x00489004]cellSysutil warning: cellVideoOutConfigure(videoOut=0, config_addr=0xd00108a0, option_addr=0x0, waitForEvent=0x0)
HLE: W PPU[1] Thread (CPUThread)[0x00487064]cellGcmSys warning: cellGcmSetFlipMode(mode=1)
RSX: W RSXThreadNV4097_SET_ANTI_ALIASING_CONTROL: ffff0000
RSX: W RSXThreadNV4097_SET_ZCULL_CONTROL0: 10
RSX: W RSXThreadNV4097_SET_SCULL_CONTROL: ff000007
RSX: W RSXThreadNV4097_SET_ANTI_ALIASING_CONTROL: ffff0000
HLE: W PPU[1] Thread (CPUThread)[0x00037734]sys_mutex warning: *** mutex created [] (protocol=0x2, recursive=false): id = 38
HLE: W PPU[1] Thread (CPUThread)[0x0003786c]sys_cond warning: *** condition created [] (mutex_id=38): id = 39
TTY: Display resolution: 1280x720 (16:9)
HLE: W PPU[1] Thread (CPUThread)[0x000f1f94]vm warning: sys_vm_memory_map(vsize=0xc000000,psize=0x1c00000,cidr=0xffffffff,flags=0x40b,policy=0x1,addr=0xd0010970)
HLE: W PPU[1] Thread (CPUThread)[0x0048d010]cellSysmodule warning: cellSysmoduleLoadModule(CELL_SYSMODULE_SYSUTIL_GAME)
HLE: W PPU[1] Thread (CPUThread)[0x0048d01c]cellSysmodule warning: cellSysmoduleIsLoaded(CELL_SYSMODULE_SYSUTIL_GAME)
HLE: W PPU[1] Thread (CPUThread)[0x0041b01c]cellGame warning: cellGameBootCheck(type_addr=0xd0010690, attributes_addr=0xd0010694, size_addr=0xd00106a0, dirName_addr=0xd00106b0)
HLE: W PPU[1] Thread (CPUThread)[0x0041b004]cellGame warning: cellGameContentPermit(contentInfoPath_addr=0xd00106d0, usrdirPath_addr=0xd0010750)
HLE: W PPU[1] Thread (CPUThread)[0x0048d004]cellSysmodule warning: cellSysmoduleUnloadModule(CELL_SYSMODULE_SYSUTIL_GAME)
PPU: ! PPU[1] Thread (CPUThread)[0x0049901c]*** New PPU Thread [AGEST7ti] (flags=0x0, entry=0x423020): id = 40
HLE: W PPU[40] Thread (AGEST7ti)[0x0041d058]sceNpTrophy warning: sceNpTrophyCreateContext(context_addr=0x448aa8, commID_addr=0x3efc84, commSign_addr=0x3efc90, options=0x0)
HLE: W PPU[1] Thread (CPUThread)[0x00487064]cellGcmSys warning: cellGcmSetFlipMode(mode=2)
RSX: W RSXThreadNV4097_SET_VERTEX_ATTRIB_INPUT_MASK: f0d
RSX: W RSXThreadNV4097_SET_ANTI_ALIASING_CONTROL: ffff0000
RSX: W RSXThreadNV4097_SET_ZCULL_CONTROL0: 10
RSX: W RSXThreadNV4097_SET_SCULL_CONTROL: ff000007
HLE: W PPU[1] Thread (CPUThread)[0x00487118]cellGcmSys warning: cellGcmGetReportDataLocation(index=4991, location=1)
HLE: W PPU[1] Thread (CPUThread)[0x00487118]cellGcmSys warning: cellGcmGetReportDataLocation(index=4992, location=1)
HLE: W PPU[1] Thread (CPUThread)[0x00487118]cellGcmSys warning: cellGcmGetReportDataLocation(index=4993, location=1)
HLE: W PPU[1] Thread (CPUThread)[0x00487118]cellGcmSys warning: cellGcmGetReportDataLocation(index=4994, location=1)
RSX: W RSXThreadTODO: cellGcmSetContextDmaReport(0xbad68000)
RSX: W RSXThreadNV4097_GET_REPORT: Unimplemented type 2
RSX: W RSXThreadNV4097_GET_REPORT: Unimplemented type 3
RSX: W RSXThreadNV4097_GET_REPORT: Unimplemented type 4
RSX: W RSXThreadNV4097_GET_REPORT: Unimplemented type 5
RSX: W RSXThreadNV4097_CLEAR_REPORT_VALUE: 2
RSX: W RSXThreadNV4097_SET_ZCULL_STATS_ENABLE: 1
RSX: W RSXThreadNV4097_SET_ANTI_ALIASING_CONTROL: ffff0000
RSX: W RSXThreadNV4097_SET_ZCULL_CONTROL0: 10
RSX: W RSXThreadNV4097_SET_SCULL_CONTROL: ff000007
HLE: W PPU[1] Thread (CPUThread)[0x00487118]cellGcmSys warning: cellGcmGetReportDataLocation(index=4991, location=1)
HLE: W PPU[1] Thread (CPUThread)[0x00487118]cellGcmSys warning: cellGcmGetReportDataLocation(index=4992, location=1)
HLE: W PPU[1] Thread (CPUThread)[0x00487118]cellGcmSys warning: cellGcmGetReportDataLocation(index=4993, location=1)
HLE: W PPU[1] Thread (CPUThread)[0x00487118]cellGcmSys warning: cellGcmGetReportDataLocation(index=4994, location=1)
RSX: W RSXThreadTODO: cellGcmSetContextDmaReport(0xbad68000)
RSX: W RSXThreadNV4097_GET_REPORT: Unimplemented type 2
RSX: W RSXThreadNV4097_GET_REPORT: Unimplemented type 3
RSX: W RSXThreadNV4097_GET_REPORT: Unimplemented type 4
RSX: W RSXThreadNV4097_GET_REPORT: Unimplemented type 5
RSX: W RSXThreadNV4097_CLEAR_REPORT_VALUE: 2
RSX: W RSXThreadNV4097_SET_ZCULL_STATS_ENABLE: 1
HLE: W PPU[1] Thread (CPUThread)[0x0030347c]"/dev_bdvd/PS3_GAME/USRDIR/shaders/vsNonTexture2D.cgelf" opened: fd = 41
HLE: W PPU[1] Thread (CPUThread)[0x00499034]sys_lwmutex warning: *** lwmutex created [_lc_mtx] (attribute=0x12): sq_id = 42
HLE: W PPU[1] Thread (CPUThread)[0x003033f4]sys_fs warning: cellFsClose(fd=41)
HLE: W PPU[1] Thread (CPUThread)[0x0049910c]sys_lwmutex warning: sys_lwmutex_destroy(lwmutex_addr=0x301a2500)
HLE: W PPU[1] Thread (CPUThread)[0x0030347c]"/dev_bdvd/PS3_GAME/USRDIR/shaders/vsNonTexture2D.cgelf" opened: fd = 43
HLE: W PPU[1] Thread (CPUThread)[0x00499034]sys_lwmutex warning: *** lwmutex created [_lc_mtx] (attribute=0x12): sq_id = 44
HLE: W PPU[1] Thread (CPUThread)[0x003033f4]sys_fs warning: cellFsClose(fd=43)
HLE: W PPU[1] Thread (CPUThread)[0x0049910c]sys_lwmutex warning: sys_lwmutex_destroy(lwmutex_addr=0x301a2500)
HLE: W PPU[40] Thread (AGEST7ti)[0x0041d010]sceNpTrophy warning: sceNpTrophyCreateHandle(handle_addr=0x448aac)
HLE: W PPU[40] Thread (AGEST7ti)[0x0041d01c]sceNpTrophy warning: sceNpTrophyGetRequiredDiskSpace(context=0, handle=0, reqspace_addr=0xd0040d60, options=0x0)
HLE: W PPU[40] Thread (AGEST7ti)[0x0041d004]sceNpTrophy warning: sceNpTrophyRegisterContext(context=0, handle=0, statusCb_addr=0x423030, arg_addr=0x0, options=0x0)
HLE: W PPU[40] Thread (AGEST7ti)[0x0041d004]vfsLocalFile::Create('D:\Emulateurs\Rpcs3\dev_hdd0\home\00000001\trophy\NPWR04716_00\TROPCONF.SFM')
HLE: W PPU[40] Thread (AGEST7ti)[0x0041d004]vfsLocalFile::Create('D:\Emulateurs\Rpcs3\dev_hdd0\home\00000001\trophy\NPWR04716_00\ICON0.PNG')
HLE: W PPU[40] Thread (AGEST7ti)[0x0041d004]vfsLocalFile::Create('D:\Emulateurs\Rpcs3\dev_hdd0\home\00000001\trophy\NPWR04716_00\TROP000.PNG')
HLE: W PPU[40] Thread (AGEST7ti)[0x0041d004]vfsLocalFile::Create('D:\Emulateurs\Rpcs3\dev_hdd0\home\00000001\trophy\NPWR04716_00\TROP001.PNG')
HLE: W PPU[40] Thread (AGEST7ti)[0x0041d004]vfsLocalFile::Create('D:\Emulateurs\Rpcs3\dev_hdd0\home\00000001\trophy\NPWR04716_00\TROP002.PNG')
HLE: W PPU[40] Thread (AGEST7ti)[0x0041d004]vfsLocalFile::Create('D:\Emulateurs\Rpcs3\dev_hdd0\home\00000001\trophy\NPWR04716_00\TROP003.PNG')
HLE: W PPU[40] Thread (AGEST7ti)[0x0041d004]vfsLocalFile::Create('D:\Emulateurs\Rpcs3\dev_hdd0\home\00000001\trophy\NPWR04716_00\TROP004.PNG')
HLE: W PPU[40] Thread (AGEST7ti)[0x0041d004]vfsLocalFile::Create('D:\Emulateurs\Rpcs3\dev_hdd0\home\00000001\trophy\NPWR04716_00\TROP005.PNG')
HLE: W PPU[40] Thread (AGEST7ti)[0x0041d004]vfsLocalFile::Create('D:\Emulateurs\Rpcs3\dev_hdd0\home\00000001\trophy\NPWR04716_00\TROP006.PNG')
HLE: W PPU[1] Thread (CPUThread)[0x0030347c]"/dev_bdvd/PS3_GAME/USRDIR/shaders/fsNonTexture2D.cgelf" opened: fd = 45
HLE: W PPU[1] Thread (CPUThread)[0x00499034]sys_lwmutex warning: *** lwmutex created [_lc_mtx] (attribute=0x12): sq_id = 46
HLE: W PPU[40] Thread (AGEST7ti)[0x0041d004]vfsLocalFile::Create('D:\Emulateurs\Rpcs3\dev_hdd0\home\00000001\trophy\NPWR04716_00\TROP007.PNG')
HLE: W PPU[40] Thread (AGEST7ti)[0x0041d004]vfsLocalFile::Create('D:\Emulateurs\Rpcs3\dev_hdd0\home\00000001\trophy\NPWR04716_00\TROP008.PNG')
HLE: W PPU[40] Thread (AGEST7ti)[0x0041d004]vfsLocalFile::Create('D:\Emulateurs\Rpcs3\dev_hdd0\home\00000001\trophy\NPWR04716_00\TROP009.PNG')
HLE: W PPU[40] Thread (AGEST7ti)[0x0041d004]vfsLocalFile::Create('D:\Emulateurs\Rpcs3\dev_hdd0\home\00000001\trophy\NPWR04716_00\TROP010.PNG')
HLE: W PPU[40] Thread (AGEST7ti)[0x0041d004]vfsLocalFile::Create('D:\Emulateurs\Rpcs3\dev_hdd0\home\00000001\trophy\NPWR04716_00\TROP011.PNG')
HLE: W PPU[40] Thread (AGEST7ti)[0x0041d004]vfsLocalFile::Create('D:\Emulateurs\Rpcs3\dev_hdd0\home\00000001\trophy\NPWR04716_00\TROP012.PNG')
HLE: W PPU[40] Thread (AGEST7ti)[0x0041d004]vfsLocalFile::Create('D:\Emulateurs\Rpcs3\dev_hdd0\home\00000001\trophy\NPWR04716_00\TROP013.PNG')
HLE: W PPU[40] Thread (AGEST7ti)[0x0041d004]vfsLocalFile::Create('D:\Emulateurs\Rpcs3\dev_hdd0\home\00000001\trophy\NPWR04716_00\TROP014.PNG')
HLE: W PPU[40] Thread (AGEST7ti)[0x0041d004]vfsLocalFile::Create('D:\Emulateurs\Rpcs3\dev_hdd0\home\00000001\trophy\NPWR04716_00\TROP015.PNG')
HLE: W PPU[40] Thread (AGEST7ti)[0x0041d004]vfsLocalFile::Create('D:\Emulateurs\Rpcs3\dev_hdd0\home\00000001\trophy\NPWR04716_00\TROP016.PNG')
HLE: W PPU[40] Thread (AGEST7ti)[0x0041d004]vfsLocalFile::Create('D:\Emulateurs\Rpcs3\dev_hdd0\home\00000001\trophy\NPWR04716_00\TROP017.PNG')
HLE: W PPU[1] Thread (CPUThread)[0x003033f4]sys_fs warning: cellFsClose(fd=45)
HLE: W PPU[1] Thread (CPUThread)[0x0049910c]sys_lwmutex warning: sys_lwmutex_destroy(lwmutex_addr=0x301a2b40)
HLE: W PPU[1] Thread (CPUThread)[0x0030347c]"/dev_bdvd/PS3_GAME/USRDIR/shaders/fsNonTexture2D.cgelf" opened: fd = 47
HLE: W PPU[1] Thread (CPUThread)[0x00499034]sys_lwmutex warning: *** lwmutex created [_lc_mtx] (attribute=0x12): sq_id = 48
HLE: W PPU[1] Thread (CPUThread)[0x003033f4]sys_fs warning: cellFsClose(fd=47)
HLE: W PPU[1] Thread (CPUThread)[0x0049910c]sys_lwmutex warning: sys_lwmutex_destroy(lwmutex_addr=0x301a2b40)
HLE: W PPU[1] Thread (CPUThread)[0x0030347c]"/dev_bdvd/PS3_GAME/USRDIR/shaders/vsUseTexture2D.cgelf" opened: fd = 49
HLE: W PPU[1] Thread (CPUThread)[0x00499034]sys_lwmutex warning: *** lwmutex created [_lc_mtx] (attribute=0x12): sq_id = 50
HLE: W PPU[40] Thread (AGEST7ti)[0x0041d004]vfsLocalFile::Create('D:\Emulateurs\Rpcs3\dev_hdd0\home\00000001\trophy\NPWR04716_00\TROP018.PNG')
HLE: W PPU[1] Thread (CPUThread)[0x003033f4]sys_fs warning: cellFsClose(fd=49)
HLE: W PPU[1] Thread (CPUThread)[0x0049910c]sys_lwmutex warning: sys_lwmutex_destroy(lwmutex_addr=0x301a3350)
HLE: W PPU[1] Thread (CPUThread)[0x0030347c]"/dev_bdvd/PS3_GAME/USRDIR/shaders/vsUseTexture2D.cgelf" opened: fd = 51
HLE: W PPU[1] Thread (CPUThread)[0x00499034]sys_lwmutex warning: *** lwmutex created [_lc_mtx] (attribute=0x12): sq_id = 52
HLE: W PPU[1] Thread (CPUThread)[0x003033f4]sys_fs warning: cellFsClose(fd=51)
HLE: W PPU[1] Thread (CPUThread)[0x0049910c]sys_lwmutex warning: sys_lwmutex_destroy(lwmutex_addr=0x301a3350)
HLE: W PPU[40] Thread (AGEST7ti)[0x0041d004]vfsLocalFile::Create('D:\Emulateurs\Rpcs3\dev_hdd0\home\00000001\trophy\NPWR04716_00\TROP019.PNG')
HLE: W PPU[1] Thread (CPUThread)[0x0030347c]"/dev_bdvd/PS3_GAME/USRDIR/shaders/fsUseTexture2D.cgelf" opened: fd = 53
HLE: W PPU[1] Thread (CPUThread)[0x00499034]sys_lwmutex warning: *** lwmutex created [_lc_mtx] (attribute=0x12): sq_id = 54
HLE: W PPU[40] Thread (AGEST7ti)[0x0041d004]vfsLocalFile::Create('D:\Emulateurs\Rpcs3\dev_hdd0\home\00000001\trophy\NPWR04716_00\TROP020.PNG')
HLE: W PPU[40] Thread (AGEST7ti)[0x0041d004]vfsLocalFile::Create('D:\Emulateurs\Rpcs3\dev_hdd0\home\00000001\trophy\NPWR04716_00\TROP021.PNG')
HLE: W PPU[40] Thread (AGEST7ti)[0x0041d004]vfsLocalFile::Create('D:\Emulateurs\Rpcs3\dev_hdd0\home\00000001\trophy\NPWR04716_00\TROP022.PNG')
HLE: W PPU[40] Thread (AGEST7ti)[0x0041d004]vfsLocalFile::Create('D:\Emulateurs\Rpcs3\dev_hdd0\home\00000001\trophy\NPWR04716_00\TROPUSR.DAT')
HLE: W PPU[1] Thread (CPUThread)[0x003033f4]sys_fs warning: cellFsClose(fd=53)
HLE: W PPU[1] Thread (CPUThread)[0x0049910c]sys_lwmutex warning: sys_lwmutex_destroy(lwmutex_addr=0x301a3070)
HLE: W PPU[1] Thread (CPUThread)[0x0030347c]"/dev_bdvd/PS3_GAME/USRDIR/shaders/fsUseTexture2D.cgelf" opened: fd = 55
HLE: W PPU[1] Thread (CPUThread)[0x00499034]sys_lwmutex warning: *** lwmutex created [_lc_mtx] (attribute=0x12): sq_id = 56
HLE: W PPU[1] Thread (CPUThread)[0x003033f4]sys_fs warning: cellFsClose(fd=55)
HLE: W PPU[1] Thread (CPUThread)[0x0049910c]sys_lwmutex warning: sys_lwmutex_destroy(lwmutex_addr=0x301a3070)
HLE: W PPU[1] Thread (CPUThread)[0x0030347c]"/dev_bdvd/PS3_GAME/USRDIR/shaders/fsUseTexture2D_Tile.cgelf" opened: fd = 57
HLE: W PPU[1] Thread (CPUThread)[0x00499034]sys_lwmutex warning: *** lwmutex created [_lc_mtx] (attribute=0x12): sq_id = 58
HLE: W PPU[1] Thread (CPUThread)[0x003033f4]sys_fs warning: cellFsClose(fd=57)
HLE: W PPU[1] Thread (CPUThread)[0x0049910c]sys_lwmutex warning: sys_lwmutex_destroy(lwmutex_addr=0x301a4120)
HLE: W PPU[1] Thread (CPUThread)[0x0030347c]"/dev_bdvd/PS3_GAME/USRDIR/shaders/fsUseTexture2D_Tile.cgelf" opened: fd = 59
HLE: W PPU[1] Thread (CPUThread)[0x00499034]sys_lwmutex warning: *** lwmutex created [_lc_mtx] (attribute=0x12): sq_id = 60
HLE: W PPU[1] Thread (CPUThread)[0x003033f4]sys_fs warning: cellFsClose(fd=59)
HLE: W PPU[1] Thread (CPUThread)[0x0049910c]sys_lwmutex warning: sys_lwmutex_destroy(lwmutex_addr=0x301a4120)
HLE: W PPU[1] Thread (CPUThread)[0x0030347c]"/dev_bdvd/PS3_GAME/USRDIR/shaders/fsUseFontTexture2D.cgelf" opened: fd = 61
HLE: W PPU[1] Thread (CPUThread)[0x00499034]sys_lwmutex warning: *** lwmutex created [_lc_mtx] (attribute=0x12): sq_id = 62
HLE: W PPU[1] Thread (CPUThread)[0x003033f4]sys_fs warning: cellFsClose(fd=61)
HLE: W PPU[1] Thread (CPUThread)[0x0049910c]sys_lwmutex warning: sys_lwmutex_destroy(lwmutex_addr=0x301a4890)
HLE: W PPU[1] Thread (CPUThread)[0x0030347c]"/dev_bdvd/PS3_GAME/USRDIR/shaders/fsUseFontTexture2D.cgelf" opened: fd = 63
HLE: W PPU[1] Thread (CPUThread)[0x00499034]sys_lwmutex warning: *** lwmutex created [_lc_mtx] (attribute=0x12): sq_id = 64
HLE: W PPU[1] Thread (CPUThread)[0x003033f4]sys_fs warning: cellFsClose(fd=63)
HLE: W PPU[1] Thread (CPUThread)[0x0049910c]sys_lwmutex warning: sys_lwmutex_destroy(lwmutex_addr=0x301a4890)
HLE: W PPU[1] Thread (CPUThread)[0x0030347c]"/dev_bdvd/PS3_GAME/USRDIR/shaders/fsUseTexture2D_FadeCarten_D2U.cgelf" opened: fd = 65
HLE: W PPU[1] Thread (CPUThread)[0x00499034]sys_lwmutex warning: *** lwmutex created [_lc_mtx] (attribute=0x12): sq_id = 66
HLE: W PPU[1] Thread (CPUThread)[0x003033f4]sys_fs warning: cellFsClose(fd=65)
HLE: W PPU[1] Thread (CPUThread)[0x0049910c]sys_lwmutex warning: sys_lwmutex_destroy(lwmutex_addr=0x301a7430)
HLE: W PPU[1] Thread (CPUThread)[0x0030347c]"/dev_bdvd/PS3_GAME/USRDIR/shaders/fsUseTexture2D_FadeCarten_D2U.cgelf" opened: fd = 67
HLE: W PPU[1] Thread (CPUThread)[0x00499034]sys_lwmutex warning: *** lwmutex created [_lc_mtx] (attribute=0x12): sq_id = 68
HLE: W PPU[1] Thread (CPUThread)[0x003033f4]sys_fs warning: cellFsClose(fd=67)
HLE: W PPU[1] Thread (CPUThread)[0x0049910c]sys_lwmutex warning: sys_lwmutex_destroy(lwmutex_addr=0x301a7430)
HLE: W PPU[1] Thread (CPUThread)[0x0030347c]"/dev_bdvd/PS3_GAME/USRDIR/shaders/fsUseTexture2D_FadeCarten_U2D.cgelf" opened: fd = 69
HLE: W PPU[1] Thread (CPUThread)[0x00499034]sys_lwmutex warning: *** lwmutex created [_lc_mtx] (attribute=0x12): sq_id = 70
HLE: W PPU[1] Thread (CPUThread)[0x003033f4]sys_fs warning: cellFsClose(fd=69)
HLE: W PPU[1] Thread (CPUThread)[0x0049910c]sys_lwmutex warning: sys_lwmutex_destroy(lwmutex_addr=0x301a7b50)
HLE: W PPU[1] Thread (CPUThread)[0x0030347c]"/dev_bdvd/PS3_GAME/USRDIR/shaders/fsUseTexture2D_FadeCarten_U2D.cgelf" opened: fd = 71
HLE: W PPU[1] Thread (CPUThread)[0x00499034]sys_lwmutex warning: *** lwmutex created [_lc_mtx] (attribute=0x12): sq_id = 72
HLE: W PPU[1] Thread (CPUThread)[0x003033f4]sys_fs warning: cellFsClose(fd=71)
HLE: W PPU[1] Thread (CPUThread)[0x0049910c]sys_lwmutex warning: sys_lwmutex_destroy(lwmutex_addr=0x301a7b50)
HLE: W PPU[1] Thread (CPUThread)[0x0030347c]"/dev_bdvd/PS3_GAME/USRDIR/shaders/fsUseTexture2D_FadeCarten_L2R.cgelf" opened: fd = 73
HLE: W PPU[1] Thread (CPUThread)[0x00499034]sys_lwmutex warning: *** lwmutex created [_lc_mtx] (attribute=0x12): sq_id = 74
HLE: W PPU[1] Thread (CPUThread)[0x003033f4]sys_fs warning: cellFsClose(fd=73)
HLE: W PPU[1] Thread (CPUThread)[0x0049910c]sys_lwmutex warning: sys_lwmutex_destroy(lwmutex_addr=0x301a8220)
HLE: W PPU[1] Thread (CPUThread)[0x0030347c]"/dev_bdvd/PS3_GAME/USRDIR/shaders/fsUseTexture2D_FadeCarten_L2R.cgelf" opened: fd = 75
HLE: W PPU[1] Thread (CPUThread)[0x00499034]sys_lwmutex warning: *** lwmutex created [_lc_mtx] (attribute=0x12): sq_id = 76
HLE: W PPU[1] Thread (CPUThread)[0x003033f4]sys_fs warning: cellFsClose(fd=75)
HLE: W PPU[1] Thread (CPUThread)[0x0049910c]sys_lwmutex warning: sys_lwmutex_destroy(lwmutex_addr=0x301a8220)
HLE: W PPU[1] Thread (CPUThread)[0x0030347c]"/dev_bdvd/PS3_GAME/USRDIR/shaders/fsUseTexture2D_FadeCarten_R2L.cgelf" opened: fd = 77
HLE: W PPU[1] Thread (CPUThread)[0x00499034]sys_lwmutex warning: *** lwmutex created [_lc_mtx] (attribute=0x12): sq_id = 78
HLE: W PPU[1] Thread (CPUThread)[0x003033f4]sys_fs warning: cellFsClose(fd=77)
HLE: W PPU[1] Thread (CPUThread)[0x0049910c]sys_lwmutex warning: sys_lwmutex_destroy(lwmutex_addr=0x301a4670)
HLE: W PPU[1] Thread (CPUThread)[0x0030347c]"/dev_bdvd/PS3_GAME/USRDIR/shaders/fsUseTexture2D_FadeCarten_R2L.cgelf" opened: fd = 79
HLE: W PPU[1] Thread (CPUThread)[0x00499034]sys_lwmutex warning: *** lwmutex created [_lc_mtx] (attribute=0x12): sq_id = 80
HLE: W PPU[1] Thread (CPUThread)[0x003033f4]sys_fs warning: cellFsClose(fd=79)
HLE: W PPU[1] Thread (CPUThread)[0x0049910c]sys_lwmutex warning: sys_lwmutex_destroy(lwmutex_addr=0x301a4670)
HLE: W PPU[1] Thread (CPUThread)[0x0030347c]"/dev_bdvd/PS3_GAME/USRDIR/shaders/fsUseTexture2D_FadeMozaik.cgelf" opened: fd = 81
HLE: W PPU[1] Thread (CPUThread)[0x00499034]sys_lwmutex warning: *** lwmutex created [_lc_mtx] (attribute=0x12): sq_id = 82
HLE: W PPU[1] Thread (CPUThread)[0x003033f4]sys_fs warning: cellFsClose(fd=81)
HLE: W PPU[1] Thread (CPUThread)[0x0049910c]sys_lwmutex warning: sys_lwmutex_destroy(lwmutex_addr=0x301a9100)
HLE: W PPU[1] Thread (CPUThread)[0x0030347c]"/dev_bdvd/PS3_GAME/USRDIR/shaders/fsUseTexture2D_FadeMozaik.cgelf" opened: fd = 83
HLE: W PPU[1] Thread (CPUThread)[0x00499034]sys_lwmutex warning: *** lwmutex created [_lc_mtx] (attribute=0x12): sq_id = 84
HLE: W PPU[1] Thread (CPUThread)[0x003033f4]sys_fs warning: cellFsClose(fd=83)
HLE: W PPU[1] Thread (CPUThread)[0x0049910c]sys_lwmutex warning: sys_lwmutex_destroy(lwmutex_addr=0x301a9100)
HLE: W PPU[1] Thread (CPUThread)[0x0030347c]"/dev_bdvd/PS3_GAME/USRDIR/shaders/fsUseTexture2D_FadeInvert.cgelf" opened: fd = 85
HLE: W PPU[1] Thread (CPUThread)[0x00499034]sys_lwmutex warning: *** lwmutex created [_lc_mtx] (attribute=0x12): sq_id = 86
HLE: W PPU[1] Thread (CPUThread)[0x003033f4]sys_fs warning: cellFsClose(fd=85)
HLE: W PPU[1] Thread (CPUThread)[0x0049910c]sys_lwmutex warning: sys_lwmutex_destroy(lwmutex_addr=0x301a8990)
HLE: W PPU[1] Thread (CPUThread)[0x0030347c]"/dev_bdvd/PS3_GAME/USRDIR/shaders/fsUseTexture2D_FadeInvert.cgelf" opened: fd = 87
HLE: W PPU[1] Thread (CPUThread)[0x00499034]sys_lwmutex warning: *** lwmutex created [_lc_mtx] (attribute=0x12): sq_id = 88
HLE: W PPU[1] Thread (CPUThread)[0x003033f4]sys_fs warning: cellFsClose(fd=87)
HLE: W PPU[1] Thread (CPUThread)[0x0049910c]sys_lwmutex warning: sys_lwmutex_destroy(lwmutex_addr=0x301a8990)
HLE: W PPU[1] Thread (CPUThread)[0x0030347c]"/dev_bdvd/PS3_GAME/USRDIR/shaders/fsUseTexture2D_PatternTransition.cgelf" opened: fd = 89
HLE: W PPU[1] Thread (CPUThread)[0x00499034]sys_lwmutex warning: *** lwmutex created [_lc_mtx] (attribute=0x12): sq_id = 90
HLE: W PPU[1] Thread (CPUThread)[0x003033f4]sys_fs warning: cellFsClose(fd=89)
HLE: W PPU[1] Thread (CPUThread)[0x0049910c]sys_lwmutex warning: sys_lwmutex_destroy(lwmutex_addr=0x301a9fe0)
HLE: W PPU[1] Thread (CPUThread)[0x0030347c]"/dev_bdvd/PS3_GAME/USRDIR/shaders/fsUseTexture2D_PatternTransition.cgelf" opened: fd = 91
HLE: W PPU[1] Thread (CPUThread)[0x00499034]sys_lwmutex warning: *** lwmutex created [_lc_mtx] (attribute=0x12): sq_id = 92
HLE: W PPU[1] Thread (CPUThread)[0x003033f4]sys_fs warning: cellFsClose(fd=91)
HLE: W PPU[1] Thread (CPUThread)[0x0049910c]sys_lwmutex warning: sys_lwmutex_destroy(lwmutex_addr=0x301a9fe0)
HLE: W PPU[1] Thread (CPUThread)[0x0030347c]"/dev_bdvd/PS3_GAME/USRDIR/shaders/fsUseTexture2D_LumMulAddFog_UvClip.cgelf" opened: fd = 93
HLE: W PPU[1] Thread (CPUThread)[0x00499034]sys_lwmutex warning: *** lwmutex created [_lc_mtx] (attribute=0x12): sq_id = 94
HLE: W PPU[1] Thread (CPUThread)[0x003033f4]sys_fs warning: cellFsClose(fd=93)
HLE: W PPU[1] Thread (CPUThread)[0x0049910c]sys_lwmutex warning: sys_lwmutex_destroy(lwmutex_addr=0x301aa9e0)
HLE: W PPU[1] Thread (CPUThread)[0x0030347c]"/dev_bdvd/PS3_GAME/USRDIR/shaders/fsUseTexture2D_LumMulAddFog_UvClip.cgelf" opened: fd = 95
HLE: W PPU[1] Thread (CPUThread)[0x00499034]sys_lwmutex warning: *** lwmutex created [_lc_mtx] (attribute=0x12): sq_id = 96
HLE: W PPU[1] Thread (CPUThread)[0x003033f4]sys_fs warning: cellFsClose(fd=95)
HLE: W PPU[1] Thread (CPUThread)[0x0049910c]sys_lwmutex warning: sys_lwmutex_destroy(lwmutex_addr=0x301aa9e0)
HLE: W PPU[1] Thread (CPUThread)[0x0030347c]"/dev_bdvd/PS3_GAME/USRDIR/shaders/fsUseTexture2D_FadeXsSrcRotate.cgelf" opened: fd = 97
HLE: W PPU[1] Thread (CPUThread)[0x00499034]sys_lwmutex warning: *** lwmutex created [_lc_mtx] (attribute=0x12): sq_id = 98
HLE: W PPU[1] Thread (CPUThread)[0x003033f4]sys_fs warning: cellFsClose(fd=97)
HLE: W PPU[1] Thread (CPUThread)[0x0049910c]sys_lwmutex warning: sys_lwmutex_destroy(lwmutex_addr=0x301ab070)
HLE: W PPU[1] Thread (CPUThread)[0x0030347c]"/dev_bdvd/PS3_GAME/USRDIR/shaders/fsUseTexture2D_FadeXsSrcRotate.cgelf" opened: fd = 99
HLE: W PPU[1] Thread (CPUThread)[0x00499034]sys_lwmutex warning: *** lwmutex created [_lc_mtx] (attribute=0x12): sq_id = 100
HLE: W PPU[1] Thread (CPUThread)[0x003033f4]sys_fs warning: cellFsClose(fd=99)
HLE: W PPU[1] Thread (CPUThread)[0x0049910c]sys_lwmutex warning: sys_lwmutex_destroy(lwmutex_addr=0x301ab070)
HLE: W PPU[1] Thread (CPUThread)[0x0030347c]"/dev_bdvd/PS3_GAME/USRDIR/shaders/fsUseTexture2D_FadeMulHorz.cgelf" opened: fd = 101
HLE: W PPU[1] Thread (CPUThread)[0x00499034]sys_lwmutex warning: *** lwmutex created [_lc_mtx] (attribute=0x12): sq_id = 102
HLE: W PPU[1] Thread (CPUThread)[0x003033f4]sys_fs warning: cellFsClose(fd=101)
HLE: W PPU[1] Thread (CPUThread)[0x0049910c]sys_lwmutex warning: sys_lwmutex_destroy(lwmutex_addr=0x301ab070)
HLE: W PPU[1] Thread (CPUThread)[0x0030347c]"/dev_bdvd/PS3_GAME/USRDIR/shaders/fsUseTexture2D_FadeMulHorz.cgelf" opened: fd = 103
HLE: W PPU[1] Thread (CPUThread)[0x00499034]sys_lwmutex warning: *** lwmutex created [_lc_mtx] (attribute=0x12): sq_id = 104
HLE: W PPU[1] Thread (CPUThread)[0x003033f4]sys_fs warning: cellFsClose(fd=103)
HLE: W PPU[1] Thread (CPUThread)[0x0049910c]sys_lwmutex warning: sys_lwmutex_destroy(lwmutex_addr=0x301ab070)
HLE: W PPU[1] Thread (CPUThread)[0x0030347c]"/dev_bdvd/PS3_GAME/USRDIR/shaders/fsUseTexture2D_FadeXsRasterNoize0.cgelf" opened: fd = 105
HLE: W PPU[1] Thread (CPUThread)[0x00499034]sys_lwmutex warning: *** lwmutex created [_lc_mtx] (attribute=0x12): sq_id = 106
HLE: W PPU[1] Thread (CPUThread)[0x003033f4]sys_fs warning: cellFsClose(fd=105)
HLE: W PPU[1] Thread (CPUThread)[0x0049910c]sys_lwmutex warning: sys_lwmutex_destroy(lwmutex_addr=0x301ab070)
HLE: W PPU[1] Thread (CPUThread)[0x0030347c]"/dev_bdvd/PS3_GAME/USRDIR/shaders/fsUseTexture2D_FadeXsRasterNoize0.cgelf" opened: fd = 107
HLE: W PPU[1] Thread (CPUThread)[0x00499034]sys_lwmutex warning: *** lwmutex created [_lc_mtx] (attribute=0x12): sq_id = 108
HLE: W PPU[1] Thread (CPUThread)[0x003033f4]sys_fs warning: cellFsClose(fd=107)
HLE: W PPU[1] Thread (CPUThread)[0x0049910c]sys_lwmutex warning: sys_lwmutex_destroy(lwmutex_addr=0x301ab070)
HLE: W PPU[1] Thread (CPUThread)[0x0030347c]"/dev_bdvd/PS3_GAME/USRDIR/shaders/fsUseTexture2D_FadeXsRasterNoize3.cgelf" opened: fd = 109
HLE: W PPU[1] Thread (CPUThread)[0x00499034]sys_lwmutex warning: *** lwmutex created [_lc_mtx] (attribute=0x12): sq_id = 110
HLE: W PPU[1] Thread (CPUThread)[0x003033f4]sys_fs warning: cellFsClose(fd=109)
HLE: W PPU[1] Thread (CPUThread)[0x0049910c]sys_lwmutex warning: sys_lwmutex_destroy(lwmutex_addr=0x301ab070)
HLE: W PPU[1] Thread (CPUThread)[0x0030347c]"/dev_bdvd/PS3_GAME/USRDIR/shaders/fsUseTexture2D_FadeXsRasterNoize3.cgelf" opened: fd = 111
HLE: W PPU[1] Thread (CPUThread)[0x00499034]sys_lwmutex warning: *** lwmutex created [_lc_mtx] (attribute=0x12): sq_id = 112
HLE: W PPU[1] Thread (CPUThread)[0x003033f4]sys_fs warning: cellFsClose(fd=111)
HLE: W PPU[1] Thread (CPUThread)[0x0049910c]sys_lwmutex warning: sys_lwmutex_destroy(lwmutex_addr=0x301ab070)
HLE: W PPU[1] Thread (CPUThread)[0x0030347c]"/dev_bdvd/PS3_GAME/USRDIR/shaders/fsUseTexture2D_FadeXsRasterNoize6.cgelf" opened: fd = 113
HLE: W PPU[1] Thread (CPUThread)[0x00499034]sys_lwmutex warning: *** lwmutex created [_lc_mtx] (attribute=0x12): sq_id = 114
HLE: W PPU[1] Thread (CPUThread)[0x003033f4]sys_fs warning: cellFsClose(fd=113)
HLE: W PPU[1] Thread (CPUThread)[0x0049910c]sys_lwmutex warning: sys_lwmutex_destroy(lwmutex_addr=0x301ab070)
HLE: W PPU[1] Thread (CPUThread)[0x0030347c]"/dev_bdvd/PS3_GAME/USRDIR/shaders/fsUseTexture2D_FadeXsRasterNoize6.cgelf" opened: fd = 115
HLE: W PPU[1] Thread (CPUThread)[0x00499034]sys_lwmutex warning: *** lwmutex created [_lc_mtx] (attribute=0x12): sq_id = 116
HLE: W PPU[1] Thread (CPUThread)[0x003033f4]sys_fs warning: cellFsClose(fd=115)
HLE: W PPU[1] Thread (CPUThread)[0x0049910c]sys_lwmutex warning: sys_lwmutex_destroy(lwmutex_addr=0x301ab070)
HLE: W PPU[1] Thread (CPUThread)[0x0030347c]"/dev_bdvd/PS3_GAME/USRDIR/shaders/fsUseTexture2D_FadeXsRasterNoize8.cgelf" opened: fd = 117
HLE: W PPU[1] Thread (CPUThread)[0x00499034]sys_lwmutex warning: *** lwmutex created [_lc_mtx] (attribute=0x12): sq_id = 118
HLE: W PPU[1] Thread (CPUThread)[0x003033f4]sys_fs warning: cellFsClose(fd=117)
HLE: W PPU[1] Thread (CPUThread)[0x0049910c]sys_lwmutex warning: sys_lwmutex_destroy(lwmutex_addr=0x301ab070)
HLE: W PPU[1] Thread (CPUThread)[0x0030347c]"/dev_bdvd/PS3_GAME/USRDIR/shaders/fsUseTexture2D_FadeXsRasterNoize8.cgelf" opened: fd = 119
HLE: W PPU[1] Thread (CPUThread)[0x00499034]sys_lwmutex warning: *** lwmutex created [_lc_mtx] (attribute=0x12): sq_id = 120
HLE: W PPU[1] Thread (CPUThread)[0x003033f4]sys_fs warning: cellFsClose(fd=119)
HLE: W PPU[1] Thread (CPUThread)[0x0049910c]sys_lwmutex warning: sys_lwmutex_destroy(lwmutex_addr=0x301ab070)
HLE: W PPU[1] Thread (CPUThread)[0x0030347c]"/dev_bdvd/PS3_GAME/USRDIR/shaders/fsUseTexture2D_FadeXsRasterNoize9.cgelf" opened: fd = 121
HLE: W PPU[1] Thread (CPUThread)[0x00499034]sys_lwmutex warning: *** lwmutex created [_lc_mtx] (attribute=0x12): sq_id = 122
HLE: W PPU[1] Thread (CPUThread)[0x003033f4]sys_fs warning: cellFsClose(fd=121)
HLE: W PPU[1] Thread (CPUThread)[0x0049910c]sys_lwmutex warning: sys_lwmutex_destroy(lwmutex_addr=0x301af260)
HLE: W PPU[1] Thread (CPUThread)[0x0030347c]"/dev_bdvd/PS3_GAME/USRDIR/shaders/fsUseTexture2D_FadeXsRasterNoize9.cgelf" opened: fd = 123
HLE: W PPU[1] Thread (CPUThread)[0x00499034]sys_lwmutex warning: *** lwmutex created [_lc_mtx] (attribute=0x12): sq_id = 124
HLE: W PPU[1] Thread (CPUThread)[0x003033f4]sys_fs warning: cellFsClose(fd=123)
HLE: W PPU[1] Thread (CPUThread)[0x0049910c]sys_lwmutex warning: sys_lwmutex_destroy(lwmutex_addr=0x301af260)
HLE: W PPU[1] Thread (CPUThread)[0x0030347c]"/dev_bdvd/PS3_GAME/USRDIR/shaders/fsUseTexture2D_FadeXsHRasterHOffset.cgelf" opened: fd = 125
HLE: W PPU[1] Thread (CPUThread)[0x00499034]sys_lwmutex warning: *** lwmutex created [_lc_mtx] (attribute=0x12): sq_id = 126
HLE: W PPU[1] Thread (CPUThread)[0x003033f4]sys_fs warning: cellFsClose(fd=125)
HLE: W PPU[1] Thread (CPUThread)[0x0049910c]sys_lwmutex warning: sys_lwmutex_destroy(lwmutex_addr=0x301af260)
HLE: W PPU[1] Thread (CPUThread)[0x0030347c]"/dev_bdvd/PS3_GAME/USRDIR/shaders/fsUseTexture2D_FadeXsHRasterHOffset.cgelf" opened: fd = 127
HLE: W PPU[1] Thread (CPUThread)[0x00499034]sys_lwmutex warning: *** lwmutex created [_lc_mtx] (attribute=0x12): sq_id = 128
HLE: W PPU[1] Thread (CPUThread)[0x003033f4]sys_fs warning: cellFsClose(fd=127)
HLE: W PPU[1] Thread (CPUThread)[0x0049910c]sys_lwmutex warning: sys_lwmutex_destroy(lwmutex_addr=0x301af260)
HLE: W PPU[1] Thread (CPUThread)[0x0030347c]"/dev_bdvd/PS3_GAME/USRDIR/shaders/fsUseTexture2D_FadeXsSqrRaster_HRasterV_VRasterH.cgelf" opened: fd = 129
HLE: W PPU[1] Thread (CPUThread)[0x00499034]sys_lwmutex warning: *** lwmutex created [_lc_mtx] (attribute=0x12): sq_id = 130
HLE: W PPU[1] Thread (CPUThread)[0x003033f4]sys_fs warning: cellFsClose(fd=129)
HLE: W PPU[1] Thread (CPUThread)[0x0049910c]sys_lwmutex warning: sys_lwmutex_destroy(lwmutex_addr=0x301af260)
HLE: W PPU[1] Thread (CPUThread)[0x0030347c]"/dev_bdvd/PS3_GAME/USRDIR/shaders/fsUseTexture2D_FadeXsSqrRaster_HRasterV_VRasterH.cgelf" opened: fd = 131
HLE: W PPU[1] Thread (CPUThread)[0x00499034]sys_lwmutex warning: *** lwmutex created [_lc_mtx] (attribute=0x12): sq_id = 132
HLE: W PPU[1] Thread (CPUThread)[0x003033f4]sys_fs warning: cellFsClose(fd=131)
HLE: W PPU[1] Thread (CPUThread)[0x0049910c]sys_lwmutex warning: sys_lwmutex_destroy(lwmutex_addr=0x301af260)
HLE: W PPU[1] Thread (CPUThread)[0x0030347c]"/dev_bdvd/PS3_GAME/USRDIR/shaders/fsUseTexture2D_FadeXsCircleRaster.cgelf" opened: fd = 133
HLE: W PPU[1] Thread (CPUThread)[0x00499034]sys_lwmutex warning: *** lwmutex created [_lc_mtx] (attribute=0x12): sq_id = 134
HLE: W PPU[1] Thread (CPUThread)[0x003033f4]sys_fs warning: cellFsClose(fd=133)
HLE: W PPU[1] Thread (CPUThread)[0x0049910c]sys_lwmutex warning: sys_lwmutex_destroy(lwmutex_addr=0x301aeaf0)
HLE: W PPU[1] Thread (CPUThread)[0x0030347c]"/dev_bdvd/PS3_GAME/USRDIR/shaders/fsUseTexture2D_FadeXsCircleRaster.cgelf" opened: fd = 135
HLE: W PPU[1] Thread (CPUThread)[0x00499034]sys_lwmutex warning: *** lwmutex created [_lc_mtx] (attribute=0x12): sq_id = 136
HLE: W PPU[1] Thread (CPUThread)[0x003033f4]sys_fs warning: cellFsClose(fd=135)
HLE: W PPU[1] Thread (CPUThread)[0x0049910c]sys_lwmutex warning: sys_lwmutex_destroy(lwmutex_addr=0x301aeaf0)
HLE: W PPU[1] Thread (CPUThread)[0x0030347c]"/dev_bdvd/PS3_GAME/USRDIR/shaders/fsUseTexture2D_Dis_Alpha_UvClip.cgelf" opened: fd = 137
HLE: W PPU[1] Thread (CPUThread)[0x00499034]sys_lwmutex warning: *** lwmutex created [_lc_mtx] (attribute=0x12): sq_id = 138
HLE: W PPU[1] Thread (CPUThread)[0x003033f4]sys_fs warning: cellFsClose(fd=137)
HLE: W PPU[1] Thread (CPUThread)[0x0049910c]sys_lwmutex warning: sys_lwmutex_destroy(lwmutex_addr=0x301aeaf0)
HLE: W PPU[1] Thread (CPUThread)[0x0030347c]"/dev_bdvd/PS3_GAME/USRDIR/shaders/fsUseTexture2D_Dis_Alpha_UvClip.cgelf" opened: fd = 139
HLE: W PPU[1] Thread (CPUThread)[0x00499034]sys_lwmutex warning: *** lwmutex created [_lc_mtx] (attribute=0x12): sq_id = 140
HLE: W PPU[1] Thread (CPUThread)[0x003033f4]sys_fs warning: cellFsClose(fd=139)
HLE: W PPU[1] Thread (CPUThread)[0x0049910c]sys_lwmutex warning: sys_lwmutex_destroy(lwmutex_addr=0x301aeaf0)
HLE: W PPU[1] Thread (CPUThread)[0x0030347c]"/dev_bdvd/PS3_GAME/USRDIR/shaders/fsUseTexture2D_Alpha_Z_Bg.cgelf" opened: fd = 141
HLE: W PPU[1] Thread (CPUThread)[0x00499034]sys_lwmutex warning: *** lwmutex created [_lc_mtx] (attribute=0x12): sq_id = 142
HLE: W PPU[1] Thread (CPUThread)[0x003033f4]sys_fs warning: cellFsClose(fd=141)
HLE: W PPU[1] Thread (CPUThread)[0x0049910c]sys_lwmutex warning: sys_lwmutex_destroy(lwmutex_addr=0x301aeaf0)
HLE: W PPU[1] Thread (CPUThread)[0x0030347c]"/dev_bdvd/PS3_GAME/USRDIR/shaders/fsUseTexture2D_Alpha_Z_Bg.cgelf" opened: fd = 143
HLE: W PPU[1] Thread (CPUThread)[0x00499034]sys_lwmutex warning: *** lwmutex created [_lc_mtx] (attribute=0x12): sq_id = 144
HLE: W PPU[1] Thread (CPUThread)[0x003033f4]sys_fs warning: cellFsClose(fd=143)
HLE: W PPU[1] Thread (CPUThread)[0x0049910c]sys_lwmutex warning: sys_lwmutex_destroy(lwmutex_addr=0x301aeaf0)
HLE: W PPU[1] Thread (CPUThread)[0x0030347c]"/dev_bdvd/PS3_GAME/USRDIR/shaders/fsUseTexture2D_TelevisionWipe.cgelf" opened: fd = 145
HLE: W PPU[1] Thread (CPUThread)[0x00499034]sys_lwmutex warning: *** lwmutex created [_lc_mtx] (attribute=0x12): sq_id = 146
HLE: W PPU[1] Thread (CPUThread)[0x003033f4]sys_fs warning: cellFsClose(fd=145)
HLE: W PPU[1] Thread (CPUThread)[0x0049910c]sys_lwmutex warning: sys_lwmutex_destroy(lwmutex_addr=0x301aeaf0)
HLE: W PPU[1] Thread (CPUThread)[0x0030347c]"/dev_bdvd/PS3_GAME/USRDIR/shaders/fsUseTexture2D_TelevisionWipe.cgelf" opened: fd = 147
HLE: W PPU[1] Thread (CPUThread)[0x00499034]sys_lwmutex warning: *** lwmutex created [_lc_mtx] (attribute=0x12): sq_id = 148
HLE: W PPU[1] Thread (CPUThread)[0x003033f4]sys_fs warning: cellFsClose(fd=147)
HLE: W PPU[1] Thread (CPUThread)[0x0049910c]sys_lwmutex warning: sys_lwmutex_destroy(lwmutex_addr=0x301aeaf0)
HLE: W PPU[1] Thread (CPUThread)[0x0030347c]"/dev_bdvd/PS3_GAME/USRDIR/shaders/fsUseTexture2D_DiagonalFisheyeLens.cgelf" opened: fd = 149
HLE: W PPU[1] Thread (CPUThread)[0x00499034]sys_lwmutex warning: *** lwmutex created [_lc_mtx] (attribute=0x12): sq_id = 150
HLE: W PPU[1] Thread (CPUThread)[0x003033f4]sys_fs warning: cellFsClose(fd=149)
HLE: W PPU[1] Thread (CPUThread)[0x0049910c]sys_lwmutex warning: sys_lwmutex_destroy(lwmutex_addr=0x301aeaf0)
HLE: W PPU[1] Thread (CPUThread)[0x0030347c]"/dev_bdvd/PS3_GAME/USRDIR/shaders/fsUseTexture2D_DiagonalFisheyeLens.cgelf" opened: fd = 151
HLE: W PPU[1] Thread (CPUThread)[0x00499034]sys_lwmutex warning: *** lwmutex created [_lc_mtx] (attribute=0x12): sq_id = 152
HLE: W PPU[1] Thread (CPUThread)[0x003033f4]sys_fs warning: cellFsClose(fd=151)
HLE: W PPU[1] Thread (CPUThread)[0x0049910c]sys_lwmutex warning: sys_lwmutex_destroy(lwmutex_addr=0x301aeaf0)
HLE: W PPU[1] Thread (CPUThread)[0x0030347c]"/dev_bdvd/PS3_GAME/USRDIR/shaders/fsUseTexture2D_MulLighting_FillColor.cgelf" opened: fd = 153
HLE: W PPU[1] Thread (CPUThread)[0x00499034]sys_lwmutex warning: *** lwmutex created [_lc_mtx] (attribute=0x12): sq_id = 154
HLE: W PPU[1] Thread (CPUThread)[0x003033f4]sys_fs warning: cellFsClose(fd=153)
HLE: W PPU[1] Thread (CPUThread)[0x0049910c]sys_lwmutex warning: sys_lwmutex_destroy(lwmutex_addr=0x301aeaf0)
HLE: W PPU[1] Thread (CPUThread)[0x0030347c]"/dev_bdvd/PS3_GAME/USRDIR/shaders/fsUseTexture2D_MulLighting_FillColor.cgelf" opened: fd = 155
HLE: W PPU[1] Thread (CPUThread)[0x00499034]sys_lwmutex warning: *** lwmutex created [_lc_mtx] (attribute=0x12): sq_id = 156
HLE: W PPU[1] Thread (CPUThread)[0x003033f4]sys_fs warning: cellFsClose(fd=155)
HLE: W PPU[1] Thread (CPUThread)[0x0049910c]sys_lwmutex warning: sys_lwmutex_destroy(lwmutex_addr=0x301aeaf0)
HLE: W PPU[1] Thread (CPUThread)[0x0030347c]"/dev_bdvd/PS3_GAME/USRDIR/shaders/fsUseTexture2D_MulLighting_MaskTexture.cgelf" opened: fd = 157
HLE: W PPU[1] Thread (CPUThread)[0x00499034]sys_lwmutex warning: *** lwmutex created [_lc_mtx] (attribute=0x12): sq_id = 158
HLE: W PPU[1] Thread (CPUThread)[0x003033f4]sys_fs warning: cellFsClose(fd=157)
HLE: W PPU[1] Thread (CPUThread)[0x0049910c]sys_lwmutex warning: sys_lwmutex_destroy(lwmutex_addr=0x301af260)
HLE: W PPU[1] Thread (CPUThread)[0x0030347c]"/dev_bdvd/PS3_GAME/USRDIR/shaders/fsUseTexture2D_MulLighting_MaskTexture.cgelf" opened: fd = 159
HLE: W PPU[1] Thread (CPUThread)[0x00499034]sys_lwmutex warning: *** lwmutex created [_lc_mtx] (attribute=0x12): sq_id = 160
HLE: W PPU[1] Thread (CPUThread)[0x003033f4]sys_fs warning: cellFsClose(fd=159)
HLE: W PPU[1] Thread (CPUThread)[0x0049910c]sys_lwmutex warning: sys_lwmutex_destroy(lwmutex_addr=0x301af260)
HLE: W PPU[1] Thread (CPUThread)[0x0030347c]"/dev_bdvd/PS3_GAME/USRDIR/shaders/fsUseTexture2D_Movie_FillTexture.cgelf" opened: fd = 161
HLE: W PPU[1] Thread (CPUThread)[0x00499034]sys_lwmutex warning: *** lwmutex created [_lc_mtx] (attribute=0x12): sq_id = 162
HLE: W PPU[1] Thread (CPUThread)[0x003033f4]sys_fs warning: cellFsClose(fd=161)
HLE: W PPU[1] Thread (CPUThread)[0x0049910c]sys_lwmutex warning: sys_lwmutex_destroy(lwmutex_addr=0x301b3050)
HLE: W PPU[1] Thread (CPUThread)[0x0030347c]"/dev_bdvd/PS3_GAME/USRDIR/shaders/fsUseTexture2D_Movie_FillTexture.cgelf" opened: fd = 163
HLE: W PPU[1] Thread (CPUThread)[0x00499034]sys_lwmutex warning: *** lwmutex created [_lc_mtx] (attribute=0x12): sq_id = 164
HLE: W PPU[1] Thread (CPUThread)[0x003033f4]sys_fs warning: cellFsClose(fd=163)
HLE: W PPU[1] Thread (CPUThread)[0x0049910c]sys_lwmutex warning: sys_lwmutex_destroy(lwmutex_addr=0x301b3050)
HLE: W PPU[1] Thread (CPUThread)[0x0030347c]"/dev_bdvd/PS3_GAME/USRDIR/shaders/fsUseTexture2D_Movie_UnderAlphaMask.cgelf" opened: fd = 165
HLE: W PPU[1] Thread (CPUThread)[0x00499034]sys_lwmutex warning: *** lwmutex created [_lc_mtx] (attribute=0x12): sq_id = 166
HLE: W PPU[1] Thread (CPUThread)[0x003033f4]sys_fs warning: cellFsClose(fd=165)
HLE: W PPU[1] Thread (CPUThread)[0x0049910c]sys_lwmutex warning: sys_lwmutex_destroy(lwmutex_addr=0x301b3050)
HLE: W PPU[1] Thread (CPUThread)[0x0030347c]"/dev_bdvd/PS3_GAME/USRDIR/shaders/fsUseTexture2D_Movie_UnderAlphaMask.cgelf" opened: fd = 167
HLE: W PPU[1] Thread (CPUThread)[0x00499034]sys_lwmutex warning: *** lwmutex created [_lc_mtx] (attribute=0x12): sq_id = 168
HLE: W PPU[1] Thread (CPUThread)[0x003033f4]sys_fs warning: cellFsClose(fd=167)
HLE: W PPU[1] Thread (CPUThread)[0x0049910c]sys_lwmutex warning: sys_lwmutex_destroy(lwmutex_addr=0x301b3050)
HLE: W PPU[1] Thread (CPUThread)[0x0030347c]"/dev_bdvd/PS3_GAME/USRDIR/shaders/fsUseTexture2D_DisregardPixelAlpha_OpacityOnly.cgelf" opened: fd = 169
HLE: W PPU[1] Thread (CPUThread)[0x00499034]sys_lwmutex warning: *** lwmutex created [_lc_mtx] (attribute=0x12): sq_id = 170
HLE: W PPU[1] Thread (CPUThread)[0x003033f4]sys_fs warning: cellFsClose(fd=169)
HLE: W PPU[1] Thread (CPUThread)[0x0049910c]sys_lwmutex warning: sys_lwmutex_destroy(lwmutex_addr=0x301b3050)
HLE: W PPU[1] Thread (CPUThread)[0x0030347c]"/dev_bdvd/PS3_GAME/USRDIR/shaders/fsUseTexture2D_DisregardPixelAlpha_OpacityOnly.cgelf" opened: fd = 171
HLE: W PPU[1] Thread (CPUThread)[0x00499034]sys_lwmutex warning: *** lwmutex created [_lc_mtx] (attribute=0x12): sq_id = 172
HLE: W PPU[1] Thread (CPUThread)[0x003033f4]sys_fs warning: cellFsClose(fd=171)
HLE: W PPU[1] Thread (CPUThread)[0x0049910c]sys_lwmutex warning: sys_lwmutex_destroy(lwmutex_addr=0x301b3050)
HLE: W PPU[1] Thread (CPUThread)[0x0030347c]"/dev_bdvd/PS3_GAME/USRDIR/shaders/vsNonTexture3D.cgelf" opened: fd = 173
HLE: W PPU[1] Thread (CPUThread)[0x00499034]sys_lwmutex warning: *** lwmutex created [_lc_mtx] (attribute=0x12): sq_id = 174
HLE: W PPU[1] Thread (CPUThread)[0x003033f4]sys_fs warning: cellFsClose(fd=173)
HLE: W PPU[1] Thread (CPUThread)[0x0049910c]sys_lwmutex warning: sys_lwmutex_destroy(lwmutex_addr=0x301b3050)
HLE: W PPU[1] Thread (CPUThread)[0x0030347c]"/dev_bdvd/PS3_GAME/USRDIR/shaders/vsNonTexture3D.cgelf" opened: fd = 175
HLE: W PPU[1] Thread (CPUThread)[0x00499034]sys_lwmutex warning: *** lwmutex created [_lc_mtx] (attribute=0x12): sq_id = 176
HLE: W PPU[1] Thread (CPUThread)[0x003033f4]sys_fs warning: cellFsClose(fd=175)
HLE: W PPU[1] Thread (CPUThread)[0x0049910c]sys_lwmutex warning: sys_lwmutex_destroy(lwmutex_addr=0x301b3050)
HLE: W PPU[1] Thread (CPUThread)[0x0030347c]"/dev_bdvd/PS3_GAME/USRDIR/shaders/fsNonTexture3D.cgelf" opened: fd = 177
HLE: W PPU[1] Thread (CPUThread)[0x00499034]sys_lwmutex warning: *** lwmutex created [_lc_mtx] (attribute=0x12): sq_id = 178
HLE: W PPU[1] Thread (CPUThread)[0x003033f4]sys_fs warning: cellFsClose(fd=177)
HLE: W PPU[1] Thread (CPUThread)[0x0049910c]sys_lwmutex warning: sys_lwmutex_destroy(lwmutex_addr=0x301b3050)
HLE: W PPU[1] Thread (CPUThread)[0x0030347c]"/dev_bdvd/PS3_GAME/USRDIR/shaders/fsNonTexture3D.cgelf" opened: fd = 179
HLE: W PPU[1] Thread (CPUThread)[0x00499034]sys_lwmutex warning: *** lwmutex created [_lc_mtx] (attribute=0x12): sq_id = 180
HLE: W PPU[1] Thread (CPUThread)[0x003033f4]sys_fs warning: cellFsClose(fd=179)
HLE: W PPU[1] Thread (CPUThread)[0x0049910c]sys_lwmutex warning: sys_lwmutex_destroy(lwmutex_addr=0x301b3050)
HLE: W PPU[1] Thread (CPUThread)[0x0030347c]"/dev_bdvd/PS3_GAME/USRDIR/shaders/vsPolDraw_Fog_Gouraud.cgelf" opened: fd = 181
HLE: W PPU[1] Thread (CPUThread)[0x00499034]sys_lwmutex warning: *** lwmutex created [_lc_mtx] (attribute=0x12): sq_id = 182
HLE: W PPU[1] Thread (CPUThread)[0x003033f4]sys_fs warning: cellFsClose(fd=181)
HLE: W PPU[1] Thread (CPUThread)[0x0049910c]sys_lwmutex warning: sys_lwmutex_destroy(lwmutex_addr=0x301b3050)
HLE: W PPU[1] Thread (CPUThread)[0x0030347c]"/dev_bdvd/PS3_GAME/USRDIR/shaders/vsPolDraw_Fog_Gouraud.cgelf" opened: fd = 183
HLE: W PPU[1] Thread (CPUThread)[0x00499034]sys_lwmutex warning: *** lwmutex created [_lc_mtx] (attribute=0x12): sq_id = 184
HLE: W PPU[1] Thread (CPUThread)[0x003033f4]sys_fs warning: cellFsClose(fd=183)
HLE: W PPU[1] Thread (CPUThread)[0x0049910c]sys_lwmutex warning: sys_lwmutex_destroy(lwmutex_addr=0x301b3050)
HLE: W PPU[1] Thread (CPUThread)[0x0030347c]"/dev_bdvd/PS3_GAME/USRDIR/shaders/fsPolDraw_Fog_Gouraud.cgelf" opened: fd = 185
HLE: W PPU[1] Thread (CPUThread)[0x00499034]sys_lwmutex warning: *** lwmutex created [_lc_mtx] (attribute=0x12): sq_id = 186
HLE: W PPU[1] Thread (CPUThread)[0x003033f4]sys_fs warning: cellFsClose(fd=185)
HLE: W PPU[1] Thread (CPUThread)[0x0049910c]sys_lwmutex warning: sys_lwmutex_destroy(lwmutex_addr=0x301b3050)
HLE: W PPU[1] Thread (CPUThread)[0x0030347c]"/dev_bdvd/PS3_GAME/USRDIR/shaders/fsPolDraw_Fog_Gouraud.cgelf" opened: fd = 187
HLE: W PPU[1] Thread (CPUThread)[0x00499034]sys_lwmutex warning: *** lwmutex created [_lc_mtx] (attribute=0x12): sq_id = 188
HLE: W PPU[1] Thread (CPUThread)[0x003033f4]sys_fs warning: cellFsClose(fd=187)
HLE: W PPU[1] Thread (CPUThread)[0x0049910c]sys_lwmutex warning: sys_lwmutex_destroy(lwmutex_addr=0x301b3050)
HLE: W PPU[1] Thread (CPUThread)[0x0030347c]"/dev_bdvd/PS3_GAME/USRDIR/shaders/vsPolDraw_Fog_Texture.cgelf" opened: fd = 189
HLE: W PPU[1] Thread (CPUThread)[0x00499034]sys_lwmutex warning: *** lwmutex created [_lc_mtx] (attribute=0x12): sq_id = 190
HLE: W PPU[1] Thread (CPUThread)[0x003033f4]sys_fs warning: cellFsClose(fd=189)
HLE: W PPU[1] Thread (CPUThread)[0x0049910c]sys_lwmutex warning: sys_lwmutex_destroy(lwmutex_addr=0x301b3050)
HLE: W PPU[1] Thread (CPUThread)[0x0030347c]"/dev_bdvd/PS3_GAME/USRDIR/shaders/vsPolDraw_Fog_Texture.cgelf" opened: fd = 191
HLE: W PPU[1] Thread (CPUThread)[0x00499034]sys_lwmutex warning: *** lwmutex created [_lc_mtx] (attribute=0x12): sq_id = 192
HLE: W PPU[1] Thread (CPUThread)[0x003033f4]sys_fs warning: cellFsClose(fd=191)
HLE: W PPU[1] Thread (CPUThread)[0x0049910c]sys_lwmutex warning: sys_lwmutex_destroy(lwmutex_addr=0x301b3050)
HLE: W PPU[1] Thread (CPUThread)[0x0030347c]"/dev_bdvd/PS3_GAME/USRDIR/shaders/fsPolDraw_Fog_Texture.cgelf" opened: fd = 193
HLE: W PPU[1] Thread (CPUThread)[0x00499034]sys_lwmutex warning: *** lwmutex created [_lc_mtx] (attribute=0x12): sq_id = 194
HLE: W PPU[1] Thread (CPUThread)[0x003033f4]sys_fs warning: cellFsClose(fd=193)
HLE: W PPU[1] Thread (CPUThread)[0x0049910c]sys_lwmutex warning: sys_lwmutex_destroy(lwmutex_addr=0x301b3050)
HLE: W PPU[1] Thread (CPUThread)[0x0030347c]"/dev_bdvd/PS3_GAME/USRDIR/shaders/fsPolDraw_Fog_Texture.cgelf" opened: fd = 195
HLE: W PPU[1] Thread (CPUThread)[0x00499034]sys_lwmutex warning: *** lwmutex created [_lc_mtx] (attribute=0x12): sq_id = 196
HLE: W PPU[1] Thread (CPUThread)[0x003033f4]sys_fs warning: cellFsClose(fd=195)
HLE: W PPU[1] Thread (CPUThread)[0x0049910c]sys_lwmutex warning: sys_lwmutex_destroy(lwmutex_addr=0x301b3050)
HLE: W PPU[1] Thread (CPUThread)[0x0030347c]"/dev_bdvd/PS3_GAME/USRDIR/shaders/vsParticle_VertexCollar.cgelf" opened: fd = 197
HLE: W PPU[1] Thread (CPUThread)[0x00499034]sys_lwmutex warning: *** lwmutex created [_lc_mtx] (attribute=0x12): sq_id = 198
HLE: W PPU[1] Thread (CPUThread)[0x003033f4]sys_fs warning: cellFsClose(fd=197)
HLE: W PPU[1] Thread (CPUThread)[0x0049910c]sys_lwmutex warning: sys_lwmutex_destroy(lwmutex_addr=0x301b3050)
HLE: W PPU[1] Thread (CPUThread)[0x0030347c]"/dev_bdvd/PS3_GAME/USRDIR/shaders/vsParticle_VertexCollar.cgelf" opened: fd = 199
HLE: W PPU[1] Thread (CPUThread)[0x00499034]sys_lwmutex warning: *** lwmutex created [_lc_mtx] (attribute=0x12): sq_id = 200
HLE: W PPU[1] Thread (CPUThread)[0x003033f4]sys_fs warning: cellFsClose(fd=199)
HLE: W PPU[1] Thread (CPUThread)[0x0049910c]sys_lwmutex warning: sys_lwmutex_destroy(lwmutex_addr=0x301b3050)
HLE: W PPU[1] Thread (CPUThread)[0x0030347c]"/dev_bdvd/PS3_GAME/USRDIR/shaders/fsParticle_VertexCollar.cgelf" opened: fd = 201
HLE: W PPU[1] Thread (CPUThread)[0x00499034]sys_lwmutex warning: *** lwmutex created [_lc_mtx] (attribute=0x12): sq_id = 202
HLE: W PPU[1] Thread (CPUThread)[0x003033f4]sys_fs warning: cellFsClose(fd=201)
HLE: W PPU[1] Thread (CPUThread)[0x0049910c]sys_lwmutex warning: sys_lwmutex_destroy(lwmutex_addr=0x301b3050)
HLE: W PPU[1] Thread (CPUThread)[0x0030347c]"/dev_bdvd/PS3_GAME/USRDIR/shaders/fsParticle_VertexCollar.cgelf" opened: fd = 203
HLE: W PPU[1] Thread (CPUThread)[0x00499034]sys_lwmutex warning: *** lwmutex created [_lc_mtx] (attribute=0x12): sq_id = 204
HLE: W PPU[1] Thread (CPUThread)[0x003033f4]sys_fs warning: cellFsClose(fd=203)
HLE: W PPU[1] Thread (CPUThread)[0x0049910c]sys_lwmutex warning: sys_lwmutex_destroy(lwmutex_addr=0x301b3050)
HLE: W PPU[1] Thread (CPUThread)[0x0030347c]"/dev_bdvd/PS3_GAME/USRDIR/shaders/vsParticle_Bullet_Bloom.cgelf" opened: fd = 205
HLE: W PPU[1] Thread (CPUThread)[0x00499034]sys_lwmutex warning: *** lwmutex created [_lc_mtx] (attribute=0x12): sq_id = 206
HLE: W PPU[1] Thread (CPUThread)[0x003033f4]sys_fs warning: cellFsClose(fd=205)
HLE: W PPU[1] Thread (CPUThread)[0x0049910c]sys_lwmutex warning: sys_lwmutex_destroy(lwmutex_addr=0x301b3050)
HLE: W PPU[1] Thread (CPUThread)[0x0030347c]"/dev_bdvd/PS3_GAME/USRDIR/shaders/vsParticle_Bullet_Bloom.cgelf" opened: fd = 207
HLE: W PPU[1] Thread (CPUThread)[0x00499034]sys_lwmutex warning: *** lwmutex created [_lc_mtx] (attribute=0x12): sq_id = 208
HLE: W PPU[1] Thread (CPUThread)[0x003033f4]sys_fs warning: cellFsClose(fd=207)
HLE: W PPU[1] Thread (CPUThread)[0x0049910c]sys_lwmutex warning: sys_lwmutex_destroy(lwmutex_addr=0x301b3050)
HLE: W PPU[1] Thread (CPUThread)[0x0030347c]"/dev_bdvd/PS3_GAME/USRDIR/shaders/vsParticle_UseTexture.cgelf" opened: fd = 209
HLE: W PPU[1] Thread (CPUThread)[0x00499034]sys_lwmutex warning: *** lwmutex created [_lc_mtx] (attribute=0x12): sq_id = 210
HLE: W PPU[1] Thread (CPUThread)[0x003033f4]sys_fs warning: cellFsClose(fd=209)
HLE: W PPU[1] Thread (CPUThread)[0x0049910c]sys_lwmutex warning: sys_lwmutex_destroy(lwmutex_addr=0x301b3050)
HLE: W PPU[1] Thread (CPUThread)[0x0030347c]"/dev_bdvd/PS3_GAME/USRDIR/shaders/vsParticle_UseTexture.cgelf" opened: fd = 211
HLE: W PPU[1] Thread (CPUThread)[0x00499034]sys_lwmutex warning: *** lwmutex created [_lc_mtx] (attribute=0x12): sq_id = 212
HLE: W PPU[1] Thread (CPUThread)[0x003033f4]sys_fs warning: cellFsClose(fd=211)
HLE: W PPU[1] Thread (CPUThread)[0x0049910c]sys_lwmutex warning: sys_lwmutex_destroy(lwmutex_addr=0x301b3050)
HLE: W PPU[1] Thread (CPUThread)[0x0030347c]"/dev_bdvd/PS3_GAME/USRDIR/shaders/fsParticle_UseTexture.cgelf" opened: fd = 213
HLE: W PPU[1] Thread (CPUThread)[0x00499034]sys_lwmutex warning: *** lwmutex created [_lc_mtx] (attribute=0x12): sq_id = 214
HLE: W PPU[1] Thread (CPUThread)[0x003033f4]sys_fs warning: cellFsClose(fd=213)
HLE: W PPU[1] Thread (CPUThread)[0x0049910c]sys_lwmutex warning: sys_lwmutex_destroy(lwmutex_addr=0x301b3050)
HLE: W PPU[1] Thread (CPUThread)[0x0030347c]"/dev_bdvd/PS3_GAME/USRDIR/shaders/fsParticle_UseTexture.cgelf" opened: fd = 215
HLE: W PPU[1] Thread (CPUThread)[0x00499034]sys_lwmutex warning: *** lwmutex created [_lc_mtx] (attribute=0x12): sq_id = 216
HLE: W PPU[1] Thread (CPUThread)[0x003033f4]sys_fs warning: cellFsClose(fd=215)
HLE: W PPU[1] Thread (CPUThread)[0x0049910c]sys_lwmutex warning: sys_lwmutex_destroy(lwmutex_addr=0x301b3050)
HLE: W PPU[1] Thread (CPUThread)[0x0030347c]"/dev_bdvd/PS3_GAME/USRDIR/shaders/vsPolDraw_Char_Fog_Alpha.cgelf" opened: fd = 217
HLE: W PPU[1] Thread (CPUThread)[0x00499034]sys_lwmutex warning: *** lwmutex created [_lc_mtx] (attribute=0x12): sq_id = 218
HLE: W PPU[1] Thread (CPUThread)[0x003033f4]sys_fs warning: cellFsClose(fd=217)
HLE: W PPU[1] Thread (CPUThread)[0x0049910c]sys_lwmutex warning: sys_lwmutex_destroy(lwmutex_addr=0x301b3050)
HLE: W PPU[1] Thread (CPUThread)[0x0030347c]"/dev_bdvd/PS3_GAME/USRDIR/shaders/vsPolDraw_Char_Fog_Alpha.cgelf" opened: fd = 219
HLE: W PPU[1] Thread (CPUThread)[0x00499034]sys_lwmutex warning: *** lwmutex created [_lc_mtx] (attribute=0x12): sq_id = 220
HLE: W PPU[1] Thread (CPUThread)[0x003033f4]sys_fs warning: cellFsClose(fd=219)
HLE: W PPU[1] Thread (CPUThread)[0x0049910c]sys_lwmutex warning: sys_lwmutex_destroy(lwmutex_addr=0x301b3050)
HLE: W PPU[1] Thread (CPUThread)[0x0030347c]"/dev_bdvd/PS3_GAME/USRDIR/shaders/fsPolDraw_Char_Fog_Alpha.cgelf" opened: fd = 221
HLE: W PPU[1] Thread (CPUThread)[0x00499034]sys_lwmutex warning: *** lwmutex created [_lc_mtx] (attribute=0x12): sq_id = 222
HLE: W PPU[1] Thread (CPUThread)[0x003033f4]sys_fs warning: cellFsClose(fd=221)
HLE: W PPU[1] Thread (CPUThread)[0x0049910c]sys_lwmutex warning: sys_lwmutex_destroy(lwmutex_addr=0x301b3050)
HLE: W PPU[1] Thread (CPUThread)[0x0030347c]"/dev_bdvd/PS3_GAME/USRDIR/shaders/fsPolDraw_Char_Fog_Alpha.cgelf" opened: fd = 223
HLE: W PPU[1] Thread (CPUThread)[0x00499034]sys_lwmutex warning: *** lwmutex created [_lc_mtx] (attribute=0x12): sq_id = 224
HLE: W PPU[1] Thread (CPUThread)[0x003033f4]sys_fs warning: cellFsClose(fd=223)
HLE: W PPU[1] Thread (CPUThread)[0x0049910c]sys_lwmutex warning: sys_lwmutex_destroy(lwmutex_addr=0x301b3050)
HLE: W PPU[1] Thread (CPUThread)[0x0030347c]"/dev_bdvd/PS3_GAME/USRDIR/shaders/fsPolDraw_Char_Fog_DisregardPixelAlpha_OpacityOnly.cgelf" opened: fd = 225
HLE: W PPU[1] Thread (CPUThread)[0x00499034]sys_lwmutex warning: *** lwmutex created [_lc_mtx] (attribute=0x12): sq_id = 226
HLE: W PPU[1] Thread (CPUThread)[0x003033f4]sys_fs warning: cellFsClose(fd=225)
HLE: W PPU[1] Thread (CPUThread)[0x0049910c]sys_lwmutex warning: sys_lwmutex_destroy(lwmutex_addr=0x301b3050)
HLE: W PPU[1] Thread (CPUThread)[0x0030347c]"/dev_bdvd/PS3_GAME/USRDIR/shaders/fsPolDraw_Char_Fog_DisregardPixelAlpha_OpacityOnly.cgelf" opened: fd = 227
HLE: W PPU[1] Thread (CPUThread)[0x00499034]sys_lwmutex warning: *** lwmutex created [_lc_mtx] (attribute=0x12): sq_id = 228
HLE: W PPU[1] Thread (CPUThread)[0x003033f4]sys_fs warning: cellFsClose(fd=227)
HLE: W PPU[1] Thread (CPUThread)[0x0049910c]sys_lwmutex warning: sys_lwmutex_destroy(lwmutex_addr=0x301b3050)
HLE: W PPU[1] Thread (CPUThread)[0x0041f040]sys_fs warning: cellFsStat: "/dev_bdvd/PS3_GAME/USRDIR/aaa" not found.
HLE: W PPU[1] Thread (CPUThread)[0x0041f040]sys_fs warning: cellFsStat: "/dev_bdvd/PS3_GAME/USRDIR/aaa" not found.
HLE: W PPU[1] Thread (CPUThread)[0x0041f040]sys_fs warning: cellFsStat: "/dev_bdvd/PS3_GAME/USRDIR/aaa" not found.
HLE: W PPU[1] Thread (CPUThread)[0x0041f040]sys_fs warning: cellFsStat: "/dev_bdvd/PS3_GAME/USRDIR/aaa" not found.
HLE: W PPU[1] Thread (CPUThread)[0x0041f040]sys_fs warning: cellFsStat: "/dev_bdvd/PS3_GAME/USRDIR/aaa" not found.
HLE: W PPU[1] Thread (CPUThread)[0x0041f040]sys_fs warning: cellFsStat: "/dev_bdvd/PS3_GAME/USRDIR/aaa" not found.
HLE: W PPU[1] Thread (CPUThread)[0x0041f040]sys_fs warning: cellFsStat: "/dev_bdvd/PS3_GAME/USRDIR/aaa" not found.
HLE: W PPU[1] Thread (CPUThread)[0x0041f040]sys_fs warning: cellFsStat: "/dev_bdvd/PS3_GAME/USRDIR/aaa" not found.
HLE: W PPU[1] Thread (CPUThread)[0x0041f01c]"/dev_bdvd/PS3_GAME/USRDIR/disorder6.rio" opened: fd = 229
HLE: W PPU[1] Thread (CPUThread)[0x0041f004]sys_fs warning: cellFsClose(fd=229)
HLE: W PPU[1] Thread (CPUThread)[0x0041f01c]"/dev_bdvd/PS3_GAME/USRDIR/disorder6.rio.ici" opened: fd = 230
HLE: W PPU[1] Thread (CPUThread)[0x0041f004]sys_fs warning: cellFsClose(fd=230)
HLE: W PPU[1] Thread (CPUThread)[0x0041f01c]"/dev_bdvd/PS3_GAME/USRDIR/disorder6.rio" opened: fd = 231
HLE: W PPU[1] Thread (CPUThread)[0x0041f004]sys_fs warning: cellFsClose(fd=231)
HLE: W PPU[1] Thread (CPUThread)[0x0041f01c]"/dev_bdvd/PS3_GAME/USRDIR/disorder6.rio.ici" opened: fd = 232
HLE: W PPU[1] Thread (CPUThread)[0x0041f004]sys_fs warning: cellFsClose(fd=232)
HLE: W PPU[1] Thread (CPUThread)[0x0030783c]SysCall 988! r3: 0x4, r4: 0x0, pc: 0x30783c
TTY: abort() is called from 0xTTY: 0000000000303fbcTTY: 
TTY:                   from 0xTTY: 0000000000305238TTY: 
TTY:                   from 0xTTY: 00000000000ecb70TTY: 
TTY:                   from 0xTTY: 00000000000ece88TTY: 
TTY:                   from 0xTTY: 00000000000ed1f4TTY: 
TTY:                   from 0xTTY: 00000000000ed660TTY: 
TTY:                   from 0xTTY: 00000000000edeb8TTY: 
TTY:                   from 0xTTY: 00000000000c9e84TTY: 
TTY:                   from 0xTTY: 00000000000d28f8TTY: 
TTY:                   from 0xTTY: 000000000001d3f4TTY: 
TTY:                   from 0xTTY: 000000000001d928TTY: 
TTY:                   from 0xTTY: 000000000001fa78TTY: 
TTY:                   from 0xTTY: 00000000002d410cTTY: 
TTY:                   from 0xTTY: 00000000002cdb50TTY: 
TTY:                   from 0xTTY: 00000000002cfd98TTY: 
TTY:                   from 0xTTY: 000000000009d02cTTY: 
TTY:                   from 0xTTY: 000000000009cdc0TTY: 
TTY: 

Continue... (Lv-2 is still running.)
HLE: W PPU[1] Thread (CPUThread)[0x00499118]Process warning: sys_process_exit(1)
HLE: S PPU[1] Thread (CPUThread)[0x00499118]Process finished
HLE: W VBlank threadCallback::Branch() aborted
RSX: W RSXThreadRSX thread aborted
RSX: W VBlank threadVBlank thread aborted
HLE: ! All threads stopped...
MEM: ! Closing memory...
