HLE: ! path: /dev_hdd0/game/
LDR: ! Loading 'D:\Emulateurs\Rpcs3\dev_hdd0\game\NPEA00324/USRDIR/BOOT.BIN'...
LDR: !  
LDR: ! Mount info:
LDR: ! /dev_hdd0/ -> D:\Emulateurs\Rpcs3/dev_hdd0/
LDR: ! /dev_hdd1/ -> D:\Emulateurs\Rpcs3/dev_hdd1/
LDR: ! /dev_flash/ -> D:\Emulateurs\Rpcs3/dev_flash/
LDR: ! /dev_usb000/ -> D:\Emulateurs\Rpcs3/dev_usb000/
LDR: ! /dev_usb/ -> D:\Emulateurs\Rpcs3/dev_usb000/
LDR: ! /app_home/ -> D:\Emulateurs\Rpcs3\dev_hdd0\game\NPEA00324/
LDR: ! /dev_bdvd/ -> D:\Emulateurs\Rpcs3\dev_hdd0\game\NPEA00324//../
LDR: ! /host_root/ -> 
LDR: ! / -> D:\Emulateurs\Rpcs3\dev_hdd0\game\NPEA00324//USRDIR/
LDR: ! /app_home/PS3_GAME/USRDIR/ -> D:\Emulateurs\Rpcs3\dev_hdd0\game\NPEA00324//USRDIR/
LDR: ! /dev_flash2/ -> D:\Emulateurs\Rpcs3/dev_flash2/
LDR: ! /app_home/Game/PS3_GAME/USRDIR/ -> D:\Emulateurs\Rpcs3\dev_hdd0\game\NPEA00324//USRDIR/
LDR: !  
MEM: ! Initing memory...
MEM: ! Memory initialized.
LDR: W Unimplemented function 'cellCameraStop' in 'cellCamera' module
LDR: W Unimplemented function 'cellCameraGetBufferInfoEx' in 'cellCamera' module
LDR: W Unimplemented function 'cellCameraReadEx' in 'cellCamera' module
LDR: W Unimplemented function 'cellCameraClose' in 'cellCamera' module
LDR: W Unimplemented function 'cellCameraRemoveNotifyEventQueue2' in 'cellCamera' module
LDR: W Unimplemented function 'cellCameraStart' in 'cellCamera' module
LDR: W Unimplemented function 'cellCameraGetAttribute' in 'cellCamera' module
LDR: W Unimplemented function 'cellCameraGetType' in 'cellCamera' module
LDR: W Unimplemented function 'cellCameraEnd' in 'cellCamera' module
LDR: W Unimplemented function 'cellCameraOpenEx' in 'cellCamera' module
LDR: W Unimplemented function 'cellCameraGetBufferSize' in 'cellCamera' module
LDR: W Unimplemented function 'cellCameraReset' in 'cellCamera' module
LDR: W Unimplemented function 'cellCameraIsAvailable' in 'cellCamera' module
LDR: W Unimplemented function 'cellCameraSetAttribute' in 'cellCamera' module
LDR: W Unimplemented function 'cellCameraSetNotifyEventQueue2' in 'cellCamera' module
LDR: W Unimplemented function 'cellCameraInit' in 'cellCamera' module
LDR: W Unimplemented function 'cellFiberPpuYield' in 'cellFiber' module
LDR: W Unimplemented function 'cellFiberPpuRunFibers' in 'cellFiber' module
LDR: W Unimplemented function 'cellFiberPpuWaitSignal' in 'cellFiber' module
LDR: W Unimplemented function 'cellFiberPpuCreateFiber' in 'cellFiber' module
LDR: W Unimplemented function 'cellFiberPpuSendSignal' in 'cellFiber' module
LDR: W Unimplemented function 'cellFiberPpuFinalizeScheduler' in 'cellFiber' module
LDR: W Unimplemented function '_cellFiberPpuSchedulerAttributeInitialize' in 'cellFiber' module
LDR: W Unimplemented function 'cellFiberPpuWaitFlag' in 'cellFiber' module
LDR: W Unimplemented function 'cellFiberPpuJoinFiber' in 'cellFiber' module
LDR: W Unimplemented function '_cellFiberPpuAttributeInitialize' in 'cellFiber' module
LDR: W Unimplemented function 'cellFiberPpuInitializeScheduler' in 'cellFiber' module
LDR: W Unimplemented function 'cellFiberPpuCheckFlags' in 'cellFiber' module
LDR: W Unimplemented function 'cellFiberPpuExit' in 'cellFiber' module
LDR: W Unimplemented function '_cellFiberPpuInitialize' in 'cellFiber' module
LDR: W Unimplemented function 'cellFsAllocateFileAreaWithoutZeroFill' in 'sys_fs' module
LDR: W Unimplemented function 'cellFsFsync' in 'sys_fs' module
LDR: W Unimplemented function 'cellFsSdataOpenByFd' in 'sys_fs' module
LDR: W Unknown module 'cellHttp'
LDR: W Unimplemented function 'cellHttpUtilBuildUri' in 'cellHttpUtil' module
LDR: W Unimplemented function 'cellPadPeriphGetInfo' in 'sys_io' module
LDR: W Unimplemented function 'cellKey2CharClose' in 'cellKey2char' module
LDR: W Unimplemented function 'cellKey2CharGetChar' in 'cellKey2char' module
LDR: W Unimplemented function 'cellKey2CharOpen' in 'cellKey2char' module
LDR: W Unimplemented function 'cellKey2CharSetMode' in 'cellKey2char' module
LDR: W Unimplemented function 'sys_prx_load_module_on_memcontainer_by_fd' in 'sysPrxForUser' module
LDR: W Unimplemented function 'sys_prx_load_module_by_fd' in 'sysPrxForUser' module
LDR: W Unimplemented function 'cellMicRead' in 'cellMic' module
LDR: W Unimplemented function 'cellMicRemoveNotifyEventQueue' in 'cellMic' module
LDR: W Unimplemented function 'cellMicSetNotifyEventQueue2' in 'cellMic' module
LDR: W Unimplemented function 'cellMicInit' in 'cellMic' module
LDR: W Unimplemented function 'cellMicClose' in 'cellMic' module
LDR: W Unimplemented function 'cellMicGetType' in 'cellMic' module
LDR: W Unimplemented function 'cellMicEnd' in 'cellMic' module
LDR: W Unimplemented function 'cellMicOpen' in 'cellMic' module
LDR: W Unimplemented function 'cellMicStart' in 'cellMic' module
LDR: W Unimplemented function 'socketselect' in 'sys_net' module
LDR: W Unimplemented function 'gethostbyname' in 'sys_net' module
LDR: W Unimplemented function 'inet_ntoa' in 'sys_net' module
LDR: W Unimplemented function 'cellSpursAddUrgentCommand' in 'cellSpurs' module
LDR: W Unimplemented function 'cellSpursQueueClear' in 'cellSpurs' module
LDR: W Unimplemented function 'cellSpursRequestIdleSpu' in 'cellSpurs' module
LDR: W Unimplemented function 'cellSpursWorkloadAttributeSetName' in 'cellSpurs' module
LDR: W Unimplemented function 'cellSpursGetWorkloadInfo' in 'cellSpurs' module
LDR: W Unimplemented function 'cellSpursRemoveWorkload' in 'cellSpurs' module
LDR: W Unimplemented function 'cellSpursWaitForWorkloadShutdown' in 'cellSpurs' module
LDR: W Unimplemented function 'cellSpursBarrierInitialize' in 'cellSpurs' module
LDR: W Unimplemented function 'cellSpursShutdownWorkload' in 'cellSpurs' module
LDR: W Unimplemented function 'cellSpursAddWorkloadWithAttribute' in 'cellSpurs' module
LDR: W Unimplemented function '_cellSpursWorkloadAttributeInitialize' in 'cellSpurs' module
LDR: W Unimplemented function 'cellSpursReadyCountStore' in 'cellSpurs' module
LDR: W Unimplemented function 'cellSslEnd' in 'cellSsl' module
LDR: W Unimplemented function 'cellSslCertificateLoader' in 'cellSsl' module
LDR: W Unimplemented function 'cellSslInit' in 'cellSsl' module
LDR: W Unknown module 'cellSysutilAvconfExt'
LDR: W Unimplemented function 'cellGameGetHomeLaunchOptionPath' in 'cellGameExec' module
LDR: W Unknown module 'cellImeJpUtility'
LDR: W Unknown module 'cellMusicUtility'
LDR: W Unimplemented function 'sceNp2Init' in 'sceNp2' module
LDR: W Unimplemented function 'sceNp2Term' in 'sceNp2' module
LDR: W Unknown module 'sceNpCommerce2'
LDR: W Unimplemented function 'sceNpBasicSendMessageGui' in 'sceNp' module
LDR: W Unimplemented function 'sceNpManagerGetTicket' in 'sceNp' module
LDR: W Unimplemented function 'sceNpSignalingGetConnectionInfo' in 'sceNp' module
LDR: W Unimplemented function 'sceNpLookupNpId' in 'sceNp' module
LDR: W Unimplemented function 'sceNpBasicAddPlayersHistory' in 'sceNp' module
LDR: W Unimplemented function 'sceNpBasicAddFriend' in 'sceNp' module
LDR: W Unimplemented function 'sceNpBasicRegisterContextSensitiveHandler' in 'sceNp' module
LDR: W Unimplemented function 'sceNpManagerGetCachedInfo' in 'sceNp' module
LDR: W Unimplemented function 'sceNpSignalingAddExtendedHandler' in 'sceNp' module
LDR: W Unimplemented function 'sceNpManagerUnregisterCallback' in 'sceNp' module
LDR: W Unimplemented function 'sceNpManagerGetTicketParam' in 'sceNp' module
LDR: W Unimplemented function 'sceNpLookupDestroyTitleCtx' in 'sceNp' module
LDR: W Unimplemented function 'sceNpLookupInit' in 'sceNp' module
LDR: W Unimplemented function 'sceNpSignalingActivateConnection' in 'sceNp' module
LDR: W Unimplemented function 'sceNpSignalingCreateCtx' in 'sceNp' module
LDR: W Unimplemented function 'sceNpBasicRecvMessageAttachmentLoad' in 'sceNp' module
LDR: W Unimplemented function 'sceNpManagerGetContentRatingFlag' in 'sceNp' module
LDR: W Unimplemented function 'sceNpBasicGetBlockListEntryCount' in 'sceNp' module
LDR: W Unimplemented function 'sceNpManagerRequestTicket2' in 'sceNp' module
LDR: W Unimplemented function 'sceNpLookupTerm' in 'sceNp' module
LDR: W Unimplemented function 'sceNpSignalingDestroyCtx' in 'sceNp' module
LDR: W Unimplemented function 'sceNpBasicUnregisterHandler' in 'sceNp' module
LDR: W Unimplemented function 'sceNpManagerGetAccountRegion' in 'sceNp' module
LDR: W Unimplemented function 'sceNpBasicRecvMessageAttachment' in 'sceNp' module
LDR: W Unimplemented function 'sceNpManagerGetNetworkTime' in 'sceNp' module
LDR: W Unimplemented function 'sceNpBasicSetPresenceDetails' in 'sceNp' module
LDR: W Unimplemented function 'sceNpSignalingGetConnectionStatus' in 'sceNp' module
LDR: W Unimplemented function 'sceNpLookupCreateTitleCtx' in 'sceNp' module
LDR: W Unimplemented function 'sceNpUtilCmpNpId' in 'sceNp' module
LDR: W Unimplemented function 'sceNpLookupUserProfile' in 'sceNp' module
LDR: W Unimplemented function 'sceNpBasicGetEvent' in 'sceNp' module
LDR: W Unimplemented function 'sceNpManagerRegisterCallback' in 'sceNp' module
LDR: W Unimplemented function 'sceNpLookupCreateTransactionCtx' in 'sceNp' module
LDR: W Unimplemented function 'sceNpManagerGetChatRestrictionFlag' in 'sceNp' module
LDR: W Unimplemented function 'sceNpBasicSendMessage' in 'sceNp' module
LDR: W Unimplemented function 'sceNpFriendlist' in 'sceNp' module
LDR: W Unimplemented function 'sceNpBasicGetBlockListEntry' in 'sceNp' module
LDR: W Unimplemented function 'sceNpLookupDestroyTransactionCtx' in 'sceNp' module
LDR: W Unimplemented function 'sceNpSignalingDeactivateConnection' in 'sceNp' module
LDR: W Unimplemented function 'sceNpManagerGetNpId' in 'sceNp' module
LDR: W Unknown module 'cellPhotoDecodeUtil'
LDR: W Unknown module 'cellPhotoUtility'
LDR: W Unknown module 'cellPhotoImportUtil'
LDR: W Unknown module 'cellSaveData'
LDR: W Unknown module 'cellSearchUtility'
LDR: W Unknown module 'cellCrossController'
LDR: W Unimplemented function 'cellSaveDataUserListSave' in 'cellSysutil' module
LDR: W Unimplemented function 'cellSaveDataUserListLoad' in 'cellSysutil' module
LDR: W Unimplemented function 'cellOskDialogUnloadAsync' in 'cellSysutil' module
LDR: W Unimplemented function 'cellSaveDataUserAutoSave' in 'cellSysutil' module
LDR: W Unimplemented function 'cellOskDialogAddSupportLanguage' in 'cellSysutil' module
LDR: W Unimplemented function 'cellOskDialogLoadAsync' in 'cellSysutil' module
LDR: W Unimplemented function 'cellSysconfOpen' in 'cellSysutil' module
LDR: W Unimplemented function 'cellOskDialogSetKeyLayoutOption' in 'cellSysutil' module
LDR: W Unimplemented function 'cellOskDialogAbort' in 'cellSysutil' module
LDR: W Unimplemented function 'cellSaveDataUserAutoLoad' in 'cellSysutil' module
LDR: W Unknown module 'libgem'
LDR: W Unknown module 'sys_crashdump'
HLE: W PPU[1] Thread (CPUThread)[0x00eca034]sys_lwmutex warning: *** lwmutex created [_lc_mtx] (attribute=0x12): sq_id = 3
HLE: W PPU[1] Thread (CPUThread)[0x0087fc68]memory warning: sys_memory_get_user_memory_size(mem_info_addr=0xd0010c04)
HLE: W PPU[1] Thread (CPUThread)[0x00eca034]sys_lwmutex warning: *** lwmutex created [_lc_mtx] (attribute=0x12): sq_id = 4
HLE: W PPU[1] Thread (CPUThread)[0x00eca034]sys_lwmutex warning: *** lwmutex created [_lc_mtx] (attribute=0x12): sq_id = 5
HLE: W PPU[1] Thread (CPUThread)[0x00eca034]sys_lwmutex warning: *** lwmutex created [_lc_mtx] (attribute=0x12): sq_id = 6
HLE: W PPU[1] Thread (CPUThread)[0x00eca034]sys_lwmutex warning: *** lwmutex created [_lc_mtx] (attribute=0x12): sq_id = 7
HLE: W PPU[1] Thread (CPUThread)[0x00eca034]sys_lwmutex warning: *** lwmutex created [_lc_mtx] (attribute=0x12): sq_id = 8
HLE: W PPU[1] Thread (CPUThread)[0x00eca034]sys_lwmutex warning: *** lwmutex created [_lc_mtx] (attribute=0x12): sq_id = 9
HLE: W PPU[1] Thread (CPUThread)[0x00eca034]sys_lwmutex warning: *** lwmutex created [_lc_mtx] (attribute=0x12): sq_id = 10
HLE: W PPU[1] Thread (CPUThread)[0x00eca034]sys_lwmutex warning: *** lwmutex created [_lc_mtx] (attribute=0x12): sq_id = 11
HLE: W PPU[1] Thread (CPUThread)[0x00eca034]sys_lwmutex warning: *** lwmutex created [_lc_mtx] (attribute=0x12): sq_id = 12
HLE: W PPU[1] Thread (CPUThread)[0x00022508]memory warning: sys_memory_get_user_memory_size(mem_info_addr=0xd0010a40)
HLE: W PPU[1] Thread (CPUThread)[0x000228c0]memory warning: sys_memory_get_user_memory_size(mem_info_addr=0xd0010a40)
HLE: W PPU[1] Thread (CPUThread)[0x000228dc]memory warning: sys_memory_get_user_memory_size(mem_info_addr=0xd0010a40)
HLE: W PPU[1] Thread (CPUThread)[0x000213b4]memory warning: sys_memory_container_create(cid_addr=0xdc43a0, yield_size=0x2400000)
HLE: W PPU[1] Thread (CPUThread)[0x000213b4]memory warning: *** memory_container created(addr=0x39700000): id = 13
HLE: W PPU[1] Thread (CPUThread)[0x000228f0]memory warning: sys_memory_get_user_memory_size(mem_info_addr=0xd0010a40)
HLE: W PPU[1] Thread (CPUThread)[0x00eca034]sys_lwmutex warning: *** lwmutex created [] (attribute=0x22): sq_id = 14
HLE: W PPU[1] Thread (CPUThread)[0x00eca034]sys_lwmutex warning: *** lwmutex created [] (attribute=0x22): sq_id = 15
HLE: W PPU[1] Thread (CPUThread)[0x00eca034]sys_lwmutex warning: *** lwmutex created [] (attribute=0x22): sq_id = 16
HLE: W PPU[1] Thread (CPUThread)[0x00022bf0]memory warning: sys_memory_get_user_memory_size(mem_info_addr=0xd0010a40)
HLE: W PPU[1] Thread (CPUThread)[0x000237ec]memory warning: sys_memory_get_user_memory_size(mem_info_addr=0xd0010a40)
HLE: W PPU[1] Thread (CPUThread)[0x00eca034]sys_lwmutex warning: *** lwmutex created [_lgcmtx] (attribute=0x12): sq_id = 17
HLE: W PPU[1] Thread (CPUThread)[0x00eca034]sys_lwmutex warning: *** lwmutex created [_lgcmtx] (attribute=0x22): sq_id = 18
HLE: W PPU[1] Thread (CPUThread)[0x00eca034]sys_lwmutex warning: *** lwmutex created [ps3HDDL] (attribute=0x12): sq_id = 19
HLE: W PPU[1] Thread (CPUThread)[0x00871dec]cellSysutil warning: cellSysutilGetSystemParamInt: CELL_SYSUTIL_SYSTEMPARAM_ID_TIMEZONE
HLE: W PPU[1] Thread (CPUThread)[0x00871dec]cellSysutil warning: cellSysutilGetSystemParamInt: CELL_SYSUTIL_SYSTEMPARAM_ID_SUMMERTIME
HLE: W PPU[1] Thread (CPUThread)[0x00878010]cellSysutil warning: cellSysutilGetSystemParamInt: CELL_SYSUTIL_SYSTEMPARAM_ID_TIMEZONE
HLE: W PPU[1] Thread (CPUThread)[0x00878010]cellSysutil warning: cellSysutilGetSystemParamInt: CELL_SYSUTIL_SYSTEMPARAM_ID_SUMMERTIME
HLE: W PPU[1] Thread (CPUThread)[0x0087385c]cellSysutil warning: cellSysutilGetSystemParamInt: CELL_SYSUTIL_SYSTEMPARAM_ID_TIMEZONE
HLE: W PPU[1] Thread (CPUThread)[0x0087385c]cellSysutil warning: cellSysutilGetSystemParamInt: CELL_SYSUTIL_SYSTEMPARAM_ID_SUMMERTIME
HLE: W PPU[1] Thread (CPUThread)[0x00878010]cellSysutil warning: cellSysutilGetSystemParamInt: CELL_SYSUTIL_SYSTEMPARAM_ID_TIMEZONE
HLE: W PPU[1] Thread (CPUThread)[0x00878010]cellSysutil warning: cellSysutilGetSystemParamInt: CELL_SYSUTIL_SYSTEMPARAM_ID_SUMMERTIME
HLE: W PPU[1] Thread (CPUThread)[0x00871d98]cellSysutil warning: cellSysutilGetSystemParamInt: CELL_SYSUTIL_SYSTEMPARAM_ID_TIMEZONE
HLE: W PPU[1] Thread (CPUThread)[0x00871d98]cellSysutil warning: cellSysutilGetSystemParamInt: CELL_SYSUTIL_SYSTEMPARAM_ID_SUMMERTIME
HLE: W PPU[1] Thread (CPUThread)[0x0087385c]cellSysutil warning: cellSysutilGetSystemParamInt: CELL_SYSUTIL_SYSTEMPARAM_ID_TIMEZONE
HLE: W PPU[1] Thread (CPUThread)[0x0087385c]cellSysutil warning: cellSysutilGetSystemParamInt: CELL_SYSUTIL_SYSTEMPARAM_ID_SUMMERTIME
HLE: W PPU[1] Thread (CPUThread)[0x00eca034]sys_lwmutex warning: *** lwmutex created [Backdro] (attribute=0x11): sq_id = 20
HLE: W PPU[1] Thread (CPUThread)[0x00eca034]sys_lwmutex warning: *** lwmutex created [Backdro] (attribute=0x11): sq_id = 21
HLE: W PPU[1] Thread (CPUThread)[0x00eca034]sys_lwmutex warning: *** lwmutex created [CmdList] (attribute=0x11): sq_id = 22
HLE: W PPU[1] Thread (CPUThread)[0x00eca034]sys_lwmutex warning: *** lwmutex created [CmdList] (attribute=0x11): sq_id = 23
HLE: W PPU[1] Thread (CPUThread)[0x00eca034]sys_lwmutex warning: *** lwmutex created [CmdList] (attribute=0x11): sq_id = 24
HLE: W PPU[1] Thread (CPUThread)[0x00eca034]sys_lwmutex warning: *** lwmutex created [CmdList] (attribute=0x11): sq_id = 25
HLE: W PPU[1] Thread (CPUThread)[0x00eca034]sys_lwmutex warning: *** lwmutex created [Pad] (attribute=0x11): sq_id = 26
HLE: W PPU[1] Thread (CPUThread)[0x00eca034]sys_lwmutex warning: *** lwmutex created [Move] (attribute=0x11): sq_id = 27
HLE: W PPU[1] Thread (CPUThread)[0x00eca034]sys_lwmutex warning: *** lwmutex created [Move] (attribute=0x11): sq_id = 28
HLE: W PPU[1] Thread (CPUThread)[0x00eca034]sys_lwmutex warning: *** lwmutex created [Move] (attribute=0x11): sq_id = 29
HLE: W PPU[1] Thread (CPUThread)[0x00eca034]sys_lwmutex warning: *** lwmutex created [Move] (attribute=0x11): sq_id = 30
HLE: W PPU[1] Thread (CPUThread)[0x00eca034]sys_lwmutex warning: *** lwmutex created [ProfCac] (attribute=0x11): sq_id = 31
HLE: W PPU[1] Thread (CPUThread)[0x00eca034]sys_lwmutex warning: *** lwmutex created [MicBuff] (attribute=0x11): sq_id = 32
HLE: W PPU[1] Thread (CPUThread)[0x00eca034]sys_lwmutex warning: *** lwmutex created [Audio] (attribute=0x11): sq_id = 33
HLE: W PPU[1] Thread (CPUThread)[0x00eca034]sys_lwmutex warning: *** lwmutex created [AudEvt] (attribute=0x11): sq_id = 34
HLE: W PPU[1] Thread (CPUThread)[0x00eca034]sys_lwmutex warning: *** lwmutex created [RegWorl] (attribute=0x11): sq_id = 35
HLE: W PPU[1] Thread (CPUThread)[0x00eca034]sys_lwmutex warning: *** lwmutex created [HostDeb] (attribute=0x11): sq_id = 36
HLE: W PPU[1] Thread (CPUThread)[0x00eca034]sys_lwmutex warning: *** lwmutex created [LeftHos] (attribute=0x11): sq_id = 37
HLE: W PPU[1] Thread (CPUThread)[0x00eca034]sys_lwmutex warning: *** lwmutex created [LeftCli] (attribute=0x11): sq_id = 38
HLE: W PPU[1] Thread (CPUThread)[0x00eca034]sys_lwmutex warning: *** lwmutex created [HostGID] (attribute=0x11): sq_id = 39
HLE: W PPU[1] Thread (CPUThread)[0x00eca034]sys_lwmutex warning: *** lwmutex created [Cookie] (attribute=0x11): sq_id = 40
HLE: W PPU[1] Thread (CPUThread)[0x00eca034]sys_lwmutex warning: *** lwmutex created [GetCook] (attribute=0x11): sq_id = 41
HLE: W PPU[1] Thread (CPUThread)[0x00eca034]sys_lwmutex warning: *** lwmutex created [ReAuth] (attribute=0x11): sq_id = 42
HLE: W PPU[1] Thread (CPUThread)[0x00eca034]sys_lwmutex warning: *** lwmutex created [Remote ] (attribute=0x11): sq_id = 43
HLE: W PPU[1] Thread (CPUThread)[0x00eca034]sys_lwmutex warning: *** lwmutex created [Remote ] (attribute=0x11): sq_id = 44
HLE: W PPU[1] Thread (CPUThread)[0x00eca034]sys_lwmutex warning: *** lwmutex created [ShComms] (attribute=0x11): sq_id = 45
HLE: W PPU[1] Thread (CPUThread)[0x00eca034]sys_lwmutex warning: *** lwmutex created [RecPlyr] (attribute=0x11): sq_id = 46
HLE: W PPU[1] Thread (CPUThread)[0x00eca034]sys_lwmutex warning: *** lwmutex created [PrioQ] (attribute=0x11): sq_id = 47
HLE: W PPU[1] Thread (CPUThread)[0x0002e848]sys_semaphore warning: sys_semaphore_create(sem_addr=0xe1c578, attr_addr=0xd0010960, initial_count=0, max_count=2147483647)
HLE: ! PPU[1] Thread (CPUThread)[0x0002e848]*** semaphore created [] (protocol=0x2): id = 48
HLE: W PPU[1] Thread (CPUThread)[0x00eca034]sys_lwmutex warning: *** lwmutex created [Match2C] (attribute=0x11): sq_id = 49
HLE: W PPU[1] Thread (CPUThread)[0x00eca034]sys_lwmutex warning: *** lwmutex created [ReqJoin] (attribute=0x11): sq_id = 50
HLE: W PPU[1] Thread (CPUThread)[0x0002e848]sys_semaphore warning: sys_semaphore_create(sem_addr=0xdf5b54, attr_addr=0xd0010b00, initial_count=0, max_count=1)
HLE: ! PPU[1] Thread (CPUThread)[0x0002e848]*** semaphore created [] (protocol=0x2): id = 51
HLE: W PPU[1] Thread (CPUThread)[0x0002e848]sys_semaphore warning: sys_semaphore_create(sem_addr=0xdf5b5c, attr_addr=0xd0010b00, initial_count=0, max_count=1)
HLE: ! PPU[1] Thread (CPUThread)[0x0002e848]*** semaphore created [] (protocol=0x2): id = 52
HLE: W PPU[1] Thread (CPUThread)[0x00eca034]sys_lwmutex warning: *** lwmutex created [Undo] (attribute=0x11): sq_id = 53
HLE: W PPU[1] Thread (CPUThread)[0x00eca034]sys_lwmutex warning: *** lwmutex created [SharedB] (attribute=0x11): sq_id = 54
HLE: W PPU[1] Thread (CPUThread)[0x00eca034]sys_lwmutex warning: *** lwmutex created [BrokenR] (attribute=0x11): sq_id = 55
HLE: W PPU[1] Thread (CPUThread)[0x00eca034]sys_lwmutex warning: *** lwmutex created [ResStat] (attribute=0x11): sq_id = 56
HLE: W PPU[1] Thread (CPUThread)[0x00eca034]sys_lwmutex warning: *** lwmutex created [ResCoun] (attribute=0x11): sq_id = 57
HLE: W PPU[1] Thread (CPUThread)[0x00eca034]sys_lwmutex warning: *** lwmutex created [ResReg] (attribute=0x11): sq_id = 58
HLE: W PPU[1] Thread (CPUThread)[0x00eca034]sys_lwmutex warning: *** lwmutex created [DepCach] (attribute=0x11): sq_id = 59
HLE: W PPU[1] Thread (CPUThread)[0x00eca034]sys_lwmutex warning: *** lwmutex created [initial] (attribute=0x11): sq_id = 60
HLE: W PPU[1] Thread (CPUThread)[0x00eca034]sys_lwmutex warning: *** lwmutex created [HTTP] (attribute=0x11): sq_id = 61
HLE: W PPU[1] Thread (CPUThread)[0x00eca034]sys_lwmutex warning: *** lwmutex created [Visit] (attribute=0x11): sq_id = 62
HLE: W PPU[1] Thread (CPUThread)[0x00eca034]sys_lwmutex warning: *** lwmutex created [FileDB] (attribute=0x11): sq_id = 63
TTY: LittleBigPlanet revision '2014.04.29.001' build date:Apr 29 2014time: 12:44:31
HLE: E PPU[1] Thread (CPUThread)[0x00efe004]TODO: Unknown func id: 0xb20f87b3
HLE: W PPU[1] Thread (CPUThread)[0x00010c08]memory warning: sys_memory_get_user_memory_size(mem_info_addr=0xd0010cb0)
HLE: W PPU[1] Thread (CPUThread)[0x00ef80a0]cellSysutil warning: cellSysutilRegisterCallback(slot=0, func_addr=0xd8e360, userdata=0x0)
HLE: W PPU[1] Thread (CPUThread)[0x00eca034]sys_lwmutex warning: *** lwmutex created [gcmcs] (attribute=0x11): sq_id = 64
PPU: ! PPU[1] Thread (CPUThread)[0x00eca01c]*** New PPU Thread [bringup] (flags=0x1, entry=0xd7e438): id = 65
HLE: W PPU[65] Thread (bringup)[0x00ed801c]cellSysmodule warning: cellSysmoduleIsLoaded(CELL_SYSMODULE_NET)
HLE: W PPU[65] Thread (bringup)[0x00ed8010]cellSysmodule warning: cellSysmoduleLoadModule(CELL_SYSMODULE_NET)
HLE: W PPU[65] Thread (bringup)[0x00ece004]sys_net warning: sys_net_initialize_network_ex(param_addr=0xd0020aa4)
HLE: E PPU[65] Thread (bringup)[0x00ed004c]cellNetCtl error: Unimplemented function: cellNetCtlInit
HLE: W PPU[65] Thread (bringup)[0x0003b7a8]memory warning: sys_memory_get_user_memory_size(mem_info_addr=0xd0020c18)
HLE: W PPU[65] Thread (bringup)[0x00ed801c]cellSysmodule warning: cellSysmoduleIsLoaded(CELL_SYSMODULE_LV2DBG)
HLE: W PPU[65] Thread (bringup)[0x00ed8010]cellSysmodule warning: cellSysmoduleLoadModule(CELL_SYSMODULE_LV2DBG)
HLE: W PPU[65] Thread (bringup)[0x00ed801c]cellSysmodule warning: cellSysmoduleIsLoaded(CELL_SYSMODULE_FS)
HLE: W PPU[65] Thread (bringup)[0x00ed8010]cellSysmodule warning: cellSysmoduleLoadModule(CELL_SYSMODULE_FS)
HLE: W PPU[65] Thread (bringup)[0x00ed801c]cellSysmodule warning: cellSysmoduleIsLoaded(CELL_SYSMODULE_SPURS)
HLE: W PPU[65] Thread (bringup)[0x00ed8010]cellSysmodule warning: cellSysmoduleLoadModule(CELL_SYSMODULE_SPURS)
HLE: W PPU[65] Thread (bringup)[0x00ed801c]cellSysmodule warning: cellSysmoduleIsLoaded(CELL_SYSMODULE_GCM_SYS)
HLE: W PPU[65] Thread (bringup)[0x00ed8010]cellSysmodule warning: cellSysmoduleLoadModule(CELL_SYSMODULE_GCM_SYS)
HLE: W PPU[65] Thread (bringup)[0x00ed801c]cellSysmodule warning: cellSysmoduleIsLoaded(CELL_SYSMODULE_NET)
HLE: W PPU[65] Thread (bringup)[0x00ed801c]cellSysmodule warning: cellSysmoduleIsLoaded(CELL_SYSMODULE_SYNC)
HLE: W PPU[65] Thread (bringup)[0x00ed8010]cellSysmodule warning: cellSysmoduleLoadModule(CELL_SYSMODULE_SYNC)
HLE: W PPU[65] Thread (bringup)[0x00ed801c]cellSysmodule warning: cellSysmoduleIsLoaded(CELL_SYSMODULE_IO)
HLE: W PPU[65] Thread (bringup)[0x00ed8010]cellSysmodule warning: cellSysmoduleLoadModule(CELL_SYSMODULE_IO)
HLE: W PPU[65] Thread (bringup)[0x00ed801c]cellSysmodule warning: cellSysmoduleIsLoaded(CELL_SYSMODULE_HTTP)
HLE: W PPU[65] Thread (bringup)[0x00ed8010]cellSysmodule warning: cellSysmoduleLoadModule(CELL_SYSMODULE_HTTP)
HLE: W PPU[65] Thread (bringup)[0x00ed801c]cellSysmodule warning: cellSysmoduleIsLoaded(CELL_SYSMODULE_HTTP_UTIL)
HLE: W PPU[65] Thread (bringup)[0x00ed8010]cellSysmodule warning: cellSysmoduleLoadModule(CELL_SYSMODULE_HTTP_UTIL)
HLE: W PPU[65] Thread (bringup)[0x00ed801c]cellSysmodule warning: cellSysmoduleIsLoaded(CELL_SYSMODULE_SSL)
HLE: W PPU[65] Thread (bringup)[0x00ed8010]cellSysmodule warning: cellSysmoduleLoadModule(CELL_SYSMODULE_SSL)
HLE: W PPU[65] Thread (bringup)[0x00ed801c]cellSysmodule warning: cellSysmoduleIsLoaded(CELL_SYSMODULE_RTC)
HLE: W PPU[65] Thread (bringup)[0x00ed8010]cellSysmodule warning: cellSysmoduleLoadModule(CELL_SYSMODULE_RTC)
HLE: W PPU[65] Thread (bringup)[0x00ed801c]cellSysmodule warning: cellSysmoduleIsLoaded(CELL_SYSMODULE_SYSUTIL_NP)
HLE: W PPU[65] Thread (bringup)[0x00ed8010]cellSysmodule warning: cellSysmoduleLoadModule(CELL_SYSMODULE_SYSUTIL_NP)
HLE: W PPU[65] Thread (bringup)[0x00ed801c]cellSysmodule warning: cellSysmoduleIsLoaded(CELL_SYSMODULE_SYSUTIL_NP2)
HLE: W PPU[65] Thread (bringup)[0x00ed8010]cellSysmodule warning: cellSysmoduleLoadModule(CELL_SYSMODULE_SYSUTIL_NP2)
HLE: W PPU[65] Thread (bringup)[0x00ed801c]cellSysmodule warning: cellSysmoduleIsLoaded((null))
HLE: E PPU[65] Thread (bringup)[0x00ece0c4]sys_net error: Unimplemented function: sys_net_free_thread_context
HLE: W PPU[1] Thread (CPUThread)[0x0002abe8]sysPrxForUser warning: sys_ppu_thread_join(thread_id=65, vptr_addr=0xd0010b70)
HLE: W PPU[1] Thread (CPUThread)[0x00eca0a0]sys_lwmutex warning: sys_lwmutex_destroy(lwmutex_addr=0x348c0440)
HLE: W PPU[1] Thread (CPUThread)[0x00ef8058]cellSysutil warning: cellMsgDialogOpenErrorCode(errorCode=0x8001002b, callback_addr=0xd8e358, userData=0, extParam=0)
