HLE: ! path: /dev_hdd0/game/
LDR: ! Loading 'D:\Emulateurs\Rpcs3\dev_hdd0\game\NPEA00279/USRDIR/BOOT.BIN'...
LDR: !  
LDR: ! Mount info:
LDR: ! /dev_hdd0/ -> D:\Emulateurs\Rpcs3/dev_hdd0/
LDR: ! /dev_hdd1/ -> D:\Emulateurs\Rpcs3/dev_hdd1/
LDR: ! /dev_flash/ -> D:\Emulateurs\Rpcs3/dev_flash/
LDR: ! /dev_usb000/ -> D:\Emulateurs\Rpcs3/dev_usb000/
LDR: ! /dev_usb/ -> D:\Emulateurs\Rpcs3/dev_usb000/
LDR: ! /app_home/ -> D:\Emulateurs\Rpcs3\dev_hdd0\game\NPEA00279/
LDR: ! /dev_bdvd/ -> D:\Emulateurs\Rpcs3\dev_hdd0\game\NPEA00279//../
LDR: ! /host_root/ -> 
LDR: ! / -> D:\Emulateurs\Rpcs3\dev_hdd0\game\NPEA00279//USRDIR/
LDR: ! /app_home/PS3_GAME/USRDIR/ -> D:\Emulateurs\Rpcs3\dev_hdd0\game\NPEA00279//USRDIR/
LDR: ! /dev_flash2/ -> D:\Emulateurs\Rpcs3/dev_flash2/
LDR: ! /app_home/Game/PS3_GAME/USRDIR/ -> D:\Emulateurs\Rpcs3\dev_hdd0\game\NPEA00279//USRDIR/
LDR: !  
MEM: ! Initing memory...
MEM: ! Memory initialized.
LDR: W Unimplemented function '_cellFiberPpuContextAttributeInitialize' in 'cellFiber' module
LDR: W Unimplemented function 'cellFiberPpuContextInitialize' in 'cellFiber' module
LDR: W Unimplemented function 'cellFiberPpuContextRun' in 'cellFiber' module
LDR: W Unimplemented function 'cellFiberPpuContextFinalize' in 'cellFiber' module
LDR: W Unimplemented function 'cellFiberPpuContextSwitch' in 'cellFiber' module
LDR: W Unimplemented function '_cellFiberPpuInitialize' in 'cellFiber' module
LDR: W Unimplemented function 'cellFsAioCancel' in 'sys_fs' module
LDR: W Unimplemented function 'cellFsSdataOpenByFd' in 'sys_fs' module
LDR: W Unimplemented function 'cellFsFsync' in 'sys_fs' module
LDR: W Unimplemented function 'cellSpursBarrierInitialize' in 'cellSpurs' module
LDR: W Unimplemented function 'cellSyncLFQueueSize' in 'cellSync' module
LDR: W Unknown module 'cellSysutilAvconfExt'
LDR: W Unimplemented function 'sys_prx_load_module_on_memcontainer_by_fd' in 'sysPrxForUser' module
LDR: W Unimplemented function '_sys_spu_printf_finalize' in 'sysPrxForUser' module
LDR: W Unimplemented function 'sys_prx_load_module_by_fd' in 'sysPrxForUser' module
HLE: W PPU[1] Thread (CPUThread)[0x013f3058]sys_lwmutex warning: *** lwmutex created [_lc_mtx] (attribute=0x12): sq_id = 3
HLE: W PPU[1] Thread (CPUThread)[0x0031c748]memory warning: sys_memory_get_user_memory_size(mem_info_addr=0xd0010c04)
HLE: W PPU[1] Thread (CPUThread)[0x013f3058]sys_lwmutex warning: *** lwmutex created [_lc_mtx] (attribute=0x12): sq_id = 4
HLE: W PPU[1] Thread (CPUThread)[0x013f3058]sys_lwmutex warning: *** lwmutex created [_lc_mtx] (attribute=0x12): sq_id = 5
HLE: W PPU[1] Thread (CPUThread)[0x013f3058]sys_lwmutex warning: *** lwmutex created [_lc_mtx] (attribute=0x12): sq_id = 6
HLE: W PPU[1] Thread (CPUThread)[0x013f3058]sys_lwmutex warning: *** lwmutex created [_lc_mtx] (attribute=0x12): sq_id = 7
HLE: W PPU[1] Thread (CPUThread)[0x013f3058]sys_lwmutex warning: *** lwmutex created [_lc_mtx] (attribute=0x12): sq_id = 8
HLE: W PPU[1] Thread (CPUThread)[0x013f3058]sys_lwmutex warning: *** lwmutex created [_lc_mtx] (attribute=0x12): sq_id = 9
HLE: W PPU[1] Thread (CPUThread)[0x013f3058]sys_lwmutex warning: *** lwmutex created [_lc_mtx] (attribute=0x12): sq_id = 10
HLE: W PPU[1] Thread (CPUThread)[0x013f3058]sys_lwmutex warning: *** lwmutex created [_lc_mtx] (attribute=0x12): sq_id = 11
HLE: W PPU[1] Thread (CPUThread)[0x013f3058]sys_lwmutex warning: *** lwmutex created [_lc_mtx] (attribute=0x12): sq_id = 12
HLE: W PPU[1] Thread (CPUThread)[0x013f3058]sys_lwmutex warning: *** lwmutex created [_lc_mtx] (attribute=0x12): sq_id = 13
HLE: W PPU[1] Thread (CPUThread)[0x013f3058]sys_lwmutex warning: *** lwmutex created [_lc_mtx] (attribute=0x12): sq_id = 14
HLE: W PPU[1] Thread (CPUThread)[0x013f3058]sys_lwmutex warning: *** lwmutex created [_lc_mtx] (attribute=0x12): sq_id = 15
HLE: W PPU[1] Thread (CPUThread)[0x013f3058]sys_lwmutex warning: *** lwmutex created [_lc_mtx] (attribute=0x12): sq_id = 16
HLE: W PPU[1] Thread (CPUThread)[0x013f3058]sys_lwmutex warning: *** lwmutex created [_lc_mtx] (attribute=0x12): sq_id = 17
HLE: W PPU[1] Thread (CPUThread)[0x013f3058]sys_lwmutex warning: *** lwmutex created [_lc_mtx] (attribute=0x12): sq_id = 18
HLE: W PPU[1] Thread (CPUThread)[0x013f3058]sys_lwmutex warning: *** lwmutex created [_lc_mtx] (attribute=0x12): sq_id = 19
HLE: W PPU[1] Thread (CPUThread)[0x013f3058]sys_lwmutex warning: *** lwmutex created [_lc_mtx] (attribute=0x12): sq_id = 20
HLE: W PPU[1] Thread (CPUThread)[0x013f3058]sys_lwmutex warning: *** lwmutex created [_lc_mtx] (attribute=0x12): sq_id = 21
HLE: W PPU[1] Thread (CPUThread)[0x013f3058]sys_lwmutex warning: *** lwmutex created [_lc_mtx] (attribute=0x12): sq_id = 22
HLE: W PPU[1] Thread (CPUThread)[0x013f3058]sys_lwmutex warning: *** lwmutex created [_lc_mtx] (attribute=0x12): sq_id = 23
HLE: W PPU[1] Thread (CPUThread)[0x013f3058]sys_lwmutex warning: *** lwmutex created [_lc_mtx] (attribute=0x12): sq_id = 24
HLE: W PPU[1] Thread (CPUThread)[0x0030bb30]cellSysutil warning: cellSysutilGetSystemParamInt: CELL_SYSUTIL_SYSTEMPARAM_ID_TIMEZONE
HLE: W PPU[1] Thread (CPUThread)[0x0030bb30]cellSysutil warning: cellSysutilGetSystemParamInt: CELL_SYSUTIL_SYSTEMPARAM_ID_SUMMERTIME
HLE: W PPU[1] Thread (CPUThread)[0x00312ed4]cellSysutil warning: cellSysutilGetSystemParamInt: CELL_SYSUTIL_SYSTEMPARAM_ID_TIMEZONE
HLE: W PPU[1] Thread (CPUThread)[0x00312ed4]cellSysutil warning: cellSysutilGetSystemParamInt: CELL_SYSUTIL_SYSTEMPARAM_ID_SUMMERTIME
HLE: W PPU[1] Thread (CPUThread)[0x0030d5a0]cellSysutil warning: cellSysutilGetSystemParamInt: CELL_SYSUTIL_SYSTEMPARAM_ID_TIMEZONE
HLE: W PPU[1] Thread (CPUThread)[0x0030d5a0]cellSysutil warning: cellSysutilGetSystemParamInt: CELL_SYSUTIL_SYSTEMPARAM_ID_SUMMERTIME
HLE: W PPU[1] Thread (CPUThread)[0x00312ed4]cellSysutil warning: cellSysutilGetSystemParamInt: CELL_SYSUTIL_SYSTEMPARAM_ID_TIMEZONE
HLE: W PPU[1] Thread (CPUThread)[0x00312ed4]cellSysutil warning: cellSysutilGetSystemParamInt: CELL_SYSUTIL_SYSTEMPARAM_ID_SUMMERTIME
HLE: W PPU[1] Thread (CPUThread)[0x0030bad4]cellSysutil warning: cellSysutilGetSystemParamInt: CELL_SYSUTIL_SYSTEMPARAM_ID_TIMEZONE
HLE: W PPU[1] Thread (CPUThread)[0x0030bad4]cellSysutil warning: cellSysutilGetSystemParamInt: CELL_SYSUTIL_SYSTEMPARAM_ID_SUMMERTIME
HLE: W PPU[1] Thread (CPUThread)[0x0030d5a0]cellSysutil warning: cellSysutilGetSystemParamInt: CELL_SYSUTIL_SYSTEMPARAM_ID_TIMEZONE
HLE: W PPU[1] Thread (CPUThread)[0x0030d5a0]cellSysutil warning: cellSysutilGetSystemParamInt: CELL_SYSUTIL_SYSTEMPARAM_ID_SUMMERTIME
HLE: W PPU[1] Thread (CPUThread)[0x013f3058]sys_lwmutex warning: *** lwmutex created [ps3HDDL] (attribute=0x12): sq_id = 25
HLE: W PPU[1] Thread (CPUThread)[0x013e3070]cellSysutil warning: cellSysutilRegisterCallback(slot=0, func_addr=0x4c8730, userdata=0x0)
HLE: W PPU[1] Thread (CPUThread)[0x004ae010]cellSysmodule warning: cellSysmoduleLoadModule(CELL_SYSMODULE_FIBER)
HLE: W PPU[1] Thread (CPUThread)[0x004ae010]cellSysmodule warning: cellSysmoduleLoadModule(CELL_SYSMODULE_AUDIO)
HLE: W PPU[1] Thread (CPUThread)[0x004ae010]cellSysmodule warning: cellSysmoduleLoadModule(CELL_SYSMODULE_FS)
HLE: W PPU[1] Thread (CPUThread)[0x004ae010]cellSysmodule warning: cellSysmoduleLoadModule(CELL_SYSMODULE_SPURS)
HLE: W PPU[1] Thread (CPUThread)[0x004ae010]cellSysmodule warning: cellSysmoduleLoadModule(CELL_SYSMODULE_GCM_SYS)
HLE: W PPU[1] Thread (CPUThread)[0x004ae010]cellSysmodule warning: cellSysmoduleLoadModule(CELL_SYSMODULE_IO)
HLE: W PPU[1] Thread (CPUThread)[0x004ae010]cellSysmodule warning: cellSysmoduleLoadModule(CELL_SYSMODULE_RTC)
HLE: W PPU[1] Thread (CPUThread)[0x004ae010]cellSysmodule warning: cellSysmoduleLoadModule(CELL_SYSMODULE_SYSUTIL_NP)
HLE: W PPU[1] Thread (CPUThread)[0x004ae010]cellSysmodule warning: cellSysmoduleLoadModule(CELL_SYSMODULE_SYSUTIL_NP_TROPHY)
HLE: W PPU[1] Thread (CPUThread)[0x004ae010]cellSysmodule warning: cellSysmoduleLoadModule(CELL_SYSMODULE_VDEC_MPEG2)
HLE: W PPU[1] Thread (CPUThread)[0x004ae010]cellSysmodule warning: cellSysmoduleLoadModule(CELL_SYSMODULE_AVCONF_EXT)
HLE: W PPU[1] Thread (CPUThread)[0x000fd7c0]memory warning: sys_memory_container_create(cid_addr=0x30100e30, yield_size=0x100000)
HLE: W PPU[1] Thread (CPUThread)[0x000fd7c0]memory warning: *** memory_container created(addr=0x30200000): id = 26
HLE: W PPU[1] Thread (CPUThread)[0x004ae010]cellSysmodule warning: cellSysmoduleLoadModule(CELL_SYSMODULE_SYSUTIL_GAME)
HLE: W PPU[1] Thread (CPUThread)[0x013eb028]cellGame warning: cellGameBootCheck(type_addr=0xd00108f0, attributes_addr=0xd00108f4, size_addr=0xd00108f8, dirName_addr=0xd0010908)
HLE: W PPU[1] Thread (CPUThread)[0x013eb004]cellGame warning: cellGameGetParamString(id=100, buf_addr=0xd0010908, bufsize=10)
TTY: Title Id NPEA00279
HLE: W PPU[1] Thread (CPUThread)[0x013eb010]cellGame warning: cellGameContentPermit(contentInfoPath_addr=0xd0010908, usrdirPath_addr=0x53fb20)
HLE: W PPU[1] Thread (CPUThread)[0x004ae004]cellSysmodule warning: cellSysmoduleUnloadModule(CELL_SYSMODULE_SYSUTIL_GAME)
HLE: W PPU[1] Thread (CPUThread)[0x013e3028]cellSysutil warning: cellSysutilGetSystemParamInt: CELL_SYSUTIL_SYSTEMPARAM_ID_LANG
HLE: W PPU[1] Thread (CPUThread)[0x000aaa28]sys_event warning: sys_event_port_create(eport_id_addr=0xa85844, port_type=0x1, name=0x0)
HLE: W PPU[1] Thread (CPUThread)[0x000aaa28]sys_event warning: *** sys_event_port created: id = 27
HLE: W PPU[1] Thread (CPUThread)[0x000aaa54]sys_event warning: sys_event_queue_create(equeue_id_addr=0xa85848, attr_addr=0xd00109b0, event_queue_key=0x0, size=32)
HLE: W PPU[1] Thread (CPUThread)[0x000aaa54]sys_event warning: *** event_queue created [] (protocol=0x1, type=0x1): id = 28
HLE: W PPU[1] Thread (CPUThread)[0x000aaa64]sys_event warning: sys_event_port_connect_local(eport_id=27, equeue_id=28)
PPU: ! PPU[1] Thread (CPUThread)[0x013f3028]*** New PPU Thread [BPETrophyInitThread] (flags=0x1, entry=0x4c6d58): id = 29
HLE: W PPU[29] Thread (BPETrophyInitThread)[0x004ae010]cellSysmodule warning: cellSysmoduleLoadModule(CELL_SYSMODULE_SYSUTIL_NP_TROPHY)
HLE: W PPU[29] Thread (BPETrophyInitThread)[0x013e9064]sceNpTrophy warning: sceNpTrophyCreateContext(context_addr=0xa85858, commID_addr=0x3c1ea0, commSign_addr=0x3c1eac, options=0x0)
HLE: W PPU[1] Thread (CPUThread)[0x000fba94]sys_spu warning: sys_spu_initialize(max_usable_spu=6, max_raw_spu=0)
HLE: W PPU[1] Thread (CPUThread)[0x013f30d0]sysPrxForUser warning: sys_ppu_thread_once(once_ctrl_addr=0xcc5d2c, entry=0x4d66f0)
HLE: W PPU[30] Thread (CPUThread)[0x013f3058]sys_lwmutex warning: *** lwmutex created [_lc_spf] (attribute=0x22): sq_id = 31
HLE: W PPU[1] Thread (CPUThread)[0x004aa0dc]cellSpurs warning: _cellSpursAttributeInitialize(attr_addr=0xd0010830, nSpus=2, spuPriority=3342336, ppuPriority=5, exitIfNoWork=251)
HLE: W PPU[1] Thread (CPUThread)[0x004aa100]cellSpurs warning: cellSpursAttributeSetSpuThreadGroupType(attr_addr=0xd0010830, type=24)
HLE: W PPU[1] Thread (CPUThread)[0x004aa010]cellSpurs warning: cellSpursAttributeSetNamePrefix(attr_addr=0xd0010830, prefix_addr=0xd0010820, size=0x8)
HLE: E PPU[1] Thread (CPUThread)[0x004aa01c]cellSpurs error: cellSpursAttributeEnableSpuPrintfIfAvailable(attr_addr=0xd0010830)
HLE: W PPU[1] Thread (CPUThread)[0x004aa10c]cellSpurs warning: cellSpursInitializeWithAttribute(spurs_addr=0x30130f00, spurs_addr=0xd0010830)
HLE: W PPU[1] Thread (CPUThread)[0x004aa0dc]cellSpurs warning: _cellSpursAttributeInitialize(attr_addr=0xd0010830, nSpus=2, spuPriority=3342336, ppuPriority=1, exitIfNoWork=250)
HLE: W PPU[1] Thread (CPUThread)[0x004aa010]cellSpurs warning: cellSpursAttributeSetNamePrefix(attr_addr=0xd0010830, prefix_addr=0xd0010820, size=0xa)
HLE: E PPU[1] Thread (CPUThread)[0x004aa01c]cellSpurs error: cellSpursAttributeEnableSpuPrintfIfAvailable(attr_addr=0xd0010830)
HLE: W PPU[1] Thread (CPUThread)[0x004aa10c]cellSpurs warning: cellSpursInitializeWithAttribute(spurs_addr=0x30131f80, spurs_addr=0xd0010830)
HLE: W PPU[29] Thread (BPETrophyInitThread)[0x013e9010]sceNpTrophy warning: sceNpTrophyCreateHandle(handle_addr=0xa8585c)
HLE: W PPU[29] Thread (BPETrophyInitThread)[0x013e901c]sceNpTrophy warning: sceNpTrophyGetRequiredDiskSpace(context=0, handle=0, reqspace_addr=0xa85838, options=0x0)
TTY: RootFileSystemPath: /dev_hdd0/game/NPEA00279/USRDIR/ICO/
HLE: W PPU[1] Thread (CPUThread)[0x004a604c]sys_fs warning: cellFsAioInit(mount_point_addr=0x53fba8 (/dev_hdd0/game/NPEA00279/USRDIR/ICO/))
PPU: ! PPU[29] Thread (BPETrophyInitThread)[0x013f3028]*** New PPU Thread [AUTO_LOAD] (flags=0x0, entry=0x4c6ad8): id = 32
HLE: W PPU[32] Thread (AUTO_LOAD)[0x013e30ac]cellSysutil warning: cellSaveDataAutoLoad2(version=0, dirName_addr=0xa79bd4, errDialog=0, setBuf=0xd0040da0, funcList=0x4c6af0, funcStat=0x4c6a98, funcFile=0xffffffff, container=10984376, userdata_addr=0x4c668f70)
HLE: E PPU[1] Thread (CPUThread)[0x004aa130]cellSpurs error: Unimplemented function: _cellSpursTasksetAttribute2Initialize
HLE: E PPU[1] Thread (CPUThread)[0x004aa064]cellSpurs error: Unimplemented function: cellSpursCreateTaskset2
HLE: E PPU[1] Thread (CPUThread)[0x004aa004]cellSpurs error: Unimplemented function: _cellSpursLFQueueInitialize
HLE: E PPU[1] Thread (CPUThread)[0x004aa034]cellSpurs error: Unimplemented function: cellSpursLFQueueAttachLv2EventQueue
HLE: E PPU[1] Thread (CPUThread)[0x004aa0c4]cellSpurs error: Unimplemented function: _cellSpursTaskAttribute2Initialize
HLE: E PPU[1] Thread (CPUThread)[0x004aa154]cellSpurs error: Unimplemented function: cellSpursCreateTask2
HLE: W PPU[32] Thread (AUTO_LOAD)[0x013e30ac]cellSaveDataAutoLoad2: Couldn't find save entry (BCES01097_ICO)
HLE: W PPU[1] Thread (CPUThread)[0x013ed0c4]cellGcmSys warning: cellGcmInit(context_addr=0xc88948,cmdSize=0x200000,ioSize=0x1c00000,ioAddress=0x30400000)
HLE: W PPU[29] Thread (BPETrophyInitThread)[0x013e9004]sceNpTrophy warning: sceNpTrophyRegisterContext(context=0, handle=0, statusCb_addr=0x4c6d20, arg_addr=0x0, options=0x0)
HLE: W PPU[29] Thread (BPETrophyInitThread)[0x013e9004]vfsLocalFile::Create('D:\Emulateurs\Rpcs3\dev_hdd0\home\00000001\trophy\NPWR01504_00\TROPCONF.SFM')
HLE: W PPU[29] Thread (BPETrophyInitThread)[0x013e9004]vfsLocalFile::Create('D:\Emulateurs\Rpcs3\dev_hdd0\home\00000001\trophy\NPWR01504_00\ICON0.PNG')
HLE: W PPU[29] Thread (BPETrophyInitThread)[0x013e9004]vfsLocalFile::Create('D:\Emulateurs\Rpcs3\dev_hdd0\home\00000001\trophy\NPWR01504_00\ICON0_00.PNG')
HLE: W PPU[29] Thread (BPETrophyInitThread)[0x013e9004]vfsLocalFile::Create('D:\Emulateurs\Rpcs3\dev_hdd0\home\00000001\trophy\NPWR01504_00\TROP000.PNG')
HLE: W PPU[29] Thread (BPETrophyInitThread)[0x013e9004]vfsLocalFile::Create('D:\Emulateurs\Rpcs3\dev_hdd0\home\00000001\trophy\NPWR01504_00\TROP001.PNG')
HLE: W PPU[29] Thread (BPETrophyInitThread)[0x013e9004]vfsLocalFile::Create('D:\Emulateurs\Rpcs3\dev_hdd0\home\00000001\trophy\NPWR01504_00\TROP002.PNG')
HLE: W PPU[29] Thread (BPETrophyInitThread)[0x013e9004]vfsLocalFile::Create('D:\Emulateurs\Rpcs3\dev_hdd0\home\00000001\trophy\NPWR01504_00\TROP003.PNG')
HLE: W PPU[29] Thread (BPETrophyInitThread)[0x013e9004]vfsLocalFile::Create('D:\Emulateurs\Rpcs3\dev_hdd0\home\00000001\trophy\NPWR01504_00\TROP004.PNG')
HLE: W PPU[29] Thread (BPETrophyInitThread)[0x013e9004]vfsLocalFile::Create('D:\Emulateurs\Rpcs3\dev_hdd0\home\00000001\trophy\NPWR01504_00\TROP005.PNG')
HLE: W PPU[29] Thread (BPETrophyInitThread)[0x013e9004]vfsLocalFile::Create('D:\Emulateurs\Rpcs3\dev_hdd0\home\00000001\trophy\NPWR01504_00\TROP006.PNG')
HLE: W PPU[29] Thread (BPETrophyInitThread)[0x013e9004]vfsLocalFile::Create('D:\Emulateurs\Rpcs3\dev_hdd0\home\00000001\trophy\NPWR01504_00\TROP007.PNG')
HLE: W PPU[29] Thread (BPETrophyInitThread)[0x013e9004]vfsLocalFile::Create('D:\Emulateurs\Rpcs3\dev_hdd0\home\00000001\trophy\NPWR01504_00\TROP008.PNG')
HLE: W PPU[29] Thread (BPETrophyInitThread)[0x013e9004]vfsLocalFile::Create('D:\Emulateurs\Rpcs3\dev_hdd0\home\00000001\trophy\NPWR01504_00\TROP009.PNG')
HLE: W PPU[29] Thread (BPETrophyInitThread)[0x013e9004]vfsLocalFile::Create('D:\Emulateurs\Rpcs3\dev_hdd0\home\00000001\trophy\NPWR01504_00\TROP010.PNG')
HLE: W PPU[29] Thread (BPETrophyInitThread)[0x013e9004]vfsLocalFile::Create('D:\Emulateurs\Rpcs3\dev_hdd0\home\00000001\trophy\NPWR01504_00\TROP011.PNG')
HLE: W PPU[29] Thread (BPETrophyInitThread)[0x013e9004]vfsLocalFile::Create('D:\Emulateurs\Rpcs3\dev_hdd0\home\00000001\trophy\NPWR01504_00\TROP012.PNG')
HLE: W PPU[29] Thread (BPETrophyInitThread)[0x013e9004]vfsLocalFile::Create('D:\Emulateurs\Rpcs3\dev_hdd0\home\00000001\trophy\NPWR01504_00\TROP013.PNG')
HLE: W PPU[29] Thread (BPETrophyInitThread)[0x013e9004]vfsLocalFile::Create('D:\Emulateurs\Rpcs3\dev_hdd0\home\00000001\trophy\NPWR01504_00\TROP014.PNG')
HLE: W PPU[29] Thread (BPETrophyInitThread)[0x013e9004]vfsLocalFile::Create('D:\Emulateurs\Rpcs3\dev_hdd0\home\00000001\trophy\NPWR01504_00\TROP015.PNG')
HLE: W PPU[1] Thread (CPUThread)[0x013ed0c4]cellGcmSys warning: *** local memory(addr=0xc0000000, size=0xf900000)
HLE: W PPU[1] Thread (CPUThread)[0x013ed0c4]cellGcmSys warning: cellGcmInit(): 256MB io address space used
HLE: W PPU[1] Thread (CPUThread)[0x013ed0c4]cellGcmSys warning: cellGcmMapEaIoAddress(ea=0x30400000, io=0x0, size=0x1c00000)
RSX: ! RSXThreadRSX thread started
HLE: W PPU[1] Thread (CPUThread)[0x013f3058]sys_lwmutex warning: *** lwmutex created [] (attribute=0x12): sq_id = 33
HLE: W PPU[1] Thread (CPUThread)[0x013ed058]cellGcmSys warning: cellGcmSetFlipHandler(handler_addr=5026656)
HLE: W PPU[1] Thread (CPUThread)[0x013ed07c]cellGcmSys warning: cellGcmSetVBlankHandler(handler_addr=0x4cb3a0)
HLE: W PPU[1] Thread (CPUThread)[0x013ed040]cellGcmSys warning: cellGcmSetFlipMode(mode=1)
TTY: gfxInitGraphics::GCM Initialized, Host Pool Size: 27261952 Local Pool Size: 261095424
HLE: W PPU[1] Thread (CPUThread)[0x013ed004]cellGcmSys warning: cellGcmGetTiledPitchSize(size=5120)
TTY: videoConfig.resolutionId: 2
TTY: videoConfig.format:       0
TTY: videoConfig.pitch:        5120
TTY: videoConfig.aspect:       0
HLE: W PPU[1] Thread (CPUThread)[0x013e3004]cellSysutil warning: cellVideoOutConfigure(videoOut=0, config_addr=0xd0010a10, option_addr=0x0, waitForEvent=0x0)
TTY: CellVideoOutState: refresh rate flags 0x2
TTY: Screen Width: 1280 Screen Height: 720 Framebuffer Width: 1216 Framebuffer Height: 688 Refresh rate: 50.000000 Stereo3D: 0
HLE: W PPU[1] Thread (CPUThread)[0x013ed004]cellGcmSys warning: cellGcmGetTiledPitchSize(size=5120)
HLE: W PPU[1] Thread (CPUThread)[0x013ed094]cellGcmSys warning: cellGcmSetTileInfo(index=0, location=0, offset=786432, size=3932160, pitch=5120, comp=0, base=0, bank=0)
HLE: W PPU[1] Thread (CPUThread)[0x013ed034]cellGcmSys warning: cellGcmBindTile(index=0)
HLE: W PPU[1] Thread (CPUThread)[0x013ed004]cellGcmSys warning: cellGcmGetTiledPitchSize(size=5120)
HLE: W PPU[1] Thread (CPUThread)[0x013ed094]cellGcmSys warning: cellGcmSetTileInfo(index=1, location=0, offset=4718592, size=3932160, pitch=5120, comp=0, base=0, bank=0)
HLE: W PPU[1] Thread (CPUThread)[0x013ed034]cellGcmSys warning: cellGcmBindTile(index=1)
HLE: W PPU[1] Thread (CPUThread)[0x013ed004]cellGcmSys warning: cellGcmGetTiledPitchSize(size=5120)
HLE: W PPU[1] Thread (CPUThread)[0x013ed094]cellGcmSys warning: cellGcmSetTileInfo(index=2, location=0, offset=8650752, size=3932160, pitch=5120, comp=0, base=0, bank=0)
HLE: W PPU[1] Thread (CPUThread)[0x013ed034]cellGcmSys warning: cellGcmBindTile(index=2)
HLE: W PPU[1] Thread (CPUThread)[0x013ed004]cellGcmSys warning: cellGcmGetTiledPitchSize(size=4864)
HLE: W PPU[1] Thread (CPUThread)[0x013ed094]cellGcmSys warning: cellGcmSetTileInfo(index=3, location=0, offset=12582912, size=3473408, pitch=4864, comp=0, base=0, bank=0)
HLE: W PPU[1] Thread (CPUThread)[0x013ed034]cellGcmSys warning: cellGcmBindTile(index=3)
HLE: W PPU[1] Thread (CPUThread)[0x013ed004]cellGcmSys warning: cellGcmGetTiledPitchSize(size=4864)
HLE: W PPU[1] Thread (CPUThread)[0x013ed04c]cellGcmSys warning: cellGcmBindZcull(index=0)
HLE: W PPU[1] Thread (CPUThread)[0x013ed094]cellGcmSys warning: cellGcmSetTileInfo(index=4, location=0, offset=16056320, size=3473408, pitch=4864, comp=9, base=0, bank=3)
HLE: E PPU[1] Thread (CPUThread)[0x013ed094]cellGcmSys error: cellGcmSetTileInfo: bad compression mode! (9)
HLE: W PPU[1] Thread (CPUThread)[0x013ed034]cellGcmSys warning: cellGcmBindTile(index=4)
HLE: W PPU[1] Thread (CPUThread)[0x013ed010]cellGcmSys warning: cellGcmSetUserHandler(handler_addr=0x4c4990)
HLE: E PPU[1] Thread (CPUThread)[0x004aa028]cellSpurs error: Unimplemented function: _cellSpursTasksetAttributeInitialize
HLE: E PPU[1] Thread (CPUThread)[0x004aa088]cellSpurs error: Unimplemented function: cellSpursTasksetAttributeSetName
HLE: E PPU[1] Thread (CPUThread)[0x004aa124]cellSpurs error: Unimplemented function: cellSpursCreateTasksetWithAttribute
HLE: E PPU[1] Thread (CPUThread)[0x004aa0a0]TODO: cellSpursBarrierInitialize
HLE: E PPU[1] Thread (CPUThread)[0x004aa0d0]cellSpurs error: Unimplemented function: cellSpursTaskGetContextSaveAreaSize
HLE: E PPU[1] Thread (CPUThread)[0x004aa118]cellSpurs error: Unimplemented function: cellSpursTaskAttributeInitialize
HLE: E PPU[1] Thread (CPUThread)[0x004aa040]cellSpurs error: Unimplemented function: cellSpursCreateTaskWithAttribute
HLE: E PPU[1] Thread (CPUThread)[0x004aa0d0]cellSpurs error: Unimplemented function: cellSpursTaskGetContextSaveAreaSize
HLE: E PPU[1] Thread (CPUThread)[0x004aa118]cellSpurs error: Unimplemented function: cellSpursTaskAttributeInitialize
HLE: E PPU[1] Thread (CPUThread)[0x004aa040]cellSpurs error: Unimplemented function: cellSpursCreateTaskWithAttribute
HLE: E PPU[1] Thread (CPUThread)[0x004aa0d0]cellSpurs error: Unimplemented function: cellSpursTaskGetContextSaveAreaSize
HLE: E PPU[1] Thread (CPUThread)[0x004aa118]cellSpurs error: Unimplemented function: cellSpursTaskAttributeInitialize
HLE: E PPU[1] Thread (CPUThread)[0x004aa040]cellSpurs error: Unimplemented function: cellSpursCreateTaskWithAttribute
HLE: E PPU[1] Thread (CPUThread)[0x004aa0d0]cellSpurs error: Unimplemented function: cellSpursTaskGetContextSaveAreaSize
HLE: E PPU[1] Thread (CPUThread)[0x004aa118]cellSpurs error: Unimplemented function: cellSpursTaskAttributeInitialize
HLE: E PPU[1] Thread (CPUThread)[0x004aa040]cellSpurs error: Unimplemented function: cellSpursCreateTaskWithAttribute
HLE: E PPU[1] Thread (CPUThread)[0x004aa0d0]cellSpurs error: Unimplemented function: cellSpursTaskGetContextSaveAreaSize
HLE: E PPU[1] Thread (CPUThread)[0x004aa118]cellSpurs error: Unimplemented function: cellSpursTaskAttributeInitialize
HLE: E PPU[1] Thread (CPUThread)[0x004aa040]cellSpurs error: Unimplemented function: cellSpursCreateTaskWithAttribute
HLE: E PPU[1] Thread (CPUThread)[0x004aa028]cellSpurs error: Unimplemented function: _cellSpursTasksetAttributeInitialize
HLE: E PPU[1] Thread (CPUThread)[0x004aa088]cellSpurs error: Unimplemented function: cellSpursTasksetAttributeSetName
HLE: E PPU[1] Thread (CPUThread)[0x004aa124]cellSpurs error: Unimplemented function: cellSpursCreateTasksetWithAttribute
HLE: E PPU[1] Thread (CPUThread)[0x004aa0a0]TODO: cellSpursBarrierInitialize
HLE: E PPU[1] Thread (CPUThread)[0x004aa0d0]cellSpurs error: Unimplemented function: cellSpursTaskGetContextSaveAreaSize
HLE: E PPU[1] Thread (CPUThread)[0x004aa118]cellSpurs error: Unimplemented function: cellSpursTaskAttributeInitialize
HLE: E PPU[1] Thread (CPUThread)[0x004aa040]cellSpurs error: Unimplemented function: cellSpursCreateTaskWithAttribute
HLE: E PPU[1] Thread (CPUThread)[0x004aa0d0]cellSpurs error: Unimplemented function: cellSpursTaskGetContextSaveAreaSize
HLE: E PPU[1] Thread (CPUThread)[0x004aa118]cellSpurs error: Unimplemented function: cellSpursTaskAttributeInitialize
HLE: E PPU[1] Thread (CPUThread)[0x004aa040]cellSpurs error: Unimplemented function: cellSpursCreateTaskWithAttribute
HLE: E PPU[1] Thread (CPUThread)[0x004aa0d0]cellSpurs error: Unimplemented function: cellSpursTaskGetContextSaveAreaSize
HLE: E PPU[1] Thread (CPUThread)[0x004aa118]cellSpurs error: Unimplemented function: cellSpursTaskAttributeInitialize
HLE: E PPU[1] Thread (CPUThread)[0x004aa040]cellSpurs error: Unimplemented function: cellSpursCreateTaskWithAttribute
HLE: E PPU[1] Thread (CPUThread)[0x004aa0d0]cellSpurs error: Unimplemented function: cellSpursTaskGetContextSaveAreaSize
HLE: E PPU[1] Thread (CPUThread)[0x004aa118]cellSpurs error: Unimplemented function: cellSpursTaskAttributeInitialize
HLE: E PPU[1] Thread (CPUThread)[0x004aa040]cellSpurs error: Unimplemented function: cellSpursCreateTaskWithAttribute
HLE: E PPU[1] Thread (CPUThread)[0x004aa0d0]cellSpurs error: Unimplemented function: cellSpursTaskGetContextSaveAreaSize
HLE: E PPU[1] Thread (CPUThread)[0x004aa118]cellSpurs error: Unimplemented function: cellSpursTaskAttributeInitialize
HLE: E PPU[1] Thread (CPUThread)[0x004aa040]cellSpurs error: Unimplemented function: cellSpursCreateTaskWithAttribute
HLE: W PPU[1] Thread (CPUThread)[0x013ed004]cellGcmSys warning: cellGcmGetTiledPitchSize(size=2432)
HLE: W PPU[1] Thread (CPUThread)[0x013ed094]cellGcmSys warning: cellGcmSetTileInfo(index=5, location=0, offset=19529728, size=983040, pitch=2432, comp=9, base=0, bank=3)
HLE: E PPU[1] Thread (CPUThread)[0x013ed094]cellGcmSys error: cellGcmSetTileInfo: bad compression mode! (9)
HLE: W PPU[1] Thread (CPUThread)[0x013ed034]cellGcmSys warning: cellGcmBindTile(index=5)
HLE: W PPU[1] Thread (CPUThread)[0x013ed004]cellGcmSys warning: cellGcmGetTiledPitchSize(size=4864)
HLE: W PPU[1] Thread (CPUThread)[0x013ed094]cellGcmSys warning: cellGcmSetTileInfo(index=6, location=0, offset=20774912, size=3473408, pitch=4864, comp=0, base=0, bank=0)
HLE: W PPU[1] Thread (CPUThread)[0x013ed034]cellGcmSys warning: cellGcmBindTile(index=6)
HLE: W PPU[1] Thread (CPUThread)[0x013ed004]cellGcmSys warning: cellGcmGetTiledPitchSize(size=4864)
HLE: W PPU[1] Thread (CPUThread)[0x013ed094]cellGcmSys warning: cellGcmSetTileInfo(index=7, location=0, offset=24248320, size=3473408, pitch=4864, comp=0, base=0, bank=0)
HLE: W PPU[1] Thread (CPUThread)[0x013ed034]cellGcmSys warning: cellGcmBindTile(index=7)
HLE: W PPU[1] Thread (CPUThread)[0x013ed004]cellGcmSys warning: cellGcmGetTiledPitchSize(size=4864)
HLE: W PPU[1] Thread (CPUThread)[0x013ed094]cellGcmSys warning: cellGcmSetTileInfo(index=8, location=0, offset=27721728, size=3473408, pitch=4864, comp=0, base=0, bank=0)
HLE: W PPU[1] Thread (CPUThread)[0x013ed034]cellGcmSys warning: cellGcmBindTile(index=8)
HLE: W PPU[1] Thread (CPUThread)[0x013ed004]cellGcmSys warning: cellGcmGetTiledPitchSize(size=4864)
HLE: W PPU[1] Thread (CPUThread)[0x013ed094]cellGcmSys warning: cellGcmSetTileInfo(index=9, location=0, offset=31195136, size=3473408, pitch=4864, comp=0, base=0, bank=0)
HLE: W PPU[1] Thread (CPUThread)[0x013ed034]cellGcmSys warning: cellGcmBindTile(index=9)
HLE: W PPU[1] Thread (CPUThread)[0x013ed004]cellGcmSys warning: cellGcmGetTiledPitchSize(size=4864)
HLE: W PPU[1] Thread (CPUThread)[0x013ed094]cellGcmSys warning: cellGcmSetTileInfo(index=10, location=0, offset=35127296, size=3473408, pitch=4864, comp=0, base=0, bank=0)
HLE: W PPU[1] Thread (CPUThread)[0x013ed034]cellGcmSys warning: cellGcmBindTile(index=10)
HLE: W PPU[1] Thread (CPUThread)[0x013ed004]cellGcmSys warning: cellGcmGetTiledPitchSize(size=4864)
HLE: W PPU[1] Thread (CPUThread)[0x013ed094]cellGcmSys warning: cellGcmSetTileInfo(index=11, location=0, offset=39059456, size=3473408, pitch=4864, comp=0, base=0, bank=0)
HLE: W PPU[1] Thread (CPUThread)[0x013ed034]cellGcmSys warning: cellGcmBindTile(index=11)
HLE: W PPU[1] Thread (CPUThread)[0x013ed004]cellGcmSys warning: cellGcmGetTiledPitchSize(size=2432)
HLE: W PPU[1] Thread (CPUThread)[0x013ed094]cellGcmSys warning: cellGcmSetTileInfo(index=12, location=0, offset=42532864, size=983040, pitch=2432, comp=0, base=0, bank=0)
HLE: W PPU[1] Thread (CPUThread)[0x013ed034]cellGcmSys warning: cellGcmBindTile(index=12)
HLE: W PPU[1] Thread (CPUThread)[0x013ed004]cellGcmSys warning: cellGcmGetTiledPitchSize(size=2432)
HLE: W PPU[1] Thread (CPUThread)[0x013ed094]cellGcmSys warning: cellGcmSetTileInfo(index=13, location=0, offset=43515904, size=983040, pitch=2432, comp=0, base=0, bank=0)
HLE: W PPU[1] Thread (CPUThread)[0x013ed034]cellGcmSys warning: cellGcmBindTile(index=13)
HLE: W PPU[1] Thread (CPUThread)[0x013ed004]cellGcmSys warning: cellGcmGetTiledPitchSize(size=2432)
HLE: W PPU[1] Thread (CPUThread)[0x013ed094]cellGcmSys warning: cellGcmSetTileInfo(index=14, location=0, offset=44498944, size=983040, pitch=2432, comp=0, base=0, bank=0)
HLE: W PPU[1] Thread (CPUThread)[0x013ed034]cellGcmSys warning: cellGcmBindTile(index=14)
HLE: E PPU[1] Thread (CPUThread)[0x013e5010]TODO: cellVideoOutGetScreenSize
HLE: W PPU[1] Thread (CPUThread)[0x004ae010]cellSysmodule warning: cellSysmoduleLoadModule(CELL_SYSMODULE_IO)
HLE: W PPU[1] Thread (CPUThread)[0x004ae010]cellSysmodule warning: cellSysmoduleLoadModule(CELL_SYSMODULE_FS)
HLE: W PPU[1] Thread (CPUThread)[0x013f3058]sys_lwmutex warning: *** lwmutex created [opWait] (attribute=0x12): sq_id = 34
HLE: W PPU[1] Thread (CPUThread)[0x013f310c]sys_lwcond warning: Recursive lwmutex(sq=34)
HLE: W PPU[1] Thread (CPUThread)[0x013f310c]sys_lwcond warning: *** lwcond created [opWait] (lwmutex_addr=0x320eff60): id = 35
HLE: W PPU[1] Thread (CPUThread)[0x013f3058]sys_lwmutex warning: *** lwmutex created [s_media] (attribute=0x12): sq_id = 36
TTY: RootFileSystemPath: /dev_hdd0/game/NPEA00279/USRDIR/ICO/
HLE: W PPU[1] Thread (CPUThread)[0x013f3058]sys_lwmutex warning: *** lwmutex created [media.m] (attribute=0x12): sq_id = 37
HLE: W PPU[1] Thread (CPUThread)[0x013f3058]sys_lwmutex warning: *** lwmutex created [ps3medi] (attribute=0x12): sq_id = 38
HLE: W PPU[1] Thread (CPUThread)[0x001d8c30]sys_rwlock warning: sys_rwlock_create(rw_lock_id_addr=0x320f00ac, attr_addr=0xd0010730)
HLE: W PPU[1] Thread (CPUThread)[0x001d8c30]sys_rwlock warning: TODO: SYS_SYNC_PRIORITY attr
HLE: W PPU[1] Thread (CPUThread)[0x001d8c30]sys_rwlock warning: *** rwlock created [] (protocol=0x2): id = 39
HLE: W PPU[1] Thread (CPUThread)[0x013f3058]sys_lwmutex warning: *** lwmutex created [media.m] (attribute=0x12): sq_id = 40
HLE: W PPU[1] Thread (CPUThread)[0x013f310c]sys_lwcond warning: Recursive lwmutex(sq=40)
HLE: W PPU[1] Thread (CPUThread)[0x013f310c]sys_lwcond warning: *** lwcond created [media.m] (lwmutex_addr=0x320f00c8): id = 41
HLE: W PPU[1] Thread (CPUThread)[0x001d8c30]sys_rwlock warning: sys_rwlock_create(rw_lock_id_addr=0x320f046c, attr_addr=0xd0010730)
HLE: W PPU[1] Thread (CPUThread)[0x001d8c30]sys_rwlock warning: TODO: SYS_SYNC_PRIORITY attr
HLE: W PPU[1] Thread (CPUThread)[0x001d8c30]sys_rwlock warning: *** rwlock created [] (protocol=0x2): id = 42
HLE: W PPU[1] Thread (CPUThread)[0x013f3058]sys_lwmutex warning: *** lwmutex created [media.m] (attribute=0x12): sq_id = 43
HLE: W PPU[1] Thread (CPUThread)[0x013f3058]sys_lwmutex warning: *** lwmutex created [ps3medi] (attribute=0x12): sq_id = 44
HLE: W PPU[1] Thread (CPUThread)[0x001d8c30]sys_rwlock warning: sys_rwlock_create(rw_lock_id_addr=0x320f055c, attr_addr=0xd0010730)
HLE: W PPU[1] Thread (CPUThread)[0x001d8c30]sys_rwlock warning: TODO: SYS_SYNC_PRIORITY attr
HLE: W PPU[1] Thread (CPUThread)[0x001d8c30]sys_rwlock warning: *** rwlock created [] (protocol=0x2): id = 45
HLE: W PPU[1] Thread (CPUThread)[0x013f3058]sys_lwmutex warning: *** lwmutex created [media.m] (attribute=0x12): sq_id = 46
HLE: W PPU[1] Thread (CPUThread)[0x013f310c]sys_lwcond warning: Recursive lwmutex(sq=46)
HLE: W PPU[1] Thread (CPUThread)[0x013f310c]sys_lwcond warning: *** lwcond created [media.m] (lwmutex_addr=0x320f0578): id = 47
HLE: W PPU[1] Thread (CPUThread)[0x013f3058]sys_lwmutex warning: *** lwmutex created [schedul] (attribute=0x12): sq_id = 48
HLE: W PPU[1] Thread (CPUThread)[0x013f3058]sys_lwmutex warning: *** lwmutex created [schedul] (attribute=0x12): sq_id = 49
HLE: W PPU[1] Thread (CPUThread)[0x001d8c30]sys_rwlock warning: sys_rwlock_create(rw_lock_id_addr=0x320f096c, attr_addr=0xd0010620)
HLE: W PPU[1] Thread (CPUThread)[0x001d8c30]sys_rwlock warning: TODO: SYS_SYNC_PRIORITY attr
HLE: W PPU[1] Thread (CPUThread)[0x001d8c30]sys_rwlock warning: *** rwlock created [] (protocol=0x2): id = 50
HLE: W PPU[1] Thread (CPUThread)[0x013f3058]sys_lwmutex warning: *** lwmutex created [schedul] (attribute=0x12): sq_id = 51
HLE: W PPU[1] Thread (CPUThread)[0x013f3058]sys_lwmutex warning: *** lwmutex created [schedul] (attribute=0x12): sq_id = 52
HLE: W PPU[1] Thread (CPUThread)[0x013f310c]sys_lwcond warning: Recursive lwmutex(sq=52)
HLE: W PPU[1] Thread (CPUThread)[0x013f310c]sys_lwcond warning: *** lwcond created [schedul] (lwmutex_addr=0x320f09f0): id = 53
HLE: W PPU[1] Thread (CPUThread)[0x013f310c]sys_lwcond warning: Recursive lwmutex(sq=52)
HLE: W PPU[1] Thread (CPUThread)[0x013f310c]sys_lwcond warning: *** lwcond created [schedul] (lwmutex_addr=0x320f09f0): id = 54
HLE: W PPU[1] Thread (CPUThread)[0x013f3058]sys_lwmutex warning: *** lwmutex created [schedul] (attribute=0x12): sq_id = 55
HLE: W PPU[1] Thread (CPUThread)[0x013f3058]sys_lwmutex warning: *** lwmutex created [schedul] (attribute=0x12): sq_id = 56
HLE: W PPU[1] Thread (CPUThread)[0x013f310c]sys_lwcond warning: Recursive lwmutex(sq=56)
HLE: W PPU[1] Thread (CPUThread)[0x013f310c]sys_lwcond warning: *** lwcond created [fios wo] (lwmutex_addr=0x320f0a98): id = 57
HLE: W PPU[1] Thread (CPUThread)[0x013f310c]sys_lwcond warning: Recursive lwmutex(sq=56)
HLE: W PPU[1] Thread (CPUThread)[0x013f310c]sys_lwcond warning: *** lwcond created [fios wo] (lwmutex_addr=0x320f0a98): id = 58
PPU: ! PPU[1] Thread (CPUThread)[0x013f3028]*** New PPU Thread [fios mediathread 2] (flags=0x1, entry=0x4cd2c0): id = 59
PPU: ! PPU[1] Thread (CPUThread)[0x013f3028]*** New PPU Thread [fios mediathread 3] (flags=0x1, entry=0x4cd2c0): id = 60
PPU: ! PPU[1] Thread (CPUThread)[0x013f3028]*** New PPU Thread [fios scheduler 1] (flags=0x1, entry=0x4cd2c0): id = 61
HLE: W PPU[1] Thread (CPUThread)[0x013f3058]sys_lwmutex warning: *** lwmutex created [media.m] (attribute=0x12): sq_id = 62
HLE: W PPU[1] Thread (CPUThread)[0x001d8c30]sys_rwlock warning: sys_rwlock_create(rw_lock_id_addr=0x32105884, attr_addr=0xd0010660)
HLE: W PPU[1] Thread (CPUThread)[0x001d8c30]sys_rwlock warning: TODO: SYS_SYNC_PRIORITY attr
HLE: W PPU[1] Thread (CPUThread)[0x001d8c30]sys_rwlock warning: *** rwlock created [] (protocol=0x2): id = 63
HLE: W PPU[1] Thread (CPUThread)[0x013f3058]sys_lwmutex warning: *** lwmutex created [cache_f] (attribute=0x12): sq_id = 64
HLE: W PPU[1] Thread (CPUThread)[0x013f3058]sys_lwmutex warning: *** lwmutex created [schedul] (attribute=0x12): sq_id = 65
HLE: W PPU[59] Thread (fios mediathread 2)[0x004a601c]vfsLocalFile::Create('D:\Emulateurs\Rpcs3\dev_hdd1\cache\NPEA00279\FIOSCACHE\cache.idx')
HLE: W PPU[59] Thread (fios mediathread 2)[0x004a601c]"/dev_hdd1/cache/NPEA00279/FIOSCACHE/cache.idx" opened: fd = 66
HLE: W PPU[59] Thread (fios mediathread 2)[0x004a601c]vfsLocalFile::Create('D:\Emulateurs\Rpcs3\dev_hdd1\cache\NPEA00279\FIOSCACHE\cache.dat')
HLE: W PPU[59] Thread (fios mediathread 2)[0x004a601c]"/dev_hdd1/cache/NPEA00279/FIOSCACHE/cache.dat" opened: fd = 67
HLE: W PPU[1] Thread (CPUThread)[0x013f3058]sys_lwmutex warning: *** lwmutex created [media.m] (attribute=0x12): sq_id = 68
HLE: W PPU[1] Thread (CPUThread)[0x001d8c30]sys_rwlock warning: sys_rwlock_create(rw_lock_id_addr=0x32121b24, attr_addr=0xd00106a0)
HLE: W PPU[1] Thread (CPUThread)[0x001d8c30]sys_rwlock warning: TODO: SYS_SYNC_PRIORITY attr
HLE: W PPU[1] Thread (CPUThread)[0x001d8c30]sys_rwlock warning: *** rwlock created [] (protocol=0x2): id = 69
HLE: W PPU[1] Thread (CPUThread)[0x013f3058]sys_lwmutex warning: *** lwmutex created [cache_f] (attribute=0x12): sq_id = 70
HLE: E PPU[1] Thread (CPUThread)[0x004aa028]cellSpurs error: Unimplemented function: _cellSpursTasksetAttributeInitialize
HLE: E PPU[1] Thread (CPUThread)[0x004aa088]cellSpurs error: Unimplemented function: cellSpursTasksetAttributeSetName
HLE: E PPU[1] Thread (CPUThread)[0x004aa124]cellSpurs error: Unimplemented function: cellSpursCreateTasksetWithAttribute
HLE: W PPU[1] Thread (CPUThread)[0x004aa07c]cellSpurs warning: _cellSpursEventFlagInitialize(spurs_addr=0x30131f80, taskset_addr=0x0, eventFlag_addr=0x32348a00, flagClearMode=0, flagDirection=1)
HLE: E PPU[1] Thread (CPUThread)[0x004aa0ac]cellSpurs error: cellSpursEventFlagAttachLv2EventQueue(eventFlag_addr=0x32348a00)
HLE: E PPU[1] Thread (CPUThread)[0x004aa004]cellSpurs error: Unimplemented function: _cellSpursLFQueueInitialize
HLE: E PPU[1] Thread (CPUThread)[0x004aa034]cellSpurs error: Unimplemented function: cellSpursLFQueueAttachLv2EventQueue
HLE: E PPU[1] Thread (CPUThread)[0x004aa184]cellSpurs error: cellSpursCreateTask(taskset_addr=0x32347100, taskID_addr=0xd0010790, elf_addr_addr=0x495b00, context_addr_addr=0x32346100, context_size=3072, lsPattern_addr=0x470c68, argument_addr=0xd0010798)
HLE: W PPU[1] Thread (CPUThread)[0x013f3058]sys_lwmutex warning: *** lwmutex created [media.m] (attribute=0x12): sq_id = 71
HLE: W PPU[1] Thread (CPUThread)[0x001d8c30]sys_rwlock warning: sys_rwlock_create(rw_lock_id_addr=0x321450c4, attr_addr=0xd0010720)
HLE: W PPU[1] Thread (CPUThread)[0x001d8c30]sys_rwlock warning: TODO: SYS_SYNC_PRIORITY attr
HLE: W PPU[1] Thread (CPUThread)[0x001d8c30]sys_rwlock warning: *** rwlock created [] (protocol=0x2): id = 72
HLE: W PPU[1] Thread (CPUThread)[0x013f3058]sys_lwmutex warning: *** lwmutex created [dearchi] (attribute=0x12): sq_id = 73
HLE: W PPU[1] Thread (CPUThread)[0x013f3058]sys_lwmutex warning: *** lwmutex created [dearchi] (attribute=0x12): sq_id = 74
HLE: W PPU[1] Thread (CPUThread)[0x013f310c]sys_lwcond warning: Recursive lwmutex(sq=74)
HLE: W PPU[1] Thread (CPUThread)[0x013f310c]sys_lwcond warning: *** lwcond created [dearchi] (lwmutex_addr=0x32145178): id = 75
HLE: W PPU[1] Thread (CPUThread)[0x013f3058]sys_lwmutex warning: *** lwmutex created [dearchi] (attribute=0x12): sq_id = 76
HLE: W PPU[1] Thread (CPUThread)[0x013f3058]sys_lwmutex warning: *** lwmutex created [schedul] (attribute=0x12): sq_id = 77
HLE: W PPU[1] Thread (CPUThread)[0x013f3058]sys_lwmutex warning: *** lwmutex created [schedul] (attribute=0x12): sq_id = 78
HLE: W PPU[1] Thread (CPUThread)[0x001d8c30]sys_rwlock warning: sys_rwlock_create(rw_lock_id_addr=0x32121d3c, attr_addr=0xd0010620)
HLE: W PPU[1] Thread (CPUThread)[0x001d8c30]sys_rwlock warning: TODO: SYS_SYNC_PRIORITY attr
HLE: W PPU[1] Thread (CPUThread)[0x001d8c30]sys_rwlock warning: *** rwlock created [] (protocol=0x2): id = 79
HLE: W PPU[1] Thread (CPUThread)[0x013f3058]sys_lwmutex warning: *** lwmutex created [schedul] (attribute=0x12): sq_id = 80
HLE: W PPU[1] Thread (CPUThread)[0x013f3058]sys_lwmutex warning: *** lwmutex created [schedul] (attribute=0x12): sq_id = 81
HLE: W PPU[1] Thread (CPUThread)[0x013f310c]sys_lwcond warning: Recursive lwmutex(sq=81)
HLE: W PPU[1] Thread (CPUThread)[0x013f310c]sys_lwcond warning: *** lwcond created [schedul] (lwmutex_addr=0x32121dc0): id = 82
HLE: W PPU[1] Thread (CPUThread)[0x013f310c]sys_lwcond warning: Recursive lwmutex(sq=81)
HLE: W PPU[1] Thread (CPUThread)[0x013f310c]sys_lwcond warning: *** lwcond created [schedul] (lwmutex_addr=0x32121dc0): id = 83
HLE: W PPU[1] Thread (CPUThread)[0x013f3058]sys_lwmutex warning: *** lwmutex created [schedul] (attribute=0x12): sq_id = 84
HLE: W PPU[1] Thread (CPUThread)[0x013f3058]sys_lwmutex warning: *** lwmutex created [schedul] (attribute=0x12): sq_id = 85
HLE: W PPU[1] Thread (CPUThread)[0x013f310c]sys_lwcond warning: Recursive lwmutex(sq=85)
HLE: W PPU[1] Thread (CPUThread)[0x013f310c]sys_lwcond warning: *** lwcond created [fios wo] (lwmutex_addr=0x32121e68): id = 86
HLE: W PPU[1] Thread (CPUThread)[0x013f310c]sys_lwcond warning: Recursive lwmutex(sq=85)
HLE: W PPU[1] Thread (CPUThread)[0x013f310c]sys_lwcond warning: *** lwcond created [fios wo] (lwmutex_addr=0x32121e68): id = 87
HLE: W PPU[1] Thread (CPUThread)[0x013f310c]sys_lwcond warning: Recursive lwmutex(sq=85)
HLE: W PPU[1] Thread (CPUThread)[0x013f310c]sys_lwcond warning: *** lwcond created [fios wo] (lwmutex_addr=0x32121e68): id = 88
PPU: ! PPU[1] Thread (CPUThread)[0x013f3028]*** New PPU Thread [fios mediathread 5] (flags=0x1, entry=0x4cd2c0): id = 89
PPU: ! PPU[1] Thread (CPUThread)[0x013f3028]*** New PPU Thread [fios mediathread 6] (flags=0x1, entry=0x4cd2c0): id = 90
PPU: ! PPU[1] Thread (CPUThread)[0x013f3028]*** New PPU Thread [fios mediathread 7] (flags=0x1, entry=0x4cd2c0): id = 91
PPU: ! PPU[1] Thread (CPUThread)[0x013f3028]*** New PPU Thread [fios scheduler 4] (flags=0x1, entry=0x4cd2c0): id = 92
HLE: W PPU[89] Thread (fios mediathread 5)[0x004a601c]"/dev_hdd0/game/NPEA00279/USRDIR/ICO/ico.psarc" opened: fd = 93
HLE: W PPU[89] Thread (fios mediathread 5)[0x0030bad4]cellSysutil warning: cellSysutilGetSystemParamInt: CELL_SYSUTIL_SYSTEMPARAM_ID_TIMEZONE
HLE: W PPU[89] Thread (fios mediathread 5)[0x0030bad4]cellSysutil warning: cellSysutilGetSystemParamInt: CELL_SYSUTIL_SYSTEMPARAM_ID_SUMMERTIME
HLE: W PPU[89] Thread (fios mediathread 5)[0x0030d5a0]cellSysutil warning: cellSysutilGetSystemParamInt: CELL_SYSUTIL_SYSTEMPARAM_ID_TIMEZONE
HLE: W PPU[89] Thread (fios mediathread 5)[0x0030d5a0]cellSysutil warning: cellSysutilGetSystemParamInt: CELL_SYSUTIL_SYSTEMPARAM_ID_SUMMERTIME
HLE: W PPU[89] Thread (fios mediathread 5)[0x0030bad4]cellSysutil warning: cellSysutilGetSystemParamInt: CELL_SYSUTIL_SYSTEMPARAM_ID_TIMEZONE
HLE: W PPU[89] Thread (fios mediathread 5)[0x0030bad4]cellSysutil warning: cellSysutilGetSystemParamInt: CELL_SYSUTIL_SYSTEMPARAM_ID_SUMMERTIME
HLE: W PPU[89] Thread (fios mediathread 5)[0x0030d5a0]cellSysutil warning: cellSysutilGetSystemParamInt: CELL_SYSUTIL_SYSTEMPARAM_ID_TIMEZONE
HLE: W PPU[89] Thread (fios mediathread 5)[0x0030d5a0]cellSysutil warning: cellSysutilGetSystemParamInt: CELL_SYSUTIL_SYSTEMPARAM_ID_SUMMERTIME
HLE: W PPU[89] Thread (fios mediathread 5)[0x0030bad4]cellSysutil warning: cellSysutilGetSystemParamInt: CELL_SYSUTIL_SYSTEMPARAM_ID_TIMEZONE
HLE: W PPU[89] Thread (fios mediathread 5)[0x0030bad4]cellSysutil warning: cellSysutilGetSystemParamInt: CELL_SYSUTIL_SYSTEMPARAM_ID_SUMMERTIME
HLE: W PPU[89] Thread (fios mediathread 5)[0x0030d5a0]cellSysutil warning: cellSysutilGetSystemParamInt: CELL_SYSUTIL_SYSTEMPARAM_ID_TIMEZONE
HLE: W PPU[89] Thread (fios mediathread 5)[0x0030d5a0]cellSysutil warning: cellSysutilGetSystemParamInt: CELL_SYSUTIL_SYSTEMPARAM_ID_SUMMERTIME
HLE: W PPU[1] Thread (CPUThread)[0x000a0298]sys_event warning: sys_event_port_create(eport_id_addr=0xa7866c, port_type=0x1, name=0x0)
HLE: W PPU[1] Thread (CPUThread)[0x000a0298]sys_event warning: *** sys_event_port created: id = 94
HLE: W PPU[1] Thread (CPUThread)[0x000a02c8]sys_event warning: sys_event_queue_create(equeue_id_addr=0xa78708, attr_addr=0xd00108a0, event_queue_key=0x0, size=32)
HLE: W PPU[1] Thread (CPUThread)[0x000a02c8]sys_event warning: *** event_queue created [] (protocol=0x1, type=0x1): id = 95
HLE: W PPU[1] Thread (CPUThread)[0x000a02d8]sys_event warning: sys_event_port_connect_local(eport_id=94, equeue_id=95)
PPU: ! PPU[1] Thread (CPUThread)[0x013f3028]*** New PPU Thread [BPEStagePrecacheThread] (flags=0x1, entry=0x4c6790): id = 96
HLE: W PPU[89] Thread (fios mediathread 5)[0x004a6028]sys_fs warning: cellFsStat: "/dev_hdd0/game/NPEA00279/USRDIR/ICO/camdata/stage0.csv" not found.
HLE: W PPU[89] Thread (fios mediathread 5)[0x0030bad4]cellSysutil warning: cellSysutilGetSystemParamInt: CELL_SYSUTIL_SYSTEMPARAM_ID_TIMEZONE
HLE: W PPU[89] Thread (fios mediathread 5)[0x0030bad4]cellSysutil warning: cellSysutilGetSystemParamInt: CELL_SYSUTIL_SYSTEMPARAM_ID_SUMMERTIME
HLE: W PPU[89] Thread (fios mediathread 5)[0x0030d5a0]cellSysutil warning: cellSysutilGetSystemParamInt: CELL_SYSUTIL_SYSTEMPARAM_ID_TIMEZONE
HLE: W PPU[89] Thread (fios mediathread 5)[0x0030d5a0]cellSysutil warning: cellSysutilGetSystemParamInt: CELL_SYSUTIL_SYSTEMPARAM_ID_SUMMERTIME
HLE: W PPU[89] Thread (fios mediathread 5)[0x0030bad4]cellSysutil warning: cellSysutilGetSystemParamInt: CELL_SYSUTIL_SYSTEMPARAM_ID_TIMEZONE
HLE: W PPU[89] Thread (fios mediathread 5)[0x0030bad4]cellSysutil warning: cellSysutilGetSystemParamInt: CELL_SYSUTIL_SYSTEMPARAM_ID_SUMMERTIME
HLE: W PPU[89] Thread (fios mediathread 5)[0x0030d5a0]cellSysutil warning: cellSysutilGetSystemParamInt: CELL_SYSUTIL_SYSTEMPARAM_ID_TIMEZONE
HLE: W PPU[89] Thread (fios mediathread 5)[0x0030d5a0]cellSysutil warning: cellSysutilGetSystemParamInt: CELL_SYSUTIL_SYSTEMPARAM_ID_SUMMERTIME
HLE: W PPU[89] Thread (fios mediathread 5)[0x0030bad4]cellSysutil warning: cellSysutilGetSystemParamInt: CELL_SYSUTIL_SYSTEMPARAM_ID_TIMEZONE
HLE: W PPU[89] Thread (fios mediathread 5)[0x0030bad4]cellSysutil warning: cellSysutilGetSystemParamInt: CELL_SYSUTIL_SYSTEMPARAM_ID_SUMMERTIME
HLE: W PPU[89] Thread (fios mediathread 5)[0x0030d5a0]cellSysutil warning: cellSysutilGetSystemParamInt: CELL_SYSUTIL_SYSTEMPARAM_ID_TIMEZONE
HLE: W PPU[89] Thread (fios mediathread 5)[0x0030d5a0]cellSysutil warning: cellSysutilGetSystemParamInt: CELL_SYSUTIL_SYSTEMPARAM_ID_SUMMERTIME
RSX: W VBlank threadVBlank thread aborted
HLE: W PPU[59] Thread (fios mediathread 2)[0x013f3040]sys_lwcond_wait(id=57) aborted
RSX: W RSXThreadRSX thread aborted
HLE: W PPU[60] Thread (fios mediathread 3)[0x013f3040]sys_lwcond_wait(id=58) aborted
HLE: W PPU[29] Thread (BPETrophyInitThread)[0x000aac80]sys_event_queue_receive(equeue=28) aborted
HLE: W PPU[90] Thread (fios mediathread 6)[0x013f3040]sys_lwcond_wait(id=87) aborted
HLE: W PPU[91] Thread (fios mediathread 7)[0x013f3040]sys_lwcond_wait(id=88) aborted
HLE: W PPU[96] Thread (BPEStagePrecacheThread)[0x0009f2c0]sys_event_queue_receive(equeue=95) aborted
HLE: W PPU[92] Thread (fios scheduler 4)[0x013f3040]sys_lwcond_wait(id=82) aborted
HLE: W PPU[89] Thread (fios mediathread 5)[0x013f3040]sys_lwcond_wait(id=35) aborted
HLE: W PPU[61] Thread (fios scheduler 1)[0x013f313c]sys_lwcond_signal_all(id=35) aborted
HLE: W PPU[1] Thread (CPUThread)[0x013f3040]sys_lwmutex_t::lock(sq=34) aborted
HLE: W PPU[1] Thread (CPUThread)[0x013f3040]sys_lwcond_wait(id=35) aborted
HLE: ! All threads stopped...
MEM: ! Closing memory...
