HLE: ! path: /dev_hdd0/game/
LDR: ! Loading RAP file EP9000-NPEA00318_00-TRIALSHP06021747.rap
LDR: ! Loading 'D:\Emulateurs\Rpcs3\dev_hdd0\game\NPEA00318\USRDIR/BOOT.BIN'...
LDR: !  
LDR: ! Mount info:
LDR: ! /dev_hdd0/ -> D:\Emulateurs\Rpcs3/dev_hdd0/
LDR: ! /dev_hdd1/ -> D:\Emulateurs\Rpcs3/dev_hdd1/
LDR: ! /dev_flash/ -> D:\Emulateurs\Rpcs3/dev_flash/
LDR: ! /dev_usb000/ -> D:\Emulateurs\Rpcs3/dev_usb000/
LDR: ! /dev_usb/ -> D:\Emulateurs\Rpcs3/dev_usb000/
LDR: ! /app_home/ -> D:\Emulateurs\Rpcs3\dev_hdd0\game\NPEA00318\
LDR: ! /dev_bdvd/ -> D:\Emulateurs\Rpcs3\dev_hdd0\game\NPEA00318\/../
LDR: ! /host_root/ -> 
LDR: ! / -> D:\Emulateurs\Rpcs3\dev_hdd0\game\NPEA00318\/USRDIR/
LDR: ! /app_home/PS3_GAME/USRDIR/ -> D:\Emulateurs\Rpcs3\dev_hdd0\game\NPEA00318\/USRDIR/
LDR: ! /dev_flash2/ -> D:\Emulateurs\Rpcs3/dev_flash2/
LDR: ! /app_home/Game/PS3_GAME/USRDIR/ -> D:\Emulateurs\Rpcs3\dev_hdd0\game\NPEA00318\/USRDIR/
LDR: !  
MEM: ! Initing memory...
MEM: ! Memory initialized.
LDR: W Unimplemented function 'cellSpursRequestIdleSpu' in 'cellSpurs' module
LDR: W Unimplemented function 'cellSpursWorkloadAttributeSetName' in 'cellSpurs' module
LDR: W Unimplemented function 'cellSpursGetWorkloadInfo' in 'cellSpurs' module
LDR: W Unimplemented function 'cellSpursRemoveWorkload' in 'cellSpurs' module
LDR: W Unimplemented function 'cellSpursWaitForWorkloadShutdown' in 'cellSpurs' module
LDR: W Unimplemented function 'cellSpursShutdownWorkload' in 'cellSpurs' module
LDR: W Unimplemented function 'cellSpursAddWorkloadWithAttribute' in 'cellSpurs' module
LDR: W Unimplemented function '_cellSpursWorkloadAttributeInitialize' in 'cellSpurs' module
LDR: W Unimplemented function 'cellSpursReadyCountStore' in 'cellSpurs' module
LDR: W Unimplemented function 'cellFsSdataOpenByFd' in 'sys_fs' module
LDR: W Unimplemented function 'cellFsFsync' in 'sys_fs' module
LDR: W Unimplemented function 'cellFsUtime' in 'sys_fs' module
LDR: W Unimplemented function 'cellPadPeriphGetInfo' in 'sys_io' module
LDR: W Unimplemented function 'socketselect' in 'sys_net' module
LDR: W Unimplemented function 'getsockopt' in 'sys_net' module
LDR: W Unimplemented function 'gethostbyname' in 'sys_net' module
LDR: W Unimplemented function 'inet_ntoa' in 'sys_net' module
LDR: W Unknown module 'cellHttp'
LDR: W Unimplemented function 'cellHttpUtilParseUri' in 'cellHttpUtil' module
LDR: W Unimplemented function 'cellCameraStop' in 'cellCamera' module
LDR: W Unimplemented function 'cellCameraGetBufferInfoEx' in 'cellCamera' module
LDR: W Unimplemented function 'cellCameraReadEx' in 'cellCamera' module
LDR: W Unimplemented function 'cellCameraClose' in 'cellCamera' module
LDR: W Unimplemented function 'cellCameraRemoveNotifyEventQueue2' in 'cellCamera' module
LDR: W Unimplemented function 'cellCameraStart' in 'cellCamera' module
LDR: W Unimplemented function 'cellCameraGetType' in 'cellCamera' module
LDR: W Unimplemented function 'cellCameraEnd' in 'cellCamera' module
LDR: W Unimplemented function 'cellCameraOpenEx' in 'cellCamera' module
LDR: W Unimplemented function 'cellCameraReset' in 'cellCamera' module
LDR: W Unimplemented function 'cellCameraSetAttribute' in 'cellCamera' module
LDR: W Unimplemented function 'cellCameraSetNotifyEventQueue2' in 'cellCamera' module
LDR: W Unimplemented function 'cellCameraInit' in 'cellCamera' module
LDR: W Unimplemented function 'cellSaveDataListAutoLoad' in 'cellSysutil' module
LDR: W Unimplemented function 'cellOskDialogUnloadAsync' in 'cellSysutil' module
LDR: W Unimplemented function 'cellOskDialogAddSupportLanguage' in 'cellSysutil' module
LDR: W Unimplemented function 'cellOskDialogLoadAsync' in 'cellSysutil' module
LDR: W Unimplemented function 'cellOskDialogSetKeyLayoutOption' in 'cellSysutil' module
LDR: W Unimplemented function 'cellOskDialogAbort' in 'cellSysutil' module
LDR: W Unimplemented function 'sceNpManagerGetTicket' in 'sceNp' module
LDR: W Unimplemented function 'sceNpManagerUnregisterCallback' in 'sceNp' module
LDR: W Unimplemented function 'sceNpManagerGetTicketParam' in 'sceNp' module
LDR: W Unimplemented function 'sceNpManagerGetContentRatingFlag' in 'sceNp' module
LDR: W Unimplemented function 'sceNpManagerRequestTicket2' in 'sceNp' module
LDR: W Unimplemented function 'sceNpManagerGetAccountRegion' in 'sceNp' module
LDR: W Unimplemented function 'sceNpManagerGetNetworkTime' in 'sceNp' module
LDR: W Unimplemented function 'sceNpManagerGetOnlineId' in 'sceNp' module
LDR: W Unimplemented function 'sceNpManagerRegisterCallback' in 'sceNp' module
LDR: W Unimplemented function 'sceNpManagerGetChatRestrictionFlag' in 'sceNp' module
LDR: W Unimplemented function 'sceNpManagerGetNpId' in 'sceNp' module
LDR: W Unknown module 'cellSysutilAvconfExt'
LDR: W Unknown module 'libgem'
LDR: W Unimplemented function 'cellSslEnd' in 'cellSsl' module
LDR: W Unimplemented function 'cellSslCertificateLoader' in 'cellSsl' module
LDR: W Unimplemented function 'cellSslInit' in 'cellSsl' module
LDR: W Unknown module 'cellSysutilNpEula'
LDR: W Unimplemented function 'sys_prx_load_module_on_memcontainer_by_fd' in 'sysPrxForUser' module
LDR: W Unimplemented function 'sys_prx_load_module_by_fd' in 'sysPrxForUser' module
HLE: W PPU[1] Thread (CPUThread)[0x00bc7058]sys_lwmutex warning: *** lwmutex created [_lc_mtx] (attribute=0x12): sq_id = 3
HLE: W PPU[1] Thread (CPUThread)[0x006344c8]memory warning: sys_memory_get_user_memory_size(mem_info_addr=0xd0010c04)
HLE: W PPU[1] Thread (CPUThread)[0x00bc7058]sys_lwmutex warning: *** lwmutex created [_lc_mtx] (attribute=0x12): sq_id = 4
HLE: W PPU[1] Thread (CPUThread)[0x00bc7058]sys_lwmutex warning: *** lwmutex created [_lc_mtx] (attribute=0x12): sq_id = 5
HLE: W PPU[1] Thread (CPUThread)[0x00bc7058]sys_lwmutex warning: *** lwmutex created [_lc_mtx] (attribute=0x12): sq_id = 6
HLE: W PPU[1] Thread (CPUThread)[0x00bc7058]sys_lwmutex warning: *** lwmutex created [_lc_mtx] (attribute=0x12): sq_id = 7
HLE: W PPU[1] Thread (CPUThread)[0x00bc7058]sys_lwmutex warning: *** lwmutex created [_lc_mtx] (attribute=0x12): sq_id = 8
HLE: W PPU[1] Thread (CPUThread)[0x00bc7058]sys_lwmutex warning: *** lwmutex created [_lc_mtx] (attribute=0x12): sq_id = 9
HLE: W PPU[1] Thread (CPUThread)[0x00bc7058]sys_lwmutex warning: *** lwmutex created [_lc_mtx] (attribute=0x12): sq_id = 10
HLE: W PPU[1] Thread (CPUThread)[0x00bc7058]sys_lwmutex warning: *** lwmutex created [_lc_mtx] (attribute=0x12): sq_id = 11
HLE: W PPU[1] Thread (CPUThread)[0x00bc7058]sys_lwmutex warning: *** lwmutex created [_lc_mtx] (attribute=0x12): sq_id = 12
HLE: W PPU[1] Thread (CPUThread)[0x00bc7058]sys_lwmutex warning: *** lwmutex created [_lgcmtx] (attribute=0x12): sq_id = 13
HLE: W PPU[1] Thread (CPUThread)[0x00bc7058]sys_lwmutex warning: *** lwmutex created [_lgcmtx] (attribute=0x22): sq_id = 14
HLE: W PPU[1] Thread (CPUThread)[0x00bc7058]sys_lwmutex warning: *** lwmutex created [_lc_mtx] (attribute=0x12): sq_id = 15
HLE: W PPU[1] Thread (CPUThread)[0x00bc7058]sys_lwmutex warning: *** lwmutex created [_lc_mtx] (attribute=0x12): sq_id = 16
HLE: W PPU[1] Thread (CPUThread)[0x00bc7058]sys_lwmutex warning: *** lwmutex created [_lc_mtx] (attribute=0x12): sq_id = 17
HLE: W PPU[1] Thread (CPUThread)[0x00bc7058]sys_lwmutex warning: *** lwmutex created [_lc_mtx] (attribute=0x12): sq_id = 18
HLE: W PPU[1] Thread (CPUThread)[0x00bc7058]sys_lwmutex warning: *** lwmutex created [_lc_mtx] (attribute=0x12): sq_id = 19
HLE: W PPU[1] Thread (CPUThread)[0x00bc7058]sys_lwmutex warning: *** lwmutex created [_lc_mtx] (attribute=0x12): sq_id = 20
HLE: W PPU[1] Thread (CPUThread)[0x00bc7058]sys_lwmutex warning: *** lwmutex created [_lc_mtx] (attribute=0x12): sq_id = 21
HLE: W PPU[1] Thread (CPUThread)[0x00bc7058]sys_lwmutex warning: *** lwmutex created [_lc_mtx] (attribute=0x12): sq_id = 22
HLE: W PPU[1] Thread (CPUThread)[0x00bc7058]sys_lwmutex warning: *** lwmutex created [_lc_mtx] (attribute=0x12): sq_id = 23
HLE: W PPU[1] Thread (CPUThread)[0x00bc7058]sys_lwmutex warning: *** lwmutex created [_lc_mtx] (attribute=0x12): sq_id = 24
HLE: W PPU[1] Thread (CPUThread)[0x00bc7058]sys_lwmutex warning: *** lwmutex created [_lc_mtx] (attribute=0x12): sq_id = 25
HLE: W PPU[1] Thread (CPUThread)[0x00bc7058]sys_lwmutex warning: *** lwmutex created [_lc_mtx] (attribute=0x12): sq_id = 26
HLE: W PPU[1] Thread (CPUThread)[0x00bc7058]sys_lwmutex warning: *** lwmutex created [] (attribute=0x11): sq_id = 27
HLE: W PPU[1] Thread (CPUThread)[0x00bc7058]sys_lwmutex warning: *** lwmutex created [] (attribute=0x11): sq_id = 28
HLE: W PPU[1] Thread (CPUThread)[0x00bc7058]sys_lwmutex warning: *** lwmutex created [] (attribute=0x11): sq_id = 29
HLE: W PPU[1] Thread (CPUThread)[0x00bc7058]sys_lwmutex warning: *** lwmutex created [] (attribute=0x11): sq_id = 30
HLE: W PPU[1] Thread (CPUThread)[0x006266f4]cellSysutil warning: cellSysutilGetSystemParamInt: CELL_SYSUTIL_SYSTEMPARAM_ID_TIMEZONE
HLE: W PPU[1] Thread (CPUThread)[0x006266f4]cellSysutil warning: cellSysutilGetSystemParamInt: CELL_SYSUTIL_SYSTEMPARAM_ID_SUMMERTIME
HLE: W PPU[1] Thread (CPUThread)[0x0062d184]cellSysutil warning: cellSysutilGetSystemParamInt: CELL_SYSUTIL_SYSTEMPARAM_ID_TIMEZONE
HLE: W PPU[1] Thread (CPUThread)[0x0062d184]cellSysutil warning: cellSysutilGetSystemParamInt: CELL_SYSUTIL_SYSTEMPARAM_ID_SUMMERTIME
HLE: W PPU[1] Thread (CPUThread)[0x006281c4]cellSysutil warning: cellSysutilGetSystemParamInt: CELL_SYSUTIL_SYSTEMPARAM_ID_TIMEZONE
HLE: W PPU[1] Thread (CPUThread)[0x006281c4]cellSysutil warning: cellSysutilGetSystemParamInt: CELL_SYSUTIL_SYSTEMPARAM_ID_SUMMERTIME
HLE: W PPU[1] Thread (CPUThread)[0x0062d184]cellSysutil warning: cellSysutilGetSystemParamInt: CELL_SYSUTIL_SYSTEMPARAM_ID_TIMEZONE
HLE: W PPU[1] Thread (CPUThread)[0x0062d184]cellSysutil warning: cellSysutilGetSystemParamInt: CELL_SYSUTIL_SYSTEMPARAM_ID_SUMMERTIME
HLE: W PPU[1] Thread (CPUThread)[0x00626698]cellSysutil warning: cellSysutilGetSystemParamInt: CELL_SYSUTIL_SYSTEMPARAM_ID_TIMEZONE
HLE: W PPU[1] Thread (CPUThread)[0x00626698]cellSysutil warning: cellSysutilGetSystemParamInt: CELL_SYSUTIL_SYSTEMPARAM_ID_SUMMERTIME
HLE: W PPU[1] Thread (CPUThread)[0x006281c4]cellSysutil warning: cellSysutilGetSystemParamInt: CELL_SYSUTIL_SYSTEMPARAM_ID_TIMEZONE
HLE: W PPU[1] Thread (CPUThread)[0x006281c4]cellSysutil warning: cellSysutilGetSystemParamInt: CELL_SYSUTIL_SYSTEMPARAM_ID_SUMMERTIME
HLE: W PPU[1] Thread (CPUThread)[0x00bc7058]sys_lwmutex warning: *** lwmutex created [ps3HDDL] (attribute=0x12): sq_id = 31
HLE: W PPU[1] Thread (CPUThread)[0x00bc7058]sys_lwmutex warning: *** lwmutex created [] (attribute=0x12): sq_id = 32
HLE: W PPU[1] Thread (CPUThread)[0x00bc7058]sys_lwmutex warning: *** lwmutex created [] (attribute=0x12): sq_id = 33
HLE: W PPU[1] Thread (CPUThread)[0x00bc7058]sys_lwmutex warning: *** lwmutex created [] (attribute=0x12): sq_id = 34
HLE: W PPU[1] Thread (CPUThread)[0x00bc7058]sys_lwmutex warning: *** lwmutex created [] (attribute=0x12): sq_id = 35
HLE: W PPU[1] Thread (CPUThread)[0x00bc7058]sys_lwmutex warning: *** lwmutex created [] (attribute=0x12): sq_id = 36
HLE: W PPU[1] Thread (CPUThread)[0x00bc7058]sys_lwmutex warning: *** lwmutex created [] (attribute=0x12): sq_id = 37
HLE: W PPU[1] Thread (CPUThread)[0x00bc7058]sys_lwmutex warning: *** lwmutex created [] (attribute=0x12): sq_id = 38
HLE: W PPU[1] Thread (CPUThread)[0x00bc7058]sys_lwmutex warning: *** lwmutex created [] (attribute=0x12): sq_id = 39
HLE: W PPU[1] Thread (CPUThread)[0x00bc7058]sys_lwmutex warning: *** lwmutex created [] (attribute=0x12): sq_id = 40
HLE: W PPU[1] Thread (CPUThread)[0x00bc7058]sys_lwmutex warning: *** lwmutex created [] (attribute=0x12): sq_id = 41
HLE: W PPU[1] Thread (CPUThread)[0x00bc70f4]sys_lwcond warning: Recursive lwmutex(sq=41)
HLE: W PPU[1] Thread (CPUThread)[0x00bc70f4]sys_lwcond warning: *** lwcond created [] (lwmutex_addr=0xa76720): id = 42
HLE: W PPU[1] Thread (CPUThread)[0x00bc70f4]sys_lwcond warning: Recursive lwmutex(sq=41)
HLE: W PPU[1] Thread (CPUThread)[0x00bc70f4]sys_lwcond warning: *** lwcond created [] (lwmutex_addr=0xa76720): id = 43
HLE: W PPU[1] Thread (CPUThread)[0x00bc70f4]sys_lwcond warning: Recursive lwmutex(sq=41)
HLE: W PPU[1] Thread (CPUThread)[0x00bc70f4]sys_lwcond warning: *** lwcond created [] (lwmutex_addr=0xa76720): id = 44
HLE: W PPU[1] Thread (CPUThread)[0x00bc70f4]sys_lwcond warning: Recursive lwmutex(sq=41)
HLE: W PPU[1] Thread (CPUThread)[0x00bc70f4]sys_lwcond warning: *** lwcond created [] (lwmutex_addr=0xa76720): id = 45
HLE: W PPU[1] Thread (CPUThread)[0x00bc7058]sys_lwmutex warning: *** lwmutex created [G] (attribute=0x12): sq_id = 46
HLE: W PPU[1] Thread (CPUThread)[0x00bc70f4]sys_lwcond warning: Recursive lwmutex(sq=46)
HLE: W PPU[1] Thread (CPUThread)[0x00bc70f4]sys_lwcond warning: *** lwcond created [] (lwmutex_addr=0xa767d0): id = 47
HLE: W PPU[1] Thread (CPUThread)[0x00bc7058]sys_lwmutex warning: *** lwmutex created [] (attribute=0x12): sq_id = 48
HLE: W PPU[1] Thread (CPUThread)[0x00bc7058]sys_lwmutex warning: *** lwmutex created [] (attribute=0x12): sq_id = 49
HLE: W PPU[1] Thread (CPUThread)[0x00bc70f4]sys_lwcond warning: Recursive lwmutex(sq=49)
HLE: W PPU[1] Thread (CPUThread)[0x00bc70f4]sys_lwcond warning: *** lwcond created [] (lwmutex_addr=0xa64c88): id = 50
HLE: W PPU[1] Thread (CPUThread)[0x00bc7058]sys_lwmutex warning: *** lwmutex created [] (attribute=0x12): sq_id = 51
HLE: W PPU[1] Thread (CPUThread)[0x00bc70f4]sys_lwcond warning: Recursive lwmutex(sq=51)
HLE: W PPU[1] Thread (CPUThread)[0x00bc70f4]sys_lwcond warning: *** lwcond created [] (lwmutex_addr=0xa43428): id = 52
HLE: W PPU[1] Thread (CPUThread)[0x001efc8c]memory warning: sys_memory_get_user_memory_size(mem_info_addr=0xd0010cc0)
HLE: W PPU[1] Thread (CPUThread)[0x0092c010]cellSysmodule warning: cellSysmoduleLoadModule(CELL_SYSMODULE_FS)
HLE: W PPU[1] Thread (CPUThread)[0x0092c010]cellSysmodule warning: cellSysmoduleLoadModule(CELL_SYSMODULE_SPURS)
HLE: W PPU[1] Thread (CPUThread)[0x0092c010]cellSysmodule warning: cellSysmoduleLoadModule(CELL_SYSMODULE_IO)
HLE: W PPU[1] Thread (CPUThread)[0x0092c010]cellSysmodule warning: cellSysmoduleLoadModule(CELL_SYSMODULE_RTC)
HLE: W PPU[1] Thread (CPUThread)[0x0092c010]cellSysmodule warning: cellSysmoduleLoadModule(CELL_SYSMODULE_NET)
HLE: W PPU[1] Thread (CPUThread)[0x0092c010]cellSysmodule warning: cellSysmoduleLoadModule(CELL_SYSMODULE_NETCTL)
HLE: W PPU[1] Thread (CPUThread)[0x0092c010]cellSysmodule warning: cellSysmoduleLoadModule(CELL_SYSMODULE_HTTP)
HLE: W PPU[1] Thread (CPUThread)[0x0092c010]cellSysmodule warning: cellSysmoduleLoadModule(CELL_SYSMODULE_HTTPS)
HLE: W PPU[1] Thread (CPUThread)[0x0092c010]cellSysmodule warning: cellSysmoduleLoadModule((null))
HLE: W PPU[1] Thread (CPUThread)[0x0092c010]cellSysmodule warning: cellSysmoduleLoadModule(CELL_SYSMODULE_AUDIO)
HLE: W PPU[1] Thread (CPUThread)[0x0092c010]cellSysmodule warning: cellSysmoduleLoadModule(CELL_SYSMODULE_CAMERA)
HLE: W PPU[1] Thread (CPUThread)[0x0092c010]cellSysmodule warning: cellSysmoduleLoadModule(CELL_SYSMODULE_MIC)
HLE: W PPU[1] Thread (CPUThread)[0x0092c010]cellSysmodule warning: cellSysmoduleLoadModule(CELL_SYSMODULE_GEM)
HLE: W PPU[1] Thread (CPUThread)[0x0092c010]cellSysmodule warning: cellSysmoduleLoadModule(CELL_SYSMODULE_SYSUTIL)
HLE: W PPU[1] Thread (CPUThread)[0x0092c010]cellSysmodule warning: cellSysmoduleLoadModule(CELL_SYSMODULE_SYSUTIL_SAVEDATA)
HLE: W PPU[1] Thread (CPUThread)[0x0092c010]cellSysmodule warning: cellSysmoduleLoadModule(CELL_SYSMODULE_GCM_SYS)
HLE: W PPU[1] Thread (CPUThread)[0x0092c010]cellSysmodule warning: cellSysmoduleLoadModule(CELL_SYSMODULE_USBD)
HLE: W PPU[1] Thread (CPUThread)[0x0092c010]cellSysmodule warning: cellSysmoduleLoadModule(CELL_SYSMODULE_SYSUTIL_NP_TROPHY)
HLE: W PPU[1] Thread (CPUThread)[0x0092c010]cellSysmodule warning: cellSysmoduleLoadModule(CELL_SYSMODULE_SYSUTIL_NP)
HLE: W PPU[1] Thread (CPUThread)[0x0092c010]cellSysmodule warning: cellSysmoduleLoadModule(CELL_SYSMODULE_SYSUTIL_GAME)
HLE: W PPU[1] Thread (CPUThread)[0x0092c010]cellSysmodule warning: cellSysmoduleLoadModule(CELL_SYSMODULE_AVCONF_EXT)
HLE: W PPU[1] Thread (CPUThread)[0x00bb50e8]cellSysutil warning: cellSysutilRegisterCallback(slot=0, func_addr=0x9bae80, userdata=0x0)
HLE: W PPU[1] Thread (CPUThread)[0x0038b92c]sys_spu warning: sys_spu_initialize(max_usable_spu=6, max_raw_spu=0)
HLE: W PPU[1] Thread (CPUThread)[0x0092a0b8]cellSpurs warning: _cellSpursAttributeInitialize(attr_addr=0xd0010790, nSpus=2, spuPriority=3342336, ppuPriority=5, exitIfNoWork=128)
HLE: W PPU[1] Thread (CPUThread)[0x0092a0e8]cellSpurs warning: cellSpursInitializeWithAttribute(spurs_addr=0xa40a80, spurs_addr=0xd0010790)
HLE: W PPU[1] Thread (CPUThread)[0x0054c420]sys_event warning: sys_event_queue_create(equeue_id_addr=0xa40990, attr_addr=0xd00106c4, event_queue_key=0x0, size=127)
HLE: W PPU[1] Thread (CPUThread)[0x0054c420]sys_event warning: *** event_queue created [] (protocol=0x2, type=0x1): id = 53
PPU: ! PPU[1] Thread (CPUThread)[0x00bc7028]*** New PPU Thread [Job Manager Event Handler] (flags=0x1, entry=0x9d0610): id = 54
HLE: W PPU[1] Thread (CPUThread)[0x0054c464]sys_event warning: sys_event_port_create(eport_id_addr=0xa409a4, port_type=0x1, name=0xd0a77)
HLE: W PPU[1] Thread (CPUThread)[0x0054c464]sys_event warning: *** sys_event_port created: id = 55
HLE: W PPU[1] Thread (CPUThread)[0x0054c474]sys_event warning: sys_event_port_connect_local(eport_id=55, equeue_id=53)
HLE: W PPU[1] Thread (CPUThread)[0x0092a0f4]cellSpurs warning: cellSpursAttachLv2EventQueue(spurs_addr=0xa40a80, queue=0x35, port_addr=0xd00106c0, isDynamic=0)
HLE: W PPU[1] Thread (CPUThread)[0x0092a0b8]cellSpurs warning: _cellSpursAttributeInitialize(attr_addr=0xd0010990, nSpus=2, spuPriority=3342336, ppuPriority=1, exitIfNoWork=255)
HLE: W PPU[1] Thread (CPUThread)[0x0092a0e8]cellSpurs warning: cellSpursInitializeWithAttribute(spurs_addr=0xa41a80, spurs_addr=0xd0010990)
HLE: W PPU[1] Thread (CPUThread)[0x0054c420]sys_event warning: sys_event_queue_create(equeue_id_addr=0xa409b8, attr_addr=0xd00106c4, event_queue_key=0x0, size=127)
HLE: W PPU[1] Thread (CPUThread)[0x0054c420]sys_event warning: *** event_queue created [] (protocol=0x2, type=0x1): id = 56
PPU: ! PPU[1] Thread (CPUThread)[0x00bc7028]*** New PPU Thread [Job Manager Event Handler] (flags=0x1, entry=0x9d0610): id = 57
HLE: W PPU[1] Thread (CPUThread)[0x0054c464]sys_event warning: sys_event_port_create(eport_id_addr=0xa409cc, port_type=0x1, name=0xd0a77)
HLE: W PPU[1] Thread (CPUThread)[0x0054c464]sys_event warning: *** sys_event_port created: id = 58
HLE: W PPU[1] Thread (CPUThread)[0x0054c474]sys_event warning: sys_event_port_connect_local(eport_id=58, equeue_id=56)
HLE: W PPU[1] Thread (CPUThread)[0x0092a0f4]cellSpurs warning: cellSpursAttachLv2EventQueue(spurs_addr=0xa41a80, queue=0x38, port_addr=0xd00106c0, isDynamic=0)
HLE: E PPU[1] Thread (CPUThread)[0x0092a01c]cellSpurs error: cellSpursGetInfo(spurs_addr=0xa40a80, info_addr=0xd0010220)
HLE: E PPU[1] Thread (CPUThread)[0x0092a130]TODO: _cellSpursWorkloadAttributeInitialize
HLE: E PPU[1] Thread (CPUThread)[0x0092a040]TODO: cellSpursWorkloadAttributeSetName
HLE: E PPU[1] Thread (CPUThread)[0x0092a100]TODO: cellSpursAddWorkloadWithAttribute
HLE: E PPU[1] Thread (CPUThread)[0x0092a010]TODO: cellSpursRequestIdleSpu
HLE: E PPU[1] Thread (CPUThread)[0x0092a124]cellSpurs error: Unimplemented function: cellSpurssetExceptionEventHandler
HLE: W PPU[1] Thread (CPUThread)[0x00bb7058]cellGame warning: cellGameBootCheck(type_addr=0xd001087c, attributes_addr=0xd0010878, size_addr=0xd001089c, dirName_addr=0xd0010a68)
HLE: W PPU[1] Thread (CPUThread)[0x00bb7034]cellGame warning: cellGameGetParamInt(id=102, value_addr=0xd0010884)
HLE: W PPU[1] Thread (CPUThread)[0x00bb7004]cellGame warning: cellGameGetParamString(id=100, buf_addr=0xd0010890, bufsize=10)
HLE: W PPU[1] Thread (CPUThread)[0x00bb7004]cellGame warning: cellGameGetParamString(id=0, buf_addr=0xd00108e8, bufsize=128)
HLE: W PPU[1] Thread (CPUThread)[0x00bb7004]cellGame warning: cellGameGetParamString(id=106, buf_addr=0xd0010888, bufsize=6)
HLE: W PPU[1] Thread (CPUThread)[0x00bb701c]cellGame warning: cellGameContentPermit(contentInfoPath_addr=0xd00109e8, usrdirPath_addr=0xd0010968)
HLE: W PPU[1] Thread (CPUThread)[0x00bb5070]cellSysutil warning: cellSysutilGetSystemParamInt: CELL_SYSUTIL_SYSTEMPARAM_ID_LANG
HLE: W PPU[1] Thread (CPUThread)[0x00bb5070]cellSysutil warning: cellSysutilGetSystemParamInt: CELL_SYSUTIL_SYSTEMPARAM_ID_ENTER_BUTTON_ASSIGN
HLE: W PPU[1] Thread (CPUThread)[0x00bb5070]cellSysutil warning: cellSysutilGetSystemParamInt: CELL_SYSUTIL_SYSTEMPARAM_ID_DATE_FORMAT
HLE: W PPU[1] Thread (CPUThread)[0x00bb5070]cellSysutil warning: cellSysutilGetSystemParamInt: CELL_SYSUTIL_SYSTEMPARAM_ID_TIME_FORMAT
HLE: W PPU[1] Thread (CPUThread)[0x00bb5070]cellSysutil warning: cellSysutilGetSystemParamInt: CELL_SYSUTIL_SYSTEMPARAM_ID_GAME_PARENTAL_LEVEL
HLE: W PPU[1] Thread (CPUThread)[0x00bb50dc]cellSysutil warning: cellSysutilGetSystemParamString: CELL_SYSUTIL_SYSTEMPARAM_ID_CURRENT_USERNAME
HLE: W PPU[1] Thread (CPUThread)[0x00bb50dc]cellSysutil warning: cellSysutilGetSystemParamString: CELL_SYSUTIL_SYSTEMPARAM_ID_NICKNAME
HLE: W PPU[1] Thread (CPUThread)[0x00bb5094]cellSysutil warning: cellVideoOutGetNumberOfDevice(videoOut=0)
HLE: W PPU[1] Thread (CPUThread)[0x00bb5034]cellSysutil warning: cellVideoOutGetDeviceInfo(videoOut=0, deviceIndex=0, info_addr=0xd00107d8)
HLE: W PPU[1] Thread (CPUThread)[0x00bb5100]cellSysutil warning: cellVideoOutGetResolutionAvailability(videoOut=0, resolutionId=0x1, option_addr=0x0, aspect=0x0, option=0x69124be0)
MEM: E PPU[1] Thread (CPUThread)[0x0013af9c]Read8 from null block: [00000000]
HLE: W PPU[1] Thread (CPUThread)[0x00bb5010]cellSysutil warning: cellVideoOutConfigure(videoOut=0, config_addr=0x0, option_addr=0x0, waitForEvent=0x0)
HLE: W PPU[1] Thread (CPUThread)[0x00bbf01c]cellGcmSys warning: cellGcmInit(context_addr=0xba29e4,cmdSize=0x10000,ioSize=0x7900000,ioAddress=0x30500000)
HLE: W PPU[1] Thread (CPUThread)[0x00bbf01c]cellGcmSys warning: *** local memory(addr=0xc0000000, size=0xf900000)
HLE: W PPU[1] Thread (CPUThread)[0x00bbf01c]cellGcmSys warning: cellGcmMapEaIoAddress(ea=0x30500000, io=0x0, size=0x7900000)
RSX: ! RSXThreadRSX thread started
HLE: W PPU[1] Thread (CPUThread)[0x00bb5100]cellSysutil warning: cellVideoOutGetResolutionAvailability(videoOut=0, resolutionId=0x2, option_addr=0x0, aspect=0x0, option=0x69124400)
HLE: W PPU[1] Thread (CPUThread)[0x00bb5010]cellSysutil warning: cellVideoOutConfigure(videoOut=0, config_addr=0xd00109ac, option_addr=0x0, waitForEvent=0x0)
HLE: W PPU[1] Thread (CPUThread)[0x00bbf070]cellGcmSys warning: cellGcmSetFlipMode(mode=2)
MEM: E PPU[1] Thread (CPUThread)[0x005467a8]Read16 from null block: [0000060a]
MEM: E PPU[1] Thread (CPUThread)[0x0013a634]Read16 from null block: [00000000]
MEM: E PPU[1] Thread (CPUThread)[0x0013ba20]Read16 from null block: [00000000]
HLE: W PPU[1] Thread (CPUThread)[0x00bbf0f4]cellGcmSys warning: cellGcmSetTileInfo(index=0, location=0, offset=65536, size=3801088, pitch=5120, comp=11, base=1, bank=1)
HLE: E PPU[1] Thread (CPUThread)[0x00bbf0f4]cellGcmSys error: cellGcmSetTileInfo: bad compression mode! (11)
HLE: W PPU[1] Thread (CPUThread)[0x00bbf064]cellGcmSys warning: cellGcmBindTile(index=0)
HLE: W PPU[1] Thread (CPUThread)[0x00bbf094]cellGcmSys warning: cellGcmBindZcull(index=0)
HLE: W PPU[1] Thread (CPUThread)[0x00bbf0f4]cellGcmSys warning: cellGcmSetTileInfo(index=1, location=0, offset=3866624, size=18546688, pitch=5120, comp=7, base=59, bank=0)
HLE: E PPU[1] Thread (CPUThread)[0x00bbf0f4]cellGcmSys error: cellGcmSetTileInfo: bad compression mode! (7)
HLE: W PPU[1] Thread (CPUThread)[0x00bbf064]cellGcmSys warning: cellGcmBindTile(index=1)
HLE: W PPU[1] Thread (CPUThread)[0x00bbf0ac]cellGcmSys warning: cellGcmSetFlipHandler(handler_addr=10192864)
HLE: E PPU[1] Thread (CPUThread)[0x0092a01c]cellSpurs error: cellSpursGetInfo(spurs_addr=0xa40a80, info_addr=0xd00104d0)
HLE: E PPU[1] Thread (CPUThread)[0x0092a130]TODO: _cellSpursWorkloadAttributeInitialize
HLE: E PPU[1] Thread (CPUThread)[0x0092a040]TODO: cellSpursWorkloadAttributeSetName
HLE: E PPU[1] Thread (CPUThread)[0x0092a100]TODO: cellSpursAddWorkloadWithAttribute
HLE: E PPU[1] Thread (CPUThread)[0x0092a010]TODO: cellSpursRequestIdleSpu
HLE: E PPU[1] Thread (CPUThread)[0x0092a124]cellSpurs error: Unimplemented function: cellSpurssetExceptionEventHandler
HLE: W PPU[1] Thread (CPUThread)[0x00351894]sys_semaphore warning: sys_semaphore_create(sem_addr=0xa94498, attr_addr=0xd00109d0, initial_count=0, max_count=1)
HLE: ! PPU[1] Thread (CPUThread)[0x00351894]*** semaphore created [] (protocol=0x2): id = 59
PPU: ! PPU[1] Thread (CPUThread)[0x00bc7028]*** New PPU Thread [Edge Geom Task Kicker] (flags=0x1, entry=0x9bec68): id = 60
HLE: E PPU[1] Thread (CPUThread)[0x0092a01c]cellSpurs error: cellSpursGetInfo(spurs_addr=0xa40a80, info_addr=0xd0010520)
HLE: E PPU[1] Thread (CPUThread)[0x0092a130]TODO: _cellSpursWorkloadAttributeInitialize
HLE: E PPU[1] Thread (CPUThread)[0x0092a040]TODO: cellSpursWorkloadAttributeSetName
HLE: E PPU[1] Thread (CPUThread)[0x0092a100]TODO: cellSpursAddWorkloadWithAttribute
HLE: E PPU[1] Thread (CPUThread)[0x0092a010]TODO: cellSpursRequestIdleSpu
HLE: E PPU[1] Thread (CPUThread)[0x0092a124]cellSpurs error: Unimplemented function: cellSpurssetExceptionEventHandler
HLE: W PPU[1] Thread (CPUThread)[0x00350be8]sys_semaphore warning: sys_semaphore_create(sem_addr=0xa93c10, attr_addr=0xd00109d0, initial_count=0, max_count=1)
HLE: ! PPU[1] Thread (CPUThread)[0x00350be8]*** semaphore created [] (protocol=0x2): id = 61
PPU: ! PPU[1] Thread (CPUThread)[0x00bc7028]*** New PPU Thread [SPU Light Task Kicker] (flags=0x1, entry=0x9bec48): id = 62
RSX: W RSXThreadNV4097_SET_COLOR_MASK_MRT: fff0
RSX: W RSXThreadTODO: unknown/illegal method [0x00001fcc](0x6f)
RSX: W RSXThreadTODO: cellGcmSetContextDmaReport(0xfeed0001)
RSX: W RSXThreadTODO: unknown/illegal method [0x00001450](0x80004)
HLE: W PPU[1] Thread (CPUThread)[0x00bb9010]sceNpTrophy warning: sceNpTrophyCreateHandle(handle_addr=0xb03be0)
HLE: W PPU[1] Thread (CPUThread)[0x00bb9070]sceNpTrophy warning: sceNpTrophyCreateContext(context_addr=0xb03bdc, commID_addr=0x744a0c, commSign_addr=0x7447ec, options=0x0)
HLE: W PPU[1] Thread (CPUThread)[0x00bb901c]sceNpTrophy warning: sceNpTrophyGetRequiredDiskSpace(context=0, handle=0, reqspace_addr=0xb03be8, options=0x0)
HLE: W PPU[1] Thread (CPUThread)[0x003bf7f0]sys_event warning: sys_event_queue_create(equeue_id_addr=0xb03bc4, attr_addr=0xd0010b90, event_queue_key=0x0, size=127)
HLE: W PPU[1] Thread (CPUThread)[0x003bf7f0]sys_event warning: *** event_queue created [] (protocol=0x1, type=0x1): id = 63
HLE: W PPU[1] Thread (CPUThread)[0x003bf808]sys_event warning: sys_event_port_create(eport_id_addr=0xb03bc8, port_type=0x1, name=0x0)
HLE: W PPU[1] Thread (CPUThread)[0x003bf808]sys_event warning: *** sys_event_port created: id = 64
HLE: W PPU[1] Thread (CPUThread)[0x003bf818]sys_event warning: sys_event_port_connect_local(eport_id=64, equeue_id=63)
PPU: ! PPU[1] Thread (CPUThread)[0x00bc7028]*** New PPU Thread [Trophy Thread] (flags=0x1, entry=0x9c03e8): id = 65
HLE: W PPU[1] Thread (CPUThread)[0x00bb7040]cellGame warning: cellGameDataCheck(type=0x3, dirName_addr=0x744b12, size_addr=0xd0010610)
HLE: W PPU[1] Thread (CPUThread)[0x00bb7040]cellGame warning: cellGameDataCheck(): '/dev_hdd0/game/BCES01143' directory not found
HLE: W PPU[1] Thread (CPUThread)[0x00bb701c]cellGame warning: cellGameContentPermit(contentInfoPath_addr=0xd00107e0, usrdirPath_addr=0xd0010660)
HLE: W PPU[1] Thread (CPUThread)[0x00bb701c]cellGame warning: cellGameContentPermit(): CELL_GAME_ERROR_FAILURE (no permission given)
HLE: W PPU[1] Thread (CPUThread)[0x0092c010]cellSysmodule warning: cellSysmoduleLoadModule(CELL_SYSMODULE_IO)
HLE: W PPU[1] Thread (CPUThread)[0x0092c010]cellSysmodule warning: cellSysmoduleLoadModule(CELL_SYSMODULE_FS)
HLE: W PPU[1] Thread (CPUThread)[0x00bc7058]sys_lwmutex warning: *** lwmutex created [opWait] (attribute=0x12): sq_id = 66
HLE: W PPU[1] Thread (CPUThread)[0x00bc70f4]sys_lwcond warning: Recursive lwmutex(sq=66)
HLE: W PPU[1] Thread (CPUThread)[0x00bc70f4]sys_lwcond warning: *** lwcond created [opWait] (lwmutex_addr=0x304f94e0): id = 67
HLE: W PPU[1] Thread (CPUThread)[0x00bc7058]sys_lwmutex warning: *** lwmutex created [s_media] (attribute=0x12): sq_id = 68
HLE: W PPU[1] Thread (CPUThread)[0x00bc7058]sys_lwmutex warning: *** lwmutex created [media.m] (attribute=0x12): sq_id = 69
HLE: W PPU[1] Thread (CPUThread)[0x00bc7058]sys_lwmutex warning: *** lwmutex created [ps3medi] (attribute=0x12): sq_id = 70
HLE: W PPU[1] Thread (CPUThread)[0x00bc7058]sys_lwmutex warning: *** lwmutex created [ps3medi] (attribute=0x12): sq_id = 71
HLE: W PPU[1] Thread (CPUThread)[0x00bc70f4]sys_lwcond warning: Recursive lwmutex(sq=71)
HLE: W PPU[1] Thread (CPUThread)[0x00bc70f4]sys_lwcond warning: *** lwcond created [ps3medi] (lwmutex_addr=0x304fdc00): id = 72
HLE: W PPU[1] Thread (CPUThread)[0x00bc70f4]sys_lwcond warning: Recursive lwmutex(sq=71)
HLE: W PPU[1] Thread (CPUThread)[0x00bc70f4]sys_lwcond warning: *** lwcond created [ps3medi] (lwmutex_addr=0x304fdc00): id = 73
HLE: W PPU[1] Thread (CPUThread)[0x00bc7058]sys_lwmutex warning: *** lwmutex created [media.m] (attribute=0x12): sq_id = 74
HLE: W PPU[1] Thread (CPUThread)[0x00bc70f4]sys_lwcond warning: Recursive lwmutex(sq=74)
HLE: W PPU[1] Thread (CPUThread)[0x00bc70f4]sys_lwcond warning: *** lwcond created [media.m] (lwmutex_addr=0x304fdc68): id = 75
HLE: W PPU[1] Thread (CPUThread)[0x00bc7058]sys_lwmutex warning: *** lwmutex created [ps3medi] (attribute=0x12): sq_id = 76
HLE: W PPU[1] Thread (CPUThread)[0x00bc70f4]sys_lwcond warning: Recursive lwmutex(sq=76)
HLE: W PPU[1] Thread (CPUThread)[0x00bc70f4]sys_lwcond warning: *** lwcond created [ps3medi] (lwmutex_addr=0x304fdfd0): id = 77
HLE: W PPU[1] Thread (CPUThread)[0x00bc70f4]sys_lwcond warning: Recursive lwmutex(sq=76)
HLE: W PPU[1] Thread (CPUThread)[0x00bc70f4]sys_lwcond warning: *** lwcond created [ps3medi] (lwmutex_addr=0x304fdfd0): id = 78
HLE: W PPU[1] Thread (CPUThread)[0x00bc7058]sys_lwmutex warning: *** lwmutex created [media.m] (attribute=0x12): sq_id = 79
HLE: W PPU[1] Thread (CPUThread)[0x00bc7058]sys_lwmutex warning: *** lwmutex created [overlay] (attribute=0x12): sq_id = 80
HLE: W PPU[1] Thread (CPUThread)[0x00bc70f4]sys_lwcond warning: Recursive lwmutex(sq=80)
HLE: W PPU[1] Thread (CPUThread)[0x00bc70f4]sys_lwcond warning: *** lwcond created [overlay] (lwmutex_addr=0x304fe188): id = 81
HLE: W PPU[1] Thread (CPUThread)[0x00bc70f4]sys_lwcond warning: Recursive lwmutex(sq=80)
HLE: W PPU[1] Thread (CPUThread)[0x00bc70f4]sys_lwcond warning: *** lwcond created [overlay] (lwmutex_addr=0x304fe188): id = 82
HLE: W PPU[1] Thread (CPUThread)[0x00bc7058]sys_lwmutex warning: *** lwmutex created [readdir] (attribute=0x12): sq_id = 83
HLE: W PPU[1] Thread (CPUThread)[0x00bc70f4]sys_lwcond warning: Recursive lwmutex(sq=83)
HLE: W PPU[1] Thread (CPUThread)[0x00bc70f4]sys_lwcond warning: *** lwcond created [readdir] (lwmutex_addr=0x304fea68): id = 84
HLE: W PPU[1] Thread (CPUThread)[0x00bc70f4]sys_lwcond warning: Recursive lwmutex(sq=83)
HLE: W PPU[1] Thread (CPUThread)[0x00bc70f4]sys_lwcond warning: *** lwcond created [readdir] (lwmutex_addr=0x304fea68): id = 85
HLE: E PPU[1] Thread (CPUThread)[0x0092a004]cellSpurs error: Unimplemented function: _cellSpursTasksetAttributeInitialize
HLE: E PPU[1] Thread (CPUThread)[0x0092a094]cellSpurs error: Unimplemented function: cellSpursTasksetAttributeSetName
HLE: E PPU[1] Thread (CPUThread)[0x0092a10c]cellSpurs error: Unimplemented function: cellSpursCreateTasksetWithAttribute
HLE: W PPU[1] Thread (CPUThread)[0x0092a07c]cellSpurs warning: _cellSpursEventFlagInitialize(spurs_addr=0xa40a80, taskset_addr=0x0, eventFlag_addr=0x37e7fc80, flagClearMode=0, flagDirection=1)
HLE: E PPU[1] Thread (CPUThread)[0x0092a0ac]cellSpurs error: cellSpursEventFlagAttachLv2EventQueue(eventFlag_addr=0x37e7fc80)
HLE: E PPU[1] Thread (CPUThread)[0x0092a148]cellSpurs error: Unimplemented function: _cellSpursLFQueueInitialize
HLE: E PPU[1] Thread (CPUThread)[0x0092a160]cellSpurs error: Unimplemented function: cellSpursLFQueueAttachLv2EventQueue
HLE: E PPU[1] Thread (CPUThread)[0x0092a1cc]cellSpurs error: cellSpursCreateTask(taskset_addr=0x37e7e380, taskID_addr=0xd00104b0, elf_addr_addr=0x80a100, context_addr_addr=0x37e7d380, context_size=3072, lsPattern_addr=0x79f8e8, argument_addr=0xd00104b8)
HLE: W PPU[1] Thread (CPUThread)[0x00bc7058]sys_lwmutex warning: *** lwmutex created [media.m] (attribute=0x12): sq_id = 86
HLE: W PPU[1] Thread (CPUThread)[0x00bc7058]sys_lwmutex warning: *** lwmutex created [dearchi] (attribute=0x12): sq_id = 87
HLE: W PPU[1] Thread (CPUThread)[0x00bc70f4]sys_lwcond warning: Recursive lwmutex(sq=87)
HLE: W PPU[1] Thread (CPUThread)[0x00bc70f4]sys_lwcond warning: *** lwcond created [dearchi] (lwmutex_addr=0x304fed08): id = 88
HLE: W PPU[1] Thread (CPUThread)[0x00bc70f4]sys_lwcond warning: Recursive lwmutex(sq=87)
HLE: W PPU[1] Thread (CPUThread)[0x00bc70f4]sys_lwcond warning: *** lwcond created [dearchi] (lwmutex_addr=0x304fed08): id = 89
HLE: W PPU[1] Thread (CPUThread)[0x00bc7058]sys_lwmutex warning: *** lwmutex created [dearchi] (attribute=0x12): sq_id = 90
HLE: W PPU[1] Thread (CPUThread)[0x00bc7058]sys_lwmutex warning: *** lwmutex created [dearchi] (attribute=0x12): sq_id = 91
HLE: W PPU[1] Thread (CPUThread)[0x00bc70f4]sys_lwcond warning: Recursive lwmutex(sq=91)
HLE: W PPU[1] Thread (CPUThread)[0x00bc70f4]sys_lwcond warning: *** lwcond created [dearchi] (lwmutex_addr=0x304fee08): id = 92
HLE: W PPU[1] Thread (CPUThread)[0x00bc7058]sys_lwmutex warning: *** lwmutex created [dearchi] (attribute=0x12): sq_id = 93
HLE: W PPU[1] Thread (CPUThread)[0x00bc7058]sys_lwmutex warning: *** lwmutex created [schedul] (attribute=0x12): sq_id = 94
HLE: W PPU[1] Thread (CPUThread)[0x00bc7058]sys_lwmutex warning: *** lwmutex created [schedul] (attribute=0x12): sq_id = 95
HLE: W PPU[1] Thread (CPUThread)[0x00bc7058]sys_lwmutex warning: *** lwmutex created [schedul] (attribute=0x12): sq_id = 96
HLE: W PPU[1] Thread (CPUThread)[0x00bc70f4]sys_lwcond warning: Recursive lwmutex(sq=96)
HLE: W PPU[1] Thread (CPUThread)[0x00bc70f4]sys_lwcond warning: *** lwcond created [schedul] (lwmutex_addr=0x304ff910): id = 97
HLE: W PPU[1] Thread (CPUThread)[0x00bc70f4]sys_lwcond warning: Recursive lwmutex(sq=96)
HLE: W PPU[1] Thread (CPUThread)[0x00bc70f4]sys_lwcond warning: *** lwcond created [schedul] (lwmutex_addr=0x304ff910): id = 98
HLE: W PPU[1] Thread (CPUThread)[0x00bc7058]sys_lwmutex warning: *** lwmutex created [schedul] (attribute=0x12): sq_id = 99
HLE: W PPU[1] Thread (CPUThread)[0x00bc7058]sys_lwmutex warning: *** lwmutex created [schedul] (attribute=0x12): sq_id = 100
HLE: W PPU[1] Thread (CPUThread)[0x00bc70f4]sys_lwcond warning: Recursive lwmutex(sq=100)
HLE: W PPU[1] Thread (CPUThread)[0x00bc70f4]sys_lwcond warning: *** lwcond created [schedul] (lwmutex_addr=0x304ff9e0): id = 101
HLE: W PPU[1] Thread (CPUThread)[0x00bc70f4]sys_lwcond warning: Recursive lwmutex(sq=100)
HLE: W PPU[1] Thread (CPUThread)[0x00bc70f4]sys_lwcond warning: *** lwcond created [schedul] (lwmutex_addr=0x304ff9e0): id = 102
HLE: W PPU[1] Thread (CPUThread)[0x00bc7058]sys_lwmutex warning: *** lwmutex created [schedul] (attribute=0x12): sq_id = 103
HLE: W PPU[1] Thread (CPUThread)[0x00bc7058]sys_lwmutex warning: *** lwmutex created [schedul] (attribute=0x12): sq_id = 104
HLE: W PPU[1] Thread (CPUThread)[0x00bc70f4]sys_lwcond warning: Recursive lwmutex(sq=104)
HLE: W PPU[1] Thread (CPUThread)[0x00bc70f4]sys_lwcond warning: *** lwcond created [fios wo] (lwmutex_addr=0x304ffa88): id = 105
HLE: W PPU[1] Thread (CPUThread)[0x00bc70f4]sys_lwcond warning: Recursive lwmutex(sq=104)
HLE: W PPU[1] Thread (CPUThread)[0x00bc70f4]sys_lwcond warning: *** lwcond created [fios wo] (lwmutex_addr=0x304ffa88): id = 106
HLE: W PPU[1] Thread (CPUThread)[0x00bc70f4]sys_lwcond warning: Recursive lwmutex(sq=104)
HLE: W PPU[1] Thread (CPUThread)[0x00bc70f4]sys_lwcond warning: *** lwcond created [fios wo] (lwmutex_addr=0x304ffa88): id = 107
PPU: ! PPU[1] Thread (CPUThread)[0x00bc7028]*** New PPU Thread [fios mediathread 2] (flags=0x1, entry=0x9d0778): id = 108
PPU: ! PPU[1] Thread (CPUThread)[0x00bc7028]*** New PPU Thread [fios mediathread 3] (flags=0x1, entry=0x9d0778): id = 109
PPU: ! PPU[1] Thread (CPUThread)[0x00bc7028]*** New PPU Thread [fios mediathread 4] (flags=0x1, entry=0x9d0778): id = 110
PPU: ! PPU[1] Thread (CPUThread)[0x00bc7028]*** New PPU Thread [fios scheduler 1] (flags=0x1, entry=0x9d0778): id = 111
HLE: W PPU[65] Thread (Trophy Thread)[0x00bb9010]sceNpTrophy warning: sceNpTrophyCreateHandle(handle_addr=0xd0060cb0)
MEM: E PPU[1] Thread (CPUThread)[0x000b45f0]Write8 to null block: [0000000c]: 1
HLE: W PPU[65] Thread (Trophy Thread)[0x00bb9070]sceNpTrophy warning: sceNpTrophyCreateContext(context_addr=0xd0060cb4, commID_addr=0x7448e0, commSign_addr=0x7448ec, options=0x1)
MEM: E PPU[1] Thread (CPUThread)[0x000b45f0]Write8 to null block: [0000000c]: 1
MEM: E PPU[1] Thread (CPUThread)[0x000b45f0]Write8 to null block: [0000000c]: 1
MEM: E PPU[1] Thread (CPUThread)[0x000b45f0]Write8 to null block: [0000000c]: 1
MEM: E PPU[1] Thread (CPUThread)[0x000b45f0]Write8 to null block: [0000000c]: 1
MEM: E PPU[1] Thread (CPUThread)[0x000b45f0]Write8 to null block: [0000000c]: 1
MEM: E PPU[1] Thread (CPUThread)[0x000b45f0]Write8 to null block: [0000000c]: 1
MEM: E PPU[1] Thread (CPUThread)[0x000b45f0]Write8 to null block: [0000000c]: 1
MEM: E PPU[1] Thread (CPUThread)[0x000b45f0]Write8 to null block: [0000000c]: 1
MEM: E PPU[1] Thread (CPUThread)[0x000b45f0]Write8 to null block: [0000000c]: 1
MEM: E PPU[1] Thread (CPUThread)[0x000b45f0]Write8 to null block: [0000000c]: 1
MEM: E PPU[1] Thread (CPUThread)[0x000b45f0]Write8 to null block: [0000000c]: 1
MEM: E PPU[1] Thread (CPUThread)[0x000b45f0]Write8 to null block: [0000000c]: 1
HLE: W PPU[65] Thread (Trophy Thread)[0x00bb9064]sceNpTrophy warning: sceNpTrophyGetTrophyUnlockState(context=0, handle=0, flags_addr=0xd0060cbc, count_addr=0xd0060cb8)
MEM: E PPU[1] Thread (CPUThread)[0x000b45f0]Write8 to null block: [0000000c]: 1
MEM: E PPU[1] Thread (CPUThread)[0x000b45f0]Write8 to null block: [0000000c]: 1
MEM: E PPU[1] Thread (CPUThread)[0x000b45f0]Write8 to null block: [0000000c]: 1
MEM: E PPU[1] Thread (CPUThread)[0x000b45f0]Write8 to null block: [0000000c]: 1
MEM: E PPU[1] Thread (CPUThread)[0x000b45f0]Write8 to null block: [0000000c]: 1
MEM: E PPU[1] Thread (CPUThread)[0x000b45f0]Write8 to null block: [0000000c]: 1
MEM: E PPU[1] Thread (CPUThread)[0x000b45f0]Write8 to null block: [0000000c]: 1
MEM: E PPU[1] Thread (CPUThread)[0x000b45f0]Write8 to null block: [0000000c]: 1
MEM: E PPU[1] Thread (CPUThread)[0x000b45f0]Write8 to null block: [0000000c]: 1
MEM: E PPU[1] Thread (CPUThread)[0x000b45f0]Write8 to null block: [0000000c]: 1
MEM: E PPU[1] Thread (CPUThread)[0x000b45f0]Write8 to null block: [0000000c]: 1
MEM: E PPU[1] Thread (CPUThread)[0x000b45f0]Write8 to null block: [0000000c]: 1
MEM: E PPU[1] Thread (CPUThread)[0x000b45f0]Write8 to null block: [0000000c]: 1
MEM: E PPU[1] Thread (CPUThread)[0x000b45f0]Write8 to null block: [0000000c]: 1
MEM: E PPU[1] Thread (CPUThread)[0x000b45f0]Write8 to null block: [0000000c]: 1
MEM: E PPU[1] Thread (CPUThread)[0x000b45f0]Write8 to null block: [0000000c]: 1
MEM: E PPU[1] Thread (CPUThread)[0x000b45f0]Write8 to null block: [0000000c]: 1
MEM: E PPU[1] Thread (CPUThread)[0x000b45f0]Write8 to null block: [0000000c]: 1
MEM: E PPU[1] Thread (CPUThread)[0x000b45f0]Write8 to null block: [0000000c]: 1
MEM: E PPU[1] Thread (CPUThread)[0x000b45f0]Write8 to null block: [0000000c]: 1
MEM: E PPU[1] Thread (CPUThread)[0x000b45f0]Write8 to null block: [0000000c]: 1
MEM: E PPU[1] Thread (CPUThread)[0x000b45f0]Write8 to null block: [0000000c]: 1
MEM: E PPU[1] Thread (CPUThread)[0x000b45f0]Write8 to null block: [0000000c]: 1
MEM: E PPU[1] Thread (CPUThread)[0x000b45f0]Write8 to null block: [0000000c]: 1
MEM: E PPU[1] Thread (CPUThread)[0x000b45f0]Write8 to null block: [0000000c]: 1
MEM: E PPU[1] Thread (CPUThread)[0x000b45f0]Write8 to null block: [0000000c]: 1
MEM: E PPU[1] Thread (CPUThread)[0x000b45f0]Write8 to null block: [0000000c]: 1
MEM: E PPU[1] Thread (CPUThread)[0x000b45f0]Write8 to null block: [0000000c]: 1
MEM: E PPU[1] Thread (CPUThread)[0x000b45f0]Write8 to null block: [0000000c]: 1
MEM: E PPU[1] Thread (CPUThread)[0x000b45f0]Write8 to null block: [0000000c]: 1
MEM: E PPU[1] Thread (CPUThread)[0x000b45f0]Write8 to null block: [0000000c]: 1
MEM: E PPU[1] Thread (CPUThread)[0x000b45f0]Write8 to null block: [0000000c]: 1
MEM: E PPU[1] Thread (CPUThread)[0x000b45f0]Write8 to null block: [0000000c]: 1
MEM: E PPU[1] Thread (CPUThread)[0x000b45f0]Write8 to null block: [0000000c]: 1
MEM: E PPU[1] Thread (CPUThread)[0x000b45f0]Write8 to null block: [0000000c]: 1
MEM: E PPU[1] Thread (CPUThread)[0x000b45f0]Write8 to null block: [0000000c]: 1
MEM: E PPU[1] Thread (CPUThread)[0x000b45f0]Write8 to null block: [0000000c]: 1
MEM: E PPU[1] Thread (CPUThread)[0x000b45f0]Write8 to null block: [0000000c]: 1
MEM: E PPU[1] Thread (CPUThread)[0x000b45f0]Write8 to null block: [0000000c]: 1
MEM: E PPU[1] Thread (CPUThread)[0x000b45f0]Write8 to null block: [0000000c]: 1
MEM: E PPU[1] Thread (CPUThread)[0x000b45f0]Write8 to null block: [0000000c]: 1
MEM: E PPU[1] Thread (CPUThread)[0x000b45f0]Write8 to null block: [0000000c]: 1
MEM: E PPU[1] Thread (CPUThread)[0x000b45f0]Write8 to null block: [0000000c]: 1
MEM: E PPU[1] Thread (CPUThread)[0x000b45f0]Write8 to null block: [0000000c]: 1
MEM: E PPU[1] Thread (CPUThread)[0x000b45f0]Write8 to null block: [0000000c]: 1
MEM: E PPU[1] Thread (CPUThread)[0x000b45f0]Write8 to null block: [0000000c]: 1
MEM: E PPU[1] Thread (CPUThread)[0x000b45f0]Write8 to null block: [0000000c]: 1
MEM: E PPU[1] Thread (CPUThread)[0x000b45f0]Write8 to null block: [0000000c]: 1
MEM: E PPU[1] Thread (CPUThread)[0x000b45f0]Write8 to null block: [0000000c]: 1
MEM: E PPU[1] Thread (CPUThread)[0x000b45f0]Write8 to null block: [0000000c]: 1
MEM: E PPU[1] Thread (CPUThread)[0x000b45f0]Write8 to null block: [0000000c]: 1
MEM: E PPU[1] Thread (CPUThread)[0x000b45f0]Write8 to null block: [0000000c]: 1
MEM: E PPU[1] Thread (CPUThread)[0x000b45f0]Write8 to null block: [0000000c]: 1
MEM: E PPU[1] Thread (CPUThread)[0x000b45f0]Write8 to null block: [0000000c]: 1
MEM: E PPU[1] Thread (CPUThread)[0x000b45f0]Write8 to null block: [0000000c]: 1
MEM: E PPU[1] Thread (CPUThread)[0x000b45f0]Write8 to null block: [0000000c]: 1
MEM: E PPU[1] Thread (CPUThread)[0x000b45f0]Write8 to null block: [0000000c]: 1
MEM: E PPU[1] Thread (CPUThread)[0x000b45f0]Write8 to null block: [0000000c]: 1
MEM: E PPU[1] Thread (CPUThread)[0x000b45f0]Write8 to null block: [0000000c]: 1
MEM: E PPU[1] Thread (CPUThread)[0x000b45f0]Write8 to null block: [0000000c]: 1
MEM: E PPU[1] Thread (CPUThread)[0x000b45f0]Write8 to null block: [0000000c]: 1
MEM: E PPU[1] Thread (CPUThread)[0x000b45f0]Write8 to null block: [0000000c]: 1
MEM: E PPU[1] Thread (CPUThread)[0x000b45f0]Write8 to null block: [0000000c]: 1
MEM: E PPU[1] Thread (CPUThread)[0x000b45f0]Write8 to null block: [0000000c]: 1
MEM: E PPU[1] Thread (CPUThread)[0x000b45f0]Write8 to null block: [0000000c]: 1
MEM: E PPU[1] Thread (CPUThread)[0x000b45f0]Write8 to null block: [0000000c]: 1
MEM: E PPU[1] Thread (CPUThread)[0x000b45f0]Write8 to null block: [0000000c]: 1
MEM: E PPU[1] Thread (CPUThread)[0x000b45f0]Write8 to null block: [0000000c]: 1
MEM: E PPU[1] Thread (CPUThread)[0x000b45f0]Write8 to null block: [0000000c]: 1
MEM: E PPU[1] Thread (CPUThread)[0x000b45f0]Write8 to null block: [0000000c]: 1
MEM: E PPU[1] Thread (CPUThread)[0x000b45f0]Write8 to null block: [0000000c]: 1
MEM: E PPU[1] Thread (CPUThread)[0x000b45f0]Write8 to null block: [0000000c]: 1
MEM: E PPU[1] Thread (CPUThread)[0x000b45f0]Write8 to null block: [0000000c]: 1
MEM: E PPU[1] Thread (CPUThread)[0x000b45f0]Write8 to null block: [0000000c]: 1
MEM: E PPU[1] Thread (CPUThread)[0x000b45f0]Write8 to null block: [0000000c]: 1
MEM: E PPU[1] Thread (CPUThread)[0x000b45f0]Write8 to null block: [0000000c]: 1
MEM: E PPU[1] Thread (CPUThread)[0x000b45f0]Write8 to null block: [0000000c]: 1
MEM: E PPU[1] Thread (CPUThread)[0x000b45f0]Write8 to null block: [0000000c]: 1
MEM: E PPU[1] Thread (CPUThread)[0x000b45f0]Write8 to null block: [0000000c]: 1
MEM: E PPU[1] Thread (CPUThread)[0x000b45f0]Write8 to null block: [0000000c]: 1
MEM: E PPU[1] Thread (CPUThread)[0x000b45f0]Write8 to null block: [0000000c]: 1
MEM: E PPU[1] Thread (CPUThread)[0x000b45f0]Write8 to null block: [0000000c]: 1
MEM: E PPU[1] Thread (CPUThread)[0x000b45f0]Write8 to null block: [0000000c]: 1
MEM: E PPU[1] Thread (CPUThread)[0x000b45f0]Write8 to null block: [0000000c]: 1
MEM: E PPU[1] Thread (CPUThread)[0x000b45f0]Write8 to null block: [0000000c]: 1
MEM: E PPU[1] Thread (CPUThread)[0x000b45f0]Write8 to null block: [0000000c]: 1
MEM: E PPU[1] Thread (CPUThread)[0x000b45f0]Write8 to null block: [0000000c]: 1
MEM: E PPU[1] Thread (CPUThread)[0x000b45f0]Write8 to null block: [0000000c]: 1
MEM: E PPU[1] Thread (CPUThread)[0x000b45f0]Write8 to null block: [0000000c]: 1
MEM: E PPU[1] Thread (CPUThread)[0x000b45f0]Write8 to null block: [0000000c]: 1
MEM: E PPU[1] Thread (CPUThread)[0x000b45f0]Write8 to null block: [0000000c]: 1
MEM: E PPU[1] Thread (CPUThread)[0x000b45f0]Write8 to null block: [0000000c]: 1
MEM: E PPU[1] Thread (CPUThread)[0x000b45f0]Write8 to null block: [0000000c]: 1
MEM: E PPU[1] Thread (CPUThread)[0x000b45f0]Write8 to null block: [0000000c]: 1
MEM: E PPU[1] Thread (CPUThread)[0x000b45f0]Write8 to null block: [0000000c]: 1
MEM: E PPU[1] Thread (CPUThread)[0x000b45f0]Write8 to null block: [0000000c]: 1
MEM: E PPU[1] Thread (CPUThread)[0x000b45f0]Write8 to null block: [0000000c]: 1
MEM: E PPU[1] Thread (CPUThread)[0x000b45f0]Write8 to null block: [0000000c]: 1
MEM: E PPU[1] Thread (CPUThread)[0x000b45f0]Write8 to null block: [0000000c]: 1
MEM: E PPU[1] Thread (CPUThread)[0x000b45f0]Write8 to null block: [0000000c]: 1
MEM: E PPU[1] Thread (CPUThread)[0x000b45f0]Write8 to null block: [0000000c]: 1
MEM: E PPU[1] Thread (CPUThread)[0x000b45f0]Write8 to null block: [0000000c]: 1
MEM: E PPU[1] Thread (CPUThread)[0x000b45f0]Write8 to null block: [0000000c]: 1
MEM: E PPU[1] Thread (CPUThread)[0x000b45f0]Write8 to null block: [0000000c]: 1
MEM: E PPU[1] Thread (CPUThread)[0x000b45f0]Write8 to null block: [0000000c]: 1
MEM: E PPU[1] Thread (CPUThread)[0x000b45f0]Write8 to null block: [0000000c]: 1
MEM: E PPU[1] Thread (CPUThread)[0x000b45f0]Write8 to null block: [0000000c]: 1
MEM: E PPU[1] Thread (CPUThread)[0x000b45f0]Write8 to null block: [0000000c]: 1
MEM: E PPU[1] Thread (CPUThread)[0x000b45f0]Write8 to null block: [0000000c]: 1
MEM: E PPU[1] Thread (CPUThread)[0x000b45f0]Write8 to null block: [0000000c]: 1
MEM: E PPU[1] Thread (CPUThread)[0x000b45f0]Write8 to null block: [0000000c]: 1
MEM: E PPU[1] Thread (CPUThread)[0x000b45f0]Write8 to null block: [0000000c]: 1
MEM: E PPU[1] Thread (CPUThread)[0x000b45f0]Write8 to null block: [0000000c]: 1
MEM: E PPU[1] Thread (CPUThread)[0x000b45f0]Write8 to null block: [0000000c]: 1
MEM: E PPU[1] Thread (CPUThread)[0x000b45f0]Write8 to null block: [0000000c]: 1
MEM: E PPU[1] Thread (CPUThread)[0x000b45f0]Write8 to null block: [0000000c]: 1
MEM: E PPU[1] Thread (CPUThread)[0x000b45f0]Write8 to null block: [0000000c]: 1
MEM: E PPU[1] Thread (CPUThread)[0x000b45f0]Write8 to null block: [0000000c]: 1
MEM: E PPU[1] Thread (CPUThread)[0x000b45f0]Write8 to null block: [0000000c]: 1
MEM: E PPU[1] Thread (CPUThread)[0x000b45f0]Write8 to null block: [0000000c]: 1
MEM: E PPU[1] Thread (CPUThread)[0x000b45f0]Write8 to null block: [0000000c]: 1
MEM: E PPU[1] Thread (CPUThread)[0x000b45f0]Write8 to null block: [0000000c]: 1
MEM: E PPU[1] Thread (CPUThread)[0x000b45f0]Write8 to null block: [0000000c]: 1
MEM: E PPU[1] Thread (CPUThread)[0x000b45f0]Write8 to null block: [0000000c]: 1
MEM: E PPU[1] Thread (CPUThread)[0x000b45f0]Write8 to null block: [0000000c]: 1
MEM: E PPU[1] Thread (CPUThread)[0x000b45f0]Write8 to null block: [0000000c]: 1
MEM: E PPU[1] Thread (CPUThread)[0x000b45f0]Write8 to null block: [0000000c]: 1
MEM: E PPU[1] Thread (CPUThread)[0x000b45f0]Write8 to null block: [0000000c]: 1
MEM: E PPU[1] Thread (CPUThread)[0x000b45f0]Write8 to null block: [0000000c]: 1
MEM: E PPU[1] Thread (CPUThread)[0x000b45f0]Write8 to null block: [0000000c]: 1
MEM: E PPU[1] Thread (CPUThread)[0x000b45f0]Write8 to null block: [0000000c]: 1
MEM: E PPU[1] Thread (CPUThread)[0x000b45f0]Write8 to null block: [0000000c]: 1
MEM: E PPU[1] Thread (CPUThread)[0x000b45f0]Write8 to null block: [0000000c]: 1
MEM: E PPU[1] Thread (CPUThread)[0x000b45f0]Write8 to null block: [0000000c]: 1
MEM: E PPU[1] Thread (CPUThread)[0x000b45f0]Write8 to null block: [0000000c]: 1
MEM: E PPU[1] Thread (CPUThread)[0x000b45f0]Write8 to null block: [0000000c]: 1
MEM: E PPU[1] Thread (CPUThread)[0x000b45f0]Write8 to null block: [0000000c]: 1
MEM: E PPU[1] Thread (CPUThread)[0x000b45f0]Write8 to null block: [0000000c]: 1
MEM: E PPU[1] Thread (CPUThread)[0x000b45f0]Write8 to null block: [0000000c]: 1
MEM: E PPU[1] Thread (CPUThread)[0x000b45f0]Write8 to null block: [0000000c]: 1
MEM: E PPU[1] Thread (CPUThread)[0x000b45f0]Write8 to null block: [0000000c]: 1
MEM: E PPU[1] Thread (CPUThread)[0x000b45f0]Write8 to null block: [0000000c]: 1
MEM: E PPU[1] Thread (CPUThread)[0x000b45f0]Write8 to null block: [0000000c]: 1
MEM: E PPU[1] Thread (CPUThread)[0x000b45f0]Write8 to null block: [0000000c]: 1
MEM: E PPU[1] Thread (CPUThread)[0x000b45f0]Write8 to null block: [0000000c]: 1
MEM: E PPU[1] Thread (CPUThread)[0x000b45f0]Write8 to null block: [0000000c]: 1
HLE: W PPU[108] Thread (fios mediathread 2)[0x0092e04c]"/dev_hdd0/game/NPEA00318/USRDIR/cache/psarc/install1/infamous1.psarc_s" opened: fd = 112
