HLE: ! path: /dev_hdd0/game/
LDR: ! Loading 'D:\Emulateurs\Rpcs3\dev_hdd0\game\NPEA00288/USRDIR/BOOT.BIN'...
LDR: !  
LDR: ! Mount info:
LDR: ! /dev_hdd0/ -> D:\Emulateurs\Rpcs3/dev_hdd0/
LDR: ! /dev_hdd1/ -> D:\Emulateurs\Rpcs3/dev_hdd1/
LDR: ! /dev_flash/ -> D:\Emulateurs\Rpcs3/dev_flash/
LDR: ! /dev_usb000/ -> D:\Emulateurs\Rpcs3/dev_usb000/
LDR: ! /dev_usb/ -> D:\Emulateurs\Rpcs3/dev_usb000/
LDR: ! /app_home/ -> D:\Emulateurs\Rpcs3\dev_hdd0\game\NPEA00288/
LDR: ! /dev_bdvd/ -> D:\Emulateurs\Rpcs3\dev_hdd0\game\NPEA00288//../
LDR: ! /host_root/ -> 
LDR: ! / -> D:\Emulateurs\Rpcs3\dev_hdd0\game\NPEA00288//USRDIR/
LDR: ! /app_home/PS3_GAME/USRDIR/ -> D:\Emulateurs\Rpcs3\dev_hdd0\game\NPEA00288//USRDIR/
LDR: ! /dev_flash2/ -> D:\Emulateurs\Rpcs3/dev_flash2/
LDR: ! /app_home/Game/PS3_GAME/USRDIR/ -> D:\Emulateurs\Rpcs3\dev_hdd0\game\NPEA00288//USRDIR/
LDR: !  
MEM: ! Initing memory...
MEM: ! Memory initialized.
LDR: W Unknown module 'HotLoadEUGold'
LDR: W Unknown module 'elfEUGold'
LDR: W Unimplemented function 'cellFsAioWrite' in 'sys_fs' module
LDR: W Unimplemented function 'cellFsAioCancel' in 'sys_fs' module
LDR: W Unimplemented function 'socketselect' in 'sys_net' module
LDR: W Unimplemented function 'gethostbyname' in 'sys_net' module
LDR: W Unimplemented function 'cellSpursBarrierInitialize' in 'cellSpurs' module
LDR: W Unimplemented function 'cellSpursTasksetAttributeSetTasksetSize' in 'cellSpurs' module
LDR: W Unimplemented function 'cellSpursRemoveWorkload' in 'cellSpurs' module
LDR: W Unimplemented function 'cellSpursWaitForWorkloadShutdown' in 'cellSpurs' module
LDR: W Unimplemented function 'cellSpursAddWorkload' in 'cellSpurs' module
LDR: W Unimplemented function 'cellSpursWakeUp' in 'cellSpurs' module
LDR: W Unimplemented function 'cellSpursShutdownWorkload' in 'cellSpurs' module
LDR: W Unimplemented function '_cellSpursWorkloadFlagReceiver' in 'cellSpurs' module
LDR: W Unimplemented function 'cellSpursGetWorkloadFlag' in 'cellSpurs' module
LDR: W Unimplemented function 'cellSpursReadyCountStore' in 'cellSpurs' module
LDR: W Unimplemented function 'cellSpursRequestIdleSpu' in 'cellSpurs' module
LDR: W Unimplemented function 'cellSpursWorkloadAttributeSetName' in 'cellSpurs' module
LDR: W Unimplemented function 'cellSpursGetWorkloadInfo' in 'cellSpurs' module
LDR: W Unimplemented function 'cellSpursAddWorkloadWithAttribute' in 'cellSpurs' module
LDR: W Unimplemented function '_cellSpursWorkloadAttributeInitialize' in 'cellSpurs' module
LDR: W Unknown module 'cellHttp'
LDR: W Unimplemented function 'cellHttpUtilParseUri' in 'cellHttpUtil' module
LDR: W Unimplemented function 'cellSync2SemaphoreRelease' in 'cellSync2' module
LDR: W Unimplemented function 'cellSync2SemaphoreFinalize' in 'cellSync2' module
LDR: W Unimplemented function '_cellSync2SemaphoreAttributeInitialize' in 'cellSync2' module
LDR: W Unimplemented function 'cellSync2SemaphoreInitialize' in 'cellSync2' module
LDR: W Unimplemented function 'cellSync2SemaphoreAcquire' in 'cellSync2' module
LDR: W Unknown module 'cellSysutilNpEula'
LDR: W Unimplemented function 'sceNpSignalingGetConnectionInfo' in 'sceNp' module
LDR: W Unimplemented function 'sceNpSignalingAddExtendedHandler' in 'sceNp' module
LDR: W Unimplemented function 'sceNpLookupDestroyTitleCtx' in 'sceNp' module
LDR: W Unimplemented function 'sceNpLookupInit' in 'sceNp' module
LDR: W Unimplemented function 'sceNpSignalingActivateConnection' in 'sceNp' module
LDR: W Unimplemented function 'sceNpSignalingCreateCtx' in 'sceNp' module
LDR: W Unimplemented function 'sceNpManagerGetContentRatingFlag' in 'sceNp' module
LDR: W Unimplemented function 'sceNpLookupPollAsync' in 'sceNp' module
LDR: W Unimplemented function 'sceNpLookupTerm' in 'sceNp' module
LDR: W Unimplemented function 'sceNpLookupTitleSmallStorageAsync' in 'sceNp' module
LDR: W Unimplemented function 'sceNpSignalingTerminateConnection' in 'sceNp' module
LDR: W Unimplemented function 'sceNpSignalingGetLocalNetInfo' in 'sceNp' module
LDR: W Unimplemented function 'sceNpSignalingDestroyCtx' in 'sceNp' module
LDR: W Unimplemented function 'sceNpManagerGetAccountRegion' in 'sceNp' module
LDR: W Unimplemented function 'sceNpBasicAddPlayersHistoryAsync' in 'sceNp' module
LDR: W Unimplemented function 'sceNpSignalingGetConnectionStatus' in 'sceNp' module
LDR: W Unimplemented function 'sceNpLookupCreateTitleCtx' in 'sceNp' module
LDR: W Unimplemented function 'sceNpUtilCmpNpId' in 'sceNp' module
LDR: W Unimplemented function 'sceNpManagerRegisterCallback' in 'sceNp' module
LDR: W Unimplemented function 'sceNpSignalingGetConnectionFromNpId' in 'sceNp' module
LDR: W Unimplemented function 'sceNpLookupCreateTransactionCtx' in 'sceNp' module
LDR: W Unimplemented function 'sceNpLookupDestroyTransactionCtx' in 'sceNp' module
LDR: W Unimplemented function 'sceNpManagerGetNpId' in 'sceNp' module
LDR: W Unimplemented function 'sceNpMatching2DestroyContext' in 'sceNp2' module
LDR: W Unimplemented function 'sceNpMatching2GetWorldInfoList' in 'sceNp2' module
LDR: W Unimplemented function 'sceNpMatching2SearchRoom' in 'sceNp2' module
LDR: W Unimplemented function 'sceNpMatching2CreateServerContext' in 'sceNp2' module
LDR: W Unimplemented function 'sceNpMatching2LeaveRoom' in 'sceNp2' module
LDR: W Unimplemented function 'sceNpMatching2Term2' in 'sceNp2' module
LDR: W Unimplemented function 'sceNpMatching2SendRoomMessage' in 'sceNp2' module
LDR: W Unimplemented function 'sceNpMatching2GetServerInfo' in 'sceNp2' module
LDR: W Unimplemented function 'sceNpMatching2GetEventData' in 'sceNp2' module
LDR: W Unimplemented function 'sceNp2Init' in 'sceNp2' module
LDR: W Unimplemented function 'sceNpMatching2JoinRoom' in 'sceNp2' module
LDR: W Unimplemented function 'sceNpMatching2ContextStartAsync' in 'sceNp2' module
LDR: W Unimplemented function 'sceNpMatching2RegisterContextCallback' in 'sceNp2' module
LDR: W Unimplemented function 'sceNpMatching2GetServerIdListLocal' in 'sceNp2' module
LDR: W Unimplemented function 'sceNpMatching2CreateContext' in 'sceNp2' module
LDR: W Unimplemented function 'sceNpMatching2ClearEventData' in 'sceNp2' module
LDR: W Unimplemented function 'sceNp2Term' in 'sceNp2' module
LDR: W Unimplemented function 'sceNpMatching2SetDefaultRequestOptParam' in 'sceNp2' module
LDR: W Unimplemented function 'sceNpMatching2RegisterRoomEventCallback' in 'sceNp2' module
LDR: W Unimplemented function 'sceNpMatching2CreateJoinRoom' in 'sceNp2' module
LDR: W Unimplemented function 'sceNpMatching2ContextStop' in 'sceNp2' module
LDR: W Unimplemented function 'sceNpMatching2Init2' in 'sceNp2' module
LDR: W Unimplemented function 'sceNpMatching2RegisterRoomMessageCallback' in 'sceNp2' module
LDR: W Unknown module 'sceNpCommerce2'
LDR: W Unknown module 'cellRec'
LDR: W Unknown module 'cellSysutilAvconfExt'
LDR: W Unimplemented function '_sys_spu_printf_finalize' in 'sysPrxForUser' module
HLE: W PPU[1] Thread (CPUThread)[0x00eed058]sys_lwmutex warning: *** lwmutex created [_lc_mtx] (attribute=0x12): sq_id = 3
HLE: W PPU[1] Thread (CPUThread)[0x003443d0]memory warning: sys_memory_get_user_memory_size(mem_info_addr=0xd0010c04)
HLE: W PPU[1] Thread (CPUThread)[0x00eed058]sys_lwmutex warning: *** lwmutex created [_lc_mtx] (attribute=0x12): sq_id = 4
HLE: W PPU[1] Thread (CPUThread)[0x00eed058]sys_lwmutex warning: *** lwmutex created [_lc_mtx] (attribute=0x12): sq_id = 5
HLE: W PPU[1] Thread (CPUThread)[0x00eed058]sys_lwmutex warning: *** lwmutex created [_lc_mtx] (attribute=0x12): sq_id = 6
HLE: W PPU[1] Thread (CPUThread)[0x00eed058]sys_lwmutex warning: *** lwmutex created [_lc_mtx] (attribute=0x12): sq_id = 7
HLE: W PPU[1] Thread (CPUThread)[0x00eed058]sys_lwmutex warning: *** lwmutex created [_lc_mtx] (attribute=0x12): sq_id = 8
HLE: W PPU[1] Thread (CPUThread)[0x00eed058]sys_lwmutex warning: *** lwmutex created [_lc_mtx] (attribute=0x12): sq_id = 9
HLE: W PPU[1] Thread (CPUThread)[0x00eed058]sys_lwmutex warning: *** lwmutex created [_lc_mtx] (attribute=0x12): sq_id = 10
HLE: W PPU[1] Thread (CPUThread)[0x00eed058]sys_lwmutex warning: *** lwmutex created [_lc_mtx] (attribute=0x12): sq_id = 11
HLE: W PPU[1] Thread (CPUThread)[0x00eed058]sys_lwmutex warning: *** lwmutex created [_lc_mtx] (attribute=0x12): sq_id = 12
HLE: W PPU[1] Thread (CPUThread)[0x00eed058]sys_lwmutex warning: *** lwmutex created [_lgcmtx] (attribute=0x12): sq_id = 13
HLE: W PPU[1] Thread (CPUThread)[0x00eed058]sys_lwmutex warning: *** lwmutex created [_lgcmtx] (attribute=0x22): sq_id = 14
HLE: W PPU[1] Thread (CPUThread)[0x00eed058]sys_lwmutex warning: *** lwmutex created [_lc_mtx] (attribute=0x12): sq_id = 15
HLE: W PPU[1] Thread (CPUThread)[0x00eed058]sys_lwmutex warning: *** lwmutex created [_lc_mtx] (attribute=0x12): sq_id = 16
HLE: W PPU[1] Thread (CPUThread)[0x00eed058]sys_lwmutex warning: *** lwmutex created [_lc_mtx] (attribute=0x12): sq_id = 17
HLE: W PPU[1] Thread (CPUThread)[0x00eed058]sys_lwmutex warning: *** lwmutex created [_lc_mtx] (attribute=0x12): sq_id = 18
HLE: W PPU[1] Thread (CPUThread)[0x00eed058]sys_lwmutex warning: *** lwmutex created [_lc_mtx] (attribute=0x12): sq_id = 19
HLE: W PPU[1] Thread (CPUThread)[0x00eed058]sys_lwmutex warning: *** lwmutex created [_lc_mtx] (attribute=0x12): sq_id = 20
HLE: W PPU[1] Thread (CPUThread)[0x00eed058]sys_lwmutex warning: *** lwmutex created [_lc_mtx] (attribute=0x12): sq_id = 21
HLE: W PPU[1] Thread (CPUThread)[0x00eed058]sys_lwmutex warning: *** lwmutex created [_lc_mtx] (attribute=0x12): sq_id = 22
HLE: W PPU[1] Thread (CPUThread)[0x00eed058]sys_lwmutex warning: *** lwmutex created [_lc_mtx] (attribute=0x12): sq_id = 23
HLE: W PPU[1] Thread (CPUThread)[0x00eed058]sys_lwmutex warning: *** lwmutex created [_lc_mtx] (attribute=0x12): sq_id = 24
HLE: W PPU[1] Thread (CPUThread)[0x00eed058]sys_lwmutex warning: *** lwmutex created [_lc_mtx] (attribute=0x12): sq_id = 25
HLE: W PPU[1] Thread (CPUThread)[0x00eed058]sys_lwmutex warning: *** lwmutex created [_lc_mtx] (attribute=0x12): sq_id = 26
HLE: W PPU[1] Thread (CPUThread)[0x00eed058]sys_lwmutex warning: *** lwmutex created [_lc_mtx] (attribute=0x12): sq_id = 27
HLE: W PPU[1] Thread (CPUThread)[0x00eed058]sys_lwmutex warning: *** lwmutex created [_lc_mtx] (attribute=0x12): sq_id = 28
HLE: W PPU[1] Thread (CPUThread)[0x00eed058]sys_lwmutex warning: *** lwmutex created [_lc_mtx] (attribute=0x12): sq_id = 29
HLE: W PPU[1] Thread (CPUThread)[0x00eed058]sys_lwmutex warning: *** lwmutex created [_lc_mtx] (attribute=0x12): sq_id = 30
HLE: W PPU[1] Thread (CPUThread)[0x00eed058]sys_lwmutex warning: *** lwmutex created [_lc_mtx] (attribute=0x12): sq_id = 31
HLE: W PPU[1] Thread (CPUThread)[0x00eed058]sys_lwmutex warning: *** lwmutex created [_lc_mtx] (attribute=0x12): sq_id = 32
HLE: W PPU[1] Thread (CPUThread)[0x00eed058]sys_lwmutex warning: *** lwmutex created [_lc_mtx] (attribute=0x12): sq_id = 33
HLE: W PPU[1] Thread (CPUThread)[0x00eed058]sys_lwmutex warning: *** lwmutex created [_lc_mtx] (attribute=0x12): sq_id = 34
HLE: W PPU[1] Thread (CPUThread)[0x00eed058]sys_lwmutex warning: *** lwmutex created [_lc_mtx] (attribute=0x12): sq_id = 35
HLE: W PPU[1] Thread (CPUThread)[0x00eed058]sys_lwmutex warning: *** lwmutex created [_lc_mtx] (attribute=0x12): sq_id = 36
HLE: W PPU[1] Thread (CPUThread)[0x00eed058]sys_lwmutex warning: *** lwmutex created [_lc_mtx] (attribute=0x12): sq_id = 37
HLE: W PPU[1] Thread (CPUThread)[0x00eed058]sys_lwmutex warning: *** lwmutex created [_lc_mtx] (attribute=0x12): sq_id = 38
HLE: W PPU[1] Thread (CPUThread)[0x00eed058]sys_lwmutex warning: *** lwmutex created [] (attribute=0x22): sq_id = 39
HLE: W PPU[1] Thread (CPUThread)[0x00eed058]sys_lwmutex warning: *** lwmutex created [_lc_mtx] (attribute=0x12): sq_id = 40
HLE: W PPU[1] Thread (CPUThread)[0x00eed058]sys_lwmutex warning: *** lwmutex created [_lc_mtx] (attribute=0x12): sq_id = 41
HLE: W PPU[1] Thread (CPUThread)[0x00eed058]sys_lwmutex warning: *** lwmutex created [_lc_mtx] (attribute=0x12): sq_id = 42
HLE: W PPU[1] Thread (CPUThread)[0x00eed058]sys_lwmutex warning: *** lwmutex created [_lc_mtx] (attribute=0x12): sq_id = 43
HLE: E PPU[1] Thread (CPUThread)[0x00eed070]sys_prx error: TODO: sys_prx_register_library(lib_addr=0x50b580)
HLE: E PPU[1] Thread (CPUThread)[0x00eed070]sys_prx error: TODO: sys_prx_register_library(lib_addr=0x50b59c)
HLE: E PPU[1] Thread (CPUThread)[0x00eed070]sys_prx error: TODO: sys_prx_register_library(lib_addr=0x50b5b8)
HLE: W PPU[1] Thread (CPUThread)[0x00ecd010]cellSysmodule warning: cellSysmoduleLoadModule(CELL_SYSMODULE_USBD)
HLE: W PPU[1] Thread (CPUThread)[0x00ecd010]cellSysmodule warning: cellSysmoduleLoadModule(CELL_SYSMODULE_NET)
HLE: W PPU[1] Thread (CPUThread)[0x006d707c]cellSysutil warning: cellSysutilRegisterCallback(slot=0, func_addr=0x70eb60, userdata=0x9c6900)
HLE: W PPU[1] Thread (CPUThread)[0x002c73e8]sys_spu warning: sys_spu_initialize(max_usable_spu=6, max_raw_spu=0)
HLE: E PPU[1] Thread (CPUThread)[0x0033e544]sys_fs error: "/app_home/sampleArg.txt" not found! flags: 0x00000000
HLE: W PPU[1] Thread (CPUThread)[0x00ee704c]cellGcmSys warning: cellGcmInit(context_addr=0xe397c0,cmdSize=0xf0000,ioSize=0x100000,ioAddress=0x34c00000)
HLE: W PPU[1] Thread (CPUThread)[0x00ee704c]cellGcmSys warning: *** local memory(addr=0xc0000000, size=0xf900000)
HLE: W PPU[1] Thread (CPUThread)[0x00ee704c]cellGcmSys warning: cellGcmMapEaIoAddress(ea=0x34c00000, io=0x0, size=0x100000)
RSX: ! RSXThreadRSX thread started
HLE: W PPU[1] Thread (CPUThread)[0x00ee70f4]cellGcmSys warning: cellGcmSetVBlankHandler(handler_addr=0x70eb88)
HLE: W PPU[1] Thread (CPUThread)[0x00ee7034]cellGcmSys warning: cellGcmSetUserHandler(handler_addr=0x70eb80)
HLE: W PPU[1] Thread (CPUThread)[0x00ee7028]cellGcmSys warning: cellGcmGetTiledPitchSize(size=5120)
HLE: W PPU[1] Thread (CPUThread)[0x006d7064]cellSysutil warning: cellVideoOutConfigure(videoOut=0, config_addr=0xd0010b30, option_addr=0x0, waitForEvent=0x0)
HLE: W PPU[1] Thread (CPUThread)[0x00ee7088]cellGcmSys warning: cellGcmSetFlipMode(mode=2)
HLE: W PPU[1] Thread (CPUThread)[0x00ee7118]cellGcmSys warning: cellGcmSetTileInfo(index=0, location=0, offset=0, size=7864320, pitch=5120, comp=7, base=0, bank=0)
HLE: E PPU[1] Thread (CPUThread)[0x00ee7118]cellGcmSys error: cellGcmSetTileInfo: bad compression mode! (7)
HLE: W PPU[1] Thread (CPUThread)[0x00ee707c]cellGcmSys warning: cellGcmBindTile(index=0)
HLE: W PPU[1] Thread (CPUThread)[0x00ee7028]cellGcmSys warning: cellGcmGetTiledPitchSize(size=0)
HLE: W PPU[1] Thread (CPUThread)[0x00ee70ac]cellGcmSys warning: cellGcmMapEaIoAddress(ea=0x34d00000, io=0xb300000, size=0x2d00000)
HLE: W PPU[1] Thread (CPUThread)[0x00ee70a0]cellGcmSys warning: cellGcmMapEaIoAddressWithFlags(ea=0x37a00000, io=0xe000000, size=0x100000, flags=0x2)
HLE: W PPU[1] Thread (CPUThread)[0x00ee70a0]cellGcmSys warning: cellGcmMapEaIoAddress(ea=0x37a00000, io=0xe000000, size=0x100000)
HLE: W PPU[1] Thread (CPUThread)[0x00ecd010]cellSysmodule warning: cellSysmoduleLoadModule(CELL_SYSMODULE_NET)
HLE: W PPU[1] Thread (CPUThread)[0x00ecd010]cellSysmodule warning: cellSysmoduleLoadModule(CELL_SYSMODULE_NETCTL)
HLE: W PPU[1] Thread (CPUThread)[0x00ecd010]cellSysmodule warning: cellSysmoduleLoadModule(CELL_SYSMODULE_RESC)
HLE: W PPU[1] Thread (CPUThread)[0x00ecd010]cellSysmodule warning: cellSysmoduleLoadModule(CELL_SYSMODULE_USBD)
HLE: W PPU[1] Thread (CPUThread)[0x00ecd010]cellSysmodule warning: cellSysmoduleLoadModule(CELL_SYSMODULE_FS)
HLE: W PPU[1] Thread (CPUThread)[0x00ecd010]cellSysmodule warning: cellSysmoduleLoadModule(CELL_SYSMODULE_SYSUTIL_GAME)
HLE: W PPU[1] Thread (CPUThread)[0x00eed058]sys_lwmutex warning: *** lwmutex created [] (attribute=0x22): sq_id = 44
HLE: W PPU[1] Thread (CPUThread)[0x00eed124]sys_lwcond warning: *** lwcond created [] (lwmutex_addr=0x3023d690): id = 45
HLE: W PPU[1] Thread (CPUThread)[0x00eed058]sys_lwmutex warning: *** lwmutex created [] (attribute=0x22): sq_id = 46
HLE: W PPU[1] Thread (CPUThread)[0x00eed124]sys_lwcond warning: *** lwcond created [] (lwmutex_addr=0x3023d700): id = 47
HLE: W PPU[1] Thread (CPUThread)[0x00eed058]sys_lwmutex warning: *** lwmutex created [] (attribute=0x22): sq_id = 48
HLE: W PPU[1] Thread (CPUThread)[0x00eed124]sys_lwcond warning: *** lwcond created [] (lwmutex_addr=0x3023d760): id = 49
HLE: W PPU[1] Thread (CPUThread)[0x00eed058]sys_lwmutex warning: *** lwmutex created [] (attribute=0x22): sq_id = 50
HLE: W PPU[1] Thread (CPUThread)[0x00eed124]sys_lwcond warning: *** lwcond created [] (lwmutex_addr=0x3023d7a0): id = 51
HLE: W PPU[1] Thread (CPUThread)[0x00eed058]sys_lwmutex warning: *** lwmutex created [] (attribute=0x22): sq_id = 52
HLE: W PPU[1] Thread (CPUThread)[0x00eed124]sys_lwcond warning: *** lwcond created [] (lwmutex_addr=0x3023d7e0): id = 53
HLE: W PPU[1] Thread (CPUThread)[0x00eed058]sys_lwmutex warning: *** lwmutex created [] (attribute=0x22): sq_id = 54
HLE: W PPU[1] Thread (CPUThread)[0x00eed124]sys_lwcond warning: *** lwcond created [] (lwmutex_addr=0x3023d820): id = 55
HLE: W PPU[1] Thread (CPUThread)[0x00eed058]sys_lwmutex warning: *** lwmutex created [] (attribute=0x22): sq_id = 56
HLE: W PPU[1] Thread (CPUThread)[0x00eed124]sys_lwcond warning: *** lwcond created [] (lwmutex_addr=0x3023d860): id = 57
HLE: W PPU[1] Thread (CPUThread)[0x00eed058]sys_lwmutex warning: *** lwmutex created [] (attribute=0x22): sq_id = 58
HLE: W PPU[1] Thread (CPUThread)[0x00eed124]sys_lwcond warning: *** lwcond created [] (lwmutex_addr=0x3023d8a0): id = 59
HLE: W PPU[1] Thread (CPUThread)[0x00eed058]sys_lwmutex warning: *** lwmutex created [] (attribute=0x22): sq_id = 60
HLE: W PPU[1] Thread (CPUThread)[0x00eed124]sys_lwcond warning: *** lwcond created [] (lwmutex_addr=0x3023d8e0): id = 61
HLE: W PPU[1] Thread (CPUThread)[0x00eed058]sys_lwmutex warning: *** lwmutex created [] (attribute=0x22): sq_id = 62
HLE: W PPU[1] Thread (CPUThread)[0x00eed124]sys_lwcond warning: *** lwcond created [] (lwmutex_addr=0x3023d920): id = 63
HLE: W PPU[1] Thread (CPUThread)[0x00eed058]sys_lwmutex warning: *** lwmutex created [] (attribute=0x22): sq_id = 64
HLE: W PPU[1] Thread (CPUThread)[0x00eed124]sys_lwcond warning: *** lwcond created [] (lwmutex_addr=0x3023d990): id = 65
HLE: W PPU[1] Thread (CPUThread)[0x00eed058]sys_lwmutex warning: *** lwmutex created [] (attribute=0x22): sq_id = 66
HLE: W PPU[1] Thread (CPUThread)[0x00eed124]sys_lwcond warning: *** lwcond created [] (lwmutex_addr=0x3023d9d0): id = 67
HLE: W PPU[1] Thread (CPUThread)[0x00eed058]sys_lwmutex warning: *** lwmutex created [] (attribute=0x22): sq_id = 68
HLE: W PPU[1] Thread (CPUThread)[0x00eed124]sys_lwcond warning: *** lwcond created [] (lwmutex_addr=0x3023da10): id = 69
HLE: W PPU[1] Thread (CPUThread)[0x00eed058]sys_lwmutex warning: *** lwmutex created [] (attribute=0x22): sq_id = 70
HLE: W PPU[1] Thread (CPUThread)[0x00eed124]sys_lwcond warning: *** lwcond created [] (lwmutex_addr=0x3023da50): id = 71
HLE: W PPU[1] Thread (CPUThread)[0x00eed058]sys_lwmutex warning: *** lwmutex created [] (attribute=0x22): sq_id = 72
HLE: W PPU[1] Thread (CPUThread)[0x00eed124]sys_lwcond warning: *** lwcond created [] (lwmutex_addr=0x3023da90): id = 73
HLE: W PPU[1] Thread (CPUThread)[0x00eed058]sys_lwmutex warning: *** lwmutex created [] (attribute=0x22): sq_id = 74
HLE: W PPU[1] Thread (CPUThread)[0x00eed124]sys_lwcond warning: *** lwcond created [] (lwmutex_addr=0x3023db00): id = 75
HLE: W PPU[1] Thread (CPUThread)[0x00eed058]sys_lwmutex warning: *** lwmutex created [] (attribute=0x22): sq_id = 76
HLE: W PPU[1] Thread (CPUThread)[0x00eed124]sys_lwcond warning: *** lwcond created [] (lwmutex_addr=0x3023db70): id = 77
HLE: W PPU[1] Thread (CPUThread)[0x00eed058]sys_lwmutex warning: *** lwmutex created [] (attribute=0x22): sq_id = 78
HLE: W PPU[1] Thread (CPUThread)[0x00eed124]sys_lwcond warning: *** lwcond created [] (lwmutex_addr=0x3023dbb0): id = 79
HLE: W PPU[1] Thread (CPUThread)[0x00eed058]sys_lwmutex warning: *** lwmutex created [] (attribute=0x22): sq_id = 80
HLE: W PPU[1] Thread (CPUThread)[0x00eed124]sys_lwcond warning: *** lwcond created [] (lwmutex_addr=0x3023e6a0): id = 81
HLE: W PPU[1] Thread (CPUThread)[0x00eed058]sys_lwmutex warning: *** lwmutex created [] (attribute=0x22): sq_id = 82
HLE: W PPU[1] Thread (CPUThread)[0x00eed124]sys_lwcond warning: *** lwcond created [] (lwmutex_addr=0x30240ef0): id = 83
HLE: W PPU[1] Thread (CPUThread)[0x00eed058]sys_lwmutex warning: *** lwmutex created [] (attribute=0x22): sq_id = 84
HLE: W PPU[1] Thread (CPUThread)[0x00eed124]sys_lwcond warning: *** lwcond created [] (lwmutex_addr=0x30240f30): id = 85
HLE: E PPU[1] Thread (CPUThread)[0x00ed1034]cellNetCtl error: Unimplemented function: cellNetCtlGetInfo
HLE: E PPU[1] Thread (CPUThread)[0x00eed070]sys_prx error: TODO: sys_prx_register_library(lib_addr=0x50b580)
HLE: E PPU[1] Thread (CPUThread)[0x00eed070]sys_prx error: TODO: sys_prx_register_library(lib_addr=0x50b59c)
HLE: E PPU[1] Thread (CPUThread)[0x00eed070]sys_prx error: TODO: sys_prx_register_library(lib_addr=0x50b5b8)
HLE: W PPU[1] Thread (CPUThread)[0x00ecd010]cellSysmodule warning: cellSysmoduleLoadModule(CELL_SYSMODULE_RTC)
HLE: W PPU[1] Thread (CPUThread)[0x00ecd010]cellSysmodule warning: cellSysmoduleLoadModule(CELL_SYSMODULE_SYNC2)
HLE: W PPU[1] Thread (CPUThread)[0x00ecf088]cellSpurs warning: _cellSpursAttributeInitialize(attr_addr=0xd0010628, nSpus=2, spuPriority=3342336, ppuPriority=6, exitIfNoWork=249)
HLE: E PPU[1] Thread (CPUThread)[0x00ecf004]cellSpurs error: cellSpursAttributeEnableSpuPrintfIfAvailable(attr_addr=0xd0010628)
HLE: E PPU[1] Thread (CPUThread)[0x00ecf094]cellSpurs error: cellSpursAttributeEnableSystemWorkload(attr_addr=0xd0010628, priority[957183120], maxSpu=6, isPreemptible[957183128])
HLE: E PPU[1] Thread (CPUThread)[0x00ecf094]cellSpurs error: cellSpursAttributeEnableSystemWorkload : CELL_SPURS_CORE_ERROR_INVAL
HLE: W PPU[1] Thread (CPUThread)[0x00ecf0d0]cellSpurs warning: cellSpursInitializeWithAttribute(spurs_addr=0x37a00400, spurs_addr=0xd0010628)
HLE: W PPU[1] Thread (CPUThread)[0x002aa56c]sys_event warning: sys_event_queue_create(equeue_id_addr=0xe8e610, attr_addr=0xd0010540, event_queue_key=0x0, size=8)
HLE: W PPU[1] Thread (CPUThread)[0x002aa56c]sys_event warning: *** event_queue created [] (protocol=0x2, type=0x1): id = 86
PPU: ! PPU[1] Thread (CPUThread)[0x00eed028]*** New PPU Thread [spu_printf_handler] (flags=0x1, entry=0x70e4e0): id = 87
HLE: W PPU[1] Thread (CPUThread)[0x002aa950]sys_event warning: sys_event_port_create(eport_id_addr=0xe8e614, port_type=0x1, name=0xd1ed1ed1)
HLE: W PPU[1] Thread (CPUThread)[0x002aa950]sys_event warning: *** sys_event_port created: id = 88
HLE: W PPU[1] Thread (CPUThread)[0x002aa964]sys_event warning: sys_event_port_connect_local(eport_id=88, equeue_id=86)
HLE: W PPU[1] Thread (CPUThread)[0x00ecf190]cellSpurs warning: cellSpursAttachLv2EventQueue(spurs_addr=0x37a00400, queue=0x56, port_addr=0xd0010550, isDynamic=0)
HLE: E PPU[1] Thread (CPUThread)[0x00ecf154]TODO: cellSpursAddWorkload
HLE: E PPU[1] Thread (CPUThread)[0x00ecf178]TODO: _cellSpursWorkloadFlagReceiver
HLE: E PPU[1] Thread (CPUThread)[0x00ecf1a8]TODO: cellSpursReadyCountStore
HLE: E PPU[1] Thread (CPUThread)[0x00ecf160]TODO: cellSpursWakeUp
HLE: W PPU[1] Thread (CPUThread)[0x00ecd010]cellSysmodule warning: cellSysmoduleLoadModule(CELL_SYSMODULE_NET)
HLE: W PPU[1] Thread (CPUThread)[0x00ecd010]cellSysmodule warning: cellSysmoduleLoadModule(CELL_SYSMODULE_SYSUTIL_NP2)
HLE: W PPU[1] Thread (CPUThread)[0x006df010]sys_net warning: sys_net_initialize_network_ex(param_addr=0xd0010590)
HLE: E PPU[1] Thread (CPUThread)[0x00edd070]TODO: sceNp2Init
HLE: W PPU[1] Thread (CPUThread)[0x006d901c]cellGame warning: cellGameBootCheck(type_addr=0xd00104f0, attributes_addr=0xd00104f4, size_addr=0xddc518, dirName_addr=0xd00104f8)
HLE: W PPU[1] Thread (CPUThread)[0x006d9004]cellGame warning: cellGameContentPermit(contentInfoPath_addr=0xd0010518, usrdirPath_addr=0xddc498)
HLE: E PPU[1] Thread (CPUThread)[0x00ed1028]cellNetCtl error: Unimplemented function: cellNetCtlInit
HLE: E PPU[1] Thread (CPUThread)[0x00edb0f4]TODO: sceNpManagerRegisterCallback
HLE: E PPU[1] Thread (CPUThread)[0x00ecf19c]TODO: cellSpursGetWorkloadFlag
TTY: [37;41mTTY: Booting game
TTY: [0mTTY:  + create reliability system
HLE: W PPU[1] Thread (CPUThread)[0x006d7010]cellSysutil warning: cellSysutilGetSystemParamInt: CELL_SYSUTIL_SYSTEMPARAM_ID_ENTER_BUTTON_ASSIGN
HLE: W PPU[1] Thread (CPUThread)[0x00eed058]sys_lwmutex warning: *** lwmutex created [_lc_mtx] (attribute=0x12): sq_id = 89
HLE: W PPU[1] Thread (CPUThread)[0x00eed058]sys_lwmutex warning: *** lwmutex created [_lc_mtx] (attribute=0x12): sq_id = 90
HLE: W PPU[1] Thread (CPUThread)[0x00ee7010]cellGcmSys warning: cellGcmGetReportDataAddressLocation(index=512, location=1)
HLE: W PPU[1] Thread (CPUThread)[0x00ecd010]cellSysmodule warning: cellSysmoduleLoadModule(CELL_SYSMODULE_HTTP)
HLE: W PPU[1] Thread (CPUThread)[0x006df010]sys_net warning: sys_net_initialize_network_ex(param_addr=0xd0010590)
HLE: E PPU[1] Thread (CPUThread)[0x00ed301c]TODO: cellHttpInit
HLE: W PPU[1] Thread (CPUThread)[0x006d7010]cellSysutil warning: cellSysutilGetSystemParamInt: CELL_SYSUTIL_SYSTEMPARAM_ID_LANG
HLE: W PPU[1] Thread (CPUThread)[0x006d7010]cellSysutil warning: cellSysutilGetSystemParamInt: CELL_SYSUTIL_SYSTEMPARAM_ID_LANG
HLE: W PPU[1] Thread (CPUThread)[0x006d7010]cellSysutil warning: cellSysutilGetSystemParamInt: CELL_SYSUTIL_SYSTEMPARAM_ID_LANG
HLE: W PPU[1] Thread (CPUThread)[0x006d7010]cellSysutil warning: cellSysutilGetSystemParamInt: CELL_SYSUTIL_SYSTEMPARAM_ID_LANG
HLE: W PPU[1] Thread (CPUThread)[0x00eed058]sys_lwmutex warning: *** lwmutex created [] (attribute=0x22): sq_id = 91
HLE: W PPU[1] Thread (CPUThread)[0x00eed124]sys_lwcond warning: *** lwcond created [] (lwmutex_addr=0x302c7240): id = 92
HLE: W PPU[1] Thread (CPUThread)[0x00eed058]sys_lwmutex warning: *** lwmutex created [] (attribute=0x22): sq_id = 93
HLE: W PPU[1] Thread (CPUThread)[0x00eed124]sys_lwcond warning: *** lwcond created [] (lwmutex_addr=0x302c7270): id = 94
HLE: E PPU[1] Thread (CPUThread)[0x00ed1034]cellNetCtl error: Unimplemented function: cellNetCtlGetInfo
HLE: W PPU[1] Thread (CPUThread)[0x00eed058]sys_lwmutex warning: *** lwmutex created [_lc_mtx] (attribute=0x12): sq_id = 95
HLE: W PPU[1] Thread (CPUThread)[0x00eed058]sys_lwmutex warning: *** lwmutex created [] (attribute=0x22): sq_id = 96
HLE: W PPU[1] Thread (CPUThread)[0x00eed124]sys_lwcond warning: *** lwcond created [] (lwmutex_addr=0x302c9e60): id = 97
HLE: W PPU[1] Thread (CPUThread)[0x00eed058]sys_lwmutex warning: *** lwmutex created [] (attribute=0x22): sq_id = 98
HLE: W PPU[1] Thread (CPUThread)[0x00eed124]sys_lwcond warning: *** lwcond created [] (lwmutex_addr=0x302c9e90): id = 99
HLE: E PPU[1] Thread (CPUThread)[0x00ed1034]cellNetCtl error: Unimplemented function: cellNetCtlGetInfo
HLE: W PPU[1] Thread (CPUThread)[0x00eed058]sys_lwmutex warning: *** lwmutex created [] (attribute=0x22): sq_id = 100
HLE: W PPU[1] Thread (CPUThread)[0x00eed058]sys_lwmutex warning: *** lwmutex created [] (attribute=0x22): sq_id = 101
PPU: ! PPU[1] Thread (CPUThread)[0x00eed028]*** New PPU Thread [Resource Streamer] (flags=0x1, entry=0x7075c8): id = 102
HLE: W PPU[1] Thread (CPUThread)[0x00eed058]sys_lwmutex warning: *** lwmutex created [] (attribute=0x22): sq_id = 103
HLE: W PPU[1] Thread (CPUThread)[0x00eed124]sys_lwcond warning: *** lwcond created [] (lwmutex_addr=0x302cee50): id = 104
HLE: W PPU[1] Thread (CPUThread)[0x00eed058]sys_lwmutex warning: *** lwmutex created [] (attribute=0x22): sq_id = 105
HLE: W PPU[1] Thread (CPUThread)[0x00eed124]sys_lwcond warning: *** lwcond created [] (lwmutex_addr=0x302cee90): id = 106
HLE: E PPU[1] Thread (CPUThread)[0x00ed1034]cellNetCtl error: Unimplemented function: cellNetCtlGetInfo
HLE: W PPU[1] Thread (CPUThread)[0x00eed058]sys_lwmutex warning: *** lwmutex created [] (attribute=0x22): sq_id = 107
HLE: W PPU[1] Thread (CPUThread)[0x00eed124]sys_lwcond warning: *** lwcond created [] (lwmutex_addr=0x302d05a0): id = 108
HLE: W PPU[1] Thread (CPUThread)[0x00eed058]sys_lwmutex warning: *** lwmutex created [] (attribute=0x22): sq_id = 109
HLE: W PPU[1] Thread (CPUThread)[0x00eed124]sys_lwcond warning: *** lwcond created [] (lwmutex_addr=0x302d05e0): id = 110
HLE: E PPU[1] Thread (CPUThread)[0x00ed1034]cellNetCtl error: Unimplemented function: cellNetCtlGetInfo
HLE: W PPU[1] Thread (CPUThread)[0x00edb0ac]sceNp warning: sceNpDrmIsAvailable(k_licensee_addr=0xd00102f0, drm_path_addr=0xd0010390)
HLE: W PPU[1] Thread (CPUThread)[0x00edb0ac]sceNp warning: sceNpDrmIsAvailable: Found DRM license file at /dev_hdd0/game/NPEA00288/USRDIR/Data/Prx/HotLoadEUGold.sprx
HLE: W PPU[1] Thread (CPUThread)[0x00edb0ac]sceNp warning: sceNpDrmIsAvailable: Using k_licensee 0xb0090227200902272009022720090227
LDR: E PPU[1] Thread (CPUThread)[0x00edb0ac]EDAT: File has invalid NPD header.
HLE: E PPU[1] Thread (CPUThread)[0x00eed034]sys_prx error: TODO: sys_prx_load_module(path="/dev_hdd0/game/NPEA00288/USRDIR/Data/Prx/HotLoadEUGold.sprx", flags=0x0, pOpt=0x0)
HLE: E PPU[1] Thread (CPUThread)[0x00eed0d0]sys_prx error: TODO: sys_prx_start_module(id=111, args=4, argp_addr=0xd00105c4, modres_addr=0xd00105c0, flags=0x0, pOpt=0x0)
HLE: W PPU[1] Thread (CPUThread)[0x00edb0ac]sceNp warning: sceNpDrmIsAvailable(k_licensee_addr=0xd00102f0, drm_path_addr=0xd0010390)
HLE: W PPU[1] Thread (CPUThread)[0x00edb0ac]sceNp warning: sceNpDrmIsAvailable: Found DRM license file at /dev_hdd0/game/NPEA00288/USRDIR/Data/Prx/elfEUGold.sprx
HLE: W PPU[1] Thread (CPUThread)[0x00edb0ac]sceNp warning: sceNpDrmIsAvailable: Using k_licensee 0xb0090227200902272009022720090227
LDR: E PPU[1] Thread (CPUThread)[0x00edb0ac]EDAT: File has invalid NPD header.
HLE: E PPU[1] Thread (CPUThread)[0x00eed034]sys_prx error: TODO: sys_prx_load_module(path="/dev_hdd0/game/NPEA00288/USRDIR/Data/Prx/elfEUGold.sprx", flags=0x0, pOpt=0x0)
HLE: E PPU[1] Thread (CPUThread)[0x00eed0d0]sys_prx error: TODO: sys_prx_start_module(id=112, args=4, argp_addr=0xd00105c4, modres_addr=0xd00105c0, flags=0x0, pOpt=0x0)
MEM: E PPU[1] Thread (CPUThread)[0x0020a7d0]Write64 to null block: [cffee860]: d0010560
MEM: E PPU[1] Thread (CPUThread)[0x0020a970]Read64 from null block: [cffee860]
MEM: E PPU[1] Thread (CPUThread)[0x0020a99c]Write64 to null block: [cffee7c0]: 0
MEM: E PPU[1] Thread (CPUThread)[0x0033623c]Write64 to null block: [cffee830]: 2f6465765f686464
MEM: E PPU[1] Thread (CPUThread)[0x0033623c]Write64 to null block: [cffee838]: 302f67616d652f4e
MEM: E PPU[1] Thread (CPUThread)[0x0033623c]Write64 to null block: [cffee840]: 5045413030323838
MEM: E PPU[1] Thread (CPUThread)[0x0033626c]Write8 to null block: [cffee848]: 2f
MEM: E PPU[1] Thread (CPUThread)[0x0033626c]Write8 to null block: [cffee849]: 55
MEM: E PPU[1] Thread (CPUThread)[0x0033626c]Write8 to null block: [cffee84a]: 53
MEM: E PPU[1] Thread (CPUThread)[0x0033626c]Write8 to null block: [cffee84b]: 52
MEM: E PPU[1] Thread (CPUThread)[0x0033626c]Write8 to null block: [cffee84c]: 44
MEM: E PPU[1] Thread (CPUThread)[0x0033626c]Write8 to null block: [cffee84d]: 49
MEM: E PPU[1] Thread (CPUThread)[0x0033626c]Write8 to null block: [cffee84e]: 52
MEM: E PPU[1] Thread (CPUThread)[0x0033626c]Write8 to null block: [cffee84f]: 0
MEM: E PPU[1] Thread (CPUThread)[0x00335e38]Read64 from null block: [cffee830]
MEM: E PPU[1] Thread (CPUThread)[0x00335e70]Write8 to null block: [cffee830]: 2f
MEM: E PPU[1] Thread (CPUThread)[0x00335e88]Write8 to null block: [cffee831]: 44
MEM: E PPU[1] Thread (CPUThread)[0x00335e88]Write8 to null block: [cffee832]: 61
MEM: E PPU[1] Thread (CPUThread)[0x00335e88]Write8 to null block: [cffee833]: 74
MEM: E PPU[1] Thread (CPUThread)[0x00335e88]Write8 to null block: [cffee834]: 61
MEM: E PPU[1] Thread (CPUThread)[0x00335e88]Write8 to null block: [cffee835]: 2f
MEM: E PPU[1] Thread (CPUThread)[0x00335e88]Write8 to null block: [cffee836]: 53
MEM: E PPU[1] Thread (CPUThread)[0x00335e88]Write8 to null block: [cffee837]: 63
MEM: E PPU[1] Thread (CPUThread)[0x00335e88]Write8 to null block: [cffee838]: 72
MEM: E PPU[1] Thread (CPUThread)[0x00335e88]Write8 to null block: [cffee839]: 69
MEM: E PPU[1] Thread (CPUThread)[0x00335e88]Write8 to null block: [cffee83a]: 70
MEM: E PPU[1] Thread (CPUThread)[0x00335e88]Write8 to null block: [cffee83b]: 74
MEM: E PPU[1] Thread (CPUThread)[0x00335e88]Write8 to null block: [cffee83c]: 73
MEM: E PPU[1] Thread (CPUThread)[0x00335e88]Write8 to null block: [cffee83d]: 2f
MEM: E PPU[1] Thread (CPUThread)[0x00335e88]Write8 to null block: [cffee83e]: 0
MEM: E PPU[1] Thread (CPUThread)[0x0020aa0c]Read64 from null block: [cffee7c0]
MEM: E PPU[1] Thread (CPUThread)[0x0020aa34]Write64 to null block: [cffee720]: 0
MEM: E PPU[1] Thread (CPUThread)[0x0033623c]Write64 to null block: [cffee790]: 2f6465765f686464
MEM: E PPU[1] Thread (CPUThread)[0x0033623c]Write64 to null block: [cffee798]: 302f67616d652f4e
MEM: E PPU[1] Thread (CPUThread)[0x0033623c]Write64 to null block: [cffee7a0]: 5045413030323838
MEM: E PPU[1] Thread (CPUThread)[0x0033626c]Write8 to null block: [cffee7a8]: 2f
MEM: E PPU[1] Thread (CPUThread)[0x0033626c]Write8 to null block: [cffee7a9]: 55
MEM: E PPU[1] Thread (CPUThread)[0x0033626c]Write8 to null block: [cffee7aa]: 53
MEM: E PPU[1] Thread (CPUThread)[0x0033626c]Write8 to null block: [cffee7ab]: 52
MEM: E PPU[1] Thread (CPUThread)[0x0033626c]Write8 to null block: [cffee7ac]: 44
MEM: E PPU[1] Thread (CPUThread)[0x0033626c]Write8 to null block: [cffee7ad]: 49
MEM: E PPU[1] Thread (CPUThread)[0x0033626c]Write8 to null block: [cffee7ae]: 52
MEM: E PPU[1] Thread (CPUThread)[0x0033626c]Write8 to null block: [cffee7af]: 0
MEM: E PPU[1] Thread (CPUThread)[0x00335e38]Read64 from null block: [cffee790]
MEM: E PPU[1] Thread (CPUThread)[0x00335e70]Write8 to null block: [cffee790]: 2f
MEM: E PPU[1] Thread (CPUThread)[0x00335e88]Write8 to null block: [cffee791]: 44
MEM: E PPU[1] Thread (CPUThread)[0x00335e88]Write8 to null block: [cffee792]: 61
MEM: E PPU[1] Thread (CPUThread)[0x00335e88]Write8 to null block: [cffee793]: 74
MEM: E PPU[1] Thread (CPUThread)[0x00335e88]Write8 to null block: [cffee794]: 61
MEM: E PPU[1] Thread (CPUThread)[0x00335e88]Write8 to null block: [cffee795]: 2f
MEM: E PPU[1] Thread (CPUThread)[0x00335e88]Write8 to null block: [cffee796]: 53
MEM: E PPU[1] Thread (CPUThread)[0x00335e88]Write8 to null block: [cffee797]: 63
MEM: E PPU[1] Thread (CPUThread)[0x00335e88]Write8 to null block: [cffee798]: 72
MEM: E PPU[1] Thread (CPUThread)[0x00335e88]Write8 to null block: [cffee799]: 69
MEM: E PPU[1] Thread (CPUThread)[0x00335e88]Write8 to null block: [cffee79a]: 70
MEM: E PPU[1] Thread (CPUThread)[0x00335e88]Write8 to null block: [cffee79b]: 74
MEM: E PPU[1] Thread (CPUThread)[0x00335e88]Write8 to null block: [cffee79c]: 73
MEM: E PPU[1] Thread (CPUThread)[0x00335e88]Write8 to null block: [cffee79d]: 2f
MEM: E PPU[1] Thread (CPUThread)[0x00335e88]Write8 to null block: [cffee79e]: 0
MEM: E PPU[1] Thread (CPUThread)[0x0031f108]Read64 from null block: [cffee790]
MEM: E PPU[1] Thread (CPUThread)[0x0020aa98]Read64 from null block: [cffee720]
MEM: E PPU[1] Thread (CPUThread)[0x0020aac4]Write64 to null block: [cffee690]: 0
MEM: E PPU[1] Thread (CPUThread)[0x00336210]Read64 from null block: [cffee830]
MEM: E PPU[1] Thread (CPUThread)[0x00336260]Read8 from null block: [cffee830]
MEM: E PPU[1] Thread (CPUThread)[0x0033626c]Write8 to null block: [cffee700]: 0
MEM: E PPU[1] Thread (CPUThread)[0x00335e38]Read64 from null block: [cffee700]
MEM: E PPU[1] Thread (CPUThread)[0x00335e70]Write8 to null block: [cffee700]: 4c
MEM: E PPU[1] Thread (CPUThread)[0x00335e88]Write8 to null block: [cffee701]: 6f
MEM: E PPU[1] Thread (CPUThread)[0x00335e88]Write8 to null block: [cffee702]: 63
MEM: E PPU[1] Thread (CPUThread)[0x00335e88]Write8 to null block: [cffee703]: 61
MEM: E PPU[1] Thread (CPUThread)[0x00335e88]Write8 to null block: [cffee704]: 6c
MEM: E PPU[1] Thread (CPUThread)[0x00335e88]Write8 to null block: [cffee705]: 69
MEM: E PPU[1] Thread (CPUThread)[0x00335e88]Write8 to null block: [cffee706]: 7a
MEM: E PPU[1] Thread (CPUThread)[0x00335e88]Write8 to null block: [cffee707]: 65
MEM: E PPU[1] Thread (CPUThread)[0x00335e88]Write8 to null block: [cffee708]: 64
MEM: E PPU[1] Thread (CPUThread)[0x00335e88]Write8 to null block: [cffee709]: 53
MEM: E PPU[1] Thread (CPUThread)[0x00335e88]Write8 to null block: [cffee70a]: 74
MEM: E PPU[1] Thread (CPUThread)[0x00335e88]Write8 to null block: [cffee70b]: 72
MEM: E PPU[1] Thread (CPUThread)[0x00335e88]Write8 to null block: [cffee70c]: 69
MEM: E PPU[1] Thread (CPUThread)[0x00335e88]Write8 to null block: [cffee70d]: 6e
MEM: E PPU[1] Thread (CPUThread)[0x00335e88]Write8 to null block: [cffee70e]: 67
MEM: E PPU[1] Thread (CPUThread)[0x00335e88]Write8 to null block: [cffee70f]: 73
MEM: E PPU[1] Thread (CPUThread)[0x00335e88]Write8 to null block: [cffee710]: 2e
MEM: E PPU[1] Thread (CPUThread)[0x00335e88]Write8 to null block: [cffee711]: 6c
MEM: E PPU[1] Thread (CPUThread)[0x00335e88]Write8 to null block: [cffee712]: 75
MEM: E PPU[1] Thread (CPUThread)[0x00335e88]Write8 to null block: [cffee713]: 61
MEM: E PPU[1] Thread (CPUThread)[0x00335e88]Write8 to null block: [cffee714]: 0
MEM: E PPU[1] Thread (CPUThread)[0x001c8f8c]Write64 to null block: [cffee5f0]: cffee690
MEM: E PPU[1] Thread (CPUThread)[0x001c8f94]Write64 to null block: [cffee6a0]: 20aaf0
MEM: E PPU[1] Thread (CPUThread)[0x001c8f98]Write64 to null block: [cffee688]: cffee860
MEM: E PPU[1] Thread (CPUThread)[0x001c8f9c]Write64 to null block: [cffee668]: 3010ea70
MEM: E PPU[1] Thread (CPUThread)[0x001c8fa8]Write64 to null block: [cffee680]: cffee700
MEM: E PPU[1] Thread (CPUThread)[0x001c8fb8]Write64 to null block: [cffee618]: 71a698
MEM: E PPU[1] Thread (CPUThread)[0x001c8fc4]Write64 to null block: [cffee678]: 394b4a90
MEM: E PPU[1] Thread (CPUThread)[0x001c8fc8]Write64 to null block: [cffee670]: 0
MEM: E PPU[1] Thread (CPUThread)[0x001c8fcc]Write64 to null block: [cffee660]: cffee830
MEM: E PPU[1] Thread (CPUThread)[0x000d9f64]Write64 to null block: [cffee500]: cffee5f0
MEM: E PPU[1] Thread (CPUThread)[0x000d9f6c]Write64 to null block: [cffee600]: 1c8fd8
MEM: E PPU[1] Thread (CPUThread)[0x000d9f70]Write64 to null block: [cffee5e8]: cffee700
MEM: E PPU[1] Thread (CPUThread)[0x000d9f78]Write64 to null block: [cffee5d0]: 0
MEM: E PPU[1] Thread (CPUThread)[0x000d9f7c]Write64 to null block: [cffee5c8]: 0
MEM: E PPU[1] Thread (CPUThread)[0x000d9f8c]Write64 to null block: [cffee5e0]: 394b4a90
MEM: E PPU[1] Thread (CPUThread)[0x000d9f9c]Write64 to null block: [cffee5d8]: 394b4a90
MEM: E PPU[1] Thread (CPUThread)[0x000d9fa0]Write64 to null block: [cffee5c0]: cffee830
MEM: E PPU[1] Thread (CPUThread)[0x000d9fa4]Write64 to null block: [cffee5b8]: cffee790
MEM: E PPU[1] Thread (CPUThread)[0x000d9fa8]Write64 to null block: [cffee5b0]: 1f
MEM: E PPU[1] Thread (CPUThread)[0x000d9fac]Write64 to null block: [cffee5a8]: 1
MEM: E PPU[1] Thread (CPUThread)[0x003745c4]Write64 to null block: [cffee460]: cffee500
MEM: E PPU[1] Thread (CPUThread)[0x003745cc]Write64 to null block: [cffee510]: d9fb8
MEM: E PPU[1] Thread (CPUThread)[0x003745d0]Write64 to null block: [cffee4f8]: cffee500
MEM: E PPU[1] Thread (CPUThread)[0x003745d4]Write64 to null block: [cffee4f0]: 394b4a90
MEM: E PPU[1] Thread (CPUThread)[0x003745e0]Write64 to null block: [cffee4e8]: 394b4a90
MEM: E PPU[1] Thread (CPUThread)[0x003745e4]Write64 to null block: [cffee4e0]: ddb1e0
MEM: E PPU[1] Thread (CPUThread)[0x003745e8]Write64 to null block: [cffee4d8]: cffee700
MEM: E PPU[1] Thread (CPUThread)[0x003745ec]Write64 to null block: [cffee4d0]: cffee830
MEM: E PPU[1] Thread (CPUThread)[0x00374658]Write64 to null block: [cffee488]: 71a698
MEM: E PPU[1] Thread (CPUThread)[0x004598e0]Write64 to null block: [cffee3f0]: cffee460
MEM: E PPU[1] Thread (CPUThread)[0x004598e8]Write64 to null block: [cffee470]: 374670
MEM: E PPU[1] Thread (CPUThread)[0x00372c54]Write64 to null block: [cffee380]: cffee3f0
MEM: E PPU[1] Thread (CPUThread)[0x00372c5c]Write64 to null block: [cffee400]: 4598f8
MEM: E PPU[1] Thread (CPUThread)[0x0033f24c]Write64 to null block: [cffee2e0]: cffee380
MEM: E PPU[1] Thread (CPUThread)[0x0033f254]Write64 to null block: [cffee378]: ddb1e0
MEM: E PPU[1] Thread (CPUThread)[0x0033f260]Write64 to null block: [cffee368]: 20
MEM: E PPU[1] Thread (CPUThread)[0x0033f264]Write64 to null block: [cffee390]: 372c68
MEM: E PPU[1] Thread (CPUThread)[0x00506500]Write64 to null block: [cffee308]: 71a698
MEM: E PPU[1] Thread (CPUThread)[0x00eed064]Write64 to null block: [cffee350]: 1
MEM: E PPU[1] Thread (CPUThread)[0x0033f26c]Read64 from null block: [cffee308]
MEM: E PPU[1] Thread (CPUThread)[0x00506400]Write64 to null block: [cffee308]: 0
MEM: E PPU[1] Thread (CPUThread)[0x0033f2a0]Read64 from null block: [cffee308]
MEM: E PPU[1] Thread (CPUThread)[0x0033f2b0]Read64 from null block: [cffee350]
MEM: E PPU[1] Thread (CPUThread)[0x0033f2c0]Read64 from null block: [cffee390]
MEM: E PPU[1] Thread (CPUThread)[0x0033f2c4]Read64 from null block: [cffee368]
MEM: E PPU[1] Thread (CPUThread)[0x0033f2c8]Read64 from null block: [cffee378]
PPU: E PPU[1] Thread (CPUThread)[0x0033f2d4]PPU[1] Thread (CPUThread) branch error: bad address 0x0 #pc: 0x33f2d4
RSX: W RSXThreadRSX thread aborted
HLE: W VBlank threadCallback::Branch() aborted
RSX: W VBlank threadVBlank thread aborted
HLE: W PPU[87] Thread (spu_printf_handler)[0x002aad50]sys_event_queue_receive(equeue=86) aborted
HLE: ! All threads stopped...
MEM: ! Closing memory...
