HLE: ! path: /dev_hdd0/game/
LDR: ! Loading 'D:\Emulateurs\Rpcs3\dev_hdd0\game\NPEA00394/USRDIR/BOOT.BIN'...
LDR: !  
LDR: ! Mount info:
LDR: ! /dev_hdd0/ -> D:\Emulateurs\Rpcs3/dev_hdd0/
LDR: ! /dev_hdd1/ -> D:\Emulateurs\Rpcs3/dev_hdd1/
LDR: ! /dev_flash/ -> D:\Emulateurs\Rpcs3/dev_flash/
LDR: ! /dev_usb000/ -> D:\Emulateurs\Rpcs3/dev_usb000/
LDR: ! /dev_usb/ -> D:\Emulateurs\Rpcs3/dev_usb000/
LDR: ! /app_home/ -> D:\Emulateurs\Rpcs3\dev_hdd0\game\NPEA00394/
LDR: ! /dev_bdvd/ -> D:\Emulateurs\Rpcs3\dev_hdd0\game\NPEA00394//../
LDR: ! /host_root/ -> 
LDR: ! / -> D:\Emulateurs\Rpcs3\dev_hdd0\game\NPEA00394//USRDIR/
LDR: ! /app_home/PS3_GAME/USRDIR/ -> D:\Emulateurs\Rpcs3\dev_hdd0\game\NPEA00394//USRDIR/
LDR: ! /dev_flash2/ -> D:\Emulateurs\Rpcs3/dev_flash2/
LDR: !  
MEM: ! Initing memory...
MEM: ! Memory initialized.
LDR: W Unknown module 'PRXManager'
LDR: W Unimplemented function 'cellFsWriteWithOffset' in 'sys_fs' module
LDR: W Unimplemented function 'cellFsFsync' in 'sys_fs' module
LDR: W Unimplemented function 'gethostbyname' in 'sys_net' module
LDR: W Unimplemented function 'gethostbyaddr' in 'sys_net' module
LDR: W Unimplemented function 'cellSpursJobQueueAttributeInitialize' in 'cellSpursJq' module
LDR: W Unimplemented function 'cellSpursShutdownJobQueue' in 'cellSpursJq' module
LDR: W Unimplemented function 'cellSpursJoinJobQueue' in 'cellSpursJq' module
LDR: W Unimplemented function '_cellSpursCreateJobQueueWithJobDescriptorPool' in 'cellSpursJq' module
LDR: W Unimplemented function 'cellSpursJobQueuePort2Destroy' in 'cellSpursJq' module
LDR: W Unimplemented function 'cellSpursJobQueuePort2Create' in 'cellSpursJq' module
LDR: W Unimplemented function 'cellSaveDataUserAutoSave' in 'cellSysutil' module
LDR: W Unimplemented function 'cellSaveDataUserAutoLoad' in 'cellSysutil' module
LDR: W Unimplemented function 'cellAudioAdd6chData' in 'cellAudio' module
LDR: W Unimplemented function 'cellOvisGetOverlayTableSize' in 'cellOvis' module
LDR: W Unimplemented function 'cellOvisInitializeOverlayTable' in 'cellOvis' module
LDR: W Unknown module 'libgem'
LDR: W Unimplemented function 'cellCameraStop' in 'cellCamera' module
LDR: W Unimplemented function 'cellCameraGetBufferInfoEx' in 'cellCamera' module
LDR: W Unimplemented function 'cellCameraReadEx' in 'cellCamera' module
LDR: W Unimplemented function 'cellCameraClose' in 'cellCamera' module
LDR: W Unimplemented function 'cellCameraRemoveNotifyEventQueue2' in 'cellCamera' module
LDR: W Unimplemented function 'cellCameraStart' in 'cellCamera' module
LDR: W Unimplemented function 'cellCameraGetType' in 'cellCamera' module
LDR: W Unimplemented function 'cellCameraEnd' in 'cellCamera' module
LDR: W Unimplemented function 'cellCameraOpenEx' in 'cellCamera' module
LDR: W Unimplemented function 'cellCameraReset' in 'cellCamera' module
LDR: W Unimplemented function 'cellCameraSetNotifyEventQueue2' in 'cellCamera' module
LDR: W Unimplemented function 'cellCameraInit' in 'cellCamera' module
LDR: W Unimplemented function 'cellSailGraphicsAdapterGetFrame' in 'cellSail' module
LDR: W Unimplemented function 'cellSailDescriptorCreateDatabase' in 'cellSail' module
LDR: W Unimplemented function 'cellSailFutureReset' in 'cellSail' module
LDR: W Unimplemented function 'cellSailPlayerSetSoundAdapter' in 'cellSail' module
LDR: W Unimplemented function 'cellSailGraphicsAdapterPtsToTimePosition' in 'cellSail' module
LDR: W Unimplemented function 'cellSailPlayerFinalize' in 'cellSail' module
LDR: W Unimplemented function 'cellSailPlayerSetGraphicsAdapter' in 'cellSail' module
LDR: W Unimplemented function 'cellSailGraphicsAdapterInitialize' in 'cellSail' module
LDR: W Unimplemented function 'cellSailSoundAdapterSetPreferredFormat' in 'cellSail' module
LDR: W Unimplemented function 'cellSailPlayerInitialize2' in 'cellSail' module
LDR: W Unimplemented function 'cellSailDescriptorDestroyDatabase' in 'cellSail' module
LDR: W Unimplemented function 'cellSailGraphicsAdapterSetPreferredFormat' in 'cellSail' module
LDR: W Unimplemented function 'cellSailMemAllocatorInitialize' in 'cellSail' module
LDR: W Unimplemented function 'cellSailPlayerOpenStream' in 'cellSail' module
LDR: W Unimplemented function 'cellSailFutureGet' in 'cellSail' module
LDR: W Unimplemented function 'cellSailSoundAdapterInitialize' in 'cellSail' module
LDR: W Unimplemented function 'cellSailGraphicsAdapterUpdateAvSync' in 'cellSail' module
LDR: W Unimplemented function 'cellSailSoundAdapterPtsToTimePosition' in 'cellSail' module
LDR: W Unimplemented function 'cellSailFutureInitialize' in 'cellSail' module
LDR: W Unimplemented function 'cellSailMp4MovieGetMovieInfo' in 'cellSail' module
LDR: W Unimplemented function 'cellSailPlayerSetParameter' in 'cellSail' module
LDR: W Unimplemented function 'cellSailAviMovieGetMovieInfo' in 'cellSail' module
LDR: W Unimplemented function 'cellSailGraphicsAdapterFinalize' in 'cellSail' module
LDR: W Unimplemented function 'cellSailPlayerAddDescriptor' in 'cellSail' module
LDR: W Unimplemented function 'cellSailSoundAdapterGetFrame' in 'cellSail' module
LDR: W Unimplemented function 'cellSailFutureFinalize' in 'cellSail' module
LDR: W Unimplemented function 'cellSailFutureSet' in 'cellSail' module
LDR: W Unimplemented function 'cellSailPlayerBoot' in 'cellSail' module
LDR: W Unimplemented function 'cellSailSoundAdapterFinalize' in 'cellSail' module
LDR: W Unimplemented function 'cellSailPlayerSetPaused' in 'cellSail' module
LDR: W Unimplemented function 'cellSailPlayerCreateDescriptor' in 'cellSail' module
LDR: W Unimplemented function 'cellSailPlayerStart' in 'cellSail' module
LDR: W Unimplemented function 'cellSailPlayerStop' in 'cellSail' module
LDR: W Unimplemented function 'cellSailSoundAdapterUpdateAvSync' in 'cellSail' module
LDR: W Unimplemented function 'cellSailSoundAdapterGetFormat' in 'cellSail' module
LDR: W Unimplemented function 'cellSailPlayerSetRepeatMode' in 'cellSail' module
LDR: W Unimplemented function 'cellSailPlayerDestroyDescriptor' in 'cellSail' module
LDR: W Unimplemented function 'cellSailGraphicsAdapterGetFormat' in 'cellSail' module
LDR: W Unimplemented function 'cellPngEncOpen' in 'cellPngEnc' module
LDR: W Unimplemented function 'cellPngEncQueryAttr' in 'cellPngEnc' module
LDR: W Unimplemented function 'cellPngEncGetStreamInfo' in 'cellPngEnc' module
LDR: W Unimplemented function 'cellPngEncEncodePicture' in 'cellPngEnc' module
LDR: W Unimplemented function 'cellPngEncWaitForOutput' in 'cellPngEnc' module
LDR: W Unimplemented function 'cellFiberPpuRunFibers' in 'cellFiber' module
LDR: W Unimplemented function 'cellFiberPpuCreateFiber' in 'cellFiber' module
LDR: W Unimplemented function 'cellFiberPpuFinalizeScheduler' in 'cellFiber' module
LDR: W Unimplemented function '_cellFiberPpuSchedulerAttributeInitialize' in 'cellFiber' module
LDR: W Unimplemented function 'cellFiberPpuJoinFiber' in 'cellFiber' module
LDR: W Unimplemented function 'cellFiberPpuInitializeScheduler' in 'cellFiber' module
LDR: W Unimplemented function '_cellFiberPpuInitialize' in 'cellFiber' module
LDR: W Unimplemented function '_sys_spu_printf_finalize' in 'sysPrxForUser' module
HLE: W PPU[1] Thread (CPUThread)[0x00d56040]sys_lwmutex warning: *** lwmutex created [mallocm] (attribute=0x22): sq_id = 3
HLE: W PPU[1] Thread (CPUThread)[0x00d56040]sys_lwmutex warning: *** lwmutex created [ps3mono] (attribute=0x12): sq_id = 4
HLE: W PPU[1] Thread (CPUThread)[0x00142418]memory warning: sys_memory_get_user_memory_size(mem_info_addr=0xd0010c3c)
HLE: W PPU[1] Thread (CPUThread)[0x00d5610c]memory warning: sys_mmapper_allocate_memory(size=0x2d00000, flags=0x400, mem_id_addr=0xd0010c38)
HLE: W PPU[1] Thread (CPUThread)[0x00142480]memory warning: sys_mmapper_allocate_address(size=0x10000000, flags=0xf, alignment=0x10000000, alloc_addr=0xd0010c30)
HLE: W PPU[1] Thread (CPUThread)[0x00d5610c]memory warning: sys_mmapper_allocate_memory(size=0x10000000, flags=0x400, mem_id_addr=0xd0010c34)
HLE: W PPU[1] Thread (CPUThread)[0x00d5610c]memory warning: sys_mmapper_allocate_memory(size=0xff00000, flags=0x400, mem_id_addr=0xd0010c34)
HLE: W PPU[1] Thread (CPUThread)[0x00d5610c]memory warning: sys_mmapper_allocate_memory(size=0xfe00000, flags=0x400, mem_id_addr=0xd0010c34)
HLE: W PPU[1] Thread (CPUThread)[0x00d5610c]memory warning: sys_mmapper_allocate_memory(size=0xfd00000, flags=0x400, mem_id_addr=0xd0010c34)
HLE: W PPU[1] Thread (CPUThread)[0x00d5610c]memory warning: sys_mmapper_allocate_memory(size=0xfc00000, flags=0x400, mem_id_addr=0xd0010c34)
HLE: W PPU[1] Thread (CPUThread)[0x00d5610c]memory warning: sys_mmapper_allocate_memory(size=0xfb00000, flags=0x400, mem_id_addr=0xd0010c34)
HLE: W PPU[1] Thread (CPUThread)[0x00d5610c]memory warning: sys_mmapper_allocate_memory(size=0xfa00000, flags=0x400, mem_id_addr=0xd0010c34)
HLE: W PPU[1] Thread (CPUThread)[0x00d5610c]memory warning: sys_mmapper_allocate_memory(size=0xf900000, flags=0x400, mem_id_addr=0xd0010c34)
HLE: W PPU[1] Thread (CPUThread)[0x00d5610c]memory warning: sys_mmapper_allocate_memory(size=0xf800000, flags=0x400, mem_id_addr=0xd0010c34)
HLE: W PPU[1] Thread (CPUThread)[0x00d5610c]memory warning: sys_mmapper_allocate_memory(size=0xf700000, flags=0x400, mem_id_addr=0xd0010c34)
HLE: W PPU[1] Thread (CPUThread)[0x00d5610c]memory warning: sys_mmapper_allocate_memory(size=0xf600000, flags=0x400, mem_id_addr=0xd0010c34)
HLE: W PPU[1] Thread (CPUThread)[0x00d5610c]memory warning: sys_mmapper_allocate_memory(size=0xf500000, flags=0x400, mem_id_addr=0xd0010c34)
HLE: W PPU[1] Thread (CPUThread)[0x00d5610c]memory warning: sys_mmapper_allocate_memory(size=0xf400000, flags=0x400, mem_id_addr=0xd0010c34)
HLE: W PPU[1] Thread (CPUThread)[0x00d5610c]memory warning: sys_mmapper_allocate_memory(size=0xf300000, flags=0x400, mem_id_addr=0xd0010c34)
HLE: W PPU[1] Thread (CPUThread)[0x00d5610c]memory warning: sys_mmapper_allocate_memory(size=0xf200000, flags=0x400, mem_id_addr=0xd0010c34)
HLE: W PPU[1] Thread (CPUThread)[0x00d5610c]memory warning: sys_mmapper_allocate_memory(size=0xf100000, flags=0x400, mem_id_addr=0xd0010c34)
HLE: W PPU[1] Thread (CPUThread)[0x00d5610c]memory warning: sys_mmapper_allocate_memory(size=0xf000000, flags=0x400, mem_id_addr=0xd0010c34)
HLE: W PPU[1] Thread (CPUThread)[0x00d5610c]memory warning: sys_mmapper_allocate_memory(size=0xef00000, flags=0x400, mem_id_addr=0xd0010c34)
HLE: W PPU[1] Thread (CPUThread)[0x00d5610c]memory warning: sys_mmapper_allocate_memory(size=0xee00000, flags=0x400, mem_id_addr=0xd0010c34)
HLE: W PPU[1] Thread (CPUThread)[0x00d5610c]memory warning: sys_mmapper_allocate_memory(size=0xed00000, flags=0x400, mem_id_addr=0xd0010c34)
HLE: W PPU[1] Thread (CPUThread)[0x00d5610c]memory warning: sys_mmapper_allocate_memory(size=0xec00000, flags=0x400, mem_id_addr=0xd0010c34)
HLE: W PPU[1] Thread (CPUThread)[0x00d5610c]memory warning: sys_mmapper_allocate_memory(size=0xeb00000, flags=0x400, mem_id_addr=0xd0010c34)
HLE: W PPU[1] Thread (CPUThread)[0x00d5610c]memory warning: sys_mmapper_allocate_memory(size=0xea00000, flags=0x400, mem_id_addr=0xd0010c34)
HLE: W PPU[1] Thread (CPUThread)[0x00d5610c]memory warning: sys_mmapper_allocate_memory(size=0xe900000, flags=0x400, mem_id_addr=0xd0010c34)
HLE: W PPU[1] Thread (CPUThread)[0x00d5610c]memory warning: sys_mmapper_allocate_memory(size=0xe800000, flags=0x400, mem_id_addr=0xd0010c34)
HLE: W PPU[1] Thread (CPUThread)[0x00d5610c]memory warning: sys_mmapper_allocate_memory(size=0xe700000, flags=0x400, mem_id_addr=0xd0010c34)
HLE: W PPU[1] Thread (CPUThread)[0x00d5610c]memory warning: sys_mmapper_allocate_memory(size=0xe600000, flags=0x400, mem_id_addr=0xd0010c34)
HLE: W PPU[1] Thread (CPUThread)[0x00d5610c]memory warning: sys_mmapper_allocate_memory(size=0xe500000, flags=0x400, mem_id_addr=0xd0010c34)
HLE: W PPU[1] Thread (CPUThread)[0x00d5610c]memory warning: sys_mmapper_allocate_memory(size=0xe400000, flags=0x400, mem_id_addr=0xd0010c34)
HLE: W PPU[1] Thread (CPUThread)[0x00d5610c]memory warning: sys_mmapper_allocate_memory(size=0xe300000, flags=0x400, mem_id_addr=0xd0010c34)
HLE: W PPU[1] Thread (CPUThread)[0x00d5610c]memory warning: sys_mmapper_allocate_memory(size=0xe200000, flags=0x400, mem_id_addr=0xd0010c34)
HLE: W PPU[1] Thread (CPUThread)[0x00d5610c]memory warning: sys_mmapper_allocate_memory(size=0xe100000, flags=0x400, mem_id_addr=0xd0010c34)
HLE: W PPU[1] Thread (CPUThread)[0x00d5610c]memory warning: sys_mmapper_allocate_memory(size=0xe000000, flags=0x400, mem_id_addr=0xd0010c34)
HLE: W PPU[1] Thread (CPUThread)[0x00d5610c]memory warning: sys_mmapper_allocate_memory(size=0xdf00000, flags=0x400, mem_id_addr=0xd0010c34)
HLE: W PPU[1] Thread (CPUThread)[0x00d5610c]memory warning: sys_mmapper_allocate_memory(size=0xde00000, flags=0x400, mem_id_addr=0xd0010c34)
HLE: W PPU[1] Thread (CPUThread)[0x00d5610c]memory warning: sys_mmapper_allocate_memory(size=0xdd00000, flags=0x400, mem_id_addr=0xd0010c34)
HLE: W PPU[1] Thread (CPUThread)[0x00d5610c]memory warning: sys_mmapper_allocate_memory(size=0xdc00000, flags=0x400, mem_id_addr=0xd0010c34)
HLE: W PPU[1] Thread (CPUThread)[0x00d5610c]memory warning: sys_mmapper_allocate_memory(size=0xdb00000, flags=0x400, mem_id_addr=0xd0010c34)
HLE: W PPU[1] Thread (CPUThread)[0x00d5610c]memory warning: sys_mmapper_allocate_memory(size=0xda00000, flags=0x400, mem_id_addr=0xd0010c34)
HLE: W PPU[1] Thread (CPUThread)[0x00d5610c]memory warning: sys_mmapper_allocate_memory(size=0xd900000, flags=0x400, mem_id_addr=0xd0010c34)
HLE: W PPU[1] Thread (CPUThread)[0x00d5610c]memory warning: sys_mmapper_allocate_memory(size=0xd800000, flags=0x400, mem_id_addr=0xd0010c34)
HLE: W PPU[1] Thread (CPUThread)[0x00d5610c]memory warning: sys_mmapper_allocate_memory(size=0xd700000, flags=0x400, mem_id_addr=0xd0010c34)
HLE: W PPU[1] Thread (CPUThread)[0x00d5610c]memory warning: sys_mmapper_allocate_memory(size=0xd600000, flags=0x400, mem_id_addr=0xd0010c34)
HLE: W PPU[1] Thread (CPUThread)[0x00d5610c]memory warning: sys_mmapper_allocate_memory(size=0xd500000, flags=0x400, mem_id_addr=0xd0010c34)
HLE: W PPU[1] Thread (CPUThread)[0x00d5610c]memory warning: sys_mmapper_allocate_memory(size=0xd400000, flags=0x400, mem_id_addr=0xd0010c34)
HLE: W PPU[1] Thread (CPUThread)[0x00d5610c]memory warning: sys_mmapper_allocate_memory(size=0xd300000, flags=0x400, mem_id_addr=0xd0010c34)
HLE: W PPU[1] Thread (CPUThread)[0x00d5610c]memory warning: sys_mmapper_allocate_memory(size=0xd200000, flags=0x400, mem_id_addr=0xd0010c34)
HLE: W PPU[1] Thread (CPUThread)[0x00d5610c]memory warning: sys_mmapper_allocate_memory(size=0xd100000, flags=0x400, mem_id_addr=0xd0010c34)
HLE: W PPU[1] Thread (CPUThread)[0x00d56124]memory warning: sys_mmapper_map_memory(start_addr=0x0, mem_id=0x6, flags=0x40000)
MEM: W PPU[1] Thread (CPUThread)[0x00d56124]memory mapped 0x32e00000 to 0x0 size=0xd100000
HLE: W PPU[1] Thread (CPUThread)[0x00d56058]memory warning: sys_mmapper_free_memory(mem_id=0x5)
HLE: W PPU[1] Thread (CPUThread)[0x00d56040]sys_lwmutex warning: *** lwmutex created [_lc_mtx] (attribute=0x12): sq_id = 7
HLE: W PPU[1] Thread (CPUThread)[0x00d56040]sys_lwmutex warning: *** lwmutex created [] (attribute=0x12): sq_id = 8
HLE: W PPU[1] Thread (CPUThread)[0x00d56040]sys_lwmutex warning: *** lwmutex created [] (attribute=0x12): sq_id = 9
HLE: W PPU[1] Thread (CPUThread)[0x00d56040]sys_lwmutex warning: *** lwmutex created [] (attribute=0x12): sq_id = 10
HLE: W PPU[1] Thread (CPUThread)[0x00d56040]sys_lwmutex warning: *** lwmutex created [] (attribute=0x12): sq_id = 11
HLE: W PPU[1] Thread (CPUThread)[0x00d56040]sys_lwmutex warning: *** lwmutex created [] (attribute=0x12): sq_id = 12
PPU: E PPU[1] Thread (CPUThread)[0x0014d914]fnmadd. #pc: 0x14d914
PPU: ! PPU[1] Thread (CPUThread)[0x0014d914]r0 = 0xb
PPU: ! PPU[1] Thread (CPUThread)[0x0014d914]r1 = 0xd0010a50
PPU: ! PPU[1] Thread (CPUThread)[0x0014d914]r2 = 0xc59748
PPU: ! PPU[1] Thread (CPUThread)[0x0014d914]r3 = 0x14b640
PPU: ! PPU[1] Thread (CPUThread)[0x0014d914]r4 = 0xffffffffffffffff
PPU: ! PPU[1] Thread (CPUThread)[0x0014d914]r5 = 0x0
PPU: ! PPU[1] Thread (CPUThread)[0x0014d914]r6 = 0x14db18
PPU: ! PPU[1] Thread (CPUThread)[0x0014d914]r7 = 0x58
PPU: ! PPU[1] Thread (CPUThread)[0x0014d914]r8 = 0x24e0
PPU: ! PPU[1] Thread (CPUThread)[0x0014d914]r9 = 0x1
PPU: ! PPU[1] Thread (CPUThread)[0x0014d914]r10 = 0x0
PPU: ! PPU[1] Thread (CPUThread)[0x0014d914]r11 = 0x1bc200f4
PPU: ! PPU[1] Thread (CPUThread)[0x0014d914]r12 = 0xd55008
PPU: ! PPU[1] Thread (CPUThread)[0x0014d914]r13 = 0x30007060
PPU: ! PPU[1] Thread (CPUThread)[0x0014d914]r14 = 0x0
PPU: ! PPU[1] Thread (CPUThread)[0x0014d914]r15 = 0x0
PPU: ! PPU[1] Thread (CPUThread)[0x0014d914]r16 = 0x0
PPU: ! PPU[1] Thread (CPUThread)[0x0014d914]r17 = 0x0
PPU: ! PPU[1] Thread (CPUThread)[0x0014d914]r18 = 0x0
PPU: ! PPU[1] Thread (CPUThread)[0x0014d914]r19 = 0x0
PPU: ! PPU[1] Thread (CPUThread)[0x0014d914]r20 = 0x0
PPU: ! PPU[1] Thread (CPUThread)[0x0014d914]r21 = 0x0
PPU: ! PPU[1] Thread (CPUThread)[0x0014d914]r22 = 0x0
PPU: ! PPU[1] Thread (CPUThread)[0x0014d914]r23 = 0x0
PPU: ! PPU[1] Thread (CPUThread)[0x0014d914]r24 = 0x0
PPU: ! PPU[1] Thread (CPUThread)[0x0014d914]r25 = 0x0
PPU: ! PPU[1] Thread (CPUThread)[0x0014d914]r26 = 0x17c0
PPU: ! PPU[1] Thread (CPUThread)[0x0014d914]r27 = 0xc20
PPU: ! PPU[1] Thread (CPUThread)[0x0014d914]r28 = 0x200
PPU: ! PPU[1] Thread (CPUThread)[0x0014d914]r29 = 0x24d8
PPU: ! PPU[1] Thread (CPUThread)[0x0014d914]r30 = 0xc20
PPU: ! PPU[1] Thread (CPUThread)[0x0014d914]r31 = 0xc58
PPU: ! PPU[1] Thread (CPUThread)[0x0014d914]f0 = 0.000000
PPU: ! PPU[1] Thread (CPUThread)[0x0014d914]f1 = 0.000000
PPU: ! PPU[1] Thread (CPUThread)[0x0014d914]f2 = 0.000000
PPU: ! PPU[1] Thread (CPUThread)[0x0014d914]f3 = 0.000000
PPU: ! PPU[1] Thread (CPUThread)[0x0014d914]f4 = 0.000000
PPU: ! PPU[1] Thread (CPUThread)[0x0014d914]f5 = 0.000000
PPU: ! PPU[1] Thread (CPUThread)[0x0014d914]f6 = 0.000000
PPU: ! PPU[1] Thread (CPUThread)[0x0014d914]f7 = 0.000000
PPU: ! PPU[1] Thread (CPUThread)[0x0014d914]f8 = 0.000000
PPU: ! PPU[1] Thread (CPUThread)[0x0014d914]f9 = 0.000000
PPU: ! PPU[1] Thread (CPUThread)[0x0014d914]f10 = 0.000000
PPU: ! PPU[1] Thread (CPUThread)[0x0014d914]f11 = 0.000000
PPU: ! PPU[1] Thread (CPUThread)[0x0014d914]f12 = 0.000000
PPU: ! PPU[1] Thread (CPUThread)[0x0014d914]f13 = 0.000000
PPU: ! PPU[1] Thread (CPUThread)[0x0014d914]f14 = 0.000000
PPU: ! PPU[1] Thread (CPUThread)[0x0014d914]f15 = 0.000000
PPU: ! PPU[1] Thread (CPUThread)[0x0014d914]f16 = 0.000000
PPU: ! PPU[1] Thread (CPUThread)[0x0014d914]f17 = 0.000000
PPU: ! PPU[1] Thread (CPUThread)[0x0014d914]f18 = 0.000000
PPU: ! PPU[1] Thread (CPUThread)[0x0014d914]f19 = 0.000000
PPU: ! PPU[1] Thread (CPUThread)[0x0014d914]f20 = 0.000000
PPU: ! PPU[1] Thread (CPUThread)[0x0014d914]f21 = 0.000000
PPU: ! PPU[1] Thread (CPUThread)[0x0014d914]f22 = 0.000000
PPU: ! PPU[1] Thread (CPUThread)[0x0014d914]f23 = 0.000000
PPU: ! PPU[1] Thread (CPUThread)[0x0014d914]f24 = 0.000000
PPU: ! PPU[1] Thread (CPUThread)[0x0014d914]f25 = 0.000000
PPU: ! PPU[1] Thread (CPUThread)[0x0014d914]f26 = 0.000000
PPU: ! PPU[1] Thread (CPUThread)[0x0014d914]f27 = 0.000000
PPU: ! PPU[1] Thread (CPUThread)[0x0014d914]f28 = 0.000000
PPU: ! PPU[1] Thread (CPUThread)[0x0014d914]f29 = 0.000000
PPU: ! PPU[1] Thread (CPUThread)[0x0014d914]f30 = 0.000000
PPU: ! PPU[1] Thread (CPUThread)[0x0014d914]f31 = 0.000000
PPU: ! PPU[1] Thread (CPUThread)[0x0014d914]v0 = 0x00000000000000000000000000000000 [x: 0 y: 0 z: 0 w: 0]
PPU: ! PPU[1] Thread (CPUThread)[0x0014d914]v1 = 0x00000000000000000000000000000000 [x: 0 y: 0 z: 0 w: 0]
PPU: ! PPU[1] Thread (CPUThread)[0x0014d914]v2 = 0x00000000000000000000000000000000 [x: 0 y: 0 z: 0 w: 0]
PPU: ! PPU[1] Thread (CPUThread)[0x0014d914]v3 = 0x00000000000000000000000000000000 [x: 0 y: 0 z: 0 w: 0]
PPU: ! PPU[1] Thread (CPUThread)[0x0014d914]v4 = 0x00000000000000000000000000000000 [x: 0 y: 0 z: 0 w: 0]
PPU: ! PPU[1] Thread (CPUThread)[0x0014d914]v5 = 0x00000000000000000000000000000000 [x: 0 y: 0 z: 0 w: 0]
PPU: ! PPU[1] Thread (CPUThread)[0x0014d914]v6 = 0x00000000000000000000000000000000 [x: 0 y: 0 z: 0 w: 0]
PPU: ! PPU[1] Thread (CPUThread)[0x0014d914]v7 = 0x00000000000000000000000000000000 [x: 0 y: 0 z: 0 w: 0]
PPU: ! PPU[1] Thread (CPUThread)[0x0014d914]v8 = 0x00000000000000000000000000000000 [x: 0 y: 0 z: 0 w: 0]
PPU: ! PPU[1] Thread (CPUThread)[0x0014d914]v9 = 0x00000000000000000000000000000000 [x: 0 y: 0 z: 0 w: 0]
PPU: ! PPU[1] Thread (CPUThread)[0x0014d914]v10 = 0x00000000000000000000000000000000 [x: 0 y: 0 z: 0 w: 0]
PPU: ! PPU[1] Thread (CPUThread)[0x0014d914]v11 = 0x00000000000000000000000000000000 [x: 0 y: 0 z: 0 w: 0]
PPU: ! PPU[1] Thread (CPUThread)[0x0014d914]v12 = 0x00000000000000000000000000000000 [x: 0 y: 0 z: 0 w: 0]
PPU: ! PPU[1] Thread (CPUThread)[0x0014d914]v13 = 0x00000000000000000000000000000000 [x: 0 y: 0 z: 0 w: 0]
PPU: ! PPU[1] Thread (CPUThread)[0x0014d914]v14 = 0x00000000000000000000000000000000 [x: 0 y: 0 z: 0 w: 0]
PPU: ! PPU[1] Thread (CPUThread)[0x0014d914]v15 = 0x00000000000000000000000000000000 [x: 0 y: 0 z: 0 w: 0]
PPU: ! PPU[1] Thread (CPUThread)[0x0014d914]v16 = 0x00000000000000000000000000000000 [x: 0 y: 0 z: 0 w: 0]
PPU: ! PPU[1] Thread (CPUThread)[0x0014d914]v17 = 0x00000000000000000000000000000000 [x: 0 y: 0 z: 0 w: 0]
PPU: ! PPU[1] Thread (CPUThread)[0x0014d914]v18 = 0x00000000000000000000000000000000 [x: 0 y: 0 z: 0 w: 0]
PPU: ! PPU[1] Thread (CPUThread)[0x0014d914]v19 = 0x00000000000000000000000000000000 [x: 0 y: 0 z: 0 w: 0]
PPU: ! PPU[1] Thread (CPUThread)[0x0014d914]v20 = 0x00000000000000000000000000000000 [x: 0 y: 0 z: 0 w: 0]
PPU: ! PPU[1] Thread (CPUThread)[0x0014d914]v21 = 0x00000000000000000000000000000000 [x: 0 y: 0 z: 0 w: 0]
PPU: ! PPU[1] Thread (CPUThread)[0x0014d914]v22 = 0x00000000000000000000000000000000 [x: 0 y: 0 z: 0 w: 0]
PPU: ! PPU[1] Thread (CPUThread)[0x0014d914]v23 = 0x00000000000000000000000000000000 [x: 0 y: 0 z: 0 w: 0]
PPU: ! PPU[1] Thread (CPUThread)[0x0014d914]v24 = 0x00000000000000000000000000000000 [x: 0 y: 0 z: 0 w: 0]
PPU: ! PPU[1] Thread (CPUThread)[0x0014d914]v25 = 0x00000000000000000000000000000000 [x: 0 y: 0 z: 0 w: 0]
PPU: ! PPU[1] Thread (CPUThread)[0x0014d914]v26 = 0x00000000000000000000000000000000 [x: 0 y: 0 z: 0 w: 0]
PPU: ! PPU[1] Thread (CPUThread)[0x0014d914]v27 = 0x00000000000000000000000000000000 [x: 0 y: 0 z: 0 w: 0]
PPU: ! PPU[1] Thread (CPUThread)[0x0014d914]v28 = 0x00000000000000000000000000000000 [x: 0 y: 0 z: 0 w: 0]
PPU: ! PPU[1] Thread (CPUThread)[0x0014d914]v29 = 0x00000000000000000000000000000000 [x: 0 y: 0 z: 0 w: 0]
PPU: ! PPU[1] Thread (CPUThread)[0x0014d914]v30 = 0x00000000000000000000000000000000 [x: 0 y: 0 z: 0 w: 0]
PPU: ! PPU[1] Thread (CPUThread)[0x0014d914]v31 = 0x00000000000000000000000000000000 [x: 0 y: 0 z: 0 w: 0]
PPU: ! PPU[1] Thread (CPUThread)[0x0014d914]CR = 0x22000084
PPU: ! PPU[1] Thread (CPUThread)[0x0014d914]LR = 0x14db94
PPU: ! PPU[1] Thread (CPUThread)[0x0014d914]CTR = 0x0
PPU: ! PPU[1] Thread (CPUThread)[0x0014d914]XER = 0x20000000 [CA=450971566081 | OV=140716013518848 | SO=450971566080]
PPU: ! PPU[1] Thread (CPUThread)[0x0014d914]FPSCR = 0x12000 [RN=0 | NI=0 | XE=0 | ZE=0 | UE=0 | OE=0 | VE=0 | VXCVI=0 | VXSQRT=0 | VXSOFT=0 | FPRF=18 | FI=0 | FR=0 | VXVC=0 | VXIMZ=0 | VXZDZ=0 | VXIDI=0 | VXISI=0 | VXSNAN=0 | XX=0 | ZX=0 | UX=0 | OX=0 | VX=0 | FEX=0 | FX=0]
HLE: ! All threads stopped...
MEM: ! Closing memory...
