HLE: ! path: /dev_hdd0/game/
LDR: ! Loading 'D:\Emulateurs\Rpcs3\dev_hdd0\game\NPEA00103/USRDIR/BOOT.BIN'...
LDR: !  
LDR: ! Mount info:
LDR: ! /dev_hdd0/ -> D:\Emulateurs\Rpcs3/dev_hdd0/
LDR: ! /dev_hdd1/ -> D:\Emulateurs\Rpcs3/dev_hdd1/
LDR: ! /dev_flash/ -> D:\Emulateurs\Rpcs3/dev_flash/
LDR: ! /dev_usb000/ -> D:\Emulateurs\Rpcs3/dev_usb000/
LDR: ! /dev_usb/ -> D:\Emulateurs\Rpcs3/dev_usb000/
LDR: ! /app_home/ -> D:\Emulateurs\Rpcs3\dev_hdd0\game\NPEA00103/
LDR: ! /dev_bdvd/ -> D:\Emulateurs\Rpcs3\dev_hdd0\game\NPEA00103//../
LDR: ! /host_root/ -> 
LDR: ! / -> D:\Emulateurs\Rpcs3\dev_hdd0\game\NPEA00103//USRDIR/
LDR: ! /app_home/PS3_GAME/USRDIR/ -> D:\Emulateurs\Rpcs3\dev_hdd0\game\NPEA00103//USRDIR/
LDR: ! /dev_flash2/ -> D:\Emulateurs\Rpcs3/dev_flash2/
LDR: !  
MEM: ! Initing memory...
MEM: ! Memory initialized.
LDR: W Unimplemented function 'sceNpDrmProcessExitSpawn2' in 'sceNp' module
HLE: W PPU[1] Thread (CPUThread)[0x00077028]sys_lwmutex warning: *** lwmutex created [_lc_mtx] (attribute=0x12): sq_id = 3
HLE: W PPU[1] Thread (CPUThread)[0x00019900]memory warning: sys_memory_get_user_memory_size(mem_info_addr=0xd0010c04)
HLE: W PPU[1] Thread (CPUThread)[0x00077028]sys_lwmutex warning: *** lwmutex created [_lc_mtx] (attribute=0x12): sq_id = 4
HLE: W PPU[1] Thread (CPUThread)[0x00077028]sys_lwmutex warning: *** lwmutex created [_lc_mtx] (attribute=0x12): sq_id = 5
HLE: W PPU[1] Thread (CPUThread)[0x00077028]sys_lwmutex warning: *** lwmutex created [_lc_mtx] (attribute=0x12): sq_id = 6
HLE: W PPU[1] Thread (CPUThread)[0x00077028]sys_lwmutex warning: *** lwmutex created [_lc_mtx] (attribute=0x12): sq_id = 7
HLE: W PPU[1] Thread (CPUThread)[0x00077028]sys_lwmutex warning: *** lwmutex created [_lc_mtx] (attribute=0x12): sq_id = 8
HLE: W PPU[1] Thread (CPUThread)[0x00077028]sys_lwmutex warning: *** lwmutex created [_lc_mtx] (attribute=0x12): sq_id = 9
HLE: W PPU[1] Thread (CPUThread)[0x00077028]sys_lwmutex warning: *** lwmutex created [_lc_mtx] (attribute=0x12): sq_id = 10
HLE: W PPU[1] Thread (CPUThread)[0x00077028]sys_lwmutex warning: *** lwmutex created [_lc_mtx] (attribute=0x12): sq_id = 11
HLE: W PPU[1] Thread (CPUThread)[0x00077028]sys_lwmutex warning: *** lwmutex created [_lc_mtx] (attribute=0x12): sq_id = 12
HLE: W PPU[1] Thread (CPUThread)[0x00077028]sys_lwmutex warning: *** lwmutex created [_lgcmtx] (attribute=0x12): sq_id = 13
HLE: W PPU[1] Thread (CPUThread)[0x00077028]sys_lwmutex warning: *** lwmutex created [_lgcmtx] (attribute=0x12): sq_id = 14
HLE: W PPU[1] Thread (CPUThread)[0x0002d004]cellSysutil warning: cellSysutilRegisterCallback(slot=0, func_addr=0x30290, userdata=0x0)
HLE: W PPU[1] Thread (CPUThread)[0x00029010]cellSysmodule warning: cellSysmoduleLoadModule(CELL_SYSMODULE_NET)
HLE: W PPU[1] Thread (CPUThread)[0x00029010]cellSysmodule warning: cellSysmoduleLoadModule(CELL_SYSMODULE_SYSUTIL_NP)
HLE: W PPU[1] Thread (CPUThread)[0x00029010]cellSysmodule warning: cellSysmoduleLoadModule(CELL_SYSMODULE_SYSUTIL_GAME)
HLE: W PPU[1] Thread (CPUThread)[0x00027004]sys_net warning: sys_net_initialize_network_ex(param_addr=0xd0010a84)
HLE: W PPU[1] Thread (CPUThread)[0x0002f010]cellGame warning: cellGameBootCheck(type_addr=0xd0010a74, attributes_addr=0xd0010a70, size_addr=0xd0010a78, dirName_addr=0x0)
HLE: W PPU[1] Thread (CPUThread)[0x0002f004]cellGame warning: cellGameContentPermit(contentInfoPath_addr=0xd0010c10, usrdirPath_addr=0xd0010b90)
HLE: E PPU[1] Thread (CPUThread)[0x0002b01c]TODO: sceNpDrmProcessExitSpawn2
HLE: W PPU[1] Thread (CPUThread)[0x00027010]sys_net warning: sys_net_initialize_network_ex()
HLE: W PPU[1] Thread (CPUThread)[0x00029004]cellSysmodule warning: cellSysmoduleUnloadModule(CELL_SYSMODULE_SYSUTIL_GAME)
HLE: W PPU[1] Thread (CPUThread)[0x00029004]cellSysmodule warning: cellSysmoduleUnloadModule(CELL_SYSMODULE_SYSUTIL_NP)
HLE: W PPU[1] Thread (CPUThread)[0x00029004]cellSysmodule warning: cellSysmoduleUnloadModule(CELL_SYSMODULE_NET)
HLE: W PPU[1] Thread (CPUThread)[0x0007707c]sys_lwmutex warning: sys_lwmutex_destroy(lwmutex_addr=0x710d8)
HLE: W PPU[1] Thread (CPUThread)[0x0007707c]sys_lwmutex warning: sys_lwmutex_destroy(lwmutex_addr=0x71100)
HLE: W PPU[1] Thread (CPUThread)[0x0007707c]sys_lwmutex warning: sys_lwmutex_destroy(lwmutex_addr=0x71128)
HLE: W PPU[1] Thread (CPUThread)[0x0007707c]sys_lwmutex warning: sys_lwmutex_destroy(lwmutex_addr=0x71010)
HLE: W PPU[1] Thread (CPUThread)[0x0007707c]sys_lwmutex warning: sys_lwmutex_destroy(lwmutex_addr=0x71038)
HLE: W PPU[1] Thread (CPUThread)[0x0007707c]sys_lwmutex warning: sys_lwmutex_destroy(lwmutex_addr=0x71060)
HLE: W PPU[1] Thread (CPUThread)[0x0007707c]sys_lwmutex warning: sys_lwmutex_destroy(lwmutex_addr=0x71088)
HLE: W PPU[1] Thread (CPUThread)[0x0007707c]sys_lwmutex warning: sys_lwmutex_destroy(lwmutex_addr=0x710b0)
HLE: W PPU[1] Thread (CPUThread)[0x0007707c]sys_lwmutex warning: sys_lwmutex_destroy(lwmutex_addr=0x71948)
HLE: W PPU[1] Thread (CPUThread)[0x0007707c]sys_lwmutex warning: sys_lwmutex_destroy(lwmutex_addr=0x71b40)
HLE: W PPU[1] Thread (CPUThread)[0x00077088]Process warning: sys_process_exit(0)
HLE: S PPU[1] Thread (CPUThread)[0x00077088]Process finished
HLE: ! All threads stopped...
MEM: ! Closing memory...
