HLE: ! path: /dev_hdd0/game/
LDR: ! Loading 'D:\Emulateurs\Rpcs3\dev_hdd0\game\NPEA00280/USRDIR/BOOT.BIN'...
LDR: !  
LDR: ! Mount info:
LDR: ! /dev_hdd0/ -> D:\Emulateurs\Rpcs3/dev_hdd0/
LDR: ! /dev_hdd1/ -> D:\Emulateurs\Rpcs3/dev_hdd1/
LDR: ! /dev_flash/ -> D:\Emulateurs\Rpcs3/dev_flash/
LDR: ! /dev_usb000/ -> D:\Emulateurs\Rpcs3/dev_usb000/
LDR: ! /dev_usb/ -> D:\Emulateurs\Rpcs3/dev_usb000/
LDR: ! /app_home/ -> D:\Emulateurs\Rpcs3\dev_hdd0\game\NPEA00280/
LDR: ! /dev_bdvd/ -> D:\Emulateurs\Rpcs3\dev_hdd0\game\NPEA00280//../
LDR: ! /host_root/ -> 
LDR: ! /app_home/PS3_GAME/USRDIR/ -> D:\Emulateurs\Rpcs3\dev_hdd0\game\NPEA00280//USRDIR/
LDR: ! /dev_flash2/ -> D:\Emulateurs\Rpcs3/dev_flash2/
LDR: ! /app_home/Game/PS3_GAME/USRDIR/ -> D:\Emulateurs\Rpcs3\dev_hdd0\game\NPEA00280//USRDIR/
LDR: ! //dev_hdd0/ -> D:\Emulateurs\Rpcs3/dev_hdd0/
LDR: ! / -> D:\Emulateurs\Rpcs3\dev_hdd0\game\NPEA00280//USRDIR/
LDR: !  
MEM: ! Initing memory: m_base_addr = 0xf1cb040000
MEM: ! Memory initialized.
LDR: W Unimplemented function '_cellFiberPpuContextAttributeInitialize' in 'cellFiber' module
LDR: W Unimplemented function 'cellFiberPpuContextInitialize' in 'cellFiber' module
LDR: W Unimplemented function 'cellFiberPpuContextRun' in 'cellFiber' module
LDR: W Unimplemented function 'cellFiberPpuContextFinalize' in 'cellFiber' module
LDR: W Unimplemented function 'cellFiberPpuContextSwitch' in 'cellFiber' module
LDR: W Unimplemented function '_cellFiberPpuInitialize' in 'cellFiber' module
LDR: W Unimplemented function 'cellFsAioCancel' in 'sys_fs' module
LDR: W Unimplemented function 'cellFsSdataOpenByFd' in 'sys_fs' module
LDR: W Unimplemented function 'cellFsFsync' in 'sys_fs' module
LDR: W Unimplemented function 'cellSpursBarrierInitialize' in 'cellSpurs' module
LDR: W Unimplemented function 'cellSpursJobQueueAttributeSetDoBusyWaiting' in 'cellSpursJq' module
LDR: W Unimplemented function 'cellSpursJobQueueAttributeSetSubmitWithEntryLock' in 'cellSpursJq' module
LDR: W Unimplemented function 'cellSpursJobQueueAttributeSetMaxSizeJobDescriptor' in 'cellSpursJq' module
LDR: W Unimplemented function 'cellSpursJobQueueAttributeInitialize' in 'cellSpursJq' module
LDR: W Unimplemented function 'cellSpursJobQueueAttributeSetIsJobTypeMemoryCheck' in 'cellSpursJq' module
LDR: W Unimplemented function 'cellSpursShutdownJobQueue' in 'cellSpursJq' module
LDR: W Unimplemented function 'cellSpursJoinJobQueue' in 'cellSpursJq' module
LDR: W Unimplemented function '_cellSpursJobQueuePort2PushJobListBody' in 'cellSpursJq' module
LDR: W Unimplemented function 'cellSpursJobQueuePort2Destroy' in 'cellSpursJq' module
LDR: W Unimplemented function '_cellSpursJobQueuePort2PushJobBody' in 'cellSpursJq' module
LDR: W Unimplemented function 'cellSpursJobQueueAttributeSetGrabParameters' in 'cellSpursJq' module
LDR: W Unimplemented function 'cellSpursJobQueuePort2Create' in 'cellSpursJq' module
LDR: W Unimplemented function '_cellSpursCreateJobQueue' in 'cellSpursJq' module
LDR: W Unimplemented function 'cellSpursJobQueuePort2Sync' in 'cellSpursJq' module
LDR: W Unimplemented function 'cellSpursJobQueueAttributeSetIsHaltOnError' in 'cellSpursJq' module
LDR: W Unimplemented function 'cellSyncLFQueueSize' in 'cellSync' module
LDR: W Unknown module 'cellSysutilAvconfExt'
LDR: W Unimplemented function 'sys_prx_load_module_on_memcontainer_by_fd' in 'sysPrxForUser' module
LDR: W Unimplemented function '_sys_spu_printf_finalize' in 'sysPrxForUser' module
LDR: W Unimplemented function 'sys_prx_load_module_by_fd' in 'sysPrxForUser' module
HLE: W {PPU[1] Thread (CPUThread)[0x01f67058]} sys_lwmutex warning: *** lwmutex created [_lc_mtx] (attribute=0x12): sq_id = 3
HLE: W {PPU[1] Thread (CPUThread)[0x0044ffc8]} memory warning: sys_memory_get_user_memory_size(mem_info_addr=0xd0010c04)
HLE: W {PPU[1] Thread (CPUThread)[0x01f67058]} sys_lwmutex warning: *** lwmutex created [_lc_mtx] (attribute=0x12): sq_id = 4
HLE: W {PPU[1] Thread (CPUThread)[0x01f67058]} sys_lwmutex warning: *** lwmutex created [_lc_mtx] (attribute=0x12): sq_id = 5
HLE: W {PPU[1] Thread (CPUThread)[0x01f67058]} sys_lwmutex warning: *** lwmutex created [_lc_mtx] (attribute=0x12): sq_id = 6
HLE: W {PPU[1] Thread (CPUThread)[0x01f67058]} sys_lwmutex warning: *** lwmutex created [_lc_mtx] (attribute=0x12): sq_id = 7
HLE: W {PPU[1] Thread (CPUThread)[0x01f67058]} sys_lwmutex warning: *** lwmutex created [_lc_mtx] (attribute=0x12): sq_id = 8
HLE: W {PPU[1] Thread (CPUThread)[0x01f67058]} sys_lwmutex warning: *** lwmutex created [_lc_mtx] (attribute=0x12): sq_id = 9
HLE: W {PPU[1] Thread (CPUThread)[0x01f67058]} sys_lwmutex warning: *** lwmutex created [_lc_mtx] (attribute=0x12): sq_id = 10
HLE: W {PPU[1] Thread (CPUThread)[0x01f67058]} sys_lwmutex warning: *** lwmutex created [_lc_mtx] (attribute=0x12): sq_id = 11
HLE: W {PPU[1] Thread (CPUThread)[0x01f67058]} sys_lwmutex warning: *** lwmutex created [_lc_mtx] (attribute=0x12): sq_id = 12
HLE: W {PPU[1] Thread (CPUThread)[0x01f67058]} sys_lwmutex warning: *** lwmutex created [_lc_mtx] (attribute=0x12): sq_id = 13
HLE: W {PPU[1] Thread (CPUThread)[0x01f67058]} sys_lwmutex warning: *** lwmutex created [_lc_mtx] (attribute=0x12): sq_id = 14
HLE: W {PPU[1] Thread (CPUThread)[0x01f67058]} sys_lwmutex warning: *** lwmutex created [_lc_mtx] (attribute=0x12): sq_id = 15
HLE: W {PPU[1] Thread (CPUThread)[0x01f67058]} sys_lwmutex warning: *** lwmutex created [_lc_mtx] (attribute=0x12): sq_id = 16
HLE: W {PPU[1] Thread (CPUThread)[0x01f67058]} sys_lwmutex warning: *** lwmutex created [_lc_mtx] (attribute=0x12): sq_id = 17
HLE: W {PPU[1] Thread (CPUThread)[0x01f67058]} sys_lwmutex warning: *** lwmutex created [_lc_mtx] (attribute=0x12): sq_id = 18
HLE: W {PPU[1] Thread (CPUThread)[0x01f67058]} sys_lwmutex warning: *** lwmutex created [_lc_mtx] (attribute=0x12): sq_id = 19
HLE: W {PPU[1] Thread (CPUThread)[0x01f67058]} sys_lwmutex warning: *** lwmutex created [_lc_mtx] (attribute=0x12): sq_id = 20
HLE: W {PPU[1] Thread (CPUThread)[0x01f67058]} sys_lwmutex warning: *** lwmutex created [_lc_mtx] (attribute=0x12): sq_id = 21
HLE: W {PPU[1] Thread (CPUThread)[0x01f67058]} sys_lwmutex warning: *** lwmutex created [_lc_mtx] (attribute=0x12): sq_id = 22
HLE: W {PPU[1] Thread (CPUThread)[0x01f67058]} sys_lwmutex warning: *** lwmutex created [_lc_mtx] (attribute=0x12): sq_id = 23
HLE: W {PPU[1] Thread (CPUThread)[0x01f67058]} sys_lwmutex warning: *** lwmutex created [_lc_mtx] (attribute=0x12): sq_id = 24
HLE: W {PPU[1] Thread (CPUThread)[0x0043f490]} cellSysutil warning: cellSysutilGetSystemParamInt: CELL_SYSUTIL_SYSTEMPARAM_ID_TIMEZONE
HLE: W {PPU[1] Thread (CPUThread)[0x0043f490]} cellSysutil warning: cellSysutilGetSystemParamInt: CELL_SYSUTIL_SYSTEMPARAM_ID_SUMMERTIME
HLE: W {PPU[1] Thread (CPUThread)[0x00446750]} cellSysutil warning: cellSysutilGetSystemParamInt: CELL_SYSUTIL_SYSTEMPARAM_ID_TIMEZONE
HLE: W {PPU[1] Thread (CPUThread)[0x00446750]} cellSysutil warning: cellSysutilGetSystemParamInt: CELL_SYSUTIL_SYSTEMPARAM_ID_SUMMERTIME
HLE: W {PPU[1] Thread (CPUThread)[0x00440f00]} cellSysutil warning: cellSysutilGetSystemParamInt: CELL_SYSUTIL_SYSTEMPARAM_ID_TIMEZONE
HLE: W {PPU[1] Thread (CPUThread)[0x00440f00]} cellSysutil warning: cellSysutilGetSystemParamInt: CELL_SYSUTIL_SYSTEMPARAM_ID_SUMMERTIME
HLE: W {PPU[1] Thread (CPUThread)[0x00446750]} cellSysutil warning: cellSysutilGetSystemParamInt: CELL_SYSUTIL_SYSTEMPARAM_ID_TIMEZONE
HLE: W {PPU[1] Thread (CPUThread)[0x00446750]} cellSysutil warning: cellSysutilGetSystemParamInt: CELL_SYSUTIL_SYSTEMPARAM_ID_SUMMERTIME
HLE: W {PPU[1] Thread (CPUThread)[0x0043f434]} cellSysutil warning: cellSysutilGetSystemParamInt: CELL_SYSUTIL_SYSTEMPARAM_ID_TIMEZONE
HLE: W {PPU[1] Thread (CPUThread)[0x0043f434]} cellSysutil warning: cellSysutilGetSystemParamInt: CELL_SYSUTIL_SYSTEMPARAM_ID_SUMMERTIME
HLE: W {PPU[1] Thread (CPUThread)[0x00440f00]} cellSysutil warning: cellSysutilGetSystemParamInt: CELL_SYSUTIL_SYSTEMPARAM_ID_TIMEZONE
HLE: W {PPU[1] Thread (CPUThread)[0x00440f00]} cellSysutil warning: cellSysutilGetSystemParamInt: CELL_SYSUTIL_SYSTEMPARAM_ID_SUMMERTIME
HLE: W {PPU[1] Thread (CPUThread)[0x01f67058]} sys_lwmutex warning: *** lwmutex created [ps3HDDL] (attribute=0x12): sq_id = 25
HLE: W {PPU[1] Thread (CPUThread)[0x01f5907c]} cellSysutil warning: cellSysutilRegisterCallback(slot=0, func_addr=0x723a70, userdata=0x0)
HLE: W {PPU[1] Thread (CPUThread)[0x01f57010]} cellSysmodule warning: cellSysmoduleLoadModule(CELL_SYSMODULE_FIBER)
HLE: W {PPU[1] Thread (CPUThread)[0x01f57010]} cellSysmodule warning: cellSysmoduleLoadModule(CELL_SYSMODULE_AUDIO)
HLE: W {PPU[1] Thread (CPUThread)[0x01f57010]} cellSysmodule warning: cellSysmoduleLoadModule(CELL_SYSMODULE_FS)
HLE: W {PPU[1] Thread (CPUThread)[0x01f57010]} cellSysmodule warning: cellSysmoduleLoadModule(CELL_SYSMODULE_SPURS)
HLE: W {PPU[1] Thread (CPUThread)[0x01f57010]} cellSysmodule warning: cellSysmoduleLoadModule(CELL_SYSMODULE_GCM_SYS)
HLE: W {PPU[1] Thread (CPUThread)[0x01f57010]} cellSysmodule warning: cellSysmoduleLoadModule(CELL_SYSMODULE_IO)
HLE: W {PPU[1] Thread (CPUThread)[0x01f57010]} cellSysmodule warning: cellSysmoduleLoadModule(CELL_SYSMODULE_RTC)
HLE: W {PPU[1] Thread (CPUThread)[0x01f57010]} cellSysmodule warning: cellSysmoduleLoadModule(CELL_SYSMODULE_SYSUTIL_NP)
HLE: W {PPU[1] Thread (CPUThread)[0x01f57010]} cellSysmodule warning: cellSysmoduleLoadModule(CELL_SYSMODULE_SYSUTIL_NP_TROPHY)
HLE: W {PPU[1] Thread (CPUThread)[0x01f57010]} cellSysmodule warning: cellSysmoduleLoadModule(CELL_SYSMODULE_VDEC_MPEG2)
HLE: W {PPU[1] Thread (CPUThread)[0x01f57010]} cellSysmodule warning: cellSysmoduleLoadModule(CELL_SYSMODULE_AVCONF_EXT)
HLE: W {PPU[1] Thread (CPUThread)[0x003108dc]} memory warning: sys_memory_container_create(cid_addr=0x30100e70, yield_size=0x100000)
HLE: W {PPU[1] Thread (CPUThread)[0x003108dc]} memory warning: *** memory_container created(addr=0x30200000): id = 26
HLE: W {PPU[1] Thread (CPUThread)[0x01f57010]} cellSysmodule warning: cellSysmoduleLoadModule(CELL_SYSMODULE_SYSUTIL_GAME)
HLE: W {PPU[1] Thread (CPUThread)[0x01f61028]} cellGame warning: cellGameBootCheck(type_addr=0xd00108d0, attributes_addr=0xd00108d4, size_addr=0xd00108d8, dirName_addr=0xd00108e8)
HLE: W {PPU[1] Thread (CPUThread)[0x01f61004]} cellGame warning: cellGameGetParamString(id=100, buf_addr=0xd00108e8, bufsize=10)
HLE: W {PPU[1] Thread (CPUThread)[0x01f61010]} cellGame warning: cellGameContentPermit(contentInfoPath_addr=0xd00108e8, usrdirPath_addr=0x758c80)
HLE: W {PPU[1] Thread (CPUThread)[0x01f57004]} cellSysmodule warning: cellSysmoduleUnloadModule(CELL_SYSMODULE_SYSUTIL_GAME)
HLE: W {PPU[1] Thread (CPUThread)[0x01f59028]} cellSysutil warning: cellSysutilGetSystemParamInt: CELL_SYSUTIL_SYSTEMPARAM_ID_LANG
HLE: W {PPU[1] Thread (CPUThread)[0x0019ca98]} sys_event warning: sys_event_port_create(eport_id_addr=0x154c91c, port_type=0x1, name=0x0)
HLE: W {PPU[1] Thread (CPUThread)[0x0019ca98]} sys_event warning: *** sys_event_port created: id = 27
HLE: W {PPU[1] Thread (CPUThread)[0x0019cac4]} sys_event warning: sys_event_queue_create(equeue_id_addr=0x154c920, attr_addr=0xd0010990, event_queue_key=0x0, size=32)
HLE: W {PPU[1] Thread (CPUThread)[0x0019cac4]} sys_event warning: *** event_queue created [] (protocol=0x1, type=0x1): id = 28
HLE: W {PPU[1] Thread (CPUThread)[0x0019cad4]} sys_event warning: sys_event_port_connect_local(eport_id=27, equeue_id=28)
PPU: ! {PPU[1] Thread (CPUThread)[0x01f67028]} *** New PPU Thread [BPETrophyInitThread] (flags=0x1, entry=0x71ce58): id = 29
HLE: W {PPU[29] Thread (BPETrophyInitThread)[0x01f57010]} cellSysmodule warning: cellSysmoduleLoadModule(CELL_SYSMODULE_SYSUTIL_NP_TROPHY)
HLE: W {PPU[29] Thread (BPETrophyInitThread)[0x01f5f064]} sceNpTrophy warning: sceNpTrophyCreateContext(context_addr=0x154c930, commID_addr=0x4ee410, commSign_addr=0x4ee41c, options=0x0)
HLE: W {PPU[1] Thread (CPUThread)[0x0030ee34]} sys_spu warning: sys_spu_initialize(max_usable_spu=6, max_raw_spu=0)
HLE: W {PPU[1] Thread (CPUThread)[0x01f670d0]} sysPrxForUser warning: sys_ppu_thread_once(once_ctrl_addr=0x16f4ab4, entry=0x72c470)
HLE: W {PPU[30] Thread (CPUThread)[0x01f67058]} sys_lwmutex warning: *** lwmutex created [_lc_spf] (attribute=0x22): sq_id = 31
HLE: W {PPU[1] Thread (CPUThread)[0x0044a04c]} sys_event warning: sys_event_queue_create(equeue_id_addr=0x16f469c, attr_addr=0xd0010750, event_queue_key=0x0, size=127)
HLE: W {PPU[1] Thread (CPUThread)[0x0044a04c]} sys_event warning: *** event_queue created [_lc_spf] (protocol=0x2, type=0x1): id = 32
HLE: W {PPU[1] Thread (CPUThread)[0x0044a070]} sys_event warning: sys_event_port_create(eport_id_addr=0x16f46a0, port_type=0x1, name=0xffffffff0000dead)
HLE: W {PPU[1] Thread (CPUThread)[0x0044a070]} sys_event warning: *** sys_event_port created: id = 33
HLE: W {PPU[1] Thread (CPUThread)[0x0044a08c]} sys_event warning: sys_event_port_connect_local(eport_id=33, equeue_id=32)
PPU: ! {PPU[1] Thread (CPUThread)[0x01f67028]} *** New PPU Thread [_SPU_printf_server] (flags=0x1, entry=0x72c468): id = 34
HLE: W {PPU[1] Thread (CPUThread)[0x01f6707c]} sysPrxForUser warning: sys_spu_printf_initialize(0x72c450, 0x72c448, 0x72c440, 0x72c438, 0x1000)
HLE: W {PPU[1] Thread (CPUThread)[0x0070d0dc]} cellSpurs warning: _cellSpursAttributeInitialize(attr_addr=0xd0010810, nSpus=2, spuPriority=3342336, ppuPriority=5, exitIfNoWork=100)
HLE: W {PPU[1] Thread (CPUThread)[0x0070d100]} cellSpurs warning: cellSpursAttributeSetSpuThreadGroupType(attr_addr=0xd0010810, type=24)
HLE: W {PPU[1] Thread (CPUThread)[0x0070d010]} cellSpurs warning: cellSpursAttributeSetNamePrefix(attr_addr=0xd0010810, prefix_addr=0xd0010800, size=0x8)
HLE: E {PPU[1] Thread (CPUThread)[0x0070d01c]} cellSpurs error: cellSpursAttributeEnableSpuPrintfIfAvailable(attr_addr=0xd0010810)
HLE: W {PPU[1] Thread (CPUThread)[0x0070d04c]} cellSpurs warning: cellSpursInitializeWithAttribute2(spurs_addr=0x30120f00, spurs_addr=0xd0010810)
HLE: W {PPU[1] Thread (CPUThread)[0x0070d0dc]} cellSpurs warning: _cellSpursAttributeInitialize(attr_addr=0xd0010810, nSpus=2, spuPriority=3342336, ppuPriority=1, exitIfNoWork=100)
HLE: W {PPU[1] Thread (CPUThread)[0x0070d010]} cellSpurs warning: cellSpursAttributeSetNamePrefix(attr_addr=0xd0010810, prefix_addr=0xd0010800, size=0xa)
HLE: E {PPU[1] Thread (CPUThread)[0x0070d01c]} cellSpurs error: cellSpursAttributeEnableSpuPrintfIfAvailable(attr_addr=0xd0010810)
HLE: W {PPU[1] Thread (CPUThread)[0x0070d04c]} cellSpurs warning: cellSpursInitializeWithAttribute2(spurs_addr=0x30122f80, spurs_addr=0xd0010810)
HLE: W {PPU[1] Thread (CPUThread)[0x0070b058]} sys_fs warning: cellFsAioInit(mount_point_addr=0x758d00 (/dev_hdd0/game/NPEA00280/USRDIR/SHADOW/))
HLE: W {PPU[1] Thread (CPUThread)[0x01f57010]} cellSysmodule warning: cellSysmoduleLoadModule(CELL_SYSMODULE_SPURS_JQ)
HLE: E {PPU[1] Thread (CPUThread)[0x0070f028]} TODO: cellSpursJobQueueAttributeInitialize
HLE: E {PPU[1] Thread (CPUThread)[0x0070f07c]} TODO: cellSpursJobQueueAttributeSetGrabParameters
HLE: E {PPU[1] Thread (CPUThread)[0x0070f01c]} TODO: cellSpursJobQueueAttributeSetMaxSizeJobDescriptor
HLE: E {PPU[1] Thread (CPUThread)[0x0070f010]} TODO: cellSpursJobQueueAttributeSetSubmitWithEntryLock
HLE: E {PPU[1] Thread (CPUThread)[0x0070f004]} TODO: cellSpursJobQueueAttributeSetDoBusyWaiting
HLE: E {PPU[1] Thread (CPUThread)[0x0070f0ac]} TODO: cellSpursJobQueueAttributeSetIsHaltOnError
HLE: E {PPU[1] Thread (CPUThread)[0x0070f034]} TODO: cellSpursJobQueueAttributeSetIsJobTypeMemoryCheck
HLE: E {PPU[1] Thread (CPUThread)[0x0070f094]} TODO: _cellSpursCreateJobQueue
HLE: E {PPU[1] Thread (CPUThread)[0x0070f088]} TODO: cellSpursJobQueuePort2Create
HLE: E {PPU[1] Thread (CPUThread)[0x0070d130]} cellSpurs error: Unimplemented function: _cellSpursTasksetAttribute2Initialize
HLE: E {PPU[1] Thread (CPUThread)[0x0070d064]} cellSpurs error: Unimplemented function: cellSpursCreateTaskset2
HLE: E {PPU[1] Thread (CPUThread)[0x0070d004]} cellSpurs error: Unimplemented function: _cellSpursLFQueueInitialize
HLE: E {PPU[1] Thread (CPUThread)[0x0070d034]} cellSpurs error: Unimplemented function: cellSpursLFQueueAttachLv2EventQueue
HLE: E {PPU[1] Thread (CPUThread)[0x0070d0d0]} cellSpurs error: Unimplemented function: _cellSpursTaskAttribute2Initialize
HLE: E {PPU[1] Thread (CPUThread)[0x0070d154]} cellSpurs error: Unimplemented function: cellSpursCreateTask2
HLE: W {PPU[29] Thread (BPETrophyInitThread)[0x01f5f010]} sceNpTrophy warning: sceNpTrophyCreateHandle(handle_addr=0x154c934)
HLE: W {PPU[29] Thread (BPETrophyInitThread)[0x01f5f01c]} sceNpTrophy warning: sceNpTrophyGetRequiredDiskSpace(context=0, handle=0, reqspace_addr=0x154c910, options=0x0)
PPU: ! {PPU[29] Thread (BPETrophyInitThread)[0x01f67028]} *** New PPU Thread [AUTO_LOAD] (flags=0x0, entry=0x71cc98): id = 35
HLE: W {PPU[35] Thread (AUTO_LOAD)[0x01f590d0]} cellSysutil warning: cellSaveDataAutoLoad2(version=0, dirName_addr=0x15414c0, errDialog=0, setBuf=0xd0050ce0, funcList=0x71cc58, funcStat=0x0, funcFile=0xffffffff, container=0, userdata_addr=0xcd19f210)
HLE: W {PPU[35] Thread (AUTO_LOAD)[0x01f590d0]} cellSysutil warning: cellSaveDataAutoLoad2(version=0, dirName_addr=0x1541488, errDialog=0, setBuf=0xd0050da0, funcList=0x71ccb0, funcStat=0x71cc50, funcFile=0xffffffff, container=22287468, userdata_addr=0xcd19f210)
HLE: W {PPU[1] Thread (CPUThread)[0x01f630c4]} cellGcmSys warning: cellGcmInit(context_addr=0x16e1038,cmdSize=0x200000,ioSize=0x3400000,ioAddress=0x30500000)
HLE: W {PPU[35] Thread (AUTO_LOAD)[0x01f590d0]} cellSaveDataAutoLoad2: Couldn't find save entry (BCES01097_SOTC)
HLE: W {PPU[29] Thread (BPETrophyInitThread)[0x01f5f004]} sceNpTrophy warning: sceNpTrophyRegisterContext(context=0, handle=0, statusCb_addr=0x71ce20, arg_addr=0x0, options=0x0)
HLE: W {PPU[29] Thread (BPETrophyInitThread)[0x01f5f004]} vfsLocalFile::Create('D:\Emulateurs\Rpcs3\dev_hdd0\home\00000001\trophy\NPWR01503_00\TROPCONF.SFM')
HLE: W {PPU[29] Thread (BPETrophyInitThread)[0x01f5f004]} vfsLocalFile::Create('D:\Emulateurs\Rpcs3\dev_hdd0\home\00000001\trophy\NPWR01503_00\ICON0.PNG')
HLE: W {PPU[29] Thread (BPETrophyInitThread)[0x01f5f004]} vfsLocalFile::Create('D:\Emulateurs\Rpcs3\dev_hdd0\home\00000001\trophy\NPWR01503_00\ICON0_00.PNG')
HLE: W {PPU[29] Thread (BPETrophyInitThread)[0x01f5f004]} vfsLocalFile::Create('D:\Emulateurs\Rpcs3\dev_hdd0\home\00000001\trophy\NPWR01503_00\TROP000.PNG')
HLE: W {PPU[29] Thread (BPETrophyInitThread)[0x01f5f004]} vfsLocalFile::Create('D:\Emulateurs\Rpcs3\dev_hdd0\home\00000001\trophy\NPWR01503_00\TROP001.PNG')
HLE: W {PPU[29] Thread (BPETrophyInitThread)[0x01f5f004]} vfsLocalFile::Create('D:\Emulateurs\Rpcs3\dev_hdd0\home\00000001\trophy\NPWR01503_00\TROP002.PNG')
HLE: W {PPU[29] Thread (BPETrophyInitThread)[0x01f5f004]} vfsLocalFile::Create('D:\Emulateurs\Rpcs3\dev_hdd0\home\00000001\trophy\NPWR01503_00\TROP003.PNG')
HLE: W {PPU[29] Thread (BPETrophyInitThread)[0x01f5f004]} vfsLocalFile::Create('D:\Emulateurs\Rpcs3\dev_hdd0\home\00000001\trophy\NPWR01503_00\TROP004.PNG')
HLE: W {PPU[29] Thread (BPETrophyInitThread)[0x01f5f004]} vfsLocalFile::Create('D:\Emulateurs\Rpcs3\dev_hdd0\home\00000001\trophy\NPWR01503_00\TROP005.PNG')
HLE: W {PPU[29] Thread (BPETrophyInitThread)[0x01f5f004]} vfsLocalFile::Create('D:\Emulateurs\Rpcs3\dev_hdd0\home\00000001\trophy\NPWR01503_00\TROP006.PNG')
HLE: W {PPU[29] Thread (BPETrophyInitThread)[0x01f5f004]} vfsLocalFile::Create('D:\Emulateurs\Rpcs3\dev_hdd0\home\00000001\trophy\NPWR01503_00\TROP007.PNG')
HLE: W {PPU[29] Thread (BPETrophyInitThread)[0x01f5f004]} vfsLocalFile::Create('D:\Emulateurs\Rpcs3\dev_hdd0\home\00000001\trophy\NPWR01503_00\TROP008.PNG')
HLE: W {PPU[29] Thread (BPETrophyInitThread)[0x01f5f004]} vfsLocalFile::Create('D:\Emulateurs\Rpcs3\dev_hdd0\home\00000001\trophy\NPWR01503_00\TROP009.PNG')
HLE: W {PPU[29] Thread (BPETrophyInitThread)[0x01f5f004]} vfsLocalFile::Create('D:\Emulateurs\Rpcs3\dev_hdd0\home\00000001\trophy\NPWR01503_00\TROP010.PNG')
HLE: W {PPU[29] Thread (BPETrophyInitThread)[0x01f5f004]} vfsLocalFile::Create('D:\Emulateurs\Rpcs3\dev_hdd0\home\00000001\trophy\NPWR01503_00\TROP011.PNG')
HLE: W {PPU[29] Thread (BPETrophyInitThread)[0x01f5f004]} vfsLocalFile::Create('D:\Emulateurs\Rpcs3\dev_hdd0\home\00000001\trophy\NPWR01503_00\TROP012.PNG')
HLE: W {PPU[29] Thread (BPETrophyInitThread)[0x01f5f004]} vfsLocalFile::Create('D:\Emulateurs\Rpcs3\dev_hdd0\home\00000001\trophy\NPWR01503_00\TROP013.PNG')
HLE: W {PPU[29] Thread (BPETrophyInitThread)[0x01f5f004]} vfsLocalFile::Create('D:\Emulateurs\Rpcs3\dev_hdd0\home\00000001\trophy\NPWR01503_00\TROP014.PNG')
HLE: W {PPU[29] Thread (BPETrophyInitThread)[0x01f5f004]} vfsLocalFile::Create('D:\Emulateurs\Rpcs3\dev_hdd0\home\00000001\trophy\NPWR01503_00\TROP015.PNG')
HLE: W {PPU[29] Thread (BPETrophyInitThread)[0x01f5f004]} vfsLocalFile::Create('D:\Emulateurs\Rpcs3\dev_hdd0\home\00000001\trophy\NPWR01503_00\TROP016.PNG')
HLE: W {PPU[29] Thread (BPETrophyInitThread)[0x01f5f004]} vfsLocalFile::Create('D:\Emulateurs\Rpcs3\dev_hdd0\home\00000001\trophy\NPWR01503_00\TROP017.PNG')
HLE: W {PPU[29] Thread (BPETrophyInitThread)[0x01f5f004]} vfsLocalFile::Create('D:\Emulateurs\Rpcs3\dev_hdd0\home\00000001\trophy\NPWR01503_00\TROP018.PNG')
HLE: W {PPU[29] Thread (BPETrophyInitThread)[0x01f5f004]} vfsLocalFile::Create('D:\Emulateurs\Rpcs3\dev_hdd0\home\00000001\trophy\NPWR01503_00\TROP019.PNG')
HLE: W {PPU[29] Thread (BPETrophyInitThread)[0x01f5f004]} vfsLocalFile::Create('D:\Emulateurs\Rpcs3\dev_hdd0\home\00000001\trophy\NPWR01503_00\TROP020.PNG')
HLE: W {PPU[29] Thread (BPETrophyInitThread)[0x01f5f004]} vfsLocalFile::Create('D:\Emulateurs\Rpcs3\dev_hdd0\home\00000001\trophy\NPWR01503_00\TROP021.PNG')
HLE: W {PPU[29] Thread (BPETrophyInitThread)[0x01f5f004]} vfsLocalFile::Create('D:\Emulateurs\Rpcs3\dev_hdd0\home\00000001\trophy\NPWR01503_00\TROP022.PNG')
HLE: W {PPU[29] Thread (BPETrophyInitThread)[0x01f5f004]} vfsLocalFile::Create('D:\Emulateurs\Rpcs3\dev_hdd0\home\00000001\trophy\NPWR01503_00\TROP023.PNG')
HLE: W {PPU[29] Thread (BPETrophyInitThread)[0x01f5f004]} vfsLocalFile::Create('D:\Emulateurs\Rpcs3\dev_hdd0\home\00000001\trophy\NPWR01503_00\TROP024.PNG')
HLE: W {PPU[29] Thread (BPETrophyInitThread)[0x01f5f004]} vfsLocalFile::Create('D:\Emulateurs\Rpcs3\dev_hdd0\home\00000001\trophy\NPWR01503_00\TROP025.PNG')
HLE: W {PPU[29] Thread (BPETrophyInitThread)[0x01f5f004]} vfsLocalFile::Create('D:\Emulateurs\Rpcs3\dev_hdd0\home\00000001\trophy\NPWR01503_00\TROP026.PNG')
HLE: W {PPU[29] Thread (BPETrophyInitThread)[0x01f5f004]} vfsLocalFile::Create('D:\Emulateurs\Rpcs3\dev_hdd0\home\00000001\trophy\NPWR01503_00\TROP027.PNG')
HLE: W {PPU[29] Thread (BPETrophyInitThread)[0x01f5f004]} vfsLocalFile::Create('D:\Emulateurs\Rpcs3\dev_hdd0\home\00000001\trophy\NPWR01503_00\TROP028.PNG')
HLE: W {PPU[29] Thread (BPETrophyInitThread)[0x01f5f004]} vfsLocalFile::Create('D:\Emulateurs\Rpcs3\dev_hdd0\home\00000001\trophy\NPWR01503_00\TROP029.PNG')
HLE: W {PPU[29] Thread (BPETrophyInitThread)[0x01f5f004]} vfsLocalFile::Create('D:\Emulateurs\Rpcs3\dev_hdd0\home\00000001\trophy\NPWR01503_00\TROP030.PNG')
HLE: W {PPU[29] Thread (BPETrophyInitThread)[0x01f5f004]} vfsLocalFile::Create('D:\Emulateurs\Rpcs3\dev_hdd0\home\00000001\trophy\NPWR01503_00\TROPUSR.DAT')
HLE: W {PPU[1] Thread (CPUThread)[0x01f630c4]} cellGcmSys warning: *** local memory(addr=0xc0000000, size=0xf900000)
HLE: W {PPU[1] Thread (CPUThread)[0x01f630c4]} cellGcmSys warning: cellGcmInit(): 256MB io address space used
HLE: W {PPU[1] Thread (CPUThread)[0x01f630c4]} cellGcmSys warning: cellGcmMapEaIoAddress(ea=0x30500000, io=0x0, size=0x3400000)
RSX: ! {RSXThread} RSX thread started
HLE: W {PPU[1] Thread (CPUThread)[0x01f67058]} sys_lwmutex warning: *** lwmutex created [] (attribute=0x12): sq_id = 36
HLE: W {PPU[1] Thread (CPUThread)[0x01f63058]} cellGcmSys warning: cellGcmSetFlipHandler(handler_addr=7489256)
HLE: W {PPU[1] Thread (CPUThread)[0x01f6307c]} cellGcmSys warning: cellGcmSetVBlankHandler(handler_addr=0x724740)
HLE: W {PPU[1] Thread (CPUThread)[0x01f63040]} cellGcmSys warning: cellGcmSetFlipMode(mode=1)
HLE: E {PPU[1] Thread (CPUThread)[0x0070f070]} TODO: _cellSpursJobQueuePort2PushJobBody
HLE: E {PPU[1] Thread (CPUThread)[0x0070f0a0]} TODO: cellSpursJobQueuePort2Sync
HLE: W {PPU[1] Thread (CPUThread)[0x01f57010]} cellSysmodule warning: cellSysmoduleLoadModule(CELL_SYSMODULE_SPURS_JQ)
HLE: E {PPU[1] Thread (CPUThread)[0x0070f028]} TODO: cellSpursJobQueueAttributeInitialize
HLE: E {PPU[1] Thread (CPUThread)[0x0070f07c]} TODO: cellSpursJobQueueAttributeSetGrabParameters
HLE: E {PPU[1] Thread (CPUThread)[0x0070f01c]} TODO: cellSpursJobQueueAttributeSetMaxSizeJobDescriptor
HLE: E {PPU[1] Thread (CPUThread)[0x0070f010]} TODO: cellSpursJobQueueAttributeSetSubmitWithEntryLock
HLE: E {PPU[1] Thread (CPUThread)[0x0070f004]} TODO: cellSpursJobQueueAttributeSetDoBusyWaiting
HLE: E {PPU[1] Thread (CPUThread)[0x0070f0ac]} TODO: cellSpursJobQueueAttributeSetIsHaltOnError
HLE: E {PPU[1] Thread (CPUThread)[0x0070f034]} TODO: cellSpursJobQueueAttributeSetIsJobTypeMemoryCheck
HLE: E {PPU[1] Thread (CPUThread)[0x0070f094]} TODO: _cellSpursCreateJobQueue
HLE: E {PPU[1] Thread (CPUThread)[0x0070f088]} TODO: cellSpursJobQueuePort2Create
HLE: W {PPU[1] Thread (CPUThread)[0x01f63004]} cellGcmSys warning: cellGcmGetTiledPitchSize(size=5120)
HLE: W {PPU[1] Thread (CPUThread)[0x01f59004]} cellSysutil warning: cellVideoOutConfigure(videoOut=0, config_addr=0xd0010a00, option_addr=0x0, waitForEvent=0x0)
HLE: W {PPU[1] Thread (CPUThread)[0x01f63004]} cellGcmSys warning: cellGcmGetTiledPitchSize(size=5120)
HLE: W {PPU[1] Thread (CPUThread)[0x01f63094]} cellGcmSys warning: cellGcmSetTileInfo(index=0, location=0, offset=786432, size=3932160, pitch=5120, comp=0, base=0, bank=0)
HLE: W {PPU[1] Thread (CPUThread)[0x01f63034]} cellGcmSys warning: cellGcmBindTile(index=0)
HLE: W {PPU[1] Thread (CPUThread)[0x01f63004]} cellGcmSys warning: cellGcmGetTiledPitchSize(size=5120)
HLE: W {PPU[1] Thread (CPUThread)[0x01f63094]} cellGcmSys warning: cellGcmSetTileInfo(index=1, location=0, offset=4718592, size=3932160, pitch=5120, comp=0, base=0, bank=0)
HLE: W {PPU[1] Thread (CPUThread)[0x01f63034]} cellGcmSys warning: cellGcmBindTile(index=1)
HLE: W {PPU[1] Thread (CPUThread)[0x01f63004]} cellGcmSys warning: cellGcmGetTiledPitchSize(size=5120)
HLE: W {PPU[1] Thread (CPUThread)[0x01f63094]} cellGcmSys warning: cellGcmSetTileInfo(index=2, location=0, offset=8650752, size=3932160, pitch=5120, comp=0, base=0, bank=0)
HLE: W {PPU[1] Thread (CPUThread)[0x01f63034]} cellGcmSys warning: cellGcmBindTile(index=2)
HLE: W {PPU[1] Thread (CPUThread)[0x01f63004]} cellGcmSys warning: cellGcmGetTiledPitchSize(size=4864)
HLE: W {PPU[1] Thread (CPUThread)[0x01f6304c]} cellGcmSys warning: cellGcmBindZcull(index=0)
HLE: W {PPU[1] Thread (CPUThread)[0x01f63094]} cellGcmSys warning: cellGcmSetTileInfo(index=3, location=0, offset=12582912, size=3473408, pitch=4864, comp=0, base=0, bank=3)
HLE: W {PPU[1] Thread (CPUThread)[0x01f63034]} cellGcmSys warning: cellGcmBindTile(index=3)
HLE: W {PPU[1] Thread (CPUThread)[0x01f63010]} cellGcmSys warning: cellGcmSetUserHandler(handler_addr=0x71eff0)
HLE: E {PPU[1] Thread (CPUThread)[0x0070d028]} cellSpurs error: Unimplemented function: _cellSpursTasksetAttributeInitialize
HLE: E {PPU[1] Thread (CPUThread)[0x0070d0a0]} cellSpurs error: Unimplemented function: cellSpursTasksetAttributeSetName
HLE: E {PPU[1] Thread (CPUThread)[0x0070d124]} cellSpurs error: Unimplemented function: cellSpursCreateTasksetWithAttribute
HLE: E {PPU[1] Thread (CPUThread)[0x0070d16c]} TODO: cellSpursBarrierInitialize
HLE: E {PPU[1] Thread (CPUThread)[0x0070d178]} cellSpurs error: Unimplemented function: cellSpursTaskGetContextSaveAreaSize
HLE: E {PPU[1] Thread (CPUThread)[0x0070d184]} cellSpurs error: Unimplemented function: cellSpursTaskAttributeInitialize
HLE: E {PPU[1] Thread (CPUThread)[0x0070d160]} cellSpurs error: Unimplemented function: cellSpursCreateTaskWithAttribute
HLE: E {PPU[1] Thread (CPUThread)[0x0070d028]} cellSpurs error: Unimplemented function: _cellSpursTasksetAttributeInitialize
HLE: E {PPU[1] Thread (CPUThread)[0x0070d0a0]} cellSpurs error: Unimplemented function: cellSpursTasksetAttributeSetName
HLE: E {PPU[1] Thread (CPUThread)[0x0070d124]} cellSpurs error: Unimplemented function: cellSpursCreateTasksetWithAttribute
HLE: E {PPU[1] Thread (CPUThread)[0x0070d16c]} TODO: cellSpursBarrierInitialize
HLE: E {PPU[1] Thread (CPUThread)[0x0070d178]} cellSpurs error: Unimplemented function: cellSpursTaskGetContextSaveAreaSize
HLE: E {PPU[1] Thread (CPUThread)[0x0070d184]} cellSpurs error: Unimplemented function: cellSpursTaskAttributeInitialize
HLE: E {PPU[1] Thread (CPUThread)[0x0070d160]} cellSpurs error: Unimplemented function: cellSpursCreateTaskWithAttribute
HLE: E {PPU[1] Thread (CPUThread)[0x0070d028]} cellSpurs error: Unimplemented function: _cellSpursTasksetAttributeInitialize
HLE: E {PPU[1] Thread (CPUThread)[0x0070d0a0]} cellSpurs error: Unimplemented function: cellSpursTasksetAttributeSetName
HLE: E {PPU[1] Thread (CPUThread)[0x0070d124]} cellSpurs error: Unimplemented function: cellSpursCreateTasksetWithAttribute
HLE: E {PPU[1] Thread (CPUThread)[0x0070d16c]} TODO: cellSpursBarrierInitialize
HLE: E {PPU[1] Thread (CPUThread)[0x0070d178]} cellSpurs error: Unimplemented function: cellSpursTaskGetContextSaveAreaSize
HLE: E {PPU[1] Thread (CPUThread)[0x0070d184]} cellSpurs error: Unimplemented function: cellSpursTaskAttributeInitialize
HLE: E {PPU[1] Thread (CPUThread)[0x0070d160]} cellSpurs error: Unimplemented function: cellSpursCreateTaskWithAttribute
HLE: E {PPU[1] Thread (CPUThread)[0x0070d178]} cellSpurs error: Unimplemented function: cellSpursTaskGetContextSaveAreaSize
HLE: E {PPU[1] Thread (CPUThread)[0x0070d184]} cellSpurs error: Unimplemented function: cellSpursTaskAttributeInitialize
HLE: E {PPU[1] Thread (CPUThread)[0x0070d160]} cellSpurs error: Unimplemented function: cellSpursCreateTaskWithAttribute
HLE: E {PPU[1] Thread (CPUThread)[0x0070d178]} cellSpurs error: Unimplemented function: cellSpursTaskGetContextSaveAreaSize
HLE: E {PPU[1] Thread (CPUThread)[0x0070d184]} cellSpurs error: Unimplemented function: cellSpursTaskAttributeInitialize
HLE: E {PPU[1] Thread (CPUThread)[0x0070d160]} cellSpurs error: Unimplemented function: cellSpursCreateTaskWithAttribute
HLE: E {PPU[1] Thread (CPUThread)[0x0070d178]} cellSpurs error: Unimplemented function: cellSpursTaskGetContextSaveAreaSize
HLE: E {PPU[1] Thread (CPUThread)[0x0070d184]} cellSpurs error: Unimplemented function: cellSpursTaskAttributeInitialize
HLE: E {PPU[1] Thread (CPUThread)[0x0070d160]} cellSpurs error: Unimplemented function: cellSpursCreateTaskWithAttribute
HLE: E {PPU[1] Thread (CPUThread)[0x0070d028]} cellSpurs error: Unimplemented function: _cellSpursTasksetAttributeInitialize
HLE: E {PPU[1] Thread (CPUThread)[0x0070d0a0]} cellSpurs error: Unimplemented function: cellSpursTasksetAttributeSetName
HLE: E {PPU[1] Thread (CPUThread)[0x0070d124]} cellSpurs error: Unimplemented function: cellSpursCreateTasksetWithAttribute
HLE: E {PPU[1] Thread (CPUThread)[0x0070d16c]} TODO: cellSpursBarrierInitialize
HLE: E {PPU[1] Thread (CPUThread)[0x0070d178]} cellSpurs error: Unimplemented function: cellSpursTaskGetContextSaveAreaSize
HLE: E {PPU[1] Thread (CPUThread)[0x0070d184]} cellSpurs error: Unimplemented function: cellSpursTaskAttributeInitialize
HLE: E {PPU[1] Thread (CPUThread)[0x0070d160]} cellSpurs error: Unimplemented function: cellSpursCreateTaskWithAttribute
HLE: E {PPU[1] Thread (CPUThread)[0x0070d178]} cellSpurs error: Unimplemented function: cellSpursTaskGetContextSaveAreaSize
HLE: E {PPU[1] Thread (CPUThread)[0x0070d184]} cellSpurs error: Unimplemented function: cellSpursTaskAttributeInitialize
HLE: E {PPU[1] Thread (CPUThread)[0x0070d160]} cellSpurs error: Unimplemented function: cellSpursCreateTaskWithAttribute
HLE: E {PPU[1] Thread (CPUThread)[0x0070d178]} cellSpurs error: Unimplemented function: cellSpursTaskGetContextSaveAreaSize
HLE: E {PPU[1] Thread (CPUThread)[0x0070d184]} cellSpurs error: Unimplemented function: cellSpursTaskAttributeInitialize
HLE: E {PPU[1] Thread (CPUThread)[0x0070d160]} cellSpurs error: Unimplemented function: cellSpursCreateTaskWithAttribute
HLE: E {PPU[1] Thread (CPUThread)[0x0070d178]} cellSpurs error: Unimplemented function: cellSpursTaskGetContextSaveAreaSize
HLE: E {PPU[1] Thread (CPUThread)[0x0070d184]} cellSpurs error: Unimplemented function: cellSpursTaskAttributeInitialize
HLE: E {PPU[1] Thread (CPUThread)[0x0070d160]} cellSpurs error: Unimplemented function: cellSpursCreateTaskWithAttribute
HLE: W {PPU[1] Thread (CPUThread)[0x01f63004]} cellGcmSys warning: cellGcmGetTiledPitchSize(size=4864)
HLE: W {PPU[1] Thread (CPUThread)[0x01f63094]} cellGcmSys warning: cellGcmSetTileInfo(index=4, location=0, offset=16056320, size=3473408, pitch=4864, comp=0, base=0, bank=0)
HLE: W {PPU[1] Thread (CPUThread)[0x01f63034]} cellGcmSys warning: cellGcmBindTile(index=4)
HLE: W {PPU[1] Thread (CPUThread)[0x01f63004]} cellGcmSys warning: cellGcmGetTiledPitchSize(size=4864)
HLE: W {PPU[1] Thread (CPUThread)[0x01f63094]} cellGcmSys warning: cellGcmSetTileInfo(index=5, location=0, offset=19529728, size=3473408, pitch=4864, comp=0, base=0, bank=0)
HLE: W {PPU[1] Thread (CPUThread)[0x01f63034]} cellGcmSys warning: cellGcmBindTile(index=5)
HLE: W {PPU[1] Thread (CPUThread)[0x01f63004]} cellGcmSys warning: cellGcmGetTiledPitchSize(size=4864)
HLE: W {PPU[1] Thread (CPUThread)[0x01f63094]} cellGcmSys warning: cellGcmSetTileInfo(index=6, location=0, offset=23003136, size=3473408, pitch=4864, comp=0, base=0, bank=0)
HLE: W {PPU[1] Thread (CPUThread)[0x01f63034]} cellGcmSys warning: cellGcmBindTile(index=6)
HLE: W {PPU[1] Thread (CPUThread)[0x01f63004]} cellGcmSys warning: cellGcmGetTiledPitchSize(size=4864)
HLE: W {PPU[1] Thread (CPUThread)[0x01f63094]} cellGcmSys warning: cellGcmSetTileInfo(index=7, location=0, offset=26476544, size=3473408, pitch=4864, comp=0, base=0, bank=0)
HLE: W {PPU[1] Thread (CPUThread)[0x01f63034]} cellGcmSys warning: cellGcmBindTile(index=7)
HLE: W {PPU[1] Thread (CPUThread)[0x01f63004]} cellGcmSys warning: cellGcmGetTiledPitchSize(size=4864)
HLE: W {PPU[1] Thread (CPUThread)[0x01f6304c]} cellGcmSys warning: cellGcmBindZcull(index=1)
HLE: W {PPU[1] Thread (CPUThread)[0x01f63094]} cellGcmSys warning: cellGcmSetTileInfo(index=8, location=0, offset=29949952, size=3473408, pitch=4864, comp=0, base=0, bank=3)
HLE: W {PPU[1] Thread (CPUThread)[0x01f63034]} cellGcmSys warning: cellGcmBindTile(index=8)
HLE: W {PPU[1] Thread (CPUThread)[0x01f63004]} cellGcmSys warning: cellGcmGetTiledPitchSize(size=2432)
HLE: W {PPU[1] Thread (CPUThread)[0x01f63094]} cellGcmSys warning: cellGcmSetTileInfo(index=9, location=1, offset=17432576, size=983040, pitch=2432, comp=0, base=0, bank=0)
HLE: W {PPU[1] Thread (CPUThread)[0x01f63034]} cellGcmSys warning: cellGcmBindTile(index=9)
HLE: W {PPU[1] Thread (CPUThread)[0x01f63004]} cellGcmSys warning: cellGcmGetTiledPitchSize(size=2432)
HLE: W {PPU[1] Thread (CPUThread)[0x01f6304c]} cellGcmSys warning: cellGcmBindZcull(index=2)
HLE: W {PPU[1] Thread (CPUThread)[0x01f63094]} cellGcmSys warning: cellGcmSetTileInfo(index=10, location=0, offset=33423360, size=983040, pitch=2432, comp=0, base=0, bank=3)
HLE: W {PPU[1] Thread (CPUThread)[0x01f63034]} cellGcmSys warning: cellGcmBindTile(index=10)
HLE: W {PPU[1] Thread (CPUThread)[0x01f63004]} cellGcmSys warning: cellGcmGetTiledPitchSize(size=4864)
HLE: W {PPU[1] Thread (CPUThread)[0x01f63094]} cellGcmSys warning: cellGcmSetTileInfo(index=11, location=0, offset=34406400, size=3473408, pitch=4864, comp=0, base=0, bank=0)
HLE: W {PPU[1] Thread (CPUThread)[0x01f63034]} cellGcmSys warning: cellGcmBindTile(index=11)
HLE: W {PPU[1] Thread (CPUThread)[0x01f63004]} cellGcmSys warning: cellGcmGetTiledPitchSize(size=4864)
HLE: W {PPU[1] Thread (CPUThread)[0x01f63094]} cellGcmSys warning: cellGcmSetTileInfo(index=12, location=0, offset=37879808, size=3473408, pitch=4864, comp=0, base=0, bank=0)
HLE: W {PPU[1] Thread (CPUThread)[0x01f63034]} cellGcmSys warning: cellGcmBindTile(index=12)
HLE: W {PPU[1] Thread (CPUThread)[0x01f63004]} cellGcmSys warning: cellGcmGetTiledPitchSize(size=2432)
HLE: W {PPU[1] Thread (CPUThread)[0x01f63094]} cellGcmSys warning: cellGcmSetTileInfo(index=13, location=0, offset=41353216, size=983040, pitch=2432, comp=0, base=0, bank=0)
HLE: W {PPU[1] Thread (CPUThread)[0x01f63034]} cellGcmSys warning: cellGcmBindTile(index=13)
HLE: W {PPU[1] Thread (CPUThread)[0x01f63004]} cellGcmSys warning: cellGcmGetTiledPitchSize(size=2432)
HLE: W {PPU[1] Thread (CPUThread)[0x01f63094]} cellGcmSys warning: cellGcmSetTileInfo(index=14, location=0, offset=42336256, size=983040, pitch=2432, comp=0, base=0, bank=0)
HLE: W {PPU[1] Thread (CPUThread)[0x01f63034]} cellGcmSys warning: cellGcmBindTile(index=14)
HLE: E {PPU[1] Thread (CPUThread)[0x01f5b010]} TODO: cellVideoOutGetScreenSize
HLE: W {PPU[1] Thread (CPUThread)[0x01f57010]} cellSysmodule warning: cellSysmoduleLoadModule(CELL_SYSMODULE_IO)
HLE: W {PPU[1] Thread (CPUThread)[0x01f57010]} cellSysmodule warning: cellSysmoduleLoadModule(CELL_SYSMODULE_FS)
HLE: W {PPU[1] Thread (CPUThread)[0x01f67058]} sys_lwmutex warning: *** lwmutex created [opWait] (attribute=0x12): sq_id = 37
HLE: W {PPU[1] Thread (CPUThread)[0x01f6710c]} sys_lwcond warning: Recursive lwmutex(sq=37)
HLE: W {PPU[1] Thread (CPUThread)[0x01f6710c]} sys_lwcond warning: *** lwcond created [opWait] (lwmutex_addr=0x339f6310): id = 38
HLE: W {PPU[1] Thread (CPUThread)[0x01f67058]} sys_lwmutex warning: *** lwmutex created [s_media] (attribute=0x12): sq_id = 39
HLE: W {PPU[1] Thread (CPUThread)[0x01f67058]} sys_lwmutex warning: *** lwmutex created [media.m] (attribute=0x12): sq_id = 40
HLE: W {PPU[1] Thread (CPUThread)[0x01f67058]} sys_lwmutex warning: *** lwmutex created [ps3medi] (attribute=0x12): sq_id = 41
HLE: W {PPU[1] Thread (CPUThread)[0x003ab0e4]} sys_rwlock warning: sys_rwlock_create(rw_lock_id_addr=0x339f655c, attr_addr=0xd00106d0)
HLE: W {PPU[1] Thread (CPUThread)[0x003ab0e4]} sys_rwlock warning: TODO: SYS_SYNC_PRIORITY attr
HLE: W {PPU[1] Thread (CPUThread)[0x003ab0e4]} sys_rwlock warning: *** rwlock created [] (protocol=0x2): id = 42
HLE: W {PPU[1] Thread (CPUThread)[0x01f67058]} sys_lwmutex warning: *** lwmutex created [media.m] (attribute=0x12): sq_id = 43
HLE: W {PPU[1] Thread (CPUThread)[0x01f6710c]} sys_lwcond warning: Recursive lwmutex(sq=43)
HLE: W {PPU[1] Thread (CPUThread)[0x01f6710c]} sys_lwcond warning: *** lwcond created [media.m] (lwmutex_addr=0x339f6578): id = 44
HLE: W {PPU[1] Thread (CPUThread)[0x003ab0e4]} sys_rwlock warning: sys_rwlock_create(rw_lock_id_addr=0x339f0eec, attr_addr=0xd00106d0)
HLE: W {PPU[1] Thread (CPUThread)[0x003ab0e4]} sys_rwlock warning: TODO: SYS_SYNC_PRIORITY attr
HLE: W {PPU[1] Thread (CPUThread)[0x003ab0e4]} sys_rwlock warning: *** rwlock created [] (protocol=0x2): id = 45
HLE: W {PPU[1] Thread (CPUThread)[0x01f67058]} sys_lwmutex warning: *** lwmutex created [media.m] (attribute=0x12): sq_id = 46
HLE: W {PPU[1] Thread (CPUThread)[0x01f67058]} sys_lwmutex warning: *** lwmutex created [ps3medi] (attribute=0x12): sq_id = 47
HLE: W {PPU[1] Thread (CPUThread)[0x003ab0e4]} sys_rwlock warning: sys_rwlock_create(rw_lock_id_addr=0x339f69cc, attr_addr=0xd00106d0)
HLE: W {PPU[1] Thread (CPUThread)[0x003ab0e4]} sys_rwlock warning: TODO: SYS_SYNC_PRIORITY attr
HLE: W {PPU[1] Thread (CPUThread)[0x003ab0e4]} sys_rwlock warning: *** rwlock created [] (protocol=0x2): id = 48
HLE: W {PPU[1] Thread (CPUThread)[0x01f67058]} sys_lwmutex warning: *** lwmutex created [media.m] (attribute=0x12): sq_id = 49
HLE: W {PPU[1] Thread (CPUThread)[0x01f6710c]} sys_lwcond warning: Recursive lwmutex(sq=49)
HLE: W {PPU[1] Thread (CPUThread)[0x01f6710c]} sys_lwcond warning: *** lwcond created [media.m] (lwmutex_addr=0x339f69e8): id = 50
HLE: W {PPU[1] Thread (CPUThread)[0x01f67058]} sys_lwmutex warning: *** lwmutex created [schedul] (attribute=0x12): sq_id = 51
HLE: W {PPU[1] Thread (CPUThread)[0x01f67058]} sys_lwmutex warning: *** lwmutex created [schedul] (attribute=0x12): sq_id = 52
HLE: W {PPU[1] Thread (CPUThread)[0x003ab0e4]} sys_rwlock warning: sys_rwlock_create(rw_lock_id_addr=0x339f6dbc, attr_addr=0xd00105c0)
HLE: W {PPU[1] Thread (CPUThread)[0x003ab0e4]} sys_rwlock warning: TODO: SYS_SYNC_PRIORITY attr
HLE: W {PPU[1] Thread (CPUThread)[0x003ab0e4]} sys_rwlock warning: *** rwlock created [] (protocol=0x2): id = 53
HLE: W {PPU[1] Thread (CPUThread)[0x01f67058]} sys_lwmutex warning: *** lwmutex created [schedul] (attribute=0x12): sq_id = 54
HLE: W {PPU[1] Thread (CPUThread)[0x01f67058]} sys_lwmutex warning: *** lwmutex created [schedul] (attribute=0x12): sq_id = 55
HLE: W {PPU[1] Thread (CPUThread)[0x01f6710c]} sys_lwcond warning: Recursive lwmutex(sq=55)
HLE: W {PPU[1] Thread (CPUThread)[0x01f6710c]} sys_lwcond warning: *** lwcond created [schedul] (lwmutex_addr=0x339f6e40): id = 56
HLE: W {PPU[1] Thread (CPUThread)[0x01f6710c]} sys_lwcond warning: Recursive lwmutex(sq=55)
HLE: W {PPU[1] Thread (CPUThread)[0x01f6710c]} sys_lwcond warning: *** lwcond created [schedul] (lwmutex_addr=0x339f6e40): id = 57
HLE: W {PPU[1] Thread (CPUThread)[0x01f67058]} sys_lwmutex warning: *** lwmutex created [schedul] (attribute=0x12): sq_id = 58
HLE: W {PPU[1] Thread (CPUThread)[0x01f67058]} sys_lwmutex warning: *** lwmutex created [schedul] (attribute=0x12): sq_id = 59
HLE: W {PPU[1] Thread (CPUThread)[0x01f6710c]} sys_lwcond warning: Recursive lwmutex(sq=59)
HLE: W {PPU[1] Thread (CPUThread)[0x01f6710c]} sys_lwcond warning: *** lwcond created [fios wo] (lwmutex_addr=0x339f6ee8): id = 60
HLE: W {PPU[1] Thread (CPUThread)[0x01f6710c]} sys_lwcond warning: Recursive lwmutex(sq=59)
HLE: W {PPU[1] Thread (CPUThread)[0x01f6710c]} sys_lwcond warning: *** lwcond created [fios wo] (lwmutex_addr=0x339f6ee8): id = 61
PPU: ! {PPU[1] Thread (CPUThread)[0x01f67028]} *** New PPU Thread [fios mediathread 2] (flags=0x1, entry=0x7271a0): id = 62
PPU: ! {PPU[1] Thread (CPUThread)[0x01f67028]} *** New PPU Thread [fios mediathread 3] (flags=0x1, entry=0x7271a0): id = 63
PPU: ! {PPU[1] Thread (CPUThread)[0x01f67028]} *** New PPU Thread [fios scheduler 1] (flags=0x1, entry=0x7271a0): id = 64
HLE: W {PPU[1] Thread (CPUThread)[0x01f67058]} sys_lwmutex warning: *** lwmutex created [media.m] (attribute=0x12): sq_id = 65
HLE: W {PPU[1] Thread (CPUThread)[0x003ab0e4]} sys_rwlock warning: sys_rwlock_create(rw_lock_id_addr=0x33a0bcd4, attr_addr=0xd0010600)
HLE: W {PPU[1] Thread (CPUThread)[0x003ab0e4]} sys_rwlock warning: TODO: SYS_SYNC_PRIORITY attr
HLE: W {PPU[1] Thread (CPUThread)[0x003ab0e4]} sys_rwlock warning: *** rwlock created [] (protocol=0x2): id = 66
HLE: W {PPU[1] Thread (CPUThread)[0x01f67058]} sys_lwmutex warning: *** lwmutex created [cache_f] (attribute=0x12): sq_id = 67
HLE: W {PPU[1] Thread (CPUThread)[0x01f67058]} sys_lwmutex warning: *** lwmutex created [schedul] (attribute=0x12): sq_id = 68
HLE: W {PPU[62] Thread (fios mediathread 2)[0x0070b01c]} vfsLocalFile::Create('D:\Emulateurs\Rpcs3\dev_hdd1\cache\NPEA00280\FIOSCACHE\cache.idx')
HLE: W {PPU[62] Thread (fios mediathread 2)[0x0070b01c]} "/dev_hdd1/cache/NPEA00280/FIOSCACHE/cache.idx" opened: fd = 69
HLE: W {PPU[62] Thread (fios mediathread 2)[0x0070b01c]} vfsLocalFile::Create('D:\Emulateurs\Rpcs3\dev_hdd1\cache\NPEA00280\FIOSCACHE\cache.dat')
HLE: W {PPU[62] Thread (fios mediathread 2)[0x0070b01c]} "/dev_hdd1/cache/NPEA00280/FIOSCACHE/cache.dat" opened: fd = 70
HLE: W {PPU[1] Thread (CPUThread)[0x01f67058]} sys_lwmutex warning: *** lwmutex created [media.m] (attribute=0x12): sq_id = 71
HLE: W {PPU[1] Thread (CPUThread)[0x003ab0e4]} sys_rwlock warning: sys_rwlock_create(rw_lock_id_addr=0x33a27f74, attr_addr=0xd0010640)
HLE: W {PPU[1] Thread (CPUThread)[0x003ab0e4]} sys_rwlock warning: TODO: SYS_SYNC_PRIORITY attr
HLE: W {PPU[1] Thread (CPUThread)[0x003ab0e4]} sys_rwlock warning: *** rwlock created [] (protocol=0x2): id = 72
HLE: W {PPU[1] Thread (CPUThread)[0x01f67058]} sys_lwmutex warning: *** lwmutex created [cache_f] (attribute=0x12): sq_id = 73
HLE: E {PPU[1] Thread (CPUThread)[0x0070d028]} cellSpurs error: Unimplemented function: _cellSpursTasksetAttributeInitialize
HLE: E {PPU[1] Thread (CPUThread)[0x0070d0a0]} cellSpurs error: Unimplemented function: cellSpursTasksetAttributeSetName
HLE: E {PPU[1] Thread (CPUThread)[0x0070d124]} cellSpurs error: Unimplemented function: cellSpursCreateTasksetWithAttribute
HLE: W {PPU[1] Thread (CPUThread)[0x0070d094]} cellSpurs warning: _cellSpursEventFlagInitialize(spurs_addr=0x30122f80, taskset_addr=0x0, eventFlag_addr=0x33e4ea00, flagClearMode=0, flagDirection=1)
HLE: E {PPU[1] Thread (CPUThread)[0x0070d0b8]} cellSpurs error: cellSpursEventFlagAttachLv2EventQueue(eventFlag_addr=0x33e4ea00)
HLE: E {PPU[1] Thread (CPUThread)[0x0070d004]} cellSpurs error: Unimplemented function: _cellSpursLFQueueInitialize
HLE: E {PPU[1] Thread (CPUThread)[0x0070d034]} cellSpurs error: Unimplemented function: cellSpursLFQueueAttachLv2EventQueue
HLE: E {PPU[1] Thread (CPUThread)[0x0070d118]} cellSpurs error: cellSpursCreateTask(taskset_addr=0x33e4d100, taskID_addr=0xd0010730, elf_addr_addr=0x6f0500, context_addr_addr=0x33e4c100, context_size=3072, lsPattern_addr=0x6c8ec0, argument_addr=0xd0010738)
HLE: W {PPU[1] Thread (CPUThread)[0x01f67058]} sys_lwmutex warning: *** lwmutex created [media.m] (attribute=0x12): sq_id = 74
HLE: W {PPU[1] Thread (CPUThread)[0x003ab0e4]} sys_rwlock warning: sys_rwlock_create(rw_lock_id_addr=0x33a382a4, attr_addr=0xd00106c0)
HLE: W {PPU[1] Thread (CPUThread)[0x003ab0e4]} sys_rwlock warning: TODO: SYS_SYNC_PRIORITY attr
HLE: W {PPU[1] Thread (CPUThread)[0x003ab0e4]} sys_rwlock warning: *** rwlock created [] (protocol=0x2): id = 75
HLE: W {PPU[1] Thread (CPUThread)[0x01f67058]} sys_lwmutex warning: *** lwmutex created [dearchi] (attribute=0x12): sq_id = 76
HLE: W {PPU[1] Thread (CPUThread)[0x01f67058]} sys_lwmutex warning: *** lwmutex created [dearchi] (attribute=0x12): sq_id = 77
HLE: W {PPU[1] Thread (CPUThread)[0x01f6710c]} sys_lwcond warning: Recursive lwmutex(sq=77)
HLE: W {PPU[1] Thread (CPUThread)[0x01f6710c]} sys_lwcond warning: *** lwcond created [dearchi] (lwmutex_addr=0x33a38358): id = 78
HLE: W {PPU[1] Thread (CPUThread)[0x01f67058]} sys_lwmutex warning: *** lwmutex created [dearchi] (attribute=0x12): sq_id = 79
HLE: W {PPU[1] Thread (CPUThread)[0x01f67058]} sys_lwmutex warning: *** lwmutex created [schedul] (attribute=0x12): sq_id = 80
HLE: W {PPU[1] Thread (CPUThread)[0x01f67058]} sys_lwmutex warning: *** lwmutex created [schedul] (attribute=0x12): sq_id = 81
HLE: W {PPU[1] Thread (CPUThread)[0x003ab0e4]} sys_rwlock warning: sys_rwlock_create(rw_lock_id_addr=0x33a38d3c, attr_addr=0xd00105c0)
HLE: W {PPU[1] Thread (CPUThread)[0x003ab0e4]} sys_rwlock warning: TODO: SYS_SYNC_PRIORITY attr
HLE: W {PPU[1] Thread (CPUThread)[0x003ab0e4]} sys_rwlock warning: *** rwlock created [] (protocol=0x2): id = 82
HLE: W {PPU[1] Thread (CPUThread)[0x01f67058]} sys_lwmutex warning: *** lwmutex created [schedul] (attribute=0x12): sq_id = 83
HLE: W {PPU[1] Thread (CPUThread)[0x01f67058]} sys_lwmutex warning: *** lwmutex created [schedul] (attribute=0x12): sq_id = 84
HLE: W {PPU[1] Thread (CPUThread)[0x01f6710c]} sys_lwcond warning: Recursive lwmutex(sq=84)
HLE: W {PPU[1] Thread (CPUThread)[0x01f6710c]} sys_lwcond warning: *** lwcond created [schedul] (lwmutex_addr=0x33a38dc0): id = 85
HLE: W {PPU[1] Thread (CPUThread)[0x01f6710c]} sys_lwcond warning: Recursive lwmutex(sq=84)
HLE: W {PPU[1] Thread (CPUThread)[0x01f6710c]} sys_lwcond warning: *** lwcond created [schedul] (lwmutex_addr=0x33a38dc0): id = 86
HLE: W {PPU[1] Thread (CPUThread)[0x01f67058]} sys_lwmutex warning: *** lwmutex created [schedul] (attribute=0x12): sq_id = 87
HLE: W {PPU[1] Thread (CPUThread)[0x01f67058]} sys_lwmutex warning: *** lwmutex created [schedul] (attribute=0x12): sq_id = 88
HLE: W {PPU[1] Thread (CPUThread)[0x01f6710c]} sys_lwcond warning: Recursive lwmutex(sq=88)
HLE: W {PPU[1] Thread (CPUThread)[0x01f6710c]} sys_lwcond warning: *** lwcond created [fios wo] (lwmutex_addr=0x33a38e68): id = 89
HLE: W {PPU[1] Thread (CPUThread)[0x01f6710c]} sys_lwcond warning: Recursive lwmutex(sq=88)
HLE: W {PPU[1] Thread (CPUThread)[0x01f6710c]} sys_lwcond warning: *** lwcond created [fios wo] (lwmutex_addr=0x33a38e68): id = 90
HLE: W {PPU[1] Thread (CPUThread)[0x01f6710c]} sys_lwcond warning: Recursive lwmutex(sq=88)
HLE: W {PPU[1] Thread (CPUThread)[0x01f6710c]} sys_lwcond warning: *** lwcond created [fios wo] (lwmutex_addr=0x33a38e68): id = 91
PPU: ! {PPU[1] Thread (CPUThread)[0x01f67028]} *** New PPU Thread [fios mediathread 5] (flags=0x1, entry=0x7271a0): id = 92
PPU: ! {PPU[1] Thread (CPUThread)[0x01f67028]} *** New PPU Thread [fios mediathread 6] (flags=0x1, entry=0x7271a0): id = 93
PPU: ! {PPU[1] Thread (CPUThread)[0x01f67028]} *** New PPU Thread [fios mediathread 7] (flags=0x1, entry=0x7271a0): id = 94
PPU: ! {PPU[1] Thread (CPUThread)[0x01f67028]} *** New PPU Thread [fios scheduler 4] (flags=0x1, entry=0x7271a0): id = 95
HLE: W {PPU[92] Thread (fios mediathread 5)[0x0070b01c]} "/dev_hdd0/game/NPEA00280/USRDIR/SHADOW/nico.psarc" opened: fd = 96
HLE: W {PPU[92] Thread (fios mediathread 5)[0x0043f434]} cellSysutil warning: cellSysutilGetSystemParamInt: CELL_SYSUTIL_SYSTEMPARAM_ID_TIMEZONE
HLE: W {PPU[92] Thread (fios mediathread 5)[0x0043f434]} cellSysutil warning: cellSysutilGetSystemParamInt: CELL_SYSUTIL_SYSTEMPARAM_ID_SUMMERTIME
HLE: W {PPU[92] Thread (fios mediathread 5)[0x00440f00]} cellSysutil warning: cellSysutilGetSystemParamInt: CELL_SYSUTIL_SYSTEMPARAM_ID_TIMEZONE
HLE: W {PPU[92] Thread (fios mediathread 5)[0x00440f00]} cellSysutil warning: cellSysutilGetSystemParamInt: CELL_SYSUTIL_SYSTEMPARAM_ID_SUMMERTIME
HLE: W {PPU[92] Thread (fios mediathread 5)[0x0043f434]} cellSysutil warning: cellSysutilGetSystemParamInt: CELL_SYSUTIL_SYSTEMPARAM_ID_TIMEZONE
HLE: W {PPU[92] Thread (fios mediathread 5)[0x0043f434]} cellSysutil warning: cellSysutilGetSystemParamInt: CELL_SYSUTIL_SYSTEMPARAM_ID_SUMMERTIME
HLE: W {PPU[92] Thread (fios mediathread 5)[0x00440f00]} cellSysutil warning: cellSysutilGetSystemParamInt: CELL_SYSUTIL_SYSTEMPARAM_ID_TIMEZONE
HLE: W {PPU[92] Thread (fios mediathread 5)[0x00440f00]} cellSysutil warning: cellSysutilGetSystemParamInt: CELL_SYSUTIL_SYSTEMPARAM_ID_SUMMERTIME
HLE: W {PPU[92] Thread (fios mediathread 5)[0x0043f434]} cellSysutil warning: cellSysutilGetSystemParamInt: CELL_SYSUTIL_SYSTEMPARAM_ID_TIMEZONE
HLE: W {PPU[92] Thread (fios mediathread 5)[0x0043f434]} cellSysutil warning: cellSysutilGetSystemParamInt: CELL_SYSUTIL_SYSTEMPARAM_ID_SUMMERTIME
HLE: W {PPU[92] Thread (fios mediathread 5)[0x00440f00]} cellSysutil warning: cellSysutilGetSystemParamInt: CELL_SYSUTIL_SYSTEMPARAM_ID_TIMEZONE
HLE: W {PPU[92] Thread (fios mediathread 5)[0x00440f00]} cellSysutil warning: cellSysutilGetSystemParamInt: CELL_SYSUTIL_SYSTEMPARAM_ID_SUMMERTIME
HLE: W {PPU[92] Thread (fios mediathread 5)[0x0043f434]} cellSysutil warning: cellSysutilGetSystemParamInt: CELL_SYSUTIL_SYSTEMPARAM_ID_TIMEZONE
HLE: W {PPU[92] Thread (fios mediathread 5)[0x0043f434]} cellSysutil warning: cellSysutilGetSystemParamInt: CELL_SYSUTIL_SYSTEMPARAM_ID_SUMMERTIME
HLE: W {PPU[92] Thread (fios mediathread 5)[0x00440f00]} cellSysutil warning: cellSysutilGetSystemParamInt: CELL_SYSUTIL_SYSTEMPARAM_ID_TIMEZONE
HLE: W {PPU[92] Thread (fios mediathread 5)[0x00440f00]} cellSysutil warning: cellSysutilGetSystemParamInt: CELL_SYSUTIL_SYSTEMPARAM_ID_SUMMERTIME
HLE: W {PPU[92] Thread (fios mediathread 5)[0x0043f434]} cellSysutil warning: cellSysutilGetSystemParamInt: CELL_SYSUTIL_SYSTEMPARAM_ID_TIMEZONE
HLE: W {PPU[92] Thread (fios mediathread 5)[0x0043f434]} cellSysutil warning: cellSysutilGetSystemParamInt: CELL_SYSUTIL_SYSTEMPARAM_ID_SUMMERTIME
HLE: W {PPU[92] Thread (fios mediathread 5)[0x00440f00]} cellSysutil warning: cellSysutilGetSystemParamInt: CELL_SYSUTIL_SYSTEMPARAM_ID_TIMEZONE
HLE: W {PPU[92] Thread (fios mediathread 5)[0x00440f00]} cellSysutil warning: cellSysutilGetSystemParamInt: CELL_SYSUTIL_SYSTEMPARAM_ID_SUMMERTIME
HLE: W {PPU[92] Thread (fios mediathread 5)[0x0043f434]} cellSysutil warning: cellSysutilGetSystemParamInt: CELL_SYSUTIL_SYSTEMPARAM_ID_TIMEZONE
HLE: W {PPU[92] Thread (fios mediathread 5)[0x0043f434]} cellSysutil warning: cellSysutilGetSystemParamInt: CELL_SYSUTIL_SYSTEMPARAM_ID_SUMMERTIME
HLE: W {PPU[92] Thread (fios mediathread 5)[0x00440f00]} cellSysutil warning: cellSysutilGetSystemParamInt: CELL_SYSUTIL_SYSTEMPARAM_ID_TIMEZONE
HLE: W {PPU[92] Thread (fios mediathread 5)[0x00440f00]} cellSysutil warning: cellSysutilGetSystemParamInt: CELL_SYSUTIL_SYSTEMPARAM_ID_SUMMERTIME
HLE: W {PPU[92] Thread (fios mediathread 5)[0x0043f434]} cellSysutil warning: cellSysutilGetSystemParamInt: CELL_SYSUTIL_SYSTEMPARAM_ID_TIMEZONE
HLE: W {PPU[92] Thread (fios mediathread 5)[0x0043f434]} cellSysutil warning: cellSysutilGetSystemParamInt: CELL_SYSUTIL_SYSTEMPARAM_ID_SUMMERTIME
HLE: W {PPU[92] Thread (fios mediathread 5)[0x00440f00]} cellSysutil warning: cellSysutilGetSystemParamInt: CELL_SYSUTIL_SYSTEMPARAM_ID_TIMEZONE
HLE: W {PPU[92] Thread (fios mediathread 5)[0x00440f00]} cellSysutil warning: cellSysutilGetSystemParamInt: CELL_SYSUTIL_SYSTEMPARAM_ID_SUMMERTIME
HLE: W {PPU[92] Thread (fios mediathread 5)[0x0043f434]} cellSysutil warning: cellSysutilGetSystemParamInt: CELL_SYSUTIL_SYSTEMPARAM_ID_TIMEZONE
HLE: W {PPU[92] Thread (fios mediathread 5)[0x0043f434]} cellSysutil warning: cellSysutilGetSystemParamInt: CELL_SYSUTIL_SYSTEMPARAM_ID_SUMMERTIME
HLE: W {PPU[92] Thread (fios mediathread 5)[0x00440f00]} cellSysutil warning: cellSysutilGetSystemParamInt: CELL_SYSUTIL_SYSTEMPARAM_ID_TIMEZONE
HLE: W {PPU[92] Thread (fios mediathread 5)[0x00440f00]} cellSysutil warning: cellSysutilGetSystemParamInt: CELL_SYSUTIL_SYSTEMPARAM_ID_SUMMERTIME
HLE: W {PPU[92] Thread (fios mediathread 5)[0x0043f434]} cellSysutil warning: cellSysutilGetSystemParamInt: CELL_SYSUTIL_SYSTEMPARAM_ID_TIMEZONE
HLE: W {PPU[92] Thread (fios mediathread 5)[0x0043f434]} cellSysutil warning: cellSysutilGetSystemParamInt: CELL_SYSUTIL_SYSTEMPARAM_ID_SUMMERTIME
HLE: W {PPU[92] Thread (fios mediathread 5)[0x00440f00]} cellSysutil warning: cellSysutilGetSystemParamInt: CELL_SYSUTIL_SYSTEMPARAM_ID_TIMEZONE
HLE: W {PPU[92] Thread (fios mediathread 5)[0x00440f00]} cellSysutil warning: cellSysutilGetSystemParamInt: CELL_SYSUTIL_SYSTEMPARAM_ID_SUMMERTIME
HLE: W {PPU[1] Thread (CPUThread)[0x01f67040]} sys_lwmutex_t::lock(sq=37) aborted
HLE: W {PPU[95] Thread (fios scheduler 4)[0x01f67040]} sys_lwcond_wait(id=85) aborted
HLE: W {PPU[62] Thread (fios mediathread 2)[0x01f67040]} sys_lwcond_wait(id=60) aborted
HLE: W {PPU[34] Thread (_SPU_printf_server)[0x00449e28]} sys_event_queue_receive(equeue=32) aborted
RSX: W {RSXThread} RSX thread aborted
HLE: W {PPU[92] Thread (fios mediathread 5)[0x01f67040]} sys_lwcond_wait(id=38) aborted
HLE: W {PPU[29] Thread (BPETrophyInitThread)[0x0019ccf0]} sys_event_queue_receive(equeue=28) aborted
HLE: W {PPU[94] Thread (fios mediathread 7)[0x01f67040]} sys_lwcond_wait(id=91) aborted
HLE: W {PPU[63] Thread (fios mediathread 3)[0x01f67040]} sys_lwcond_wait(id=61) aborted
HLE: W {PPU[1] Thread (CPUThread)[0x01f67040]} sys_lwcond_wait(id=38) aborted
HLE: W {VBlank thread} Callback::Branch() aborted
RSX: W {VBlank thread} VBlank thread aborted
HLE: W {PPU[93] Thread (fios mediathread 6)[0x01f67040]} sys_lwcond_wait(id=90) aborted
HLE: W {PPU[64] Thread (fios scheduler 1)[0x01f6713c]} sys_lwcond_signal_all(id=38) aborted
HLE: ! All threads stopped...
MEM: ! Closing memory...
