HLE: ! path: /dev_hdd0/game/
LDR: ! Loading 'D:\Emulateurs\Rpcs3\dev_hdd0\game\NPEA00315/USRDIR/BOOT.BIN'...
LDR: !  
LDR: ! Mount info:
LDR: ! /dev_hdd0/ -> D:\Emulateurs\Rpcs3/dev_hdd0/
LDR: ! /dev_hdd1/ -> D:\Emulateurs\Rpcs3/dev_hdd1/
LDR: ! /dev_flash/ -> D:\Emulateurs\Rpcs3/dev_flash/
LDR: ! /dev_usb000/ -> D:\Emulateurs\Rpcs3/dev_usb000/
LDR: ! /dev_usb/ -> D:\Emulateurs\Rpcs3/dev_usb000/
LDR: ! /app_home/ -> D:\Emulateurs\Rpcs3\dev_hdd0\game\NPEA00315/
LDR: ! /dev_bdvd/ -> D:\Emulateurs\Rpcs3\dev_hdd0\game\NPEA00315//../
LDR: ! /host_root/ -> 
LDR: ! / -> D:\Emulateurs\Rpcs3\dev_hdd0\game\NPEA00315//USRDIR/
LDR: ! /app_home/PS3_GAME/USRDIR/ -> D:\Emulateurs\Rpcs3\dev_hdd0\game\NPEA00315//USRDIR/
LDR: ! /dev_flash2/ -> D:\Emulateurs\Rpcs3/dev_flash2/
LDR: ! /app_home/Game/PS3_GAME/USRDIR/ -> D:\Emulateurs\Rpcs3\dev_hdd0\game\NPEA00315//USRDIR/
LDR: !  
MEM: ! Initing memory...
MEM: ! Memory initialized.
LDR: ! Function 'cellAANAddData' hooked (addr=0xa6d0f8)
LDR: ! Function 'cellSurMixerGetAANHandle' hooked (addr=0xa6d15c)
LDR: ! Function 'cellSurMixerSetNotifyCallback' hooked (addr=0xa6d194)
LDR: ! Function 'cellSurMixerRemoveNotifyCallback' hooked (addr=0xa6d228)
LDR: ! Function 'cellSurMixerChStripGetAANPortNo' hooked (addr=0xa6da38)
LDR: ! Function 'cellSurMixerChStripSetParameter' hooked (addr=0xa6dd64)
LDR: ! Function 'cellSurMixerSetParameter' hooked (addr=0xa6f3d4)
LDR: ! Function 'cellSurMixerStart' hooked (addr=0xa6f4a4)
LDR: ! Function 'cellSurMixerFinalize' hooked (addr=0xa6f7ac)
LDR: ! Function 'cellSurMixerCreate' hooked (addr=0xa70070)
LDR: E Function 'cellAANConnect' not found
LDR: E Function 'cellAANDisconnect' not found
LDR: E Function group [surmxAAN] failed: missing;
LDR: E Function 'cellSurMixerSurBusAddData' not found
LDR: E Function 'cellSurMixerPause' not found
LDR: E Function 'cellSurMixerGetCurrentBlockTag' not found
LDR: E Function 'cellSurMixerGetTimestamp' not found
LDR: E Function 'cellSurMixerBeep' not found
LDR: E Function group [surmixer] failed: missing;
LDR: W Unimplemented function 'cellUsbdInit' in 'cellUsbd' module
LDR: W Unimplemented function 'cellUsbdInterruptTransfer' in 'cellUsbd' module
LDR: W Unimplemented function 'cellUsbdOpenPipe' in 'cellUsbd' module
LDR: W Unimplemented function 'cellUsbdScanStaticDescriptor' in 'cellUsbd' module
LDR: W Unimplemented function 'cellUsbdGetPrivateData' in 'cellUsbd' module
LDR: W Unimplemented function 'cellUsbdSetPrivateData' in 'cellUsbd' module
LDR: W Unimplemented function 'cellUsbdUnregisterExtraLdd' in 'cellUsbd' module
LDR: W Unimplemented function 'cellUsbdClosePipe' in 'cellUsbd' module
LDR: W Unimplemented function 'cellUsbdControlTransfer' in 'cellUsbd' module
LDR: W Unimplemented function 'cellUsbdRegisterExtraLdd2' in 'cellUsbd' module
LDR: W Unimplemented function 'cellUsbdGetDeviceLocation' in 'cellUsbd' module
LDR: W Unimplemented function 'cellPadLddRegisterController' in 'sys_io' module
LDR: W Unimplemented function 'cellPadLddGetPortNo' in 'sys_io' module
LDR: W Unimplemented function 'cellPadLddDataInsert' in 'sys_io' module
LDR: W Unimplemented function 'cellPadLddUnregisterController' in 'sys_io' module
LDR: W Unimplemented function 'cellFsUtime' in 'sys_fs' module
LDR: W Unimplemented function 'cellFsSdataOpenByFd' in 'sys_fs' module
LDR: W Unimplemented function 'cellFsFsync' in 'sys_fs' module
LDR: W Unimplemented function 'sceNpManagerSubSignout' in 'sceNp' module
LDR: W Unimplemented function 'sceNpBasicSendMessageGui' in 'sceNp' module
LDR: W Unimplemented function 'sceNpManagerGetTicket' in 'sceNp' module
LDR: W Unimplemented function 'sceNpBasicGetFriendPresenceByNpId2' in 'sceNp' module
LDR: W Unimplemented function 'sceNpBasicGetMessageEntry' in 'sceNp' module
LDR: W Unimplemented function 'sceNpBasicRegisterContextSensitiveHandler' in 'sceNp' module
LDR: W Unimplemented function 'sceNpManagerSubSignin' in 'sceNp' module
LDR: W Unimplemented function 'sceNpBasicAbortGui' in 'sceNp' module
LDR: W Unimplemented function 'sceNpManagerUnregisterCallback' in 'sceNp' module
LDR: W Unimplemented function 'sceNpManagerGetTicketParam' in 'sceNp' module
LDR: W Unimplemented function 'sceNpBasicSetPresenceDetails2' in 'sceNp' module
LDR: W Unimplemented function 'sceNpLookupInit' in 'sceNp' module
LDR: W Unimplemented function 'sceNpSignalingActivateConnection' in 'sceNp' module
LDR: W Unimplemented function 'sceNpSignalingCreateCtx' in 'sceNp' module
LDR: W Unimplemented function 'sceNpBasicGetFriendPresenceByIndex2' in 'sceNp' module
LDR: W Unimplemented function 'sceNpBasicRecvMessageAttachmentLoad' in 'sceNp' module
LDR: W Unimplemented function 'sceNpManagerGetContentRatingFlag' in 'sceNp' module
LDR: W Unimplemented function 'sceNpLookupPollAsync' in 'sceNp' module
LDR: W Unimplemented function 'sceNpBasicRecvMessageCustom' in 'sceNp' module
LDR: W Unimplemented function 'sceNpManagerRequestTicket2' in 'sceNp' module
LDR: W Unimplemented function 'sceNpLookupTerm' in 'sceNp' module
LDR: W Unimplemented function 'sceNpBasicGetPlayersHistoryEntryCount' in 'sceNp' module
LDR: W Unimplemented function 'sceNpSignalingDestroyCtx' in 'sceNp' module
LDR: W Unimplemented function 'sceNpBasicUnregisterHandler' in 'sceNp' module
LDR: W Unimplemented function 'sceNpBasicGetFriendListEntryCount' in 'sceNp' module
LDR: W Unimplemented function 'sceNpManagerGetAccountRegion' in 'sceNp' module
LDR: W Unimplemented function 'sceNpBasicGetPlayersHistoryEntry' in 'sceNp' module
LDR: W Unimplemented function 'sceNpBasicAddPlayersHistoryAsync' in 'sceNp' module
LDR: W Unimplemented function 'sceNpManagerGetOnlineId' in 'sceNp' module
LDR: W Unimplemented function 'sceNpSignalingGetConnectionStatus' in 'sceNp' module
LDR: W Unimplemented function 'sceNpLookupCreateTitleCtx' in 'sceNp' module
LDR: W Unimplemented function 'sceNpLookupNpIdAsync' in 'sceNp' module
LDR: W Unimplemented function 'sceNpUtilCmpNpId' in 'sceNp' module
LDR: W Unimplemented function 'sceNpBasicGetEvent' in 'sceNp' module
LDR: W Unimplemented function 'sceNpManagerRegisterCallback' in 'sceNp' module
LDR: W Unimplemented function 'sceNpLookupCreateTransactionCtx' in 'sceNp' module
LDR: W Unimplemented function 'sceNpManagerGetChatRestrictionFlag' in 'sceNp' module
LDR: W Unimplemented function 'sceNpBasicGetMessageEntryCount' in 'sceNp' module
LDR: W Unimplemented function 'sceNpManagerGetOnlineName' in 'sceNp' module
LDR: W Unimplemented function 'sceNpSignalingDeactivateConnection' in 'sceNp' module
LDR: W Unimplemented function 'sceNpManagerGetNpId' in 'sceNp' module
LDR: W Unimplemented function 'sceNp2Init' in 'sceNp2' module
LDR: W Unimplemented function 'sceNp2Term' in 'sceNp2' module
LDR: W Unimplemented function 'cellSpursRequestIdleSpu' in 'cellSpurs' module
LDR: W Unimplemented function 'cellSpursWorkloadAttributeSetName' in 'cellSpurs' module
LDR: W Unimplemented function 'cellSpursGetWorkloadInfo' in 'cellSpurs' module
LDR: W Unimplemented function 'cellSpursRemoveWorkload' in 'cellSpurs' module
LDR: W Unimplemented function 'cellSpursWaitForWorkloadShutdown' in 'cellSpurs' module
LDR: W Unimplemented function 'cellSpursBarrierInitialize' in 'cellSpurs' module
LDR: W Unimplemented function 'cellSpursShutdownWorkload' in 'cellSpurs' module
LDR: W Unimplemented function 'cellSpursAddWorkloadWithAttribute' in 'cellSpurs' module
LDR: W Unimplemented function '_cellSpursWorkloadAttributeInitialize' in 'cellSpurs' module
LDR: W Unimplemented function 'cellSpursReadyCountStore' in 'cellSpurs' module
LDR: W Unknown module 'cellHttp'
LDR: W Unimplemented function 'cellOskDialogUnloadAsync' in 'cellSysutil' module
LDR: W Unimplemented function 'cellOskDialogDisableDimmer' in 'cellSysutil' module
LDR: W Unimplemented function 'cellSaveDataUserAutoSave' in 'cellSysutil' module
LDR: W Unimplemented function 'cellOskDialogLoadAsync' in 'cellSysutil' module
LDR: W Unimplemented function 'cellOskDialogSetKeyLayoutOption' in 'cellSysutil' module
LDR: W Unimplemented function 'cellOskDialogAbort' in 'cellSysutil' module
LDR: W Unimplemented function 'cellOskDialogSetInitialKeyLayout' in 'cellSysutil' module
LDR: W Unimplemented function 'cellSaveDataUserAutoLoad' in 'cellSysutil' module
LDR: W Unimplemented function 'cellSaveDataDelete2' in 'cellSysutil' module
LDR: W Unimplemented function 'cellSysutilSetBgmPlaybackExtraParam' in 'cellSysutil' module
LDR: W Unknown module 'cellPhotoUtility'
LDR: W Unimplemented function 'cellFontGetKerning' in 'cellFont' module
LDR: W Unimplemented function 'cellFontSetupRenderScalePoint' in 'cellFont' module
LDR: W Unimplemented function 'cellSslCertGetNameEntryInfo' in 'cellSsl' module
LDR: W Unimplemented function 'cellSslEnd' in 'cellSsl' module
LDR: W Unimplemented function 'cellSslCertGetSubjectName' in 'cellSsl' module
LDR: W Unimplemented function 'cellSslCertificateLoader' in 'cellSsl' module
LDR: W Unimplemented function 'cellSslCertGetNameEntryCount' in 'cellSsl' module
LDR: W Unimplemented function 'cellSslCertGetIssuerName' in 'cellSsl' module
LDR: W Unimplemented function 'cellSslInit' in 'cellSsl' module
LDR: W Unimplemented function 'cellVoiceStart' in 'cellVoice' module
LDR: W Unimplemented function 'cellVoiceDisconnectIPortFromOPort' in 'cellVoice' module
LDR: W Unimplemented function 'cellVoiceCreatePort' in 'cellVoice' module
LDR: W Unimplemented function 'cellVoiceReadFromOPort' in 'cellVoice' module
LDR: W Unimplemented function 'cellVoiceWriteToIPort' in 'cellVoice' module
LDR: W Unimplemented function 'cellVoiceGetPortInfo' in 'cellVoice' module
LDR: W Unimplemented function 'cellVoiceStartEx' in 'cellVoice' module
LDR: W Unimplemented function 'cellVoiceSetPortAttr' in 'cellVoice' module
LDR: W Unimplemented function 'cellVoiceDeletePort' in 'cellVoice' module
LDR: W Unimplemented function 'cellVoiceConnectIPortToOPort' in 'cellVoice' module
LDR: W Unimplemented function 'cellVoiceInitEx' in 'cellVoice' module
LDR: W Unimplemented function 'cellVoiceInit' in 'cellVoice' module
LDR: W Unimplemented function 'cellVoiceStop' in 'cellVoice' module
LDR: W Unimplemented function 'cellVoiceSetVolume' in 'cellVoice' module
LDR: W Unimplemented function 'cellVoiceEnd' in 'cellVoice' module
LDR: W Unimplemented function 'cellVoiceGetPortAttr' in 'cellVoice' module
LDR: W Unimplemented function 'cellGameGetHomeDataExportPath' in 'cellGameExec' module
LDR: W Unimplemented function 'inet_ntoa' in 'sys_net' module
LDR: W Unimplemented function 'socketpoll' in 'sys_net' module
LDR: W Unimplemented function 'getsockname' in 'sys_net' module
LDR: W Unimplemented function 'socketselect' in 'sys_net' module
LDR: W Unimplemented function 'getsockopt' in 'sys_net' module
LDR: W Unimplemented function 'gethostbyname' in 'sys_net' module
LDR: W Unimplemented function 'inet_aton' in 'sys_net' module
LDR: W Unimplemented function 'gethostbyaddr' in 'sys_net' module
LDR: W Unimplemented function 'getpeername' in 'sys_net' module
LDR: W Unimplemented function 'UTF8stoUTF16s' in 'cellL10n' module
LDR: W Unknown module 'cellSysutilAvconfExt'
LDR: W Unknown module 'libgem'
LDR: W Unimplemented function 'cellCameraReadEx' in 'cellCamera' module
LDR: W Unimplemented function 'cellCameraRemoveNotifyEventQueue2' in 'cellCamera' module
LDR: W Unimplemented function 'cellCameraStart' in 'cellCamera' module
LDR: W Unimplemented function 'cellCameraGetType' in 'cellCamera' module
LDR: W Unimplemented function 'cellCameraEnd' in 'cellCamera' module
LDR: W Unimplemented function 'cellCameraOpenEx' in 'cellCamera' module
LDR: W Unimplemented function 'cellCameraReset' in 'cellCamera' module
LDR: W Unimplemented function 'cellCameraSetNotifyEventQueue2' in 'cellCamera' module
LDR: W Unimplemented function 'cellCameraInit' in 'cellCamera' module
LDR: W Unknown module 'cellSysutilNpEula'
LDR: W Unknown module 'libmedi'
LDR: W Unimplemented function 'cellJpgEncQueryAttr' in 'cellJpgEnc' module
LDR: W Unimplemented function 'cellJpgEncWaitForInput' in 'cellJpgEnc' module
LDR: W Unimplemented function 'cellJpgEncGetStreamInfo' in 'cellJpgEnc' module
LDR: W Unimplemented function 'cellJpgEncEncodePicture2' in 'cellJpgEnc' module
LDR: W Unimplemented function 'cellJpgEncOpenEx' in 'cellJpgEnc' module
LDR: W Unimplemented function 'cellJpgEncClose' in 'cellJpgEnc' module
LDR: W Unimplemented function 'cellJpgEncWaitForOutput' in 'cellJpgEnc' module
LDR: W Unimplemented function 'cellJpgEncOpen' in 'cellJpgEnc' module
LDR: W Unimplemented function 'cellKey2CharClose' in 'cellKey2char' module
LDR: W Unimplemented function 'cellKey2CharGetChar' in 'cellKey2char' module
LDR: W Unimplemented function 'cellKey2CharOpen' in 'cellKey2char' module
LDR: W Unimplemented function 'cellKey2CharSetMode' in 'cellKey2char' module
LDR: W Unimplemented function 'cellHttpUtilParseUri' in 'cellHttpUtil' module
LDR: W Unimplemented function 'sys_mempool_try_allocate_block' in 'sysPrxForUser' module
LDR: W Unimplemented function 'sys_mempool_free_block' in 'sysPrxForUser' module
LDR: W Unimplemented function '_sys_heap_free' in 'sysPrxForUser' module
LDR: W Unimplemented function 'sys_mempool_destroy' in 'sysPrxForUser' module
LDR: W Unimplemented function 'sys_prx_load_module_on_memcontainer_by_fd' in 'sysPrxForUser' module
LDR: W Unimplemented function '_sys_heap_delete_heap' in 'sysPrxForUser' module
LDR: W Unimplemented function 'sys_mempool_create' in 'sysPrxForUser' module
LDR: W Unimplemented function 'sys_prx_load_module_by_fd' in 'sysPrxForUser' module
HLE: W PPU[1] Thread (CPUThread)[0x013fb064]sys_lwmutex warning: *** lwmutex created [_lc_mtx] (attribute=0x12): sq_id = 3
HLE: W PPU[1] Thread (CPUThread)[0x00aacc24]memory warning: sys_memory_get_user_memory_size(mem_info_addr=0xd0010c04)
HLE: W PPU[1] Thread (CPUThread)[0x013fb064]sys_lwmutex warning: *** lwmutex created [_lc_mtx] (attribute=0x12): sq_id = 4
HLE: W PPU[1] Thread (CPUThread)[0x013fb064]sys_lwmutex warning: *** lwmutex created [_lc_mtx] (attribute=0x12): sq_id = 5
HLE: W PPU[1] Thread (CPUThread)[0x013fb064]sys_lwmutex warning: *** lwmutex created [_lc_mtx] (attribute=0x12): sq_id = 6
HLE: W PPU[1] Thread (CPUThread)[0x013fb064]sys_lwmutex warning: *** lwmutex created [_lc_mtx] (attribute=0x12): sq_id = 7
HLE: W PPU[1] Thread (CPUThread)[0x013fb064]sys_lwmutex warning: *** lwmutex created [_lc_mtx] (attribute=0x12): sq_id = 8
HLE: W PPU[1] Thread (CPUThread)[0x013fb064]sys_lwmutex warning: *** lwmutex created [_lc_mtx] (attribute=0x12): sq_id = 9
HLE: W PPU[1] Thread (CPUThread)[0x013fb064]sys_lwmutex warning: *** lwmutex created [_lc_mtx] (attribute=0x12): sq_id = 10
HLE: W PPU[1] Thread (CPUThread)[0x013fb064]sys_lwmutex warning: *** lwmutex created [_lc_mtx] (attribute=0x12): sq_id = 11
HLE: W PPU[1] Thread (CPUThread)[0x013fb064]sys_lwmutex warning: *** lwmutex created [_lc_mtx] (attribute=0x12): sq_id = 12
HLE: W PPU[1] Thread (CPUThread)[0x005bc72c]memory warning: sys_memory_get_user_memory_size(mem_info_addr=0x132b638)
HLE: W PPU[1] Thread (CPUThread)[0x013fb064]sys_lwmutex warning: *** lwmutex created [_lgcmtx] (attribute=0x12): sq_id = 13
HLE: W PPU[1] Thread (CPUThread)[0x013fb064]sys_lwmutex warning: *** lwmutex created [_lgcmtx] (attribute=0x22): sq_id = 14
HLE: W PPU[1] Thread (CPUThread)[0x013fb064]sys_lwmutex warning: *** lwmutex created [_lc_mtx] (attribute=0x12): sq_id = 15
HLE: W PPU[1] Thread (CPUThread)[0x013fb064]sys_lwmutex warning: *** lwmutex created [_lc_mtx] (attribute=0x12): sq_id = 16
HLE: W PPU[1] Thread (CPUThread)[0x013fb064]sys_lwmutex warning: *** lwmutex created [_lc_mtx] (attribute=0x12): sq_id = 17
HLE: W PPU[1] Thread (CPUThread)[0x013fb064]sys_lwmutex warning: *** lwmutex created [_lc_mtx] (attribute=0x12): sq_id = 18
HLE: W PPU[1] Thread (CPUThread)[0x013fb064]sys_lwmutex warning: *** lwmutex created [_lc_mtx] (attribute=0x12): sq_id = 19
HLE: W PPU[1] Thread (CPUThread)[0x013fb064]sys_lwmutex warning: *** lwmutex created [_lc_mtx] (attribute=0x12): sq_id = 20
HLE: W PPU[1] Thread (CPUThread)[0x013fb064]sys_lwmutex warning: *** lwmutex created [_lc_mtx] (attribute=0x12): sq_id = 21
HLE: W PPU[1] Thread (CPUThread)[0x013fb064]sys_lwmutex warning: *** lwmutex created [_lc_mtx] (attribute=0x12): sq_id = 22
HLE: W PPU[1] Thread (CPUThread)[0x013fb064]sys_lwmutex warning: *** lwmutex created [_lc_mtx] (attribute=0x12): sq_id = 23
HLE: W PPU[1] Thread (CPUThread)[0x013fb064]sys_lwmutex warning: *** lwmutex created [_lc_mtx] (attribute=0x12): sq_id = 24
HLE: W PPU[1] Thread (CPUThread)[0x013fb064]sys_lwmutex warning: *** lwmutex created [_lc_mtx] (attribute=0x12): sq_id = 25
HLE: W PPU[1] Thread (CPUThread)[0x013fb064]sys_lwmutex warning: *** lwmutex created [_lc_mtx] (attribute=0x12): sq_id = 26
HLE: W PPU[1] Thread (CPUThread)[0x00a9b3a4]cellSysutil warning: cellSysutilGetSystemParamInt: CELL_SYSUTIL_SYSTEMPARAM_ID_TIMEZONE
HLE: W PPU[1] Thread (CPUThread)[0x00a9b3a4]cellSysutil warning: cellSysutilGetSystemParamInt: CELL_SYSUTIL_SYSTEMPARAM_ID_SUMMERTIME
HLE: W PPU[1] Thread (CPUThread)[0x00aa3670]cellSysutil warning: cellSysutilGetSystemParamInt: CELL_SYSUTIL_SYSTEMPARAM_ID_TIMEZONE
HLE: W PPU[1] Thread (CPUThread)[0x00aa3670]cellSysutil warning: cellSysutilGetSystemParamInt: CELL_SYSUTIL_SYSTEMPARAM_ID_SUMMERTIME
HLE: W PPU[1] Thread (CPUThread)[0x00a9ce14]cellSysutil warning: cellSysutilGetSystemParamInt: CELL_SYSUTIL_SYSTEMPARAM_ID_TIMEZONE
HLE: W PPU[1] Thread (CPUThread)[0x00a9ce14]cellSysutil warning: cellSysutilGetSystemParamInt: CELL_SYSUTIL_SYSTEMPARAM_ID_SUMMERTIME
HLE: W PPU[1] Thread (CPUThread)[0x00aa3670]cellSysutil warning: cellSysutilGetSystemParamInt: CELL_SYSUTIL_SYSTEMPARAM_ID_TIMEZONE
HLE: W PPU[1] Thread (CPUThread)[0x00aa3670]cellSysutil warning: cellSysutilGetSystemParamInt: CELL_SYSUTIL_SYSTEMPARAM_ID_SUMMERTIME
HLE: W PPU[1] Thread (CPUThread)[0x00a9b328]cellSysutil warning: cellSysutilGetSystemParamInt: CELL_SYSUTIL_SYSTEMPARAM_ID_TIMEZONE
HLE: W PPU[1] Thread (CPUThread)[0x00a9b328]cellSysutil warning: cellSysutilGetSystemParamInt: CELL_SYSUTIL_SYSTEMPARAM_ID_SUMMERTIME
HLE: W PPU[1] Thread (CPUThread)[0x00a9ce14]cellSysutil warning: cellSysutilGetSystemParamInt: CELL_SYSUTIL_SYSTEMPARAM_ID_TIMEZONE
HLE: W PPU[1] Thread (CPUThread)[0x00a9ce14]cellSysutil warning: cellSysutilGetSystemParamInt: CELL_SYSUTIL_SYSTEMPARAM_ID_SUMMERTIME
HLE: W PPU[1] Thread (CPUThread)[0x013fb064]sys_lwmutex warning: *** lwmutex created [ps3HDDL] (attribute=0x12): sq_id = 27
HLE: W PPU[1] Thread (CPUThread)[0x013fb064]sys_lwmutex warning: *** lwmutex created [] (attribute=0x22): sq_id = 28
HLE: W PPU[1] Thread (CPUThread)[0x013fb064]sys_lwmutex warning: *** lwmutex created [acm0] (attribute=0x12): sq_id = 29
HLE: W PPU[1] Thread (CPUThread)[0x013fb064]sys_lwmutex warning: *** lwmutex created [acm1] (attribute=0x12): sq_id = 30
HLE: W PPU[1] Thread (CPUThread)[0x013fb064]sys_lwmutex warning: *** lwmutex created [] (attribute=0x22): sq_id = 31
HLE: W PPU[1] Thread (CPUThread)[0x0127501c]cellSysmodule warning: cellSysmoduleIsLoaded(CELL_SYSMODULE_SYSUTIL_GAME)
HLE: W PPU[1] Thread (CPUThread)[0x01275010]cellSysmodule warning: cellSysmoduleLoadModule(CELL_SYSMODULE_SYSUTIL_GAME)
HLE: W PPU[1] Thread (CPUThread)[0x013fb064]sys_lwmutex warning: *** lwmutex created [_lc_mtx] (attribute=0x12): sq_id = 32
HLE: W PPU[1] Thread (CPUThread)[0x013fb184]sys_lwmutex warning: sys_lwmutex_destroy(lwmutex_addr=0x30160480)
HLE: W PPU[1] Thread (CPUThread)[0x013e104c]cellGame warning: cellGameBootCheck(type_addr=0xd000efa8, attributes_addr=0xd000efac, size_addr=0xd000efb4, dirName_addr=0x0)
HLE: W PPU[1] Thread (CPUThread)[0x013e1004]cellGame warning: cellGameGetParamString(id=100, buf_addr=0xd000efc0, bufsize=12)
HLE: W PPU[1] Thread (CPUThread)[0x013e1004]cellGame warning: cellGameGetParamString(id=0, buf_addr=0xd000f14c, bufsize=128)
HLE: W PPU[1] Thread (CPUThread)[0x013e1034]cellGame warning: cellGameGetParamInt(id=102, value_addr=0xd000efb0)
HLE: W PPU[1] Thread (CPUThread)[0x013e1004]cellGame warning: cellGameGetParamString(id=106, buf_addr=0xd000f1cc, bufsize=8)
HLE: W PPU[1] Thread (CPUThread)[0x013e101c]cellGame warning: cellGameContentPermit(contentInfoPath_addr=0xd000ee68, usrdirPath_addr=0xd000efcc)
HLE: W PPU[1] Thread (CPUThread)[0x013e1040]cellGame warning: cellGameDataCheck(type=0x3, dirName_addr=0xd000f1d4, size_addr=0xd000efb4)
HLE: W PPU[1] Thread (CPUThread)[0x013e101c]cellGame warning: cellGameContentPermit(contentInfoPath_addr=0xd000f04c, usrdirPath_addr=0xd000f0cc)
HLE: W PPU[1] Thread (CPUThread)[0x005bc144]memory warning: sys_memory_get_user_memory_size(mem_info_addr=0xd000c754)
HLE: W PPU[1] Thread (CPUThread)[0x0127501c]cellSysmodule warning: cellSysmoduleIsLoaded(CELL_SYSMODULE_IO)
HLE: W PPU[1] Thread (CPUThread)[0x01275010]cellSysmodule warning: cellSysmoduleLoadModule(CELL_SYSMODULE_IO)
HLE: W PPU[1] Thread (CPUThread)[0x0127501c]cellSysmodule warning: cellSysmoduleIsLoaded(CELL_SYSMODULE_GCM_SYS)
HLE: W PPU[1] Thread (CPUThread)[0x01275010]cellSysmodule warning: cellSysmoduleLoadModule(CELL_SYSMODULE_GCM_SYS)
HLE: W PPU[1] Thread (CPUThread)[0x0127501c]cellSysmodule warning: cellSysmoduleIsLoaded(CELL_SYSMODULE_FS)
HLE: W PPU[1] Thread (CPUThread)[0x01275010]cellSysmodule warning: cellSysmoduleLoadModule(CELL_SYSMODULE_FS)
HLE: W PPU[1] Thread (CPUThread)[0x0127501c]cellSysmodule warning: cellSysmoduleIsLoaded(CELL_SYSMODULE_RTC)
HLE: W PPU[1] Thread (CPUThread)[0x01275010]cellSysmodule warning: cellSysmoduleLoadModule(CELL_SYSMODULE_RTC)
HLE: W PPU[1] Thread (CPUThread)[0x0127501c]cellSysmodule warning: cellSysmoduleIsLoaded(CELL_SYSMODULE_SYSUTIL_NP2)
HLE: W PPU[1] Thread (CPUThread)[0x01275010]cellSysmodule warning: cellSysmoduleLoadModule(CELL_SYSMODULE_SYSUTIL_NP2)
HLE: W PPU[1] Thread (CPUThread)[0x0127501c]cellSysmodule warning: cellSysmoduleIsLoaded(CELL_SYSMODULE_VDEC)
HLE: W PPU[1] Thread (CPUThread)[0x01275010]cellSysmodule warning: cellSysmoduleLoadModule(CELL_SYSMODULE_VDEC)
HLE: W PPU[1] Thread (CPUThread)[0x0127501c]cellSysmodule warning: cellSysmoduleIsLoaded(CELL_SYSMODULE_NETCTL)
HLE: W PPU[1] Thread (CPUThread)[0x01275010]cellSysmodule warning: cellSysmoduleLoadModule(CELL_SYSMODULE_NETCTL)
HLE: W PPU[1] Thread (CPUThread)[0x0127501c]cellSysmodule warning: cellSysmoduleIsLoaded(CELL_SYSMODULE_NET)
HLE: W PPU[1] Thread (CPUThread)[0x01275010]cellSysmodule warning: cellSysmoduleLoadModule(CELL_SYSMODULE_NET)
HLE: W PPU[1] Thread (CPUThread)[0x0127501c]cellSysmodule warning: cellSysmoduleIsLoaded((null))
HLE: W PPU[1] Thread (CPUThread)[0x01275010]cellSysmodule warning: cellSysmoduleLoadModule((null))
HLE: W PPU[1] Thread (CPUThread)[0x0127501c]cellSysmodule warning: cellSysmoduleIsLoaded(CELL_SYSMODULE_SSL)
HLE: W PPU[1] Thread (CPUThread)[0x01275010]cellSysmodule warning: cellSysmoduleLoadModule(CELL_SYSMODULE_SSL)
HLE: W PPU[1] Thread (CPUThread)[0x0127501c]cellSysmodule warning: cellSysmoduleIsLoaded(CELL_SYSMODULE_HTTP)
HLE: W PPU[1] Thread (CPUThread)[0x01275010]cellSysmodule warning: cellSysmoduleLoadModule(CELL_SYSMODULE_HTTP)
HLE: W PPU[1] Thread (CPUThread)[0x0127501c]cellSysmodule warning: cellSysmoduleIsLoaded(CELL_SYSMODULE_HTTP_UTIL)
HLE: W PPU[1] Thread (CPUThread)[0x01275010]cellSysmodule warning: cellSysmoduleLoadModule(CELL_SYSMODULE_HTTP_UTIL)
HLE: W PPU[1] Thread (CPUThread)[0x0127501c]cellSysmodule warning: cellSysmoduleIsLoaded(CELL_SYSMODULE_HTTPS)
HLE: W PPU[1] Thread (CPUThread)[0x01275010]cellSysmodule warning: cellSysmoduleLoadModule(CELL_SYSMODULE_HTTPS)
HLE: W PPU[1] Thread (CPUThread)[0x0127501c]cellSysmodule warning: cellSysmoduleIsLoaded(CELL_SYSMODULE_L10N)
HLE: W PPU[1] Thread (CPUThread)[0x01275010]cellSysmodule warning: cellSysmoduleLoadModule(CELL_SYSMODULE_L10N)
HLE: W PPU[1] Thread (CPUThread)[0x0127501c]cellSysmodule warning: cellSysmoduleIsLoaded(CELL_SYSMODULE_AUDIO)
HLE: W PPU[1] Thread (CPUThread)[0x01275010]cellSysmodule warning: cellSysmoduleLoadModule(CELL_SYSMODULE_AUDIO)
HLE: W PPU[1] Thread (CPUThread)[0x0127501c]cellSysmodule warning: cellSysmoduleIsLoaded(CELL_SYSMODULE_SYSUTIL_SEARCH)
HLE: W PPU[1] Thread (CPUThread)[0x01275010]cellSysmodule warning: cellSysmoduleLoadModule(CELL_SYSMODULE_SYSUTIL_SEARCH)
HLE: W PPU[1] Thread (CPUThread)[0x0127501c]cellSysmodule warning: cellSysmoduleIsLoaded(CELL_SYSMODULE_SYSUTIL_GAME)
HLE: W PPU[1] Thread (CPUThread)[0x0127501c]cellSysmodule warning: cellSysmoduleIsLoaded(CELL_SYSMODULE_VOICE)
HLE: W PPU[1] Thread (CPUThread)[0x01275010]cellSysmodule warning: cellSysmoduleLoadModule(CELL_SYSMODULE_VOICE)
HLE: W PPU[1] Thread (CPUThread)[0x0127501c]cellSysmodule warning: cellSysmoduleIsLoaded(CELL_SYSMODULE_SYSUTIL_NP_TROPHY)
HLE: W PPU[1] Thread (CPUThread)[0x01275010]cellSysmodule warning: cellSysmoduleLoadModule(CELL_SYSMODULE_SYSUTIL_NP_TROPHY)
HLE: W PPU[1] Thread (CPUThread)[0x0127501c]cellSysmodule warning: cellSysmoduleIsLoaded(CELL_SYSMODULE_SYSUTIL_GAME_EXEC)
HLE: W PPU[1] Thread (CPUThread)[0x01275010]cellSysmodule warning: cellSysmoduleLoadModule(CELL_SYSMODULE_SYSUTIL_GAME_EXEC)
HLE: W PPU[1] Thread (CPUThread)[0x0127501c]cellSysmodule warning: cellSysmoduleIsLoaded(CELL_SYSMODULE_SYSUTIL_USERINFO)
HLE: W PPU[1] Thread (CPUThread)[0x01275010]cellSysmodule warning: cellSysmoduleLoadModule(CELL_SYSMODULE_SYSUTIL_USERINFO)
HLE: W PPU[1] Thread (CPUThread)[0x0127501c]cellSysmodule warning: cellSysmoduleIsLoaded(CELL_SYSMODULE_FONT)
HLE: W PPU[1] Thread (CPUThread)[0x01275010]cellSysmodule warning: cellSysmoduleLoadModule(CELL_SYSMODULE_FONT)
HLE: W PPU[1] Thread (CPUThread)[0x0127501c]cellSysmodule warning: cellSysmoduleIsLoaded(CELL_SYSMODULE_FREETYPE)
HLE: W PPU[1] Thread (CPUThread)[0x01275010]cellSysmodule warning: cellSysmoduleLoadModule(CELL_SYSMODULE_FREETYPE)
HLE: W PPU[1] Thread (CPUThread)[0x0127501c]cellSysmodule warning: cellSysmoduleIsLoaded(CELL_SYSMODULE_FONTFT)
HLE: W PPU[1] Thread (CPUThread)[0x01275010]cellSysmodule warning: cellSysmoduleLoadModule(CELL_SYSMODULE_FONTFT)
HLE: W PPU[1] Thread (CPUThread)[0x0127501c]cellSysmodule warning: cellSysmoduleIsLoaded(CELL_SYSMODULE_VDEC_DIVX)
HLE: W PPU[1] Thread (CPUThread)[0x01275010]cellSysmodule warning: cellSysmoduleLoadModule(CELL_SYSMODULE_VDEC_DIVX)
HLE: W PPU[1] Thread (CPUThread)[0x0127501c]cellSysmodule warning: cellSysmoduleIsLoaded(CELL_SYSMODULE_ADEC_MP3)
HLE: W PPU[1] Thread (CPUThread)[0x01275010]cellSysmodule warning: cellSysmoduleLoadModule(CELL_SYSMODULE_ADEC_MP3)
HLE: W PPU[1] Thread (CPUThread)[0x0127501c]cellSysmodule warning: cellSysmoduleIsLoaded(CELL_SYSMODULE_ADEC_AC3)
HLE: W PPU[1] Thread (CPUThread)[0x01275010]cellSysmodule warning: cellSysmoduleLoadModule(CELL_SYSMODULE_ADEC_AC3)
HLE: W PPU[1] Thread (CPUThread)[0x0127501c]cellSysmodule warning: cellSysmoduleIsLoaded(CELL_SYSMODULE_ADEC)
HLE: W PPU[1] Thread (CPUThread)[0x01275010]cellSysmodule warning: cellSysmoduleLoadModule(CELL_SYSMODULE_ADEC)
HLE: W PPU[1] Thread (CPUThread)[0x0127501c]cellSysmodule warning: cellSysmoduleIsLoaded(CELL_SYSMODULE_AVCONF_EXT)
HLE: W PPU[1] Thread (CPUThread)[0x01275010]cellSysmodule warning: cellSysmoduleLoadModule(CELL_SYSMODULE_AVCONF_EXT)
HLE: W PPU[1] Thread (CPUThread)[0x0127501c]cellSysmodule warning: cellSysmoduleIsLoaded(CELL_SYSMODULE_JPGENC)
HLE: W PPU[1] Thread (CPUThread)[0x01275010]cellSysmodule warning: cellSysmoduleLoadModule(CELL_SYSMODULE_JPGENC)
HLE: W PPU[1] Thread (CPUThread)[0x0127501c]cellSysmodule warning: cellSysmoduleIsLoaded(CELL_SYSMODULE_JPGDEC)
HLE: W PPU[1] Thread (CPUThread)[0x01275010]cellSysmodule warning: cellSysmoduleLoadModule(CELL_SYSMODULE_JPGDEC)
HLE: W PPU[1] Thread (CPUThread)[0x0127501c]cellSysmodule warning: cellSysmoduleIsLoaded(CELL_SYSMODULE_GEM)
HLE: W PPU[1] Thread (CPUThread)[0x01275010]cellSysmodule warning: cellSysmoduleLoadModule(CELL_SYSMODULE_GEM)
HLE: W PPU[1] Thread (CPUThread)[0x0127501c]cellSysmodule warning: cellSysmoduleIsLoaded(CELL_SYSMODULE_CAMERA)
HLE: W PPU[1] Thread (CPUThread)[0x01275010]cellSysmodule warning: cellSysmoduleLoadModule(CELL_SYSMODULE_CAMERA)
HLE: W PPU[1] Thread (CPUThread)[0x0127501c]cellSysmodule warning: cellSysmoduleIsLoaded(CELL_SYSMODULE_USBD)
HLE: W PPU[1] Thread (CPUThread)[0x01275010]cellSysmodule warning: cellSysmoduleLoadModule(CELL_SYSMODULE_USBD)
HLE: W PPU[1] Thread (CPUThread)[0x0127501c]cellSysmodule warning: cellSysmoduleIsLoaded(CELL_SYSMODULE_SYSUTIL_NP)
HLE: W PPU[1] Thread (CPUThread)[0x01275010]cellSysmodule warning: cellSysmoduleLoadModule(CELL_SYSMODULE_SYSUTIL_NP)
HLE: W PPU[1] Thread (CPUThread)[0x0127501c]cellSysmodule warning: cellSysmoduleIsLoaded((null))
HLE: W PPU[1] Thread (CPUThread)[0x01275010]cellSysmodule warning: cellSysmoduleLoadModule((null))
HLE: W PPU[1] Thread (CPUThread)[0x005bc158]sys_spu warning: sys_spu_initialize(max_usable_spu=6, max_raw_spu=0)
HLE: W PPU[1] Thread (CPUThread)[0x005bc168]memory warning: sys_memory_get_user_memory_size(mem_info_addr=0xd000c75c)
HLE: E PPU[1] Thread (CPUThread)[0x013fb13c]sys_prx error: TODO: sys_prx_get_module_list()
HLE: W PPU[1] Thread (CPUThread)[0x0063accc]sys_mutex warning: *** mutex created [] (protocol=0x2, recursive=false): id = 33
HLE: W PPU[1] Thread (CPUThread)[0x013c5058]cellSysutil warning: cellSysutilGetSystemParamInt: CELL_SYSUTIL_SYSTEMPARAM_ID_ENTER_BUTTON_ASSIGN
HLE: W PPU[1] Thread (CPUThread)[0x013c5058]cellSysutil warning: cellSysutilGetSystemParamInt: CELL_SYSUTIL_SYSTEMPARAM_ID_LANG
HLE: W PPU[1] Thread (CPUThread)[0x013c50a0]cellSysutil warning: cellVideoOutGetNumberOfDevice(videoOut=0)
HLE: W PPU[1] Thread (CPUThread)[0x013c5034]cellSysutil warning: cellVideoOutGetDeviceInfo(videoOut=0, deviceIndex=0, info_addr=0x132b710)
HLE: E PPU[1] Thread (CPUThread)[0x013e3004]TODO: cellVideoOutGetScreenSize
HLE: W PPU[1] Thread (CPUThread)[0x013c50e8]cellSysutil warning: cellVideoOutGetResolutionAvailability(videoOut=0, resolutionId=0x81, option_addr=0x2, aspect=0x0, option=0x14092ec0)
HLE: W PPU[1] Thread (CPUThread)[0x013c50e8]cellSysutil warning: cellVideoOutGetResolutionAvailability(videoOut=0, resolutionId=0x88, option_addr=0x2, aspect=0x0, option=0x14093580)
HLE: W PPU[1] Thread (CPUThread)[0x013c50e8]cellSysutil warning: cellVideoOutGetResolutionAvailability(videoOut=0, resolutionId=0x89, option_addr=0x2, aspect=0x0, option=0x14093580)
HLE: W PPU[1] Thread (CPUThread)[0x013c50e8]cellSysutil warning: cellVideoOutGetResolutionAvailability(videoOut=0, resolutionId=0x8a, option_addr=0x2, aspect=0x0, option=0x14094930)
HLE: W PPU[1] Thread (CPUThread)[0x013c50e8]cellSysutil warning: cellVideoOutGetResolutionAvailability(videoOut=0, resolutionId=0x8b, option_addr=0x2, aspect=0x0, option=0x14092ec0)
HLE: W PPU[1] Thread (CPUThread)[0x013c50e8]cellSysutil warning: cellVideoOutGetResolutionAvailability(videoOut=0, resolutionId=0x91, option_addr=0x2, aspect=0x0, option=0x140936a0)
HLE: W PPU[1] Thread (CPUThread)[0x013c50e8]cellSysutil warning: cellVideoOutGetResolutionAvailability(videoOut=0, resolutionId=0x98, option_addr=0x2, aspect=0x0, option=0x14093bb0)
HLE: W PPU[1] Thread (CPUThread)[0x013c50e8]cellSysutil warning: cellVideoOutGetResolutionAvailability(videoOut=0, resolutionId=0x99, option_addr=0x2, aspect=0x0, option=0x14093bb0)
HLE: W PPU[1] Thread (CPUThread)[0x013c50e8]cellSysutil warning: cellVideoOutGetResolutionAvailability(videoOut=0, resolutionId=0x9a, option_addr=0x2, aspect=0x0, option=0x14094a50)
HLE: W PPU[1] Thread (CPUThread)[0x013c50e8]cellSysutil warning: cellVideoOutGetResolutionAvailability(videoOut=0, resolutionId=0x9b, option_addr=0x2, aspect=0x0, option=0x140937c0)
HLE: W PPU[1] Thread (CPUThread)[0x013c50e8]cellSysutil warning: cellVideoOutGetResolutionAvailability(videoOut=0, resolutionId=0x1, option_addr=0x2, aspect=0x0, option=0x14094420)
HLE: W PPU[1] Thread (CPUThread)[0x013c50e8]cellSysutil warning: cellVideoOutGetResolutionAvailability(videoOut=0, resolutionId=0xa, option_addr=0x2, aspect=0x0, option=0x14093460)
HLE: W PPU[1] Thread (CPUThread)[0x013c50e8]cellSysutil warning: cellVideoOutGetResolutionAvailability(videoOut=0, resolutionId=0xb, option_addr=0x2, aspect=0x0, option=0x14094270)
HLE: W PPU[1] Thread (CPUThread)[0x013c50e8]cellSysutil warning: cellVideoOutGetResolutionAvailability(videoOut=0, resolutionId=0xc, option_addr=0x2, aspect=0x0, option=0x14093fa0)
HLE: W PPU[1] Thread (CPUThread)[0x013c50e8]cellSysutil warning: cellVideoOutGetResolutionAvailability(videoOut=0, resolutionId=0xd, option_addr=0x2, aspect=0x0, option=0x14094810)
HLE: W PPU[1] Thread (CPUThread)[0x013c50e8]cellSysutil warning: cellVideoOutGetResolutionAvailability(videoOut=0, resolutionId=0x2, option_addr=0x2, aspect=0x0, option=0x14093bb0)
HLE: W PPU[1] Thread (CPUThread)[0x013c510c]cellSysutil warning: cellAudioOutGetSoundAvailability(audioOut=0, type=0, fs=0x4, option=0)
HLE: W PPU[1] Thread (CPUThread)[0x013c510c]cellSysutil warning: cellAudioOutGetSoundAvailability(audioOut=0, type=1, fs=0x4, option=0)
HLE: W PPU[1] Thread (CPUThread)[0x013c510c]cellSysutil warning: cellAudioOutGetSoundAvailability(audioOut=0, type=6, fs=0x4, option=0)
HLE: W PPU[1] Thread (CPUThread)[0x013c5148]cellSysutil warning: cellAudioOutGetNumberOfDevice(videoOut=0)
HLE: W PPU[1] Thread (CPUThread)[0x013c516c]cellSysutil warning: cellAudioOutGetState(audioOut=0x0,deviceIndex=0x0,state_addr=0xd000c414)
HLE: E PPU[1] Thread (CPUThread)[0x013c50b8]cellSysutil error: Unimplemented function: cellAudioOutGetDeviceInfo(audioOut=0, deviceIndex=0, info_addr=0xd000c428)
HLE: W PPU[1] Thread (CPUThread)[0x013c5070]cellSysutil warning: cellAudioOutConfigure(audioOut=0, config_addr=0xd000c400, option_addr=0xd000c410, (!)waitForEvent=0)
HLE: W PPU[1] Thread (CPUThread)[0x013c516c]cellSysutil warning: cellAudioOutGetState(audioOut=0x0,deviceIndex=0x0,state_addr=0x132b8e4)
HLE: W PPU[1] Thread (CPUThread)[0x013c5058]cellSysutil warning: cellSysutilGetSystemParamInt: CELL_SYSUTIL_SYSTEMPARAM_ID_ENTER_BUTTON_ASSIGN
HLE: W PPU[1] Thread (CPUThread)[0x013c5058]cellSysutil warning: cellSysutilGetSystemParamInt: CELL_SYSUTIL_SYSTEMPARAM_ID_LANG
HLE: W PPU[1] Thread (CPUThread)[0x013c50a0]cellSysutil warning: cellVideoOutGetNumberOfDevice(videoOut=0)
HLE: W PPU[1] Thread (CPUThread)[0x013c5034]cellSysutil warning: cellVideoOutGetDeviceInfo(videoOut=0, deviceIndex=0, info_addr=0x132b710)
HLE: E PPU[1] Thread (CPUThread)[0x013e3004]TODO: cellVideoOutGetScreenSize
HLE: W PPU[1] Thread (CPUThread)[0x013c50e8]cellSysutil warning: cellVideoOutGetResolutionAvailability(videoOut=0, resolutionId=0x81, option_addr=0x2, aspect=0x0, option=0x14093bb0)
HLE: W PPU[1] Thread (CPUThread)[0x013c50e8]cellSysutil warning: cellVideoOutGetResolutionAvailability(videoOut=0, resolutionId=0x88, option_addr=0x2, aspect=0x0, option=0x14093070)
HLE: W PPU[1] Thread (CPUThread)[0x013c50e8]cellSysutil warning: cellVideoOutGetResolutionAvailability(videoOut=0, resolutionId=0x89, option_addr=0x2, aspect=0x0, option=0x14094420)
HLE: W PPU[1] Thread (CPUThread)[0x013c50e8]cellSysutil warning: cellVideoOutGetResolutionAvailability(videoOut=0, resolutionId=0x8a, option_addr=0x2, aspect=0x0, option=0x14093100)
HLE: W PPU[1] Thread (CPUThread)[0x013c50e8]cellSysutil warning: cellVideoOutGetResolutionAvailability(videoOut=0, resolutionId=0x8b, option_addr=0x2, aspect=0x0, option=0x14093d60)
HLE: W PPU[1] Thread (CPUThread)[0x013c50e8]cellSysutil warning: cellVideoOutGetResolutionAvailability(videoOut=0, resolutionId=0x91, option_addr=0x2, aspect=0x0, option=0x14093bb0)
HLE: W PPU[1] Thread (CPUThread)[0x013c50e8]cellSysutil warning: cellVideoOutGetResolutionAvailability(videoOut=0, resolutionId=0x98, option_addr=0x2, aspect=0x0, option=0x14094930)
HLE: W PPU[1] Thread (CPUThread)[0x013c50e8]cellSysutil warning: cellVideoOutGetResolutionAvailability(videoOut=0, resolutionId=0x99, option_addr=0x2, aspect=0x0, option=0x14094420)
HLE: W PPU[1] Thread (CPUThread)[0x013c50e8]cellSysutil warning: cellVideoOutGetResolutionAvailability(videoOut=0, resolutionId=0x9a, option_addr=0x2, aspect=0x0, option=0x14092ec0)
HLE: W PPU[1] Thread (CPUThread)[0x013c50e8]cellSysutil warning: cellVideoOutGetResolutionAvailability(videoOut=0, resolutionId=0x9b, option_addr=0x2, aspect=0x0, option=0x140936a0)
HLE: W PPU[1] Thread (CPUThread)[0x013c50e8]cellSysutil warning: cellVideoOutGetResolutionAvailability(videoOut=0, resolutionId=0x1, option_addr=0x2, aspect=0x0, option=0x14093cd0)
HLE: W PPU[1] Thread (CPUThread)[0x013c50e8]cellSysutil warning: cellVideoOutGetResolutionAvailability(videoOut=0, resolutionId=0xa, option_addr=0x2, aspect=0x0, option=0x14093bb0)
HLE: W PPU[1] Thread (CPUThread)[0x013c50e8]cellSysutil warning: cellVideoOutGetResolutionAvailability(videoOut=0, resolutionId=0xb, option_addr=0x2, aspect=0x0, option=0x14094150)
HLE: W PPU[1] Thread (CPUThread)[0x013c50e8]cellSysutil warning: cellVideoOutGetResolutionAvailability(videoOut=0, resolutionId=0xc, option_addr=0x2, aspect=0x0, option=0x14093220)
HLE: W PPU[1] Thread (CPUThread)[0x013c50e8]cellSysutil warning: cellVideoOutGetResolutionAvailability(videoOut=0, resolutionId=0xd, option_addr=0x2, aspect=0x0, option=0x14092f50)
HLE: W PPU[1] Thread (CPUThread)[0x013c50e8]cellSysutil warning: cellVideoOutGetResolutionAvailability(videoOut=0, resolutionId=0x2, option_addr=0x2, aspect=0x0, option=0x14092ec0)
HLE: W PPU[1] Thread (CPUThread)[0x013c510c]cellSysutil warning: cellAudioOutGetSoundAvailability(audioOut=0, type=0, fs=0x4, option=0)
HLE: W PPU[1] Thread (CPUThread)[0x013c510c]cellSysutil warning: cellAudioOutGetSoundAvailability(audioOut=0, type=1, fs=0x4, option=0)
HLE: W PPU[1] Thread (CPUThread)[0x013c510c]cellSysutil warning: cellAudioOutGetSoundAvailability(audioOut=0, type=6, fs=0x4, option=0)
HLE: W PPU[1] Thread (CPUThread)[0x013c5148]cellSysutil warning: cellAudioOutGetNumberOfDevice(videoOut=0)
HLE: W PPU[1] Thread (CPUThread)[0x013c516c]cellSysutil warning: cellAudioOutGetState(audioOut=0x0,deviceIndex=0x0,state_addr=0x132b8e4)
HLE: W PPU[1] Thread (CPUThread)[0x013bf088]cellSpurs warning: cellSpursAttributeSetSpuThreadGroupType(attr_addr=0xd000c550, type=24)
