HLE: ! path: /dev_hdd0/game/
LDR: ! PKG Loader: Package successfully installed in: /dev_hdd0/game/NPEB01283
HLE: ! path: /dev_hdd0/game/
LDR: ! /dev_hdd0/ -> D:\Emulateurs\Rpcs3/dev_hdd0/
LDR: ! /dev_hdd1/ -> D:\Emulateurs\Rpcs3/dev_hdd1/
LDR: ! /dev_flash/ -> D:\Emulateurs\Rpcs3/dev_flash/
LDR: ! /dev_usb000/ -> D:\Emulateurs\Rpcs3/dev_usb000/
LDR: ! /dev_usb/ -> D:\Emulateurs\Rpcs3/dev_usb000/
LDR: ! /app_home/ -> D:\Emulateurs\Rpcs3\dev_hdd0\game\NPEA00241/
LDR: ! /dev_bdvd/ -> D:\Emulateurs\Rpcs3\dev_hdd0\game\NPEA00241//../
LDR: ! /host_root/ -> 
LDR: ! / -> D:\Emulateurs\Rpcs3\dev_hdd0\game\NPEA00241//USRDIR/
LDR: ! /app_home/PS3_GAME/USRDIR/ -> D:\Emulateurs\Rpcs3\dev_hdd0\game\NPEA00241//USRDIR/
LDR: ! /dev_flash2/ -> D:\Emulateurs\Rpcs3/dev_flash2/
LDR: ! /app_home/Game/PS3_GAME/USRDIR/ -> D:\Emulateurs\Rpcs3\dev_hdd0\game\NPEA00241//USRDIR/
LDR: !  
MEM: ! Initing memory...
MEM: ! Memory initialized.
LDR: W Unimplemented function 'cellCameraStop' in 'cellCamera' module
LDR: W Unimplemented function 'cellCameraClose' in 'cellCamera' module
LDR: W Unimplemented function 'cellCameraRead' in 'cellCamera' module
LDR: W Unimplemented function 'cellCameraStart' in 'cellCamera' module
LDR: W Unimplemented function 'cellCameraGetType' in 'cellCamera' module
LDR: W Unimplemented function 'cellCameraEnd' in 'cellCamera' module
LDR: W Unimplemented function 'cellCameraOpenEx' in 'cellCamera' module
LDR: W Unimplemented function 'cellCameraGetBufferSize' in 'cellCamera' module
LDR: W Unimplemented function 'cellCameraReset' in 'cellCamera' module
LDR: W Unimplemented function 'cellCameraSetAttribute' in 'cellCamera' module
LDR: W Unimplemented function 'cellCameraInit' in 'cellCamera' module
LDR: W Unimplemented function 'cellFsAllocateFileAreaWithoutZeroFill' in 'sys_fs' module
LDR: W Unimplemented function 'cellFsFsync' in 'sys_fs' module
LDR: W Unimplemented function 'cellPadPeriphGetInfo' in 'sys_io' module
LDR: W Unimplemented function 'cellKey2CharClose' in 'cellKey2char' module
LDR: W Unimplemented function 'cellKey2CharGetChar' in 'cellKey2char' module
LDR: W Unimplemented function 'cellKey2CharOpen' in 'cellKey2char' module
LDR: W Unimplemented function 'cellKey2CharSetMode' in 'cellKey2char' module
LDR: W Unimplemented function 'socketselect' in 'sys_net' module
LDR: W Unimplemented function 'gethostbyname' in 'sys_net' module
LDR: W Unimplemented function 'cellSpursQueueClear' in 'cellSpurs' module
LDR: W Unimplemented function 'cellSpursRequestIdleSpu' in 'cellSpurs' module
LDR: W Unimplemented function 'cellSpursWorkloadAttributeSetName' in 'cellSpurs' module
LDR: W Unimplemented function 'cellSpursGetWorkloadInfo' in 'cellSpurs' module
LDR: W Unimplemented function 'cellSpursRemoveWorkload' in 'cellSpurs' module
LDR: W Unimplemented function 'cellSpursWaitForWorkloadShutdown' in 'cellSpurs' module
LDR: W Unimplemented function 'cellSpursShutdownWorkload' in 'cellSpurs' module
LDR: W Unimplemented function 'cellSpursAddWorkloadWithAttribute' in 'cellSpurs' module
LDR: W Unimplemented function '_cellSpursWorkloadAttributeInitialize' in 'cellSpurs' module
LDR: W Unimplemented function 'cellSpursReadyCountStore' in 'cellSpurs' module
LDR: W Unknown module 'cellSysutilAvconfExt'
LDR: W Unimplemented function 'cellGameGetHomeLaunchOptionPath' in 'cellGameExec' module
LDR: W Unimplemented function 'cellGameGetBootGameInfo' in 'cellGameExec' module
LDR: W Unknown module 'cellImeJpUtility'
LDR: W Unknown module 'cellMusicUtility'
LDR: W Unimplemented function 'sceNpMatching2DestroyContext' in 'sceNp2' module
LDR: W Unimplemented function 'sceNpMatching2GetWorldInfoList' in 'sceNp2' module
LDR: W Unimplemented function 'sceNpMatching2SearchRoom' in 'sceNp2' module
LDR: W Unimplemented function 'sceNpMatching2LeaveRoom' in 'sceNp2' module
LDR: W Unimplemented function 'sceNpMatching2SetRoomDataExternal' in 'sceNp2' module
LDR: W Unimplemented function 'sceNpMatching2Term' in 'sceNp2' module
LDR: W Unimplemented function 'sceNpMatching2GetServerInfo' in 'sceNp2' module
LDR: W Unimplemented function 'sceNpMatching2GetEventData' in 'sceNp2' module
LDR: W Unimplemented function 'sceNpMatching2Init' in 'sceNp2' module
LDR: W Unimplemented function 'sceNp2Init' in 'sceNp2' module
LDR: W Unimplemented function 'sceNpMatching2JoinRoom' in 'sceNp2' module
LDR: W Unimplemented function 'sceNpMatching2ContextStartAsync' in 'sceNp2' module
LDR: W Unimplemented function 'sceNpMatching2RegisterContextCallback' in 'sceNp2' module
LDR: W Unimplemented function 'sceNpMatching2SetRoomDataInternal' in 'sceNp2' module
LDR: W Unimplemented function 'sceNpMatching2GetServerIdListLocal' in 'sceNp2' module
LDR: W Unimplemented function 'sceNpMatching2CreateContext' in 'sceNp2' module
LDR: W Unimplemented function 'sceNpMatching2ClearEventData' in 'sceNp2' module
LDR: W Unimplemented function 'sceNpMatching2SetDefaultRequestOptParam' in 'sceNp2' module
LDR: W Unimplemented function 'sceNpMatching2RegisterRoomEventCallback' in 'sceNp2' module
LDR: W Unimplemented function 'sceNpMatching2CreateJoinRoom' in 'sceNp2' module
LDR: W Unimplemented function 'sceNpMatching2ContextStop' in 'sceNp2' module
LDR: W Unimplemented function 'sceNpMatching2RegisterRoomMessageCallback' in 'sceNp2' module
LDR: W Unknown module 'sceNpCommerce2'
LDR: W Unimplemented function 'sceNpBasicSendMessageGui' in 'sceNp' module
LDR: W Unimplemented function 'sceNpManagerGetTicket' in 'sceNp' module
LDR: W Unimplemented function 'sceNpSignalingGetConnectionInfo' in 'sceNp' module
LDR: W Unimplemented function 'sceNpLookupNpId' in 'sceNp' module
LDR: W Unimplemented function 'sceNpBasicAddPlayersHistory' in 'sceNp' module
LDR: W Unimplemented function 'sceNpBasicAddFriend' in 'sceNp' module
LDR: W Unimplemented function 'sceNpBasicRegisterContextSensitiveHandler' in 'sceNp' module
LDR: W Unimplemented function 'sceNpSignalingAddExtendedHandler' in 'sceNp' module
LDR: W Unimplemented function 'sceNpManagerUnregisterCallback' in 'sceNp' module
LDR: W Unimplemented function 'sceNpManagerGetTicketParam' in 'sceNp' module
LDR: W Unimplemented function 'sceNpLookupDestroyTitleCtx' in 'sceNp' module
LDR: W Unimplemented function 'sceNpLookupInit' in 'sceNp' module
LDR: W Unimplemented function 'sceNpSignalingActivateConnection' in 'sceNp' module
LDR: W Unimplemented function 'sceNpSignalingCreateCtx' in 'sceNp' module
LDR: W Unimplemented function 'sceNpBasicRecvMessageAttachmentLoad' in 'sceNp' module
LDR: W Unimplemented function 'sceNpManagerGetContentRatingFlag' in 'sceNp' module
LDR: W Unimplemented function 'sceNpBasicGetBlockListEntryCount' in 'sceNp' module
LDR: W Unimplemented function 'sceNpManagerRequestTicket2' in 'sceNp' module
LDR: W Unimplemented function 'sceNpLookupTerm' in 'sceNp' module
LDR: W Unimplemented function 'sceNpSignalingDestroyCtx' in 'sceNp' module
LDR: W Unimplemented function 'sceNpBasicUnregisterHandler' in 'sceNp' module
LDR: W Unimplemented function 'sceNpBasicRecvMessageAttachment' in 'sceNp' module
LDR: W Unimplemented function 'sceNpBasicSetPresenceDetails' in 'sceNp' module
LDR: W Unimplemented function 'sceNpSignalingGetConnectionStatus' in 'sceNp' module
LDR: W Unimplemented function 'sceNpLookupCreateTitleCtx' in 'sceNp' module
LDR: W Unimplemented function 'sceNpLookupUserProfile' in 'sceNp' module
LDR: W Unimplemented function 'sceNpBasicGetEvent' in 'sceNp' module
LDR: W Unimplemented function 'sceNpManagerRegisterCallback' in 'sceNp' module
LDR: W Unimplemented function 'sceNpLookupCreateTransactionCtx' in 'sceNp' module
LDR: W Unimplemented function 'sceNpManagerGetChatRestrictionFlag' in 'sceNp' module
LDR: W Unimplemented function 'sceNpBasicSendMessage' in 'sceNp' module
LDR: W Unimplemented function 'sceNpFriendlist' in 'sceNp' module
LDR: W Unimplemented function 'sceNpBasicGetBlockListEntry' in 'sceNp' module
LDR: W Unimplemented function 'sceNpManagerGetOnlineName' in 'sceNp' module
LDR: W Unimplemented function 'sceNpLookupDestroyTransactionCtx' in 'sceNp' module
LDR: W Unimplemented function 'sceNpSignalingDeactivateConnection' in 'sceNp' module
LDR: W Unimplemented function 'sceNpManagerGetNpId' in 'sceNp' module
LDR: W Unimplemented function 'sceNpUtilCmpNpId' in 'sceNp' module
LDR: W Unknown module 'cellPhotoDecodeUtil'
LDR: W Unknown module 'cellPhotoUtility'
LDR: W Unknown module 'cellPhotoImportUtil'
LDR: W Unknown module 'cellSaveData'
LDR: W Unknown module 'cellSearchUtility'
LDR: W Unimplemented function 'cellSaveDataUserListSave' in 'cellSysutil' module
LDR: W Unimplemented function 'cellSaveDataUserListLoad' in 'cellSysutil' module
LDR: W Unimplemented function 'cellOskDialogUnloadAsync' in 'cellSysutil' module
LDR: W Unimplemented function 'cellSaveDataUserAutoSave' in 'cellSysutil' module
LDR: W Unimplemented function 'cellOskDialogAddSupportLanguage' in 'cellSysutil' module
LDR: W Unimplemented function 'cellOskDialogLoadAsync' in 'cellSysutil' module
LDR: W Unimplemented function 'cellSysconfOpen' in 'cellSysutil' module
LDR: W Unimplemented function 'cellOskDialogSetKeyLayoutOption' in 'cellSysutil' module
LDR: W Unimplemented function 'cellOskDialogAbort' in 'cellSysutil' module
LDR: W Unimplemented function 'cellSaveDataUserAutoLoad' in 'cellSysutil' module
LDR: W Unimplemented function 'cellMicGetDeviceGUID' in 'cellMic' module
LDR: W Unimplemented function 'cellMicRead' in 'cellMic' module
LDR: W Unimplemented function 'cellMicSetNotifyEventQueue' in 'cellMic' module
LDR: W Unimplemented function 'cellMicInit' in 'cellMic' module
LDR: W Unimplemented function 'cellMicClose' in 'cellMic' module
LDR: W Unimplemented function 'cellMicGetType' in 'cellMic' module
LDR: W Unimplemented function 'cellMicGetSignalState' in 'cellMic' module
LDR: W Unimplemented function 'cellMicEnd' in 'cellMic' module
LDR: W Unimplemented function 'cellMicOpen' in 'cellMic' module
LDR: W Unimplemented function 'cellMicStart' in 'cellMic' module
LDR: W Unimplemented function 'cellFiberPpuYield' in 'cellFiber' module
LDR: W Unimplemented function 'cellFiberPpuRunFibers' in 'cellFiber' module
LDR: W Unimplemented function 'cellFiberPpuWaitSignal' in 'cellFiber' module
LDR: W Unimplemented function 'cellFiberPpuCreateFiber' in 'cellFiber' module
LDR: W Unimplemented function 'cellFiberPpuSendSignal' in 'cellFiber' module
LDR: W Unimplemented function 'cellFiberPpuFinalizeScheduler' in 'cellFiber' module
LDR: W Unimplemented function '_cellFiberPpuSchedulerAttributeInitialize' in 'cellFiber' module
LDR: W Unimplemented function 'cellFiberPpuWaitFlag' in 'cellFiber' module
LDR: W Unimplemented function 'cellFiberPpuJoinFiber' in 'cellFiber' module
LDR: W Unimplemented function '_cellFiberPpuAttributeInitialize' in 'cellFiber' module
LDR: W Unimplemented function 'cellFiberPpuInitializeScheduler' in 'cellFiber' module
LDR: W Unimplemented function 'cellFiberPpuCheckFlags' in 'cellFiber' module
LDR: W Unimplemented function 'cellFiberPpuExit' in 'cellFiber' module
LDR: W Unimplemented function '_cellFiberPpuInitialize' in 'cellFiber' module
LDR: W Unknown module 'cellHttp'
LDR: W Unimplemented function 'cellHttpUtilBuildUri' in 'cellHttpUtil' module
LDR: W Unimplemented function 'cellSslEnd' in 'cellSsl' module
LDR: W Unimplemented function 'cellSslCertificateLoader' in 'cellSsl' module
LDR: W Unimplemented function 'cellSslInit' in 'cellSsl' module
HLE: W PPU[1] Thread (CPUThread)[0x00975034]sys_lwmutex warning: *** lwmutex created [_lc_mtx] (attribute=0x12): sq_id = 3
HLE: W PPU[1] Thread (CPUThread)[0x00539b2c]memory warning: sys_memory_get_user_memory_size(mem_info_addr=0xd0010c04)
HLE: W PPU[1] Thread (CPUThread)[0x00975034]sys_lwmutex warning: *** lwmutex created [_lc_mtx] (attribute=0x12): sq_id = 4
HLE: W PPU[1] Thread (CPUThread)[0x00975034]sys_lwmutex warning: *** lwmutex created [_lc_mtx] (attribute=0x12): sq_id = 5
HLE: W PPU[1] Thread (CPUThread)[0x00975034]sys_lwmutex warning: *** lwmutex created [_lc_mtx] (attribute=0x12): sq_id = 6
HLE: W PPU[1] Thread (CPUThread)[0x00975034]sys_lwmutex warning: *** lwmutex created [_lc_mtx] (attribute=0x12): sq_id = 7
HLE: W PPU[1] Thread (CPUThread)[0x00975034]sys_lwmutex warning: *** lwmutex created [_lc_mtx] (attribute=0x12): sq_id = 8
HLE: W PPU[1] Thread (CPUThread)[0x00975034]sys_lwmutex warning: *** lwmutex created [_lc_mtx] (attribute=0x12): sq_id = 9
HLE: W PPU[1] Thread (CPUThread)[0x00975034]sys_lwmutex warning: *** lwmutex created [_lc_mtx] (attribute=0x12): sq_id = 10
HLE: W PPU[1] Thread (CPUThread)[0x00975034]sys_lwmutex warning: *** lwmutex created [_lc_mtx] (attribute=0x12): sq_id = 11
HLE: W PPU[1] Thread (CPUThread)[0x00975034]sys_lwmutex warning: *** lwmutex created [_lc_mtx] (attribute=0x12): sq_id = 12
HLE: W PPU[1] Thread (CPUThread)[0x00975034]sys_lwmutex warning: *** lwmutex created [_lgcmtx] (attribute=0x12): sq_id = 13
HLE: W PPU[1] Thread (CPUThread)[0x00975034]sys_lwmutex warning: *** lwmutex created [_lgcmtx] (attribute=0x22): sq_id = 14
HLE: W PPU[1] Thread (CPUThread)[0x00975034]sys_lwmutex warning: *** lwmutex created [HTTP] (attribute=0x11): sq_id = 15
HLE: W PPU[1] Thread (CPUThread)[0x00975034]sys_lwmutex warning: *** lwmutex created [FileDB] (attribute=0x11): sq_id = 16
HLE: W PPU[1] Thread (CPUThread)[0x00975034]sys_lwmutex warning: *** lwmutex created [_lc_mtx] (attribute=0x12): sq_id = 17
HLE: W PPU[1] Thread (CPUThread)[0x00975034]sys_lwmutex warning: *** lwmutex created [_lc_mtx] (attribute=0x12): sq_id = 18
HLE: W PPU[1] Thread (CPUThread)[0x00975034]sys_lwmutex warning: *** lwmutex created [_lc_mtx] (attribute=0x12): sq_id = 19
HLE: W PPU[1] Thread (CPUThread)[0x00975034]sys_lwmutex warning: *** lwmutex created [_lc_mtx] (attribute=0x12): sq_id = 20
HLE: W PPU[1] Thread (CPUThread)[0x00975034]sys_lwmutex warning: *** lwmutex created [_lc_mtx] (attribute=0x12): sq_id = 21
HLE: W PPU[1] Thread (CPUThread)[0x00975034]sys_lwmutex warning: *** lwmutex created [_lc_mtx] (attribute=0x12): sq_id = 22
HLE: W PPU[1] Thread (CPUThread)[0x00975034]sys_lwmutex warning: *** lwmutex created [_lc_mtx] (attribute=0x12): sq_id = 23
HLE: W PPU[1] Thread (CPUThread)[0x00975034]sys_lwmutex warning: *** lwmutex created [_lc_mtx] (attribute=0x12): sq_id = 24
HLE: W PPU[1] Thread (CPUThread)[0x00975034]sys_lwmutex warning: *** lwmutex created [_lc_mtx] (attribute=0x12): sq_id = 25
HLE: W PPU[1] Thread (CPUThread)[0x00975034]sys_lwmutex warning: *** lwmutex created [_lc_mtx] (attribute=0x12): sq_id = 26
HLE: W PPU[1] Thread (CPUThread)[0x00975034]sys_lwmutex warning: *** lwmutex created [_lc_mtx] (attribute=0x12): sq_id = 27
HLE: W PPU[1] Thread (CPUThread)[0x00975034]sys_lwmutex warning: *** lwmutex created [_lc_mtx] (attribute=0x12): sq_id = 28
HLE: W PPU[1] Thread (CPUThread)[0x00975034]sys_lwmutex warning: *** lwmutex created [DepCach] (attribute=0x11): sq_id = 29
HLE: W PPU[1] Thread (CPUThread)[0x00975034]sys_lwmutex warning: *** lwmutex created [CmdList] (attribute=0x11): sq_id = 30
HLE: W PPU[1] Thread (CPUThread)[0x00975034]sys_lwmutex warning: *** lwmutex created [CmdList] (attribute=0x11): sq_id = 31
HLE: W PPU[1] Thread (CPUThread)[0x00975034]sys_lwmutex warning: *** lwmutex created [CmdList] (attribute=0x11): sq_id = 32
HLE: W PPU[1] Thread (CPUThread)[0x00975034]sys_lwmutex warning: *** lwmutex created [CmdList] (attribute=0x11): sq_id = 33
HLE: W PPU[1] Thread (CPUThread)[0x00975034]sys_lwmutex warning: *** lwmutex created [Spluid] (attribute=0x11): sq_id = 34
HLE: W PPU[1] Thread (CPUThread)[0x00975034]sys_lwmutex warning: *** lwmutex created [ProfCac] (attribute=0x11): sq_id = 35
HLE: W PPU[1] Thread (CPUThread)[0x00975034]sys_lwmutex warning: *** lwmutex created [Audio] (attribute=0x11): sq_id = 36
HLE: W PPU[1] Thread (CPUThread)[0x00975034]sys_lwmutex warning: *** lwmutex created [HostDeb] (attribute=0x11): sq_id = 37
HLE: W PPU[1] Thread (CPUThread)[0x00975034]sys_lwmutex warning: *** lwmutex created [LeftHos] (attribute=0x11): sq_id = 38
HLE: W PPU[1] Thread (CPUThread)[0x00975034]sys_lwmutex warning: *** lwmutex created [LeftCli] (attribute=0x11): sq_id = 39
HLE: W PPU[1] Thread (CPUThread)[0x00975034]sys_lwmutex warning: *** lwmutex created [HostGID] (attribute=0x11): sq_id = 40
HLE: W PPU[1] Thread (CPUThread)[0x00975034]sys_lwmutex warning: *** lwmutex created [Cookie] (attribute=0x11): sq_id = 41
HLE: W PPU[1] Thread (CPUThread)[0x00975034]sys_lwmutex warning: *** lwmutex created [GetCook] (attribute=0x11): sq_id = 42
HLE: W PPU[1] Thread (CPUThread)[0x00975034]sys_lwmutex warning: *** lwmutex created [ReAuth] (attribute=0x11): sq_id = 43
HLE: W PPU[1] Thread (CPUThread)[0x00975034]sys_lwmutex warning: *** lwmutex created [ShComms] (attribute=0x11): sq_id = 44
HLE: W PPU[1] Thread (CPUThread)[0x00975034]sys_lwmutex warning: *** lwmutex created [RecPlyr] (attribute=0x11): sq_id = 45
HLE: W PPU[1] Thread (CPUThread)[0x00975034]sys_lwmutex warning: *** lwmutex created [TropAwr] (attribute=0x11): sq_id = 46
HLE: W PPU[1] Thread (CPUThread)[0x00975034]sys_lwmutex warning: *** lwmutex created [Match2C] (attribute=0x11): sq_id = 47
HLE: W PPU[1] Thread (CPUThread)[0x00975034]sys_lwmutex warning: *** lwmutex created [ReqJoin] (attribute=0x11): sq_id = 48
HLE: W PPU[1] Thread (CPUThread)[0x005139bc]sys_semaphore warning: sys_semaphore_create(sem_addr=0x8bb528, attr_addr=0xd0010b70, initial_count=0, max_count=1)
HLE: ! PPU[1] Thread (CPUThread)[0x005139bc]*** semaphore created [] (protocol=0x2): id = 49
HLE: W PPU[1] Thread (CPUThread)[0x005139bc]sys_semaphore warning: sys_semaphore_create(sem_addr=0x8bb530, attr_addr=0xd0010b70, initial_count=0, max_count=1)
HLE: ! PPU[1] Thread (CPUThread)[0x005139bc]*** semaphore created [] (protocol=0x2): id = 50
HLE: W PPU[1] Thread (CPUThread)[0x00975034]sys_lwmutex warning: *** lwmutex created [Undo] (attribute=0x11): sq_id = 51
HLE: W PPU[1] Thread (CPUThread)[0x00010e54]memory warning: sys_memory_get_user_memory_size(mem_info_addr=0xd0010cc0)
HLE: W PPU[1] Thread (CPUThread)[0x0097f010]cellSysmodule warning: cellSysmoduleLoadModule(CELL_SYSMODULE_LV2DBG)
HLE: W PPU[1] Thread (CPUThread)[0x0097f010]cellSysmodule warning: cellSysmoduleLoadModule(CELL_SYSMODULE_FS)
HLE: W PPU[1] Thread (CPUThread)[0x0097f010]cellSysmodule warning: cellSysmoduleLoadModule(CELL_SYSMODULE_SPURS)
HLE: W PPU[1] Thread (CPUThread)[0x0097f010]cellSysmodule warning: cellSysmoduleLoadModule(CELL_SYSMODULE_ATRAC3PLUS)
HLE: W PPU[1] Thread (CPUThread)[0x0097f010]cellSysmodule warning: cellSysmoduleLoadModule(CELL_SYSMODULE_GCM_SYS)
HLE: W PPU[1] Thread (CPUThread)[0x0097f010]cellSysmodule warning: cellSysmoduleLoadModule(CELL_SYSMODULE_NET)
HLE: W PPU[1] Thread (CPUThread)[0x0097f010]cellSysmodule warning: cellSysmoduleLoadModule(CELL_SYSMODULE_SYNC)
HLE: W PPU[1] Thread (CPUThread)[0x0097f010]cellSysmodule warning: cellSysmoduleLoadModule(CELL_SYSMODULE_VDEC)
HLE: W PPU[1] Thread (CPUThread)[0x0097f010]cellSysmodule warning: cellSysmoduleLoadModule(CELL_SYSMODULE_IO)
HLE: W PPU[1] Thread (CPUThread)[0x0097f010]cellSysmodule warning: cellSysmoduleLoadModule(CELL_SYSMODULE_HTTP)
HLE: W PPU[1] Thread (CPUThread)[0x0097f010]cellSysmodule warning: cellSysmoduleLoadModule(CELL_SYSMODULE_HTTP_UTIL)
HLE: W PPU[1] Thread (CPUThread)[0x0097f010]cellSysmodule warning: cellSysmoduleLoadModule(CELL_SYSMODULE_SSL)
HLE: W PPU[1] Thread (CPUThread)[0x0097f010]cellSysmodule warning: cellSysmoduleLoadModule(CELL_SYSMODULE_RTC)
HLE: W PPU[1] Thread (CPUThread)[0x0097f010]cellSysmodule warning: cellSysmoduleLoadModule(CELL_SYSMODULE_SYSUTIL_NP)
HLE: W PPU[1] Thread (CPUThread)[0x0097f010]cellSysmodule warning: cellSysmoduleLoadModule(CELL_SYSMODULE_SYSUTIL_NP2)
HLE: W PPU[1] Thread (CPUThread)[0x0097f010]cellSysmodule warning: cellSysmoduleLoadModule(CELL_SYSMODULE_SYSUTIL_GAME)
HLE: W PPU[1] Thread (CPUThread)[0x0097f010]cellSysmodule warning: cellSysmoduleLoadModule(CELL_SYSMODULE_SYSUTIL_USERINFO)
HLE: W PPU[1] Thread (CPUThread)[0x0097f010]cellSysmodule warning: cellSysmoduleLoadModule(CELL_SYSMODULE_SYSUTIL_NP_TROPHY)
HLE: W PPU[1] Thread (CPUThread)[0x0097f010]cellSysmodule warning: cellSysmoduleLoadModule(CELL_SYSMODULE_SYSUTIL_SAVEDATA)
HLE: W PPU[1] Thread (CPUThread)[0x0097f010]cellSysmodule warning: cellSysmoduleLoadModule(CELL_SYSMODULE_AVCONF_EXT)
HLE: W PPU[1] Thread (CPUThread)[0x0097f010]cellSysmodule warning: cellSysmoduleLoadModule(CELL_SYSMODULE_SYSUTIL_NP_COMMERCE2)
HLE: W PPU[1] Thread (CPUThread)[0x0097f010]cellSysmodule warning: cellSysmoduleLoadModule(CELL_SYSMODULE_SYSUTIL_MUSIC2)
HLE: W PPU[1] Thread (CPUThread)[0x0097f010]cellSysmodule warning: cellSysmoduleLoadModule(CELL_SYSMODULE_SYSUTIL_SEARCH)
HLE: W PPU[1] Thread (CPUThread)[0x0097f010]cellSysmodule warning: cellSysmoduleLoadModule(CELL_SYSMODULE_SYSUTIL_GAME_EXEC)
HLE: W PPU[1] Thread (CPUThread)[0x00975034]sys_lwmutex warning: *** lwmutex created [gcmcs] (attribute=0x11): sq_id = 52
PPU: ! PPU[1] Thread (CPUThread)[0x0097501c]*** New PPU Thread [bringup] (flags=0x1, entry=0x85c098): id = 53
HLE: W PPU[53] Thread (bringup)[0x00975034]sys_lwmutex warning: *** lwmutex created [PrioQ] (attribute=0x11): sq_id = 54
HLE: W PPU[53] Thread (bringup)[0x005139bc]sys_semaphore warning: sys_semaphore_create(sem_addr=0x37820050, attr_addr=0xd0020b10, initial_count=0, max_count=2147483647)
HLE: ! PPU[53] Thread (bringup)[0x005139bc]*** semaphore created [] (protocol=0x2): id = 55
HLE: W PPU[53] Thread (bringup)[0x00975034]sys_lwmutex warning: *** lwmutex created [PrioQ] (attribute=0x11): sq_id = 56
HLE: W PPU[53] Thread (bringup)[0x005139bc]sys_semaphore warning: sys_semaphore_create(sem_addr=0x37820090, attr_addr=0xd0020b10, initial_count=0, max_count=2147483647)
HLE: ! PPU[53] Thread (bringup)[0x005139bc]*** semaphore created [] (protocol=0x2): id = 57
PPU: ! PPU[53] Thread (bringup)[0x0097501c]*** New PPU Thread [JobManagerWorker] (flags=0x1, entry=0x869180): id = 58
PPU: ! PPU[53] Thread (bringup)[0x0097501c]*** New PPU Thread [JobManagerWorker] (flags=0x1, entry=0x869180): id = 59
PPU: ! PPU[53] Thread (bringup)[0x0097501c]*** New PPU Thread [JobManagerWorker] (flags=0x1, entry=0x869180): id = 60
PPU: ! PPU[53] Thread (bringup)[0x0097501c]*** New PPU Thread [JobManagerWorker] (flags=0x1, entry=0x869180): id = 61
HLE: W PPU[53] Thread (bringup)[0x00975034]sys_lwmutex warning: *** lwmutex created [PrioQ] (attribute=0x11): sq_id = 62
HLE: W PPU[53] Thread (bringup)[0x005139bc]sys_semaphore warning: sys_semaphore_create(sem_addr=0x378200f0, attr_addr=0xd0020b10, initial_count=0, max_count=2147483647)
HLE: ! PPU[53] Thread (bringup)[0x005139bc]*** semaphore created [] (protocol=0x2): id = 63
HLE: W PPU[53] Thread (bringup)[0x00975034]sys_lwmutex warning: *** lwmutex created [PrioQ] (attribute=0x11): sq_id = 64
HLE: W PPU[53] Thread (bringup)[0x005139bc]sys_semaphore warning: sys_semaphore_create(sem_addr=0x37820130, attr_addr=0xd0020b10, initial_count=0, max_count=2147483647)
HLE: ! PPU[53] Thread (bringup)[0x005139bc]*** semaphore created [] (protocol=0x2): id = 65
PPU: ! PPU[53] Thread (bringup)[0x0097501c]*** New PPU Thread [JobManagerWorker] (flags=0x1, entry=0x869180): id = 66
PPU: ! PPU[53] Thread (bringup)[0x0097501c]*** New PPU Thread [JobManagerWorker] (flags=0x1, entry=0x869180): id = 67
HLE: E PPU[53] Thread (bringup)[0x00380038]Unknown syscall: 872 - 00000368
HLE: W PPU[53] Thread (bringup)[0x0099f010]cellUserInfo warning: cellUserInfoGetList(listNum_addr=0x921b48, listBuf_addr=0xd0020be0, currentUserId_addr=0x921b4c)
HLE: W PPU[53] Thread (bringup)[0x0099f004]cellUserInfo warning: cellUserInfoGetStat(id=1, stat_addr=0xd0020c20)
HLE: W PPU[53] Thread (bringup)[0x00991070]sceNpTrophy warning: sceNpTrophyCreateContext(context_addr=0x8bbaf0, commID_addr=0x74c2c1, commSign_addr=0x74c34d, options=0x0)
HLE: W PPU[53] Thread (bringup)[0x00991010]sceNpTrophy warning: sceNpTrophyCreateHandle(handle_addr=0x8bbaf4)
HLE: W PPU[53] Thread (bringup)[0x0099d088]cellSysutil warning: cellSysutilRegisterCallback(slot=0, func_addr=0x863ae0, userdata=0x0)
HLE: W PPU[53] Thread (bringup)[0x00985064]cellGame warning: cellGameBootCheck(type_addr=0x91ea90, attributes_addr=0x91eb24, size_addr=0x91ea80, dirName_addr=0x0)
HLE: W PPU[53] Thread (bringup)[0x00985004]cellGame warning: cellGameGetParamString(id=100, buf_addr=0x881f68, bufsize=10)
HLE: W PPU[53] Thread (bringup)[0x00985034]cellGame warning: cellGameGetParamInt(id=102, value_addr=0x882000)
HLE: W PPU[53] Thread (bringup)[0x0098501c]cellGame warning: cellGameContentPermit(contentInfoPath_addr=0xd0020610, usrdirPath_addr=0xd0020590)
HLE: W PPU[53] Thread (bringup)[0x00985058]cellGame warning: cellGameDataCheck(type=0x2, dirName_addr=0x881f68, size_addr=0x0)
HLE: E PPU[53] Thread (bringup)[0x00985058]cellGame error: cellGameDataCheck(): CELL_GAME_ERROR_PARAM
HLE: W PPU[1] Thread (CPUThread)[0x00525f0c]sysPrxForUser warning: sys_ppu_thread_join(thread_id=53, vptr_addr=0xd0010b10)
HLE: W PPU[1] Thread (CPUThread)[0x00975094]sys_lwmutex warning: sys_lwmutex_destroy(lwmutex_addr=0x37920b40)
HLE: E PPU[1] Thread (CPUThread)[0x00991064]sceNpTrophy error: Unimplemented function: sceNpTrophyTerm
HLE: W PPU[1] Thread (CPUThread)[0x00525f0c]sysPrxForUser warning: sys_ppu_thread_join(thread_id=58, vptr_addr=0xd0010a00)
HLE: W PPU[1] Thread (CPUThread)[0x00525f0c]sysPrxForUser warning: sys_ppu_thread_join(thread_id=59, vptr_addr=0xd0010a00)
HLE: W PPU[1] Thread (CPUThread)[0x00525f0c]sysPrxForUser warning: sys_ppu_thread_join(thread_id=60, vptr_addr=0xd0010a00)
HLE: W PPU[1] Thread (CPUThread)[0x00525f0c]sysPrxForUser warning: sys_ppu_thread_join(thread_id=61, vptr_addr=0xd0010a00)
HLE: W PPU[1] Thread (CPUThread)[0x00513a2c]sys_semaphore warning: sys_semaphore_destroy(sem_id=57)
HLE: W PPU[1] Thread (CPUThread)[0x00975094]sys_lwmutex warning: sys_lwmutex_destroy(lwmutex_addr=0x37820068)
HLE: W PPU[1] Thread (CPUThread)[0x00513a2c]sys_semaphore warning: sys_semaphore_destroy(sem_id=55)
HLE: W PPU[1] Thread (CPUThread)[0x00975094]sys_lwmutex warning: sys_lwmutex_destroy(lwmutex_addr=0x37820028)
HLE: W PPU[1] Thread (CPUThread)[0x00525f0c]sysPrxForUser warning: sys_ppu_thread_join(thread_id=66, vptr_addr=0xd0010a00)
HLE: W PPU[1] Thread (CPUThread)[0x00525f0c]sysPrxForUser warning: sys_ppu_thread_join(thread_id=67, vptr_addr=0xd0010a00)
HLE: W PPU[1] Thread (CPUThread)[0x00513a2c]sys_semaphore warning: sys_semaphore_destroy(sem_id=65)
HLE: W PPU[1] Thread (CPUThread)[0x00975094]sys_lwmutex warning: sys_lwmutex_destroy(lwmutex_addr=0x37820108)
HLE: W PPU[1] Thread (CPUThread)[0x00513a2c]sys_semaphore warning: sys_semaphore_destroy(sem_id=63)
HLE: W PPU[1] Thread (CPUThread)[0x00975094]sys_lwmutex warning: sys_lwmutex_destroy(lwmutex_addr=0x378200c8)
HLE: W PPU[1] Thread (CPUThread)[0x0097f004]cellSysmodule warning: cellSysmoduleUnloadModule(CELL_SYSMODULE_LV2DBG)
HLE: W PPU[1] Thread (CPUThread)[0x0097f004]cellSysmodule warning: cellSysmoduleUnloadModule(CELL_SYSMODULE_FS)
HLE: W PPU[1] Thread (CPUThread)[0x0097f004]cellSysmodule warning: cellSysmoduleUnloadModule(CELL_SYSMODULE_SPURS)
HLE: W PPU[1] Thread (CPUThread)[0x0097f004]cellSysmodule warning: cellSysmoduleUnloadModule(CELL_SYSMODULE_ATRAC3PLUS)
HLE: W PPU[1] Thread (CPUThread)[0x0097f004]cellSysmodule warning: cellSysmoduleUnloadModule(CELL_SYSMODULE_GCM_SYS)
HLE: W PPU[1] Thread (CPUThread)[0x0097f004]cellSysmodule warning: cellSysmoduleUnloadModule(CELL_SYSMODULE_NET)
HLE: W PPU[1] Thread (CPUThread)[0x0097f004]cellSysmodule warning: cellSysmoduleUnloadModule(CELL_SYSMODULE_SYNC)
HLE: W PPU[1] Thread (CPUThread)[0x0097f004]cellSysmodule warning: cellSysmoduleUnloadModule(CELL_SYSMODULE_VDEC)
HLE: W PPU[1] Thread (CPUThread)[0x0097f004]cellSysmodule warning: cellSysmoduleUnloadModule(CELL_SYSMODULE_IO)
HLE: W PPU[1] Thread (CPUThread)[0x0097f004]cellSysmodule warning: cellSysmoduleUnloadModule(CELL_SYSMODULE_HTTP)
HLE: W PPU[1] Thread (CPUThread)[0x0097f004]cellSysmodule warning: cellSysmoduleUnloadModule(CELL_SYSMODULE_HTTP_UTIL)
HLE: W PPU[1] Thread (CPUThread)[0x0097f004]cellSysmodule warning: cellSysmoduleUnloadModule(CELL_SYSMODULE_SSL)
HLE: W PPU[1] Thread (CPUThread)[0x0097f004]cellSysmodule warning: cellSysmoduleUnloadModule(CELL_SYSMODULE_RTC)
HLE: W PPU[1] Thread (CPUThread)[0x0097f004]cellSysmodule warning: cellSysmoduleUnloadModule(CELL_SYSMODULE_SYSUTIL_NP)
HLE: W PPU[1] Thread (CPUThread)[0x0097f004]cellSysmodule warning: cellSysmoduleUnloadModule(CELL_SYSMODULE_SYSUTIL_NP2)
HLE: W PPU[1] Thread (CPUThread)[0x0097f004]cellSysmodule warning: cellSysmoduleUnloadModule(CELL_SYSMODULE_SYSUTIL_GAME)
HLE: W PPU[1] Thread (CPUThread)[0x0097f004]cellSysmodule warning: cellSysmoduleUnloadModule(CELL_SYSMODULE_SYSUTIL_USERINFO)
HLE: W PPU[1] Thread (CPUThread)[0x0097f004]cellSysmodule warning: cellSysmoduleUnloadModule(CELL_SYSMODULE_SYSUTIL_NP_TROPHY)
HLE: W PPU[1] Thread (CPUThread)[0x0097f004]cellSysmodule warning: cellSysmoduleUnloadModule(CELL_SYSMODULE_SYSUTIL_SAVEDATA)
HLE: W PPU[1] Thread (CPUThread)[0x0097f004]cellSysmodule warning: cellSysmoduleUnloadModule(CELL_SYSMODULE_AVCONF_EXT)
HLE: W PPU[1] Thread (CPUThread)[0x0097f004]cellSysmodule warning: cellSysmoduleUnloadModule(CELL_SYSMODULE_SYSUTIL_NP_COMMERCE2)
HLE: W PPU[1] Thread (CPUThread)[0x0097f004]cellSysmodule warning: cellSysmoduleUnloadModule(CELL_SYSMODULE_SYSUTIL_MUSIC2)
HLE: W PPU[1] Thread (CPUThread)[0x0097f004]cellSysmodule warning: cellSysmoduleUnloadModule(CELL_SYSMODULE_SYSUTIL_SEARCH)
HLE: W PPU[1] Thread (CPUThread)[0x0097f004]cellSysmodule warning: cellSysmoduleUnloadModule(CELL_SYSMODULE_SYSUTIL_GAME_EXEC)
HLE: W PPU[1] Thread (CPUThread)[0x00975094]sys_lwmutex warning: sys_lwmutex_destroy(lwmutex_addr=0x964e70)
HLE: W PPU[1] Thread (CPUThread)[0x00975094]sys_lwmutex warning: sys_lwmutex_destroy(lwmutex_addr=0x964e98)
HLE: W PPU[1] Thread (CPUThread)[0x00975094]sys_lwmutex warning: sys_lwmutex_destroy(lwmutex_addr=0x964ec0)
HLE: W PPU[1] Thread (CPUThread)[0x00975094]sys_lwmutex warning: sys_lwmutex_destroy(lwmutex_addr=0x964da8)
HLE: W PPU[1] Thread (CPUThread)[0x00975094]sys_lwmutex warning: sys_lwmutex_destroy(lwmutex_addr=0x964dd0)
HLE: W PPU[1] Thread (CPUThread)[0x00975094]sys_lwmutex warning: sys_lwmutex_destroy(lwmutex_addr=0x964df8)
HLE: W PPU[1] Thread (CPUThread)[0x00975094]sys_lwmutex warning: sys_lwmutex_destroy(lwmutex_addr=0x964e20)
HLE: W PPU[1] Thread (CPUThread)[0x00975094]sys_lwmutex warning: sys_lwmutex_destroy(lwmutex_addr=0x964e48)
HLE: W PPU[1] Thread (CPUThread)[0x00975094]sys_lwmutex warning: sys_lwmutex_destroy(lwmutex_addr=0x9656e8)
HLE: W PPU[1] Thread (CPUThread)[0x00975094]sys_lwmutex warning: sys_lwmutex_destroy(lwmutex_addr=0x9658e0)
HLE: W PPU[1] Thread (CPUThread)[0x009750a0]Process warning: sys_process_exit(0)
HLE: S PPU[1] Thread (CPUThread)[0x009750a0]Process finished
HLE: ! All threads stopped...
MEM: ! Closing memory...
