HLE: ! path: /dev_hdd0/game/
LDR: ! Loading RAP file EP0002-NPEB01028_00-TONYHAWKPROSKATE.rap
LDR: ! Loading 'D:\Emulateurs\Rpcs3\dev_hdd0\game\NPEB01028\USRDIR/BOOT.BIN'...
LDR: !  
LDR: ! Mount info:
LDR: ! /dev_hdd0/ -> D:\Emulateurs\Rpcs3/dev_hdd0/
LDR: ! /dev_hdd1/ -> D:\Emulateurs\Rpcs3/dev_hdd1/
LDR: ! /dev_flash/ -> D:\Emulateurs\Rpcs3/dev_flash/
LDR: ! /dev_usb000/ -> D:\Emulateurs\Rpcs3/dev_usb000/
LDR: ! /dev_usb/ -> D:\Emulateurs\Rpcs3/dev_usb000/
LDR: ! /app_home/ -> D:\Emulateurs\Rpcs3\dev_hdd0\game\NPEB01028\
LDR: ! /dev_bdvd/ -> D:\Emulateurs\Rpcs3\dev_hdd0\game\NPEB01028\/../
LDR: ! /host_root/ -> 
LDR: ! / -> D:\Emulateurs\Rpcs3\dev_hdd0\game\NPEB01028\/USRDIR/
LDR: ! /app_home/PS3_GAME/USRDIR/ -> D:\Emulateurs\Rpcs3\dev_hdd0\game\NPEB01028\/USRDIR/
LDR: ! /dev_flash2/ -> D:\Emulateurs\Rpcs3/dev_flash2/
LDR: ! /app_home/Game/PS3_GAME/USRDIR/ -> D:\Emulateurs\Rpcs3\dev_hdd0\game\NPEB01028\/USRDIR/
LDR: !  
MEM: ! Initing memory...
MEM: ! Memory initialized.
LDR: W Unimplemented function 'getsockname' in 'sys_net' module
LDR: W Unimplemented function 'socketselect' in 'sys_net' module
LDR: W Unimplemented function 'getsockopt' in 'sys_net' module
LDR: W Unimplemented function 'gethostbyname' in 'sys_net' module
LDR: W Unimplemented function 'gethostbyaddr' in 'sys_net' module
LDR: W Unimplemented function 'cellFsSdataOpenByFd' in 'sys_fs' module
LDR: W Unimplemented function 'cellFsWriteWithOffset' in 'sys_fs' module
LDR: W Unimplemented function 'cellFsFsync' in 'sys_fs' module
LDR: W Unimplemented function 'cellFsUtime' in 'sys_fs' module
LDR: W Unimplemented function 'cellSaveDataListAutoLoad' in 'cellSysutil' module
LDR: W Unimplemented function 'cellOskDialogUnloadAsync' in 'cellSysutil' module
LDR: W Unimplemented function 'cellOskDialogLoadAsync' in 'cellSysutil' module
LDR: W Unimplemented function 'cellStorageDataImport' in 'cellSysutil' module
LDR: W Unimplemented function 'cellOskDialogSetKeyLayoutOption' in 'cellSysutil' module
LDR: W Unimplemented function 'cellOskDialogAbort' in 'cellSysutil' module
LDR: W Unimplemented function 'cellOskDialogSetInitialKeyLayout' in 'cellSysutil' module
LDR: W Unimplemented function 'cellOskDialogSetDeviceMask' in 'cellSysutil' module
LDR: W Unimplemented function 'cellSaveDataDelete2' in 'cellSysutil' module
LDR: W Unimplemented function 'cellOskDialogSetLayoutMode' in 'cellSysutil' module
LDR: W Unimplemented function 'cellAudioRemoveNotifyEventQueueEx' in 'cellAudio' module
LDR: W Unimplemented function 'cellAudioSetNotifyEventQueueEx' in 'cellAudio' module
LDR: W Unimplemented function 'sceNpBasicSendMessageGui' in 'sceNp' module
LDR: W Unimplemented function 'sceNpBasicGetFriendListEntry' in 'sceNp' module
LDR: W Unimplemented function 'sceNpSignalingGetConnectionInfo' in 'sceNp' module
LDR: W Unimplemented function 'sceNpBasicAddPlayersHistory' in 'sceNp' module
LDR: W Unimplemented function 'sceNpScoreGetRankingByRangeAsync' in 'sceNp' module
LDR: W Unimplemented function 'sceNpScoreDestroyTitleCtx' in 'sceNp' module
LDR: W Unimplemented function 'sceNpScoreInit' in 'sceNp' module
LDR: W Unimplemented function 'sceNpScoreGetRankingByNpIdAsync' in 'sceNp' module
LDR: W Unimplemented function 'sceNpBasicSetPresence' in 'sceNp' module
LDR: W Unimplemented function 'sceNpBasicRegisterContextSensitiveHandler' in 'sceNp' module
LDR: W Unimplemented function 'sceNpSignalingAddExtendedHandler' in 'sceNp' module
LDR: W Unimplemented function 'sceNpBasicSetPresenceDetails2' in 'sceNp' module
LDR: W Unimplemented function 'sceNpLookupInit' in 'sceNp' module
LDR: W Unimplemented function 'sceNpSignalingActivateConnection' in 'sceNp' module
LDR: W Unimplemented function 'sceNpSignalingCreateCtx' in 'sceNp' module
LDR: W Unimplemented function 'sceNpBasicRecvMessageAttachmentLoad' in 'sceNp' module
LDR: W Unimplemented function 'sceNpManagerGetContentRatingFlag' in 'sceNp' module
LDR: W Unimplemented function 'sceNpScoreCreateTransactionCtx' in 'sceNp' module
LDR: W Unimplemented function 'sceNpBasicGetBlockListEntryCount' in 'sceNp' module
LDR: W Unimplemented function 'sceNpBasicRecvMessageCustom' in 'sceNp' module
LDR: W Unimplemented function 'sceNpLookupTerm' in 'sceNp' module
LDR: W Unimplemented function 'sceNpSignalingTerminateConnection' in 'sceNp' module
LDR: W Unimplemented function 'sceNpScoreTerm' in 'sceNp' module
LDR: W Unimplemented function 'sceNpSignalingGetLocalNetInfo' in 'sceNp' module
LDR: W Unimplemented function 'sceNpScorePollAsync' in 'sceNp' module
LDR: W Unimplemented function 'sceNpSignalingDestroyCtx' in 'sceNp' module
LDR: W Unimplemented function 'sceNpBasicGetFriendListEntryCount' in 'sceNp' module
LDR: W Unimplemented function 'sceNpScoreCreateTitleCtx' in 'sceNp' module
LDR: W Unimplemented function 'sceNpManagerGetOnlineId' in 'sceNp' module
LDR: W Unimplemented function 'sceNpScoreDestroyTransactionCtx' in 'sceNp' module
LDR: W Unimplemented function 'sceNpProfileCallGui' in 'sceNp' module
LDR: W Unimplemented function 'sceNpUtilCmpNpId' in 'sceNp' module
LDR: W Unimplemented function 'sceNpScoreGetGameDataAsync' in 'sceNp' module
LDR: W Unimplemented function 'sceNpBasicGetEvent' in 'sceNp' module
LDR: W Unimplemented function 'sceNpManagerRegisterCallback' in 'sceNp' module
LDR: W Unimplemented function 'sceNpManagerGetChatRestrictionFlag' in 'sceNp' module
LDR: W Unimplemented function 'sceNpScoreRecordScoreAsync' in 'sceNp' module
LDR: W Unimplemented function 'sceNpBasicGetBlockListEntry' in 'sceNp' module
LDR: W Unimplemented function 'sceNpManagerGetOnlineName' in 'sceNp' module
LDR: W Unimplemented function 'sceNpScoreRecordGameDataAsync' in 'sceNp' module
LDR: W Unimplemented function 'sceNpSignalingDeactivateConnection' in 'sceNp' module
LDR: W Unimplemented function 'sceNpManagerGetNpId' in 'sceNp' module
LDR: W Unimplemented function 'sceNpMatching2DestroyContext' in 'sceNp2' module
LDR: W Unimplemented function 'sceNpMatching2GetWorldInfoList' in 'sceNp2' module
LDR: W Unimplemented function 'sceNpMatching2SearchRoom' in 'sceNp2' module
LDR: W Unimplemented function 'sceNpMatching2CreateServerContext' in 'sceNp2' module
LDR: W Unimplemented function 'sceNpMatching2LeaveRoom' in 'sceNp2' module
LDR: W Unimplemented function 'sceNpMatching2SetRoomDataExternal' in 'sceNp2' module
LDR: W Unimplemented function 'sceNpMatching2Term2' in 'sceNp2' module
LDR: W Unimplemented function 'sceNpMatching2GetServerInfo' in 'sceNp2' module
LDR: W Unimplemented function 'sceNpMatching2GetEventData' in 'sceNp2' module
LDR: W Unimplemented function 'sceNp2Init' in 'sceNp2' module
LDR: W Unimplemented function 'sceNpMatching2JoinRoom' in 'sceNp2' module
LDR: W Unimplemented function 'sceNpMatching2ContextStartAsync' in 'sceNp2' module
LDR: W Unimplemented function 'sceNpMatching2RegisterContextCallback' in 'sceNp2' module
LDR: W Unimplemented function 'sceNpMatching2GetRoomDataInternal' in 'sceNp2' module
LDR: W Unimplemented function 'sceNpMatching2GetServerIdListLocal' in 'sceNp2' module
LDR: W Unimplemented function 'sceNpMatching2CreateContext' in 'sceNp2' module
LDR: W Unimplemented function 'sceNpMatching2ClearEventData' in 'sceNp2' module
LDR: W Unimplemented function 'sceNp2Term' in 'sceNp2' module
LDR: W Unimplemented function 'sceNpMatching2GetRoomMemberDataInternal' in 'sceNp2' module
LDR: W Unimplemented function 'sceNpMatching2DeleteServerContext' in 'sceNp2' module
LDR: W Unimplemented function 'sceNpMatching2SetDefaultRequestOptParam' in 'sceNp2' module
LDR: W Unimplemented function 'sceNpMatching2RegisterRoomEventCallback' in 'sceNp2' module
LDR: W Unimplemented function 'sceNpMatching2CreateJoinRoom' in 'sceNp2' module
LDR: W Unimplemented function 'sceNpMatching2ContextStop' in 'sceNp2' module
LDR: W Unimplemented function 'sceNpMatching2Init2' in 'sceNp2' module
LDR: W Unimplemented function 'sceNpMatching2RegisterRoomMessageCallback' in 'sceNp2' module
LDR: W Unknown module 'cellSysutilAvc2'
LDR: W Unknown module 'sceNpSns'
LDR: W Unknown module 'cellHttp'
LDR: W Unimplemented function 'cellHttpUtilParseUri' in 'cellHttpUtil' module
LDR: W Unimplemented function 'cellHttpUtilEscapeUri' in 'cellHttpUtil' module
LDR: W Unimplemented function 'cellSslEnd' in 'cellSsl' module
LDR: W Unimplemented function 'cellSslCertificateLoader' in 'cellSsl' module
LDR: W Unimplemented function 'cellSslInit' in 'cellSsl' module
LDR: W Unimplemented function 'cellPngDecExtCreate' in 'cellPngDec' module
LDR: W Unimplemented function 'sys_prx_load_module_on_memcontainer_by_fd' in 'sysPrxForUser' module
LDR: W Unimplemented function '_sys_spu_printf_finalize' in 'sysPrxForUser' module
LDR: W Unimplemented function 'sys_prx_load_module_by_fd' in 'sysPrxForUser' module
LDR: W Unimplemented function 'cellOvisGetOverlayTableSize' in 'cellOvis' module
LDR: W Unimplemented function 'cellOvisInitializeOverlayTable' in 'cellOvis' module
HLE: W PPU[1] Thread (CPUThread)[0x01b3d058]sys_lwmutex warning: *** lwmutex created [_lc_mtx] (attribute=0x12): sq_id = 3
HLE: W PPU[1] Thread (CPUThread)[0x00f6ceac]memory warning: sys_memory_get_user_memory_size(mem_info_addr=0xd0010c04)
HLE: W PPU[1] Thread (CPUThread)[0x01b3d058]sys_lwmutex warning: *** lwmutex created [_lc_mtx] (attribute=0x12): sq_id = 4
HLE: W PPU[1] Thread (CPUThread)[0x01b3d058]sys_lwmutex warning: *** lwmutex created [_lc_mtx] (attribute=0x12): sq_id = 5
HLE: W PPU[1] Thread (CPUThread)[0x01b3d058]sys_lwmutex warning: *** lwmutex created [_lc_mtx] (attribute=0x12): sq_id = 6
HLE: W PPU[1] Thread (CPUThread)[0x01b3d058]sys_lwmutex warning: *** lwmutex created [_lc_mtx] (attribute=0x12): sq_id = 7
HLE: W PPU[1] Thread (CPUThread)[0x01b3d058]sys_lwmutex warning: *** lwmutex created [_lc_mtx] (attribute=0x12): sq_id = 8
HLE: W PPU[1] Thread (CPUThread)[0x01b3d058]sys_lwmutex warning: *** lwmutex created [_lc_mtx] (attribute=0x12): sq_id = 9
HLE: W PPU[1] Thread (CPUThread)[0x01b3d058]sys_lwmutex warning: *** lwmutex created [_lc_mtx] (attribute=0x12): sq_id = 10
HLE: W PPU[1] Thread (CPUThread)[0x01b3d058]sys_lwmutex warning: *** lwmutex created [_lc_mtx] (attribute=0x12): sq_id = 11
HLE: W PPU[1] Thread (CPUThread)[0x01b3d058]sys_lwmutex warning: *** lwmutex created [_lc_mtx] (attribute=0x12): sq_id = 12
HLE: W PPU[1] Thread (CPUThread)[0x01b3d058]sys_lwmutex warning: *** lwmutex created [_lgcmtx] (attribute=0x12): sq_id = 13
HLE: W PPU[1] Thread (CPUThread)[0x01b3d058]sys_lwmutex warning: *** lwmutex created [_lgcmtx] (attribute=0x22): sq_id = 14
HLE: W PPU[1] Thread (CPUThread)[0x01b3d058]sys_lwmutex warning: *** lwmutex created [] (attribute=0x12): sq_id = 15
HLE: W PPU[1] Thread (CPUThread)[0x00f5f3d8]cellSysutil warning: cellSysutilGetSystemParamInt: CELL_SYSUTIL_SYSTEMPARAM_ID_TIMEZONE
HLE: W PPU[1] Thread (CPUThread)[0x00f5f3d8]cellSysutil warning: cellSysutilGetSystemParamInt: CELL_SYSUTIL_SYSTEMPARAM_ID_SUMMERTIME
HLE: W PPU[1] Thread (CPUThread)[0x00f668c4]cellSysutil warning: cellSysutilGetSystemParamInt: CELL_SYSUTIL_SYSTEMPARAM_ID_TIMEZONE
HLE: W PPU[1] Thread (CPUThread)[0x00f668c4]cellSysutil warning: cellSysutilGetSystemParamInt: CELL_SYSUTIL_SYSTEMPARAM_ID_SUMMERTIME
HLE: W PPU[1] Thread (CPUThread)[0x00f61000]cellSysutil warning: cellSysutilGetSystemParamInt: CELL_SYSUTIL_SYSTEMPARAM_ID_TIMEZONE
HLE: W PPU[1] Thread (CPUThread)[0x00f61000]cellSysutil warning: cellSysutilGetSystemParamInt: CELL_SYSUTIL_SYSTEMPARAM_ID_SUMMERTIME
HLE: W PPU[1] Thread (CPUThread)[0x00f668c4]cellSysutil warning: cellSysutilGetSystemParamInt: CELL_SYSUTIL_SYSTEMPARAM_ID_TIMEZONE
HLE: W PPU[1] Thread (CPUThread)[0x00f668c4]cellSysutil warning: cellSysutilGetSystemParamInt: CELL_SYSUTIL_SYSTEMPARAM_ID_SUMMERTIME
HLE: W PPU[1] Thread (CPUThread)[0x00f5f37c]cellSysutil warning: cellSysutilGetSystemParamInt: CELL_SYSUTIL_SYSTEMPARAM_ID_TIMEZONE
HLE: W PPU[1] Thread (CPUThread)[0x00f5f37c]cellSysutil warning: cellSysutilGetSystemParamInt: CELL_SYSUTIL_SYSTEMPARAM_ID_SUMMERTIME
HLE: W PPU[1] Thread (CPUThread)[0x00f61000]cellSysutil warning: cellSysutilGetSystemParamInt: CELL_SYSUTIL_SYSTEMPARAM_ID_TIMEZONE
HLE: W PPU[1] Thread (CPUThread)[0x00f61000]cellSysutil warning: cellSysutilGetSystemParamInt: CELL_SYSUTIL_SYSTEMPARAM_ID_SUMMERTIME
HLE: W PPU[1] Thread (CPUThread)[0x01b3d058]sys_lwmutex warning: *** lwmutex created [ps3HDDL] (attribute=0x12): sq_id = 16
HLE: W PPU[1] Thread (CPUThread)[0x01b3d058]sys_lwmutex warning: *** lwmutex created [] (attribute=0x11): sq_id = 17
HLE: W PPU[1] Thread (CPUThread)[0x01b3d058]sys_lwmutex warning: *** lwmutex created [] (attribute=0x11): sq_id = 18
HLE: W PPU[1] Thread (CPUThread)[0x01b3d058]sys_lwmutex warning: *** lwmutex created [] (attribute=0x11): sq_id = 19
HLE: W PPU[1] Thread (CPUThread)[0x01b3d058]sys_lwmutex warning: *** lwmutex created [] (attribute=0x11): sq_id = 20
HLE: W PPU[1] Thread (CPUThread)[0x01b3d058]sys_lwmutex warning: *** lwmutex created [] (attribute=0x12): sq_id = 21
HLE: W PPU[1] Thread (CPUThread)[0x01b3d058]sys_lwmutex warning: *** lwmutex created [] (attribute=0x12): sq_id = 22
HLE: W PPU[1] Thread (CPUThread)[0x01b3d058]sys_lwmutex warning: *** lwmutex created [] (attribute=0x12): sq_id = 23
HLE: W PPU[1] Thread (CPUThread)[0x01b3d058]sys_lwmutex warning: *** lwmutex created [] (attribute=0x12): sq_id = 24
HLE: W PPU[1] Thread (CPUThread)[0x01b3d058]sys_lwmutex warning: *** lwmutex created [] (attribute=0x12): sq_id = 25
HLE: W PPU[1] Thread (CPUThread)[0x008a4a98]memory warning: sys_memory_get_user_memory_size(mem_info_addr=0xd0010984)
HLE: W PPU[1] Thread (CPUThread)[0x008a4adc]memory warning: sys_memory_get_user_memory_size(mem_info_addr=0xd0010984)
HLE: W PPU[1] Thread (CPUThread)[0x01b3d058]sys_lwmutex warning: *** lwmutex created [	
	
] (attribute=0x12): sq_id = 26
HLE: W PPU[1] Thread (CPUThread)[0x01b3d058]sys_lwmutex warning: *** lwmutex created [] (attribute=0x12): sq_id = 27
HLE: W PPU[1] Thread (CPUThread)[0x01b3d058]sys_lwmutex warning: *** lwmutex created [] (attribute=0x12): sq_id = 28
HLE: W PPU[1] Thread (CPUThread)[0x01b3d058]sys_lwmutex warning: *** lwmutex created [] (attribute=0x12): sq_id = 29
HLE: W PPU[1] Thread (CPUThread)[0x01b3d058]sys_lwmutex warning: *** lwmutex created [ˇˇˇˇæãQΩ] (attribute=0x12): sq_id = 30
HLE: W PPU[1] Thread (CPUThread)[0x01b3d058]sys_lwmutex warning: *** lwmutex created [] (attribute=0x12): sq_id = 31
HLE: W PPU[1] Thread (CPUThread)[0x01b21010]cellSysmodule warning: cellSysmoduleLoadModule(CELL_SYSMODULE_FS)
HLE: W PPU[1] Thread (CPUThread)[0x01b21010]cellSysmodule warning: cellSysmoduleLoadModule(CELL_SYSMODULE_SPURS)
HLE: W PPU[1] Thread (CPUThread)[0x01b21010]cellSysmodule warning: cellSysmoduleLoadModule(CELL_SYSMODULE_SYSUTIL)
HLE: W PPU[1] Thread (CPUThread)[0x01b21010]cellSysmodule warning: cellSysmoduleLoadModule(CELL_SYSMODULE_RTC)
HLE: W PPU[1] Thread (CPUThread)[0x01b21010]cellSysmodule warning: cellSysmoduleLoadModule(CELL_SYSMODULE_GCM_SYS)
HLE: W PPU[1] Thread (CPUThread)[0x01b21010]cellSysmodule warning: cellSysmoduleLoadModule(CELL_SYSMODULE_AUDIO)
HLE: W PPU[1] Thread (CPUThread)[0x01b21010]cellSysmodule warning: cellSysmoduleLoadModule(CELL_SYSMODULE_IO)
HLE: W PPU[1] Thread (CPUThread)[0x01b21010]cellSysmodule warning: cellSysmoduleLoadModule(CELL_SYSMODULE_SYSUTIL_SAVEDATA)
HLE: W PPU[1] Thread (CPUThread)[0x01b21010]cellSysmodule warning: cellSysmoduleLoadModule(CELL_SYSMODULE_SYSUTIL_GAME)
HLE: W PPU[1] Thread (CPUThread)[0x01b21010]cellSysmodule warning: cellSysmoduleLoadModule(CELL_SYSMODULE_SYSUTIL_NP2)
HLE: W PPU[1] Thread (CPUThread)[0x01b21010]cellSysmodule warning: cellSysmoduleLoadModule(CELL_SYSMODULE_SYSUTIL_AVCHAT2)
HLE: W PPU[1] Thread (CPUThread)[0x01b21010]cellSysmodule warning: cellSysmoduleLoadModule(CELL_SYSMODULE_SYSUTIL_NP_TROPHY)
HLE: W PPU[1] Thread (CPUThread)[0x008be154]memory warning: sys_memory_get_user_memory_size(mem_info_addr=0xd00109ec)
HLE: W PPU[1] Thread (CPUThread)[0x01b37040]cellGame warning: cellGameBootCheck(type_addr=0xd0010450, attributes_addr=0xd0010454, size_addr=0xd0010458, dirName_addr=0x0)
HLE: W PPU[1] Thread (CPUThread)[0x01b37004]cellGame warning: cellGameGetParamString(id=100, buf_addr=0x1a11554, bufsize=10)
HLE: W PPU[1] Thread (CPUThread)[0x01b3701c]cellGame warning: cellGameContentPermit(contentInfoPath_addr=0xd0010468, usrdirPath_addr=0xd00104e8)
HLE: W PPU[1] Thread (CPUThread)[0x00888e54]memory warning: sys_mmapper_allocate_address(size=0x10000000, flags=0x40f, alignment=0x10000000, alloc_addr=0x3006f5b0)
HLE: W PPU[1] Thread (CPUThread)[0x00888e54]memory warning: sys_mmapper_allocate_address(size=0x10000000, flags=0x40f, alignment=0x10000000, alloc_addr=0x3006f9f0)
HLE: W PPU[1] Thread (CPUThread)[0x01b3b028]cellGcmSys warning: cellGcmInit(context_addr=0x1a89038,cmdSize=0x2ff000,ioSize=0x300000,ioAddress=0x30100000)
HLE: W PPU[1] Thread (CPUThread)[0x01b3b028]cellGcmSys warning: *** local memory(addr=0xc0000000, size=0xf900000)
HLE: W PPU[1] Thread (CPUThread)[0x01b3b028]cellGcmSys warning: cellGcmInit(): 256MB io address space used
HLE: W PPU[1] Thread (CPUThread)[0x01b3b028]cellGcmSys warning: cellGcmMapEaIoAddress(ea=0x30100000, io=0x0, size=0x300000)
RSX: ! RSXThreadRSX thread started
HLE: W PPU[1] Thread (CPUThread)[0x01b1d094]cellSysutil warning: cellVideoOutGetNumberOfDevice(videoOut=0)
HLE: W PPU[1] Thread (CPUThread)[0x01b1d034]cellSysutil warning: cellVideoOutGetDeviceInfo(videoOut=0, deviceIndex=0, info_addr=0xd0010308)
MEM: E PPU[1] Thread (CPUThread)[0x0088a75c]Read32 from null block: [d0013198]
MEM: E PPU[1] Thread (CPUThread)[0x0088a760]Read32 from null block: [d001319c]
HLE: W PPU[1] Thread (CPUThread)[0x01b1d100]cellSysutil warning: cellVideoOutGetResolutionAvailability(videoOut=0, resolutionId=0x0, option_addr=0x0, aspect=0x0, option=0xc5709420)
MEM: E PPU[1] Thread (CPUThread)[0x0088a768]Read32 from null block: [d0013198]
MEM: E PPU[1] Thread (CPUThread)[0x0088a784]Read32 from null block: [d001319c]
HLE: W PPU[1] Thread (CPUThread)[0x01b3b004]cellGcmSys warning: cellGcmGetTiledPitchSize(size=0)
MEM: E PPU[1] Thread (CPUThread)[0x0088a7d0]Read32 from null block: [d0013198]
MEM: E PPU[1] Thread (CPUThread)[0x0088a7d4]Read32 from null block: [d001319c]
HLE: W PPU[1] Thread (CPUThread)[0x01b1d010]cellSysutil warning: cellVideoOutConfigure(videoOut=0, config_addr=0xd0010290, option_addr=0x0, waitForEvent=0x0)
HLE: W PPU[1] Thread (CPUThread)[0x01b3b064]cellGcmSys warning: cellGcmSetFlipMode(mode=1)
HLE: W PPU[1] Thread (CPUThread)[0x01b3b0e8]cellGcmSys warning: cellGcmSetVBlankHandler(handler_addr=0x1912d08)
HLE: W PPU[1] Thread (CPUThread)[0x01b3b0b8]cellGcmSys warning: cellGcmSetFlipHandler(handler_addr=26291456)
HLE: W PPU[1] Thread (CPUThread)[0x01b3b010]cellGcmSys warning: cellGcmSetUserHandler(handler_addr=0x1912d10)
HLE: E PPU[1] Thread (CPUThread)[0x01b3b10c]cellGcmSys error: Unimplemented function: cellGcmSetGraphicsHandler
HLE: W PPU[1] Thread (CPUThread)[0x01b3d124]memory warning: sys_mmapper_allocate_memory(size=0x100000, flags=0x400, mem_id_addr=0xd0010084)
HLE: W PPU[1] Thread (CPUThread)[0x01b3d148]memory warning: sys_mmapper_map_memory(start_addr=0x0, mem_id=0x20, flags=0x40000)
MEM: W PPU[1] Thread (CPUThread)[0x01b3d148]memory mapped 0x30500000 to 0x0 size=0x100000
HLE: W PPU[1] Thread (CPUThread)[0x01b3d124]memory warning: sys_mmapper_allocate_memory(size=0x100000, flags=0x400, mem_id_addr=0xd0010084)
HLE: W PPU[1] Thread (CPUThread)[0x01b3d148]memory warning: sys_mmapper_map_memory(start_addr=0x100000, mem_id=0x21, flags=0x40000)
HLE: E PPU[1] Thread (CPUThread)[0x01b3d148]memory error: sys_mmapper_map_memory failed!
HLE: W PPU[1] Thread (CPUThread)[0x01b3d124]memory warning: sys_mmapper_allocate_memory(size=0x100000, flags=0x400, mem_id_addr=0xd0010084)
HLE: W PPU[1] Thread (CPUThread)[0x01b3d148]memory warning: sys_mmapper_map_memory(start_addr=0x200000, mem_id=0x22, flags=0x40000)
HLE: E PPU[1] Thread (CPUThread)[0x01b3d148]memory error: sys_mmapper_map_memory failed!
HLE: W PPU[1] Thread (CPUThread)[0x01b3d124]memory warning: sys_mmapper_allocate_memory(size=0x100000, flags=0x400, mem_id_addr=0xd0010084)
HLE: W PPU[1] Thread (CPUThread)[0x01b3d148]memory warning: sys_mmapper_map_memory(start_addr=0x300000, mem_id=0x23, flags=0x40000)
HLE: E PPU[1] Thread (CPUThread)[0x01b3d148]memory error: sys_mmapper_map_memory failed!
HLE: W PPU[1] Thread (CPUThread)[0x01b3d124]memory warning: sys_mmapper_allocate_memory(size=0x100000, flags=0x400, mem_id_addr=0xd0010084)
HLE: W PPU[1] Thread (CPUThread)[0x01b3d148]memory warning: sys_mmapper_map_memory(start_addr=0x400000, mem_id=0x24, flags=0x40000)
HLE: E PPU[1] Thread (CPUThread)[0x01b3d148]memory error: sys_mmapper_map_memory failed!
HLE: W PPU[1] Thread (CPUThread)[0x01b3d124]memory warning: sys_mmapper_allocate_memory(size=0x100000, flags=0x400, mem_id_addr=0xd0010084)
HLE: W PPU[1] Thread (CPUThread)[0x01b3d148]memory warning: sys_mmapper_map_memory(start_addr=0x500000, mem_id=0x25, flags=0x40000)
HLE: E PPU[1] Thread (CPUThread)[0x01b3d148]memory error: sys_mmapper_map_memory failed!
HLE: W PPU[1] Thread (CPUThread)[0x01b3d124]memory warning: sys_mmapper_allocate_memory(size=0x100000, flags=0x400, mem_id_addr=0xd0010084)
HLE: W PPU[1] Thread (CPUThread)[0x01b3d148]memory warning: sys_mmapper_map_memory(start_addr=0x600000, mem_id=0x26, flags=0x40000)
HLE: E PPU[1] Thread (CPUThread)[0x01b3d148]memory error: sys_mmapper_map_memory failed!
HLE: W PPU[1] Thread (CPUThread)[0x01b3d124]memory warning: sys_mmapper_allocate_memory(size=0x100000, flags=0x400, mem_id_addr=0xd0010084)
HLE: W PPU[1] Thread (CPUThread)[0x01b3d148]memory warning: sys_mmapper_map_memory(start_addr=0x700000, mem_id=0x27, flags=0x40000)
HLE: E PPU[1] Thread (CPUThread)[0x01b3d148]memory error: sys_mmapper_map_memory failed!
HLE: W PPU[1] Thread (CPUThread)[0x01b3d124]memory warning: sys_mmapper_allocate_memory(size=0x100000, flags=0x400, mem_id_addr=0xd0010084)
HLE: W PPU[1] Thread (CPUThread)[0x01b3d148]memory warning: sys_mmapper_map_memory(start_addr=0x800000, mem_id=0x28, flags=0x40000)
HLE: E PPU[1] Thread (CPUThread)[0x01b3d148]memory error: sys_mmapper_map_memory failed!
HLE: W PPU[1] Thread (CPUThread)[0x01b3d124]memory warning: sys_mmapper_allocate_memory(size=0x100000, flags=0x400, mem_id_addr=0xd0010084)
HLE: W PPU[1] Thread (CPUThread)[0x01b3d148]memory warning: sys_mmapper_map_memory(start_addr=0x900000, mem_id=0x29, flags=0x40000)
HLE: E PPU[1] Thread (CPUThread)[0x01b3d148]memory error: sys_mmapper_map_memory failed!
HLE: W PPU[1] Thread (CPUThread)[0x01b3b0ac]cellGcmSys warning: cellGcmMapMainMemory(ea=0x0,size=0xa00000,offset_addr=0xd0010080)
HLE: W PPU[1] Thread (CPUThread)[0x01b3b004]cellGcmSys warning: cellGcmGetTiledPitchSize(size=4)
HLE: W PPU[1] Thread (CPUThread)[0x01b3b100]cellGcmSys warning: cellGcmSetTileInfo(index=0, location=0, offset=1048576, size=0, pitch=4, comp=0, base=0, bank=0)
HLE: E PPU[1] Thread (CPUThread)[0x01b3b100]cellGcmSys error: cellGcmSetTileInfo : CELL_GCM_ERROR_INVALID_ALIGNMENT
RSX: W RSXThreadNV406E_SEMAPHORE_ACQUIRE: 3
HLE: W PPU[1] Thread (CPUThread)[0x01b3b058]cellGcmSys warning: cellGcmBindTile(index=0)
HLE: W PPU[1] Thread (CPUThread)[0x01b3b004]cellGcmSys warning: cellGcmGetTiledPitchSize(size=0)
HLE: W PPU[1] Thread (CPUThread)[0x01b3b100]cellGcmSys warning: cellGcmSetTileInfo(index=1, location=0, offset=1048576, size=0, pitch=0, comp=0, base=0, bank=0)
RSX: W RSXThreadNV406E_SEMAPHORE_ACQUIRE: 4
HLE: W PPU[1] Thread (CPUThread)[0x01b3b058]cellGcmSys warning: cellGcmBindTile(index=1)
HLE: W PPU[1] Thread (CPUThread)[0x01b3b004]cellGcmSys warning: cellGcmGetTiledPitchSize(size=0)
HLE: W PPU[1] Thread (CPUThread)[0x01b3b100]cellGcmSys warning: cellGcmSetTileInfo(index=2, location=0, offset=1048576, size=0, pitch=0, comp=0, base=0, bank=0)
RSX: W RSXThreadNV406E_SEMAPHORE_ACQUIRE: 5
HLE: W PPU[1] Thread (CPUThread)[0x01b3b058]cellGcmSys warning: cellGcmBindTile(index=2)
HLE: W PPU[1] Thread (CPUThread)[0x01b1d0e8]cellSysutil warning: cellSysutilRegisterCallback(slot=0, func_addr=0x19136c8, userdata=0x0)
PPU: ! PPU[1] Thread (CPUThread)[0x01b3d028]*** New PPU Thread [FlipPump] (flags=0x1, entry=0x1912d28): id = 42
HLE: W PPU[1] Thread (CPUThread)[0x008be458]sys_spu warning: sys_spu_initialize(max_usable_spu=6, max_raw_spu=0)
HLE: W PPU[1] Thread (CPUThread)[0x01b3d0f4]sysPrxForUser warning: sys_ppu_thread_once(once_ctrl_addr=0x1a99f0c, entry=0x192a788)
HLE: W PPU[43] Thread (CPUThread)[0x01b3d058]sys_lwmutex warning: *** lwmutex created [_lc_spf] (attribute=0x22): sq_id = 44
HLE: W PPU[1] Thread (CPUThread)[0x01b1f0e8]cellSpurs warning: _cellSpursAttributeInitialize(attr_addr=0xd00105e8, nSpus=2, spuPriority=3342336, ppuPriority=5, exitIfNoWork=127)
HLE: W PPU[1] Thread (CPUThread)[0x01b1f010]cellSpurs warning: cellSpursAttributeSetNamePrefix(attr_addr=0xd00105e8, prefix_addr=0x16011cc, size=0xc)
HLE: E PPU[1] Thread (CPUThread)[0x01b1f01c]cellSpurs error: cellSpursAttributeEnableSpuPrintfIfAvailable(attr_addr=0xd00105e8)
HLE: W PPU[1] Thread (CPUThread)[0x01b1f124]cellSpurs warning: cellSpursAttributeSetSpuThreadGroupType(attr_addr=0xd00105e8, type=24)
HLE: W PPU[1] Thread (CPUThread)[0x01b1f130]cellSpurs warning: cellSpursInitializeWithAttribute(spurs_addr=0x1a12e00, spurs_addr=0xd00105e8)
HLE: W PPU[1] Thread (CPUThread)[0x01b1f0e8]cellSpurs warning: _cellSpursAttributeInitialize(attr_addr=0xd00107e8, nSpus=2, spuPriority=3342336, ppuPriority=1, exitIfNoWork=127)
HLE: W PPU[1] Thread (CPUThread)[0x01b1f010]cellSpurs warning: cellSpursAttributeSetNamePrefix(attr_addr=0xd00107e8, prefix_addr=0x16011dc, size=0xc)
HLE: E PPU[1] Thread (CPUThread)[0x01b1f01c]cellSpurs error: cellSpursAttributeEnableSpuPrintfIfAvailable(attr_addr=0xd00107e8)
HLE: W PPU[1] Thread (CPUThread)[0x01b1f130]cellSpurs warning: cellSpursInitializeWithAttribute(spurs_addr=0x1a13e00, spurs_addr=0xd00107e8)
HLE: E PPU[1] Thread (CPUThread)[0x01b1f028]cellSpurs error: Unimplemented function: _cellSpursTasksetAttributeInitialize
HLE: E PPU[1] Thread (CPUThread)[0x01b1f0a0]cellSpurs error: Unimplemented function: cellSpursTasksetAttributeSetName
HLE: E PPU[1] Thread (CPUThread)[0x01b1f154]cellSpurs error: Unimplemented function: cellSpursCreateTasksetWithAttribute
HLE: W PPU[1] Thread (CPUThread)[0x01b1f094]cellSpurs warning: _cellSpursEventFlagInitialize(spurs_addr=0x1a13e00, taskset_addr=0x0, eventFlag_addr=0x1a11480, flagClearMode=0, flagDirection=1)
HLE: E PPU[1] Thread (CPUThread)[0x01b1f0d0]cellSpurs error: cellSpursEventFlagAttachLv2EventQueue(eventFlag_addr=0x1a11480)
HLE: E PPU[1] Thread (CPUThread)[0x01b1f004]cellSpurs error: Unimplemented function: _cellSpursLFQueueInitialize
HLE: E PPU[1] Thread (CPUThread)[0x01b1f034]cellSpurs error: Unimplemented function: cellSpursLFQueueAttachLv2EventQueue
HLE: E PPU[1] Thread (CPUThread)[0x01b1f148]cellSpurs error: cellSpursCreateTask(taskset_addr=0x300bdb80, taskID_addr=0xd00102a0, elf_addr_addr=0x175ad80, context_addr_addr=0x3006b500, context_size=3072, lsPattern_addr=0x1617730, argument_addr=0xd00102a8)
HLE: W PPU[1] Thread (CPUThread)[0x01b3d058]sys_lwmutex warning: *** lwmutex created [] (attribute=0x12): sq_id = 45
HLE: W PPU[1] Thread (CPUThread)[0x008c1c88]sys_event warning: sys_event_queue_create(equeue_id_addr=0x30012cc4, attr_addr=0xd00107d0, event_queue_key=0x0, size=1)
HLE: W PPU[1] Thread (CPUThread)[0x008c1c88]sys_event warning: *** event_queue created [] (protocol=0x2, type=0x1): id = 46
HLE: W PPU[1] Thread (CPUThread)[0x008c1cb0]sys_event warning: sys_event_port_create(eport_id_addr=0x30012cc8, port_type=0x1, name=0x0)
HLE: W PPU[1] Thread (CPUThread)[0x008c1cb0]sys_event warning: *** sys_event_port created: id = 47
HLE: W PPU[1] Thread (CPUThread)[0x008c1cd0]sys_event warning: sys_event_port_connect_local(eport_id=47, equeue_id=46)
PPU: ! PPU[1] Thread (CPUThread)[0x01b3d028]*** New PPU Thread [PoolThread] (flags=0x1, entry=0x19136e0): id = 48
RSX: W RSXThreadNV4097_GET_REPORT: Unimplemented type 1
HLE: W PPU[1] Thread (CPUThread)[0x01b3d058]sys_lwmutex warning: *** lwmutex created [] (attribute=0x12): sq_id = 49
HLE: W PPU[1] Thread (CPUThread)[0x01b3d058]sys_lwmutex warning: *** lwmutex created [] (attribute=0x12): sq_id = 50
HLE: W PPU[1] Thread (CPUThread)[0x01b3d058]sys_lwmutex warning: *** lwmutex created [] (attribute=0x12): sq_id = 51
HLE: W PPU[1] Thread (CPUThread)[0x01b3d058]sys_lwmutex warning: *** lwmutex created [] (attribute=0x12): sq_id = 52
HLE: W PPU[1] Thread (CPUThread)[0x01b3d058]sys_lwmutex warning: *** lwmutex created [] (attribute=0x12): sq_id = 53
HLE: W PPU[1] Thread (CPUThread)[0x01b3d058]sys_lwmutex warning: *** lwmutex created [ampleHwP] (attribute=0x12): sq_id = 54
HLE: W PPU[1] Thread (CPUThread)[0x01b3d058]sys_lwmutex warning: *** lwmutex created [tLightPo] (attribute=0x12): sq_id = 55
HLE: W PPU[1] Thread (CPUThread)[0x01b3d058]sys_lwmutex warning: *** lwmutex created [r5] (attribute=0x12): sq_id = 56
HLE: W PPU[1] Thread (CPUThread)[0x01b3d058]sys_lwmutex warning: *** lwmutex created [ABlendPi] (attribute=0x12): sq_id = 57
HLE: E PPU[1] Thread (CPUThread)[0x01b29070]TODO: sceNp2Init
HLE: W PPU[1] Thread (CPUThread)[0x01b3d058]sys_lwmutex warning: *** lwmutex created [] (attribute=0x12): sq_id = 58
HLE: W PPU[1] Thread (CPUThread)[0x008c1c88]sys_event warning: sys_event_queue_create(equeue_id_addr=0x30012cf4, attr_addr=0xd000f6f0, event_queue_key=0x0, size=1)
HLE: W PPU[1] Thread (CPUThread)[0x008c1c88]sys_event warning: *** event_queue created [] (protocol=0x2, type=0x1): id = 59
HLE: W PPU[1] Thread (CPUThread)[0x008c1cb0]sys_event warning: sys_event_port_create(eport_id_addr=0x30012cf8, port_type=0x1, name=0x0)
HLE: W PPU[1] Thread (CPUThread)[0x008c1cb0]sys_event warning: *** sys_event_port created: id = 60
HLE: W PPU[1] Thread (CPUThread)[0x008c1cd0]sys_event warning: sys_event_port_connect_local(eport_id=60, equeue_id=59)
HLE: W PPU[1] Thread (CPUThread)[0x008c13d4]sys_semaphore warning: sys_semaphore_create(sem_addr=0x30012d74, attr_addr=0xd000f600, initial_count=0, max_count=1)
HLE: ! PPU[1] Thread (CPUThread)[0x008c13d4]*** semaphore created [] (protocol=0x2): id = 61
PPU: ! PPU[1] Thread (CPUThread)[0x01b3d028]*** New PPU Thread [BlockListUpdate] (flags=0x1, entry=0x1913770): id = 62
HLE: W PPU[1] Thread (CPUThread)[0x008c14d8]sys_semaphore warning: sys_semaphore_destroy(sem_id=61)
HLE: E PPU[1] Thread (CPUThread)[0x01b27070]TODO: sceNpBasicRegisterContextSensitiveHandler
HLE: E PPU[1] Thread (CPUThread)[0x01b270c4]TODO: sceNpManagerGetContentRatingFlag
HLE: E PPU[1] Thread (CPUThread)[0x01b2704c]TODO: sceNpScoreInit
HLE: W PPU[1] Thread (CPUThread)[0x01b21010]cellSysmodule warning: cellSysmoduleLoadModule(CELL_SYSMODULE_IO)
HLE: W PPU[1] Thread (CPUThread)[0x01b21010]cellSysmodule warning: cellSysmoduleLoadModule(CELL_SYSMODULE_FS)
HLE: W PPU[1] Thread (CPUThread)[0x01b3d058]sys_lwmutex warning: *** lwmutex created [opWait] (attribute=0x12): sq_id = 63
HLE: W PPU[1] Thread (CPUThread)[0x01b3d13c]sys_lwcond warning: Recursive lwmutex(sq=63)
HLE: W PPU[1] Thread (CPUThread)[0x01b3d13c]sys_lwcond warning: *** lwcond created [opWait] (lwmutex_addr=0x30012d90): id = 64
HLE: W PPU[1] Thread (CPUThread)[0x01b3d058]sys_lwmutex warning: *** lwmutex created [s_media] (attribute=0x12): sq_id = 65
HLE: W PPU[1] Thread (CPUThread)[0x01b37034]cellGame warning: cellGameDataCheck(type=0x2, dirName_addr=0x1a11554, size_addr=0xd000f1a8)
HLE: W PPU[1] Thread (CPUThread)[0x01b3701c]cellGame warning: cellGameContentPermit(contentInfoPath_addr=0xd000fda0, usrdirPath_addr=0xd000fe20)
HLE: W PPU[1] Thread (CPUThread)[0x01b3d058]sys_lwmutex warning: *** lwmutex created [media.m] (attribute=0x12): sq_id = 66
HLE: W PPU[1] Thread (CPUThread)[0x01b3d058]sys_lwmutex warning: *** lwmutex created [ps3medi] (attribute=0x12): sq_id = 67
HLE: W PPU[1] Thread (CPUThread)[0x009bd590]sys_rwlock warning: sys_rwlock_create(rw_lock_id_addr=0x300bf90c, attr_addr=0xd000dd40)
HLE: W PPU[1] Thread (CPUThread)[0x009bd590]sys_rwlock warning: TODO: SYS_SYNC_PRIORITY attr
HLE: W PPU[1] Thread (CPUThread)[0x009bd590]sys_rwlock warning: *** rwlock created [] (protocol=0x2): id = 68
HLE: W PPU[1] Thread (CPUThread)[0x01b3d058]sys_lwmutex warning: *** lwmutex created [media.m] (attribute=0x12): sq_id = 69
HLE: W PPU[1] Thread (CPUThread)[0x01b3d13c]sys_lwcond warning: Recursive lwmutex(sq=69)
HLE: W PPU[1] Thread (CPUThread)[0x01b3d13c]sys_lwcond warning: *** lwcond created [media.m] (lwmutex_addr=0x300bf928): id = 70
HLE: W PPU[1] Thread (CPUThread)[0x009bd590]sys_rwlock warning: sys_rwlock_create(rw_lock_id_addr=0x30012e5c, attr_addr=0xd000dd40)
HLE: W PPU[1] Thread (CPUThread)[0x009bd590]sys_rwlock warning: TODO: SYS_SYNC_PRIORITY attr
HLE: W PPU[1] Thread (CPUThread)[0x009bd590]sys_rwlock warning: *** rwlock created [] (protocol=0x2): id = 71
HLE: E PPU[1] Thread (CPUThread)[0x01b1f028]cellSpurs error: Unimplemented function: _cellSpursTasksetAttributeInitialize
HLE: E PPU[1] Thread (CPUThread)[0x01b1f0a0]cellSpurs error: Unimplemented function: cellSpursTasksetAttributeSetName
HLE: E PPU[1] Thread (CPUThread)[0x01b1f154]cellSpurs error: Unimplemented function: cellSpursCreateTasksetWithAttribute
HLE: W PPU[1] Thread (CPUThread)[0x01b1f094]cellSpurs warning: _cellSpursEventFlagInitialize(spurs_addr=0x1a13e00, taskset_addr=0x0, eventFlag_addr=0x300d6c80, flagClearMode=0, flagDirection=1)
HLE: E PPU[1] Thread (CPUThread)[0x01b1f0d0]cellSpurs error: cellSpursEventFlagAttachLv2EventQueue(eventFlag_addr=0x300d6c80)
HLE: E PPU[1] Thread (CPUThread)[0x01b1f004]cellSpurs error: Unimplemented function: _cellSpursLFQueueInitialize
HLE: E PPU[1] Thread (CPUThread)[0x01b1f034]cellSpurs error: Unimplemented function: cellSpursLFQueueAttachLv2EventQueue
HLE: E PPU[1] Thread (CPUThread)[0x01b1f148]cellSpurs error: cellSpursCreateTask(taskset_addr=0x300d5380, taskID_addr=0xd000db00, elf_addr_addr=0x175ad80, context_addr_addr=0x300d4380, context_size=3072, lsPattern_addr=0x1617730, argument_addr=0xd000db08)
HLE: W PPU[1] Thread (CPUThread)[0x01b3d058]sys_lwmutex warning: *** lwmutex created [media.m] (attribute=0x12): sq_id = 72
HLE: W PPU[1] Thread (CPUThread)[0x009bd590]sys_rwlock warning: sys_rwlock_create(rw_lock_id_addr=0x300d72b4, attr_addr=0xd000dd10)
HLE: W PPU[1] Thread (CPUThread)[0x009bd590]sys_rwlock warning: TODO: SYS_SYNC_PRIORITY attr
HLE: W PPU[1] Thread (CPUThread)[0x009bd590]sys_rwlock warning: *** rwlock created [] (protocol=0x2): id = 73
HLE: W PPU[1] Thread (CPUThread)[0x01b3d058]sys_lwmutex warning: *** lwmutex created [dearchi] (attribute=0x12): sq_id = 74
HLE: W PPU[1] Thread (CPUThread)[0x01b3d058]sys_lwmutex warning: *** lwmutex created [dearchi] (attribute=0x12): sq_id = 75
HLE: W PPU[1] Thread (CPUThread)[0x01b3d058]sys_lwmutex warning: *** lwmutex created [dearchi] (attribute=0x12): sq_id = 76
HLE: W PPU[1] Thread (CPUThread)[0x01b3d13c]sys_lwcond warning: Recursive lwmutex(sq=76)
HLE: W PPU[1] Thread (CPUThread)[0x01b3d13c]sys_lwcond warning: *** lwcond created [dearchi] (lwmutex_addr=0x300d7390): id = 77
HLE: W PPU[1] Thread (CPUThread)[0x01b3d058]sys_lwmutex warning: *** lwmutex created [dearchi] (attribute=0x12): sq_id = 78
HLE: W PPU[1] Thread (CPUThread)[0x01b3d058]sys_lwmutex warning: *** lwmutex created [schedul] (attribute=0x12): sq_id = 79
HLE: W PPU[1] Thread (CPUThread)[0x01b3d058]sys_lwmutex warning: *** lwmutex created [schedul] (attribute=0x12): sq_id = 80
HLE: W PPU[1] Thread (CPUThread)[0x009bd590]sys_rwlock warning: sys_rwlock_create(rw_lock_id_addr=0x300bfcdc, attr_addr=0xd000dc30)
HLE: W PPU[1] Thread (CPUThread)[0x009bd590]sys_rwlock warning: TODO: SYS_SYNC_PRIORITY attr
HLE: W PPU[1] Thread (CPUThread)[0x009bd590]sys_rwlock warning: *** rwlock created [] (protocol=0x2): id = 81
HLE: W PPU[1] Thread (CPUThread)[0x01b3d058]sys_lwmutex warning: *** lwmutex created [schedul] (attribute=0x12): sq_id = 82
HLE: W PPU[1] Thread (CPUThread)[0x01b3d058]sys_lwmutex warning: *** lwmutex created [schedul] (attribute=0x12): sq_id = 83
HLE: W PPU[1] Thread (CPUThread)[0x01b3d13c]sys_lwcond warning: Recursive lwmutex(sq=83)
HLE: W PPU[1] Thread (CPUThread)[0x01b3d13c]sys_lwcond warning: *** lwcond created [schedul] (lwmutex_addr=0x300bfd60): id = 84
HLE: W PPU[1] Thread (CPUThread)[0x01b3d13c]sys_lwcond warning: Recursive lwmutex(sq=83)
HLE: W PPU[1] Thread (CPUThread)[0x01b3d13c]sys_lwcond warning: *** lwcond created [schedul] (lwmutex_addr=0x300bfd60): id = 85
HLE: W PPU[1] Thread (CPUThread)[0x01b3d058]sys_lwmutex warning: *** lwmutex created [schedul] (attribute=0x12): sq_id = 86
HLE: W PPU[1] Thread (CPUThread)[0x01b3d058]sys_lwmutex warning: *** lwmutex created [schedul] (attribute=0x12): sq_id = 87
HLE: W PPU[1] Thread (CPUThread)[0x01b3d13c]sys_lwcond warning: Recursive lwmutex(sq=87)
HLE: W PPU[1] Thread (CPUThread)[0x01b3d13c]sys_lwcond warning: *** lwcond created [fios wo] (lwmutex_addr=0x300bfe08): id = 88
HLE: W PPU[1] Thread (CPUThread)[0x01b3d13c]sys_lwcond warning: Recursive lwmutex(sq=87)
HLE: W PPU[1] Thread (CPUThread)[0x01b3d13c]sys_lwcond warning: *** lwcond created [fios wo] (lwmutex_addr=0x300bfe08): id = 89
HLE: W PPU[1] Thread (CPUThread)[0x01b3d13c]sys_lwcond warning: Recursive lwmutex(sq=87)
HLE: W PPU[1] Thread (CPUThread)[0x01b3d13c]sys_lwcond warning: *** lwcond created [fios wo] (lwmutex_addr=0x300bfe08): id = 90
PPU: ! PPU[1] Thread (CPUThread)[0x01b3d028]*** New PPU Thread [fios mediathread 2] (flags=0x1, entry=0x1917498): id = 91
PPU: ! PPU[1] Thread (CPUThread)[0x01b3d028]*** New PPU Thread [fios mediathread 3] (flags=0x1, entry=0x1917498): id = 92
PPU: ! PPU[1] Thread (CPUThread)[0x01b3d028]*** New PPU Thread [fios mediathread 4] (flags=0x1, entry=0x1917498): id = 93
PPU: ! PPU[1] Thread (CPUThread)[0x01b3d028]*** New PPU Thread [fios scheduler 1] (flags=0x1, entry=0x1917498): id = 94
HLE: W PPU[91] Thread (fios mediathread 2)[0x01b1b028]sys_fs warning: cellFsOpendir(path="/dev_hdd0/game/NPEB01028/USRDIR", fd_addr=0x300bf8f0)
HLE: E PPU[2] Thread (Callback)[0x01b3b0f4]cellGcmSys error: Unimplemented function: cellGcmSetFlipImmediate
HLE: W PPU[91] Thread (fios mediathread 2)[0x01b1b028]sys_fs warning: cellFsOpendir(path="/dev_hdd0/game/NPEB01028/USRDIR", fd_addr=0x300bf8f0)
HLE: W PPU[91] Thread (fios mediathread 2)[0x01b1b028]sys_fs warning: cellFsOpendir(path="/dev_hdd0/game/NPEB01028/USRDIR", fd_addr=0x300bf8f0)
HLE: W PPU[91] Thread (fios mediathread 2)[0x01b1b028]sys_fs warning: cellFsOpendir(path="/dev_hdd0/game/NPEB01028/USRDIR/DLC", fd_addr=0x300bf8f0)
HLE: W PPU[1] Thread (CPUThread)[0x01b1d064]cellSysutil warning: cellSysutilGetSystemParamInt: CELL_SYSUTIL_SYSTEMPARAM_ID_LANG
HLE: W PPU[1] Thread (CPUThread)[0x01b1d0a0]cellSysutil warning: cellMsgDialogOpen2(type=0x91, msgString_addr=0x3006c3c0, callback_addr=0x1912f68, userData=0xd000f980, extParam=0x0)
HLE: W MsgDialog threadIl semble que le jeu ait perdu puissance ou soit tomb√© en panne, en g√©n√©ral cela est d√ª au contenu cr√©√© par l'utilisateur. Voulez vous d√©sactiver le contenu cr√©√© par l'utilisateur? (Vous pourrez toujours l'effacer ou le r√©activer dans le menu "Mon contenu").
RSX: W VBlank threadVBlank thread aborted
HLE: W PPU[91] Thread (fios mediathread 2)[0x01b3d040]sys_lwcond_wait(id=88) aborted
RSX: W RSXThreadRSX thread aborted
HLE: W PPU[94] Thread (fios scheduler 1)[0x01b3d040]sys_lwcond_wait(id=84) aborted
HLE: W PPU[93] Thread (fios mediathread 4)[0x01b3d040]sys_lwcond_wait(id=90) aborted
HLE: W PPU[92] Thread (fios mediathread 3)[0x01b3d040]sys_lwcond_wait(id=89) aborted
HLE: W PPU[48] Thread (PoolThread)[0x008c1e00]sys_event_queue_receive(equeue=46) aborted
HLE: W PPU[62] Thread (BlockListUpdate)[0x008c1e00]sys_event_queue_receive(equeue=59) aborted
HLE: E 2 threads not stopped (timeout)
MEM: ! Closing memory...
