HLE: ! path: /dev_hdd0/game/
LDR: ! Loading RAP file EP1004-NPEB00833_00-PSNREDDEAD2V0004.rap
LDR: ! Loading 'D:\Emulateurs\Rpcs3\dev_hdd0\game\NPEB00833\USRDIR/BOOT.BIN'...
LDR: !  
LDR: ! Mount info:
LDR: ! /dev_hdd0/ -> D:\Emulateurs\Rpcs3/dev_hdd0/
LDR: ! /dev_hdd1/ -> D:\Emulateurs\Rpcs3/dev_hdd1/
LDR: ! /dev_flash/ -> D:\Emulateurs\Rpcs3/dev_flash/
LDR: ! /dev_usb000/ -> D:\Emulateurs\Rpcs3/dev_usb000/
LDR: ! /dev_usb/ -> D:\Emulateurs\Rpcs3/dev_usb000/
LDR: ! /app_home/ -> D:\Emulateurs\Rpcs3\dev_hdd0\game\NPEB00833\
LDR: ! /dev_bdvd/ -> D:\Emulateurs\Rpcs3\dev_hdd0\game\NPEB00833\/../
LDR: ! /host_root/ -> 
LDR: ! /app_home/PS3_GAME/USRDIR/ -> D:\Emulateurs\Rpcs3\dev_hdd0\game\NPEB00833\/USRDIR/
LDR: ! /dev_flash2/ -> D:\Emulateurs\Rpcs3/dev_flash2/
LDR: ! /app_home/Game/PS3_GAME/USRDIR/ -> D:\Emulateurs\Rpcs3\dev_hdd0\game\NPEB00833\/USRDIR/
LDR: ! //dev_hdd0/ -> D:\Emulateurs\Rpcs3/dev_hdd0/
LDR: ! / -> D:\Emulateurs\Rpcs3\dev_hdd0\game\NPEB00833\/USRDIR/
LDR: !  
MEM: ! Initing memory: m_base_addr = 0x8f6bb80000
MEM: ! Memory initialized.
LDR: W Unimplemented function 'sceNpDrmProcessExitSpawn2' in 'sceNp' module
LDR: W Unimplemented function 'getsockname' in 'sys_net' module
LDR: W Unimplemented function 'gethostbyname' in 'sys_net' module
LDR: W Unimplemented function 'inet_ntop' in 'sys_net' module
LDR: W Unknown module 'cellSysutilAvconfExt'
LDR: W Unimplemented function 'cellSaveDataListAutoLoad' in 'cellSysutil' module
LDR: W Unimplemented function 'cellSaveDataDelete2' in 'cellSysutil' module
LDR: W Unimplemented function 'cellFsWriteWithOffset' in 'sys_fs' module
LDR: W Unimplemented function 'cellFsFsync' in 'sys_fs' module
LDR: W Unimplemented function 'cellFsChmod' in 'sys_fs' module
LDR: W Unimplemented function 'cellFsUtime' in 'sys_fs' module
LDR: W Unimplemented function 'cellFsAllocateFileAreaWithoutZeroFill' in 'sys_fs' module
LDR: W Unimplemented function 'cellFiberPpuYield' in 'cellFiber' module
LDR: W Unimplemented function 'cellFiberPpuRunFibers' in 'cellFiber' module
LDR: W Unimplemented function 'cellFiberPpuCreateFiber' in 'cellFiber' module
LDR: W Unimplemented function '_cellFiberPpuSchedulerAttributeInitialize' in 'cellFiber' module
LDR: W Unimplemented function 'cellFiberPpuJoinFiber' in 'cellFiber' module
LDR: W Unimplemented function '_cellFiberPpuAttributeInitialize' in 'cellFiber' module
LDR: W Unimplemented function 'cellFiberPpuInitializeScheduler' in 'cellFiber' module
LDR: W Unimplemented function '_cellFiberPpuInitialize' in 'cellFiber' module
LDR: W Unknown module 'cellSaveData'
HLE: W {PPU[1] Thread (CPUThread)[0x000fd034]} sys_lwmutex warning: *** lwmutex created [_lc_mtx] (attribute=0x12): sq_id = 3
HLE: W {PPU[1] Thread (CPUThread)[0x000fd034]} sys_lwmutex warning: *** lwmutex created [_lc_mtx] (attribute=0x12): sq_id = 4
HLE: W {PPU[1] Thread (CPUThread)[0x000fd034]} sys_lwmutex warning: *** lwmutex created [_lc_mtx] (attribute=0x12): sq_id = 5
HLE: W {PPU[1] Thread (CPUThread)[0x000fd034]} sys_lwmutex warning: *** lwmutex created [_lc_mtx] (attribute=0x12): sq_id = 6
HLE: W {PPU[1] Thread (CPUThread)[0x000fd034]} sys_lwmutex warning: *** lwmutex created [_lc_mtx] (attribute=0x12): sq_id = 7
HLE: W {PPU[1] Thread (CPUThread)[0x000fd034]} sys_lwmutex warning: *** lwmutex created [_lc_mtx] (attribute=0x12): sq_id = 8
HLE: W {PPU[1] Thread (CPUThread)[0x000fd034]} sys_lwmutex warning: *** lwmutex created [_lc_mtx] (attribute=0x12): sq_id = 9
HLE: W {PPU[1] Thread (CPUThread)[0x000fd034]} sys_lwmutex warning: *** lwmutex created [_lc_mtx] (attribute=0x12): sq_id = 10
HLE: W {PPU[1] Thread (CPUThread)[0x000fd034]} sys_lwmutex warning: *** lwmutex created [_lc_mtx] (attribute=0x12): sq_id = 11
HLE: W {PPU[1] Thread (CPUThread)[0x000107c0]} memory warning: sys_memory_get_user_memory_size(mem_info_addr=0xd0010b48)
HLE: W {PPU[1] Thread (CPUThread)[0x000f501c]} cellSysmodule warning: cellSysmoduleIsLoaded(CELL_SYSMODULE_NET)
HLE: W {PPU[1] Thread (CPUThread)[0x000f5010]} cellSysmodule warning: cellSysmoduleLoadModule(CELL_SYSMODULE_NET)
HLE: W {PPU[1] Thread (CPUThread)[0x000f501c]} cellSysmodule warning: cellSysmoduleIsLoaded(CELL_SYSMODULE_FS)
HLE: W {PPU[1] Thread (CPUThread)[0x000f5010]} cellSysmodule warning: cellSysmoduleLoadModule(CELL_SYSMODULE_FS)
HLE: W {PPU[1] Thread (CPUThread)[0x000f501c]} cellSysmodule warning: cellSysmoduleIsLoaded(CELL_SYSMODULE_VOICE)
HLE: W {PPU[1] Thread (CPUThread)[0x000f5010]} cellSysmodule warning: cellSysmoduleLoadModule(CELL_SYSMODULE_VOICE)
HLE: W {PPU[1] Thread (CPUThread)[0x000f501c]} cellSysmodule warning: cellSysmoduleIsLoaded(CELL_SYSMODULE_RTC)
HLE: W {PPU[1] Thread (CPUThread)[0x000f5010]} cellSysmodule warning: cellSysmoduleLoadModule(CELL_SYSMODULE_RTC)
HLE: W {PPU[1] Thread (CPUThread)[0x000f501c]} cellSysmodule warning: cellSysmoduleIsLoaded(CELL_SYSMODULE_SYSUTIL_NP_TROPHY)
HLE: W {PPU[1] Thread (CPUThread)[0x000f5010]} cellSysmodule warning: cellSysmoduleLoadModule(CELL_SYSMODULE_SYSUTIL_NP_TROPHY)
HLE: W {PPU[1] Thread (CPUThread)[0x000f501c]} cellSysmodule warning: cellSysmoduleIsLoaded(CELL_SYSMODULE_SYSUTIL_NP2)
HLE: W {PPU[1] Thread (CPUThread)[0x000f5010]} cellSysmodule warning: cellSysmoduleLoadModule(CELL_SYSMODULE_SYSUTIL_NP2)
HLE: W {PPU[1] Thread (CPUThread)[0x000f501c]} cellSysmodule warning: cellSysmoduleIsLoaded(CELL_SYSMODULE_SYSUTIL_SAVEDATA)
HLE: W {PPU[1] Thread (CPUThread)[0x000f5010]} cellSysmodule warning: cellSysmoduleLoadModule(CELL_SYSMODULE_SYSUTIL_SAVEDATA)
HLE: W {PPU[1] Thread (CPUThread)[0x0001087c]} vm warning: sys_vm_memory_map(vsize=0x2000000,psize=0x200000,cidr=0xffffffff,flags=0x200,policy=0x1,addr=0x65880)
HLE: W {PPU[1] Thread (CPUThread)[0x0001088c]} vm warning: Unimplemented function: sys_vm_touch(addr=0x30010000,size=0x200000)
HLE: W {PPU[1] Thread (CPUThread)[0x000108a4]} memory warning: sys_memory_get_user_memory_size(mem_info_addr=0xd0010b48)
HLE: W {PPU[1] Thread (CPUThread)[0x000fb088]} cellSpurs warning: _cellSpursAttributeInitialize(attr_addr=0xaa480, nSpus=2, spuPriority=3145728, ppuPriority=5, exitIfNoWork=200)
HLE: W {PPU[1] Thread (CPUThread)[0x000fb0ac]} cellSpurs warning: cellSpursAttributeSetSpuThreadGroupType(attr_addr=0xaa480, type=24)
HLE: W {PPU[1] Thread (CPUThread)[0x000fb010]} cellSpurs warning: cellSpursAttributeSetNamePrefix(attr_addr=0xaa480, prefix_addr=0x29e10, size=0x7)
HLE: W {PPU[1] Thread (CPUThread)[0x000fb0b8]} cellSpurs warning: cellSpursInitializeWithAttribute(spurs_addr=0xa9480, spurs_addr=0xaa480)
HLE: W {PPU[1] Thread (CPUThread)[0x000fb088]} cellSpurs warning: _cellSpursAttributeInitialize(attr_addr=0xab680, nSpus=2, spuPriority=3145728, ppuPriority=1, exitIfNoWork=201)
HLE: W {PPU[1] Thread (CPUThread)[0x000fb010]} cellSpurs warning: cellSpursAttributeSetNamePrefix(attr_addr=0xab680, prefix_addr=0x29e18, size=0x9)
HLE: W {PPU[1] Thread (CPUThread)[0x000fb0b8]} cellSpurs warning: cellSpursInitializeWithAttribute(spurs_addr=0xaa680, spurs_addr=0xab680)
HLE: W {PPU[1] Thread (CPUThread)[0x000108cc]} memory warning: sys_memory_get_user_memory_size(mem_info_addr=0xd0010b48)
HLE: W {PPU[1] Thread (CPUThread)[0x000108e8]} memory warning: sys_memory_get_user_memory_size(mem_info_addr=0xd0010b48)
TTY: [STARTUP] 2048k consumed by modules, 0k consumed by SPURS, 0k consumed by exception handling.
TTY: [STARTUP] Restricting 258048k heap to 65536k+1024k+131072k=194560k.
HLE: W {PPU[1] Thread (CPUThread)[0x000109a8]} sys_mmapper warning: sys_mmapper_allocate_address(size=0x10000000, flags=0xf0, alignment=0x10000000, alloc_addr=0xd0010b44)
HLE: W {PPU[1] Thread (CPUThread)[0x000109c0]} sys_mmapper warning: sys_mmapper_allocate_address(size=0x10000000, flags=0xf0, alignment=0x10000000, alloc_addr=0xd0010b44)
HLE: W {PPU[1] Thread (CPUThread)[0x000109d8]} sys_mmapper warning: sys_mmapper_allocate_address(size=0x10000000, flags=0xf0, alignment=0x10000000, alloc_addr=0xd0010b44)
TTY: [STARTUP] Allocating 190M
TTY: [STARTUP] Heap allocated from [30300000,3c100000)
HLE: W {PPU[1] Thread (CPUThread)[0x00010a48]} memory warning: sys_memory_get_user_memory_size(mem_info_addr=0xd0010b48)
TTY: [STARTUP] Remaining user memory: 65472kb; USED=190M TSS=768kb EXTRA=192kb (RESIDUAL)
HLE: W {PPU[1] Thread (CPUThread)[0x000fd034]} sys_lwmutex warning: *** lwmutex created [critsec] (attribute=0x11): sq_id = 12
TTY: [FATAL] Critsec didn't init either control word
HLE: W {PPU[1] Thread (CPUThread)[0x000fd0ac]} sys_lwmutex warning: sys_lwmutex_destroy(lwmutex_addr=0xeb688)
HLE: W {PPU[1] Thread (CPUThread)[0x000fd0ac]} sys_lwmutex warning: sys_lwmutex_destroy(lwmutex_addr=0xeb6b0)
HLE: W {PPU[1] Thread (CPUThread)[0x000fd0ac]} sys_lwmutex warning: sys_lwmutex_destroy(lwmutex_addr=0xeb6d8)
HLE: W {PPU[1] Thread (CPUThread)[0x000fd0ac]} sys_lwmutex warning: sys_lwmutex_destroy(lwmutex_addr=0xeb5c0)
HLE: W {PPU[1] Thread (CPUThread)[0x000fd0ac]} sys_lwmutex warning: sys_lwmutex_destroy(lwmutex_addr=0xeb5e8)
HLE: W {PPU[1] Thread (CPUThread)[0x000fd0ac]} sys_lwmutex warning: sys_lwmutex_destroy(lwmutex_addr=0xeb610)
HLE: W {PPU[1] Thread (CPUThread)[0x000fd0ac]} sys_lwmutex warning: sys_lwmutex_destroy(lwmutex_addr=0xeb638)
HLE: W {PPU[1] Thread (CPUThread)[0x000fd0ac]} sys_lwmutex warning: sys_lwmutex_destroy(lwmutex_addr=0xeb660)
HLE: W {PPU[1] Thread (CPUThread)[0x000fd0ac]} sys_lwmutex warning: sys_lwmutex_destroy(lwmutex_addr=0xebef8)
HLE: W {PPU[1] Thread (CPUThread)[0x000fd0b8]} Process warning: sys_process_exit(1)
HLE: S {PPU[1] Thread (CPUThread)[0x000fd0b8]} Process finished
HLE: ! All threads stopped...
MEM: ! Closing memory...
