HLE: ! path: /dev_hdd0/game/
LDR: ! Loading 'D:\Emulateurs\Rpcs3\dev_hdd0\game\NPEB01424/USRDIR/BOOT.BIN'...
LDR: !  
LDR: ! Mount info:
LDR: ! /dev_hdd0/ -> D:\Emulateurs\Rpcs3/dev_hdd0/
LDR: ! /dev_hdd1/ -> D:\Emulateurs\Rpcs3/dev_hdd1/
LDR: ! /dev_flash/ -> D:\Emulateurs\Rpcs3/dev_flash/
LDR: ! /dev_usb000/ -> D:\Emulateurs\Rpcs3/dev_usb000/
LDR: ! /dev_usb/ -> D:\Emulateurs\Rpcs3/dev_usb000/
LDR: ! /app_home/ -> D:\Emulateurs\Rpcs3\dev_hdd0\game\NPEB01424/
LDR: ! /dev_bdvd/ -> D:\Emulateurs\Rpcs3\dev_hdd0\game\NPEB01424//../
LDR: ! /host_root/ -> 
LDR: ! / -> D:\Emulateurs\Rpcs3\dev_hdd0\game\NPEB01424//USRDIR/
LDR: ! /app_home/PS3_GAME/USRDIR/ -> D:\Emulateurs\Rpcs3\dev_hdd0\game\NPEB01424//USRDIR/
LDR: ! /dev_flash2/ -> D:\Emulateurs\Rpcs3/dev_flash2/
LDR: ! /app_home/Game/PS3_GAME/USRDIR/ -> D:\Emulateurs\Rpcs3\dev_hdd0\game\NPEB01424//USRDIR/
LDR: !  
MEM: ! Initing memory: m_base_addr = 0x1fea250000
MEM: ! Memory initialized.
LDR: W Unimplemented function 'cellOskDialogUnloadAsync' in 'cellSysutil' module
LDR: W Unimplemented function 'cellOskDialogLoadAsync' in 'cellSysutil' module
LDR: W Unimplemented function 'cellOskDialogSetKeyLayoutOption' in 'cellSysutil' module
LDR: W Unimplemented function 'cellOskDialogSetLayoutMode' in 'cellSysutil' module
LDR: W Unimplemented function 'UTF32stoUTF8s' in 'cellL10n' module
LDR: W Unimplemented function 'sceNpScoreGetRankingByNpId' in 'sceNp' module
LDR: W Unimplemented function 'sceNpScoreRecordScore' in 'sceNp' module
LDR: W Unimplemented function 'sceNpScoreDestroyTitleCtx' in 'sceNp' module
LDR: W Unimplemented function 'sceNpScoreInit' in 'sceNp' module
LDR: W Unimplemented function 'sceNpManagerUnregisterCallback' in 'sceNp' module
LDR: W Unimplemented function 'sceNpManagerGetContentRatingFlag' in 'sceNp' module
LDR: W Unimplemented function 'sceNpScoreCreateTransactionCtx' in 'sceNp' module
LDR: W Unimplemented function 'sceNpScoreTerm' in 'sceNp' module
LDR: W Unimplemented function 'sceNpScoreCreateTitleCtx' in 'sceNp' module
LDR: W Unimplemented function 'sceNpScoreDestroyTransactionCtx' in 'sceNp' module
LDR: W Unimplemented function 'sceNpManagerRegisterCallback' in 'sceNp' module
LDR: W Unimplemented function 'sceNpScoreAbortTransaction' in 'sceNp' module
LDR: W Unimplemented function 'sceNpScoreGetRankingByRange' in 'sceNp' module
LDR: W Unimplemented function 'sceNpManagerGetNpId' in 'sceNp' module
LDR: W Unimplemented function 'sceNp2Init' in 'sceNp2' module
LDR: W Unimplemented function 'sceNp2Term' in 'sceNp2' module
LDR: W Unknown module 'sceNpTus'
HLE: W {PPU[1] Thread (CPUThread)[0x002fe034]} sys_lwmutex warning: *** lwmutex created [_lc_mtx] (attribute=0x12): sq_id = 3
HLE: W {PPU[1] Thread (CPUThread)[0x00139c68]} memory warning: sys_memory_get_user_memory_size(mem_info_addr=0xd0010c04)
HLE: W {PPU[1] Thread (CPUThread)[0x002fe034]} sys_lwmutex warning: *** lwmutex created [_lc_mtx] (attribute=0x12): sq_id = 4
HLE: W {PPU[1] Thread (CPUThread)[0x002fe034]} sys_lwmutex warning: *** lwmutex created [_lc_mtx] (attribute=0x12): sq_id = 5
HLE: W {PPU[1] Thread (CPUThread)[0x002fe034]} sys_lwmutex warning: *** lwmutex created [_lc_mtx] (attribute=0x12): sq_id = 6
HLE: W {PPU[1] Thread (CPUThread)[0x002fe034]} sys_lwmutex warning: *** lwmutex created [_lc_mtx] (attribute=0x12): sq_id = 7
HLE: W {PPU[1] Thread (CPUThread)[0x002fe034]} sys_lwmutex warning: *** lwmutex created [_lc_mtx] (attribute=0x12): sq_id = 8
HLE: W {PPU[1] Thread (CPUThread)[0x002fe034]} sys_lwmutex warning: *** lwmutex created [_lc_mtx] (attribute=0x12): sq_id = 9
HLE: W {PPU[1] Thread (CPUThread)[0x002fe034]} sys_lwmutex warning: *** lwmutex created [_lc_mtx] (attribute=0x12): sq_id = 10
HLE: W {PPU[1] Thread (CPUThread)[0x002fe034]} sys_lwmutex warning: *** lwmutex created [_lc_mtx] (attribute=0x12): sq_id = 11
HLE: W {PPU[1] Thread (CPUThread)[0x002fe034]} sys_lwmutex warning: *** lwmutex created [_lc_mtx] (attribute=0x12): sq_id = 12
HLE: W {PPU[1] Thread (CPUThread)[0x001760d4]} memory warning: sys_memory_get_user_memory_size(mem_info_addr=0xd00107d0)
HLE: W {PPU[1] Thread (CPUThread)[0x0011e3ec]} sys_mutex warning: *** mutex created [] (protocol=0x1, recursive=false): id = 13
HLE: W {PPU[1] Thread (CPUThread)[0x002fe034]} sys_lwmutex warning: *** lwmutex created [_lc_mtx] (attribute=0x12): sq_id = 14
HLE: W {PPU[1] Thread (CPUThread)[0x002fe034]} sys_lwmutex warning: *** lwmutex created [_lc_mtx] (attribute=0x12): sq_id = 15
HLE: W {PPU[1] Thread (CPUThread)[0x002fe034]} sys_lwmutex warning: *** lwmutex created [_lc_mtx] (attribute=0x12): sq_id = 16
HLE: W {PPU[1] Thread (CPUThread)[0x002fe034]} sys_lwmutex warning: *** lwmutex created [_lc_mtx] (attribute=0x12): sq_id = 17
HLE: W {PPU[1] Thread (CPUThread)[0x002fe034]} sys_lwmutex warning: *** lwmutex created [_lc_mtx] (attribute=0x12): sq_id = 18
HLE: W {PPU[1] Thread (CPUThread)[0x002fe034]} sys_lwmutex warning: *** lwmutex created [_lc_mtx] (attribute=0x12): sq_id = 19
HLE: W {PPU[1] Thread (CPUThread)[0x002fe034]} sys_lwmutex warning: *** lwmutex created [_lc_mtx] (attribute=0x12): sq_id = 20
HLE: W {PPU[1] Thread (CPUThread)[0x002fe034]} sys_lwmutex warning: *** lwmutex created [_lc_mtx] (attribute=0x12): sq_id = 21
HLE: W {PPU[1] Thread (CPUThread)[0x002fe034]} sys_lwmutex warning: *** lwmutex created [_lc_mtx] (attribute=0x12): sq_id = 22
HLE: W {PPU[1] Thread (CPUThread)[0x002fe034]} sys_lwmutex warning: *** lwmutex created [_lc_mtx] (attribute=0x12): sq_id = 23
HLE: W {PPU[1] Thread (CPUThread)[0x002fe034]} sys_lwmutex warning: *** lwmutex created [_lc_mtx] (attribute=0x12): sq_id = 24
HLE: W {PPU[1] Thread (CPUThread)[0x002fe034]} sys_lwmutex warning: *** lwmutex created [_lc_mtx] (attribute=0x12): sq_id = 25
HLE: W {PPU[1] Thread (CPUThread)[0x002fe034]} sys_lwmutex warning: *** lwmutex created [] (attribute=0x22): sq_id = 26
HLE: W {PPU[1] Thread (CPUThread)[0x002fe034]} sys_lwmutex warning: *** lwmutex created [] (attribute=0x22): sq_id = 27
HLE: W {PPU[1] Thread (CPUThread)[0x002fe034]} sys_lwmutex warning: *** lwmutex created [] (attribute=0x22): sq_id = 28
HLE: W {PPU[1] Thread (CPUThread)[0x0021a07c]} cellSysutil warning: cellSysutilRegisterCallback(slot=0, func_addr=0x223628, userdata=0x0)
HLE: W {PPU[1] Thread (CPUThread)[0x0021e010]} cellSysmodule warning: cellSysmoduleLoadModule(CELL_SYSMODULE_FS)
HLE: W {PPU[1] Thread (CPUThread)[0x0021e010]} cellSysmodule warning: cellSysmoduleLoadModule(CELL_SYSMODULE_SYSUTIL_GAME)
HLE: W {PPU[1] Thread (CPUThread)[0x00218028]} cellGame warning: cellGameBootCheck(type_addr=0x271770, attributes_addr=0x271774, size_addr=0xd0010c54, dirName_addr=0x270b70)
HLE: W {PPU[1] Thread (CPUThread)[0x0021801c]} cellGame warning: cellGameDataCheck(type=0x2, dirName_addr=0x270b70, size_addr=0xd0010c54)
HLE: W {PPU[1] Thread (CPUThread)[0x00218004]} cellGame warning: cellGameContentPermit(contentInfoPath_addr=0x270f70, usrdirPath_addr=0x271370)
HLE: W {PPU[1] Thread (CPUThread)[0x00216040]} cellGcmSys warning: cellGcmInit(context_addr=0x2b0818,cmdSize=0x80000,ioSize=0x100000,ioAddress=0x30200000)
HLE: W {PPU[1] Thread (CPUThread)[0x00216040]} cellGcmSys warning: *** local memory(addr=0xc0000000, size=0xf900000)
HLE: W {PPU[1] Thread (CPUThread)[0x00216040]} cellGcmSys warning: cellGcmInit(): 256MB io address space used
HLE: W {PPU[1] Thread (CPUThread)[0x00216040]} cellGcmSys warning: cellGcmMapEaIoAddress(ea=0x30200000, io=0x0, size=0x100000)
RSX: ! {RSXThread} RSX thread started
HLE: W {PPU[1] Thread (CPUThread)[0x0021e010]} cellSysmodule warning: cellSysmoduleLoadModule(CELL_SYSMODULE_RESC)
HLE: W {PPU[1] Thread (CPUThread)[0x00300064]} cellResc warning: cellRescInit(initConfig_addr=0xd0010b04)
HLE: W {PPU[1] Thread (CPUThread)[0x00300064]} cellGcmSys warning: cellGcmGetTiledPitchSize(size=2880)
HLE: W {PPU[1] Thread (CPUThread)[0x00300064]} cellGcmSys warning: cellGcmGetTiledPitchSize(size=2880)
HLE: W {PPU[1] Thread (CPUThread)[0x00300064]} cellGcmSys warning: cellGcmGetTiledPitchSize(size=5120)
HLE: W {PPU[1] Thread (CPUThread)[0x00300064]} cellGcmSys warning: cellGcmGetTiledPitchSize(size=7680)
HLE: W {PPU[1] Thread (CPUThread)[0x00300034]} cellResc warning: cellRescSetDisplayMode(displayMode=4)
HLE: W {PPU[1] Thread (CPUThread)[0x00300034]} cellSysutil warning: cellVideoOutConfigure(videoOut=0, config_addr=0x30016000, option_addr=0x0, waitForEvent=0x0)
HLE: W {PPU[1] Thread (CPUThread)[0x00300034]} cellGcmSys warning: cellGcmSetFlipMode(mode=2)
HLE: W {PPU[1] Thread (CPUThread)[0x00300070]} cellResc warning: cellRescGetBufferSize(colorBuffers_addr=0xd0010b64, vertexArray_addr=0xd0010b68, fragmentShader_addr=0xd0010b6c)
HLE: W {PPU[1] Thread (CPUThread)[0x00300088]} cellResc warning: cellRescSetBufferAddress(colorBuffers_addr=0xc0720000, vertexArray_addr=0xc1830000, fragmentShader_addr=0xc0384280)
HLE: W {PPU[1] Thread (CPUThread)[0x00216028]} cellGcmSys warning: cellGcmSetTileInfo(index=14, location=0, offset=7471104, size=17891328, pitch=5120, comp=7, base=114, bank=0)
HLE: E {PPU[1] Thread (CPUThread)[0x00216028]} cellGcmSys error: cellGcmSetTileInfo: bad compression mode! (7)
HLE: W {PPU[1] Thread (CPUThread)[0x0021601c]} cellGcmSys warning: cellGcmBindTile(index=14)
HLE: W {PPU[1] Thread (CPUThread)[0x00300058]} cellResc warning: cellRescSetFlipHandler(handler_addr=0x2235a0)
HLE: W {PPU[1] Thread (CPUThread)[0x00176288]} sys_spu warning: sys_spu_initialize(max_usable_spu=6, max_raw_spu=0)
HLE: W {PPU[1] Thread (CPUThread)[0x0021e010]} cellSysmodule warning: cellSysmoduleLoadModule(CELL_SYSMODULE_RTC)
HLE: W {PPU[1] Thread (CPUThread)[0x0011e3ec]} sys_mutex warning: *** mutex created [] (protocol=0x1, recursive=false): id = 29
HLE: W {PPU[1] Thread (CPUThread)[0x0021e010]} cellSysmodule warning: cellSysmoduleLoadModule(CELL_SYSMODULE_SYSUTIL_NP)
HLE: W {PPU[1] Thread (CPUThread)[0x0021e010]} cellSysmodule warning: cellSysmoduleLoadModule(CELL_SYSMODULE_SYSUTIL_NP2)
HLE: W {PPU[1] Thread (CPUThread)[0x0021e010]} cellSysmodule warning: cellSysmoduleLoadModule(CELL_SYSMODULE_NETCTL)
HLE: E {PPU[1] Thread (CPUThread)[0x0021c028]} cellNetCtl error: Unimplemented function: cellNetCtlInit
HLE: W {PPU[1] Thread (CPUThread)[0x0021e010]} cellSysmodule warning: cellSysmoduleLoadModule(CELL_SYSMODULE_L10N)
HLE: E {PPU[1] Thread (CPUThread)[0x00304004]} TODO: sceNp2Init
HLE: E {PPU[1] Thread (CPUThread)[0x00302088]} TODO: sceNpManagerRegisterCallback
HLE: W {PPU[1] Thread (CPUThread)[0x0021e010]} cellSysmodule warning: cellSysmoduleLoadModule(CELL_SYSMODULE_SYSUTIL_NP_TROPHY)
HLE: W {PPU[1] Thread (CPUThread)[0x0030807c]} sceNpTrophy warning: sceNpTrophyCreateContext(context_addr=0x291a34, commID_addr=0x1d2bb8, commSign_addr=0x1d2c44, options=0x0)
HLE: W {PPU[1] Thread (CPUThread)[0x00308010]} sceNpTrophy warning: sceNpTrophyCreateHandle(handle_addr=0xd0010b28)
HLE: W {PPU[1] Thread (CPUThread)[0x002fe034]} sys_lwmutex warning: *** lwmutex created [] (attribute=0x22): sq_id = 30
PPU: ! {PPU[1] Thread (CPUThread)[0x002fe01c]} *** New PPU Thread [3e200030] (flags=0x1, entry=0x223ee8): id = 31
HLE: W {PPU[31] Thread (3e200030)[0x0030801c]} sceNpTrophy warning: sceNpTrophyGetRequiredDiskSpace(context=0, handle=0, reqspace_addr=0x291a38, options=0x0)
HLE: W {PPU[31] Thread (3e200030)[0x00308004]} sceNpTrophy warning: sceNpTrophyRegisterContext(context=0, handle=0, statusCb_addr=0x2235f0, arg_addr=0x0, options=0x1)
HLE: W {PPU[31] Thread (3e200030)[0x00308004]} vfsLocalFile::Create('D:\Emulateurs\Rpcs3\dev_hdd0\home\00000001\trophy\NPWR04948_00\TROPCONF.SFM')
HLE: W {PPU[31] Thread (3e200030)[0x00308004]} vfsLocalFile::Create('D:\Emulateurs\Rpcs3\dev_hdd0\home\00000001\trophy\NPWR04948_00\ICON0.PNG')
HLE: W {PPU[31] Thread (3e200030)[0x00308004]} vfsLocalFile::Create('D:\Emulateurs\Rpcs3\dev_hdd0\home\00000001\trophy\NPWR04948_00\ICON0_02.PNG')
HLE: W {PPU[31] Thread (3e200030)[0x00308004]} vfsLocalFile::Create('D:\Emulateurs\Rpcs3\dev_hdd0\home\00000001\trophy\NPWR04948_00\ICON0_04.PNG')
HLE: W {PPU[31] Thread (3e200030)[0x00308004]} vfsLocalFile::Create('D:\Emulateurs\Rpcs3\dev_hdd0\home\00000001\trophy\NPWR04948_00\TROP000.PNG')
HLE: W {PPU[31] Thread (3e200030)[0x00308004]} vfsLocalFile::Create('D:\Emulateurs\Rpcs3\dev_hdd0\home\00000001\trophy\NPWR04948_00\TROP001.PNG')
HLE: W {PPU[31] Thread (3e200030)[0x00308004]} vfsLocalFile::Create('D:\Emulateurs\Rpcs3\dev_hdd0\home\00000001\trophy\NPWR04948_00\TROP002.PNG')
HLE: W {PPU[31] Thread (3e200030)[0x00308004]} vfsLocalFile::Create('D:\Emulateurs\Rpcs3\dev_hdd0\home\00000001\trophy\NPWR04948_00\TROP003.PNG')
HLE: W {PPU[31] Thread (3e200030)[0x00308004]} vfsLocalFile::Create('D:\Emulateurs\Rpcs3\dev_hdd0\home\00000001\trophy\NPWR04948_00\TROP004.PNG')
HLE: W {PPU[31] Thread (3e200030)[0x00308004]} vfsLocalFile::Create('D:\Emulateurs\Rpcs3\dev_hdd0\home\00000001\trophy\NPWR04948_00\TROP005.PNG')
HLE: W {PPU[31] Thread (3e200030)[0x00308004]} vfsLocalFile::Create('D:\Emulateurs\Rpcs3\dev_hdd0\home\00000001\trophy\NPWR04948_00\TROP006.PNG')
HLE: W {PPU[31] Thread (3e200030)[0x00308004]} vfsLocalFile::Create('D:\Emulateurs\Rpcs3\dev_hdd0\home\00000001\trophy\NPWR04948_00\TROP007.PNG')
HLE: W {PPU[31] Thread (3e200030)[0x00308004]} vfsLocalFile::Create('D:\Emulateurs\Rpcs3\dev_hdd0\home\00000001\trophy\NPWR04948_00\TROP008.PNG')
HLE: W {PPU[31] Thread (3e200030)[0x00308004]} vfsLocalFile::Create('D:\Emulateurs\Rpcs3\dev_hdd0\home\00000001\trophy\NPWR04948_00\TROP009.PNG')
HLE: W {PPU[31] Thread (3e200030)[0x00308004]} vfsLocalFile::Create('D:\Emulateurs\Rpcs3\dev_hdd0\home\00000001\trophy\NPWR04948_00\TROP010.PNG')
HLE: W {PPU[31] Thread (3e200030)[0x00308004]} vfsLocalFile::Create('D:\Emulateurs\Rpcs3\dev_hdd0\home\00000001\trophy\NPWR04948_00\TROP011.PNG')
HLE: W {PPU[31] Thread (3e200030)[0x00308004]} vfsLocalFile::Create('D:\Emulateurs\Rpcs3\dev_hdd0\home\00000001\trophy\NPWR04948_00\TROP012.PNG')
HLE: W {PPU[31] Thread (3e200030)[0x00308004]} vfsLocalFile::Create('D:\Emulateurs\Rpcs3\dev_hdd0\home\00000001\trophy\NPWR04948_00\TROP013.PNG')
HLE: W {PPU[31] Thread (3e200030)[0x00308004]} vfsLocalFile::Create('D:\Emulateurs\Rpcs3\dev_hdd0\home\00000001\trophy\NPWR04948_00\TROP014.PNG')
HLE: W {PPU[31] Thread (3e200030)[0x00308004]} vfsLocalFile::Create('D:\Emulateurs\Rpcs3\dev_hdd0\home\00000001\trophy\NPWR04948_00\TROP015.PNG')
HLE: W {PPU[31] Thread (3e200030)[0x00308004]} vfsLocalFile::Create('D:\Emulateurs\Rpcs3\dev_hdd0\home\00000001\trophy\NPWR04948_00\TROP016.PNG')
HLE: W {PPU[31] Thread (3e200030)[0x00308004]} vfsLocalFile::Create('D:\Emulateurs\Rpcs3\dev_hdd0\home\00000001\trophy\NPWR04948_00\TROP017.PNG')
HLE: W {PPU[31] Thread (3e200030)[0x00308004]} vfsLocalFile::Create('D:\Emulateurs\Rpcs3\dev_hdd0\home\00000001\trophy\NPWR04948_00\TROP018.PNG')
HLE: W {PPU[31] Thread (3e200030)[0x00308004]} vfsLocalFile::Create('D:\Emulateurs\Rpcs3\dev_hdd0\home\00000001\trophy\NPWR04948_00\TROP019.PNG')
HLE: W {PPU[31] Thread (3e200030)[0x00308004]} vfsLocalFile::Create('D:\Emulateurs\Rpcs3\dev_hdd0\home\00000001\trophy\NPWR04948_00\TROP020.PNG')
HLE: W {PPU[31] Thread (3e200030)[0x00308004]} vfsLocalFile::Create('D:\Emulateurs\Rpcs3\dev_hdd0\home\00000001\trophy\NPWR04948_00\TROP021.PNG')
HLE: W {PPU[31] Thread (3e200030)[0x00308004]} vfsLocalFile::Create('D:\Emulateurs\Rpcs3\dev_hdd0\home\00000001\trophy\NPWR04948_00\TROP022.PNG')
HLE: W {PPU[31] Thread (3e200030)[0x00308004]} vfsLocalFile::Create('D:\Emulateurs\Rpcs3\dev_hdd0\home\00000001\trophy\NPWR04948_00\TROP023.PNG')
HLE: W {PPU[31] Thread (3e200030)[0x00308004]} vfsLocalFile::Create('D:\Emulateurs\Rpcs3\dev_hdd0\home\00000001\trophy\NPWR04948_00\TROP024.PNG')
HLE: W {PPU[31] Thread (3e200030)[0x00308004]} vfsLocalFile::Create('D:\Emulateurs\Rpcs3\dev_hdd0\home\00000001\trophy\NPWR04948_00\TROP025.PNG')
HLE: W {PPU[31] Thread (3e200030)[0x00308004]} vfsLocalFile::Create('D:\Emulateurs\Rpcs3\dev_hdd0\home\00000001\trophy\NPWR04948_00\TROP026.PNG')
HLE: W {PPU[31] Thread (3e200030)[0x00308004]} vfsLocalFile::Create('D:\Emulateurs\Rpcs3\dev_hdd0\home\00000001\trophy\NPWR04948_00\TROP027.PNG')
HLE: W {PPU[31] Thread (3e200030)[0x00308004]} vfsLocalFile::Create('D:\Emulateurs\Rpcs3\dev_hdd0\home\00000001\trophy\NPWR04948_00\TROP028.PNG')
HLE: W {PPU[31] Thread (3e200030)[0x00308004]} vfsLocalFile::Create('D:\Emulateurs\Rpcs3\dev_hdd0\home\00000001\trophy\NPWR04948_00\TROP029.PNG')
HLE: W {PPU[31] Thread (3e200030)[0x00308004]} vfsLocalFile::Create('D:\Emulateurs\Rpcs3\dev_hdd0\home\00000001\trophy\NPWR04948_00\TROP030.PNG')
HLE: W {PPU[31] Thread (3e200030)[0x00308004]} vfsLocalFile::Create('D:\Emulateurs\Rpcs3\dev_hdd0\home\00000001\trophy\NPWR04948_00\TROP031.PNG')
HLE: W {PPU[31] Thread (3e200030)[0x00308004]} vfsLocalFile::Create('D:\Emulateurs\Rpcs3\dev_hdd0\home\00000001\trophy\NPWR04948_00\TROP032.PNG')
HLE: W {PPU[31] Thread (3e200030)[0x00308004]} vfsLocalFile::Create('D:\Emulateurs\Rpcs3\dev_hdd0\home\00000001\trophy\NPWR04948_00\TROP033.PNG')
HLE: W {PPU[31] Thread (3e200030)[0x00308004]} vfsLocalFile::Create('D:\Emulateurs\Rpcs3\dev_hdd0\home\00000001\trophy\NPWR04948_00\TROP034.PNG')
HLE: W {PPU[31] Thread (3e200030)[0x00308004]} vfsLocalFile::Create('D:\Emulateurs\Rpcs3\dev_hdd0\home\00000001\trophy\NPWR04948_00\TROP035.PNG')
HLE: W {PPU[31] Thread (3e200030)[0x00308004]} vfsLocalFile::Create('D:\Emulateurs\Rpcs3\dev_hdd0\home\00000001\trophy\NPWR04948_00\TROP036.PNG')
HLE: W {PPU[31] Thread (3e200030)[0x00308004]} vfsLocalFile::Create('D:\Emulateurs\Rpcs3\dev_hdd0\home\00000001\trophy\NPWR04948_00\TROPUSR.DAT')
HLE: W {PPU[1] Thread (CPUThread)[0x0011efa8]} sysPrxForUser warning: sys_ppu_thread_join(thread_id=31, vptr_addr=0xd00107f0)
