HLE: ! path: /dev_hdd0/game/
LDR: ! Loading 'D:\Emulateurs\Rpcs3\dev_hdd0\game\NPEB00160/USRDIR/BOOT.BIN'...
LDR: !  
LDR: ! Mount info:
LDR: ! /dev_hdd0/ -> D:\Emulateurs\Rpcs3/dev_hdd0/
LDR: ! /dev_hdd1/ -> D:\Emulateurs\Rpcs3/dev_hdd1/
LDR: ! /dev_flash/ -> D:\Emulateurs\Rpcs3/dev_flash/
LDR: ! /dev_usb000/ -> D:\Emulateurs\Rpcs3/dev_usb000/
LDR: ! /dev_usb/ -> D:\Emulateurs\Rpcs3/dev_usb000/
LDR: ! /app_home/ -> D:\Emulateurs\Rpcs3\dev_hdd0\game\NPEB00160/
LDR: ! /dev_bdvd/ -> D:\Emulateurs\Rpcs3\dev_hdd0\game\NPEB00160//../
LDR: ! /host_root/ -> 
LDR: ! / -> D:\Emulateurs\Rpcs3\dev_hdd0\game\NPEB00160//USRDIR/
LDR: ! /app_home/PS3_GAME/USRDIR/ -> D:\Emulateurs\Rpcs3\dev_hdd0\game\NPEB00160//USRDIR/
LDR: ! /dev_flash2/ -> D:\Emulateurs\Rpcs3/dev_flash2/
LDR: !  
MEM: ! Initing memory...
MEM: ! Memory initialized.
LDR: W Unknown module 'cellSysutilAvconfExt'
LDR: W Unimplemented function 'sceNpBasicSendMessageGui' in 'sceNp' module
LDR: W Unimplemented function 'sceNpScoreGetRankingByNpId' in 'sceNp' module
LDR: W Unimplemented function 'sceNpScoreRecordScore' in 'sceNp' module
LDR: W Unimplemented function 'sceNpScoreWaitAsync' in 'sceNp' module
LDR: W Unimplemented function 'sceNpScoreGetRankingByRangeAsync' in 'sceNp' module
LDR: W Unimplemented function 'sceNpScoreDestroyTitleCtx' in 'sceNp' module
LDR: W Unimplemented function 'sceNpScoreInit' in 'sceNp' module
LDR: W Unimplemented function 'sceNpBasicRegisterContextSensitiveHandler' in 'sceNp' module
LDR: W Unimplemented function 'sceNpBasicRecvMessageAttachmentLoad' in 'sceNp' module
LDR: W Unimplemented function 'sceNpManagerGetContentRatingFlag' in 'sceNp' module
LDR: W Unimplemented function 'sceNpScoreCreateTransactionCtx' in 'sceNp' module
LDR: W Unimplemented function 'sceNpBasicGetBlockListEntryCount' in 'sceNp' module
LDR: W Unimplemented function 'sceNpBasicRecvMessageCustom' in 'sceNp' module
LDR: W Unimplemented function 'sceNpScoreTerm' in 'sceNp' module
LDR: W Unimplemented function 'sceNpScoreCreateTitleCtx' in 'sceNp' module
LDR: W Unimplemented function 'sceNpBasicAddPlayersHistoryAsync' in 'sceNp' module
LDR: W Unimplemented function 'sceNpScoreDestroyTransactionCtx' in 'sceNp' module
LDR: W Unimplemented function 'sceNpProfileCallGui' in 'sceNp' module
LDR: W Unimplemented function 'sceNpUtilCmpNpId' in 'sceNp' module
LDR: W Unimplemented function 'sceNpBasicGetEvent' in 'sceNp' module
LDR: W Unimplemented function 'sceNpManagerRegisterCallback' in 'sceNp' module
LDR: W Unimplemented function 'sceNpManagerGetChatRestrictionFlag' in 'sceNp' module
LDR: W Unimplemented function 'sceNpScoreAbortTransaction' in 'sceNp' module
LDR: W Unimplemented function 'sceNpBasicGetBlockListEntry' in 'sceNp' module
LDR: W Unimplemented function 'sceNpManagerGetNpId' in 'sceNp' module
LDR: W Unimplemented function 'sceNpMatching2DestroyContext' in 'sceNp2' module
LDR: W Unimplemented function 'sceNpMatching2GetWorldInfoList' in 'sceNp2' module
LDR: W Unimplemented function 'sceNpMatching2SearchRoom' in 'sceNp2' module
LDR: W Unimplemented function 'sceNpMatching2SignalingGetConnectionStatus' in 'sceNp2' module
LDR: W Unimplemented function 'sceNpMatching2LeaveRoom' in 'sceNp2' module
LDR: W Unimplemented function 'sceNpMatching2SetRoomDataExternal' in 'sceNp2' module
LDR: W Unimplemented function 'sceNpMatching2Term2' in 'sceNp2' module
LDR: W Unimplemented function 'sceNpMatching2SignalingGetConnectionInfo' in 'sceNp2' module
LDR: W Unimplemented function 'sceNpMatching2AbortRequest' in 'sceNp2' module
LDR: W Unimplemented function 'sceNpMatching2GetServerInfo' in 'sceNp2' module
LDR: W Unimplemented function 'sceNpMatching2GetEventData' in 'sceNp2' module
LDR: W Unimplemented function 'sceNp2Init' in 'sceNp2' module
LDR: W Unimplemented function 'sceNpMatching2AbortContextStart' in 'sceNp2' module
LDR: W Unimplemented function 'sceNpMatching2GetRoomMemberIdListLocal' in 'sceNp2' module
LDR: W Unimplemented function 'sceNpMatching2JoinRoom' in 'sceNp2' module
LDR: W Unimplemented function 'sceNpMatching2GetRoomMemberDataInternalLocal' in 'sceNp2' module
LDR: W Unimplemented function 'sceNpMatching2KickoutRoomMember' in 'sceNp2' module
LDR: W Unimplemented function 'sceNpMatching2ContextStartAsync' in 'sceNp2' module
LDR: W Unimplemented function 'sceNpMatching2SetSignalingOptParam' in 'sceNp2' module
LDR: W Unimplemented function 'sceNpMatching2RegisterContextCallback' in 'sceNp2' module
LDR: W Unimplemented function 'sceNpMatching2SendRoomChatMessage' in 'sceNp2' module
LDR: W Unimplemented function 'sceNpMatching2SetRoomDataInternal' in 'sceNp2' module
LDR: W Unimplemented function 'sceNpMatching2SignalingGetPingInfo' in 'sceNp2' module
LDR: W Unimplemented function 'sceNpMatching2GetServerIdListLocal' in 'sceNp2' module
LDR: W Unimplemented function 'sceNpMatching2CreateContext' in 'sceNp2' module
LDR: W Unimplemented function 'sceNpMatching2RegisterSignalingCallback' in 'sceNp2' module
LDR: W Unimplemented function 'sceNpMatching2ClearEventData' in 'sceNp2' module
LDR: W Unimplemented function 'sceNp2Term' in 'sceNp2' module
LDR: W Unimplemented function 'sceNpMatching2SetRoomMemberDataInternal' in 'sceNp2' module
LDR: W Unimplemented function 'sceNpMatching2SetDefaultRequestOptParam' in 'sceNp2' module
LDR: W Unimplemented function 'sceNpMatching2RegisterRoomEventCallback' in 'sceNp2' module
LDR: W Unimplemented function 'sceNpMatching2CreateJoinRoom' in 'sceNp2' module
LDR: W Unimplemented function 'sceNpMatching2ContextStop' in 'sceNp2' module
LDR: W Unimplemented function 'sceNpMatching2Init2' in 'sceNp2' module
LDR: W Unimplemented function 'sceNpMatching2RegisterRoomMessageCallback' in 'sceNp2' module
LDR: W Unknown module 'cellSysutilAvc2'
LDR: W Unimplemented function 'cellOvisGetOverlayTableSize' in 'cellOvis' module
LDR: W Unimplemented function 'cellOvisInitializeOverlayTable' in 'cellOvis' module
LDR: W Unimplemented function 'cellMicOpenEx' in 'cellMic' module
LDR: W Unimplemented function 'cellMicRead' in 'cellMic' module
LDR: W Unimplemented function 'cellMicSetNotifyEventQueue' in 'cellMic' module
LDR: W Unimplemented function 'cellMicInit' in 'cellMic' module
LDR: W Unimplemented function 'cellMicClose' in 'cellMic' module
LDR: W Unimplemented function 'cellMicEnd' in 'cellMic' module
LDR: W Unimplemented function 'cellMicStart' in 'cellMic' module
LDR: W Unimplemented function 'cellMicStop' in 'cellMic' module
LDR: W Unknown module 'cellScreenShotUtility'
LDR: W Unimplemented function 'cellSailGraphicsAdapterGetFrame' in 'cellSail' module
LDR: W Unimplemented function 'cellSailGraphicsAdapterPtsToTimePosition' in 'cellSail' module
LDR: W Unimplemented function 'cellSailPlayerFinalize' in 'cellSail' module
LDR: W Unimplemented function 'cellSailPlayerSetGraphicsAdapter' in 'cellSail' module
LDR: W Unimplemented function 'cellSailGraphicsAdapterInitialize' in 'cellSail' module
LDR: W Unimplemented function 'cellSailPlayerInitialize2' in 'cellSail' module
LDR: W Unimplemented function 'cellSailGraphicsAdapterSetPreferredFormat' in 'cellSail' module
LDR: W Unimplemented function 'cellSailMemAllocatorInitialize' in 'cellSail' module
LDR: W Unimplemented function 'cellSailPlayerOpenStream' in 'cellSail' module
LDR: W Unimplemented function 'cellSailGraphicsAdapterUpdateAvSync' in 'cellSail' module
LDR: W Unimplemented function 'cellSailPlayerSetParameter' in 'cellSail' module
LDR: W Unimplemented function 'cellSailGraphicsAdapterFinalize' in 'cellSail' module
LDR: W Unimplemented function 'cellSailPlayerAddDescriptor' in 'cellSail' module
LDR: W Unimplemented function 'cellSailDescriptorGetCapabilities' in 'cellSail' module
LDR: W Unimplemented function 'cellSailPlayerBoot' in 'cellSail' module
LDR: W Unimplemented function 'cellSailPlayerCreateDescriptor' in 'cellSail' module
LDR: W Unimplemented function 'cellSailPlayerStart' in 'cellSail' module
LDR: W Unimplemented function 'cellSailPlayerStop' in 'cellSail' module
LDR: W Unimplemented function 'cellSailPlayerSetRepeatMode' in 'cellSail' module
LDR: W Unimplemented function 'cellSailGraphicsAdapterGetFormat' in 'cellSail' module
LDR: W Unimplemented function 'cellFsAllocateFileAreaWithoutZeroFill' in 'sys_fs' module
LDR: W Unimplemented function 'cellFsFsync' in 'sys_fs' module
LDR: W Unimplemented function 'cellMsgDialogClose' in 'cellSysutil' module
LDR: W Unimplemented function 'cellSaveDataDelete2' in 'cellSysutil' module
LDR: W Unimplemented function 'getsockname' in 'sys_net' module
LDR: W Unimplemented function 'socketselect' in 'sys_net' module
LDR: W Unimplemented function 'getsockopt' in 'sys_net' module
LDR: W Unimplemented function 'gethostbyname' in 'sys_net' module
LDR: W Unimplemented function 'inet_ntoa' in 'sys_net' module
LDR: W Unimplemented function 'gethostbyaddr' in 'sys_net' module
LDR: W Unimplemented function '_sys_spu_printf_finalize' in 'sysPrxForUser' module
HLE: W PPU[1] Thread (CPUThread)[0x010ea058]sys_lwmutex warning: *** lwmutex created [_lc_mtx] (attribute=0x12): sq_id = 3
HLE: W PPU[1] Thread (CPUThread)[0x0050edbc]memory warning: sys_memory_get_user_memory_size(mem_info_addr=0xd0010c04)
HLE: W PPU[1] Thread (CPUThread)[0x010ea058]sys_lwmutex warning: *** lwmutex created [_lc_mtx] (attribute=0x12): sq_id = 4
HLE: W PPU[1] Thread (CPUThread)[0x010ea058]sys_lwmutex warning: *** lwmutex created [_lc_mtx] (attribute=0x12): sq_id = 5
HLE: W PPU[1] Thread (CPUThread)[0x010ea058]sys_lwmutex warning: *** lwmutex created [_lc_mtx] (attribute=0x12): sq_id = 6
HLE: W PPU[1] Thread (CPUThread)[0x010ea058]sys_lwmutex warning: *** lwmutex created [_lc_mtx] (attribute=0x12): sq_id = 7
HLE: W PPU[1] Thread (CPUThread)[0x010ea058]sys_lwmutex warning: *** lwmutex created [_lc_mtx] (attribute=0x12): sq_id = 8
HLE: W PPU[1] Thread (CPUThread)[0x010ea058]sys_lwmutex warning: *** lwmutex created [_lc_mtx] (attribute=0x12): sq_id = 9
HLE: W PPU[1] Thread (CPUThread)[0x010ea058]sys_lwmutex warning: *** lwmutex created [_lc_mtx] (attribute=0x12): sq_id = 10
HLE: W PPU[1] Thread (CPUThread)[0x010ea058]sys_lwmutex warning: *** lwmutex created [_lc_mtx] (attribute=0x12): sq_id = 11
HLE: W PPU[1] Thread (CPUThread)[0x010ea058]sys_lwmutex warning: *** lwmutex created [_lc_mtx] (attribute=0x12): sq_id = 12
HLE: W PPU[1] Thread (CPUThread)[0x010ea058]sys_lwmutex warning: *** lwmutex created [_lgcmtx] (attribute=0x12): sq_id = 13
HLE: W PPU[1] Thread (CPUThread)[0x010ea058]sys_lwmutex warning: *** lwmutex created [_lgcmtx] (attribute=0x12): sq_id = 14
HLE: W PPU[1] Thread (CPUThread)[0x010ea058]sys_lwmutex warning: *** lwmutex created [_lgcmtx] (attribute=0x22): sq_id = 15
HLE: W PPU[1] Thread (CPUThread)[0x010ea058]sys_lwmutex warning: *** lwmutex created [ps3HDDL] (attribute=0x12): sq_id = 16
HLE: W PPU[1] Thread (CPUThread)[0x004fd300]cellSysutil warning: cellSysutilGetSystemParamInt: CELL_SYSUTIL_SYSTEMPARAM_ID_TIMEZONE
HLE: W PPU[1] Thread (CPUThread)[0x004fd300]cellSysutil warning: cellSysutilGetSystemParamInt: CELL_SYSUTIL_SYSTEMPARAM_ID_SUMMERTIME
HLE: W PPU[1] Thread (CPUThread)[0x0050454c]cellSysutil warning: cellSysutilGetSystemParamInt: CELL_SYSUTIL_SYSTEMPARAM_ID_TIMEZONE
HLE: W PPU[1] Thread (CPUThread)[0x0050454c]cellSysutil warning: cellSysutilGetSystemParamInt: CELL_SYSUTIL_SYSTEMPARAM_ID_SUMMERTIME
HLE: W PPU[1] Thread (CPUThread)[0x004fed70]cellSysutil warning: cellSysutilGetSystemParamInt: CELL_SYSUTIL_SYSTEMPARAM_ID_TIMEZONE
HLE: W PPU[1] Thread (CPUThread)[0x004fed70]cellSysutil warning: cellSysutilGetSystemParamInt: CELL_SYSUTIL_SYSTEMPARAM_ID_SUMMERTIME
HLE: W PPU[1] Thread (CPUThread)[0x0050454c]cellSysutil warning: cellSysutilGetSystemParamInt: CELL_SYSUTIL_SYSTEMPARAM_ID_TIMEZONE
HLE: W PPU[1] Thread (CPUThread)[0x0050454c]cellSysutil warning: cellSysutilGetSystemParamInt: CELL_SYSUTIL_SYSTEMPARAM_ID_SUMMERTIME
HLE: W PPU[1] Thread (CPUThread)[0x004fd2ac]cellSysutil warning: cellSysutilGetSystemParamInt: CELL_SYSUTIL_SYSTEMPARAM_ID_TIMEZONE
HLE: W PPU[1] Thread (CPUThread)[0x004fd2ac]cellSysutil warning: cellSysutilGetSystemParamInt: CELL_SYSUTIL_SYSTEMPARAM_ID_SUMMERTIME
HLE: W PPU[1] Thread (CPUThread)[0x004fed70]cellSysutil warning: cellSysutilGetSystemParamInt: CELL_SYSUTIL_SYSTEMPARAM_ID_TIMEZONE
HLE: W PPU[1] Thread (CPUThread)[0x004fed70]cellSysutil warning: cellSysutilGetSystemParamInt: CELL_SYSUTIL_SYSTEMPARAM_ID_SUMMERTIME
HLE: W PPU[1] Thread (CPUThread)[0x010ea058]sys_lwmutex warning: *** lwmutex created [] (attribute=0x22): sq_id = 17
HLE: W PPU[1] Thread (CPUThread)[0x010ea058]sys_lwmutex warning: *** lwmutex created [] (attribute=0x22): sq_id = 18
HLE: W PPU[1] Thread (CPUThread)[0x010ea058]sys_lwmutex warning: *** lwmutex created [] (attribute=0x22): sq_id = 19
HLE: W PPU[1] Thread (CPUThread)[0x010ea058]sys_lwmutex warning: *** lwmutex created [] (attribute=0x12): sq_id = 20
HLE: W PPU[1] Thread (CPUThread)[0x004dd464]sys_mutex warning: *** mutex created [] (protocol=0x1, recursive=false): id = 21
HLE: W PPU[1] Thread (CPUThread)[0x010ea058]sys_lwmutex warning: *** lwmutex created [] (attribute=0x12): sq_id = 22
HLE: W PPU[1] Thread (CPUThread)[0x010ea058]sys_lwmutex warning: *** lwmutex created [] (attribute=0x12): sq_id = 23
HLE: W PPU[1] Thread (CPUThread)[0x010ea058]sys_lwmutex warning: *** lwmutex created [] (attribute=0x12): sq_id = 24
HLE: W PPU[1] Thread (CPUThread)[0x010ea058]sys_lwmutex warning: *** lwmutex created [] (attribute=0x12): sq_id = 25
HLE: W PPU[1] Thread (CPUThread)[0x010ea058]sys_lwmutex warning: *** lwmutex created [] (attribute=0x12): sq_id = 26
HLE: W PPU[1] Thread (CPUThread)[0x010ea058]sys_lwmutex warning: *** lwmutex created [] (attribute=0x12): sq_id = 27
HLE: W PPU[1] Thread (CPUThread)[0x010ea058]sys_lwmutex warning: *** lwmutex created [] (attribute=0x12): sq_id = 28
HLE: W PPU[1] Thread (CPUThread)[0x010dc01c]cellSysmodule warning: cellSysmoduleIsLoaded(CELL_SYSMODULE_SYSUTIL_GAME)
HLE: W PPU[1] Thread (CPUThread)[0x010dc010]cellSysmodule warning: cellSysmoduleLoadModule(CELL_SYSMODULE_SYSUTIL_GAME)
HLE: W PPU[1] Thread (CPUThread)[0x010e2034]cellGame warning: cellGameBootCheck(type_addr=0xd0010ca0, attributes_addr=0xd0010ca4, size_addr=0xd0010ca8, dirName_addr=0x100ae20)
HLE: W PPU[1] Thread (CPUThread)[0x010e2004]cellGame warning: cellGameGetParamString(id=100, buf_addr=0xebd608, bufsize=10)
HLE: W PPU[1] Thread (CPUThread)[0x010e2004]cellGame warning: cellGameGetParamString(id=0, buf_addr=0xebd618, bufsize=128)
HLE: W PPU[1] Thread (CPUThread)[0x010e2010]cellGame warning: cellGameContentPermit(contentInfoPath_addr=0x100aea0, usrdirPath_addr=0x100ad18)
HLE: W PPU[1] Thread (CPUThread)[0x010dc010]cellSysmodule warning: cellSysmoduleLoadModule(CELL_SYSMODULE_FS)
HLE: W PPU[1] Thread (CPUThread)[0x010da0c4]sys_fs warning: cellFsAioInit(mount_point_addr=0xc4b1e0 (/dev_hdd0))
HLE: W PPU[1] Thread (CPUThread)[0x010da0a0]sys_fs warning: cellFsSdataOpen(path="/dev_hdd0/game/NPEB00160/USRDIR/ar.vromfs.sdat", flags=0x0, fd_addr=0xd0010b50, arg_addr=0x0, size=0x0) -> cellFsOpen()
HLE: W PPU[1] Thread (CPUThread)[0x010da0a0]"/dev_hdd0/game/NPEB00160/USRDIR/ar.vromfs.sdat" opened: fd = 29
HLE: W PPU[1] Thread (CPUThread)[0x010da010]sys_fs warning: cellFsClose(fd=29)
HLE: W PPU[1] Thread (CPUThread)[0x010ea058]sys_lwmutex warning: *** lwmutex created [] (attribute=0x12): sq_id = 30
HLE: E PPU[1] Thread (CPUThread)[0x010da040]sys_fs error: "/dev_hdd0/game/NPEB00160/USRDIR/settings.blk" not found! flags: 0x00000000
HLE: E PPU[1] Thread (CPUThread)[0x010da040]sys_fs error: "/dev_hdd0/game/NPEB00160/USRDIR/settings.blk.blk" not found! flags: 0x00000000
HLE: E PPU[1] Thread (CPUThread)[0x010da040]sys_fs error: "/dev_hdd0/game/NPEB00160/USRDIR/settings.blk.bin" not found! flags: 0x00000000
HLE: E PPU[1] Thread (CPUThread)[0x010da040]sys_fs error: "/dev_hdd0/game/NPEB00160/USRDIR/settings.blk.blk.bin" not found! flags: 0x00000000
MEM: E PPU[1] Thread (CPUThread)[0x0088e8dc]Write32 to null block: [00000000]: 0
HLE: W PPU[1] Thread (CPUThread)[0x010dc01c]cellSysmodule warning: cellSysmoduleIsLoaded(CELL_SYSMODULE_SYSUTIL_SCREENSHOT)
HLE: W PPU[1] Thread (CPUThread)[0x010dc01c]cellSysmodule warning: cellSysmoduleIsLoaded(CELL_SYSMODULE_SYSUTIL_AVCHAT2)
HLE: W PPU[1] Thread (CPUThread)[0x010dc01c]cellSysmodule warning: cellSysmoduleIsLoaded(CELL_SYSMODULE_RTC)
HLE: W PPU[1] Thread (CPUThread)[0x010dc01c]cellSysmodule warning: cellSysmoduleIsLoaded(CELL_SYSMODULE_SYSUTIL_NP)
HLE: W PPU[1] Thread (CPUThread)[0x010dc01c]cellSysmodule warning: cellSysmoduleIsLoaded(CELL_SYSMODULE_NETCTL)
HLE: W PPU[1] Thread (CPUThread)[0x010dc01c]cellSysmodule warning: cellSysmoduleIsLoaded(CELL_SYSMODULE_NET)
HLE: W PPU[1] Thread (CPUThread)[0x010dc01c]cellSysmodule warning: cellSysmoduleIsLoaded(CELL_SYSMODULE_IO)
HLE: W PPU[1] Thread (CPUThread)[0x010ea0f4]sys_lwmutex warning: sys_lwmutex_destroy(lwmutex_addr=0xfc3a38)
HLE: W PPU[1] Thread (CPUThread)[0x010ea0f4]sys_lwmutex warning: sys_lwmutex_destroy(lwmutex_addr=0xfc3a60)
HLE: W PPU[1] Thread (CPUThread)[0x010ea0f4]sys_lwmutex warning: sys_lwmutex_destroy(lwmutex_addr=0xfc3a88)
HLE: W PPU[1] Thread (CPUThread)[0x010ea0f4]sys_lwmutex warning: sys_lwmutex_destroy(lwmutex_addr=0xfc3970)
HLE: W PPU[1] Thread (CPUThread)[0x010ea0f4]sys_lwmutex warning: sys_lwmutex_destroy(lwmutex_addr=0xfc3998)
HLE: W PPU[1] Thread (CPUThread)[0x010ea0f4]sys_lwmutex warning: sys_lwmutex_destroy(lwmutex_addr=0xfc39c0)
HLE: W PPU[1] Thread (CPUThread)[0x010ea0f4]sys_lwmutex warning: sys_lwmutex_destroy(lwmutex_addr=0xfc39e8)
HLE: W PPU[1] Thread (CPUThread)[0x010ea0f4]sys_lwmutex warning: sys_lwmutex_destroy(lwmutex_addr=0xfc3a10)
HLE: W PPU[1] Thread (CPUThread)[0x010ea0f4]sys_lwmutex warning: sys_lwmutex_destroy(lwmutex_addr=0xfc46e8)
HLE: W PPU[1] Thread (CPUThread)[0x010ea0f4]sys_lwmutex warning: sys_lwmutex_destroy(lwmutex_addr=0xfc48e0)
HLE: W PPU[1] Thread (CPUThread)[0x010ea124]Process warning: sys_process_exit(13)
HLE: S PPU[1] Thread (CPUThread)[0x010ea124]Process finished
HLE: ! All threads stopped...
MEM: ! Closing memory...
