HLE: ! path: /dev_hdd0/game/
LDR: ! Loading 'D:\Emulateurs\Rpcs3\dev_hdd0\game\NPEB00769/USRDIR/BOOT.BIN'...
LDR: !  
LDR: ! Mount info:
LDR: ! /dev_hdd0/ -> D:\Emulateurs\Rpcs3/dev_hdd0/
LDR: ! /dev_hdd1/ -> D:\Emulateurs\Rpcs3/dev_hdd1/
LDR: ! /dev_flash/ -> D:\Emulateurs\Rpcs3/dev_flash/
LDR: ! /dev_usb000/ -> D:\Emulateurs\Rpcs3/dev_usb000/
LDR: ! /dev_usb/ -> D:\Emulateurs\Rpcs3/dev_usb000/
LDR: ! /app_home/ -> D:\Emulateurs\Rpcs3\dev_hdd0\game\NPEB00769/
LDR: ! /dev_bdvd/ -> D:\Emulateurs\Rpcs3\dev_hdd0\game\NPEB00769//../
LDR: ! /host_root/ -> 
LDR: ! / -> D:\Emulateurs\Rpcs3\dev_hdd0\game\NPEB00769//USRDIR/
LDR: ! /app_home/PS3_GAME/USRDIR/ -> D:\Emulateurs\Rpcs3\dev_hdd0\game\NPEB00769//USRDIR/
LDR: ! /dev_flash2/ -> D:\Emulateurs\Rpcs3/dev_flash2/
LDR: ! /app_home/Game/PS3_GAME/USRDIR/ -> D:\Emulateurs\Rpcs3\dev_hdd0\game\NPEB00769//USRDIR/
LDR: !  
MEM: ! Initing memory...
MEM: ! Memory initialized.
LDR: W Unimplemented function 'cellFsSdataOpenByFd' in 'sys_fs' module
LDR: W Unimplemented function 'cellFsFsync' in 'sys_fs' module
LDR: W Unimplemented function 'sceNpBasicSendMessageGui' in 'sceNp' module
LDR: W Unimplemented function 'sceNpBasicGetFriendListEntry' in 'sceNp' module
LDR: W Unimplemented function 'sceNpScoreGetRankingByRangeAsync' in 'sceNp' module
LDR: W Unimplemented function 'sceNpScoreDestroyTitleCtx' in 'sceNp' module
LDR: W Unimplemented function 'sceNpBasicGetFriendPresenceByNpId2' in 'sceNp' module
LDR: W Unimplemented function 'sceNpLookupUserProfileWithAvatarSize' in 'sceNp' module
LDR: W Unimplemented function 'sceNpScoreInit' in 'sceNp' module
LDR: W Unimplemented function 'sceNpLookupAbortTransaction' in 'sceNp' module
LDR: W Unimplemented function 'sceNpScoreGetRankingByNpIdAsync' in 'sceNp' module
LDR: W Unimplemented function 'sceNpManagerUnregisterCallback' in 'sceNp' module
LDR: W Unimplemented function 'sceNpLookupDestroyTitleCtx' in 'sceNp' module
LDR: W Unimplemented function 'sceNpBasicSetPresenceDetails2' in 'sceNp' module
LDR: W Unimplemented function 'sceNpLookupInit' in 'sceNp' module
LDR: W Unimplemented function 'sceNpBasicRecvMessageAttachmentLoad' in 'sceNp' module
LDR: W Unimplemented function 'sceNpManagerGetContentRatingFlag' in 'sceNp' module
LDR: W Unimplemented function 'sceNpScoreCreateTransactionCtx' in 'sceNp' module
LDR: W Unimplemented function 'sceNpBasicGetBlockListEntryCount' in 'sceNp' module
LDR: W Unimplemented function 'sceNpLookupPollAsync' in 'sceNp' module
LDR: W Unimplemented function 'sceNpBasicRecvMessageCustom' in 'sceNp' module
LDR: W Unimplemented function 'sceNpLookupTerm' in 'sceNp' module
LDR: W Unimplemented function 'sceNpScoreTerm' in 'sceNp' module
LDR: W Unimplemented function 'sceNpScorePollAsync' in 'sceNp' module
LDR: W Unimplemented function 'sceNpBasicUnregisterHandler' in 'sceNp' module
LDR: W Unimplemented function 'sceNpBasicGetFriendListEntryCount' in 'sceNp' module
LDR: W Unimplemented function 'sceNpManagerGetAccountRegion' in 'sceNp' module
LDR: W Unimplemented function 'sceNpScoreCreateTitleCtx' in 'sceNp' module
LDR: W Unimplemented function 'sceNpBasicRegisterHandler' in 'sceNp' module
LDR: W Unimplemented function 'sceNpBasicAddPlayersHistoryAsync' in 'sceNp' module
LDR: W Unimplemented function 'sceNpLookupAvatarImageAsync' in 'sceNp' module
LDR: W Unimplemented function 'sceNpScoreDestroyTransactionCtx' in 'sceNp' module
LDR: W Unimplemented function 'sceNpLookupCreateTitleCtx' in 'sceNp' module
LDR: W Unimplemented function 'sceNpProfileCallGui' in 'sceNp' module
LDR: W Unimplemented function 'sceNpUtilCmpNpId' in 'sceNp' module
LDR: W Unimplemented function 'sceNpBasicGetEvent' in 'sceNp' module
LDR: W Unimplemented function 'sceNpManagerRegisterCallback' in 'sceNp' module
LDR: W Unimplemented function 'sceNpLookupCreateTransactionCtx' in 'sceNp' module
LDR: W Unimplemented function 'sceNpManagerGetChatRestrictionFlag' in 'sceNp' module
LDR: W Unimplemented function 'sceNpScoreAbortTransaction' in 'sceNp' module
LDR: W Unimplemented function 'sceNpFriendlist' in 'sceNp' module
LDR: W Unimplemented function 'sceNpScoreRecordScoreAsync' in 'sceNp' module
LDR: W Unimplemented function 'sceNpBasicGetBlockListEntry' in 'sceNp' module
LDR: W Unimplemented function 'sceNpUtilCmpNpIdInOrder' in 'sceNp' module
LDR: W Unimplemented function 'sceNpLookupDestroyTransactionCtx' in 'sceNp' module
LDR: W Unimplemented function 'sceNpManagerGetNpId' in 'sceNp' module
LDR: W Unimplemented function 'sceNpMatching2DestroyContext' in 'sceNp2' module
LDR: W Unimplemented function 'sceNpMatching2GetWorldInfoList' in 'sceNp2' module
LDR: W Unimplemented function 'sceNpMatching2SearchRoom' in 'sceNp2' module
LDR: W Unimplemented function 'sceNpMatching2SignalingGetConnectionStatus' in 'sceNp2' module
LDR: W Unimplemented function 'sceNpMatching2ContextStart' in 'sceNp2' module
LDR: W Unimplemented function 'sceNpMatching2LeaveRoom' in 'sceNp2' module
LDR: W Unimplemented function 'sceNpMatching2SetRoomDataExternal' in 'sceNp2' module
LDR: W Unimplemented function 'sceNpMatching2SignalingGetConnectionInfo' in 'sceNp2' module
LDR: W Unimplemented function 'sceNpMatching2SendRoomMessage' in 'sceNp2' module
LDR: W Unimplemented function 'sceNpMatching2AbortRequest' in 'sceNp2' module
LDR: W Unimplemented function 'sceNpMatching2Term' in 'sceNp2' module
LDR: W Unimplemented function 'sceNpMatching2GetServerInfo' in 'sceNp2' module
LDR: W Unimplemented function 'sceNpMatching2GetEventData' in 'sceNp2' module
LDR: W Unimplemented function 'sceNp2Init' in 'sceNp2' module
LDR: W Unimplemented function 'sceNpMatching2AbortContextStart' in 'sceNp2' module
LDR: W Unimplemented function 'sceNpMatching2JoinRoom' in 'sceNp2' module
LDR: W Unimplemented function 'sceNpMatching2GetRoomMemberDataInternalLocal' in 'sceNp2' module
LDR: W Unimplemented function 'sceNpMatching2RegisterContextCallback' in 'sceNp2' module
LDR: W Unimplemented function 'sceNpMatching2SetRoomDataInternal' in 'sceNp2' module
LDR: W Unimplemented function 'sceNpMatching2GetServerIdListLocal' in 'sceNp2' module
LDR: W Unimplemented function 'sceNpMatching2CreateContext' in 'sceNp2' module
LDR: W Unimplemented function 'sceNpMatching2RegisterSignalingCallback' in 'sceNp2' module
LDR: W Unimplemented function 'sceNpMatching2ClearEventData' in 'sceNp2' module
LDR: W Unimplemented function 'sceNp2Term' in 'sceNp2' module
LDR: W Unimplemented function 'sceNpMatching2SetDefaultRequestOptParam' in 'sceNp2' module
LDR: W Unimplemented function 'sceNpMatching2RegisterRoomEventCallback' in 'sceNp2' module
LDR: W Unimplemented function 'sceNpMatching2CreateJoinRoom' in 'sceNp2' module
LDR: W Unimplemented function 'sceNpMatching2ContextStop' in 'sceNp2' module
LDR: W Unimplemented function 'sceNpMatching2Init2' in 'sceNp2' module
LDR: W Unimplemented function 'sceNpMatching2RegisterRoomMessageCallback' in 'sceNp2' module
LDR: W Unknown module 'cellSysutilAvc2'
LDR: W Unimplemented function 'cellRudpGetSizeReadable' in 'cellRudp' module
LDR: W Unimplemented function 'cellRudpSetOption' in 'cellRudp' module
LDR: W Unimplemented function 'cellRudpWrite' in 'cellRudp' module
LDR: W Unimplemented function 'cellRudpTerminate' in 'cellRudp' module
LDR: W Unimplemented function 'cellRudpInit' in 'cellRudp' module
LDR: W Unimplemented function 'cellRudpEnableInternalIOThread' in 'cellRudp' module
LDR: W Unimplemented function 'cellRudpCreateContext' in 'cellRudp' module
LDR: W Unimplemented function 'cellRudpSetEventHandler' in 'cellRudp' module
LDR: W Unimplemented function 'cellRudpRead' in 'cellRudp' module
LDR: W Unimplemented function 'cellRudpEnd' in 'cellRudp' module
LDR: W Unimplemented function 'cellRudpInitiate' in 'cellRudp' module
LDR: W Unimplemented function 'cellRudpBind' in 'cellRudp' module
LDR: W Unimplemented function 'socketselect' in 'sys_net' module
LDR: W Unimplemented function 'cellSailGraphicsAdapterGetFrame' in 'cellSail' module
LDR: W Unimplemented function 'cellSailDescriptorCreateDatabase' in 'cellSail' module
LDR: W Unimplemented function 'cellSailFutureReset' in 'cellSail' module
LDR: W Unimplemented function 'cellSailGraphicsAdapterPtsToTimePosition' in 'cellSail' module
LDR: W Unimplemented function 'cellSailPlayerFinalize' in 'cellSail' module
LDR: W Unimplemented function 'cellSailPlayerSetGraphicsAdapter' in 'cellSail' module
LDR: W Unimplemented function 'cellSailGraphicsAdapterInitialize' in 'cellSail' module
LDR: W Unimplemented function 'cellSailPlayerInitialize2' in 'cellSail' module
LDR: W Unimplemented function 'cellSailDescriptorDestroyDatabase' in 'cellSail' module
LDR: W Unimplemented function 'cellSailGraphicsAdapterSetPreferredFormat' in 'cellSail' module
LDR: W Unimplemented function 'cellSailMemAllocatorInitialize' in 'cellSail' module
LDR: W Unimplemented function 'cellSailPlayerOpenStream' in 'cellSail' module
LDR: W Unimplemented function 'cellSailFutureGet' in 'cellSail' module
LDR: W Unimplemented function 'cellSailGraphicsAdapterUpdateAvSync' in 'cellSail' module
LDR: W Unimplemented function 'cellSailFutureInitialize' in 'cellSail' module
LDR: W Unimplemented function 'cellSailMp4MovieGetMovieInfo' in 'cellSail' module
LDR: W Unimplemented function 'cellSailPlayerSetParameter' in 'cellSail' module
LDR: W Unimplemented function 'cellSailAviMovieGetMovieInfo' in 'cellSail' module
LDR: W Unimplemented function 'cellSailGraphicsAdapterFinalize' in 'cellSail' module
LDR: W Unimplemented function 'cellSailPlayerAddDescriptor' in 'cellSail' module
LDR: W Unimplemented function 'cellSailFutureFinalize' in 'cellSail' module
LDR: W Unimplemented function 'cellSailFutureSet' in 'cellSail' module
LDR: W Unimplemented function 'cellSailPlayerBoot' in 'cellSail' module
LDR: W Unimplemented function 'cellSailPlayerSetPaused' in 'cellSail' module
LDR: W Unimplemented function 'cellSailPlayerCreateDescriptor' in 'cellSail' module
LDR: W Unimplemented function 'cellSailPlayerStart' in 'cellSail' module
LDR: W Unimplemented function 'cellSailPlayerStop' in 'cellSail' module
LDR: W Unimplemented function 'cellSailPlayerSetRepeatMode' in 'cellSail' module
LDR: W Unimplemented function 'cellSailPlayerDestroyDescriptor' in 'cellSail' module
LDR: W Unimplemented function 'cellSailGraphicsAdapterGetFormat' in 'cellSail' module
LDR: W Unimplemented function 'cellMicOpenEx' in 'cellMic' module
LDR: W Unimplemented function 'cellMicRead' in 'cellMic' module
LDR: W Unimplemented function 'cellMicSetNotifyEventQueue' in 'cellMic' module
LDR: W Unimplemented function 'cellMicClose' in 'cellMic' module
LDR: W Unimplemented function 'cellMicStart' in 'cellMic' module
LDR: W Unimplemented function 'cellMicStop' in 'cellMic' module
LDR: W Unknown module 'cellSysutilAvconfExt'
LDR: W Unimplemented function 'cellSpursTasksetAttributeSetTasksetSize' in 'cellSpurs' module
LDR: W Unimplemented function 'sys_prx_load_module_on_memcontainer_by_fd' in 'sysPrxForUser' module
LDR: W Unimplemented function '_sys_spu_printf_finalize' in 'sysPrxForUser' module
LDR: W Unimplemented function 'sys_prx_load_module_by_fd' in 'sysPrxForUser' module
HLE: W PPU[1] Thread (CPUThread)[0x0086a058]sys_lwmutex warning: *** lwmutex created [_lc_mtx] (attribute=0x12): sq_id = 3
HLE: W PPU[1] Thread (CPUThread)[0x0035a8f4]memory warning: sys_memory_get_user_memory_size(mem_info_addr=0xd0010c04)
HLE: W PPU[1] Thread (CPUThread)[0x0086a058]sys_lwmutex warning: *** lwmutex created [_lc_mtx] (attribute=0x12): sq_id = 4
HLE: W PPU[1] Thread (CPUThread)[0x0086a058]sys_lwmutex warning: *** lwmutex created [_lc_mtx] (attribute=0x12): sq_id = 5
HLE: W PPU[1] Thread (CPUThread)[0x0086a058]sys_lwmutex warning: *** lwmutex created [_lc_mtx] (attribute=0x12): sq_id = 6
HLE: W PPU[1] Thread (CPUThread)[0x0086a058]sys_lwmutex warning: *** lwmutex created [_lc_mtx] (attribute=0x12): sq_id = 7
HLE: W PPU[1] Thread (CPUThread)[0x0086a058]sys_lwmutex warning: *** lwmutex created [_lc_mtx] (attribute=0x12): sq_id = 8
HLE: W PPU[1] Thread (CPUThread)[0x0086a058]sys_lwmutex warning: *** lwmutex created [_lc_mtx] (attribute=0x12): sq_id = 9
HLE: W PPU[1] Thread (CPUThread)[0x0086a058]sys_lwmutex warning: *** lwmutex created [_lc_mtx] (attribute=0x12): sq_id = 10
HLE: W PPU[1] Thread (CPUThread)[0x0086a058]sys_lwmutex warning: *** lwmutex created [_lc_mtx] (attribute=0x12): sq_id = 11
HLE: W PPU[1] Thread (CPUThread)[0x0086a058]sys_lwmutex warning: *** lwmutex created [_lc_mtx] (attribute=0x12): sq_id = 12
HLE: W PPU[1] Thread (CPUThread)[0x0086a058]sys_lwmutex warning: *** lwmutex created [_lc_mtx] (attribute=0x12): sq_id = 13
HLE: W PPU[1] Thread (CPUThread)[0x0086a058]sys_lwmutex warning: *** lwmutex created [_lc_mtx] (attribute=0x12): sq_id = 14
HLE: W PPU[1] Thread (CPUThread)[0x0086a058]sys_lwmutex warning: *** lwmutex created [_lc_mtx] (attribute=0x12): sq_id = 15
HLE: W PPU[1] Thread (CPUThread)[0x0086a058]sys_lwmutex warning: *** lwmutex created [_lc_mtx] (attribute=0x12): sq_id = 16
HLE: W PPU[1] Thread (CPUThread)[0x0086a058]sys_lwmutex warning: *** lwmutex created [_lc_mtx] (attribute=0x12): sq_id = 17
HLE: W PPU[1] Thread (CPUThread)[0x0086a058]sys_lwmutex warning: *** lwmutex created [_lc_mtx] (attribute=0x12): sq_id = 18
HLE: W PPU[1] Thread (CPUThread)[0x0086a058]sys_lwmutex warning: *** lwmutex created [_lc_mtx] (attribute=0x12): sq_id = 19
HLE: W PPU[1] Thread (CPUThread)[0x0086a058]sys_lwmutex warning: *** lwmutex created [_lc_mtx] (attribute=0x12): sq_id = 20
HLE: W PPU[1] Thread (CPUThread)[0x0086a058]sys_lwmutex warning: *** lwmutex created [_lc_mtx] (attribute=0x12): sq_id = 21
HLE: W PPU[1] Thread (CPUThread)[0x0086a058]sys_lwmutex warning: *** lwmutex created [_lc_mtx] (attribute=0x12): sq_id = 22
HLE: W PPU[1] Thread (CPUThread)[0x0086a058]sys_lwmutex warning: *** lwmutex created [_lc_mtx] (attribute=0x12): sq_id = 23
HLE: W PPU[1] Thread (CPUThread)[0x0086a058]sys_lwmutex warning: *** lwmutex created [_lc_mtx] (attribute=0x12): sq_id = 24
HLE: W PPU[1] Thread (CPUThread)[0x0086a058]sys_lwmutex warning: *** lwmutex created [ps3HDDL] (attribute=0x12): sq_id = 25
HLE: W PPU[1] Thread (CPUThread)[0x0086a058]sys_lwmutex warning: *** lwmutex created [] (attribute=0x12): sq_id = 26
HLE: W PPU[1] Thread (CPUThread)[0x0034a50c]cellSysutil warning: cellSysutilGetSystemParamInt: CELL_SYSUTIL_SYSTEMPARAM_ID_TIMEZONE
HLE: W PPU[1] Thread (CPUThread)[0x0034a50c]cellSysutil warning: cellSysutilGetSystemParamInt: CELL_SYSUTIL_SYSTEMPARAM_ID_SUMMERTIME
HLE: W PPU[1] Thread (CPUThread)[0x003524fc]cellSysutil warning: cellSysutilGetSystemParamInt: CELL_SYSUTIL_SYSTEMPARAM_ID_TIMEZONE
HLE: W PPU[1] Thread (CPUThread)[0x003524fc]cellSysutil warning: cellSysutilGetSystemParamInt: CELL_SYSUTIL_SYSTEMPARAM_ID_SUMMERTIME
HLE: W PPU[1] Thread (CPUThread)[0x0034bf7c]cellSysutil warning: cellSysutilGetSystemParamInt: CELL_SYSUTIL_SYSTEMPARAM_ID_TIMEZONE
HLE: W PPU[1] Thread (CPUThread)[0x0034bf7c]cellSysutil warning: cellSysutilGetSystemParamInt: CELL_SYSUTIL_SYSTEMPARAM_ID_SUMMERTIME
HLE: W PPU[1] Thread (CPUThread)[0x003524fc]cellSysutil warning: cellSysutilGetSystemParamInt: CELL_SYSUTIL_SYSTEMPARAM_ID_TIMEZONE
HLE: W PPU[1] Thread (CPUThread)[0x003524fc]cellSysutil warning: cellSysutilGetSystemParamInt: CELL_SYSUTIL_SYSTEMPARAM_ID_SUMMERTIME
HLE: W PPU[1] Thread (CPUThread)[0x0034a46c]cellSysutil warning: cellSysutilGetSystemParamInt: CELL_SYSUTIL_SYSTEMPARAM_ID_TIMEZONE
HLE: W PPU[1] Thread (CPUThread)[0x0034a46c]cellSysutil warning: cellSysutilGetSystemParamInt: CELL_SYSUTIL_SYSTEMPARAM_ID_SUMMERTIME
HLE: W PPU[1] Thread (CPUThread)[0x0034bf7c]cellSysutil warning: cellSysutilGetSystemParamInt: CELL_SYSUTIL_SYSTEMPARAM_ID_TIMEZONE
HLE: W PPU[1] Thread (CPUThread)[0x0034bf7c]cellSysutil warning: cellSysutilGetSystemParamInt: CELL_SYSUTIL_SYSTEMPARAM_ID_SUMMERTIME
HLE: W PPU[1] Thread (CPUThread)[0x0086a058]sys_lwmutex warning: *** lwmutex created [] (attribute=0x12): sq_id = 27
HLE: W PPU[1] Thread (CPUThread)[0x0086a058]sys_lwmutex warning: *** lwmutex created [] (attribute=0x12): sq_id = 28
HLE: W PPU[1] Thread (CPUThread)[0x0086a058]sys_lwmutex warning: *** lwmutex created [] (attribute=0x12): sq_id = 29
HLE: W PPU[1] Thread (CPUThread)[0x0052f028]cellSysutil warning: cellSysutilGetSystemParamInt: CELL_SYSUTIL_SYSTEMPARAM_ID_LANG
HLE: W PPU[1] Thread (CPUThread)[0x0052d010]cellSysmodule warning: cellSysmoduleLoadModule(CELL_SYSMODULE_FS)
HLE: W PPU[1] Thread (CPUThread)[0x0052f040]cellSysutil warning: cellSysutilRegisterCallback(slot=0, func_addr=0x539078, userdata=0x7eada0)
HLE: W PPU[1] Thread (CPUThread)[0x0086a058]sys_lwmutex warning: *** lwmutex created [] (attribute=0x12): sq_id = 30
HLE: W PPU[1] Thread (CPUThread)[0x00844010]cellGcmSys warning: cellGcmInit(context_addr=0x80c7c0,cmdSize=0x100000,ioSize=0x300000,ioAddress=0x30600000)
HLE: W PPU[1] Thread (CPUThread)[0x00844010]cellGcmSys warning: *** local memory(addr=0xc0000000, size=0xf900000)
HLE: W PPU[1] Thread (CPUThread)[0x00844010]cellGcmSys warning: cellGcmMapEaIoAddress(ea=0x30600000, io=0x0, size=0x300000)
RSX: ! RSXThreadRSX thread started
HLE: W PPU[1] Thread (CPUThread)[0x0084410c]cellGcmSys warning: cellGcmUnbindTile(index=0)
HLE: W PPU[1] Thread (CPUThread)[0x0084410c]cellGcmSys warning: cellGcmUnbindTile(index=1)
HLE: W PPU[1] Thread (CPUThread)[0x0084410c]cellGcmSys warning: cellGcmUnbindTile(index=2)
HLE: W PPU[1] Thread (CPUThread)[0x0084410c]cellGcmSys warning: cellGcmUnbindTile(index=3)
HLE: W PPU[1] Thread (CPUThread)[0x0084410c]cellGcmSys warning: cellGcmUnbindTile(index=4)
HLE: W PPU[1] Thread (CPUThread)[0x0084410c]cellGcmSys warning: cellGcmUnbindTile(index=5)
HLE: W PPU[1] Thread (CPUThread)[0x0084410c]cellGcmSys warning: cellGcmUnbindTile(index=6)
HLE: W PPU[1] Thread (CPUThread)[0x0084410c]cellGcmSys warning: cellGcmUnbindTile(index=7)
HLE: W PPU[1] Thread (CPUThread)[0x0084410c]cellGcmSys warning: cellGcmUnbindTile(index=8)
HLE: W PPU[1] Thread (CPUThread)[0x0084410c]cellGcmSys warning: cellGcmUnbindTile(index=9)
HLE: W PPU[1] Thread (CPUThread)[0x0084410c]cellGcmSys warning: cellGcmUnbindTile(index=10)
HLE: W PPU[1] Thread (CPUThread)[0x0084410c]cellGcmSys warning: cellGcmUnbindTile(index=11)
HLE: W PPU[1] Thread (CPUThread)[0x0084410c]cellGcmSys warning: cellGcmUnbindTile(index=12)
HLE: W PPU[1] Thread (CPUThread)[0x0084410c]cellGcmSys warning: cellGcmUnbindTile(index=13)
HLE: W PPU[1] Thread (CPUThread)[0x0084410c]cellGcmSys warning: cellGcmUnbindTile(index=14)
HLE: W PPU[1] Thread (CPUThread)[0x00844034]cellGcmSys warning: cellGcmGetTiledPitchSize(size=7680)
RSX: W RSXThreadNV406E_SEMAPHORE_ACQUIRE: 1
HLE: W PPU[1] Thread (CPUThread)[0x008440f4]cellGcmSys warning: cellGcmSetTileInfo(index=0, location=0, offset=252248064, size=8847360, pitch=7680, comp=0, base=0, bank=0)
HLE: W PPU[1] Thread (CPUThread)[0x00844058]cellGcmSys warning: cellGcmBindTile(index=0)
RSX: W RSXThreadNV406E_SEMAPHORE_ACQUIRE: 3
HLE: W PPU[1] Thread (CPUThread)[0x00844034]cellGcmSys warning: cellGcmGetTiledPitchSize(size=7680)
RSX: W RSXThreadNV406E_SEMAPHORE_ACQUIRE: 5
HLE: W PPU[1] Thread (CPUThread)[0x008440f4]cellGcmSys warning: cellGcmSetTileInfo(index=0, location=0, offset=243400704, size=17694720, pitch=7680, comp=0, base=0, bank=0)
HLE: W PPU[1] Thread (CPUThread)[0x00844058]cellGcmSys warning: cellGcmBindTile(index=0)
RSX: W RSXThreadNV406E_SEMAPHORE_ACQUIRE: 7
HLE: W PPU[1] Thread (CPUThread)[0x00844034]cellGcmSys warning: cellGcmGetTiledPitchSize(size=7680)
RSX: W RSXThreadNV406E_SEMAPHORE_ACQUIRE: 9
HLE: W PPU[1] Thread (CPUThread)[0x008440f4]cellGcmSys warning: cellGcmSetTileInfo(index=1, location=0, offset=234553344, size=8847360, pitch=7680, comp=10, base=1, bank=3)
HLE: E PPU[1] Thread (CPUThread)[0x008440f4]cellGcmSys error: cellGcmSetTileInfo: bad compression mode! (10)
HLE: W PPU[1] Thread (CPUThread)[0x00844058]cellGcmSys warning: cellGcmBindTile(index=1)
RSX: W RSXThreadNV406E_SEMAPHORE_ACQUIRE: b
RSX: W RSXThreadNV406E_SEMAPHORE_ACQUIRE: d
HLE: W PPU[1] Thread (CPUThread)[0x008440b8]cellGcmSys warning: cellGcmBindZcull(index=0)
RSX: W RSXThreadNV406E_SEMAPHORE_ACQUIRE: f
HLE: W PPU[1] Thread (CPUThread)[0x0052f058]cellSysutil warning: cellVideoOutConfigure(videoOut=0, config_addr=0xd0010820, option_addr=0x0, waitForEvent=0x0)
HLE: W PPU[1] Thread (CPUThread)[0x00844064]cellGcmSys warning: cellGcmSetFlipMode(mode=2)
HLE: W PPU[1] Thread (CPUThread)[0x0052d010]cellSysmodule warning: cellSysmoduleLoadModule(CELL_SYSMODULE_SYSUTIL_GAME)
HLE: W PPU[1] Thread (CPUThread)[0x0085a028]cellGame warning: cellGameBootCheck(type_addr=0xd0010900, attributes_addr=0xd0010904, size_addr=0xd0010908, dirName_addr=0xd00109a0)
HLE: W PPU[1] Thread (CPUThread)[0x0085a004]cellGame warning: cellGameGetParamString(id=100, buf_addr=0xd0010ac0, bufsize=256)
HLE: W PPU[1] Thread (CPUThread)[0x0085a010]cellGame warning: cellGameContentPermit(contentInfoPath_addr=0xd00109c0, usrdirPath_addr=0xd0010a40)
HLE: W PPU[1] Thread (CPUThread)[0x0052b070]sys_fs warning: cellFsAioInit(mount_point_addr=0xd0010834 (/app_home))
HLE: W PPU[1] Thread (CPUThread)[0x0052f01c]cellSysutil warning: cellSysutilEnableBgmPlayback()
HLE: W PPU[1] Thread (CPUThread)[0x0052d010]cellSysmodule warning: cellSysmoduleLoadModule(CELL_SYSMODULE_L10N)
HLE: W PPU[1] Thread (CPUThread)[0x0086a058]sys_lwmutex warning: *** lwmutex created [_lc_mtx] (attribute=0x12): sq_id = 31
HLE: W PPU[1] Thread (CPUThread)[0x0086a058]sys_lwmutex warning: *** lwmutex created [] (attribute=0x12): sq_id = 32
HLE: W PPU[1] Thread (CPUThread)[0x001fe1a8]sys_event_flag warning: sys_event_flag_create(eflag_id_addr=0x305e4340, attr_addr=0xd00108e0, init=0x0)
HLE: W PPU[1] Thread (CPUThread)[0x001fe1a8]sys_event_flag warning: *** event_flag created [] (protocol=0x2, type=0x20000): id = 33
HLE: W PPU[1] Thread (CPUThread)[0x00356ae4]"/dev_hdd0/game/NPEB00769/USRDIR/music_ps3.pak" opened: fd = 34
HLE: W PPU[1] Thread (CPUThread)[0x0086a058]sys_lwmutex warning: *** lwmutex created [_lc_mtx] (attribute=0x12): sq_id = 35
HLE: W PPU[1] Thread (CPUThread)[0x0086a058]sys_lwmutex warning: *** lwmutex created [_lc_mtx] (attribute=0x12): sq_id = 36
HLE: W PPU[1] Thread (CPUThread)[0x0086a058]sys_lwmutex warning: *** lwmutex created [] (attribute=0x12): sq_id = 37
HLE: W PPU[1] Thread (CPUThread)[0x001fe1a8]sys_event_flag warning: sys_event_flag_create(eflag_id_addr=0x30902160, attr_addr=0xd00108e0, init=0x0)
HLE: W PPU[1] Thread (CPUThread)[0x001fe1a8]sys_event_flag warning: *** event_flag created [] (protocol=0x2, type=0x20000): id = 38
HLE: W PPU[1] Thread (CPUThread)[0x00356ae4]"/dev_hdd0/game/NPEB00769/USRDIR/videos_ps3.pak" opened: fd = 39
HLE: W PPU[1] Thread (CPUThread)[0x0086a058]sys_lwmutex warning: *** lwmutex created [_lc_mtx] (attribute=0x12): sq_id = 40
HLE: W PPU[1] Thread (CPUThread)[0x0086a058]sys_lwmutex warning: *** lwmutex created [_lc_mtx] (attribute=0x12): sq_id = 41
HLE: W PPU[1] Thread (CPUThread)[0x0086a058]sys_lwmutex warning: *** lwmutex created [] (attribute=0x12): sq_id = 42
HLE: W PPU[1] Thread (CPUThread)[0x001fe1a8]sys_event_flag warning: sys_event_flag_create(eflag_id_addr=0x305f48e0, attr_addr=0xd00108e0, init=0x0)
HLE: W PPU[1] Thread (CPUThread)[0x001fe1a8]sys_event_flag warning: *** event_flag created [] (protocol=0x2, type=0x20000): id = 43
HLE: W PPU[1] Thread (CPUThread)[0x00356ae4]"/dev_hdd0/game/NPEB00769/USRDIR/data_ps3.pak" opened: fd = 44
HLE: W PPU[1] Thread (CPUThread)[0x0086a058]sys_lwmutex warning: *** lwmutex created [_lc_mtx] (attribute=0x12): sq_id = 45
HLE: W PPU[1] Thread (CPUThread)[0x0052d010]cellSysmodule warning: cellSysmoduleLoadModule(CELL_SYSMODULE_NET)
HLE: W PPU[1] Thread (CPUThread)[0x0052d010]cellSysmodule warning: cellSysmoduleLoadModule(CELL_SYSMODULE_NETCTL)
HLE: W PPU[1] Thread (CPUThread)[0x0052d010]cellSysmodule warning: cellSysmoduleLoadModule(CELL_SYSMODULE_SYSUTIL_NP2)
HLE: W PPU[1] Thread (CPUThread)[0x0052d010]cellSysmodule warning: cellSysmoduleLoadModule(CELL_SYSMODULE_SYSUTIL_USERINFO)
HLE: W PPU[1] Thread (CPUThread)[0x0052d010]cellSysmodule warning: cellSysmoduleLoadModule(CELL_SYSMODULE_IO)
HLE: W PPU[1] Thread (CPUThread)[0x0052d010]cellSysmodule warning: cellSysmoduleLoadModule(CELL_SYSMODULE_RUDP)
HLE: W PPU[1] Thread (CPUThread)[0x0052d010]cellSysmodule warning: cellSysmoduleLoadModule(CELL_SYSMODULE_SYSUTIL_AVCHAT2)
HLE: W PPU[1] Thread (CPUThread)[0x00852004]sys_net warning: sys_net_initialize_network_ex(param_addr=0xd00109e0)
HLE: E PPU[1] Thread (CPUThread)[0x00854028]cellNetCtl error: Unimplemented function: cellNetCtlInit
HLE: E PPU[1] Thread (CPUThread)[0x008480a0]TODO: sceNp2Init
HLE: E PPU[1] Thread (CPUThread)[0x00846094]TODO: sceNpLookupInit
HLE: E PPU[1] Thread (CPUThread)[0x00850034]TODO: cellRudpInit
HLE: E PPU[1] Thread (CPUThread)[0x0084604c]TODO: sceNpScoreInit
HLE: W PPU[1] Thread (CPUThread)[0x00846124]sceNp warning: sceNpDrmIsAvailable(k_licensee_addr=0xd0010ab8, drm_path_addr=0x305e0200)
HLE: W PPU[1] Thread (CPUThread)[0x00846124]sceNp warning: sceNpDrmIsAvailable: Found DRM license file at /dev_hdd0/game/NPEB00769/USRDIR/game_ps3.pak.edat
HLE: W PPU[1] Thread (CPUThread)[0x00846124]sceNp warning: sceNpDrmIsAvailable: Using k_licensee 0x419200282b970fff409d010c7c7efa14
LDR: E PPU[1] Thread (CPUThread)[0x00846124]EDAT: File has invalid NPD header.
HLE: W PPU[1] Thread (CPUThread)[0x0052b01c]"/dev_hdd0/game/NPEB00769/USRDIR/game_ps3.pak.edat" opened: fd = 46
HLE: W PPU[1] Thread (CPUThread)[0x0052b004]sys_fs warning: cellFsClose(fd=46)
HLE: W PPU[1] Thread (CPUThread)[0x0086a058]sys_lwmutex warning: *** lwmutex created [_lc_mtx] (attribute=0x12): sq_id = 47
HLE: W PPU[1] Thread (CPUThread)[0x0086a058]sys_lwmutex warning: *** lwmutex created [] (attribute=0x12): sq_id = 48
HLE: W PPU[1] Thread (CPUThread)[0x001fe1a8]sys_event_flag warning: sys_event_flag_create(eflag_id_addr=0x305f6be0, attr_addr=0xd0010900, init=0x0)
HLE: W PPU[1] Thread (CPUThread)[0x001fe1a8]sys_event_flag warning: *** event_flag created [] (protocol=0x2, type=0x20000): id = 49
HLE: W PPU[1] Thread (CPUThread)[0x0052f028]cellSysutil warning: cellSysutilGetSystemParamInt: CELL_SYSUTIL_SYSTEMPARAM_ID_ENTER_BUTTON_ASSIGN
HLE: W PPU[1] Thread (CPUThread)[0x0086a058]sys_lwmutex warning: *** lwmutex created [] (attribute=0x12): sq_id = 50
HLE: W PPU[1] Thread (CPUThread)[0x0086a0d0]sysPrxForUser warning: sys_ppu_thread_once(once_ctrl_addr=0x8419cc, entry=0x540230)
HLE: W PPU[1] Thread (CPUThread)[0x00866088]cellSpurs warning: _cellSpursAttributeInitialize(attr_addr=0xd0010788, nSpus=2, spuPriority=3342336, ppuPriority=5, exitIfNoWork=250)
HLE: W PPU[51] Thread (CPUThread)[0x0086a058]sys_lwmutex warning: *** lwmutex created [_lc_spf] (attribute=0x22): sq_id = 52
HLE: E PPU[1] Thread (CPUThread)[0x00866010]cellSpurs error: cellSpursAttributeEnableSpuPrintfIfAvailable(attr_addr=0xd0010788)
HLE: W PPU[1] Thread (CPUThread)[0x008660ac]cellSpurs warning: cellSpursInitializeWithAttribute(spurs_addr=0x309ab180, spurs_addr=0xd0010788)
HLE: W PPU[1] Thread (CPUThread)[0x0086a058]sys_lwmutex warning: *** lwmutex created [] (attribute=0x12): sq_id = 53
HLE: W PPU[1] Thread (CPUThread)[0x0086a058]sys_lwmutex warning: *** lwmutex created [] (attribute=0x12): sq_id = 54
HLE: W PPU[1] Thread (CPUThread)[0x0052f094]cellSysutil warning: cellAudioOutGetSoundAvailability(audioOut=0, type=0, fs=0x4, option=0)
HLE: W PPU[1] Thread (CPUThread)[0x0052f094]cellSysutil warning: cellAudioOutGetSoundAvailability(audioOut=0, type=1, fs=0x4, option=0)
HLE: W PPU[1] Thread (CPUThread)[0x0052f094]cellSysutil warning: cellAudioOutGetSoundAvailability(audioOut=0, type=6, fs=0x4, option=0)
HLE: W PPU[1] Thread (CPUThread)[0x0052f094]cellSysutil warning: cellAudioOutGetSoundAvailability(audioOut=0, type=0, fs=0x4, option=0)
HLE: W PPU[1] Thread (CPUThread)[0x0052f07c]cellSysutil warning: cellAudioOutConfigure(audioOut=0, config_addr=0xd00104a8, option_addr=0x0, (!)waitForEvent=0)
HLE: W PPU[1] Thread (CPUThread)[0x0085c010]cellAudio warning: cellAudioInit()
HLE: ! Audio ThreadAudio thread started
HLE: W PPU[1] Thread (CPUThread)[0x0085c064]cellAudio warning: cellAudioPortOpen(audioParam_addr=0xd00104b8, portNum_addr=0x30c7f6b8)
HLE: W PPU[1] Thread (CPUThread)[0x0085c064]cellAudio warning: *** audio port opened(nChannel=8, nBlock=8, attr=0x0, level=1.000000): port = 0
HLE: W PPU[1] Thread (CPUThread)[0x0085c040]cellAudio warning: cellAudioGetPortConfig(portNum=0x0, portConfig_addr=0xd00104d8)
HLE: E PPU[1] Thread (CPUThread)[0x0086601c]cellSpurs error: Unimplemented function: _cellSpursTasksetAttributeInitialize
HLE: E PPU[1] Thread (CPUThread)[0x00866058]cellSpurs error: Unimplemented function: cellSpursTasksetAttributeSetName
HLE: E PPU[1] Thread (CPUThread)[0x008660d0]cellSpurs error: Unimplemented function: cellSpursCreateTasksetWithAttribute
HLE: W PPU[1] Thread (CPUThread)[0x002d2d40]sys_semaphore warning: sys_semaphore_create(sem_addr=0x30c83490, attr_addr=0xd0010310, initial_count=0, max_count=65535)
HLE: ! PPU[1] Thread (CPUThread)[0x002d2d40]*** semaphore created [] (protocol=0x2): id = 55
PPU: ! PPU[1] Thread (CPUThread)[0x0086a028]*** New PPU Thread [FMOD BGM status query thread] (flags=0x0, entry=0x53d1b8): id = 56
HLE: W PPU[1] Thread (CPUThread)[0x0052b01c]"/dev_flash/sys/external/flashMP3.pic" opened: fd = 57
HLE: W PPU[1] Thread (CPUThread)[0x0052b004]sys_fs warning: cellFsClose(fd=57)
HLE: W PPU[1] Thread (CPUThread)[0x0086a058]sys_lwmutex warning: *** lwmutex created [] (attribute=0x12): sq_id = 58
HLE: W PPU[1] Thread (CPUThread)[0x0086a058]sys_lwmutex warning: *** lwmutex created [] (attribute=0x12): sq_id = 59
HLE: W PPU[1] Thread (CPUThread)[0x0086a058]sys_lwmutex warning: *** lwmutex created [] (attribute=0x12): sq_id = 60
HLE: W PPU[1] Thread (CPUThread)[0x0086a058]sys_lwmutex warning: *** lwmutex created [] (attribute=0x12): sq_id = 61
HLE: W PPU[1] Thread (CPUThread)[0x0086a058]sys_lwmutex warning: *** lwmutex created [] (attribute=0x12): sq_id = 62
HLE: W PPU[1] Thread (CPUThread)[0x0086a058]sys_lwmutex warning: *** lwmutex created [] (attribute=0x12): sq_id = 63
HLE: W PPU[1] Thread (CPUThread)[0x0085c04c]cellAudio warning: cellAudioPortStart(portNum=0x0)
HLE: W PPU[1] Thread (CPUThread)[0x0086604c]cellSpurs warning: _cellSpursEventFlagInitialize(spurs_addr=0x0, taskset_addr=0x30c81b80, eventFlag_addr=0x821e80, flagClearMode=0, flagDirection=1)
HLE: W PPU[1] Thread (CPUThread)[0x0086604c]cellSpurs warning: _cellSpursEventFlagInitialize(spurs_addr=0x0, taskset_addr=0x30c81b80, eventFlag_addr=0x821f80, flagClearMode=0, flagDirection=2)
HLE: E PPU[1] Thread (CPUThread)[0x00866064]cellSpurs error: cellSpursEventFlagAttachLv2EventQueue(eventFlag_addr=0x821e80)
HLE: E PPU[1] Thread (CPUThread)[0x008660c4]cellSpurs error: cellSpursCreateTask(taskset_addr=0x30c81b80, taskID_addr=0x30c7f954, elf_addr_addr=0x4e1880, context_addr_addr=0x30cc8300, context_size=250880, lsPattern_addr=0x4af530, argument_addr=0xd0010638)
HLE: W PPU[1] Thread (CPUThread)[0x0086604c]cellSpurs warning: _cellSpursEventFlagInitialize(spurs_addr=0x0, taskset_addr=0x30c81b80, eventFlag_addr=0x821f00, flagClearMode=0, flagDirection=1)
HLE: E PPU[1] Thread (CPUThread)[0x00866064]cellSpurs error: cellSpursEventFlagAttachLv2EventQueue(eventFlag_addr=0x821f00)
HLE: E PPU[1] Thread (CPUThread)[0x008660f4]cellSpurs error: cellSpursEventFlagSet(eventFlag_addr=0x821f80, bits=1)
HLE: E PPU[1] Thread (CPUThread)[0x00866040]cellSpurs error: cellSpursEventFlagWait(eventFlag_addr=0x821e80, mask=0xd0010630, mode=1)
HLE: E PPU[1] Thread (CPUThread)[0x002d507c]sys_event error: sys_event_queue_destroy(equeue_id=0, mode=0x1)
HLE: E PPU[1] Thread (CPUThread)[0x00866034]cellSpurs error: cellSpursEventFlagDetachLv2EventQueue(eventFlag_addr=0x821e80)
HLE: E PPU[1] Thread (CPUThread)[0x00866034]cellSpurs error: cellSpursEventFlagDetachLv2EventQueue(eventFlag_addr=0x821f00)
HLE: E PPU[1] Thread (CPUThread)[0x00866034]cellSpurs error: cellSpursEventFlagDetachLv2EventQueue(eventFlag_addr=0x821f80)
HLE: E PPU[1] Thread (CPUThread)[0x00866034]cellSpurs error: cellSpursEventFlagDetachLv2EventQueue(eventFlag_addr=0x822000)
HLE: W PPU[1] Thread (CPUThread)[0x0085c034]cellAudio warning: cellAudioPortStop(portNum=0x0)
HLE: E PPU[1] Thread (CPUThread)[0x008660a0]cellSpurs error: cellSpursShutdownTaskset(taskset_addr=0x30c81b80)
HLE: E PPU[1] Thread (CPUThread)[0x00866094]cellSpurs error: cellSpursJoinTaskset(taskset_addr=0x30c81b80)
HLE: W PPU[1] Thread (CPUThread)[0x0085c070]cellAudio warning: cellAudioRemoveNotifyEventQueue(key=0x0)
HLE: W PPU[1] Thread (CPUThread)[0x0085c028]cellAudio warning: cellAudioPortClose(portNum=0x0)
HLE: W PPU[1] Thread (CPUThread)[0x0085c058]cellAudio warning: cellAudioQuit()
HLE: ! Audio ThreadAudio thread ended
HLE: W PPU[1] Thread (CPUThread)[0x0086a100]sys_lwmutex warning: sys_lwmutex_destroy(lwmutex_addr=0x81fa70)
HLE: W PPU[1] Thread (CPUThread)[0x002d2c4c]sys_semaphore warning: sys_semaphore_destroy(sem_id=55)
HLE: W PPU[1] Thread (CPUThread)[0x0086a100]sys_lwmutex warning: sys_lwmutex_destroy(lwmutex_addr=0x30c81ae8)
HLE: W PPU[1] Thread (CPUThread)[0x0086a100]sys_lwmutex warning: sys_lwmutex_destroy(lwmutex_addr=0x30c9b718)
HLE: W PPU[1] Thread (CPUThread)[0x0086a100]sys_lwmutex warning: sys_lwmutex_destroy(lwmutex_addr=0x30c9b738)
HLE: W PPU[1] Thread (CPUThread)[0x0086a100]sys_lwmutex warning: sys_lwmutex_destroy(lwmutex_addr=0x30c9b758)
HLE: W PPU[1] Thread (CPUThread)[0x0086a100]sys_lwmutex warning: sys_lwmutex_destroy(lwmutex_addr=0x30c9b778)
HLE: W PPU[1] Thread (CPUThread)[0x0086a100]sys_lwmutex warning: sys_lwmutex_destroy(lwmutex_addr=0x30c9b798)
HLE: W PPU[1] Thread (CPUThread)[0x0086a100]sys_lwmutex warning: sys_lwmutex_destroy(lwmutex_addr=0x30cbe530)
HLE: W PPU[1] Thread (CPUThread)[0x0086a058]sys_lwmutex warning: *** lwmutex created [_lc_mtx] (attribute=0x12): sq_id = 64
HLE: W PPU[1] Thread (CPUThread)[0x0086a100]sys_lwmutex warning: sys_lwmutex_destroy(lwmutex_addr=0x30997aa0)
HLE: W PPU[1] Thread (CPUThread)[0x0086a058]sys_lwmutex warning: *** lwmutex created [] (attribute=0x12): sq_id = 65
HLE: W PPU[1] Thread (CPUThread)[0x0086a058]sys_lwmutex warning: *** lwmutex created [] (attribute=0x12): sq_id = 66
HLE: W PPU[1] Thread (CPUThread)[0x0086a058]sys_lwmutex warning: *** lwmutex created [] (attribute=0x12): sq_id = 67
HLE: W PPU[1] Thread (CPUThread)[0x0086a058]sys_lwmutex warning: *** lwmutex created [] (attribute=0x12): sq_id = 68
HLE: W PPU[1] Thread (CPUThread)[0x0086a058]sys_lwmutex warning: *** lwmutex created [] (attribute=0x12): sq_id = 69
HLE: W PPU[1] Thread (CPUThread)[0x0052f040]cellSysutil warning: cellSysutilRegisterCallback(slot=1, func_addr=0x537df0, userdata=0x3099fd90)
HLE: W PPU[1] Thread (CPUThread)[0x0086a058]sys_lwmutex warning: *** lwmutex created [] (attribute=0x12): sq_id = 70
HLE: W PPU[1] Thread (CPUThread)[0x0086a058]sys_lwmutex warning: *** lwmutex created [] (attribute=0x12): sq_id = 71
HLE: W PPU[1] Thread (CPUThread)[0x0086a058]sys_lwmutex warning: *** lwmutex created [] (attribute=0x12): sq_id = 72
HLE: W PPU[1] Thread (CPUThread)[0x001fe1a8]sys_event_flag warning: sys_event_flag_create(eflag_id_addr=0x309ac304, attr_addr=0xd0010220, init=0x0)
HLE: W PPU[1] Thread (CPUThread)[0x001fe1a8]sys_event_flag warning: *** event_flag created [EV_REQ] (protocol=0x2, type=0x20000): id = 73
HLE: W PPU[1] Thread (CPUThread)[0x001fe1a8]sys_event_flag warning: sys_event_flag_create(eflag_id_addr=0x309ac33c, attr_addr=0xd0010220, init=0x0)
HLE: W PPU[1] Thread (CPUThread)[0x001fe1a8]sys_event_flag warning: *** event_flag created [EV_FIN] (protocol=0x2, type=0x20000): id = 74
PPU: ! PPU[1] Thread (CPUThread)[0x0086a028]*** New PPU Thread [CMainPS3EventThread] (flags=0x0, entry=0x53be90): id = 75
HLE: E PPU[1] Thread (CPUThread)[0x008461b4]TODO: sceNpManagerRegisterCallback
HLE: W PPU[1] Thread (CPUThread)[0x0086a058]sys_lwmutex warning: *** lwmutex created [] (attribute=0x12): sq_id = 76
HLE: W PPU[1] Thread (CPUThread)[0x001fe1a8]sys_event_flag warning: sys_event_flag_create(eflag_id_addr=0x309acb54, attr_addr=0xd000fe00, init=0x0)
HLE: W PPU[1] Thread (CPUThread)[0x001fe1a8]sys_event_flag warning: *** event_flag created [PRF_LFIN] (protocol=0x2, type=0x20000): id = 77
PPU: ! PPU[1] Thread (CPUThread)[0x0086a028]*** New PPU Thread [CProfilePS3Loader] (flags=0x0, entry=0x53be90): id = 78
HLE: W PPU[78] Thread (CProfilePS3Loader)[0x0084a004]cellUserInfo warning: cellUserInfoGetStat(id=0, stat_addr=0x309acb6c)
HLE: W PPU[78] Thread (CProfilePS3Loader)[0x0052f028]cellSysutil warning: cellSysutilGetSystemParamInt: CELL_SYSUTIL_SYSTEMPARAM_ID_CURRENT_USER_HAS_NP_ACCOUNT
HLE: W PPU[78] Thread (CProfilePS3Loader)[0x0052f04c]cellSysutil warning: cellSaveDataAutoLoad2(version=0, dirName_addr=0xd0050cf8, errDialog=1, setBuf=0xd0050cd0, funcList=0x538298, funcStat=0x5382a0, funcFile=0xffffffff, container=815450864, userdata_addr=0x0)
HLE: W PPU[1] Thread (CPUThread)[0x0086a058]sys_lwmutex warning: *** lwmutex created [_lc_mtx] (attribute=0x12): sq_id = 79
HLE: W PPU[1] Thread (CPUThread)[0x0086a100]sys_lwmutex warning: sys_lwmutex_destroy(lwmutex_addr=0x309ac360)
HLE: W PPU[1] Thread (CPUThread)[0x0086a058]sys_lwmutex warning: *** lwmutex created [] (attribute=0x12): sq_id = 80
HLE: W PPU[1] Thread (CPUThread)[0x001fe1a8]sys_event_flag warning: sys_event_flag_create(eflag_id_addr=0x309a81c0, attr_addr=0xd00101c0, init=0x0)
HLE: W PPU[1] Thread (CPUThread)[0x001fe1a8]sys_event_flag warning: *** event_flag created [AM_LFIN] (protocol=0x2, type=0x20000): id = 81
HLE: W PPU[1] Thread (CPUThread)[0x001fe1a8]sys_event_flag warning: sys_event_flag_create(eflag_id_addr=0x309a81cc, attr_addr=0xd00101c0, init=0x0)
HLE: W PPU[1] Thread (CPUThread)[0x001fe1a8]sys_event_flag warning: *** event_flag created [AM_FIN] (protocol=0x2, type=0x20000): id = 82
HLE: W PPU[1] Thread (CPUThread)[0x001fe1a8]sys_event_flag warning: sys_event_flag_create(eflag_id_addr=0x309a81d8, attr_addr=0xd00101c0, init=0x0)
HLE: W PPU[1] Thread (CPUThread)[0x001fe1a8]sys_event_flag warning: *** event_flag created [AM_R] (protocol=0x2, type=0x20000): id = 83
HLE: W PPU[1] Thread (CPUThread)[0x001fe1a8]sys_event_flag warning: sys_event_flag_create(eflag_id_addr=0x309a81e4, attr_addr=0xd00101c0, init=0x0)
HLE: W PPU[1] Thread (CPUThread)[0x001fe1a8]sys_event_flag warning: *** event_flag created [AM_RSA] (protocol=0x2, type=0x20000): id = 84
HLE: W PPU[1] Thread (CPUThread)[0x001fe1a8]sys_event_flag warning: sys_event_flag_create(eflag_id_addr=0x309a81f0, attr_addr=0xd00101c0, init=0x0)
HLE: W PPU[1] Thread (CPUThread)[0x001fe1a8]sys_event_flag warning: *** event_flag created [AM_IR] (protocol=0x2, type=0x20000): id = 85
HLE: W PPU[1] Thread (CPUThread)[0x0086a058]sys_lwmutex warning: *** lwmutex created [] (attribute=0x12): sq_id = 86
PPU: ! PPU[1] Thread (CPUThread)[0x0086a028]*** New PPU Thread [CAchievementManagerPS3Thread] (flags=0x0, entry=0x53be90): id = 87
HLE: W PPU[1] Thread (CPUThread)[0x0086a058]sys_lwmutex warning: *** lwmutex created [] (attribute=0x12): sq_id = 88
HLE: W PPU[1] Thread (CPUThread)[0x0086a058]sys_lwmutex warning: *** lwmutex created [] (attribute=0x12): sq_id = 89
HLE: W PPU[1] Thread (CPUThread)[0x001fe1a8]sys_event_flag warning: sys_event_flag_create(eflag_id_addr=0x309a8478, attr_addr=0xd00101f0, init=0x0)
HLE: W PPU[1] Thread (CPUThread)[0x001fe1a8]sys_event_flag warning: *** event_flag created [USRI_REQ] (protocol=0x2, type=0x20000): id = 90
HLE: W PPU[1] Thread (CPUThread)[0x001fe1a8]sys_event_flag warning: sys_event_flag_create(eflag_id_addr=0x309a8484, attr_addr=0xd00101f0, init=0x0)
HLE: W PPU[1] Thread (CPUThread)[0x001fe1a8]sys_event_flag warning: *** event_flag created [USRI_FIN] (protocol=0x2, type=0x20000): id = 91
HLE: W PPU[1] Thread (CPUThread)[0x001fe1a8]sys_event_flag warning: sys_event_flag_create(eflag_id_addr=0x309a8490, attr_addr=0xd00101f0, init=0x0)
HLE: W PPU[1] Thread (CPUThread)[0x001fe1a8]sys_event_flag warning: *** event_flag created [USRI_REQ] (protocol=0x2, type=0x20000): id = 92
PPU: ! PPU[1] Thread (CPUThread)[0x0086a028]*** New PPU Thread [CUserInfoThreadPS3] (flags=0x0, entry=0x53be90): id = 93
HLE: W PPU[1] Thread (CPUThread)[0x0086a058]sys_lwmutex warning: *** lwmutex created [] (attribute=0x12): sq_id = 94
HLE: W PPU[1] Thread (CPUThread)[0x0086a058]sys_lwmutex warning: *** lwmutex created [] (attribute=0x12): sq_id = 95
HLE: W PPU[87] Thread (CAchievementManagerPS3Thread)[0x0084c07c]sceNpTrophy warning: sceNpTrophyCreateContext(context_addr=0x309a8204, commID_addr=0x3099ffd0, commSign_addr=0x3099ff30, options=0x0)
HLE: W PPU[1] Thread (CPUThread)[0x0086a058]sys_lwmutex warning: *** lwmutex created [] (attribute=0x12): sq_id = 96
HLE: W PPU[1] Thread (CPUThread)[0x001fe1a8]sys_event_flag warning: sys_event_flag_create(eflag_id_addr=0x309ac904, attr_addr=0xd00101c0, init=0x0)
HLE: W PPU[1] Thread (CPUThread)[0x001fe1a8]sys_event_flag warning: *** event_flag created [FM_LIREQ] (protocol=0x2, type=0x20000): id = 97
HLE: W PPU[1] Thread (CPUThread)[0x001fe1a8]sys_event_flag warning: sys_event_flag_create(eflag_id_addr=0x309ac910, attr_addr=0xd00101c0, init=0x0)
HLE: W PPU[1] Thread (CPUThread)[0x001fe1a8]sys_event_flag warning: *** event_flag created [LM_PREQ] (protocol=0x2, type=0x20000): id = 98
HLE: W PPU[1] Thread (CPUThread)[0x001fe1a8]sys_event_flag warning: sys_event_flag_create(eflag_id_addr=0x309ac91c, attr_addr=0xd00101c0, init=0x0)
HLE: W PPU[1] Thread (CPUThread)[0x001fe1a8]sys_event_flag warning: *** event_flag created [LM_FIN] (protocol=0x2, type=0x20000): id = 99
HLE: W PPU[1] Thread (CPUThread)[0x001fe1a8]sys_event_flag warning: sys_event_flag_create(eflag_id_addr=0x309ac928, attr_addr=0xd00101c0, init=0x0)
HLE: W PPU[1] Thread (CPUThread)[0x001fe1a8]sys_event_flag warning: *** event_flag created [LM_FINL] (protocol=0x2, type=0x20000): id = 100
HLE: W PPU[1] Thread (CPUThread)[0x001fe1a8]sys_event_flag warning: sys_event_flag_create(eflag_id_addr=0x309ac934, attr_addr=0xd00101c0, init=0x0)
HLE: W PPU[1] Thread (CPUThread)[0x001fe1a8]sys_event_flag warning: *** event_flag created [LM_FINP] (protocol=0x2, type=0x20000): id = 101
PPU: ! PPU[1] Thread (CPUThread)[0x0086a028]*** New PPU Thread [CFriendManagerPS3Thread] (flags=0x0, entry=0x53be90): id = 102
HLE: E PPU[1] Thread (CPUThread)[0x00850058]TODO: cellRudpSetEventHandler
HLE: E PPU[1] Thread (CPUThread)[0x00850040]TODO: cellRudpEnableInternalIOThread
HLE: E PPU[1] Thread (CPUThread)[0x00848154]TODO: sceNpMatching2Init2
HLE: E PPU[1] Thread (CPUThread)[0x00846154]TODO: sceNpBasicRegisterHandler
HLE: W PPU[1] Thread (CPUThread)[0x0086a058]sys_lwmutex warning: *** lwmutex created [] (attribute=0x12): sq_id = 103
HLE: W PPU[1] Thread (CPUThread)[0x0086a058]sys_lwmutex warning: *** lwmutex created [_lc_mtx] (attribute=0x12): sq_id = 104
HLE: W PPU[87] Thread (CAchievementManagerPS3Thread)[0x0084c010]sceNpTrophy warning: sceNpTrophyCreateHandle(handle_addr=0x309a8208)
HLE: W PPU[87] Thread (CAchievementManagerPS3Thread)[0x0084c01c]sceNpTrophy warning: sceNpTrophyGetRequiredDiskSpace(context=0, handle=0, reqspace_addr=0x309a8238, options=0x0)
HLE: W PPU[78] Thread (CProfilePS3Loader)[0x0052f04c]cellSaveDataAutoLoad2: Couldn't find save entry (NPEB00769-PROFILE-)
HLE: W PPU[1] Thread (CPUThread)[0x0052b04c]sys_fs warning: cellFsStat: "eurostile00" not found.
HLE: W PPU[1] Thread (CPUThread)[0x0052b04c]sys_fs warning: cellFsStat: "eurostile00.dds" not found.
HLE: W PPU[1] Thread (CPUThread)[0x0052b04c]sys_fs warning: cellFsStat: "/textures/eurostile00.dds" not found.
HLE: W PPU[1] Thread (CPUThread)[0x0086a058]sys_lwmutex warning: *** lwmutex created [_lc_mtx] (attribute=0x12): sq_id = 105
HLE: W PPU[1] Thread (CPUThread)[0x0086a100]sys_lwmutex warning: sys_lwmutex_destroy(lwmutex_addr=0x309ace70)
HLE: W PPU[1] Thread (CPUThread)[0x0086a100]sys_lwmutex warning: sys_lwmutex_destroy(lwmutex_addr=0x30940ee0)
HLE: W PPU[1] Thread (CPUThread)[0x0086a058]sys_lwmutex warning: *** lwmutex created [] (attribute=0x12): sq_id = 106
HLE: W PPU[1] Thread (CPUThread)[0x0052b04c]sys_fs warning: cellFsStat: "UI1" not found.
HLE: W PPU[1] Thread (CPUThread)[0x0052b04c]sys_fs warning: cellFsStat: "ui1.dds" not found.
HLE: W PPU[1] Thread (CPUThread)[0x0052b04c]sys_fs warning: cellFsStat: "/textures/ui1.dds" not found.
HLE: W PPU[1] Thread (CPUThread)[0x0086a058]sys_lwmutex warning: *** lwmutex created [_lc_mtx] (attribute=0x12): sq_id = 107
HLE: W PPU[1] Thread (CPUThread)[0x0086a100]sys_lwmutex warning: sys_lwmutex_destroy(lwmutex_addr=0x3094d630)
HLE: W PPU[1] Thread (CPUThread)[0x0052b04c]sys_fs warning: cellFsStat: "logo_publisher" not found.
HLE: W PPU[1] Thread (CPUThread)[0x0052b04c]sys_fs warning: cellFsStat: "logo_publisher.dds" not found.
HLE: W PPU[1] Thread (CPUThread)[0x0052b04c]sys_fs warning: cellFsStat: "/textures/logo_publisher.dds" not found.
HLE: W PPU[1] Thread (CPUThread)[0x0086a058]sys_lwmutex warning: *** lwmutex created [_lc_mtx] (attribute=0x12): sq_id = 108
HLE: W PPU[1] Thread (CPUThread)[0x0086a100]sys_lwmutex warning: sys_lwmutex_destroy(lwmutex_addr=0x3094d690)
HLE: W PPU[1] Thread (CPUThread)[0x0052b04c]sys_fs warning: cellFsStat: "logo_developer" not found.
HLE: W PPU[1] Thread (CPUThread)[0x0052b04c]sys_fs warning: cellFsStat: "logo_developer.dds" not found.
HLE: W PPU[1] Thread (CPUThread)[0x0052b04c]sys_fs warning: cellFsStat: "/textures/logo_developer.dds" not found.
HLE: W PPU[1] Thread (CPUThread)[0x0086a058]sys_lwmutex warning: *** lwmutex created [_lc_mtx] (attribute=0x12): sq_id = 109
HLE: W PPU[1] Thread (CPUThread)[0x0086a100]sys_lwmutex warning: sys_lwmutex_destroy(lwmutex_addr=0x3094d6f0)
HLE: W PPU[1] Thread (CPUThread)[0x0052b04c]sys_fs warning: cellFsStat: "logo_title" not found.
HLE: W PPU[1] Thread (CPUThread)[0x0052b04c]sys_fs warning: cellFsStat: "logo_title.dds" not found.
HLE: W PPU[1] Thread (CPUThread)[0x0052b04c]sys_fs warning: cellFsStat: "/textures/logo_title.dds" not found.
HLE: W PPU[1] Thread (CPUThread)[0x0086a058]sys_lwmutex warning: *** lwmutex created [_lc_mtx] (attribute=0x12): sq_id = 110
HLE: W PPU[1] Thread (CPUThread)[0x0086a100]sys_lwmutex warning: sys_lwmutex_destroy(lwmutex_addr=0x3094d750)
PPU: ! PPU[1] Thread (CPUThread)[0x0086a028]*** New PPU Thread [CustomThread] (flags=0x0, entry=0x53be90): id = 111
RSX: W RSXThreadNV4097_SET_ZCULL_CONTROL0: 10
RSX: W RSXThreadNV4097_SET_ZCULL_CONTROL0: 10
RSX: W RSXThreadNV4097_SET_VERTEX_ATTRIB_INPUT_MASK: 109
RSX: W RSXThreadNV4097_SET_VERTEX_ATTRIB_OUTPUT_MASK: 4001
RSX: W RSXThreadNV4097_SET_TEX_COORD_CONTROL
RSX: W RSXThreadFP not found in buffer!
RSX: W RSXThreadVP not found in buffer!
RSX: ! RSXThreadAdd program (0):
RSX: ! RSXThread*** prog id = 3
RSX: ! RSXThread*** vp id = 2
RSX: ! RSXThread*** fp id = 1
RSX: ! RSXThread*** vp data size = 64
RSX: ! RSXThread*** fp data size = 80
RSX: ! RSXThread*** vp shader = 
#version 330

uniform mat4 scaleOffsetMat = mat4(1.0);
vec4 dst_reg1 = vec4(0.0);
vec4 dst_reg0 = vec4(0.0f, 0.0f, 0.0f, 1.0f);
vec4 dst_reg7 = vec4(0.0);
layout (location = 3) in vec4 in_diff_color;
layout (location = 0) in vec4 in_pos;
layout (location = 8) in vec4 in_tc0;
uniform vec4 vc[468];
out vec4 diff_color;
out vec4 tc0;

void func0();

void main()
{
	func0();
	gl_Position = dst_reg0;
	diff_color = dst_reg1;
	tc0 = dst_reg7;
	gl_Position = gl_Position * scaleOffsetMat;
}

void func0()
{
	dst_reg1 = in_diff_color;
	dst_reg0.xy = (in_pos.xyxx * vc[467].xyxx + vc[467].zwzz).xy;
	dst_reg0.zw = vc[465].xxxy.zw;
	dst_reg7.xy = (in_tc0.xyxx * vc[466].xyxx).xy;
}

RSX: ! RSXThread*** fp shader = 
#version 330

vec4 r0 = vec4(0.0, 0.0, 0.0, 0.0);
uniform sampler2D tex0;
in vec4 tc0;
in vec4 diff_color;
layout (location = 0) out vec4 ocol0;

void main()
{
	r0 = texture(tex0, tc0.xy);
	r0 = (r0 * diff_color);
	r0.w = r0.w;
	r0.xyz = (r0 * 2.0).xyz;
	ocol0 = r0;
}

RSX: W RSXThreadNew FBO (1920x1080)
RSX: E RSXThreadglStencilFunc: opengl error 0x0500
HLE: W PPU[111] Thread (CustomThread)[0x0086a004]sys_lwmutex_t::lock(sq=106) aborted
RSX: W RSXThreadRSX thread aborted
RSX: W VBlank threadVBlank thread aborted
HLE: ! All threads stopped...
RSX: W GLVertexProgram::Delete(): glDeleteShader(2) avoided
RSX: W GLShaderProgram::Delete(): glDeleteShader(1) avoided
MEM: ! Closing memory...
