HLE: ! path: /dev_hdd0/game/
LDR: ! Loading 'D:\Emulateurs\Rpcs3\dev_hdd0\game\NPEB00765/USRDIR/BOOT.BIN'...
LDR: !  
LDR: ! Mount info:
LDR: ! /dev_hdd0/ -> D:\Emulateurs\Rpcs3/dev_hdd0/
LDR: ! /dev_hdd1/ -> D:\Emulateurs\Rpcs3/dev_hdd1/
LDR: ! /dev_flash/ -> D:\Emulateurs\Rpcs3/dev_flash/
LDR: ! /dev_usb000/ -> D:\Emulateurs\Rpcs3/dev_usb000/
LDR: ! /dev_usb/ -> D:\Emulateurs\Rpcs3/dev_usb000/
LDR: ! /app_home/ -> D:\Emulateurs\Rpcs3\dev_hdd0\game\NPEB00765/
LDR: ! /dev_bdvd/ -> D:\Emulateurs\Rpcs3\dev_hdd0\game\NPEB00765//../
LDR: ! /host_root/ -> 
LDR: ! / -> D:\Emulateurs\Rpcs3\dev_hdd0\game\NPEB00765//USRDIR/
LDR: ! /app_home/PS3_GAME/USRDIR/ -> D:\Emulateurs\Rpcs3\dev_hdd0\game\NPEB00765//USRDIR/
LDR: ! /dev_flash2/ -> D:\Emulateurs\Rpcs3/dev_flash2/
LDR: !  
MEM: ! Initing memory...
MEM: ! Memory initialized.
LDR: W Unimplemented function 'cellMsgDialogClose' in 'cellSysutil' module
LDR: W Unimplemented function 'cellSaveDataListAutoLoad' in 'cellSysutil' module
LDR: W Unimplemented function 'cellSaveDataListAutoSave' in 'cellSysutil' module
LDR: W Unimplemented function 'cellMsgDialogAbort' in 'cellSysutil' module
LDR: W Unimplemented function 'cellFsUtime' in 'sys_fs' module
LDR: W Unimplemented function 'getsockname' in 'sys_net' module
LDR: W Unimplemented function 'socketselect' in 'sys_net' module
LDR: W Unimplemented function 'getsockopt' in 'sys_net' module
LDR: W Unimplemented function 'gethostbyname' in 'sys_net' module
LDR: W Unimplemented function 'inet_ntoa' in 'sys_net' module
LDR: W Unimplemented function 'cellCameraClose' in 'cellCamera' module
LDR: W Unimplemented function 'cellCameraRead' in 'cellCamera' module
LDR: W Unimplemented function 'cellCameraStart' in 'cellCamera' module
LDR: W Unimplemented function 'cellCameraGetType' in 'cellCamera' module
LDR: W Unimplemented function 'cellCameraOpenEx' in 'cellCamera' module
LDR: W Unimplemented function 'cellCameraGetBufferSize' in 'cellCamera' module
LDR: W Unimplemented function 'cellCameraIsAttached' in 'cellCamera' module
LDR: W Unimplemented function 'cellCameraIsAvailable' in 'cellCamera' module
LDR: W Unimplemented function 'cellCameraSetAttribute' in 'cellCamera' module
LDR: W Unimplemented function 'cellCameraInit' in 'cellCamera' module
LDR: W Unknown module 'cellScreenShotUtility'
LDR: W Unimplemented function 'sceNpBasicSendMessageGui' in 'sceNp' module
LDR: W Unimplemented function 'sceNpBasicGetFriendPresenceByIndex' in 'sceNp' module
LDR: W Unimplemented function 'sceNpBasicSetPresence' in 'sceNp' module
LDR: W Unimplemented function 'sceNpSignalingAddExtendedHandler' in 'sceNp' module
LDR: W Unimplemented function 'sceNpManagerUnregisterCallback' in 'sceNp' module
LDR: W Unimplemented function 'sceNpSignalingActivateConnection' in 'sceNp' module
LDR: W Unimplemented function 'sceNpSignalingCreateCtx' in 'sceNp' module
LDR: W Unimplemented function 'sceNpBasicGetFriendPresenceByIndex2' in 'sceNp' module
LDR: W Unimplemented function 'sceNpBasicRecvMessageAttachmentLoad' in 'sceNp' module
LDR: W Unimplemented function 'sceNpSignalingGetPeerNetInfo' in 'sceNp' module
LDR: W Unimplemented function 'sceNpSignalingGetLocalNetInfo' in 'sceNp' module
LDR: W Unimplemented function 'sceNpSignalingDestroyCtx' in 'sceNp' module
LDR: W Unimplemented function 'sceNpBasicUnregisterHandler' in 'sceNp' module
LDR: W Unimplemented function 'sceNpBasicGetFriendListEntryCount' in 'sceNp' module
LDR: W Unimplemented function 'sceNpBasicRegisterHandler' in 'sceNp' module
LDR: W Unimplemented function 'sceNpSignalingGetConnectionStatus' in 'sceNp' module
LDR: W Unimplemented function 'sceNpUtilCmpNpId' in 'sceNp' module
LDR: W Unimplemented function 'sceNpBasicGetEvent' in 'sceNp' module
LDR: W Unimplemented function 'sceNpManagerRegisterCallback' in 'sceNp' module
LDR: W Unimplemented function 'sceNpSignalingDeactivateConnection' in 'sceNp' module
LDR: W Unimplemented function 'sceNpManagerGetNpId' in 'sceNp' module
LDR: W Unimplemented function 'sceNpMatching2DestroyContext' in 'sceNp2' module
LDR: W Unimplemented function 'sceNpMatching2GetWorldInfoList' in 'sceNp2' module
LDR: W Unimplemented function 'sceNpMatching2SearchRoom' in 'sceNp2' module
LDR: W Unimplemented function 'sceNpMatching2ContextStart' in 'sceNp2' module
LDR: W Unimplemented function 'sceNpMatching2CreateServerContext' in 'sceNp2' module
LDR: W Unimplemented function 'sceNpMatching2LeaveRoom' in 'sceNp2' module
LDR: W Unimplemented function 'sceNpMatching2Term2' in 'sceNp2' module
LDR: W Unimplemented function 'sceNpMatching2GetServerInfo' in 'sceNp2' module
LDR: W Unimplemented function 'sceNpMatching2GetEventData' in 'sceNp2' module
LDR: W Unimplemented function 'sceNp2Init' in 'sceNp2' module
LDR: W Unimplemented function 'sceNpMatching2JoinRoom' in 'sceNp2' module
LDR: W Unimplemented function 'sceNpMatching2RegisterContextCallback' in 'sceNp2' module
LDR: W Unimplemented function 'sceNpMatching2GetServerIdListLocal' in 'sceNp2' module
LDR: W Unimplemented function 'sceNpMatching2CreateContext' in 'sceNp2' module
LDR: W Unimplemented function 'sceNpMatching2ClearEventData' in 'sceNp2' module
LDR: W Unimplemented function 'sceNp2Term' in 'sceNp2' module
LDR: W Unimplemented function 'sceNpMatching2DeleteServerContext' in 'sceNp2' module
LDR: W Unimplemented function 'sceNpMatching2SetDefaultRequestOptParam' in 'sceNp2' module
LDR: W Unimplemented function 'sceNpMatching2RegisterRoomEventCallback' in 'sceNp2' module
LDR: W Unimplemented function 'sceNpMatching2GetRoomDataExternalList' in 'sceNp2' module
LDR: W Unimplemented function 'sceNpMatching2CreateJoinRoom' in 'sceNp2' module
LDR: W Unimplemented function 'sceNpMatching2ContextStop' in 'sceNp2' module
LDR: W Unimplemented function 'sceNpMatching2Init2' in 'sceNp2' module
LDR: W Unimplemented function 'sceNpMatching2RegisterRoomMessageCallback' in 'sceNp2' module
HLE: W PPU[1] Thread (CPUThread)[0x02678034]sys_lwmutex warning: *** lwmutex created [_lc_mtx] (attribute=0x12): sq_id = 3
HLE: W PPU[1] Thread (CPUThread)[0x00775bd4]memory warning: sys_memory_get_user_memory_size(mem_info_addr=0xd0010c04)
HLE: W PPU[1] Thread (CPUThread)[0x02678034]sys_lwmutex warning: *** lwmutex created [_lc_mtx] (attribute=0x12): sq_id = 4
HLE: W PPU[1] Thread (CPUThread)[0x02678034]sys_lwmutex warning: *** lwmutex created [_lc_mtx] (attribute=0x12): sq_id = 5
HLE: W PPU[1] Thread (CPUThread)[0x02678034]sys_lwmutex warning: *** lwmutex created [_lc_mtx] (attribute=0x12): sq_id = 6
HLE: W PPU[1] Thread (CPUThread)[0x02678034]sys_lwmutex warning: *** lwmutex created [_lc_mtx] (attribute=0x12): sq_id = 7
HLE: W PPU[1] Thread (CPUThread)[0x02678034]sys_lwmutex warning: *** lwmutex created [_lc_mtx] (attribute=0x12): sq_id = 8
HLE: W PPU[1] Thread (CPUThread)[0x02678034]sys_lwmutex warning: *** lwmutex created [_lc_mtx] (attribute=0x12): sq_id = 9
HLE: W PPU[1] Thread (CPUThread)[0x02678034]sys_lwmutex warning: *** lwmutex created [_lc_mtx] (attribute=0x12): sq_id = 10
HLE: W PPU[1] Thread (CPUThread)[0x02678034]sys_lwmutex warning: *** lwmutex created [_lc_mtx] (attribute=0x12): sq_id = 11
HLE: W PPU[1] Thread (CPUThread)[0x02678034]sys_lwmutex warning: *** lwmutex created [_lc_mtx] (attribute=0x12): sq_id = 12
HLE: W PPU[1] Thread (CPUThread)[0x02678034]sys_lwmutex warning: *** lwmutex created [_lgcmtx] (attribute=0x12): sq_id = 13
HLE: W PPU[1] Thread (CPUThread)[0x02678034]sys_lwmutex warning: *** lwmutex created [_lgcmtx] (attribute=0x12): sq_id = 14
HLE: W PPU[1] Thread (CPUThread)[0x02678034]sys_lwmutex warning: *** lwmutex created [_lgcmtx] (attribute=0x22): sq_id = 15
HLE: W PPU[1] Thread (CPUThread)[0x02678034]sys_lwmutex warning: *** lwmutex created [] (attribute=0x22): sq_id = 16
HLE: W PPU[1] Thread (CPUThread)[0x02678034]sys_lwmutex warning: *** lwmutex created [] (attribute=0x22): sq_id = 17
HLE: W PPU[1] Thread (CPUThread)[0x02678034]sys_lwmutex warning: *** lwmutex created [] (attribute=0x22): sq_id = 18
HLE: W PPU[1] Thread (CPUThread)[0x02678034]sys_lwmutex warning: *** lwmutex created [] (attribute=0x22): sq_id = 19
HLE: W PPU[1] Thread (CPUThread)[0x02678034]sys_lwmutex warning: *** lwmutex created [] (attribute=0x11): sq_id = 20
HLE: W PPU[1] Thread (CPUThread)[0x02678034]sys_lwmutex warning: *** lwmutex created [] (attribute=0x11): sq_id = 21
HLE: W PPU[1] Thread (CPUThread)[0x02678034]sys_lwmutex warning: *** lwmutex created [] (attribute=0x11): sq_id = 22
HLE: W PPU[1] Thread (CPUThread)[0x02678034]sys_lwmutex warning: *** lwmutex created [] (attribute=0x11): sq_id = 23
HLE: W PPU[1] Thread (CPUThread)[0x02678034]sys_lwmutex warning: *** lwmutex created [] (attribute=0x11): sq_id = 24
HLE: W PPU[1] Thread (CPUThread)[0x02678034]sys_lwmutex warning: *** lwmutex created [] (attribute=0x11): sq_id = 25
HLE: W PPU[1] Thread (CPUThread)[0x0265c034]cellSysutil warning: cellSysutilGetSystemParamInt: CELL_SYSUTIL_SYSTEMPARAM_ID_LANG
HLE: W PPU[1] Thread (CPUThread)[0x02678034]sys_lwmutex warning: *** lwmutex created [] (attribute=0x11): sq_id = 26
HLE: W PPU[1] Thread (CPUThread)[0x0265e010]cellSysmodule warning: cellSysmoduleLoadModule(CELL_SYSMODULE_FS)
HLE: W PPU[1] Thread (CPUThread)[0x0265c070]cellSysutil warning: cellSysutilRegisterCallback(slot=0, func_addr=0x979e30, userdata=0x1d6ca10)
HLE: W PPU[1] Thread (CPUThread)[0x0056c620]sys_spu warning: sys_spu_initialize(max_usable_spu=5, max_raw_spu=0)
HLE: W PPU[1] Thread (CPUThread)[0x0266604c]cellSpurs warning: cellSpursInitialize(spurs_addr=0x30208700, nSpus=5, spuPriority=250, ppuPriority=4294967295, exitIfNoWork=0)
HLE: W PPU[1] Thread (CPUThread)[0x0056c6e4]sys_event warning: sys_event_queue_create(equeue_id_addr=0x23e318c, attr_addr=0xd00107d0, event_queue_key=0x0, size=10)
HLE: W PPU[1] Thread (CPUThread)[0x0056c6e4]sys_event warning: *** event_queue created [] (protocol=0x2, type=0x1): id = 27
PPU: ! PPU[1] Thread (CPUThread)[0x0267801c]*** New PPU Thread [spu_printf_handler] (flags=0x1, entry=0x97a130): id = 28
HLE: W PPU[1] Thread (CPUThread)[0x0056c738]sys_event warning: sys_event_port_create(eport_id_addr=0x23e3198, port_type=0x1, name=0xfee1dead)
HLE: W PPU[1] Thread (CPUThread)[0x0056c738]sys_event warning: *** sys_event_port created: id = 29
HLE: W PPU[1] Thread (CPUThread)[0x0056c750]sys_event warning: sys_event_port_connect_local(eport_id=29, equeue_id=27)
HLE: W PPU[1] Thread (CPUThread)[0x02666058]cellSpurs warning: cellSpursAttachLv2EventQueue(spurs_addr=0x30208700, queue=0x1b, port_addr=0xd00107c0, isDynamic=0)
HLE: W PPU[1] Thread (CPUThread)[0x0056c794]sys_event warning: sys_event_queue_create(equeue_id_addr=0x23e31a0, attr_addr=0xd00107d0, event_queue_key=0x0, size=1)
HLE: W PPU[1] Thread (CPUThread)[0x0056c794]sys_event warning: *** event_queue created [] (protocol=0x2, type=0x1): id = 30
HLE: W PPU[1] Thread (CPUThread)[0x02666058]cellSpurs warning: cellSpursAttachLv2EventQueue(spurs_addr=0x30208700, queue=0x1e, port_addr=0x23e31a4, isDynamic=1)
HLE: E PPU[1] Thread (CPUThread)[0x02666010]cellSpurs error: Unimplemented function: _cellSpursJobChainAttributeInitialize
HLE: E PPU[1] Thread (CPUThread)[0x02666004]cellSpurs error: Unimplemented function: cellSpursCreateJobChainWithAttribute
HLE: E PPU[1] Thread (CPUThread)[0x02666028]cellSpurs error: Unimplemented function: cellSpursJobGuardInitialize
HLE: E PPU[1] Thread (CPUThread)[0x02666028]cellSpurs error: Unimplemented function: cellSpursJobGuardInitialize
HLE: E PPU[1] Thread (CPUThread)[0x02666028]cellSpurs error: Unimplemented function: cellSpursJobGuardInitialize
HLE: E PPU[1] Thread (CPUThread)[0x02666028]cellSpurs error: Unimplemented function: cellSpursJobGuardInitialize
HLE: E PPU[1] Thread (CPUThread)[0x02666028]cellSpurs error: Unimplemented function: cellSpursJobGuardInitialize
HLE: E PPU[1] Thread (CPUThread)[0x02666028]cellSpurs error: Unimplemented function: cellSpursJobGuardInitialize
HLE: E PPU[1] Thread (CPUThread)[0x02666028]cellSpurs error: Unimplemented function: cellSpursJobGuardInitialize
HLE: E PPU[1] Thread (CPUThread)[0x02666028]cellSpurs error: Unimplemented function: cellSpursJobGuardInitialize
HLE: E PPU[1] Thread (CPUThread)[0x02666028]cellSpurs error: Unimplemented function: cellSpursJobGuardInitialize
HLE: E PPU[1] Thread (CPUThread)[0x02666028]cellSpurs error: Unimplemented function: cellSpursJobGuardInitialize
HLE: E PPU[1] Thread (CPUThread)[0x02666028]cellSpurs error: Unimplemented function: cellSpursJobGuardInitialize
HLE: E PPU[1] Thread (CPUThread)[0x02666028]cellSpurs error: Unimplemented function: cellSpursJobGuardInitialize
HLE: E PPU[1] Thread (CPUThread)[0x02666028]cellSpurs error: Unimplemented function: cellSpursJobGuardInitialize
HLE: E PPU[1] Thread (CPUThread)[0x02666028]cellSpurs error: Unimplemented function: cellSpursJobGuardInitialize
HLE: E PPU[1] Thread (CPUThread)[0x02666028]cellSpurs error: Unimplemented function: cellSpursJobGuardInitialize
HLE: E PPU[1] Thread (CPUThread)[0x02666028]cellSpurs error: Unimplemented function: cellSpursJobGuardInitialize
HLE: E PPU[1] Thread (CPUThread)[0x0266607c]cellSpurs error: Unimplemented function: cellSpursRunJobChain
HLE: W PPU[1] Thread (CPUThread)[0x0265e010]cellSysmodule warning: cellSysmoduleLoadModule(CELL_SYSMODULE_NET)
HLE: W PPU[1] Thread (CPUThread)[0x0265e010]cellSysmodule warning: cellSysmoduleLoadModule(CELL_SYSMODULE_SYSUTIL_GAME)
HLE: W PPU[1] Thread (CPUThread)[0x0265e010]cellSysmodule warning: cellSysmoduleLoadModule(CELL_SYSMODULE_NETCTL)
HLE: W PPU[1] Thread (CPUThread)[0x0265e010]cellSysmodule warning: cellSysmoduleLoadModule(CELL_SYSMODULE_RTC)
HLE: W PPU[1] Thread (CPUThread)[0x0265e010]cellSysmodule warning: cellSysmoduleLoadModule(CELL_SYSMODULE_SYSUTIL_NP)
HLE: W PPU[1] Thread (CPUThread)[0x0265e010]cellSysmodule warning: cellSysmoduleLoadModule(CELL_SYSMODULE_SYSUTIL_NP2)
HLE: W PPU[1] Thread (CPUThread)[0x0265e010]cellSysmodule warning: cellSysmoduleLoadModule(CELL_SYSMODULE_SYSUTIL_USERINFO)
HLE: W PPU[1] Thread (CPUThread)[0x0265e010]cellSysmodule warning: cellSysmoduleLoadModule(CELL_SYSMODULE_IO)
HLE: W PPU[1] Thread (CPUThread)[0x0265e010]cellSysmodule warning: cellSysmoduleLoadModule(CELL_SYSMODULE_SYSUTIL_NP_TROPHY)
HLE: W PPU[1] Thread (CPUThread)[0x02662004]sys_net warning: sys_net_initialize_network_ex(param_addr=0xd0010aa4)
HLE: E PPU[1] Thread (CPUThread)[0x02664064]cellNetCtl error: Unimplemented function: cellNetCtlInit
HLE: E PPU[1] Thread (CPUThread)[0x02674070]TODO: sceNp2Init
HLE: E PPU[1] Thread (CPUThread)[0x02664010]cellNetCtl error: Unimplemented function: cellNetCtlAddHandler
HLE: E PPU[1] Thread (CPUThread)[0x0267210c]TODO: sceNpManagerRegisterCallback
HLE: E PPU[1] Thread (CPUThread)[0x02672130]TODO: sceNpManagerGetNpId
HLE: E PPU[1] Thread (CPUThread)[0x02672058]TODO: sceNpSignalingCreateCtx
HLE: E PPU[1] Thread (CPUThread)[0x02672034]TODO: sceNpSignalingAddExtendedHandler
HLE: W PPU[1] Thread (CPUThread)[0x0265e010]cellSysmodule warning: cellSysmoduleLoadModule(CELL_SYSMODULE_AUDIO)
HLE: W PPU[1] Thread (CPUThread)[0x0265e010]cellSysmodule warning: cellSysmoduleLoadModule(CELL_SYSMODULE_SYSUTIL_SCREENSHOT)
HLE: E PPU[1] Thread (CPUThread)[0x0266c010]TODO: cellScreenShotSetParameter
HLE: E PPU[1] Thread (CPUThread)[0x0266c004]TODO: cellScreenShotEnable
HLE: W PPU[1] Thread (CPUThread)[0x02678034]sys_lwmutex warning: *** lwmutex created [] (attribute=0x11): sq_id = 31
PPU: ! PPU[1] Thread (CPUThread)[0x0267801c]*** New PPU Thread [asyncLoad] (flags=0x0, entry=0x979da0): id = 32
HLE: W PPU[1] Thread (CPUThread)[0x02678034]sys_lwmutex warning: *** lwmutex created [] (attribute=0x11): sq_id = 33
HLE: W PPU[1] Thread (CPUThread)[0x0265a010]cellGcmSys warning: cellGcmInit(context_addr=0x2638fc0,cmdSize=0xff000,ioSize=0x100000,ioAddress=0x38e00000)
HLE: W PPU[1] Thread (CPUThread)[0x0265a010]cellGcmSys warning: *** local memory(addr=0xc0000000, size=0xf900000)
HLE: W PPU[1] Thread (CPUThread)[0x0265a010]cellGcmSys warning: cellGcmMapEaIoAddress(ea=0x38e00000, io=0x0, size=0x100000)
RSX: ! RSXThreadRSX thread started
HLE: W PPU[1] Thread (CPUThread)[0x0265a07c]cellGcmSys warning: cellGcmMapMainMemory(ea=0x38f00000,size=0x1400000,offset_addr=0xd0010460)
HLE: W PPU[1] Thread (CPUThread)[0x0265a07c]cellGcmSys warning: cellGcmMapMainMemory(ea=0x30200000,size=0x8b00000,offset_addr=0xd0010460)
HLE: W PPU[1] Thread (CPUThread)[0x0265a004]cellGcmSys warning: cellGcmGetTiledPitchSize(size=5120)
HLE: W PPU[1] Thread (CPUThread)[0x0265c004]cellSysutil warning: cellVideoOutConfigure(videoOut=0, config_addr=0x25194c4, option_addr=0x0, waitForEvent=0x0)
HLE: W PPU[1] Thread (CPUThread)[0x0265a040]cellGcmSys warning: cellGcmSetFlipMode(mode=1)
HLE: W PPU[1] Thread (CPUThread)[0x0265a004]cellGcmSys warning: cellGcmGetTiledPitchSize(size=8192)
HLE: W PPU[1] Thread (CPUThread)[0x0265a0b8]cellGcmSys warning: cellGcmSetTile(index=0, location=0, offset=12582912, size=3801088, pitch=5120, comp=0, base=0, bank=0)
HLE: W PPU[1] Thread (CPUThread)[0x0265a0b8]cellGcmSys warning: cellGcmSetTile(index=1, location=0, offset=16384000, size=3801088, pitch=5120, comp=0, base=0, bank=0)
HLE: W PPU[1] Thread (CPUThread)[0x0265a0b8]cellGcmSys warning: cellGcmSetTile(index=2, location=0, offset=0, size=12582912, pitch=8192, comp=0, base=0, bank=2)
HLE: W PPU[1] Thread (CPUThread)[0x0265a0c4]cellGcmSys warning: TODO: cellGcmSetZcull(index=0, offset=0x0, width=2048, height=576, cullStart=0x0, zFormat=0x2, aaFormat=0x3, zCullDir=0x0, zCullFormat=0x1, sFunc=0x0, sRef=0x0, sMask=0x0)
HLE: W PPU[1] Thread (CPUThread)[0x0265a004]cellGcmSys warning: cellGcmGetTiledPitchSize(size=8192)
HLE: W PPU[1] Thread (CPUThread)[0x0265a0b8]cellGcmSys warning: cellGcmSetTile(index=3, location=0, offset=20185088, size=4718592, pitch=8192, comp=0, base=72, bank=0)
HLE: W PPU[1] Thread (CPUThread)[0x0265a004]cellGcmSys warning: cellGcmGetTiledPitchSize(size=4096)
HLE: W PPU[1] Thread (CPUThread)[0x0265a0b8]cellGcmSys warning: cellGcmSetTile(index=4, location=0, offset=24903680, size=2359296, pitch=4096, comp=0, base=36, bank=0)
HLE: W PPU[1] Thread (CPUThread)[0x0265a04c]cellGcmSys warning: cellGcmSetDebugOutputLevel(level=2)
HLE: W PPU[1] Thread (CPUThread)[0x0265a0a0]cellGcmSys warning: cellGcmSetVBlankHandler(handler_addr=0x97a228)
RSX: W RSXThreadNV4097_SET_ANTI_ALIASING_CONTROL: ffff0000
PPU: ! PPU[1] Thread (CPUThread)[0x0267801c]*** New PPU Thread [hddfileinfo] (flags=0x0, entry=0x979da0): id = 34
HLE: W PPU[34] Thread (hddfileinfo)[0x0266a028]cellGame warning: cellGameBootCheck(type_addr=0xd0050d18, attributes_addr=0xd0050d10, size_addr=0xd0050d1c, dirName_addr=0xd0050d28)
HLE: E PPU[34] Thread (hddfileinfo)[0x0266a01c]cellGame error: Unimplemented function: cellGameGetSizeKB
HLE: W PPU[34] Thread (hddfileinfo)[0x0266a004]cellGame warning: cellGameContentPermit(contentInfoPath_addr=0x9a3a18, usrdirPath_addr=0x9a3998)
HLE: W PPU[1] Thread (CPUThread)[0x0265e010]cellSysmodule warning: cellSysmoduleLoadModule(CELL_SYSMODULE_SYSUTIL_GAME)
PPU: ! PPU[1] Thread (CPUThread)[0x0267801c]*** New PPU Thread [EData reader thread] (flags=0x0, entry=0x979da0): id = 35
HLE: W PPU[35] Thread (EData reader thread)[0x0266a028]cellGame warning: cellGameBootCheck(type_addr=0xd0060038, attributes_addr=0xd0060030, size_addr=0xd0060050, dirName_addr=0xd0060070)
HLE: W PPU[35] Thread (EData reader thread)[0x0266a004]cellGame warning: cellGameContentPermit(contentInfoPath_addr=0xd00608f8, usrdirPath_addr=0xd00604f8)
HLE: E PPU[35] Thread (EData reader thread)[0x02672118]sceNp error: Unimplemented function: sceNpDrmIsAvailable2
HLE: W PPU[35] Thread (EData reader thread)[0x026720b8]sceNp warning: sceNpDrmIsAvailable(k_licensee_addr=0xd006005c, drm_path_addr=0xd00600f8)
HLE: W PPU[35] Thread (EData reader thread)[0x026720b8]sceNp warning: sceNpDrmIsAvailable: Found DRM license file at /dev_hdd0/game/NPEB00765/USRDIR/sns.edat
HLE: W PPU[35] Thread (EData reader thread)[0x026720b8]sceNp warning: sceNpDrmIsAvailable: Using k_licensee 0xc0a3b3641c2ad1ef23153a48a3e12fe7
LDR: E PPU[35] Thread (EData reader thread)[0x026720b8]EDAT: File has invalid NPD header.
HLE: W PPU[35] Thread (EData reader thread)[0x02660034]"/dev_hdd0/game/NPEB00765/USRDIR/sns.edat" opened: fd = 36
HLE: W PPU[35] Thread (EData reader thread)[0x02660004]sys_fs warning: cellFsClose(fd=36)
HLE: W PPU[1] Thread (CPUThread)[0x02660040]sys_fs warning: cellFsStat: "/dev_hdd0/game/NPEB00765/USRDIR/skipmip.yes" not found.
HLE: W PPU[1] Thread (CPUThread)[0x02660040]sys_fs warning: cellFsStat: "/dev_hdd0/game/NPEB00765/USRDIR/staging.yes" not found.
HLE: W PPU[1] Thread (CPUThread)[0x02660040]sys_fs warning: cellFsStat: "/dev_hdd0/game/NPEB00765/USRDIR/TEST.POD" not found.
HLE: W PPU[1] Thread (CPUThread)[0x02660040]sys_fs warning: cellFsStat: "/dev_hdd0/game/NPEB00765/USRDIR/PS3PKGFR.POD" not found.
HLE: W PPU[1] Thread (CPUThread)[0x02660040]sys_fs warning: cellFsStat: "/dev_hdd0/game/NPEB00765/USRDIR/PS3PKGEN.POD" not found.
HLE: W PPU[1] Thread (CPUThread)[0x02660040]sys_fs warning: cellFsStat: "/dev_hdd0/game/NPEB00765/USRDIR/PS3PKG.POD" not found.
HLE: W PPU[1] Thread (CPUThread)[0x02660040]sys_fs warning: cellFsStat: "/dev_hdd0/game/NPEB00765/USRDIR/PS3FRSND.POD" not found.
HLE: W PPU[1] Thread (CPUThread)[0x02660034]"/dev_hdd0/game/NPEB00765/USRDIR/PS3ENSND.POD" opened: fd = 37
HLE: W PPU[1] Thread (CPUThread)[0x02660004]sys_fs warning: cellFsClose(fd=37)
HLE: W PPU[1] Thread (CPUThread)[0x02660034]"/dev_hdd0/game/NPEB00765/USRDIR/PS3MUSND.POD" opened: fd = 38
HLE: W PPU[1] Thread (CPUThread)[0x02660004]sys_fs warning: cellFsClose(fd=38)
HLE: W PPU[1] Thread (CPUThread)[0x02660034]"/dev_hdd0/game/NPEB00765/USRDIR/PS3SET.POD" opened: fd = 39
HLE: W PPU[1] Thread (CPUThread)[0x02660004]sys_fs warning: cellFsClose(fd=39)
HLE: W PPU[1] Thread (CPUThread)[0x02660034]"/dev_hdd0/game/NPEB00765/USRDIR/PS3ART.POD" opened: fd = 40
HLE: W PPU[1] Thread (CPUThread)[0x02660004]sys_fs warning: cellFsClose(fd=40)
HLE: W PPU[1] Thread (CPUThread)[0x02660034]"/dev_hdd0/game/NPEB00765/USRDIR/PS3MODEL.POD" opened: fd = 41
HLE: W PPU[1] Thread (CPUThread)[0x02660004]sys_fs warning: cellFsClose(fd=41)
HLE: W PPU[1] Thread (CPUThread)[0x02660034]"/dev_hdd0/game/NPEB00765/USRDIR/PS3SOUND.POD" opened: fd = 42
HLE: W PPU[1] Thread (CPUThread)[0x02660004]sys_fs warning: cellFsClose(fd=42)
HLE: W PPU[1] Thread (CPUThread)[0x02660034]"/dev_hdd0/game/NPEB00765/USRDIR/LANGUAGE.POD" opened: fd = 43
HLE: W PPU[1] Thread (CPUThread)[0x02660004]sys_fs warning: cellFsClose(fd=43)
HLE: W PPU[1] Thread (CPUThread)[0x02660034]"/dev_hdd0/game/NPEB00765/USRDIR/COMMON.POD" opened: fd = 44
HLE: W PPU[1] Thread (CPUThread)[0x02660004]sys_fs warning: cellFsClose(fd=44)
HLE: W PPU[1] Thread (CPUThread)[0x02660040]sys_fs warning: cellFsStat: "/dev_hdd0/game/NPEB00765/USRDIR/world/fr/msglist.txt" not found.
HLE: W PPU[1] Thread (CPUThread)[0x001e5428]sys_event warning: sys_event_queue_create(equeue_id_addr=0x1cfb69c, attr_addr=0xd00107b0, event_queue_key=0x0, size=127)
HLE: W PPU[1] Thread (CPUThread)[0x001e5428]sys_event warning: *** event_queue created [] (protocol=0x2, type=0x1): id = 45
HLE: W PPU[1] Thread (CPUThread)[0x001e5444]sys_event warning: sys_event_port_create(eport_id_addr=0x1cfb690, port_type=0x1, name=0x0)
HLE: W PPU[1] Thread (CPUThread)[0x001e5444]sys_event warning: *** sys_event_port created: id = 46
HLE: W PPU[1] Thread (CPUThread)[0x001e545c]sys_event warning: sys_event_port_connect_local(eport_id=46, equeue_id=45)
HLE: W PPU[1] Thread (CPUThread)[0x02666058]cellSpurs warning: cellSpursAttachLv2EventQueue(spurs_addr=0x30208700, queue=0x2d, port_addr=0x1cfb68c, isDynamic=1)
PPU: ! PPU[1] Thread (CPUThread)[0x0267801c]*** New PPU Thread [jobQueueWorker] (flags=0x0, entry=0x979da0): id = 47
HLE: W PPU[1] Thread (CPUThread)[0x02660040]sys_fs warning: cellFsStat: "/dev_hdd0/game/NPEB00765/USRDIR/hidestats.yes" not found.
HLE: W PPU[1] Thread (CPUThread)[0x02660034]"/dev_hdd0/game/NPEB00765/USRDIR/PS3ART.POD" opened: fd = 48
HLE: W PPU[1] Thread (CPUThread)[0x02660004]sys_fs warning: cellFsClose(fd=48)
HLE: W PPU[1] Thread (CPUThread)[0x02660040]sys_fs warning: cellFsStat: "/dev_hdd0/game/NPEB00765/USRDIR/data/ui/font_hud.kern" not found.
HLE: W PPU[1] Thread (CPUThread)[0x02660034]"/dev_hdd0/game/NPEB00765/USRDIR/PS3ART.POD" opened: fd = 49
HLE: W PPU[1] Thread (CPUThread)[0x02660004]sys_fs warning: cellFsClose(fd=49)
HLE: W PPU[1] Thread (CPUThread)[0x02660040]sys_fs warning: cellFsStat: "/dev_hdd0/game/NPEB00765/USRDIR/data/ui/font_medium.kern" not found.
HLE: W PPU[1] Thread (CPUThread)[0x02660034]"/dev_hdd0/game/NPEB00765/USRDIR/PS3ART.POD" opened: fd = 50
HLE: W PPU[1] Thread (CPUThread)[0x02660004]sys_fs warning: cellFsClose(fd=50)
HLE: W PPU[1] Thread (CPUThread)[0x02660040]sys_fs warning: cellFsStat: "/dev_hdd0/game/NPEB00765/USRDIR/data/ui/font_small.kern" not found.
HLE: W PPU[1] Thread (CPUThread)[0x02660034]"/dev_hdd0/game/NPEB00765/USRDIR/PS3ART.POD" opened: fd = 51
HLE: W PPU[1] Thread (CPUThread)[0x02660004]sys_fs warning: cellFsClose(fd=51)
HLE: W PPU[1] Thread (CPUThread)[0x02660040]sys_fs warning: cellFsStat: "/dev_hdd0/game/NPEB00765/USRDIR/data/ui/font_debug.kern" not found.
HLE: W PPU[1] Thread (CPUThread)[0x02660034]"/dev_hdd0/game/NPEB00765/USRDIR/PS3ART.POD" opened: fd = 52
HLE: W PPU[1] Thread (CPUThread)[0x02660004]sys_fs warning: cellFsClose(fd=52)
HLE: W PPU[1] Thread (CPUThread)[0x02660040]sys_fs warning: cellFsStat: "/dev_hdd0/game/NPEB00765/USRDIR/data/ui/font_dotmatrix.kern" not found.
HLE: W PPU[1] Thread (CPUThread)[0x02660034]"/dev_hdd0/game/NPEB00765/USRDIR/PS3ART.POD" opened: fd = 53
HLE: W PPU[1] Thread (CPUThread)[0x02660004]sys_fs warning: cellFsClose(fd=53)
HLE: W PPU[1] Thread (CPUThread)[0x02660040]sys_fs warning: cellFsStat: "/dev_hdd0/game/NPEB00765/USRDIR/data/ui/font_Obj5.kern" not found.
HLE: W PPU[1] Thread (CPUThread)[0x02660034]"/dev_hdd0/game/NPEB00765/USRDIR/PS3ART.POD" opened: fd = 54
HLE: W PPU[1] Thread (CPUThread)[0x02660004]sys_fs warning: cellFsClose(fd=54)
HLE: W PPU[1] Thread (CPUThread)[0x02660040]sys_fs warning: cellFsStat: "/dev_hdd0/game/NPEB00765/USRDIR/data/ui/font_Obj7.kern" not found.
HLE: W PPU[1] Thread (CPUThread)[0x02660034]"/dev_hdd0/game/NPEB00765/USRDIR/PS3ART.POD" opened: fd = 55
HLE: W PPU[1] Thread (CPUThread)[0x02660004]sys_fs warning: cellFsClose(fd=55)
HLE: W PPU[1] Thread (CPUThread)[0x02660040]sys_fs warning: cellFsStat: "/dev_hdd0/game/NPEB00765/USRDIR/data/ui/font_new1_ui.kern" not found.
HLE: W PPU[1] Thread (CPUThread)[0x02660034]"/dev_hdd0/game/NPEB00765/USRDIR/PS3ART.POD" opened: fd = 56
HLE: W PPU[1] Thread (CPUThread)[0x02660004]sys_fs warning: cellFsClose(fd=56)
HLE: W PPU[1] Thread (CPUThread)[0x02660040]sys_fs warning: cellFsStat: "/dev_hdd0/game/NPEB00765/USRDIR/data/ui/font_car_font.kern" not found.
HLE: W PPU[1] Thread (CPUThread)[0x02678034]sys_lwmutex warning: *** lwmutex created [] (attribute=0x11): sq_id = 57
HLE: W PPU[1] Thread (CPUThread)[0x02678034]sys_lwmutex warning: *** lwmutex created [] (attribute=0x11): sq_id = 58
HLE: W PPU[1] Thread (CPUThread)[0x02678034]sys_lwmutex warning: *** lwmutex created [] (attribute=0x11): sq_id = 59
HLE: W PPU[1] Thread (CPUThread)[0x02678034]sys_lwmutex warning: *** lwmutex created [] (attribute=0x11): sq_id = 60
HLE: W PPU[1] Thread (CPUThread)[0x02678034]sys_lwmutex warning: *** lwmutex created [] (attribute=0x11): sq_id = 61
HLE: W PPU[1] Thread (CPUThread)[0x02678034]sys_lwmutex warning: *** lwmutex created [] (attribute=0x11): sq_id = 62
HLE: W PPU[1] Thread (CPUThread)[0x02678034]sys_lwmutex warning: *** lwmutex created [] (attribute=0x11): sq_id = 63
HLE: W PPU[1] Thread (CPUThread)[0x02678034]sys_lwmutex warning: *** lwmutex created [] (attribute=0x11): sq_id = 64
HLE: W PPU[1] Thread (CPUThread)[0x02678034]sys_lwmutex warning: *** lwmutex created [] (attribute=0x11): sq_id = 65
HLE: W PPU[1] Thread (CPUThread)[0x02678034]sys_lwmutex warning: *** lwmutex created [] (attribute=0x11): sq_id = 66
HLE: W PPU[1] Thread (CPUThread)[0x02678034]sys_lwmutex warning: *** lwmutex created [] (attribute=0x11): sq_id = 67
HLE: W PPU[1] Thread (CPUThread)[0x02678034]sys_lwmutex warning: *** lwmutex created [] (attribute=0x11): sq_id = 68
HLE: W PPU[1] Thread (CPUThread)[0x02678034]sys_lwmutex warning: *** lwmutex created [] (attribute=0x11): sq_id = 69
HLE: W PPU[1] Thread (CPUThread)[0x02678034]sys_lwmutex warning: *** lwmutex created [] (attribute=0x11): sq_id = 70
HLE: W PPU[1] Thread (CPUThread)[0x006a2e40]sys_mutex warning: *** mutex created [] (protocol=0x2, recursive=false): id = 71
HLE: W PPU[1] Thread (CPUThread)[0x006a2e68]sys_cond warning: *** condition created [] (mutex_id=71): id = 72
HLE: W PPU[1] Thread (CPUThread)[0x006a2eb8]sys_mutex warning: *** mutex created [] (protocol=0x2, recursive=true): id = 73
HLE: W PPU[1] Thread (CPUThread)[0x006a2ed8]sys_cond warning: *** condition on recursive mutex(73)
HLE: W PPU[1] Thread (CPUThread)[0x006a2ed8]sys_cond warning: *** condition created [] (mutex_id=73): id = 74
PPU: ! PPU[1] Thread (CPUThread)[0x0267801c]*** New PPU Thread [AK::IOThread] (flags=0x1, entry=0x980b00): id = 75
HLE: W PPU[1] Thread (CPUThread)[0x02678034]sys_lwmutex warning: *** lwmutex created [] (attribute=0x11): sq_id = 76
HLE: W PPU[1] Thread (CPUThread)[0x006a2e40]sys_mutex warning: *** mutex created [] (protocol=0x2, recursive=false): id = 77
HLE: W PPU[1] Thread (CPUThread)[0x006a2e68]sys_cond warning: *** condition created [] (mutex_id=77): id = 78
HLE: W PPU[1] Thread (CPUThread)[0x006a2eb8]sys_mutex warning: *** mutex created [] (protocol=0x2, recursive=true): id = 79
HLE: W PPU[1] Thread (CPUThread)[0x006a2ed8]sys_cond warning: *** condition on recursive mutex(79)
HLE: W PPU[1] Thread (CPUThread)[0x006a2ed8]sys_cond warning: *** condition created [] (mutex_id=79): id = 80
PPU: ! PPU[1] Thread (CPUThread)[0x0267801c]*** New PPU Thread [AK::IOThread] (flags=0x1, entry=0x980b00): id = 81
HLE: W PPU[1] Thread (CPUThread)[0x02678034]sys_lwmutex warning: *** lwmutex created [] (attribute=0x11): sq_id = 82
HLE: W PPU[1] Thread (CPUThread)[0x02678034]sys_lwmutex warning: *** lwmutex created [] (attribute=0x11): sq_id = 83
HLE: W PPU[1] Thread (CPUThread)[0x02678034]sys_lwmutex warning: *** lwmutex created [] (attribute=0x11): sq_id = 84
HLE: W PPU[1] Thread (CPUThread)[0x02678034]sys_lwmutex warning: *** lwmutex created [] (attribute=0x11): sq_id = 85
HLE: W PPU[1] Thread (CPUThread)[0x02678034]sys_lwmutex warning: *** lwmutex created [] (attribute=0x11): sq_id = 86
HLE: W PPU[1] Thread (CPUThread)[0x02678034]sys_lwmutex warning: *** lwmutex created [] (attribute=0x11): sq_id = 87
HLE: W PPU[1] Thread (CPUThread)[0x02678034]sys_lwmutex warning: *** lwmutex created [] (attribute=0x11): sq_id = 88
HLE: W PPU[1] Thread (CPUThread)[0x02678034]sys_lwmutex warning: *** lwmutex created [] (attribute=0x11): sq_id = 89
HLE: W PPU[1] Thread (CPUThread)[0x02678034]sys_lwmutex warning: *** lwmutex created [] (attribute=0x11): sq_id = 90
HLE: W PPU[1] Thread (CPUThread)[0x02678034]sys_lwmutex warning: *** lwmutex created [] (attribute=0x11): sq_id = 91
HLE: W PPU[1] Thread (CPUThread)[0x02678034]sys_lwmutex warning: *** lwmutex created [] (attribute=0x11): sq_id = 92
HLE: W PPU[1] Thread (CPUThread)[0x02678034]sys_lwmutex warning: *** lwmutex created [] (attribute=0x11): sq_id = 93
HLE: W PPU[1] Thread (CPUThread)[0x02678034]sys_lwmutex warning: *** lwmutex created [] (attribute=0x11): sq_id = 94
HLE: W PPU[1] Thread (CPUThread)[0x02678034]sys_lwmutex warning: *** lwmutex created [] (attribute=0x11): sq_id = 95
HLE: W PPU[1] Thread (CPUThread)[0x006c8134]sys_semaphore warning: sys_semaphore_create(sem_addr=0x31c52634, attr_addr=0xd0010510, initial_count=0, max_count=1)
HLE: ! PPU[1] Thread (CPUThread)[0x006c8134]*** semaphore created [] (protocol=0x2): id = 96
PPU: ! PPU[1] Thread (CPUThread)[0x0267801c]*** New PPU Thread [AK::BankManager] (flags=0x1, entry=0x981f50): id = 97
HLE: W PPU[1] Thread (CPUThread)[0x02678034]sys_lwmutex warning: *** lwmutex created [] (attribute=0x11): sq_id = 98
HLE: W PPU[1] Thread (CPUThread)[0x006b4258]sys_event_flag warning: sys_event_flag_create(eflag_id_addr=0x31c52d30, attr_addr=0xd0010510, init=0x0)
HLE: W PPU[1] Thread (CPUThread)[0x006b4258]sys_event_flag warning: *** event_flag created [] (protocol=0x2, type=0x20000): id = 99
HLE: W PPU[1] Thread (CPUThread)[0x02678034]sys_lwmutex warning: *** lwmutex created [] (attribute=0x11): sq_id = 100
HLE: W PPU[1] Thread (CPUThread)[0x02678034]sys_lwmutex warning: *** lwmutex created [] (attribute=0x11): sq_id = 101
HLE: W PPU[1] Thread (CPUThread)[0x0265c0ac]cellSysutil warning: cellAudioOutGetState(audioOut=0x0,deviceIndex=0x0,state_addr=0xd0010410)
HLE: W PPU[1] Thread (CPUThread)[0x02676004]cellAudio warning: cellAudioInit()
HLE: ! Audio ThreadAudio thread started
HLE: W PPU[1] Thread (CPUThread)[0x02676058]cellAudio warning: cellAudioPortOpen(audioParam_addr=0xd0010428, portNum_addr=0x31dcd784)
HLE: W PPU[1] Thread (CPUThread)[0x02676058]cellAudio warning: *** audio port opened(nChannel=2, nBlock=16, attr=0x0, level=1.000000): port = 0
HLE: W PPU[1] Thread (CPUThread)[0x02676034]cellAudio warning: cellAudioGetPortConfig(portNum=0x0, portConfig_addr=0xd0010448)
HLE: W PPU[1] Thread (CPUThread)[0x02666094]cellSpurs warning: _cellSpursAttributeInitialize(attr_addr=0xd0010310, nSpus=2, spuPriority=3342336, ppuPriority=1, exitIfNoWork=200)
HLE: W PPU[1] Thread (CPUThread)[0x02666088]cellSpurs warning: cellSpursAttributeSetNamePrefix(attr_addr=0xd0010310, prefix_addr=0x908098, size=0x2)
HLE: W PPU[1] Thread (CPUThread)[0x026660ac]cellSpurs warning: cellSpursInitializeWithAttribute(spurs_addr=0x31dd2180, spurs_addr=0xd0010310)
HLE: W PPU[1] Thread (CPUThread)[0x0070ca54]sys_event warning: sys_event_queue_create(equeue_id_addr=0x2639744, attr_addr=0xd0010100, event_queue_key=0x0, size=8)
HLE: W PPU[1] Thread (CPUThread)[0x0070ca54]sys_event warning: *** event_queue created [] (protocol=0x2, type=0x1): id = 102
HLE: W PPU[1] Thread (CPUThread)[0x02666058]cellSpurs warning: cellSpursAttachLv2EventQueue(spurs_addr=0x31dd2180, queue=0x66, port_addr=0x263d808, isDynamic=1)
HLE: E PPU[1] Thread (CPUThread)[0x02666010]cellSpurs error: Unimplemented function: _cellSpursJobChainAttributeInitialize
HLE: E PPU[1] Thread (CPUThread)[0x026660a0]cellSpurs error: Unimplemented function: cellSpursJobChainAttributeSetName
HLE: E PPU[1] Thread (CPUThread)[0x02666004]cellSpurs error: Unimplemented function: cellSpursCreateJobChainWithAttribute
HLE: E PPU[1] Thread (CPUThread)[0x02666028]cellSpurs error: Unimplemented function: cellSpursJobGuardInitialize
HLE: E PPU[1] Thread (CPUThread)[0x0266607c]cellSpurs error: Unimplemented function: cellSpursRunJobChain
HLE: W PPU[1] Thread (CPUThread)[0x02678034]sys_lwmutex warning: *** lwmutex created [] (attribute=0x11): sq_id = 103
HLE: W PPU[1] Thread (CPUThread)[0x006ab2a8]sys_semaphore warning: sys_semaphore_create(sem_addr=0x31c546fc, attr_addr=0xd0010580, initial_count=0, max_count=1)
HLE: ! PPU[1] Thread (CPUThread)[0x006ab2a8]*** semaphore created [] (protocol=0x2): id = 104
HLE: W PPU[1] Thread (CPUThread)[0x006b4124]sys_semaphore warning: sys_semaphore_create(sem_addr=0x31c546f4, attr_addr=0xd00104d0, initial_count=0, max_count=1)
HLE: ! PPU[1] Thread (CPUThread)[0x006b4124]*** semaphore created [] (protocol=0x2): id = 105
PPU: ! PPU[1] Thread (CPUThread)[0x0267801c]*** New PPU Thread [AK::EventManager] (flags=0x1, entry=0x9814b8): id = 106
HLE: W PPU[106] Thread (AK::EventManager)[0x02676040]cellAudio warning: cellAudioPortStart(portNum=0x0)
HLE: W PPU[1] Thread (CPUThread)[0x0073a570]sys_semaphore warning: sys_semaphore_create(sem_addr=0x2656058, attr_addr=0xd0010600, initial_count=0, max_count=1)
HLE: ! PPU[1] Thread (CPUThread)[0x0073a570]*** semaphore created [] (protocol=0x2): id = 107
HLE: W PPU[1] Thread (CPUThread)[0x006a3438]sys_semaphore warning: sys_semaphore_create(sem_addr=0xd001061c, attr_addr=0xd0010570, initial_count=0, max_count=1)
HLE: ! PPU[1] Thread (CPUThread)[0x006a3438]*** semaphore created [] (protocol=0x2): id = 108
HLE: W PPU[97] Thread (AK::BankManager)[0x02678034]sys_lwmutex warning: *** lwmutex created [] (attribute=0x11): sq_id = 109
HLE: W PPU[75] Thread (AK::IOThread)[0x02660034]"/dev_hdd0/game/NPEB00765/USRDIR/PS3SOUND.POD" opened: fd = 110
HLE: W PPU[75] Thread (AK::IOThread)[0x02660004]sys_fs warning: cellFsClose(fd=110)
HLE: W PPU[97] Thread (AK::BankManager)[0x02678034]sys_lwmutex warning: *** lwmutex created [] (attribute=0x11): sq_id = 111
HLE: E PPU[106] Thread (AK::EventManager)[0x02666070]cellSpurs error: Unimplemented function: cellSpursJobGuardNotify
HLE: W PPU[1] Thread (CPUThread)[0x006a3504]sys_semaphore warning: sys_semaphore_destroy(sem_id=108)
HLE: W PPU[75] Thread (AK::IOThread)[0x026780a0]sys_lwmutex warning: sys_lwmutex_destroy(lwmutex_addr=0x31badcf8)
HLE: W PPU[1] Thread (CPUThread)[0x006a3438]sys_semaphore warning: sys_semaphore_create(sem_addr=0xd001061c, attr_addr=0xd0010570, initial_count=0, max_count=1)
HLE: ! PPU[1] Thread (CPUThread)[0x006a3438]*** semaphore created [] (protocol=0x2): id = 112
HLE: W PPU[97] Thread (AK::BankManager)[0x02678034]sys_lwmutex warning: *** lwmutex created [] (attribute=0x11): sq_id = 113
HLE: W PPU[75] Thread (AK::IOThread)[0x02660034]"/dev_hdd0/game/NPEB00765/USRDIR/PS3SOUND.POD" opened: fd = 114
HLE: W PPU[75] Thread (AK::IOThread)[0x02660004]sys_fs warning: cellFsClose(fd=114)
HLE: W PPU[75] Thread (AK::IOThread)[0x02660034]"/dev_hdd0/game/NPEB00765/USRDIR/PS3SOUND.POD" opened: fd = 115
HLE: W PPU[75] Thread (AK::IOThread)[0x02660004]sys_fs warning: cellFsClose(fd=115)
HLE: W PPU[75] Thread (AK::IOThread)[0x02660034]"/dev_hdd0/game/NPEB00765/USRDIR/PS3SOUND.POD" opened: fd = 116
HLE: W PPU[75] Thread (AK::IOThread)[0x02660004]sys_fs warning: cellFsClose(fd=116)
HLE: W PPU[75] Thread (AK::IOThread)[0x02660034]"/dev_hdd0/game/NPEB00765/USRDIR/PS3SOUND.POD" opened: fd = 117
HLE: W PPU[75] Thread (AK::IOThread)[0x02660004]sys_fs warning: cellFsClose(fd=117)
HLE: W Audio ThreadAudio thread aborted
RSX: W RSXThreadRSX thread aborted
HLE: W PPU[28] Thread (spu_printf_handler)[0x0056c070]sys_event_queue_receive(equeue=27) aborted
RSX: W VBlank threadVBlank thread aborted
HLE: W PPU[1] Thread (CPUThread)[0x006a34ec]sys_semaphore_wait(112) aborted
HLE: W PPU[81] Thread (AK::IOThread)[0x006a312c]sys_cond_wait(id=80) aborted
HLE: W PPU[75] Thread (AK::IOThread)[0x006a312c]sys_cond_wait(id=74) aborted
HLE: W PPU[97] Thread (AK::BankManager)[0x02678004]sys_lwmutex_t::lock(sq=23) aborted
HLE: W PPU[106] Thread (AK::EventManager)[0x0070bec8]sys_event_queue_receive(equeue=102) aborted
HLE: W PPU[47] Thread (jobQueueWorker)[0x001e6908]sys_event_queue_receive(equeue=45) aborted
HLE: ! All threads stopped...
MEM: ! Closing memory...
