HLE: ! path: /dev_hdd0/game/
HLE: W No pause.bin found, Auto Pause will not work.
HLE: W No pause.bin found, Auto Pause will not work.
LDR: ! Loading 'D:\Emulateurs\Rpcs3\dev_hdd0\game\NPEB01433/USRDIR/BOOT.BIN'...
LDR: !  
LDR: ! Mount info:
LDR: ! /dev_hdd0/ -> ./dev_hdd0/
LDR: ! /dev_hdd1/ -> ./dev_hdd1/
LDR: ! /dev_flash/ -> ./dev_flash/
LDR: ! /dev_usb000/ -> ./dev_usb000/
LDR: ! /dev_usb/ -> ./dev_usb000/
LDR: ! /app_home/ -> D:\Emulateurs\Rpcs3\dev_hdd0\game\NPEB01433/
LDR: ! /dev_bdvd/ -> D:\Emulateurs\Rpcs3\dev_hdd0\game\NPEB01433//../
LDR: ! /host_root/ -> 
LDR: ! /app_home/PS3_GAME/USRDIR/ -> D:\Emulateurs\Rpcs3\dev_hdd0\game\NPEB01433//USRDIR/
LDR: ! /dev_flash2/ -> ./dev_flash2/
LDR: ! /app_home/Game/PS3_GAME/USRDIR/ -> D:\Emulateurs\Rpcs3\dev_hdd0\game\NPEB01433//USRDIR/
LDR: ! //dev_hdd0/ -> ./dev_hdd0/
LDR: ! / -> D:\Emulateurs\Rpcs3\dev_hdd0\game\NPEB01433//USRDIR/
LDR: !  
LDR: ! Title: WATCH_DOGS™
LDR: ! Serial: NPEB01433
LDR: !  
MEM: ! Initializing memory: m_base_addr = 0xc9a7d0000
MEM: ! Memory initialized.
LDR: ! Imported function 'sceNpTrophyRegisterContext' in 'sceNpTrophy' module
LDR: ! Imported function 'sceNpTrophyCreateHandle' in 'sceNpTrophy' module
LDR: ! Imported function 'sceNpTrophyGetRequiredDiskSpace' in 'sceNpTrophy' module
LDR: ! Imported function 'sceNpTrophyDestroyContext' in 'sceNpTrophy' module
LDR: ! Imported function 'sceNpTrophyInit' in 'sceNpTrophy' module
LDR: ! Imported function 'sceNpTrophyGetGameInfo' in 'sceNpTrophy' module
LDR: ! Imported function 'sceNpTrophyDestroyHandle' in 'sceNpTrophy' module
LDR: ! Imported function 'sceNpTrophyUnlockTrophy' in 'sceNpTrophy' module
LDR: ! Imported function 'sceNpTrophyTerm' in 'sceNpTrophy' module
LDR: ! Imported function 'sceNpTrophyGetTrophyUnlockState' in 'sceNpTrophy' module
LDR: ! Imported function 'sceNpTrophyCreateContext' in 'sceNpTrophy' module
LDR: ! Imported function 'cellPadClearBuf' in 'sys_io' module
LDR: ! Imported function 'cellPadInit' in 'sys_io' module
LDR: ! Imported function 'cellKbGetConfiguration' in 'sys_io' module
LDR: ! Imported function 'cellKbClearBuf' in 'sys_io' module
LDR: ! Imported function 'cellKbGetInfo' in 'sys_io' module
LDR: ! Imported function 'cellMouseGetData' in 'sys_io' module
LDR: ! Imported function 'cellMouseClearBuf' in 'sys_io' module
LDR: ! Imported function 'cellKbInit' in 'sys_io' module
LDR: ! Imported function 'cellPadEnd' in 'sys_io' module
LDR: ! Imported function 'cellPadSetPortSetting' in 'sys_io' module
LDR: ! Imported function 'cellMouseGetInfo' in 'sys_io' module
LDR: ! Imported function 'cellPadGetData' in 'sys_io' module
LDR: ! Imported function 'cellKbSetCodeType' in 'sys_io' module
LDR: ! Imported function 'cellPadGetInfo2' in 'sys_io' module
LDR: ! Imported function 'cellKbEnd' in 'sys_io' module
LDR: ! Imported function 'cellMouseInit' in 'sys_io' module
LDR: ! Imported function 'cellKbSetReadMode' in 'sys_io' module
LDR: ! Imported function 'cellMouseEnd' in 'sys_io' module
LDR: ! Imported function 'cellPadSetActDirect' in 'sys_io' module
LDR: ! Imported function 'cellKbRead' in 'sys_io' module
LDR: ! Imported function 'cellFsFtruncate' in 'sys_fs' module
LDR: ! Imported function 'cellFsRmdir' in 'sys_fs' module
LDR: ! Imported function 'cellFsClose' in 'sys_fs' module
LDR: ! Imported function 'cellFsOpendir' in 'sys_fs' module
LDR: ! Imported function 'cellFsRead' in 'sys_fs' module
LDR: ! Imported function 'cellFsReaddir' in 'sys_fs' module
LDR: ! Imported function 'cellFsOpen' in 'sys_fs' module
LDR: ! Imported function 'cellFsStat' in 'sys_fs' module
LDR: ! Imported function 'cellFsUnlink' in 'sys_fs' module
LDR: ! Imported function 'cellFsFsync' in 'sys_fs' module
LDR: ! Imported function 'cellFsLseek' in 'sys_fs' module
LDR: ! Imported function 'cellFsGetFreeSize' in 'sys_fs' module
LDR: ! Imported function 'cellFsSdataOpen' in 'sys_fs' module
LDR: ! Imported function 'cellFsMkdir' in 'sys_fs' module
LDR: W Unimplemented function 'cellFsUtime' in 'sys_fs' module
LDR: ! Imported function 'cellFsWrite' in 'sys_fs' module
LDR: ! Imported function 'cellFsFstat' in 'sys_fs' module
LDR: ! Imported function 'cellFsRename' in 'sys_fs' module
LDR: ! Imported function 'cellFsClosedir' in 'sys_fs' module
LDR: ! Imported function 'cellFsChmod' in 'sys_fs' module
LDR: ! Imported function 'cellFsGetDirectoryEntries' in 'sys_fs' module
LDR: ! Imported function 'cellFsStReadFinish' in 'sys_fs' module
LDR: ! Imported function 'cellSysutilUnregisterCallback' in 'cellSysutil' module
LDR: ! Imported function 'cellVideoOutConfigure' in 'cellSysutil' module
LDR: ! Imported function 'cellSysutilCheckCallback' in 'cellSysutil' module
LDR: ! Imported function 'cellSysCacheMount' in 'cellSysutil' module
LDR: W Unimplemented function 'cellOskDialogUnloadAsync' in 'cellSysutil' module
LDR: ! Imported function 'cellSysutilGetSystemParamInt' in 'cellSysutil' module
LDR: ! Imported function 'cellMsgDialogAbort' in 'cellSysutil' module
LDR: ! Imported function 'cellMsgDialogOpen2' in 'cellSysutil' module
LDR: W Unimplemented function 'cellOskDialogLoadAsync' in 'cellSysutil' module
LDR: ! Imported function 'cellVideoOutGetState' in 'cellSysutil' module
LDR: ! Imported function 'cellSaveDataAutoSave2' in 'cellSysutil' module
LDR: ! Imported function 'cellSysutilGetSystemParamString' in 'cellSysutil' module
LDR: ! Imported function 'cellMsgDialogProgressBarInc' in 'cellSysutil' module
LDR: ! Imported function 'cellMsgDialogProgressBarSetMsg' in 'cellSysutil' module
LDR: ! Imported function 'cellSysutilRegisterCallback' in 'cellSysutil' module
LDR: ! Imported function 'cellVideoOutGetResolutionAvailability' in 'cellSysutil' module
LDR: W Unimplemented function 'cellOskDialogSetKeyLayoutOption' in 'cellSysutil' module
LDR: W Unimplemented function 'cellOskDialogAbort' in 'cellSysutil' module
LDR: W Unimplemented function 'cellOskDialogSetDeviceMask' in 'cellSysutil' module
LDR: ! Imported function 'cellVideoOutGetResolution' in 'cellSysutil' module
LDR: W Unimplemented function 'cellOskDialogSetLayoutMode' in 'cellSysutil' module
LDR: ! Imported function 'cellSaveDataAutoLoad2' in 'cellSysutil' module
LDR: ! Imported function 'cellAudioOutConfigure' in 'cellSysutil' module
LDR: ! Imported function 'cellAudioOutGetSoundAvailability' in 'cellSysutil' module
LDR: ! Imported function 'cellAudioOutGetState' in 'cellSysutil' module
LDR: ! Imported function 'cellAudioOutGetDeviceInfo' in 'cellSysutil' module
LDR: ! Imported function 'cellAudioOutGetNumberOfDevice' in 'cellSysutil' module
LDR: ! Imported function 'cellAudioOutGetConfiguration' in 'cellSysutil' module
LDR: ! Imported function 'cellGcmGetTiledPitchSize' in 'cellGcmSys' module
LDR: ! Imported function 'cellGcmDumpGraphicsError' in 'cellGcmSys' module
LDR: ! Imported function 'cellGcmAddressToOffset' in 'cellGcmSys' module
LDR: ! Imported function 'cellGcmGetTimeStampLocation' in 'cellGcmSys' module
LDR: ! Imported function 'cellGcmSetFlipMode' in 'cellGcmSys' module
LDR: ! Imported function 'cellGcmSetDebugOutputLevel' in 'cellGcmSys' module
LDR: ! Imported function 'cellGcmMapEaIoAddress' in 'cellGcmSys' module
LDR: ! Imported function 'cellGcmGetFlipStatus' in 'cellGcmSys' module
LDR: ! Imported function 'cellGcmGetReportDataAddressLocation' in 'cellGcmSys' module
LDR: ! Imported function 'cellGcmBindZcull' in 'cellGcmSys' module
LDR: ! Imported function 'cellGcmMapMainMemory' in 'cellGcmSys' module
LDR: ! Imported function 'cellGcmSetDisplayBuffer' in 'cellGcmSys' module
LDR: ! Imported function 'cellGcmGetControlRegister' in 'cellGcmSys' module
LDR: ! Imported function 'cellGcmUnbindZcull' in 'cellGcmSys' module
LDR: ! Imported function 'cellGcmSetVBlankHandler' in 'cellGcmSys' module
LDR: ! Imported function 'cellGcmResetFlipStatus' in 'cellGcmSys' module
LDR: ! Imported function 'cellGcmSetTile' in 'cellGcmSys' module
LDR: ! Imported function 'cellGcmGetConfiguration' in 'cellGcmSys' module
LDR: ! Imported function 'cellGcmGetLabelAddress' in 'cellGcmSys' module
LDR: ! Imported function '_cellGcmInitBody' in 'cellGcmSys' module
LDR: ! Imported function '_cellGcmSetFlipCommand' in 'cellGcmSys' module
LDR: ! Imported function '_cellGcmFunc15' in 'cellGcmSys' module
LDR: ! Imported function 'cellGcmGetDefaultCommandWordSize' in 'cellGcmSys' module
LDR: ! Imported function 'cellGcmGetDefaultSegmentWordSize' in 'cellGcmSys' module
LDR: ! Imported function 'cellGcmSetDefaultFifoSize' in 'cellGcmSys' module
LDR: ! Imported function '_cellGcmSetFlipCommandWithWaitLabel' in 'cellGcmSys' module
LDR: ! Imported function 'sys_net_initialize_network_ex' in 'sys_net' module
LDR: W Unimplemented function 'getsockname' in 'sys_net' module
LDR: ! Imported function 'recvfrom' in 'sys_net' module
LDR: ! Imported function 'listen' in 'sys_net' module
LDR: W Unimplemented function 'socketselect' in 'sys_net' module
LDR: W Unimplemented function 'getsockopt' in 'sys_net' module
LDR: ! Imported function '_sys_net_errno_loc' in 'sys_net' module
LDR: ! Imported function 'connect' in 'sys_net' module
LDR: ! Imported function 'socketclose' in 'sys_net' module
LDR: ! Imported function 'setsockopt' in 'sys_net' module
LDR: ! Imported function 'sendto' in 'sys_net' module
LDR: ! Imported function 'socket' in 'sys_net' module
LDR: ! Imported function 'shutdown' in 'sys_net' module
LDR: ! Imported function 'bind' in 'sys_net' module
LDR: ! Imported function 'accept' in 'sys_net' module
LDR: W Unimplemented function 'inet_ntop' in 'sys_net' module
LDR: ! Imported function 'send' in 'sys_net' module
LDR: ! Imported function 'recv' in 'sys_net' module
LDR: W Unimplemented function 'socketpoll' in 'sys_net' module
LDR: W Unimplemented function 'gethostbyname' in 'sys_net' module
LDR: W Unimplemented function 'inet_ntoa' in 'sys_net' module
LDR: ! Imported function 'inet_pton' in 'sys_net' module
LDR: ! Imported function 'sys_net_show_ifconfig' in 'sys_net' module
LDR: ! Imported function 'sys_net_finalize_network' in 'sys_net' module
LDR: ! Imported function '_sys_net_h_errno_loc' in 'sys_net' module
LDR: ! Imported function 'inet_addr' in 'sys_net' module
LDR: W Unimplemented function 'gethostbyaddr' in 'sys_net' module
LDR: ! Imported function 'sys_net_free_thread_context' in 'sys_net' module
LDR: ! Imported function 'cellNetCtlNetStartDialogLoadAsync' in 'cellNetCtl' module
LDR: ! Imported function 'cellNetCtlAddHandler' in 'cellNetCtl' module
LDR: ! Imported function 'cellNetCtlNetStartDialogUnloadAsync' in 'cellNetCtl' module
LDR: ! Imported function 'cellNetCtlGetInfo' in 'cellNetCtl' module
LDR: ! Imported function 'cellNetCtlGetNatInfo' in 'cellNetCtl' module
LDR: ! Imported function 'cellNetCtlDelHandler' in 'cellNetCtl' module
LDR: ! Imported function 'cellNetCtlTerm' in 'cellNetCtl' module
LDR: ! Imported function 'cellNetCtlGetState' in 'cellNetCtl' module
LDR: ! Imported function 'cellNetCtlInit' in 'cellNetCtl' module
LDR: ! Imported function 'cellSysmoduleUnloadModule' in 'cellSysmodule' module
LDR: ! Imported function 'cellSysmoduleLoadModule' in 'cellSysmodule' module
LDR: ! Imported function 'cellSysmoduleIsLoaded' in 'cellSysmodule' module
LDR: ! Imported function '_cellSpursLFQueueInitialize' in 'cellSpurs' module
LDR: ! Imported function 'cellSpursAttributeSetNamePrefix' in 'cellSpurs' module
LDR: ! Imported function 'cellSpursAttributeEnableSpuPrintfIfAvailable' in 'cellSpurs' module
LDR: ! Imported function '_cellSpursTasksetAttributeInitialize' in 'cellSpurs' module
LDR: ! Imported function 'cellSpursLFQueueAttachLv2EventQueue' in 'cellSpurs' module
LDR: ! Imported function 'cellSpursDestroyTaskset2' in 'cellSpurs' module
LDR: ! Imported function 'cellSpursEventFlagDetachLv2EventQueue' in 'cellSpurs' module
LDR: ! Imported function 'cellSpursCreateJobChainWithAttribute' in 'cellSpurs' module
LDR: ! Imported function 'cellSpursInitializeWithAttribute2' in 'cellSpurs' module
LDR: ! Imported function '_cellSpursJobChainAttributeInitialize' in 'cellSpurs' module
LDR: ! Imported function 'cellSpursEventFlagWait' in 'cellSpurs' module
LDR: W Unimplemented function 'cellSpursWorkloadAttributeSetName' in 'cellSpurs' module
LDR: ! Imported function 'cellSpursCreateTaskset2' in 'cellSpurs' module
LDR: W Unimplemented function 'cellSpursTraceInitialize' in 'cellSpurs' module
LDR: W Unimplemented function 'cellSpursRemoveWorkload' in 'cellSpurs' module
LDR: ! Imported function '_cellSpursEventFlagInitialize' in 'cellSpurs' module
LDR: W Unimplemented function 'cellSpursWaitForWorkloadShutdown' in 'cellSpurs' module
LDR: ! Imported function 'cellSpursTasksetAttributeSetName' in 'cellSpurs' module
LDR: ! Imported function 'cellSpursGetSpuThreadId' in 'cellSpurs' module
LDR: ! Imported function 'cellSpursShutdownJobChain' in 'cellSpurs' module
LDR: ! Imported function 'cellSpursLFQueueDetachLv2EventQueue' in 'cellSpurs' module
LDR: W Unimplemented function 'cellSpursReadyCountAdd' in 'cellSpurs' module
LDR: W Unimplemented function 'cellSpursTraceFinalize' in 'cellSpurs' module
LDR: ! Imported function 'cellSpursEventFlagAttachLv2EventQueue' in 'cellSpurs' module
LDR: ! Imported function '_cellSpursLFQueuePushBody' in 'cellSpurs' module
LDR: ! Imported function '_cellSpursAttributeInitialize' in 'cellSpurs' module
LDR: W Unimplemented function 'cellSpursShutdownWorkload' in 'cellSpurs' module
LDR: ! Imported function 'cellSpursJobChainAttributeSetName' in 'cellSpurs' module
LDR: ! Imported function 'cellSpursShutdownTaskset' in 'cellSpurs' module
LDR: ! Imported function 'cellSpursJoinTask2' in 'cellSpurs' module
LDR: ! Imported function 'cellSpursJoinJobChain' in 'cellSpurs' module
LDR: ! Imported function 'cellSpursAttributeSetSpuThreadGroupType' in 'cellSpurs' module
LDR: ! Imported function 'cellSpursCreateTask' in 'cellSpurs' module
LDR: W Unimplemented function 'cellSpursAddWorkloadWithAttribute' in 'cellSpurs' module
LDR: ! Imported function 'cellSpursCreateTasksetWithAttribute' in 'cellSpurs' module
LDR: ! Imported function '_cellSpursTasksetAttribute2Initialize' in 'cellSpurs' module
LDR: ! Imported function 'cellSpursFinalize' in 'cellSpurs' module
LDR: W Unimplemented function 'cellSpursTraceStart' in 'cellSpurs' module
LDR: W Unimplemented function 'cellSpursTraceStop' in 'cellSpurs' module
LDR: ! Imported function 'cellSpursCreateTask2WithBinInfo' in 'cellSpurs' module
LDR: W Unimplemented function '_cellSpursWorkloadAttributeInitialize' in 'cellSpurs' module
LDR: ! Imported function 'cellSpursRunJobChain' in 'cellSpurs' module
LDR: ! Imported function 'cellSpursEventFlagSet' in 'cellSpurs' module
LDR: ! Imported function 'cellSpursCreateTaskWithAttribute' in 'cellSpurs' module
LDR: ! Imported function 'cellSpursEventFlagClear' in 'cellSpurs' module
LDR: ! Imported function 'cellSpursDetachLv2EventQueue' in 'cellSpurs' module
LDR: ! Imported function 'cellSpursCreateTaskset' in 'cellSpurs' module
LDR: ! Imported function 'cellSpursJobGuardInitialize' in 'cellSpurs' module
LDR: ! Imported function 'cellSpursTryJoinTask2' in 'cellSpurs' module
LDR: ! Imported function 'cellSpursJoinTaskset' in 'cellSpurs' module
LDR: ! Imported function '_cellSpursTaskAttributeInitialize' in 'cellSpurs' module
LDR: ! Imported function 'cellSpursAttachLv2EventQueue' in 'cellSpurs' module
LDR: ! Imported function 'cellSpursJobGuardNotify' in 'cellSpurs' module
LDR: ! Imported function '_cellSpursSendSignal' in 'cellSpurs' module
LDR: ! Imported function 'cellSpursCreateTask2' in 'cellSpurs' module
LDR: ! Imported function 'cellSyncMutexLock' in 'cellSync' module
LDR: ! Imported function 'cellSyncMutexUnlock' in 'cellSync' module
LDR: ! Imported function 'cellSyncMutexInitialize' in 'cellSync' module
LDR: ! Imported function 'cellSyncMutexTryLock' in 'cellSync' module
LDR: ! Imported function 'cellSyncRwmRead' in 'cellSync' module
LDR: ! Imported function 'cellSyncRwmWrite' in 'cellSync' module
LDR: ! Imported function 'cellSyncRwmInitialize' in 'cellSync' module
LDR: W Unimplemented function 'cellKey2CharClose' in 'cellKey2char' module
LDR: W Unimplemented function 'cellKey2CharGetChar' in 'cellKey2char' module
LDR: W Unimplemented function 'cellKey2CharOpen' in 'cellKey2char' module
LDR: W Unimplemented function 'cellKey2CharSetMode' in 'cellKey2char' module
LDR: ! Imported function 'cellGameGetParamString' in 'cellGame' module
LDR: ! Imported function 'cellGameCreateGameData' in 'cellGame' module
LDR: ! Imported function 'cellGameContentPermit' in 'cellGame' module
LDR: ! Imported function 'cellGameContentErrorDialog' in 'cellGame' module
LDR: ! Imported function 'cellGameDeleteGameData' in 'cellGame' module
LDR: ! Imported function 'cellGameGetParamInt' in 'cellGame' module
LDR: ! Imported function 'cellGameDataCheck' in 'cellGame' module
LDR: ! Imported function 'cellGameBootCheck' in 'cellGame' module
LDR: W Unknown module 'cellHttp'
LDR: ! Imported function 'cellHttpInit' in 'cellHttp' module
LDR: ! Imported function 'cellHttpsInit' in 'cellHttp' module
LDR: ! Imported function 'cellHttpEndCookie' in 'cellHttp' module
LDR: ! Imported function 'cellHttpInitCookie' in 'cellHttp' module
LDR: ! Imported function 'cellHttpEnd' in 'cellHttp' module
LDR: ! Imported function 'cellHttpsEnd' in 'cellHttp' module
LDR: ! Imported function 'cellHttpCreateTransaction' in 'cellHttp' module
LDR: ! Imported function 'cellHttpResponseGetStatusCode' in 'cellHttp' module
LDR: ! Imported function 'cellHttpClientSetSslCallback' in 'cellHttp' module
LDR: ! Imported function 'cellHttpClientSetAutoRedirect' in 'cellHttp' module
LDR: ! Imported function 'cellHttpClientSetRecvTimeout' in 'cellHttp' module
LDR: ! Imported function 'cellHttpTransactionAbortConnection' in 'cellHttp' module
LDR: ! Imported function 'cellHttpDestroyTransaction' in 'cellHttp' module
LDR: ! Imported function 'cellHttpResponseGetContentLength' in 'cellHttp' module
LDR: ! Imported function 'cellHttpCreateClient' in 'cellHttp' module
LDR: ! Imported function 'cellHttpRecvResponse' in 'cellHttp' module
LDR: ! Imported function 'cellHttpClientSetSendTimeout' in 'cellHttp' module
LDR: ! Imported function 'cellHttpClientSetAutoAuthentication' in 'cellHttp' module
LDR: ! Imported function 'cellHttpDestroyClient' in 'cellHttp' module
LDR: ! Imported function 'cellHttpSendRequest' in 'cellHttp' module
LDR: ! Imported function 'cellHttpRequestSetContentLength' in 'cellHttp' module
LDR: ! Imported function 'cellHttpResponseGetAllHeaders' in 'cellHttp' module
LDR: ! Imported function 'cellHttpClientSetUserAgent' in 'cellHttp' module
LDR: ! Imported function 'cellHttpClientSetConnTimeout' in 'cellHttp' module
LDR: ! Imported function 'cellHttpClientSetProxy' in 'cellHttp' module
LDR: ! Imported function 'cellHttpRequestAddHeader' in 'cellHttp' module
LDR: W Unimplemented function 'cellSslEnd' in 'cellSsl' module
LDR: W Unimplemented function 'cellSslCertificateLoader' in 'cellSsl' module
LDR: W Unimplemented function 'cellSslInit' in 'cellSsl' module
LDR: W Unimplemented function 'cellSslCertGetNameEntryInfo' in 'cellSsl' module
LDR: W Unimplemented function 'cellSslCertGetNotAfter' in 'cellSsl' module
LDR: W Unimplemented function 'cellSslCertGetNotBefore' in 'cellSsl' module
LDR: W Unimplemented function 'cellSslCertGetSubjectName' in 'cellSsl' module
LDR: W Unimplemented function 'cellSslCertGetNameEntryCount' in 'cellSsl' module
LDR: W Unimplemented function 'cellSslCertGetIssuerName' in 'cellSsl' module
LDR: ! Imported function 'sceNpBasicSendMessageGui' in 'sceNp' module
LDR: ! Imported function 'sceNpManagerGetTicket' in 'sceNp' module
LDR: ! Imported function 'sceNpManagerGetAccountAge' in 'sceNp' module
LDR: ! Imported function 'sceNpLookupUserProfileWithAvatarSizeAsync' in 'sceNp' module
LDR: ! Imported function 'sceNpScoreDestroyTitleCtx' in 'sceNp' module
LDR: ! Imported function 'sceNpProfileAbortGui' in 'sceNp' module
LDR: ! Imported function 'sceNpScoreInit' in 'sceNp' module
LDR: ! Imported function 'sceNpLookupAbortTransaction' in 'sceNp' module
LDR: ! Imported function 'sceNpCustomMenuRegisterActions' in 'sceNp' module
LDR: ! Imported function 'sceNpTerm' in 'sceNp' module
LDR: ! Imported function 'sceNpManagerUnregisterCallback' in 'sceNp' module
LDR: ! Imported function 'sceNpManagerGetTicketParam' in 'sceNp' module
LDR: ! Imported function 'sceNpLookupDestroyTitleCtx' in 'sceNp' module
LDR: ! Imported function 'sceNpBasicSetPresenceDetails2' in 'sceNp' module
LDR: ! Imported function 'sceNpLookupInit' in 'sceNp' module
LDR: ! Imported function 'sceNpBasicRecvMessageAttachmentLoad' in 'sceNp' module
LDR: ! Imported function 'sceNpManagerGetContentRatingFlag' in 'sceNp' module
LDR: ! Imported function 'sceNpScoreCreateTransactionCtx' in 'sceNp' module
LDR: ! Imported function 'sceNpBasicGetBlockListEntryCount' in 'sceNp' module
LDR: ! Imported function 'sceNpLookupPollAsync' in 'sceNp' module
LDR: ! Imported function 'sceNpScoreCensorCommentAsync' in 'sceNp' module
LDR: ! Imported function 'sceNpBasicRecvMessageCustom' in 'sceNp' module
LDR: ! Imported function 'sceNpManagerRequestTicket2' in 'sceNp' module
LDR: ! Imported function 'sceNpLookupTerm' in 'sceNp' module
LDR: ! Imported function 'sceNpScoreTerm' in 'sceNp' module
LDR: ! Imported function 'sceNpManagerGetEntitlementById' in 'sceNp' module
LDR: ! Imported function 'sceNpScorePollAsync' in 'sceNp' module
LDR: ! Imported function 'sceNpManagerGetStatus' in 'sceNp' module
LDR: ! Imported function 'sceNpBasicUnregisterHandler' in 'sceNp' module
LDR: ! Imported function 'sceNpDrmIsAvailable' in 'sceNp' module
LDR: ! Imported function 'sceNpManagerGetAccountRegion' in 'sceNp' module
LDR: ! Imported function 'sceNpScoreCreateTitleCtx' in 'sceNp' module
LDR: ! Imported function 'sceNpBasicRegisterHandler' in 'sceNp' module
LDR: ! Imported function 'sceNpBasicAddPlayersHistoryAsync' in 'sceNp' module
LDR: ! Imported function 'sceNpInit' in 'sceNp' module
LDR: ! Imported function 'sceNpManagerGetOnlineId' in 'sceNp' module
LDR: ! Imported function 'sceNpScoreDestroyTransactionCtx' in 'sceNp' module
LDR: ! Imported function 'sceNpLookupCreateTitleCtx' in 'sceNp' module
LDR: ! Imported function 'sceNpProfileCallGui' in 'sceNp' module
LDR: ! Imported function 'sceNpLookupNpIdAsync' in 'sceNp' module
LDR: ! Imported function 'sceNpBasicGetEvent' in 'sceNp' module
LDR: ! Imported function 'sceNpDrmProcessExitSpawn2' in 'sceNp' module
LDR: ! Imported function 'sceNpManagerRegisterCallback' in 'sceNp' module
LDR: ! Imported function 'sceNpLookupCreateTransactionCtx' in 'sceNp' module
LDR: ! Imported function 'sceNpManagerGetChatRestrictionFlag' in 'sceNp' module
LDR: ! Imported function 'sceNpScoreAbortTransaction' in 'sceNp' module
LDR: ! Imported function 'sceNpBasicGetBlockListEntry' in 'sceNp' module
LDR: ! Imported function 'sceNpCustomMenuActionSetActivation' in 'sceNp' module
LDR: ! Imported function 'sceNpManagerGetNpId' in 'sceNp' module
LDR: ! Imported function 'sceNpSignalingGetConnectionInfo' in 'sceNp' module
LDR: ! Imported function 'sceNpBasicAddFriend' in 'sceNp' module
LDR: ! Imported function 'sceNpBasicGetFriendPresenceByIndex' in 'sceNp' module
LDR: ! Imported function 'sceNpSignalingActivateConnection' in 'sceNp' module
LDR: ! Imported function 'sceNpSignalingCreateCtx' in 'sceNp' module
LDR: ! Imported function 'sceNpSignalingDestroyCtx' in 'sceNp' module
LDR: ! Imported function 'sceNpBasicGetFriendListEntryCount' in 'sceNp' module
LDR: ! Imported function 'sceNpSignalingGetConnectionStatus' in 'sceNp' module
LDR: ! Imported function 'sceNpLookupDestroyTransactionCtx' in 'sceNp' module
LDR: ! Imported function 'sceNpSignalingDeactivateConnection' in 'sceNp' module
LDR: W Unimplemented function 'UCS2stoUTF16s' in 'cellL10n' module
LDR: W Unknown module 'cellSysutilAvconfExt'
LDR: ! Imported function 'cellVideoOutSetGamma' in 'cellSysutilAvconfExt' module
LDR: ! Imported function 'cellAudioOutUnregisterDevice' in 'cellSysutilAvconfExt' module
LDR: ! Imported function 'cellAudioInGetAvailableDeviceInfo' in 'cellSysutilAvconfExt' module
LDR: ! Imported function 'cellAudioOutGetAvailableDeviceInfo' in 'cellSysutilAvconfExt' module
LDR: ! Imported function 'cellAudioOutRegisterDevice' in 'cellSysutilAvconfExt' module
LDR: ! Imported function 'cellAudioOutSetDeviceMode' in 'cellSysutilAvconfExt' module
LDR: ! Imported function 'cellAudioInSetDeviceMode' in 'cellSysutilAvconfExt' module
LDR: ! Imported function 'cellAudioInRegisterDevice' in 'cellSysutilAvconfExt' module
LDR: ! Imported function 'cellAudioInUnregisterDevice' in 'cellSysutilAvconfExt' module
LDR: ! Imported function 'cellUserInfoGetStat' in 'cellUserInfo' module
LDR: ! Imported function 'cellRtcSetTick' in 'cellRtc' module
LDR: ! Imported function 'cellRtcGetCurrentTick' in 'cellRtc' module
LDR: ! Imported function 'cellRtcGetCurrentClockLocalTime' in 'cellRtc' module
LDR: ! Imported function 'cellRtcGetDayOfWeek' in 'cellRtc' module
LDR: W Unknown module 'sceNpCommerce2'
LDR: ! Imported function 'sceNpCommerce2DestroyReq' in 'sceNpCommerce2' module
LDR: ! Imported function 'sceNpCommerce2Init' in 'sceNpCommerce2' module
LDR: ! Imported function 'sceNpCommerce2GetCategoryContentsStart' in 'sceNpCommerce2' module
LDR: ! Imported function 'sceNpCommerce2Term' in 'sceNpCommerce2' module
LDR: ! Imported function 'sceNpCommerce2CreateSessionAbort' in 'sceNpCommerce2' module
LDR: ! Imported function 'sceNpCommerce2DestroyCtx' in 'sceNpCommerce2' module
LDR: ! Imported function 'sceNpCommerce2GetCategoryContentsCreateReq' in 'sceNpCommerce2' module
LDR: ! Imported function 'sceNpCommerce2AbortReq' in 'sceNpCommerce2' module
LDR: ! Imported function 'sceNpCommerce2GetProductInfoStart' in 'sceNpCommerce2' module
LDR: ! Imported function 'sceNpCommerce2CreateSessionFinish' in 'sceNpCommerce2' module
LDR: ! Imported function 'sceNpCommerce2GetContentInfo' in 'sceNpCommerce2' module
LDR: ! Imported function 'sceNpCommerce2DoProductBrowseStartAsync' in 'sceNpCommerce2' module
LDR: ! Imported function 'sceNpCommerce2DestroyGetCategoryContentsResult' in 'sceNpCommerce2' module
LDR: ! Imported function 'sceNpCommerce2GetProductInfoCreateReq' in 'sceNpCommerce2' module
LDR: ! Imported function 'sceNpCommerce2DoProductCodeFinishAsync' in 'sceNpCommerce2' module
LDR: ! Imported function 'sceNpCommerce2DoProductBrowseFinishAsync' in 'sceNpCommerce2' module
LDR: ! Imported function 'sceNpCommerce2GetCategoryInfo' in 'sceNpCommerce2' module
LDR: ! Imported function 'sceNpCommerce2GetProductInfoGetResult' in 'sceNpCommerce2' module
LDR: ! Imported function 'sceNpCommerce2GetCategoryContentsGetResult' in 'sceNpCommerce2' module
LDR: ! Imported function 'sceNpCommerce2CreateSessionStart' in 'sceNpCommerce2' module
LDR: ! Imported function 'sceNpCommerce2InitGetCategoryContentsResult' in 'sceNpCommerce2' module
LDR: ! Imported function 'sceNpCommerce2CreateCtx' in 'sceNpCommerce2' module
LDR: ! Imported function 'sceNpCommerce2GetPrice' in 'sceNpCommerce2' module
LDR: ! Imported function 'sceNpCommerce2GetGameSkuInfoFromGameProductInfo' in 'sceNpCommerce2' module
LDR: ! Imported function 'sceNpCommerce2DoProductCodeStartAsync' in 'sceNpCommerce2' module
LDR: ! Imported function 'sceNpCommerce2GetGameProductInfoFromContentInfo' in 'sceNpCommerce2' module
LDR: ! Imported function 'sceNpCommerce2GetGameProductInfo' in 'sceNpCommerce2' module
LDR: ! Imported function 'sceNpCommerce2DestroyGetProductInfoResult' in 'sceNpCommerce2' module
LDR: ! Imported function 'sceNpCommerce2InitGetProductInfoResult' in 'sceNpCommerce2' module
LDR: ! Imported function 'sceNpCommerce2GetCategoryInfoFromContentInfo' in 'sceNpCommerce2' module
LDR: ! Imported function 'cellAudioInit' in 'cellAudio' module
LDR: W Unimplemented function 'cellAudioUnsetPersonalDevice' in 'cellAudio' module
LDR: ! Imported function 'cellAudioSetNotifyEventQueue' in 'cellAudio' module
LDR: ! Imported function 'cellAudioPortClose' in 'cellAudio' module
LDR: W Unimplemented function 'cellAudioSetPersonalDevice' in 'cellAudio' module
LDR: ! Imported function 'cellAudioSetPortLevel' in 'cellAudio' module
LDR: ! Imported function 'cellAudioPortStop' in 'cellAudio' module
LDR: ! Imported function 'cellAudioGetPortConfig' in 'cellAudio' module
LDR: ! Imported function 'cellAudioPortStart' in 'cellAudio' module
LDR: ! Imported function 'cellAudioQuit' in 'cellAudio' module
LDR: ! Imported function 'cellAudioPortOpen' in 'cellAudio' module
LDR: ! Imported function 'cellAudioRemoveNotifyEventQueue' in 'cellAudio' module
LDR: W Unimplemented function 'cellHttpUtilBuildHeader' in 'cellHttpUtil' module
LDR: W Unimplemented function 'cellHttpUtilParseUri' in 'cellHttpUtil' module
LDR: W Unimplemented function 'cellHttpUtilParseProxy' in 'cellHttpUtil' module
LDR: W Unimplemented function 'cellHttpUtilParseHeader' in 'cellHttpUtil' module
LDR: W Unimplemented function 'cellMicIsOpen' in 'cellMic' module
LDR: W Unimplemented function 'cellMicIsAttached' in 'cellMic' module
LDR: W Unimplemented function 'cellMicRemoveNotifyEventQueue' in 'cellMic' module
LDR: W Unimplemented function 'cellMicSetNotifyEventQueue' in 'cellMic' module
LDR: W Unimplemented function 'cellMicInit' in 'cellMic' module
LDR: W Unimplemented function 'cellMicClose' in 'cellMic' module
LDR: W Unimplemented function 'cellMicGetSignalState' in 'cellMic' module
LDR: W Unimplemented function 'cellMicReadDsp' in 'cellMic' module
LDR: W Unimplemented function 'cellMicEnd' in 'cellMic' module
LDR: W Unimplemented function 'cellMicOpen' in 'cellMic' module
LDR: W Unimplemented function 'cellMicStart' in 'cellMic' module
LDR: W Unimplemented function 'cellMicStop' in 'cellMic' module
LDR: ! Imported function 'sys_lwmutex_lock' in 'sysPrxForUser' module
LDR: ! Imported function 'sys_lwmutex_unlock' in 'sysPrxForUser' module
LDR: ! Imported function 'sys_lwcond_destroy' in 'sysPrxForUser' module
LDR: ! Imported function 'sys_ppu_thread_create' in 'sysPrxForUser' module
LDR: ! Imported function 'sys_lwcond_wait' in 'sysPrxForUser' module
LDR: ! Imported function '_sys_process_atexitspawn' in 'sysPrxForUser' module
LDR: ! Imported function 'sys_lwmutex_create' in 'sysPrxForUser' module
LDR: ! Imported function 'sys_ppu_thread_get_id' in 'sysPrxForUser' module
LDR: ! Imported function 'sys_mmapper_free_memory' in 'sysPrxForUser' module
LDR: ! Imported function 'sys_prx_register_library' in 'sysPrxForUser' module
LDR: ! Imported function '_sys_spu_printf_initialize' in 'sysPrxForUser' module
LDR: ! Imported function 'sys_mmapper_unmap_memory' in 'sysPrxForUser' module
LDR: ! Imported function 'Unknown func id: 0x4f7172c9' in 'sysPrxForUser' module
LDR: ! Imported function 'sys_spinlock_unlock' in 'sysPrxForUser' module
LDR: ! Imported function 'sys_game_process_exitspawn2' in 'sysPrxForUser' module
LDR: ! Imported function 'sys_spinlock_trylock' in 'sysPrxForUser' module
LDR: ! Imported function 'sys_initialize_tls' in 'sysPrxForUser' module
LDR: ! Imported function 'sys_time_get_system_time' in 'sysPrxForUser' module
LDR: ! Imported function 'sys_spinlock_initialize' in 'sysPrxForUser' module
LDR: ! Imported function '_sys_process_at_Exitspawn' in 'sysPrxForUser' module
LDR: ! Imported function 'sys_spinlock_lock' in 'sysPrxForUser' module
LDR: ! Imported function 'sys_prx_exitspawn_with_level' in 'sysPrxForUser' module
LDR: ! Imported function 'sys_ppu_thread_once' in 'sysPrxForUser' module
LDR: ! Imported function 'sys_lwmutex_trylock' in 'sysPrxForUser' module
LDR: ! Imported function 'sys_ppu_thread_exit' in 'sysPrxForUser' module
LDR: ! Imported function 'sys_mmapper_allocate_memory' in 'sysPrxForUser' module
LDR: ! Imported function 'sys_lwmutex_destroy' in 'sysPrxForUser' module
LDR: ! Imported function 'sys_lwcond_create' in 'sysPrxForUser' module
LDR: W Unimplemented function '_sys_spu_printf_finalize' in 'sysPrxForUser' module
LDR: ! Imported function 'sys_spu_image_close' in 'sysPrxForUser' module
LDR: ! Imported function 'sys_process_exit' in 'sysPrxForUser' module
LDR: ! Imported function 'sys_lwcond_signal_all' in 'sysPrxForUser' module
LDR: ! Imported function 'sys_lwcond_signal' in 'sysPrxForUser' module
HLE: W {PPU[1] Thread (CPUThread)[0x0284304c]} sys_lwmutex warning: *** lwmutex created [_lc_mtx] (attribute=0x12): sq_id = 3
HLE: W {PPU[1] Thread (CPUThread)[0x015a7c6c]} memory warning: sys_memory_get_user_memory_size(mem_info_addr=0xd0010c04)
HLE: W {PPU[1] Thread (CPUThread)[0x0284304c]} sys_lwmutex warning: *** lwmutex created [_lc_mtx] (attribute=0x12): sq_id = 4
HLE: W {PPU[1] Thread (CPUThread)[0x0284304c]} sys_lwmutex warning: *** lwmutex created [_lc_mtx] (attribute=0x12): sq_id = 5
HLE: W {PPU[1] Thread (CPUThread)[0x0284304c]} sys_lwmutex warning: *** lwmutex created [_lc_mtx] (attribute=0x12): sq_id = 6
HLE: W {PPU[1] Thread (CPUThread)[0x0284304c]} sys_lwmutex warning: *** lwmutex created [_lc_mtx] (attribute=0x12): sq_id = 7
HLE: W {PPU[1] Thread (CPUThread)[0x0284304c]} sys_lwmutex warning: *** lwmutex created [_lc_mtx] (attribute=0x12): sq_id = 8
HLE: W {PPU[1] Thread (CPUThread)[0x0284304c]} sys_lwmutex warning: *** lwmutex created [_lc_mtx] (attribute=0x12): sq_id = 9
HLE: W {PPU[1] Thread (CPUThread)[0x0284304c]} sys_lwmutex warning: *** lwmutex created [_lc_mtx] (attribute=0x12): sq_id = 10
HLE: W {PPU[1] Thread (CPUThread)[0x0284304c]} sys_lwmutex warning: *** lwmutex created [_lc_mtx] (attribute=0x12): sq_id = 11
HLE: W {PPU[1] Thread (CPUThread)[0x0284304c]} sys_lwmutex warning: *** lwmutex created [_lc_mtx] (attribute=0x12): sq_id = 12
HLE: W {PPU[1] Thread (CPUThread)[0x0284304c]} sys_lwmutex warning: *** lwmutex created [Adaptiv] (attribute=0x12): sq_id = 13
HLE: W {PPU[1] Thread (CPUThread)[0x0284304c]} sys_lwmutex warning: *** lwmutex created [Adaptiv] (attribute=0x12): sq_id = 14
HLE: W {PPU[1] Thread (CPUThread)[0x0284304c]} sys_lwmutex warning: *** lwmutex created [] (attribute=0x12): sq_id = 15
HLE: W {PPU[1] Thread (CPUThread)[0x0284304c]} sys_lwmutex warning: *** lwmutex created [] (attribute=0x12): sq_id = 16
HLE: W {PPU[1] Thread (CPUThread)[0x0284304c]} sys_lwmutex warning: *** lwmutex created [] (attribute=0x12): sq_id = 17
HLE: W {PPU[1] Thread (CPUThread)[0x0284304c]} sys_lwmutex warning: *** lwmutex created [] (attribute=0x12): sq_id = 18
HLE: W {PPU[1] Thread (CPUThread)[0x0284304c]} sys_lwmutex warning: *** lwmutex created [] (attribute=0x12): sq_id = 19
HLE: W {PPU[1] Thread (CPUThread)[0x0284304c]} sys_lwmutex warning: *** lwmutex created [] (attribute=0x12): sq_id = 20
HLE: W {PPU[1] Thread (CPUThread)[0x0284304c]} sys_lwmutex warning: *** lwmutex created [] (attribute=0x12): sq_id = 21
HLE: W {PPU[1] Thread (CPUThread)[0x0284304c]} sys_lwmutex warning: *** lwmutex created [] (attribute=0x12): sq_id = 22
HLE: W {PPU[1] Thread (CPUThread)[0x0284304c]} sys_lwmutex warning: *** lwmutex created [] (attribute=0x12): sq_id = 23
HLE: W {PPU[1] Thread (CPUThread)[0x0284304c]} sys_lwmutex warning: *** lwmutex created [] (attribute=0x12): sq_id = 24
HLE: W {PPU[1] Thread (CPUThread)[0x0284304c]} sys_lwmutex warning: *** lwmutex created [] (attribute=0x12): sq_id = 25
HLE: W {PPU[1] Thread (CPUThread)[0x0284304c]} sys_lwmutex warning: *** lwmutex created [] (attribute=0x12): sq_id = 26
HLE: W {PPU[1] Thread (CPUThread)[0x0284304c]} sys_lwmutex warning: *** lwmutex created [] (attribute=0x12): sq_id = 27
HLE: W {PPU[1] Thread (CPUThread)[0x0284304c]} sys_lwmutex warning: *** lwmutex created [] (attribute=0x12): sq_id = 28
HLE: W {PPU[1] Thread (CPUThread)[0x0284304c]} sys_lwmutex warning: *** lwmutex created [] (attribute=0x12): sq_id = 29
HLE: W {PPU[1] Thread (CPUThread)[0x0284304c]} sys_lwmutex warning: *** lwmutex created [] (attribute=0x12): sq_id = 30
HLE: W {PPU[1] Thread (CPUThread)[0x0284304c]} sys_lwmutex warning: *** lwmutex created [] (attribute=0x12): sq_id = 31
HLE: W {PPU[1] Thread (CPUThread)[0x0284304c]} sys_lwmutex warning: *** lwmutex created [] (attribute=0x12): sq_id = 32
HLE: W {PPU[1] Thread (CPUThread)[0x0284304c]} sys_lwmutex warning: *** lwmutex created [] (attribute=0x12): sq_id = 33
HLE: W {PPU[1] Thread (CPUThread)[0x0284304c]} sys_lwmutex warning: *** lwmutex created [] (attribute=0x12): sq_id = 34
HLE: W {PPU[1] Thread (CPUThread)[0x0284304c]} sys_lwmutex warning: *** lwmutex created [] (attribute=0x12): sq_id = 35
HLE: W {PPU[1] Thread (CPUThread)[0x0284304c]} sys_lwmutex warning: *** lwmutex created [] (attribute=0x12): sq_id = 36
HLE: W {PPU[1] Thread (CPUThread)[0x0284304c]} sys_lwmutex warning: *** lwmutex created [] (attribute=0x12): sq_id = 37
HLE: W {PPU[1] Thread (CPUThread)[0x0284304c]} sys_lwmutex warning: *** lwmutex created [] (attribute=0x12): sq_id = 38
HLE: W {PPU[1] Thread (CPUThread)[0x0284304c]} sys_lwmutex warning: *** lwmutex created [] (attribute=0x12): sq_id = 39
HLE: W {PPU[1] Thread (CPUThread)[0x0284304c]} sys_lwmutex warning: *** lwmutex created [] (attribute=0x12): sq_id = 40
HLE: W {PPU[1] Thread (CPUThread)[0x0284304c]} sys_lwmutex warning: *** lwmutex created [] (attribute=0x12): sq_id = 41
HLE: W {PPU[1] Thread (CPUThread)[0x0284304c]} sys_lwmutex warning: *** lwmutex created [] (attribute=0x12): sq_id = 42
HLE: W {PPU[1] Thread (CPUThread)[0x0284304c]} sys_lwmutex warning: *** lwmutex created [] (attribute=0x12): sq_id = 43
HLE: W {PPU[1] Thread (CPUThread)[0x0284304c]} sys_lwmutex warning: *** lwmutex created [] (attribute=0x12): sq_id = 44
HLE: W {PPU[1] Thread (CPUThread)[0x0284304c]} sys_lwmutex warning: *** lwmutex created [] (attribute=0x12): sq_id = 45
HLE: W {PPU[1] Thread (CPUThread)[0x0284304c]} sys_lwmutex warning: *** lwmutex created [] (attribute=0x12): sq_id = 46
HLE: W {PPU[1] Thread (CPUThread)[0x0284304c]} sys_lwmutex warning: *** lwmutex created [] (attribute=0x12): sq_id = 47
HLE: W {PPU[1] Thread (CPUThread)[0x0284304c]} sys_lwmutex warning: *** lwmutex created [] (attribute=0x12): sq_id = 48
HLE: W {PPU[1] Thread (CPUThread)[0x0284304c]} sys_lwmutex warning: *** lwmutex created [] (attribute=0x12): sq_id = 49
HLE: W {PPU[1] Thread (CPUThread)[0x0284304c]} sys_lwmutex warning: *** lwmutex created [] (attribute=0x12): sq_id = 50
HLE: W {PPU[1] Thread (CPUThread)[0x0284304c]} sys_lwmutex warning: *** lwmutex created [] (attribute=0x12): sq_id = 51
HLE: W {PPU[1] Thread (CPUThread)[0x00041470]} memory warning: sys_memory_get_user_memory_size(mem_info_addr=0xd0010574)
HLE: W {PPU[1] Thread (CPUThread)[0x0004159c]} vm warning: sys_vm_memory_map(vsize=0x10000000,psize=0xf740000,cidr=0xffffffff,flags=0x200,policy=0x1,addr=0x26b7aac)
HLE: W {PPU[1] Thread (CPUThread)[0x00041680]} sys_mmapper warning: sys_mmapper_allocate_address(size=0x10000000, flags=0x40f, alignment=0x10000000, alloc_addr=0xd0010570)
HLE: E {PPU[1] Thread (CPUThread)[0x000441c8]} vm TODO: sys_vm_touch(addr=0x30010000,size=0x0)
HLE: E {PPU[1] Thread (CPUThread)[0x000441c8]} vm TODO: sys_vm_touch(addr=0x30010000,size=0x10000)
HLE: W {PPU[1] Thread (CPUThread)[0x0284304c]} sys_lwmutex warning: *** lwmutex created [_lc_mtx] (attribute=0x12): sq_id = 52
HLE: W {PPU[1] Thread (CPUThread)[0x0284304c]} sys_lwmutex warning: *** lwmutex created [_lc_mtx] (attribute=0x12): sq_id = 53
HLE: W {PPU[1] Thread (CPUThread)[0x0284304c]} sys_lwmutex warning: *** lwmutex created [_lc_mtx] (attribute=0x12): sq_id = 54
HLE: W {PPU[1] Thread (CPUThread)[0x0284304c]} sys_lwmutex warning: *** lwmutex created [_lc_mtx] (attribute=0x12): sq_id = 55
HLE: W {PPU[1] Thread (CPUThread)[0x0284304c]} sys_lwmutex warning: *** lwmutex created [_lc_mtx] (attribute=0x12): sq_id = 56
HLE: W {PPU[1] Thread (CPUThread)[0x0284304c]} sys_lwmutex warning: *** lwmutex created [_lc_mtx] (attribute=0x12): sq_id = 57
HLE: W {PPU[1] Thread (CPUThread)[0x0284304c]} sys_lwmutex warning: *** lwmutex created [_lc_mtx] (attribute=0x12): sq_id = 58
HLE: W {PPU[1] Thread (CPUThread)[0x0284304c]} sys_lwmutex warning: *** lwmutex created [_lc_mtx] (attribute=0x12): sq_id = 59
HLE: W {PPU[1] Thread (CPUThread)[0x0284304c]} sys_lwmutex warning: *** lwmutex created [_lc_mtx] (attribute=0x12): sq_id = 60
HLE: W {PPU[1] Thread (CPUThread)[0x0284304c]} sys_lwmutex warning: *** lwmutex created [_lc_mtx] (attribute=0x12): sq_id = 61
HLE: W {PPU[1] Thread (CPUThread)[0x0284304c]} sys_lwmutex warning: *** lwmutex created [_lc_mtx] (attribute=0x12): sq_id = 62
HLE: W {PPU[1] Thread (CPUThread)[0x0284304c]} sys_lwmutex warning: *** lwmutex created [_lc_mtx] (attribute=0x12): sq_id = 63
HLE: W {PPU[1] Thread (CPUThread)[0x0284304c]} sys_lwmutex warning: *** lwmutex created [Adaptiv] (attribute=0x12): sq_id = 64
HLE: W {PPU[1] Thread (CPUThread)[0x0284304c]} sys_lwmutex warning: *** lwmutex created [Adaptiv] (attribute=0x12): sq_id = 65
HLE: W {PPU[1] Thread (CPUThread)[0x0284304c]} sys_lwmutex warning: *** lwmutex created [Adaptiv] (attribute=0x12): sq_id = 66
HLE: W {PPU[1] Thread (CPUThread)[0x0284304c]} sys_lwmutex warning: *** lwmutex created [Adaptiv] (attribute=0x12): sq_id = 67
HLE: W {PPU[1] Thread (CPUThread)[0x0284304c]} sys_lwmutex warning: *** lwmutex created [Adaptiv] (attribute=0x12): sq_id = 68
HLE: E {PPU[1] Thread (CPUThread)[0x01d8a96c]} sys_mutex TODO: sys_mutex_create(): SYS_SYNC_PRIORITY_INHERIT
HLE: W {PPU[1] Thread (CPUThread)[0x01d8a96c]} sys_mutex warning: *** mutex created [] (protocol=0x3, recursive=true): id = 69
HLE: W {PPU[1] Thread (CPUThread)[0x0284304c]} sys_lwmutex warning: *** lwmutex created [Blockin] (attribute=0x12): sq_id = 70
HLE: W {PPU[1] Thread (CPUThread)[0x0284304c]} sys_lwmutex warning: *** lwmutex created [Blockin] (attribute=0x12): sq_id = 71
HLE: W {PPU[1] Thread (CPUThread)[0x0284304c]} sys_lwmutex warning: *** lwmutex created [Blockin] (attribute=0x12): sq_id = 72
HLE: W {PPU[1] Thread (CPUThread)[0x0284304c]} sys_lwmutex warning: *** lwmutex created [Blockin] (attribute=0x12): sq_id = 73
HLE: W {PPU[1] Thread (CPUThread)[0x0284304c]} sys_lwmutex warning: *** lwmutex created [Blockin] (attribute=0x12): sq_id = 74
HLE: W {PPU[1] Thread (CPUThread)[0x0284304c]} sys_lwmutex warning: *** lwmutex created [Blockin] (attribute=0x12): sq_id = 75
HLE: W {PPU[1] Thread (CPUThread)[0x0284304c]} sys_lwmutex warning: *** lwmutex created [Blockin] (attribute=0x12): sq_id = 76
HLE: W {PPU[1] Thread (CPUThread)[0x0284304c]} sys_lwmutex warning: *** lwmutex created [] (attribute=0x12): sq_id = 77
HLE: W {PPU[1] Thread (CPUThread)[0x0284304c]} sys_lwmutex warning: *** lwmutex created [] (attribute=0x12): sq_id = 78
HLE: W {PPU[1] Thread (CPUThread)[0x0284304c]} sys_lwmutex warning: *** lwmutex created [Adaptiv] (attribute=0x12): sq_id = 79
HLE: W {PPU[1] Thread (CPUThread)[0x0284304c]} sys_lwmutex warning: *** lwmutex created [] (attribute=0x12): sq_id = 80
HLE: W {PPU[1] Thread (CPUThread)[0x0284304c]} sys_lwmutex warning: *** lwmutex created [] (attribute=0x12): sq_id = 81
HLE: W {PPU[1] Thread (CPUThread)[0x0284304c]} sys_lwmutex warning: *** lwmutex created [] (attribute=0x12): sq_id = 82
HLE: W {PPU[1] Thread (CPUThread)[0x0284304c]} sys_lwmutex warning: *** lwmutex created [] (attribute=0x12): sq_id = 83
HLE: W {PPU[1] Thread (CPUThread)[0x0284304c]} sys_lwmutex warning: *** lwmutex created [] (attribute=0x12): sq_id = 84
HLE: E {PPU[1] Thread (CPUThread)[0x000441c8]} vm TODO: sys_vm_touch(addr=0x30020000,size=0x10000)
HLE: W {PPU[1] Thread (CPUThread)[0x0284304c]} sys_lwmutex warning: *** lwmutex created [] (attribute=0x12): sq_id = 85
HLE: W {PPU[1] Thread (CPUThread)[0x0284304c]} sys_lwmutex warning: *** lwmutex created [] (attribute=0x12): sq_id = 86
HLE: W {PPU[1] Thread (CPUThread)[0x0284304c]} sys_lwmutex warning: *** lwmutex created [] (attribute=0x12): sq_id = 87
HLE: W {PPU[1] Thread (CPUThread)[0x0284304c]} sys_lwmutex warning: *** lwmutex created [] (attribute=0x12): sq_id = 88
HLE: W {PPU[1] Thread (CPUThread)[0x0284304c]} sys_lwmutex warning: *** lwmutex created [] (attribute=0x12): sq_id = 89
HLE: W {PPU[1] Thread (CPUThread)[0x0284304c]} sys_lwmutex warning: *** lwmutex created [] (attribute=0x12): sq_id = 90
HLE: W {PPU[1] Thread (CPUThread)[0x0284304c]} sys_lwmutex warning: *** lwmutex created [] (attribute=0x12): sq_id = 91
HLE: W {PPU[1] Thread (CPUThread)[0x0284304c]} sys_lwmutex warning: *** lwmutex created [] (attribute=0x12): sq_id = 92
HLE: W {PPU[1] Thread (CPUThread)[0x0284304c]} sys_lwmutex warning: *** lwmutex created [] (attribute=0x12): sq_id = 93
HLE: W {PPU[1] Thread (CPUThread)[0x0284304c]} sys_lwmutex warning: *** lwmutex created [] (attribute=0x12): sq_id = 94
HLE: W {PPU[1] Thread (CPUThread)[0x0284304c]} sys_lwmutex warning: *** lwmutex created [] (attribute=0x12): sq_id = 95
HLE: W {PPU[1] Thread (CPUThread)[0x0100d034]} sys_rwlock warning: sys_rwlock_create(rw_lock_id_addr=0x26f3894, attr_addr=0xd0010ad0)
HLE: E {PPU[1] Thread (CPUThread)[0x0100d034]} sys_rwlock TODO: SYS_SYNC_PRIORITY
HLE: W {PPU[1] Thread (CPUThread)[0x0100d034]} sys_rwlock warning: *** rwlock created [] (protocol=0x2): id = 96
HLE: W {PPU[1] Thread (CPUThread)[0x0284304c]} sys_lwmutex warning: *** lwmutex created [] (attribute=0x12): sq_id = 97
HLE: W {PPU[1] Thread (CPUThread)[0x0284304c]} sys_lwmutex warning: *** lwmutex created [EventMu] (attribute=0x22): sq_id = 98
HLE: W {PPU[1] Thread (CPUThread)[0x02843148]} sys_lwcond warning: *** lwcond created [EventCo] (lwmutex_addr=0x26ec798): id = 99
HLE: W {PPU[1] Thread (CPUThread)[0x0284304c]} sys_lwmutex warning: *** lwmutex created [] (attribute=0x12): sq_id = 100
HLE: E {PPU[1] Thread (CPUThread)[0x000441c8]} vm TODO: sys_vm_touch(addr=0x30030000,size=0x10000)
HLE: W {PPU[1] Thread (CPUThread)[0x0284304c]} sys_lwmutex warning: *** lwmutex created [] (attribute=0x12): sq_id = 101
HLE: W {PPU[1] Thread (CPUThread)[0x0284304c]} sys_lwmutex warning: *** lwmutex created [] (attribute=0x12): sq_id = 102
HLE: W {PPU[1] Thread (CPUThread)[0x0284304c]} sys_lwmutex warning: *** lwmutex created [] (attribute=0x12): sq_id = 103
HLE: W {PPU[1] Thread (CPUThread)[0x0284304c]} sys_lwmutex warning: *** lwmutex created [] (attribute=0x12): sq_id = 104
HLE: W {PPU[1] Thread (CPUThread)[0x0284304c]} sys_lwmutex warning: *** lwmutex created [] (attribute=0x12): sq_id = 105
HLE: E {PPU[1] Thread (CPUThread)[0x000441c8]} vm TODO: sys_vm_touch(addr=0x30040000,size=0x10000)
HLE: W {PPU[1] Thread (CPUThread)[0x0284304c]} sys_lwmutex warning: *** lwmutex created [] (attribute=0x12): sq_id = 106
HLE: W {PPU[1] Thread (CPUThread)[0x0284304c]} sys_lwmutex warning: *** lwmutex created [] (attribute=0x12): sq_id = 107
HLE: W {PPU[1] Thread (CPUThread)[0x0284304c]} sys_lwmutex warning: *** lwmutex created [] (attribute=0x12): sq_id = 108
HLE: W {PPU[1] Thread (CPUThread)[0x0284304c]} sys_lwmutex warning: *** lwmutex created [] (attribute=0x12): sq_id = 109
HLE: W {PPU[1] Thread (CPUThread)[0x0284304c]} sys_lwmutex warning: *** lwmutex created [] (attribute=0x12): sq_id = 110
HLE: W {PPU[1] Thread (CPUThread)[0x0284304c]} sys_lwmutex warning: *** lwmutex created [] (attribute=0x12): sq_id = 111
HLE: W {PPU[1] Thread (CPUThread)[0x0284304c]} sys_lwmutex warning: *** lwmutex created [] (attribute=0x12): sq_id = 112
HLE: W {PPU[1] Thread (CPUThread)[0x0284304c]} sys_lwmutex warning: *** lwmutex created [] (attribute=0x12): sq_id = 113
HLE: W {PPU[1] Thread (CPUThread)[0x0284304c]} sys_lwmutex warning: *** lwmutex created [] (attribute=0x12): sq_id = 114
HLE: W {PPU[1] Thread (CPUThread)[0x0284304c]} sys_lwmutex warning: *** lwmutex created [] (attribute=0x12): sq_id = 115
HLE: W {PPU[1] Thread (CPUThread)[0x0284304c]} sys_lwmutex warning: *** lwmutex created [] (attribute=0x12): sq_id = 116
HLE: W {PPU[1] Thread (CPUThread)[0x0284304c]} sys_lwmutex warning: *** lwmutex created [] (attribute=0x12): sq_id = 117
HLE: W {PPU[1] Thread (CPUThread)[0x0284304c]} sys_lwmutex warning: *** lwmutex created [] (attribute=0x12): sq_id = 118
HLE: W {PPU[1] Thread (CPUThread)[0x0284304c]} sys_lwmutex warning: *** lwmutex created [] (attribute=0x12): sq_id = 119
HLE: W {PPU[1] Thread (CPUThread)[0x0284304c]} sys_lwmutex warning: *** lwmutex created [] (attribute=0x12): sq_id = 120
HLE: W {PPU[1] Thread (CPUThread)[0x0284304c]} sys_lwmutex warning: *** lwmutex created [] (attribute=0x12): sq_id = 121
HLE: W {PPU[1] Thread (CPUThread)[0x0284304c]} sys_lwmutex warning: *** lwmutex created [Adaptiv] (attribute=0x12): sq_id = 122
HLE: W {PPU[1] Thread (CPUThread)[0x0284304c]} sys_lwmutex warning: *** lwmutex created [Adaptiv] (attribute=0x12): sq_id = 123
HLE: W {PPU[1] Thread (CPUThread)[0x0284304c]} sys_lwmutex warning: *** lwmutex created [EventMu] (attribute=0x22): sq_id = 124
HLE: W {PPU[1] Thread (CPUThread)[0x02843148]} sys_lwcond warning: *** lwcond created [EventCo] (lwmutex_addr=0x26b7cc0): id = 125
HLE: W {PPU[1] Thread (CPUThread)[0x0284304c]} sys_lwmutex warning: *** lwmutex created [EventMu] (attribute=0x22): sq_id = 126
HLE: W {PPU[1] Thread (CPUThread)[0x02843148]} sys_lwcond warning: *** lwcond created [EventCo] (lwmutex_addr=0x26b7cf0): id = 127
HLE: W {PPU[1] Thread (CPUThread)[0x000125e0]} memory warning: sys_memory_get_user_memory_size(mem_info_addr=0xd0010ac0)
HLE: W {PPU[1] Thread (CPUThread)[0x0282301c]} cellSysmodule warning: cellSysmoduleIsLoaded(CELL_SYSMODULE_FS)
HLE: W {PPU[1] Thread (CPUThread)[0x02823010]} cellSysmodule warning: cellSysmoduleLoadModule(CELL_SYSMODULE_FS)
HLE: W {PPU[1] Thread (CPUThread)[0x0282301c]} cellSysmodule warning: cellSysmoduleIsLoaded(CELL_SYSMODULE_NET)
HLE: W {PPU[1] Thread (CPUThread)[0x02823010]} cellSysmodule warning: cellSysmoduleLoadModule(CELL_SYSMODULE_NET)
HLE: W {PPU[1] Thread (CPUThread)[0x0282301c]} cellSysmodule warning: cellSysmoduleIsLoaded(CELL_SYSMODULE_NETCTL)
HLE: W {PPU[1] Thread (CPUThread)[0x02823010]} cellSysmodule warning: cellSysmoduleLoadModule(CELL_SYSMODULE_NETCTL)
HLE: W {PPU[1] Thread (CPUThread)[0x0282301c]} cellSysmodule warning: cellSysmoduleIsLoaded(CELL_SYSMODULE_IO)
HLE: W {PPU[1] Thread (CPUThread)[0x02823010]} cellSysmodule warning: cellSysmoduleLoadModule(CELL_SYSMODULE_IO)
HLE: W {PPU[1] Thread (CPUThread)[0x0282301c]} cellSysmodule warning: cellSysmoduleIsLoaded(CELL_SYSMODULE_GCM_SYS)
HLE: W {PPU[1] Thread (CPUThread)[0x02823010]} cellSysmodule warning: cellSysmoduleLoadModule(CELL_SYSMODULE_GCM_SYS)
HLE: W {PPU[1] Thread (CPUThread)[0x0282301c]} cellSysmodule warning: cellSysmoduleIsLoaded(CELL_SYSMODULE_GCM_SYS)
HLE: W {PPU[1] Thread (CPUThread)[0x0282301c]} cellSysmodule warning: cellSysmoduleIsLoaded(CELL_SYSMODULE_SYSUTIL)
HLE: W {PPU[1] Thread (CPUThread)[0x02823010]} cellSysmodule warning: cellSysmoduleLoadModule(CELL_SYSMODULE_SYSUTIL)
HLE: W {PPU[1] Thread (CPUThread)[0x0282301c]} cellSysmodule warning: cellSysmoduleIsLoaded(CELL_SYSMODULE_KEY2CHAR)
HLE: W {PPU[1] Thread (CPUThread)[0x02823010]} cellSysmodule warning: cellSysmoduleLoadModule(CELL_SYSMODULE_KEY2CHAR)
HLE: W {PPU[1] Thread (CPUThread)[0x0282301c]} cellSysmodule warning: cellSysmoduleIsLoaded(CELL_SYSMODULE_SYSUTIL_NP)
HLE: W {PPU[1] Thread (CPUThread)[0x02823010]} cellSysmodule warning: cellSysmoduleLoadModule(CELL_SYSMODULE_SYSUTIL_NP)
HLE: W {PPU[1] Thread (CPUThread)[0x0282301c]} cellSysmodule warning: cellSysmoduleIsLoaded(CELL_SYSMODULE_L10N)
HLE: W {PPU[1] Thread (CPUThread)[0x02823010]} cellSysmodule warning: cellSysmoduleLoadModule(CELL_SYSMODULE_L10N)
HLE: W {PPU[1] Thread (CPUThread)[0x0282301c]} cellSysmodule warning: cellSysmoduleIsLoaded(CELL_SYSMODULE_AVCONF_EXT)
HLE: W {PPU[1] Thread (CPUThread)[0x02823010]} cellSysmodule warning: cellSysmoduleLoadModule(CELL_SYSMODULE_AVCONF_EXT)
HLE: W {PPU[1] Thread (CPUThread)[0x0282301c]} cellSysmodule warning: cellSysmoduleIsLoaded(CELL_SYSMODULE_SYSUTIL_USERINFO)
HLE: W {PPU[1] Thread (CPUThread)[0x02823010]} cellSysmodule warning: cellSysmoduleLoadModule(CELL_SYSMODULE_SYSUTIL_USERINFO)
HLE: W {PPU[1] Thread (CPUThread)[0x0282301c]} cellSysmodule warning: cellSysmoduleIsLoaded(CELL_SYSMODULE_MIC)
HLE: W {PPU[1] Thread (CPUThread)[0x02823010]} cellSysmodule warning: cellSysmoduleLoadModule(CELL_SYSMODULE_MIC)
HLE: W {PPU[1] Thread (CPUThread)[0x0282301c]} cellSysmodule warning: cellSysmoduleIsLoaded(CELL_SYSMODULE_HTTPS)
HLE: W {PPU[1] Thread (CPUThread)[0x02823010]} cellSysmodule warning: cellSysmoduleLoadModule(CELL_SYSMODULE_HTTPS)
HLE: W {PPU[1] Thread (CPUThread)[0x0282301c]} cellSysmodule warning: cellSysmoduleIsLoaded(CELL_SYSMODULE_HTTP_UTIL)
HLE: W {PPU[1] Thread (CPUThread)[0x02823010]} cellSysmodule warning: cellSysmoduleLoadModule(CELL_SYSMODULE_HTTP_UTIL)
HLE: W {PPU[1] Thread (CPUThread)[0x0282301c]} cellSysmodule warning: cellSysmoduleIsLoaded(CELL_SYSMODULE_SYSUTIL_GAME)
HLE: W {PPU[1] Thread (CPUThread)[0x02823010]} cellSysmodule warning: cellSysmoduleLoadModule(CELL_SYSMODULE_SYSUTIL_GAME)
HLE: W {PPU[1] Thread (CPUThread)[0x000127ec]} memory warning: sys_memory_get_user_memory_size(mem_info_addr=0xd0010ac8)
HLE: W {PPU[1] Thread (CPUThread)[0x0282b058]} cellGame warning: cellGameBootCheck(type_addr=0xd0010850, attributes_addr=0xd0010854, size_addr=0xd001085c, dirName_addr=0xd0010878)
HLE: W {PPU[1] Thread (CPUThread)[0x0282b004]} cellGame warning: cellGameGetParamString(id=100, buf_addr=0x268afa2, bufsize=10)
HLE: W {PPU[1] Thread (CPUThread)[0x0282b040]} cellGame warning: cellGameGetParamInt(id=102, value_addr=0x268afd0)
HLE: W {PPU[1] Thread (CPUThread)[0x0282b01c]} cellGame warning: cellGameContentPermit(contentInfoPath_addr=0xd00109a0, usrdirPath_addr=0xd0010898)
HLE: W {PPU[1] Thread (CPUThread)[0x0282b04c]} cellGame warning: cellGameDataCheck(type=0x2, dirName_addr=0x268afa2, size_addr=0xd0010868)
HLE: W {PPU[1] Thread (CPUThread)[0x0282b01c]} cellGame warning: cellGameContentPermit(contentInfoPath_addr=0xd00109a0, usrdirPath_addr=0xd0010898)
HLE: W {PPU[1] Thread (CPUThread)[0x0282301c]} cellSysmodule warning: cellSysmoduleIsLoaded(CELL_SYSMODULE_FS)
HLE: W {PPU[1] Thread (CPUThread)[0x0282301c]} cellSysmodule warning: cellSysmoduleIsLoaded(CELL_SYSMODULE_NET)
HLE: W {PPU[1] Thread (CPUThread)[0x0282301c]} cellSysmodule warning: cellSysmoduleIsLoaded(CELL_SYSMODULE_RTC)
HLE: W {PPU[1] Thread (CPUThread)[0x02823010]} cellSysmodule warning: cellSysmoduleLoadModule(CELL_SYSMODULE_RTC)
HLE: W {PPU[1] Thread (CPUThread)[0x0282301c]} cellSysmodule warning: cellSysmoduleIsLoaded(CELL_SYSMODULE_LV2DBG)
HLE: W {PPU[1] Thread (CPUThread)[0x02823010]} cellSysmodule warning: cellSysmoduleLoadModule(CELL_SYSMODULE_LV2DBG)
HLE: W {PPU[1] Thread (CPUThread)[0x0284304c]} sys_lwmutex warning: *** lwmutex created [Adaptiv] (attribute=0x12): sq_id = 128
HLE: W {PPU[1] Thread (CPUThread)[0x0284304c]} sys_lwmutex warning: *** lwmutex created [Adaptiv] (attribute=0x12): sq_id = 129
HLE: W {PPU[1] Thread (CPUThread)[0x0284304c]} sys_lwmutex warning: *** lwmutex created [Adaptiv] (attribute=0x12): sq_id = 130
HLE: W {PPU[1] Thread (CPUThread)[0x0284304c]} sys_lwmutex warning: *** lwmutex created [Adaptiv] (attribute=0x12): sq_id = 131
HLE: W {PPU[1] Thread (CPUThread)[0x0284304c]} sys_lwmutex warning: *** lwmutex created [Adaptiv] (attribute=0x12): sq_id = 132
HLE: W {PPU[1] Thread (CPUThread)[0x0284304c]} sys_lwmutex warning: *** lwmutex created [Adaptiv] (attribute=0x12): sq_id = 133
HLE: W {PPU[1] Thread (CPUThread)[0x0284304c]} sys_lwmutex warning: *** lwmutex created [Adaptiv] (attribute=0x12): sq_id = 134
HLE: W {PPU[1] Thread (CPUThread)[0x0284304c]} sys_lwmutex warning: *** lwmutex created [Adaptiv] (attribute=0x12): sq_id = 135
HLE: W {PPU[1] Thread (CPUThread)[0x0284304c]} sys_lwmutex warning: *** lwmutex created [Adaptiv] (attribute=0x12): sq_id = 136
HLE: E {PPU[1] Thread (CPUThread)[0x000441c8]} vm TODO: sys_vm_touch(addr=0x30050000,size=0x10000)
HLE: W {PPU[1] Thread (CPUThread)[0x0281f004]} sys_net warning: sys_net_initialize_network_ex(param_addr=0xd0010724)
HLE: E {PPU[1] Thread (CPUThread)[0x02821064]} cellNetCtl TODO: cellNetCtlInit
HLE: W {PPU[1] Thread (CPUThread)[0x0284304c]} sys_lwmutex warning: *** lwmutex created [Adaptiv] (attribute=0x12): sq_id = 137
HLE: W {PPU[1] Thread (CPUThread)[0x0284304c]} sys_lwmutex warning: *** lwmutex created [Adaptiv] (attribute=0x12): sq_id = 138
HLE: W {PPU[1] Thread (CPUThread)[0x0284304c]} sys_lwmutex warning: *** lwmutex created [Adaptiv] (attribute=0x12): sq_id = 139
HLE: W {PPU[1] Thread (CPUThread)[0x0284304c]} sys_lwmutex warning: *** lwmutex created [Adaptiv] (attribute=0x12): sq_id = 140
HLE: W {PPU[1] Thread (CPUThread)[0x0284304c]} sys_lwmutex warning: *** lwmutex created [EventMu] (attribute=0x22): sq_id = 141
HLE: W {PPU[1] Thread (CPUThread)[0x02843148]} sys_lwcond warning: *** lwcond created [EventCo] (lwmutex_addr=0x274b440): id = 142
HLE: W {PPU[1] Thread (CPUThread)[0x0284304c]} sys_lwmutex warning: *** lwmutex created [EventMu] (attribute=0x22): sq_id = 143
HLE: W {PPU[1] Thread (CPUThread)[0x02843148]} sys_lwcond warning: *** lwcond created [EventCo] (lwmutex_addr=0x274b470): id = 144
HLE: W {PPU[1] Thread (CPUThread)[0x0284304c]} sys_lwmutex warning: *** lwmutex created [Adaptiv] (attribute=0x12): sq_id = 145
HLE: W {PPU[1] Thread (CPUThread)[0x0284304c]} sys_lwmutex warning: *** lwmutex created [Adaptiv] (attribute=0x12): sq_id = 146
HLE: W {PPU[1] Thread (CPUThread)[0x0284304c]} sys_lwmutex warning: *** lwmutex created [EventMu] (attribute=0x22): sq_id = 147
HLE: W {PPU[1] Thread (CPUThread)[0x02843148]} sys_lwcond warning: *** lwcond created [EventCo] (lwmutex_addr=0x274b528): id = 148
HLE: W {PPU[1] Thread (CPUThread)[0x0284304c]} sys_lwmutex warning: *** lwmutex created [Adaptiv] (attribute=0x12): sq_id = 149
HLE: W {PPU[1] Thread (CPUThread)[0x0284304c]} sys_lwmutex warning: *** lwmutex created [Adaptiv] (attribute=0x12): sq_id = 150
HLE: W {PPU[1] Thread (CPUThread)[0x0284304c]} sys_lwmutex warning: *** lwmutex created [Adaptiv] (attribute=0x12): sq_id = 151
HLE: W {PPU[1] Thread (CPUThread)[0x0284304c]} sys_lwmutex warning: *** lwmutex created [Adaptiv] (attribute=0x12): sq_id = 152
HLE: W {PPU[1] Thread (CPUThread)[0x0284304c]} sys_lwmutex warning: *** lwmutex created [Adaptiv] (attribute=0x12): sq_id = 153
HLE: W {PPU[1] Thread (CPUThread)[0x0284304c]} sys_lwmutex warning: *** lwmutex created [Adaptiv] (attribute=0x12): sq_id = 154
HLE: W {PPU[1] Thread (CPUThread)[0x0284304c]} sys_lwmutex warning: *** lwmutex created [Adaptiv] (attribute=0x12): sq_id = 155
HLE: W {PPU[1] Thread (CPUThread)[0x0281b0ac]} cellSysutil warning: cellSysutilRegisterCallback(slot=0, func_addr=0x261bbf0, userdata=0x0)
HLE: W {PPU[1] Thread (CPUThread)[0x0281b040]} cellSysutil warning: cellSysutilGetSystemParamInt: CELL_SYSUTIL_SYSTEMPARAM_ID_LANG
HLE: W {PPU[1] Thread (CPUThread)[0x0284304c]} sys_lwmutex warning: *** lwmutex created [] (attribute=0x12): sq_id = 156
HLE: W {PPU[1] Thread (CPUThread)[0x0257e058]} sys_fs warning: cellFsStat(path="/dev_hdd0/game/NPEB01433/USRDIR/data_ps3/skuconfig.dat", sb_addr: 0xd00107f0)
HLE: ! {PPU[1] Thread (CPUThread)[0x0257e04c]} "/dev_hdd0/game/NPEB01433/USRDIR/data_ps3/skuconfig.dat" opened: fd = 157
HLE: E {PPU[1] Thread (CPUThread)[0x000441c8]} vm TODO: sys_vm_touch(addr=0x30060000,size=0x10000)
HLE: W {PPU[1] Thread (CPUThread)[0x0281b100]} cellSysutil warning: cellSaveDataAutoLoad2(version=1, dirName_addr=0x30061dec, errDialog=0, setBuf=0xd00109d4, funcList=0x262e4e0, funcStat=0x262e4e8, funcFile=0xffffffff, container=-805237952, userdata_addr=0x0)
HLE: W {PPU[1] Thread (CPUThread)[0x0281b100]} cellSaveDataAutoLoad2: Couldn't find save entry (BLES01854-WATCHDOGS-MAIN)
G: E {PPU[1] Thread (CPUThread)[0x00012a1c]} Exception: Access violation: addr = 0x0 (last_syscall=0x0 (Unknown func id: 0x00000000))
HLE: ! All threads stopped...
MEM: ! Closing memory...
