HLE: ! path: /dev_hdd0/game/
LDR: ! Loading 'D:\Emulateurs\Rpcs3\dev_hdd0\game\NPEB00445/USRDIR/BOOT.BIN'...
LDR: !  
LDR: ! Mount info:
LDR: ! /dev_hdd0/ -> D:\Emulateurs\Rpcs3/dev_hdd0/
LDR: ! /dev_hdd1/ -> D:\Emulateurs\Rpcs3/dev_hdd1/
LDR: ! /dev_flash/ -> D:\Emulateurs\Rpcs3/dev_flash/
LDR: ! /dev_usb000/ -> D:\Emulateurs\Rpcs3/dev_usb000/
LDR: ! /dev_usb/ -> D:\Emulateurs\Rpcs3/dev_usb000/
LDR: ! /app_home/ -> D:\Emulateurs\Rpcs3\dev_hdd0\game\NPEB00445/
LDR: ! /dev_bdvd/ -> D:\Emulateurs\Rpcs3\dev_hdd0\game\NPEB00445//../
LDR: ! /host_root/ -> 
LDR: ! / -> D:\Emulateurs\Rpcs3\dev_hdd0\game\NPEB00445//USRDIR/
LDR: ! /app_home/PS3_GAME/USRDIR/ -> D:\Emulateurs\Rpcs3\dev_hdd0\game\NPEB00445//USRDIR/
LDR: ! /dev_flash2/ -> D:\Emulateurs\Rpcs3/dev_flash2/
LDR: ! /app_home/Game/PS3_GAME/USRDIR/ -> D:\Emulateurs\Rpcs3\dev_hdd0\game\NPEB00445//USRDIR/
LDR: !  
MEM: ! Initing memory...
MEM: ! Memory initialized.
LDR: ! Function 'cellAANConnect' hooked (addr=0x6d93f0)
LDR: ! Function 'cellAANDisconnect' hooked (addr=0x6d9488)
LDR: ! Function 'cellAANAddData' hooked (addr=0x6d9520)
LDR: ! Function 'cellSurMixerGetAANHandle' hooked (addr=0x6d966c)
LDR: ! Function 'cellSurMixerSetNotifyCallback' hooked (addr=0x6d96a4)
LDR: ! Function 'cellSurMixerRemoveNotifyCallback' hooked (addr=0x6d9738)
LDR: ! Function 'cellSurMixerSurBusAddData' hooked (addr=0x6d97c8)
LDR: ! Function 'cellSurMixerGetCurrentBlockTag' hooked (addr=0x6d9878)
LDR: ! Function 'cellSurMixerChStripGetAANPortNo' hooked (addr=0x6da0d4)
LDR: ! Function 'cellSurMixerBeep' hooked (addr=0x6da110)
LDR: ! Function 'cellSurMixerChStripSetParameter' hooked (addr=0x6da4ec)
LDR: ! Function 'cellSurMixerPause' hooked (addr=0x6da7a0)
LDR: ! Function 'cellSurMixerGetTimestamp' hooked (addr=0x6dbdb8)
LDR: ! Function 'cellSurMixerSetParameter' hooked (addr=0x6dbe20)
LDR: ! Function 'cellSurMixerStart' hooked (addr=0x6dbef0)
LDR: ! Function 'cellSurMixerFinalize' hooked (addr=0x6dc1f8)
LDR: ! Function 'cellSurMixerCreate' hooked (addr=0x6dcabc)
LDR: S Function group [surmxAAN] successfully hooked
LDR: S Function group [surmixer] successfully hooked
LDR: W Unimplemented function 'sceNpScorePollAsync' in 'sceNp' module
LDR: W Unimplemented function 'sceNpScoreDestroyTransactionCtx' in 'sceNp' module
LDR: W Unimplemented function 'sceNpScoreAbortTransaction' in 'sceNp' module
LDR: W Unimplemented function 'sceNpManagerGetNpId' in 'sceNp' module
LDR: W Unimplemented function 'sceNpBasicSendMessageGui' in 'sceNp' module
LDR: W Unimplemented function 'sceNpBasicGetFriendListEntry' in 'sceNp' module
LDR: W Unimplemented function 'sceNpManagerGetTicket' in 'sceNp' module
LDR: W Unimplemented function 'sceNpManagerGetAccountAge' in 'sceNp' module
LDR: W Unimplemented function 'sceNpBasicRegisterContextSensitiveHandler' in 'sceNp' module
LDR: W Unimplemented function 'Unknown func id: 0x4210c462' in 'sceNp' module
LDR: W Unimplemented function 'sceNpManagerUnregisterCallback' in 'sceNp' module
LDR: W Unimplemented function 'sceNpManagerGetTicketParam' in 'sceNp' module
LDR: W Unimplemented function 'sceNpBasicRecvMessageAttachmentLoad' in 'sceNp' module
LDR: W Unimplemented function 'sceNpManagerGetContentRatingFlag' in 'sceNp' module
LDR: W Unimplemented function 'sceNpBasicRecvMessageCustom' in 'sceNp' module
LDR: W Unimplemented function 'sceNpManagerRequestTicket2' in 'sceNp' module
LDR: W Unimplemented function 'sceNpBasicUnregisterHandler' in 'sceNp' module
LDR: W Unimplemented function 'sceNpBasicGetFriendListEntryCount' in 'sceNp' module
LDR: W Unimplemented function 'sceNpManagerGetAccountRegion' in 'sceNp' module
LDR: W Unimplemented function 'sceNpUtilCmpNpId' in 'sceNp' module
LDR: W Unimplemented function 'sceNpBasicGetEvent' in 'sceNp' module
LDR: W Unimplemented function 'sceNpManagerRegisterCallback' in 'sceNp' module
LDR: W Unimplemented function 'sceNpManagerGetChatRestrictionFlag' in 'sceNp' module
LDR: W Unimplemented function 'sceNpBasicGetMessageEntryCount' in 'sceNp' module
LDR: W Unimplemented function 'cellSpursJobQueueAttributeSetDoBusyWaiting' in 'cellSpursJq' module
LDR: W Unimplemented function 'cellSpursJobQueueAttributeSetSubmitWithEntryLock' in 'cellSpursJq' module
LDR: W Unimplemented function 'cellSpursJobQueueAttributeSetMaxSizeJobDescriptor' in 'cellSpursJq' module
LDR: W Unimplemented function 'cellSpursJobQueueAttributeInitialize' in 'cellSpursJq' module
LDR: W Unimplemented function 'cellSpursJobQueueAttributeSetIsJobTypeMemoryCheck' in 'cellSpursJq' module
LDR: W Unimplemented function 'cellSpursJobQueueAttributeSetGrabParameters' in 'cellSpursJq' module
LDR: W Unimplemented function '_cellSpursCreateJobQueue' in 'cellSpursJq' module
LDR: W Unimplemented function 'cellSpursJobQueueAttributeSetIsHaltOnError' in 'cellSpursJq' module
LDR: W Unimplemented function 'cellFsSdataOpenByFd' in 'sys_fs' module
LDR: W Unimplemented function 'cellFsFsync' in 'sys_fs' module
LDR: W Unimplemented function 'cellOskDialogUnloadAsync' in 'cellSysutil' module
LDR: W Unimplemented function 'cellOskDialogLoadAsync' in 'cellSysutil' module
LDR: W Unimplemented function 'cellOskDialogSetKeyLayoutOption' in 'cellSysutil' module
LDR: W Unimplemented function 'cellOskDialogSetLayoutMode' in 'cellSysutil' module
LDR: W Unimplemented function 'cellSysutilSetBgmPlaybackExtraParam' in 'cellSysutil' module
LDR: W Unimplemented function 'cellSaveDataDelete2' in 'cellSysutil' module
LDR: W Unimplemented function 'sceNp2Init' in 'sceNp2' module
LDR: W Unimplemented function 'sceNp2Term' in 'sceNp2' module
LDR: W Unknown module 'cellSaveData'
LDR: W Unknown module 'cellScreenShotUtility'
LDR: W Unimplemented function 'socketpoll' in 'sys_net' module
LDR: W Unimplemented function 'getsockname' in 'sys_net' module
LDR: W Unimplemented function 'socketselect' in 'sys_net' module
LDR: W Unimplemented function 'getsockopt' in 'sys_net' module
LDR: W Unimplemented function 'gethostbyname' in 'sys_net' module
LDR: W Unimplemented function 'getpeername' in 'sys_net' module
LDR: W Unknown module 'cellBGDLUtility'
LDR: W Unknown module 'sceNpCommerce2'
LDR: W Unknown module 'cellHttp'
LDR: W Unimplemented function 'cellSslEnd' in 'cellSsl' module
LDR: W Unimplemented function 'cellSslCertificateLoader' in 'cellSsl' module
LDR: W Unimplemented function 'cellSslInit' in 'cellSsl' module
LDR: W Unknown module 'cellSysutilAvconfExt'
LDR: W Unimplemented function 'cellCameraStop' in 'cellCamera' module
LDR: W Unimplemented function 'cellCameraClose' in 'cellCamera' module
LDR: W Unimplemented function 'cellCameraRead' in 'cellCamera' module
LDR: W Unimplemented function 'cellCameraStart' in 'cellCamera' module
LDR: W Unimplemented function 'cellCameraGetType' in 'cellCamera' module
LDR: W Unimplemented function 'cellCameraEnd' in 'cellCamera' module
LDR: W Unimplemented function 'cellCameraOpenEx' in 'cellCamera' module
LDR: W Unimplemented function 'cellCameraIsStarted' in 'cellCamera' module
LDR: W Unimplemented function 'cellCameraGetBufferSize' in 'cellCamera' module
LDR: W Unimplemented function 'cellCameraIsAttached' in 'cellCamera' module
LDR: W Unimplemented function 'cellCameraReset' in 'cellCamera' module
LDR: W Unimplemented function 'cellCameraIsAvailable' in 'cellCamera' module
LDR: W Unimplemented function 'cellCameraSetNotifyEventQueue2' in 'cellCamera' module
LDR: W Unimplemented function 'cellCameraInit' in 'cellCamera' module
LDR: W Unimplemented function 'cellCameraIsOpen' in 'cellCamera' module
LDR: W Unknown module 'cellMusicUtility'
LDR: W Unknown module 'cellSearchUtility'
LDR: W Unimplemented function 'cellCelpEncClose' in 'cellCelpEnc' module
LDR: W Unimplemented function 'cellCelpEncGetAu' in 'cellCelpEnc' module
LDR: W Unimplemented function 'cellCelpEncStart' in 'cellCelpEnc' module
LDR: W Unimplemented function 'cellCelpEncQueryAttr' in 'cellCelpEnc' module
LDR: W Unimplemented function 'cellCelpEncOpen' in 'cellCelpEnc' module
LDR: W Unimplemented function 'cellCelpEncEncodeFrame' in 'cellCelpEnc' module
LDR: W Unimplemented function 'cellCelpEncWaitForOutput' in 'cellCelpEnc' module
LDR: W Unimplemented function 'cellCelpEncEnd' in 'cellCelpEnc' module
LDR: W Unimplemented function 'cellSailGraphicsAdapterGetFrame' in 'cellSail' module
LDR: W Unimplemented function 'cellSailDescriptorCreateDatabase' in 'cellSail' module
LDR: W Unimplemented function 'cellSailPlayerSetSoundAdapter' in 'cellSail' module
LDR: W Unimplemented function 'cellSailPlayerFinalize' in 'cellSail' module
LDR: W Unimplemented function 'cellSailPlayerSetGraphicsAdapter' in 'cellSail' module
LDR: W Unimplemented function 'cellSailGraphicsAdapterInitialize' in 'cellSail' module
LDR: W Unimplemented function 'cellSailPlayerInitialize2' in 'cellSail' module
LDR: W Unimplemented function 'cellSailDescriptorDestroyDatabase' in 'cellSail' module
LDR: W Unimplemented function 'cellSailGraphicsAdapterSetPreferredFormat' in 'cellSail' module
LDR: W Unimplemented function 'cellSailMemAllocatorInitialize' in 'cellSail' module
LDR: W Unimplemented function 'cellSailPlayerOpenStream' in 'cellSail' module
LDR: W Unimplemented function 'cellSailFutureGet' in 'cellSail' module
LDR: W Unimplemented function 'cellSailSoundAdapterInitialize' in 'cellSail' module
LDR: W Unimplemented function 'cellSailGraphicsAdapterUpdateAvSync' in 'cellSail' module
LDR: W Unimplemented function 'cellSailPlayerReplaceEventHandler' in 'cellSail' module
LDR: W Unimplemented function 'cellSailSoundAdapterPtsToTimePosition' in 'cellSail' module
LDR: W Unimplemented function 'cellSailFutureInitialize' in 'cellSail' module
LDR: W Unimplemented function 'cellSailPlayerSetParameter' in 'cellSail' module
LDR: W Unimplemented function 'cellSailGraphicsAdapterFinalize' in 'cellSail' module
LDR: W Unimplemented function 'cellSailPlayerAddDescriptor' in 'cellSail' module
LDR: W Unimplemented function 'cellSailSoundAdapterGetFrame' in 'cellSail' module
LDR: W Unimplemented function 'cellSailPlayerCloseStream' in 'cellSail' module
LDR: W Unimplemented function 'cellSailFutureFinalize' in 'cellSail' module
LDR: W Unimplemented function 'cellSailFutureSet' in 'cellSail' module
LDR: W Unimplemented function 'cellSailPlayerBoot' in 'cellSail' module
LDR: W Unimplemented function 'cellSailSoundAdapterFinalize' in 'cellSail' module
LDR: W Unimplemented function 'cellSailPlayerSetPaused' in 'cellSail' module
LDR: W Unimplemented function 'cellSailDescriptorGetStreamType' in 'cellSail' module
LDR: W Unimplemented function 'cellSailPlayerCreateDescriptor' in 'cellSail' module
LDR: W Unimplemented function 'cellSailPlayerStart' in 'cellSail' module
LDR: W Unimplemented function 'cellSailPlayerStop' in 'cellSail' module
LDR: W Unimplemented function 'cellSailSoundAdapterUpdateAvSync' in 'cellSail' module
LDR: W Unimplemented function 'cellSailSoundAdapterGetFormat' in 'cellSail' module
LDR: W Unimplemented function 'cellSailPlayerSetRepeatMode' in 'cellSail' module
LDR: W Unimplemented function 'cellSailPlayerDestroyDescriptor' in 'cellSail' module
LDR: W Unimplemented function 'cellSailGraphicsAdapterGetFormat' in 'cellSail' module
LDR: W Unimplemented function 'cellMicOpenEx' in 'cellMic' module
LDR: W Unimplemented function 'cellMicRead' in 'cellMic' module
LDR: W Unimplemented function 'cellMicIsAttached' in 'cellMic' module
LDR: W Unimplemented function 'cellMicSetSignalAttr' in 'cellMic' module
LDR: W Unimplemented function 'cellMicSetNotifyEventQueue' in 'cellMic' module
LDR: W Unimplemented function 'cellMicInit' in 'cellMic' module
LDR: W Unimplemented function 'cellMicClose' in 'cellMic' module
LDR: W Unimplemented function 'cellMicGetSignalState' in 'cellMic' module
LDR: W Unimplemented function 'cellMicEnd' in 'cellMic' module
LDR: W Unimplemented function 'cellMicOpen' in 'cellMic' module
LDR: W Unimplemented function 'cellMicStart' in 'cellMic' module
LDR: W Unimplemented function 'cellMicStop' in 'cellMic' module
LDR: W Unimplemented function '_sys_heap_free' in 'sysPrxForUser' module
LDR: W Unimplemented function 'sys_prx_load_module_on_memcontainer_by_fd' in 'sysPrxForUser' module
LDR: W Unimplemented function '_sys_heap_delete_heap' in 'sysPrxForUser' module
LDR: W Unimplemented function 'sys_prx_load_module_by_fd' in 'sysPrxForUser' module
HLE: W PPU[1] Thread (CPUThread)[0x000111a8]memory warning: sys_memory_get_user_memory_size(mem_info_addr=0xd0010cc0)
HLE: W PPU[1] Thread (CPUThread)[0x00eab058]sys_lwmutex warning: *** lwmutex created [_lc_mtx] (attribute=0x12): sq_id = 3
HLE: W PPU[1] Thread (CPUThread)[0x00eab058]sys_lwmutex warning: *** lwmutex created [_lc_mtx] (attribute=0x12): sq_id = 4
HLE: W PPU[1] Thread (CPUThread)[0x00eab058]sys_lwmutex warning: *** lwmutex created [_lc_mtx] (attribute=0x12): sq_id = 5
HLE: W PPU[1] Thread (CPUThread)[0x00eab058]sys_lwmutex warning: *** lwmutex created [_lc_mtx] (attribute=0x12): sq_id = 6
HLE: W PPU[1] Thread (CPUThread)[0x00eab058]sys_lwmutex warning: *** lwmutex created [_lc_mtx] (attribute=0x12): sq_id = 7
HLE: W PPU[1] Thread (CPUThread)[0x00eab058]sys_lwmutex warning: *** lwmutex created [_lc_mtx] (attribute=0x12): sq_id = 8
HLE: W PPU[1] Thread (CPUThread)[0x00eab058]sys_lwmutex warning: *** lwmutex created [_lc_mtx] (attribute=0x12): sq_id = 9
HLE: W PPU[1] Thread (CPUThread)[0x00eab058]sys_lwmutex warning: *** lwmutex created [_lc_mtx] (attribute=0x12): sq_id = 10
HLE: W PPU[1] Thread (CPUThread)[0x00eab058]sys_lwmutex warning: *** lwmutex created [_lc_mtx] (attribute=0x12): sq_id = 11
HLE: W PPU[1] Thread (CPUThread)[0x00eab058]sys_lwmutex warning: *** lwmutex created [_lc_mtx] (attribute=0x12): sq_id = 12
HLE: W PPU[1] Thread (CPUThread)[0x00eab058]sys_lwmutex warning: *** lwmutex created [_lc_mtx] (attribute=0x12): sq_id = 13
HLE: W PPU[1] Thread (CPUThread)[0x00eab058]sys_lwmutex warning: *** lwmutex created [_lc_mtx] (attribute=0x12): sq_id = 14
HLE: W PPU[1] Thread (CPUThread)[0x00eab058]sys_lwmutex warning: *** lwmutex created [_lc_mtx] (attribute=0x12): sq_id = 15
HLE: W PPU[1] Thread (CPUThread)[0x00eab058]sys_lwmutex warning: *** lwmutex created [_lc_mtx] (attribute=0x12): sq_id = 16
HLE: W PPU[1] Thread (CPUThread)[0x00eab058]sys_lwmutex warning: *** lwmutex created [_lc_mtx] (attribute=0x12): sq_id = 17
HLE: W PPU[1] Thread (CPUThread)[0x00eab058]sys_lwmutex warning: *** lwmutex created [_lc_mtx] (attribute=0x12): sq_id = 18
HLE: W PPU[1] Thread (CPUThread)[0x00eab058]sys_lwmutex warning: *** lwmutex created [_lc_mtx] (attribute=0x12): sq_id = 19
HLE: W PPU[1] Thread (CPUThread)[0x00eab058]sys_lwmutex warning: *** lwmutex created [_lc_mtx] (attribute=0x12): sq_id = 20
HLE: W PPU[1] Thread (CPUThread)[0x00eab058]sys_lwmutex warning: *** lwmutex created [_lc_mtx] (attribute=0x12): sq_id = 21
HLE: W PPU[1] Thread (CPUThread)[0x00eab058]sys_lwmutex warning: *** lwmutex created [_lc_mtx] (attribute=0x12): sq_id = 22
HLE: W PPU[1] Thread (CPUThread)[0x00eab058]sys_lwmutex warning: *** lwmutex created [_lc_mtx] (attribute=0x12): sq_id = 23
HLE: W PPU[1] Thread (CPUThread)[0x00eab058]sys_lwmutex warning: *** lwmutex created [_lc_mtx] (attribute=0x12): sq_id = 24
HLE: W PPU[1] Thread (CPUThread)[0x00eab058]sys_lwmutex warning: *** lwmutex created [name] (attribute=0x11): sq_id = 25
HLE: W PPU[1] Thread (CPUThread)[0x00eab058]sys_lwmutex warning: *** lwmutex created [name] (attribute=0x11): sq_id = 26
HLE: W PPU[1] Thread (CPUThread)[0x00eab058]sys_lwmutex warning: *** lwmutex created [ps3HDDL] (attribute=0x12): sq_id = 27
HLE: W PPU[1] Thread (CPUThread)[0x00705108]cellSysutil warning: cellSysutilGetSystemParamInt: CELL_SYSUTIL_SYSTEMPARAM_ID_TIMEZONE
HLE: W PPU[1] Thread (CPUThread)[0x00705108]cellSysutil warning: cellSysutilGetSystemParamInt: CELL_SYSUTIL_SYSTEMPARAM_ID_SUMMERTIME
HLE: W PPU[1] Thread (CPUThread)[0x0070e884]cellSysutil warning: cellSysutilGetSystemParamInt: CELL_SYSUTIL_SYSTEMPARAM_ID_TIMEZONE
HLE: W PPU[1] Thread (CPUThread)[0x0070e884]cellSysutil warning: cellSysutilGetSystemParamInt: CELL_SYSUTIL_SYSTEMPARAM_ID_SUMMERTIME
HLE: W PPU[1] Thread (CPUThread)[0x00706b78]cellSysutil warning: cellSysutilGetSystemParamInt: CELL_SYSUTIL_SYSTEMPARAM_ID_TIMEZONE
HLE: W PPU[1] Thread (CPUThread)[0x00706b78]cellSysutil warning: cellSysutilGetSystemParamInt: CELL_SYSUTIL_SYSTEMPARAM_ID_SUMMERTIME
HLE: W PPU[1] Thread (CPUThread)[0x0070e884]cellSysutil warning: cellSysutilGetSystemParamInt: CELL_SYSUTIL_SYSTEMPARAM_ID_TIMEZONE
HLE: W PPU[1] Thread (CPUThread)[0x0070e884]cellSysutil warning: cellSysutilGetSystemParamInt: CELL_SYSUTIL_SYSTEMPARAM_ID_SUMMERTIME
HLE: W PPU[1] Thread (CPUThread)[0x0070508c]cellSysutil warning: cellSysutilGetSystemParamInt: CELL_SYSUTIL_SYSTEMPARAM_ID_TIMEZONE
HLE: W PPU[1] Thread (CPUThread)[0x0070508c]cellSysutil warning: cellSysutilGetSystemParamInt: CELL_SYSUTIL_SYSTEMPARAM_ID_SUMMERTIME
HLE: W PPU[1] Thread (CPUThread)[0x00706b78]cellSysutil warning: cellSysutilGetSystemParamInt: CELL_SYSUTIL_SYSTEMPARAM_ID_TIMEZONE
HLE: W PPU[1] Thread (CPUThread)[0x00706b78]cellSysutil warning: cellSysutilGetSystemParamInt: CELL_SYSUTIL_SYSTEMPARAM_ID_SUMMERTIME
HLE: W PPU[1] Thread (CPUThread)[0x00eab058]sys_lwmutex warning: *** lwmutex created [name] (attribute=0x11): sq_id = 28
HLE: W PPU[1] Thread (CPUThread)[0x00eab058]sys_lwmutex warning: *** lwmutex created [name] (attribute=0x11): sq_id = 29
HLE: W PPU[1] Thread (CPUThread)[0x00eab058]sys_lwmutex warning: *** lwmutex created [name] (attribute=0x11): sq_id = 30
HLE: W PPU[1] Thread (CPUThread)[0x00eab058]sys_lwmutex warning: *** lwmutex created [name] (attribute=0x11): sq_id = 31
HLE: W PPU[1] Thread (CPUThread)[0x00eab058]sys_lwmutex warning: *** lwmutex created [name] (attribute=0x11): sq_id = 32
HLE: W PPU[1] Thread (CPUThread)[0x00eab058]sys_lwmutex warning: *** lwmutex created [name] (attribute=0x11): sq_id = 33
HLE: W PPU[1] Thread (CPUThread)[0x00686580]sys_semaphore warning: sys_semaphore_create(sem_addr=0xe513f0, attr_addr=0xd0010b90, initial_count=0, max_count=1)
HLE: ! PPU[1] Thread (CPUThread)[0x00686580]*** semaphore created [] (protocol=0x2): id = 34
HLE: W PPU[1] Thread (CPUThread)[0x006865e8]sys_semaphore warning: sys_semaphore_create(sem_addr=0xe51400, attr_addr=0xd0010b90, initial_count=0, max_count=1)
HLE: ! PPU[1] Thread (CPUThread)[0x006865e8]*** semaphore created [] (protocol=0x2): id = 35
HLE: W PPU[1] Thread (CPUThread)[0x00686650]sys_semaphore warning: sys_semaphore_create(sem_addr=0xe51410, attr_addr=0xd0010b90, initial_count=0, max_count=1)
HLE: ! PPU[1] Thread (CPUThread)[0x00686650]*** semaphore created [] (protocol=0x2): id = 36
HLE: W PPU[1] Thread (CPUThread)[0x00eab058]sys_lwmutex warning: *** lwmutex created [name] (attribute=0x11): sq_id = 37
HLE: W PPU[1] Thread (CPUThread)[0x00eab058]sys_lwmutex warning: *** lwmutex created [name] (attribute=0x11): sq_id = 38
HLE: W PPU[1] Thread (CPUThread)[0x00eab058]sys_lwmutex warning: *** lwmutex created [name] (attribute=0x11): sq_id = 39
HLE: W PPU[1] Thread (CPUThread)[0x00eab058]sys_lwmutex warning: *** lwmutex created [name] (attribute=0x11): sq_id = 40
HLE: W PPU[1] Thread (CPUThread)[0x00eab058]sys_lwmutex warning: *** lwmutex created [name] (attribute=0x11): sq_id = 41
HLE: W PPU[1] Thread (CPUThread)[0x00eab058]sys_lwmutex warning: *** lwmutex created [name] (attribute=0x11): sq_id = 42
HLE: W PPU[1] Thread (CPUThread)[0x00eab058]sys_lwmutex warning: *** lwmutex created [name] (attribute=0x11): sq_id = 43
HLE: W PPU[1] Thread (CPUThread)[0x00eab058]sys_lwmutex warning: *** lwmutex created [name] (attribute=0x11): sq_id = 44
HLE: W PPU[1] Thread (CPUThread)[0x00eab058]sys_lwmutex warning: *** lwmutex created [name] (attribute=0x11): sq_id = 45
HLE: W PPU[1] Thread (CPUThread)[0x00eab058]sys_lwmutex warning: *** lwmutex created [name] (attribute=0x11): sq_id = 46
HLE: W PPU[1] Thread (CPUThread)[0x00eab058]sys_lwmutex warning: *** lwmutex created [name] (attribute=0x11): sq_id = 47
HLE: W PPU[1] Thread (CPUThread)[0x00eab058]sys_lwmutex warning: *** lwmutex created [name] (attribute=0x11): sq_id = 48
HLE: W PPU[1] Thread (CPUThread)[0x00eab058]sys_lwmutex warning: *** lwmutex created [name] (attribute=0x11): sq_id = 49
HLE: W PPU[1] Thread (CPUThread)[0x00eab058]sys_lwmutex warning: *** lwmutex created [name] (attribute=0x11): sq_id = 50
HLE: W PPU[1] Thread (CPUThread)[0x00eab058]sys_lwmutex warning: *** lwmutex created [name] (attribute=0x11): sq_id = 51
HLE: W PPU[1] Thread (CPUThread)[0x0067f0e4]sys_semaphore warning: sys_semaphore_create(sem_addr=0xe51208, attr_addr=0xd0010ba0, initial_count=0, max_count=100)
HLE: ! PPU[1] Thread (CPUThread)[0x0067f0e4]*** semaphore created [] (protocol=0x2): id = 52
HLE: W PPU[1] Thread (CPUThread)[0x00eab058]sys_lwmutex warning: *** lwmutex created [name] (attribute=0x11): sq_id = 53
HLE: W PPU[1] Thread (CPUThread)[0x00eab058]sys_lwmutex warning: *** lwmutex created [name] (attribute=0x11): sq_id = 54
HLE: W PPU[1] Thread (CPUThread)[0x00eab058]sys_lwmutex warning: *** lwmutex created [name] (attribute=0x11): sq_id = 55
HLE: W PPU[1] Thread (CPUThread)[0x00eab058]sys_lwmutex warning: *** lwmutex created [name] (attribute=0x11): sq_id = 56
HLE: W PPU[1] Thread (CPUThread)[0x00eab058]sys_lwmutex warning: *** lwmutex created [name] (attribute=0x11): sq_id = 57
HLE: W PPU[1] Thread (CPUThread)[0x00eab058]sys_lwmutex warning: *** lwmutex created [name] (attribute=0x11): sq_id = 58
HLE: W PPU[1] Thread (CPUThread)[0x00eab058]sys_lwmutex warning: *** lwmutex created [name] (attribute=0x11): sq_id = 59
HLE: W PPU[1] Thread (CPUThread)[0x00eab058]sys_lwmutex warning: *** lwmutex created [name] (attribute=0x11): sq_id = 60
HLE: W PPU[1] Thread (CPUThread)[0x00eab058]sys_lwmutex warning: *** lwmutex created [name] (attribute=0x11): sq_id = 61
HLE: W PPU[1] Thread (CPUThread)[0x00eab058]sys_lwmutex warning: *** lwmutex created [name] (attribute=0x11): sq_id = 62
HLE: W PPU[1] Thread (CPUThread)[0x00eab058]sys_lwmutex warning: *** lwmutex created [name] (attribute=0x11): sq_id = 63
HLE: W PPU[1] Thread (CPUThread)[0x00eab058]sys_lwmutex warning: *** lwmutex created [name] (attribute=0x11): sq_id = 64
HLE: W PPU[1] Thread (CPUThread)[0x00eab058]sys_lwmutex warning: *** lwmutex created [name] (attribute=0x11): sq_id = 65
HLE: W PPU[1] Thread (CPUThread)[0x00eab058]sys_lwmutex warning: *** lwmutex created [name] (attribute=0x11): sq_id = 66
HLE: W PPU[1] Thread (CPUThread)[0x00eab058]sys_lwmutex warning: *** lwmutex created [name] (attribute=0x11): sq_id = 67
HLE: W PPU[1] Thread (CPUThread)[0x00eab058]sys_lwmutex warning: *** lwmutex created [name] (attribute=0x11): sq_id = 68
HLE: W PPU[1] Thread (CPUThread)[0x00eab058]sys_lwmutex warning: *** lwmutex created [name] (attribute=0x11): sq_id = 69
HLE: W PPU[1] Thread (CPUThread)[0x00eab058]sys_lwmutex warning: *** lwmutex created [name] (attribute=0x11): sq_id = 70
HLE: W PPU[1] Thread (CPUThread)[0x00eab058]sys_lwmutex warning: *** lwmutex created [name] (attribute=0x11): sq_id = 71
HLE: W PPU[1] Thread (CPUThread)[0x00eab058]sys_lwmutex warning: *** lwmutex created [name] (attribute=0x11): sq_id = 72
HLE: W PPU[1] Thread (CPUThread)[0x00eab058]sys_lwmutex warning: *** lwmutex created [name] (attribute=0x11): sq_id = 73
HLE: W PPU[1] Thread (CPUThread)[0x00eab058]sys_lwmutex warning: *** lwmutex created [name] (attribute=0x11): sq_id = 74
HLE: W PPU[1] Thread (CPUThread)[0x00eab058]sys_lwmutex warning: *** lwmutex created [name] (attribute=0x11): sq_id = 75
HLE: W PPU[1] Thread (CPUThread)[0x00e71010]cellSysmodule warning: cellSysmoduleLoadModule(CELL_SYSMODULE_GCM_SYS)
HLE: W PPU[1] Thread (CPUThread)[0x00e71010]cellSysmodule warning: cellSysmoduleLoadModule(CELL_SYSMODULE_IO)
HLE: W PPU[1] Thread (CPUThread)[0x00e71010]cellSysmodule warning: cellSysmoduleLoadModule(CELL_SYSMODULE_FS)
HLE: W PPU[1] Thread (CPUThread)[0x00e71010]cellSysmodule warning: cellSysmoduleLoadModule(CELL_SYSMODULE_AUDIO)
HLE: W PPU[1] Thread (CPUThread)[0x00e71010]cellSysmodule warning: cellSysmoduleLoadModule(CELL_SYSMODULE_NET)
HLE: W PPU[1] Thread (CPUThread)[0x00e71010]cellSysmodule warning: cellSysmoduleLoadModule(CELL_SYSMODULE_NETCTL)
HLE: W PPU[1] Thread (CPUThread)[0x00e71010]cellSysmodule warning: cellSysmoduleLoadModule(CELL_SYSMODULE_SYSUTIL_NP2)
HLE: W PPU[1] Thread (CPUThread)[0x00e71010]cellSysmodule warning: cellSysmoduleLoadModule(CELL_SYSMODULE_BGDL)
HLE: W PPU[1] Thread (CPUThread)[0x00e71010]cellSysmodule warning: cellSysmoduleLoadModule(CELL_SYSMODULE_JPGDEC)
HLE: W PPU[1] Thread (CPUThread)[0x00e71010]cellSysmodule warning: cellSysmoduleLoadModule(CELL_SYSMODULE_PNGDEC)
HLE: W PPU[1] Thread (CPUThread)[0x00e71010]cellSysmodule warning: cellSysmoduleLoadModule(CELL_SYSMODULE_RESC)
HLE: W PPU[1] Thread (CPUThread)[0x00e71010]cellSysmodule warning: cellSysmoduleLoadModule(CELL_SYSMODULE_SYSUTIL_SAVEDATA)
HLE: W PPU[1] Thread (CPUThread)[0x00e71010]cellSysmodule warning: cellSysmoduleLoadModule(CELL_SYSMODULE_SYSUTIL_NP_TROPHY)
HLE: W PPU[1] Thread (CPUThread)[0x00e71010]cellSysmodule warning: cellSysmoduleLoadModule(CELL_SYSMODULE_SYSUTIL_GAME)
HLE: W PPU[1] Thread (CPUThread)[0x00e71010]cellSysmodule warning: cellSysmoduleLoadModule(CELL_SYSMODULE_USBD)
HLE: W PPU[1] Thread (CPUThread)[0x00e71010]cellSysmodule warning: cellSysmoduleLoadModule(CELL_SYSMODULE_SYSUTIL_SCREENSHOT)
HLE: W PPU[1] Thread (CPUThread)[0x00e71010]cellSysmodule warning: cellSysmoduleLoadModule(CELL_SYSMODULE_SYSUTIL_NP_TUS)
PPU: ! PPU[1] Thread (CPUThread)[0x00eab028]*** New PPU Thread [ThreadGameContentCheck] (flags=0x0, entry=0xa29458): id = 76
HLE: W PPU[76] Thread (ThreadGameContentCheck)[0x00e7504c]cellGame warning: cellGameBootCheck(type_addr=0xd0020720, attributes_addr=0x30102d80, size_addr=0xd0020724, dirName_addr=0x30101d7c)
HLE: W PPU[1] Thread (CPUThread)[0x00e73094]cellSysutil warning: cellSysutilRegisterCallback(slot=0, func_addr=0xa293c0, userdata=0x0)
HLE: W PPU[76] Thread (ThreadGameContentCheck)[0x00e71010]cellSysmodule warning: cellSysmoduleLoadModule(CELL_SYSMODULE_SYSUTIL_NP)
HLE: E PPU[76] Thread (ThreadGameContentCheck)[0x009ee028]sceNp error: Unimplemented function: sceNpDrmVerifyUpgradeLicense2
HLE: W PPU[76] Thread (ThreadGameContentCheck)[0x00e71004]cellSysmodule warning: cellSysmoduleUnloadModule(CELL_SYSMODULE_SYSUTIL_NP)
HLE: W PPU[76] Thread (ThreadGameContentCheck)[0x00e75034]cellGame warning: cellGameGetParamInt(id=102, value_addr=0x30102d7c)
HLE: W PPU[76] Thread (ThreadGameContentCheck)[0x00e75034]cellGame warning: cellGameGetParamInt(id=104, value_addr=0x30102d84)
HLE: W PPU[76] Thread (ThreadGameContentCheck)[0x00e75034]cellGame warning: cellGameGetParamInt(id=103, value_addr=0x30102d88)
HLE: W PPU[76] Thread (ThreadGameContentCheck)[0x00e75004]cellGame warning: cellGameGetParamString(id=0, buf_addr=0x30102d90, bufsize=512)
HLE: W PPU[76] Thread (ThreadGameContentCheck)[0x00e7501c]cellGame warning: cellGameContentPermit(contentInfoPath_addr=0x3010217c, usrdirPath_addr=0x3010237c)
HLE: W PPU[76] Thread (ThreadGameContentCheck)[0x00e6f028]"/dev_hdd0/game/NPEB00445/USRDIR//data.pak" opened: fd = 77
HLE: W PPU[76] Thread (ThreadGameContentCheck)[0x00e6f004]sys_fs warning: cellFsClose(fd=77)
HLE: W PPU[76] Thread (ThreadGameContentCheck)[0x00e6f028]"/dev_hdd0/game/NPEB00445/ICON0.PNG" opened: fd = 78
HLE: W PPU[76] Thread (ThreadGameContentCheck)[0x00e6f004]sys_fs warning: cellFsClose(fd=78)
HLE: W PPU[76] Thread (ThreadGameContentCheck)[0x00e6f028]"/dev_hdd0/game/NPEB00445/USRDIR//filesize.dat" opened: fd = 79
HLE: W PPU[76] Thread (ThreadGameContentCheck)[0x00e6f004]sys_fs warning: cellFsClose(fd=79)
HLE: W PPU[1] Thread (CPUThread)[0x00e73004]cellSysutil warning: cellSysutilUnregisterCallback(slot=0)
HLE: W PPU[1] Thread (CPUThread)[0x00e6b088]cellSpurs warning: _cellSpursAttributeInitialize(attr_addr=0x30103018, nSpus=2, spuPriority=3342336, ppuPriority=4, exitIfNoWork=250)
HLE: W PPU[1] Thread (CPUThread)[0x00e6b004]cellSpurs warning: cellSpursAttributeSetNamePrefix(attr_addr=0x30103018, prefix_addr=0x9514c8, size=0x4)
HLE: W PPU[1] Thread (CPUThread)[0x001dff20]memory warning: sys_memory_container_create(cid_addr=0x30103218, yield_size=0x100000)
HLE: W PPU[1] Thread (CPUThread)[0x001dff20]memory warning: *** memory_container created(addr=0x3f000000): id = 80
HLE: W PPU[1] Thread (CPUThread)[0x00e6b070]cellSpurs warning: cellSpursAttributeSetMemoryContainerForSpuThread(attr_addr=0x30103018, container=0x50)
HLE: W PPU[1] Thread (CPUThread)[0x00e6b0ac]cellSpurs warning: cellSpursInitializeWithAttribute(spurs_addr=0x30103300, spurs_addr=0x30103018)
HLE: W PPU[1] Thread (CPUThread)[0x00eab058]sys_lwmutex warning: *** lwmutex created [name] (attribute=0x11): sq_id = 81
HLE: W PPU[1] Thread (CPUThread)[0x0067fde0]sys_semaphore warning: sys_semaphore_create(sem_addr=0x301045d0, attr_addr=0xd0010760, initial_count=0, max_count=1)
HLE: ! PPU[1] Thread (CPUThread)[0x0067fde0]*** semaphore created [] (protocol=0x2): id = 82
HLE: W PPU[1] Thread (CPUThread)[0x0067fde0]sys_semaphore warning: sys_semaphore_create(sem_addr=0x301045dc, attr_addr=0xd0010760, initial_count=0, max_count=1)
HLE: ! PPU[1] Thread (CPUThread)[0x0067fde0]*** semaphore created [] (protocol=0x2): id = 83
HLE: W PPU[1] Thread (CPUThread)[0x0067fde0]sys_semaphore warning: sys_semaphore_create(sem_addr=0x301045e8, attr_addr=0xd0010760, initial_count=0, max_count=1)
HLE: ! PPU[1] Thread (CPUThread)[0x0067fde0]*** semaphore created [] (protocol=0x2): id = 84
HLE: W PPU[1] Thread (CPUThread)[0x0067fde0]sys_semaphore warning: sys_semaphore_create(sem_addr=0x301045f4, attr_addr=0xd0010760, initial_count=0, max_count=1)
HLE: ! PPU[1] Thread (CPUThread)[0x0067fde0]*** semaphore created [] (protocol=0x2): id = 85
HLE: W PPU[1] Thread (CPUThread)[0x0067fde0]sys_semaphore warning: sys_semaphore_create(sem_addr=0x30104600, attr_addr=0xd0010760, initial_count=0, max_count=1)
HLE: ! PPU[1] Thread (CPUThread)[0x0067fde0]*** semaphore created [] (protocol=0x2): id = 86
HLE: W PPU[1] Thread (CPUThread)[0x0067fde0]sys_semaphore warning: sys_semaphore_create(sem_addr=0x3010460c, attr_addr=0xd0010760, initial_count=0, max_count=1)
HLE: ! PPU[1] Thread (CPUThread)[0x0067fde0]*** semaphore created [] (protocol=0x2): id = 87
HLE: W PPU[1] Thread (CPUThread)[0x0067fde0]sys_semaphore warning: sys_semaphore_create(sem_addr=0x30104618, attr_addr=0xd0010760, initial_count=0, max_count=1)
HLE: ! PPU[1] Thread (CPUThread)[0x0067fde0]*** semaphore created [] (protocol=0x2): id = 88
HLE: W PPU[1] Thread (CPUThread)[0x0067fde0]sys_semaphore warning: sys_semaphore_create(sem_addr=0x30104624, attr_addr=0xd0010760, initial_count=0, max_count=1)
HLE: ! PPU[1] Thread (CPUThread)[0x0067fde0]*** semaphore created [] (protocol=0x2): id = 89
HLE: W PPU[1] Thread (CPUThread)[0x0067fde0]sys_semaphore warning: sys_semaphore_create(sem_addr=0x30104630, attr_addr=0xd0010760, initial_count=0, max_count=1)
HLE: ! PPU[1] Thread (CPUThread)[0x0067fde0]*** semaphore created [] (protocol=0x2): id = 90
HLE: W PPU[1] Thread (CPUThread)[0x0067fde0]sys_semaphore warning: sys_semaphore_create(sem_addr=0x3010463c, attr_addr=0xd0010760, initial_count=0, max_count=1)
HLE: ! PPU[1] Thread (CPUThread)[0x0067fde0]*** semaphore created [] (protocol=0x2): id = 91
HLE: W PPU[1] Thread (CPUThread)[0x0067fde0]sys_semaphore warning: sys_semaphore_create(sem_addr=0x30104648, attr_addr=0xd0010760, initial_count=0, max_count=1)
HLE: ! PPU[1] Thread (CPUThread)[0x0067fde0]*** semaphore created [] (protocol=0x2): id = 92
HLE: W PPU[1] Thread (CPUThread)[0x0067fde0]sys_semaphore warning: sys_semaphore_create(sem_addr=0x30104654, attr_addr=0xd0010760, initial_count=0, max_count=1)
HLE: ! PPU[1] Thread (CPUThread)[0x0067fde0]*** semaphore created [] (protocol=0x2): id = 93
HLE: W PPU[1] Thread (CPUThread)[0x0067fde0]sys_semaphore warning: sys_semaphore_create(sem_addr=0x30104660, attr_addr=0xd0010760, initial_count=0, max_count=1)
HLE: ! PPU[1] Thread (CPUThread)[0x0067fde0]*** semaphore created [] (protocol=0x2): id = 94
HLE: W PPU[1] Thread (CPUThread)[0x0067fde0]sys_semaphore warning: sys_semaphore_create(sem_addr=0x3010466c, attr_addr=0xd0010760, initial_count=0, max_count=1)
HLE: ! PPU[1] Thread (CPUThread)[0x0067fde0]*** semaphore created [] (protocol=0x2): id = 95
PPU: ! PPU[1] Thread (CPUThread)[0x00eab028]*** New PPU Thread [] (flags=0x0, entry=0xa1b8f0): id = 96
HLE: W PPU[1] Thread (CPUThread)[0x00eab058]sys_lwmutex warning: *** lwmutex created [name] (attribute=0x11): sq_id = 97
HLE: W PPU[1] Thread (CPUThread)[0x00e6f088]sys_fs warning: cellFsSdataOpen(path="/dev_hdd0/game/NPEB00445/USRDIR/sdata.sdat", flags=0x0, fd_addr=0x30a057a8, arg_addr=0x0, size=0x0) -> cellFsOpen()
HLE: W PPU[1] Thread (CPUThread)[0x00e6f088]"/dev_hdd0/game/NPEB00445/USRDIR/sdata.sdat" opened: fd = 98
HLE: W PPU[1] Thread (CPUThread)[0x00e6f004]sys_fs warning: cellFsClose(fd=98)
HLE: W PPU[1] Thread (CPUThread)[0x00eab124]sys_lwmutex warning: sys_lwmutex_destroy(lwmutex_addr=0x30a05790)
HLE: W PPU[1] Thread (CPUThread)[0x00eab058]sys_lwmutex warning: *** lwmutex created [name] (attribute=0x11): sq_id = 99
HLE: W PPU[1] Thread (CPUThread)[0x00e6f028]"/dev_hdd0/game/NPEB00445/USRDIR/data.pak" opened: fd = 100
HLE: W PPU[1] Thread (CPUThread)[0x00eab058]sys_lwmutex warning: *** lwmutex created [name] (attribute=0x11): sq_id = 101
HLE: W PPU[1] Thread (CPUThread)[0x00eab058]sys_lwmutex warning: *** lwmutex created [name] (attribute=0x11): sq_id = 102
HLE: W PPU[1] Thread (CPUThread)[0x00eab058]sys_lwmutex warning: *** lwmutex created [name] (attribute=0x11): sq_id = 103
HLE: W PPU[1] Thread (CPUThread)[0x00eab058]sys_lwmutex warning: *** lwmutex created [name] (attribute=0x11): sq_id = 104
HLE: W PPU[1] Thread (CPUThread)[0x00eab058]sys_lwmutex warning: *** lwmutex created [name] (attribute=0x11): sq_id = 105
HLE: W PPU[1] Thread (CPUThread)[0x00eab058]sys_lwmutex warning: *** lwmutex created [name] (attribute=0x11): sq_id = 106
HLE: W PPU[1] Thread (CPUThread)[0x00eab058]sys_lwmutex warning: *** lwmutex created [name] (attribute=0x11): sq_id = 107
HLE: W PPU[1] Thread (CPUThread)[0x00eab058]sys_lwmutex warning: *** lwmutex created [name] (attribute=0x11): sq_id = 108
HLE: W PPU[1] Thread (CPUThread)[0x00eab058]sys_lwmutex warning: *** lwmutex created [name] (attribute=0x11): sq_id = 109
HLE: W PPU[1] Thread (CPUThread)[0x00eab058]sys_lwmutex warning: *** lwmutex created [name] (attribute=0x11): sq_id = 110
HLE: W PPU[1] Thread (CPUThread)[0x00eab058]sys_lwmutex warning: *** lwmutex created [name] (attribute=0x11): sq_id = 111
HLE: W PPU[1] Thread (CPUThread)[0x00e83010]cellGcmSys warning: cellGcmInit(context_addr=0xd85b60,cmdSize=0x10000,ioSize=0x200000,ioAddress=0x30c00000)
HLE: W PPU[1] Thread (CPUThread)[0x00e83010]cellGcmSys warning: *** local memory(addr=0xc0000000, size=0xf900000)
HLE: W PPU[1] Thread (CPUThread)[0x00e83010]cellGcmSys warning: cellGcmInit(): 256MB io address space used
HLE: W PPU[1] Thread (CPUThread)[0x00e83010]cellGcmSys warning: cellGcmMapEaIoAddress(ea=0x30c00000, io=0x0, size=0x200000)
RSX: ! RSXThreadRSX thread started
HLE: W PPU[1] Thread (CPUThread)[0x00e83004]cellGcmSys warning: cellGcmGetTiledPitchSize(size=7680)
HLE: W PPU[1] Thread (CPUThread)[0x00e730ac]cellSysutil warning: cellVideoOutGetResolutionAvailability(videoOut=0, resolutionId=0x1, option_addr=0x0, aspect=0x0, option=0x7adfda00)
HLE: W PPU[1] Thread (CPUThread)[0x00e730ac]cellSysutil warning: cellVideoOutGetResolutionAvailability(videoOut=0, resolutionId=0x1, option_addr=0x0, aspect=0x0, option=0x7adfd580)
HLE: W PPU[1] Thread (CPUThread)[0x00e73028]cellSysutil warning: cellVideoOutGetDeviceInfo(videoOut=0, deviceIndex=0, info_addr=0xd0010384)
HLE: W PPU[1] Thread (CPUThread)[0x00e83004]cellGcmSys warning: cellGcmGetTiledPitchSize(size=7680)
HLE: W PPU[1] Thread (CPUThread)[0x00e73010]cellSysutil warning: cellVideoOutConfigure(videoOut=0, config_addr=0xd0010348, option_addr=0x0, waitForEvent=0x0)
TTY: ===============================================================
TTY: Output Resolution:	(2) 1920x1080
TTY: Render Buffer:		1920x1080
TTY: Aspect:				Widescreen
TTY: Using libresc:		No
TTY: Scan Mode:			Interlaced
TTY: Remote Render:		No
TTY: Refresh Rate:		50
TTY: ===============================================================
HLE: W PPU[1] Thread (CPUThread)[0x00e83094]cellGcmSys warning: cellGcmSetFlipHandler(handler_addr=10697000)
HLE: W PPU[1] Thread (CPUThread)[0x00e83004]cellGcmSys warning: cellGcmGetTiledPitchSize(size=7680)
HLE: W PPU[1] Thread (CPUThread)[0x00e83004]cellGcmSys warning: cellGcmGetTiledPitchSize(size=7680)
HLE: W PPU[1] Thread (CPUThread)[0x00e83004]cellGcmSys warning: cellGcmGetTiledPitchSize(size=7680)
HLE: W PPU[1] Thread (CPUThread)[0x00e830d0]cellGcmSys warning: cellGcmSetTileInfo(index=0, location=0, offset=0, size=8388608, pitch=7680, comp=0, base=0, bank=0)
HLE: W PPU[1] Thread (CPUThread)[0x00e83040]cellGcmSys warning: cellGcmBindTile(index=0)
HLE: W PPU[1] Thread (CPUThread)[0x00e830d0]cellGcmSys warning: cellGcmSetTileInfo(index=1, location=0, offset=8388608, size=8388608, pitch=7680, comp=0, base=0, bank=0)
HLE: W PPU[1] Thread (CPUThread)[0x00e83040]cellGcmSys warning: cellGcmBindTile(index=1)
HLE: W PPU[1] Thread (CPUThread)[0x00e830d0]cellGcmSys warning: cellGcmSetTileInfo(index=2, location=0, offset=16777216, size=8388608, pitch=7680, comp=9, base=0, bank=0)
HLE: E PPU[1] Thread (CPUThread)[0x00e830d0]cellGcmSys error: cellGcmSetTileInfo: bad compression mode! (9)
HLE: W PPU[1] Thread (CPUThread)[0x00e83040]cellGcmSys warning: cellGcmBindTile(index=2)
PPU: ! PPU[1] Thread (CPUThread)[0x00eab028]*** New PPU Thread [RenderPTask] (flags=0x0, entry=0xa2a4b0): id = 112
HLE: W PPU[1] Thread (CPUThread)[0x00eab058]sys_lwmutex warning: *** lwmutex created [name] (attribute=0x11): sq_id = 113
HLE: W PPU[1] Thread (CPUThread)[0x00e73094]cellSysutil warning: cellSysutilRegisterCallback(slot=0, func_addr=0xa2fb20, userdata=0x0)
HLE: W PPU[1] Thread (CPUThread)[0x0025edd8]sys_event warning: sys_event_queue_create(equeue_id_addr=0x30a647f0, attr_addr=0xd00107b0, event_queue_key=0x72110700, size=64)
HLE: W PPU[1] Thread (CPUThread)[0x0025edd8]sys_event warning: *** event_queue created [] (protocol=0x1, type=0x1): id = 114
HLE: W PPU[1] Thread (CPUThread)[0x00eab058]sys_lwmutex warning: *** lwmutex created [name] (attribute=0x11): sq_id = 115
HLE: W PPU[1] Thread (CPUThread)[0x00eab058]sys_lwmutex warning: *** lwmutex created [name] (attribute=0x11): sq_id = 116
HLE: W PPU[1] Thread (CPUThread)[0x00e7310c]cellSysutil warning: cellSysutilGetSystemParamString: CELL_SYSUTIL_SYSTEMPARAM_ID_CURRENT_USERNAME
HLE: W PPU[1] Thread (CPUThread)[0x00eab058]sys_lwmutex warning: *** lwmutex created [name] (attribute=0x11): sq_id = 117
HLE: W PPU[1] Thread (CPUThread)[0x00eab058]sys_lwmutex warning: *** lwmutex created [name] (attribute=0x11): sq_id = 118
HLE: W PPU[1] Thread (CPUThread)[0x00e7310c]cellSysutil warning: cellSysutilGetSystemParamString: CELL_SYSUTIL_SYSTEMPARAM_ID_CURRENT_USERNAME
HLE: W PPU[1] Thread (CPUThread)[0x00eab058]sys_lwmutex warning: *** lwmutex created [name] (attribute=0x11): sq_id = 119
HLE: W PPU[1] Thread (CPUThread)[0x00eab058]sys_lwmutex warning: *** lwmutex created [name] (attribute=0x11): sq_id = 120
HLE: W PPU[1] Thread (CPUThread)[0x00e7310c]cellSysutil warning: cellSysutilGetSystemParamString: CELL_SYSUTIL_SYSTEMPARAM_ID_CURRENT_USERNAME
HLE: W PPU[1] Thread (CPUThread)[0x00eab058]sys_lwmutex warning: *** lwmutex created [name] (attribute=0x11): sq_id = 121
HLE: W PPU[1] Thread (CPUThread)[0x00eab058]sys_lwmutex warning: *** lwmutex created [name] (attribute=0x11): sq_id = 122
HLE: W PPU[1] Thread (CPUThread)[0x00e7310c]cellSysutil warning: cellSysutilGetSystemParamString: CELL_SYSUTIL_SYSTEMPARAM_ID_CURRENT_USERNAME
HLE: W PPU[1] Thread (CPUThread)[0x00eab058]sys_lwmutex warning: *** lwmutex created [name] (attribute=0x11): sq_id = 123
HLE: W PPU[1] Thread (CPUThread)[0x00eab058]sys_lwmutex warning: *** lwmutex created [name] (attribute=0x11): sq_id = 124
HLE: W PPU[1] Thread (CPUThread)[0x00e7310c]cellSysutil warning: cellSysutilGetSystemParamString: CELL_SYSUTIL_SYSTEMPARAM_ID_CURRENT_USERNAME
HLE: W PPU[1] Thread (CPUThread)[0x00eab058]sys_lwmutex warning: *** lwmutex created [name] (attribute=0x11): sq_id = 125
HLE: W PPU[1] Thread (CPUThread)[0x00eab058]sys_lwmutex warning: *** lwmutex created [name] (attribute=0x11): sq_id = 126
HLE: W PPU[1] Thread (CPUThread)[0x00e7310c]cellSysutil warning: cellSysutilGetSystemParamString: CELL_SYSUTIL_SYSTEMPARAM_ID_CURRENT_USERNAME
HLE: W PPU[1] Thread (CPUThread)[0x00eab058]sys_lwmutex warning: *** lwmutex created [name] (attribute=0x11): sq_id = 127
HLE: W PPU[1] Thread (CPUThread)[0x00eab058]sys_lwmutex warning: *** lwmutex created [name] (attribute=0x11): sq_id = 128
HLE: W PPU[1] Thread (CPUThread)[0x00e7310c]cellSysutil warning: cellSysutilGetSystemParamString: CELL_SYSUTIL_SYSTEMPARAM_ID_CURRENT_USERNAME
HLE: W PPU[1] Thread (CPUThread)[0x00eab058]sys_lwmutex warning: *** lwmutex created [name] (attribute=0x11): sq_id = 129
HLE: W PPU[1] Thread (CPUThread)[0x00eab058]sys_lwmutex warning: *** lwmutex created [name] (attribute=0x11): sq_id = 130
HLE: W PPU[1] Thread (CPUThread)[0x00eab058]sys_lwmutex warning: *** lwmutex created [name] (attribute=0x11): sq_id = 131
HLE: W PPU[1] Thread (CPUThread)[0x00eab058]sys_lwmutex warning: *** lwmutex created [name] (attribute=0x11): sq_id = 132
HLE: W PPU[1] Thread (CPUThread)[0x00e71010]cellSysmodule warning: cellSysmoduleLoadModule(CELL_SYSMODULE_RTC)
HLE: W PPU[1] Thread (CPUThread)[0x00e71010]cellSysmodule warning: cellSysmoduleLoadModule(CELL_SYSMODULE_MIC)
HLE: W PPU[1] Thread (CPUThread)[0x00e71010]cellSysmodule warning: cellSysmoduleLoadModule(CELL_SYSMODULE_CELPENC)
HLE: W PPU[1] Thread (CPUThread)[0x00e71010]cellSysmodule warning: cellSysmoduleLoadModule(CELL_SYSMODULE_ADEC_CELP)
HLE: W PPU[1] Thread (CPUThread)[0x005fa430]sys_mutex warning: *** mutex created [] (protocol=0x2, recursive=false): id = 133
HLE: W PPU[1] Thread (CPUThread)[0x005fa430]sys_mutex warning: *** mutex created [] (protocol=0x2, recursive=false): id = 134
PPU: ! PPU[1] Thread (CPUThread)[0x00eab028]*** New PPU Thread [NetLib Idle] (flags=0x0, entry=0xa50078): id = 135
PPU: ! PPU[1] Thread (CPUThread)[0x00eab028]*** New PPU Thread [SocketRecv] (flags=0x0, entry=0xa50168): id = 136
HLE: W PPU[1] Thread (CPUThread)[0x00e7d004]sys_net warning: sys_net_initialize_network_ex(param_addr=0xd000fef8)
HLE: W PPU[1] Thread (CPUThread)[0x005fa430]sys_mutex warning: *** mutex created [] (protocol=0x2, recursive=false): id = 137
HLE: W PPU[1] Thread (CPUThread)[0x00e73094]cellSysutil warning: cellSysutilRegisterCallback(slot=1, func_addr=0xa40eb8, userdata=0x0)
HLE: W PPU[1] Thread (CPUThread)[0x005fa430]sys_mutex warning: *** mutex created [] (protocol=0x2, recursive=false): id = 138
HLE: E PPU[1] Thread (CPUThread)[0x009ee04c]TODO: sceNpManagerGetNpId
HLE: E PPU[1] Thread (CPUThread)[0x009ee088]TODO: sceNpBasicRegisterContextSensitiveHandler
PPU: ! PPU[1] Thread (CPUThread)[0x00eab028]*** New PPU Thread [invitation_count] (flags=0x0, entry=0xa414f8): id = 139
HLE: E PPU[139] Thread (invitation_count)[0x009ee154]TODO: sceNpBasicGetMessageEntryCount
HLE: E PPU[139] Thread (invitation_count)[0x009ee10c]TODO: sceNpBasicGetFriendListEntryCount
PPU: ! PPU[1] Thread (CPUThread)[0x00eab028]*** New PPU Thread [TrophyInitThread] (flags=0x0, entry=0xa2fd80): id = 140
HLE: W PPU[140] Thread (TrophyInitThread)[0x00e89070]sceNpTrophy warning: sceNpTrophyCreateContext(context_addr=0x30a77630, commID_addr=0x30a77839, commSign_addr=0x30a77845, options=0x0)
HLE: W PPU[140] Thread (TrophyInitThread)[0x00e89010]sceNpTrophy warning: sceNpTrophyCreateHandle(handle_addr=0x30a77634)
HLE: W PPU[140] Thread (TrophyInitThread)[0x00e8901c]sceNpTrophy warning: sceNpTrophyGetRequiredDiskSpace(context=0, handle=0, reqspace_addr=0xd0080458, options=0x0)
HLE: W PPU[140] Thread (TrophyInitThread)[0x00e6f040]sys_fs warning: cellFsGetFreeSize(path="/dev_hdd0", block_size_addr=0xd0080450, block_count_addr=0xd0080460)
HLE: W PPU[140] Thread (TrophyInitThread)[0x00e89004]sceNpTrophy warning: sceNpTrophyRegisterContext(context=0, handle=0, statusCb_addr=0xa2fcf8, arg_addr=0x0, options=0x0)
HLE: W PPU[140] Thread (TrophyInitThread)[0x00e89004]vfsLocalFile::Create('D:\Emulateurs\Rpcs3\dev_hdd0\home\00000001\trophy\NPWR01307_00\TROPCONF.SFM')
HLE: W PPU[140] Thread (TrophyInitThread)[0x00e89004]vfsLocalFile::Create('D:\Emulateurs\Rpcs3\dev_hdd0\home\00000001\trophy\NPWR01307_00\ICON0.PNG')
HLE: W PPU[1] Thread (CPUThread)[0x00e73058]cellSysutil warning: cellSysutilGetSystemParamInt: CELL_SYSUTIL_SYSTEMPARAM_ID_ENTER_BUTTON_ASSIGN
HLE: W PPU[140] Thread (TrophyInitThread)[0x00e89004]vfsLocalFile::Create('D:\Emulateurs\Rpcs3\dev_hdd0\home\00000001\trophy\NPWR01307_00\TROP000.PNG')
HLE: W PPU[140] Thread (TrophyInitThread)[0x00e89004]vfsLocalFile::Create('D:\Emulateurs\Rpcs3\dev_hdd0\home\00000001\trophy\NPWR01307_00\TROP001.PNG')
HLE: W PPU[140] Thread (TrophyInitThread)[0x00e89004]vfsLocalFile::Create('D:\Emulateurs\Rpcs3\dev_hdd0\home\00000001\trophy\NPWR01307_00\TROP002.PNG')
HLE: W PPU[140] Thread (TrophyInitThread)[0x00e89004]vfsLocalFile::Create('D:\Emulateurs\Rpcs3\dev_hdd0\home\00000001\trophy\NPWR01307_00\TROP003.PNG')
HLE: W PPU[140] Thread (TrophyInitThread)[0x00e89004]vfsLocalFile::Create('D:\Emulateurs\Rpcs3\dev_hdd0\home\00000001\trophy\NPWR01307_00\TROP004.PNG')
HLE: W PPU[140] Thread (TrophyInitThread)[0x00e89004]vfsLocalFile::Create('D:\Emulateurs\Rpcs3\dev_hdd0\home\00000001\trophy\NPWR01307_00\TROP005.PNG')
HLE: W PPU[140] Thread (TrophyInitThread)[0x00e89004]vfsLocalFile::Create('D:\Emulateurs\Rpcs3\dev_hdd0\home\00000001\trophy\NPWR01307_00\TROP006.PNG')
HLE: W PPU[140] Thread (TrophyInitThread)[0x00e89004]vfsLocalFile::Create('D:\Emulateurs\Rpcs3\dev_hdd0\home\00000001\trophy\NPWR01307_00\TROP007.PNG')
HLE: W PPU[140] Thread (TrophyInitThread)[0x00e89004]vfsLocalFile::Create('D:\Emulateurs\Rpcs3\dev_hdd0\home\00000001\trophy\NPWR01307_00\TROP008.PNG')
HLE: W PPU[140] Thread (TrophyInitThread)[0x00e89004]vfsLocalFile::Create('D:\Emulateurs\Rpcs3\dev_hdd0\home\00000001\trophy\NPWR01307_00\TROP009.PNG')
HLE: W PPU[140] Thread (TrophyInitThread)[0x00e89004]vfsLocalFile::Create('D:\Emulateurs\Rpcs3\dev_hdd0\home\00000001\trophy\NPWR01307_00\TROP010.PNG')
HLE: W PPU[140] Thread (TrophyInitThread)[0x00e89004]vfsLocalFile::Create('D:\Emulateurs\Rpcs3\dev_hdd0\home\00000001\trophy\NPWR01307_00\TROP011.PNG')
PPU: ! PPU[1] Thread (CPUThread)[0x00eab028]*** New PPU Thread [ThreadPool ] (flags=0x1, entry=0xa14310): id = 141
PPU: ! PPU[1] Thread (CPUThread)[0x00eab028]*** New PPU Thread [ThreadPool ] (flags=0x1, entry=0xa14310): id = 142
HLE: W PPU[1] Thread (CPUThread)[0x00eab058]sys_lwmutex warning: *** lwmutex created [] (attribute=0x12): sq_id = 143
HLE: W PPU[1] Thread (CPUThread)[0x00e73118]cellSysutil warning: cellAudioOutGetSoundAvailability(audioOut=0, type=0, fs=0x4, option=0)
HLE: W PPU[1] Thread (CPUThread)[0x00e73118]cellSysutil warning: cellAudioOutGetSoundAvailability(audioOut=0, type=1, fs=0x4, option=0)
HLE: W PPU[1] Thread (CPUThread)[0x00e73118]cellSysutil warning: cellAudioOutGetSoundAvailability(audioOut=0, type=6, fs=0x4, option=0)
HLE: W PPU[1] Thread (CPUThread)[0x00e73118]cellSysutil warning: cellAudioOutGetSoundAvailability(audioOut=0, type=0, fs=0x4, option=0)
HLE: W PPU[1] Thread (CPUThread)[0x00e73100]cellSysutil warning: cellAudioOutConfigure(audioOut=0, config_addr=0xd000fed8, option_addr=0x0, (!)waitForEvent=0)
HLE: W PPU[1] Thread (CPUThread)[0x00e99010]cellAudio warning: cellAudioInit()
HLE: ! Audio ThreadAudio thread started
HLE: W PPU[1] Thread (CPUThread)[0x00e99064]cellAudio warning: cellAudioPortOpen(audioParam_addr=0xd000fee8, portNum_addr=0x3117e580)
HLE: W PPU[1] Thread (CPUThread)[0x00e99064]cellAudio warning: *** audio port opened(nChannel=8, nBlock=8, attr=0x0, level=1.000000): port = 0
HLE: W PPU[1] Thread (CPUThread)[0x00e99040]cellAudio warning: cellAudioGetPortConfig(portNum=0x0, portConfig_addr=0xd000ff08)
HLE: E PPU[1] Thread (CPUThread)[0x00e6b0dc]cellSpurs error: Unimplemented function: _cellSpursTasksetAttributeInitialize
HLE: E PPU[1] Thread (CPUThread)[0x00e6b0e8]cellSpurs error: Unimplemented function: cellSpursTasksetAttributeSetName
HLE: E PPU[1] Thread (CPUThread)[0x00e6b118]cellSpurs error: Unimplemented function: cellSpursCreateTasksetWithAttribute
PPU: ! PPU[1] Thread (CPUThread)[0x00eab028]*** New PPU Thread [FMOD BGM status query thread] (flags=0x0, entry=0xa3f450): id = 144
HLE: W PPU[1] Thread (CPUThread)[0x00eab058]sys_lwmutex warning: *** lwmutex created [] (attribute=0x12): sq_id = 145
HLE: W PPU[1] Thread (CPUThread)[0x00eab058]sys_lwmutex warning: *** lwmutex created [] (attribute=0x12): sq_id = 146
HLE: W PPU[1] Thread (CPUThread)[0x00eab058]sys_lwmutex warning: *** lwmutex created [] (attribute=0x12): sq_id = 147
HLE: W PPU[1] Thread (CPUThread)[0x00eab058]sys_lwmutex warning: *** lwmutex created [] (attribute=0x12): sq_id = 148
HLE: W PPU[1] Thread (CPUThread)[0x00e9904c]cellAudio warning: cellAudioPortStart(portNum=0x0)
HLE: W PPU[1] Thread (CPUThread)[0x00eab160]sysPrxForUser warning: sys_spu_image_import(img=0xd000ff80, src=0x9e9e00, type=0x1)
LDR: W PPU[1] Thread (CPUThread)[0x00eab160]desc = 'PS3_codec_mpeg_init_Release/fmod'
LDR: E PPU[1] Thread (CPUThread)[0x00eab160]ELF32 ERROR: Relocation
HLE: W PPU[1] Thread (CPUThread)[0x00eab13c]sysPrxForUser warning: sys_spu_image_close(img=0xd000ff80)
HLE: W PPU[1] Thread (CPUThread)[0x00eab160]sysPrxForUser warning: sys_spu_image_import(img=0xd000ff80, src=0x9e5c00, type=0x1)
LDR: W PPU[1] Thread (CPUThread)[0x00eab160]desc = 'PS3_codec_mpeg_functions_Release'
LDR: E PPU[1] Thread (CPUThread)[0x00eab160]ELF32 ERROR: Relocation
HLE: W PPU[1] Thread (CPUThread)[0x00eab13c]sysPrxForUser warning: sys_spu_image_close(img=0xd000ff80)
HLE: W PPU[1] Thread (CPUThread)[0x00e6b04c]cellSpurs warning: _cellSpursEventFlagInitialize(spurs_addr=0x0, taskset_addr=0x31180980, eventFlag_addr=0xdf4580, flagClearMode=0, flagDirection=1)
HLE: W PPU[1] Thread (CPUThread)[0x00e6b04c]cellSpurs warning: _cellSpursEventFlagInitialize(spurs_addr=0x0, taskset_addr=0x31180980, eventFlag_addr=0xdf4680, flagClearMode=0, flagDirection=2)
HLE: E PPU[1] Thread (CPUThread)[0x00e6b07c]cellSpurs error: cellSpursEventFlagAttachLv2EventQueue(eventFlag_addr=0xdf4580)
HLE: E PPU[1] Thread (CPUThread)[0x00e6b10c]cellSpurs error: cellSpursCreateTask(taskset_addr=0x31180980, taskID_addr=0x3117e81c, elf_addr_addr=0x9a5a80, context_addr_addr=0x0, context_size=0, lsPattern_addr=0x0, argument_addr=0xd0010088)
HLE: W PPU[1] Thread (CPUThread)[0x00e6b04c]cellSpurs warning: _cellSpursEventFlagInitialize(spurs_addr=0x0, taskset_addr=0x31180980, eventFlag_addr=0xdf4600, flagClearMode=0, flagDirection=1)
HLE: E PPU[1] Thread (CPUThread)[0x00e6b07c]cellSpurs error: cellSpursEventFlagAttachLv2EventQueue(eventFlag_addr=0xdf4600)
HLE: E PPU[1] Thread (CPUThread)[0x00e6b124]cellSpurs error: cellSpursEventFlagSet(eventFlag_addr=0xdf4680, bits=1)
HLE: E PPU[1] Thread (CPUThread)[0x00e6b034]cellSpurs error: cellSpursEventFlagWait(eventFlag_addr=0xdf4580, mask=0xd0010080, mode=1)
HLE: E PPU[1] Thread (CPUThread)[0x00491520]sys_event error: sys_event_queue_destroy(equeue_id=0, mode=0x1)
HLE: E PPU[1] Thread (CPUThread)[0x00e6b010]cellSpurs error: cellSpursEventFlagDetachLv2EventQueue(eventFlag_addr=0xdf4580)
HLE: E PPU[1] Thread (CPUThread)[0x00e6b010]cellSpurs error: cellSpursEventFlagDetachLv2EventQueue(eventFlag_addr=0xdf4600)
HLE: E PPU[1] Thread (CPUThread)[0x00e6b010]cellSpurs error: cellSpursEventFlagDetachLv2EventQueue(eventFlag_addr=0xdf4680)
HLE: E PPU[1] Thread (CPUThread)[0x00e6b010]cellSpurs error: cellSpursEventFlagDetachLv2EventQueue(eventFlag_addr=0xdf4700)
HLE: W PPU[1] Thread (CPUThread)[0x00e99034]cellAudio warning: cellAudioPortStop(portNum=0x0)
HLE: E PPU[1] Thread (CPUThread)[0x00e6b100]cellSpurs error: cellSpursShutdownTaskset(taskset_addr=0x31180980)
HLE: E PPU[1] Thread (CPUThread)[0x00e6b0f4]cellSpurs error: cellSpursJoinTaskset(taskset_addr=0x31180980)
HLE: W PPU[1] Thread (CPUThread)[0x00e99070]cellAudio warning: cellAudioRemoveNotifyEventQueue(key=0x0)
HLE: W PPU[1] Thread (CPUThread)[0x00e99028]cellAudio warning: cellAudioPortClose(portNum=0x0)
HLE: W PPU[1] Thread (CPUThread)[0x00e99058]cellAudio warning: cellAudioQuit()
HLE: ! Audio ThreadAudio thread ended
HLE: W PPU[1] Thread (CPUThread)[0x0048fae0]sys_semaphore warning: sys_semaphore_create(sem_addr=0x311c3468, attr_addr=0xd000ff00, initial_count=0, max_count=65535)
HLE: ! PPU[1] Thread (CPUThread)[0x0048fae0]*** semaphore created [] (protocol=0x2): id = 149
HLE: E PPU[139] Thread (invitation_count)[0x009ee154]TODO: sceNpBasicGetMessageEntryCount
HLE: E PPU[139] Thread (invitation_count)[0x009ee10c]TODO: sceNpBasicGetFriendListEntryCount
HLE: E PPU[139] Thread (invitation_count)[0x009ee154]TODO: sceNpBasicGetMessageEntryCount
HLE: E PPU[139] Thread (invitation_count)[0x009ee10c]TODO: sceNpBasicGetFriendListEntryCount
HLE: W PPU[1] Thread (CPUThread)[0x0048f9e8]sys_semaphore warning: sys_semaphore_destroy(sem_id=149)
HLE: W PPU[1] Thread (CPUThread)[0x00eab124]sys_lwmutex warning: sys_lwmutex_destroy(lwmutex_addr=0x31182478)
HLE: W PPU[1] Thread (CPUThread)[0x00eab124]sys_lwmutex warning: sys_lwmutex_destroy(lwmutex_addr=0x311824a8)
HLE: W PPU[1] Thread (CPUThread)[0x00eab124]sys_lwmutex warning: sys_lwmutex_destroy(lwmutex_addr=0x311824d8)
HLE: W PPU[1] Thread (CPUThread)[0x00eab124]sys_lwmutex warning: sys_lwmutex_destroy(lwmutex_addr=0x31182508)
HLE: E PPU[1] Thread (CPUThread)[0x00e730e8]TODO: cellSysutilSetBgmPlaybackExtraParam
HLE: W PPU[1] Thread (CPUThread)[0x00e71010]cellSysmodule warning: cellSysmoduleLoadModule(CELL_SYSMODULE_PAMF)
HLE: W PPU[1] Thread (CPUThread)[0x00e71010]cellSysmodule warning: cellSysmoduleLoadModule(CELL_SYSMODULE_VDEC_AVC)
HLE: W PPU[1] Thread (CPUThread)[0x00e71010]cellSysmodule warning: cellSysmoduleLoadModule(CELL_SYSMODULE_VPOST)
HLE: W PPU[1] Thread (CPUThread)[0x00e71010]cellSysmodule warning: cellSysmoduleLoadModule(CELL_SYSMODULE_DMUX_PAMF)
HLE: W PPU[1] Thread (CPUThread)[0x00e71010]cellSysmodule warning: cellSysmoduleLoadModule(CELL_SYSMODULE_SAIL)
HLE: W PPU[1] Thread (CPUThread)[0x00eab058]sys_lwmutex warning: *** lwmutex created [name] (attribute=0x11): sq_id = 150
HLE: W PPU[1] Thread (CPUThread)[0x00e6b04c]cellSpurs warning: _cellSpursEventFlagInitialize(spurs_addr=0x30103300, taskset_addr=0x0, eventFlag_addr=0x34d75500, flagClearMode=0, flagDirection=1)
HLE: E PPU[1] Thread (CPUThread)[0x00e6b07c]cellSpurs error: cellSpursEventFlagAttachLv2EventQueue(eventFlag_addr=0x34d75500)
HLE: W PPU[1] Thread (CPUThread)[0x000d3044]sys_semaphore warning: sys_semaphore_create(sem_addr=0x34daa5f0, attr_addr=0xd0010590, initial_count=0, max_count=1)
HLE: ! PPU[1] Thread (CPUThread)[0x000d3044]*** semaphore created [] (protocol=0x2): id = 151
HLE: W PPU[1] Thread (CPUThread)[0x000d30c4]sys_semaphore warning: sys_semaphore_create(sem_addr=0x34dae6f0, attr_addr=0xd0010590, initial_count=0, max_count=1)
HLE: ! PPU[1] Thread (CPUThread)[0x000d30c4]*** semaphore created [] (protocol=0x2): id = 152
PPU: ! PPU[1] Thread (CPUThread)[0x00eab028]*** New PPU Thread [] (flags=0x0, entry=0xa1b8f0): id = 153
HLE: W PPU[1] Thread (CPUThread)[0x00110e6c]sys_semaphore warning: sys_semaphore_create(sem_addr=0xb61bbc, attr_addr=0xd00105d0, initial_count=0, max_count=1)
HLE: ! PPU[1] Thread (CPUThread)[0x00110e6c]*** semaphore created [] (protocol=0x2): id = 154
HLE: W PPU[1] Thread (CPUThread)[0x00110e8c]sys_semaphore warning: sys_semaphore_create(sem_addr=0xb61bc4, attr_addr=0xd00105d0, initial_count=0, max_count=1)
HLE: ! PPU[1] Thread (CPUThread)[0x00110e8c]*** semaphore created [] (protocol=0x2): id = 155
PPU: ! PPU[1] Thread (CPUThread)[0x00eab028]*** New PPU Thread [ThreadCollision] (flags=0x1, entry=0xa1f2f8): id = 156
HLE: W PPU[1] Thread (CPUThread)[0x00eab058]sys_lwmutex warning: *** lwmutex created [name] (attribute=0x11): sq_id = 157
HLE: W PPU[1] Thread (CPUThread)[0x003ddf8c]sys_semaphore warning: sys_semaphore_create(sem_addr=0x34e093d8, attr_addr=0xd00104f8, initial_count=0, max_count=16)
HLE: ! PPU[1] Thread (CPUThread)[0x003ddf8c]*** semaphore created [] (protocol=0x2): id = 158
PPU: ! PPU[1] Thread (CPUThread)[0x00eab028]*** New PPU Thread [PlayerProfile] (flags=0x0, entry=0xa3a138): id = 159
HLE: W PPU[159] Thread (PlayerProfile)[0x00e730f4]cellSysutil warning: cellSaveDataAutoLoad2(version=0, dirName_addr=0xd00e08e0, errDialog=0, setBuf=0xd00e08b8, funcList=0xa3a038, funcStat=0xa39ff0, funcFile=0xffffffff, container=887133280, userdata_addr=0x40)
HLE: W PPU[159] Thread (PlayerProfile)[0x00e730f4]cellSaveDataAutoLoad2: Couldn't find save entry (NPEB00445-AUTO)
HLE: W PPU[1] Thread (CPUThread)[0x007143e8]sys_fs warning: cellFsStat: "/dev_hdd0/game/NPEB00445/USRDIR/data/art/dxshaders/composite.shader.wzm" not found.
HLE: W PPU[1] Thread (CPUThread)[0x007143e8]sys_fs warning: cellFsStat: "/dev_hdd0/game/NPEB00445/USRDIR/data/art/dxshaders/composite.shader" not found.
HLE: W PPU[1] Thread (CPUThread)[0x007143e8]sys_fs warning: cellFsStat: "/dev_hdd0/game/NPEB00445/USRDIR/data/art/dxshaders/composite.shader.wzm" not found.
HLE: W PPU[1] Thread (CPUThread)[0x007143e8]sys_fs warning: cellFsStat: "/dev_hdd0/game/NPEB00445/USRDIR/data/art/dxshaders/composite.shader" not found.
HLE: W PPU[1] Thread (CPUThread)[0x007143e8]sys_fs warning: cellFsStat: "/dev_hdd0/game/NPEB00445/USRDIR/data/art/dxshaders/multilayer.shader.wzm" not found.
HLE: W PPU[1] Thread (CPUThread)[0x007143e8]sys_fs warning: cellFsStat: "/dev_hdd0/game/NPEB00445/USRDIR/data/art/dxshaders/multilayer.shader" not found.
HLE: W PPU[1] Thread (CPUThread)[0x007143e8]sys_fs warning: cellFsStat: "/dev_hdd0/game/NPEB00445/USRDIR/data/art/dxshaders/multilayer.shader.wzm" not found.
HLE: W PPU[1] Thread (CPUThread)[0x007143e8]sys_fs warning: cellFsStat: "/dev_hdd0/game/NPEB00445/USRDIR/data/art/dxshaders/multilayer.shader" not found.
HLE: W PPU[1] Thread (CPUThread)[0x007143e8]sys_fs warning: cellFsStat: "/dev_hdd0/game/NPEB00445/USRDIR/data/art/dxshaders/simple.shader.wzm" not found.
HLE: W PPU[1] Thread (CPUThread)[0x007143e8]sys_fs warning: cellFsStat: "/dev_hdd0/game/NPEB00445/USRDIR/data/art/dxshaders/simple.shader" not found.
HLE: W PPU[1] Thread (CPUThread)[0x007143e8]sys_fs warning: cellFsStat: "/dev_hdd0/game/NPEB00445/USRDIR/data/art/dxshaders/simple.shader.wzm" not found.
HLE: W PPU[1] Thread (CPUThread)[0x007143e8]sys_fs warning: cellFsStat: "/dev_hdd0/game/NPEB00445/USRDIR/data/art/dxshaders/simple.shader" not found.
HLE: W PPU[1] Thread (CPUThread)[0x007143e8]sys_fs warning: cellFsStat: "/dev_hdd0/game/NPEB00445/USRDIR/data/art/dxshaders/bloom3.shader.wzm" not found.
HLE: W PPU[1] Thread (CPUThread)[0x007143e8]sys_fs warning: cellFsStat: "/dev_hdd0/game/NPEB00445/USRDIR/data/art/dxshaders/bloom3.shader" not found.
HLE: W PPU[1] Thread (CPUThread)[0x007143e8]sys_fs warning: cellFsStat: "/dev_hdd0/game/NPEB00445/USRDIR/data/art/dxshaders/bloom3.shader.wzm" not found.
HLE: W PPU[1] Thread (CPUThread)[0x007143e8]sys_fs warning: cellFsStat: "/dev_hdd0/game/NPEB00445/USRDIR/data/art/dxshaders/bloom3.shader" not found.
HLE: W PPU[1] Thread (CPUThread)[0x007143e8]sys_fs warning: cellFsStat: "/dev_hdd0/game/NPEB00445/USRDIR/data/art/dxshaders/bloom3.shader.wzm" not found.
HLE: W PPU[1] Thread (CPUThread)[0x007143e8]sys_fs warning: cellFsStat: "/dev_hdd0/game/NPEB00445/USRDIR/data/art/dxshaders/bloom3.shader" not found.
HLE: W PPU[1] Thread (CPUThread)[0x007143e8]sys_fs warning: cellFsStat: "/dev_hdd0/game/NPEB00445/USRDIR/data/art/dxshaders/bloom3.shader.wzm" not found.
HLE: W PPU[1] Thread (CPUThread)[0x007143e8]sys_fs warning: cellFsStat: "/dev_hdd0/game/NPEB00445/USRDIR/data/art/dxshaders/bloom3.shader" not found.
HLE: W PPU[1] Thread (CPUThread)[0x007143e8]sys_fs warning: cellFsStat: "/dev_hdd0/game/NPEB00445/USRDIR/data/art/dxshaders/bloom3.shader.wzm" not found.
HLE: W PPU[1] Thread (CPUThread)[0x007143e8]sys_fs warning: cellFsStat: "/dev_hdd0/game/NPEB00445/USRDIR/data/art/dxshaders/bloom3.shader" not found.
HLE: W PPU[1] Thread (CPUThread)[0x007143e8]sys_fs warning: cellFsStat: "/dev_hdd0/game/NPEB00445/USRDIR/data/art/dxshaders/bloom3.shader.wzm" not found.
HLE: W PPU[1] Thread (CPUThread)[0x007143e8]sys_fs warning: cellFsStat: "/dev_hdd0/game/NPEB00445/USRDIR/data/art/dxshaders/bloom3.shader" not found.
HLE: W PPU[1] Thread (CPUThread)[0x007143e8]sys_fs warning: cellFsStat: "/dev_hdd0/game/NPEB00445/USRDIR/data/art/dxshaders/kawase_bloom.shader.wzm" not found.
HLE: W PPU[1] Thread (CPUThread)[0x007143e8]sys_fs warning: cellFsStat: "/dev_hdd0/game/NPEB00445/USRDIR/data/art/dxshaders/kawase_bloom.shader" not found.
HLE: W PPU[1] Thread (CPUThread)[0x007143e8]sys_fs warning: cellFsStat: "/dev_hdd0/game/NPEB00445/USRDIR/data/art/dxshaders/kawase_bloom.shader.wzm" not found.
HLE: W PPU[1] Thread (CPUThread)[0x007143e8]sys_fs warning: cellFsStat: "/dev_hdd0/game/NPEB00445/USRDIR/data/art/dxshaders/kawase_bloom.shader" not found.
HLE: W PPU[1] Thread (CPUThread)[0x007143e8]sys_fs warning: cellFsStat: "/dev_hdd0/game/NPEB00445/USRDIR/data/art/dxshaders/kawase_bloom.shader.wzm" not found.
HLE: W PPU[1] Thread (CPUThread)[0x007143e8]sys_fs warning: cellFsStat: "/dev_hdd0/game/NPEB00445/USRDIR/data/art/dxshaders/kawase_bloom.shader" not found.
HLE: W PPU[1] Thread (CPUThread)[0x007143e8]sys_fs warning: cellFsStat: "/dev_hdd0/game/NPEB00445/USRDIR/data/art/dxshaders/kawase_bloom.shader.wzm" not found.
HLE: W PPU[1] Thread (CPUThread)[0x007143e8]sys_fs warning: cellFsStat: "/dev_hdd0/game/NPEB00445/USRDIR/data/art/dxshaders/kawase_bloom.shader" not found.
HLE: W PPU[1] Thread (CPUThread)[0x007143e8]sys_fs warning: cellFsStat: "/dev_hdd0/game/NPEB00445/USRDIR/data/art/dxshaders/kawase_bloom.shader.wzm" not found.
HLE: W PPU[1] Thread (CPUThread)[0x007143e8]sys_fs warning: cellFsStat: "/dev_hdd0/game/NPEB00445/USRDIR/data/art/dxshaders/kawase_bloom.shader" not found.
HLE: W PPU[1] Thread (CPUThread)[0x007143e8]sys_fs warning: cellFsStat: "/dev_hdd0/game/NPEB00445/USRDIR/data/art/dxshaders/kawase_bloom.shader.wzm" not found.
HLE: W PPU[1] Thread (CPUThread)[0x007143e8]sys_fs warning: cellFsStat: "/dev_hdd0/game/NPEB00445/USRDIR/data/art/dxshaders/kawase_bloom.shader" not found.
HLE: W PPU[1] Thread (CPUThread)[0x007143e8]sys_fs warning: cellFsStat: "/dev_hdd0/game/NPEB00445/USRDIR/data/art/dxshaders/motion_blur.shader.wzm" not found.
HLE: W PPU[1] Thread (CPUThread)[0x007143e8]sys_fs warning: cellFsStat: "/dev_hdd0/game/NPEB00445/USRDIR/data/art/dxshaders/motion_blur.shader" not found.
HLE: W PPU[1] Thread (CPUThread)[0x007143e8]sys_fs warning: cellFsStat: "/dev_hdd0/game/NPEB00445/USRDIR/data/art/dxshaders/motion_blur.shader.wzm" not found.
HLE: W PPU[1] Thread (CPUThread)[0x007143e8]sys_fs warning: cellFsStat: "/dev_hdd0/game/NPEB00445/USRDIR/data/art/dxshaders/motion_blur.shader" not found.
HLE: W PPU[1] Thread (CPUThread)[0x007143e8]sys_fs warning: cellFsStat: "/dev_hdd0/game/NPEB00445/USRDIR/data/art/dxshaders/copy_video.shader.wzm" not found.
HLE: W PPU[1] Thread (CPUThread)[0x007143e8]sys_fs warning: cellFsStat: "/dev_hdd0/game/NPEB00445/USRDIR/data/art/dxshaders/copy_video.shader" not found.
HLE: W PPU[1] Thread (CPUThread)[0x007143e8]sys_fs warning: cellFsStat: "/dev_hdd0/game/NPEB00445/USRDIR/data/art/dxshaders/copy_video.shader.wzm" not found.
HLE: W PPU[1] Thread (CPUThread)[0x007143e8]sys_fs warning: cellFsStat: "/dev_hdd0/game/NPEB00445/USRDIR/data/art/dxshaders/copy_video.shader" not found.
HLE: W PPU[1] Thread (CPUThread)[0x007143e8]sys_fs warning: cellFsStat: "/dev_hdd0/game/NPEB00445/USRDIR/data/art/dxshaders/depthoffield.shader.wzm" not found.
HLE: W PPU[1] Thread (CPUThread)[0x007143e8]sys_fs warning: cellFsStat: "/dev_hdd0/game/NPEB00445/USRDIR/data/art/dxshaders/DepthOfField.shader" not found.
HLE: W PPU[1] Thread (CPUThread)[0x007143e8]sys_fs warning: cellFsStat: "/dev_hdd0/game/NPEB00445/USRDIR/data/art/dxshaders/depthoffield.shader.wzm" not found.
HLE: W PPU[1] Thread (CPUThread)[0x007143e8]sys_fs warning: cellFsStat: "/dev_hdd0/game/NPEB00445/USRDIR/data/art/dxshaders/DepthOfField.shader" not found.
HLE: W PPU[1] Thread (CPUThread)[0x007143e8]sys_fs warning: cellFsStat: "/dev_hdd0/game/NPEB00445/USRDIR/data/art/dxshaders/depthoffield.shader.wzm" not found.
HLE: W PPU[1] Thread (CPUThread)[0x007143e8]sys_fs warning: cellFsStat: "/dev_hdd0/game/NPEB00445/USRDIR/data/art/dxshaders/DepthOfField.shader" not found.
HLE: W PPU[1] Thread (CPUThread)[0x007143e8]sys_fs warning: cellFsStat: "/dev_hdd0/game/NPEB00445/USRDIR/data/art/dxshaders/depthoffield.shader.wzm" not found.
HLE: W PPU[1] Thread (CPUThread)[0x007143e8]sys_fs warning: cellFsStat: "/dev_hdd0/game/NPEB00445/USRDIR/data/art/dxshaders/DepthOfField.shader" not found.
HLE: W PPU[1] Thread (CPUThread)[0x007143e8]sys_fs warning: cellFsStat: "/dev_hdd0/game/NPEB00445/USRDIR/data/art/dxshaders/shadowmap.shader.wzm" not found.
HLE: W PPU[1] Thread (CPUThread)[0x007143e8]sys_fs warning: cellFsStat: "/dev_hdd0/game/NPEB00445/USRDIR/data/art/dxshaders/ShadowMap.shader" not found.
HLE: W PPU[1] Thread (CPUThread)[0x007143e8]sys_fs warning: cellFsStat: "/dev_hdd0/game/NPEB00445/USRDIR/data/art/dxshaders/shadowmap.shader.wzm" not found.
HLE: W PPU[1] Thread (CPUThread)[0x007143e8]sys_fs warning: cellFsStat: "/dev_hdd0/game/NPEB00445/USRDIR/data/art/dxshaders/ShadowMap.shader" not found.
HLE: W PPU[1] Thread (CPUThread)[0x007143e8]sys_fs warning: cellFsStat: "/dev_hdd0/game/NPEB00445/USRDIR/data/art/dxshaders/shadowmap_debug.shader.wzm" not found.
HLE: W PPU[1] Thread (CPUThread)[0x007143e8]sys_fs warning: cellFsStat: "/dev_hdd0/game/NPEB00445/USRDIR/data/art/dxshaders/shadowmap_debug.shader" not found.
HLE: W PPU[1] Thread (CPUThread)[0x007143e8]sys_fs warning: cellFsStat: "/dev_hdd0/game/NPEB00445/USRDIR/data/art/dxshaders/shadowmap_debug.shader.wzm" not found.
HLE: W PPU[1] Thread (CPUThread)[0x007143e8]sys_fs warning: cellFsStat: "/dev_hdd0/game/NPEB00445/USRDIR/data/art/dxshaders/shadowmap_debug.shader" not found.
HLE: W PPU[1] Thread (CPUThread)[0x007143e8]sys_fs warning: cellFsStat: "/dev_hdd0/game/NPEB00445/USRDIR/data/art/dxshaders/shadowmap_debug.shader.wzm" not found.
HLE: W PPU[1] Thread (CPUThread)[0x007143e8]sys_fs warning: cellFsStat: "/dev_hdd0/game/NPEB00445/USRDIR/data/art/dxshaders/shadowmap_debug.shader" not found.
HLE: W PPU[1] Thread (CPUThread)[0x007143e8]sys_fs warning: cellFsStat: "/dev_hdd0/game/NPEB00445/USRDIR/data/art/dxshaders/shadowmap_debug.shader.wzm" not found.
HLE: W PPU[1] Thread (CPUThread)[0x007143e8]sys_fs warning: cellFsStat: "/dev_hdd0/game/NPEB00445/USRDIR/data/art/dxshaders/shadowmap_debug.shader" not found.
HLE: W PPU[1] Thread (CPUThread)[0x007143e8]sys_fs warning: cellFsStat: "/dev_hdd0/game/NPEB00445/USRDIR/data/art/dxshaders/shadowmap_debug.shader.wzm" not found.
HLE: W PPU[1] Thread (CPUThread)[0x007143e8]sys_fs warning: cellFsStat: "/dev_hdd0/game/NPEB00445/USRDIR/data/art/dxshaders/shadowmap_debug.shader" not found.
HLE: W PPU[1] Thread (CPUThread)[0x007143e8]sys_fs warning: cellFsStat: "/dev_hdd0/game/NPEB00445/USRDIR/data/art/dxshaders/terrain.shader.wzm" not found.
HLE: W PPU[1] Thread (CPUThread)[0x007143e8]sys_fs warning: cellFsStat: "/dev_hdd0/game/NPEB00445/USRDIR/data/art/dxshaders/terrain.shader" not found.
HLE: W PPU[1] Thread (CPUThread)[0x007143e8]sys_fs warning: cellFsStat: "/dev_hdd0/game/NPEB00445/USRDIR/data/art/dxshaders/terrain.shader.wzm" not found.
HLE: W PPU[1] Thread (CPUThread)[0x007143e8]sys_fs warning: cellFsStat: "/dev_hdd0/game/NPEB00445/USRDIR/data/art/dxshaders/terrain.shader" not found.
HLE: W PPU[1] Thread (CPUThread)[0x007143e8]sys_fs warning: cellFsStat: "/dev_hdd0/game/NPEB00445/USRDIR/data/art/dxshaders/terrain.shader.wzm" not found.
HLE: W PPU[1] Thread (CPUThread)[0x007143e8]sys_fs warning: cellFsStat: "/dev_hdd0/game/NPEB00445/USRDIR/data/art/dxshaders/terrain.shader" not found.
HLE: W PPU[1] Thread (CPUThread)[0x007143e8]sys_fs warning: cellFsStat: "/dev_hdd0/game/NPEB00445/USRDIR/data/art/dxshaders/zcull.shader.wzm" not found.
HLE: W PPU[1] Thread (CPUThread)[0x007143e8]sys_fs warning: cellFsStat: "/dev_hdd0/game/NPEB00445/USRDIR/data/art/dxshaders/zCull.shader" not found.
HLE: W PPU[1] Thread (CPUThread)[0x007143e8]sys_fs warning: cellFsStat: "/dev_hdd0/game/NPEB00445/USRDIR/data/art/dxshaders/zcull.shader.wzm" not found.
HLE: W PPU[1] Thread (CPUThread)[0x007143e8]sys_fs warning: cellFsStat: "/dev_hdd0/game/NPEB00445/USRDIR/data/art/dxshaders/zCull.shader" not found.
RSX: W RSXThreadNV4097_SET_ANTI_ALIASING_CONTROL: ffff0000
RSX: W RSXThreadNV4097_SET_ANTI_ALIASING_CONTROL: ffff0000
RSX: W RSXThreadNV4097_SET_ANTI_ALIASING_CONTROL: ffff0000
RSX: W RSXThreadNV4097_SET_ANTI_ALIASING_CONTROL: ffff0000
RSX: W RSXThreadNV4097_SET_ANTI_ALIASING_CONTROL: ffff0000
RSX: W RSXThreadNV4097_SET_ANTI_ALIASING_CONTROL: ffff0000
RSX: W RSXThreadNV4097_SET_ANTI_ALIASING_CONTROL: ffff0000
RSX: W RSXThreadNV4097_SET_ANTI_ALIASING_CONTROL: ffff0000
RSX: W RSXThreadNV4097_SET_ANTI_ALIASING_CONTROL: ffff0000
RSX: W RSXThreadNV4097_SET_ANTI_ALIASING_CONTROL: ffff0000
HLE: E PPU[139] Thread (invitation_count)[0x009ee154]TODO: sceNpBasicGetMessageEntryCount
HLE: E PPU[139] Thread (invitation_count)[0x009ee10c]TODO: sceNpBasicGetFriendListEntryCount
RSX: W RSXThreadNV4097_SET_ANTI_ALIASING_CONTROL: ffff0000
RSX: W RSXThreadNV4097_SET_ANTI_ALIASING_CONTROL: ffff0000
RSX: W RSXThreadNV4097_SET_ANTI_ALIASING_CONTROL: ffff0000
RSX: W RSXThreadNV4097_SET_ANTI_ALIASING_CONTROL: ffff0000
RSX: W RSXThreadNV4097_SET_ANTI_ALIASING_CONTROL: ffff0000
RSX: W RSXThreadNV4097_SET_ANTI_ALIASING_CONTROL: ffff0000
RSX: W RSXThreadNV4097_SET_ANTI_ALIASING_CONTROL: ffff0000
RSX: W RSXThreadNV4097_SET_ANTI_ALIASING_CONTROL: ffff0000
RSX: W RSXThreadNV4097_SET_ANTI_ALIASING_CONTROL: ffff0000
RSX: W RSXThreadNV4097_SET_ANTI_ALIASING_CONTROL: ffff0000
RSX: W RSXThreadNV4097_SET_ANTI_ALIASING_CONTROL: ffff0000
RSX: W RSXThreadNV4097_SET_ANTI_ALIASING_CONTROL: ffff0000
RSX: W RSXThreadNV4097_SET_ANTI_ALIASING_CONTROL: ffff0000
RSX: W RSXThreadNV4097_SET_ANTI_ALIASING_CONTROL: ffff0000
RSX: W RSXThreadNV4097_SET_ANTI_ALIASING_CONTROL: ffff0000
RSX: W RSXThreadNV4097_SET_ANTI_ALIASING_CONTROL: ffff0000
HLE: E PPU[139] Thread (invitation_count)[0x009ee154]TODO: sceNpBasicGetMessageEntryCount
HLE: E PPU[139] Thread (invitation_count)[0x009ee10c]TODO: sceNpBasicGetFriendListEntryCount
RSX: W RSXThreadNV4097_SET_ANTI_ALIASING_CONTROL: ffff0000
RSX: W RSXThreadNV4097_SET_ANTI_ALIASING_CONTROL: ffff0000
RSX: W RSXThreadNV4097_SET_ANTI_ALIASING_CONTROL: ffff0000
RSX: W RSXThreadNV4097_SET_ANTI_ALIASING_CONTROL: ffff0000
RSX: W RSXThreadNV4097_SET_ANTI_ALIASING_CONTROL: ffff0000
RSX: W RSXThreadNV4097_SET_ANTI_ALIASING_CONTROL: ffff0000
HLE: E PPU[142] Thread (ThreadPool )[0x00ea1028]cellJpgDec error: Unimplemented function: cellJpgDecCreate
HLE: W PPU[142] Thread (ThreadPool )[0x00ea101c]cellJpgDec warning: cellJpgDecOpen(mainHandle=0x0, subHandle=0xd009fe2c, src_addr=0xd009fe88, openInfo=0xd009fe20)
RSX: W RSXThreadNV4097_SET_ANTI_ALIASING_CONTROL: ffff0000
RSX: W RSXThreadNV4097_SET_ANTI_ALIASING_CONTROL: ffff0000
RSX: W RSXThreadNV4097_SET_ANTI_ALIASING_CONTROL: ffff0000
RSX: W RSXThreadNV4097_SET_ANTI_ALIASING_CONTROL: ffff0000
HLE: E PPU[139] Thread (invitation_count)[0x009ee154]TODO: sceNpBasicGetMessageEntryCount
HLE: E PPU[139] Thread (invitation_count)[0x009ee10c]TODO: sceNpBasicGetFriendListEntryCount
