HLE: ! path: /dev_hdd0/game/
LDR: ! Loading RAP file EP0177-NPEB01134_00-00BAYONETTAHDDEU.rap
LDR: ! Loading 'D:\Emulateurs\Rpcs3\dev_hdd0\game\NPEB01134\USRDIR/BOOT.BIN'...
LDR: !  
LDR: ! Mount info:
LDR: ! /dev_hdd0/ -> D:\Emulateurs\Rpcs3/dev_hdd0/
LDR: ! /dev_hdd1/ -> D:\Emulateurs\Rpcs3/dev_hdd1/
LDR: ! /dev_flash/ -> D:\Emulateurs\Rpcs3/dev_flash/
LDR: ! /dev_usb000/ -> D:\Emulateurs\Rpcs3/dev_usb000/
LDR: ! /dev_usb/ -> D:\Emulateurs\Rpcs3/dev_usb000/
LDR: ! /app_home/ -> D:\Emulateurs\Rpcs3\dev_hdd0\game\NPEB01134\
LDR: ! /dev_bdvd/ -> D:\Emulateurs\Rpcs3\dev_hdd0\game\NPEB01134\/../
LDR: ! /host_root/ -> 
LDR: ! / -> D:\Emulateurs\Rpcs3\dev_hdd0\game\NPEB01134\/USRDIR/
LDR: ! /app_home/PS3_GAME/USRDIR/ -> D:\Emulateurs\Rpcs3\dev_hdd0\game\NPEB01134\/USRDIR/
LDR: ! /dev_flash2/ -> D:\Emulateurs\Rpcs3/dev_flash2/
LDR: ! /app_home/Game/PS3_GAME/USRDIR/ -> D:\Emulateurs\Rpcs3\dev_hdd0\game\NPEB01134\/USRDIR/
LDR: !  
MEM: ! Initing memory...
MEM: ! Memory initialized.
LDR: ! Function 'cellSurMixerGetAANHandle' hooked (addr=0xf01948)
LDR: ! Function 'cellSurMixerSetNotifyCallback' hooked (addr=0xf01980)
LDR: ! Function 'cellSurMixerRemoveNotifyCallback' hooked (addr=0xf01a18)
LDR: ! Function 'cellSurMixerSurBusAddData' hooked (addr=0xf01ab0)
LDR: ! Function 'cellSurMixerGetCurrentBlockTag' hooked (addr=0xf01b70)
LDR: ! Function 'cellSurMixerChStripGetAANPortNo' hooked (addr=0xf02410)
LDR: ! Function 'cellSurMixerBeep' hooked (addr=0xf02450)
LDR: ! Function 'cellSurMixerChStripSetParameter' hooked (addr=0xf02848)
LDR: ! Function 'cellSurMixerPause' hooked (addr=0xf02b08)
LDR: ! Function 'cellSurMixerGetTimestamp' hooked (addr=0xf04170)
LDR: ! Function 'cellSurMixerSetParameter' hooked (addr=0xf041d8)
LDR: ! Function 'cellSurMixerStart' hooked (addr=0xf042a8)
LDR: ! Function 'cellSurMixerFinalize' hooked (addr=0xf045b8)
LDR: ! Function 'cellSurMixerCreate' hooked (addr=0xf04e98)
LDR: S Function group [surmixer] successfully hooked
LDR: W Unimplemented function 'cellFsFsync' in 'sys_fs' module
LDR: W Unimplemented function 'cellSaveDataFixedDelete' in 'cellSysutil' module
LDR: W Unimplemented function 'cellSaveDataDelete2' in 'cellSysutil' module
LDR: W Unimplemented function 'cellSpursTraceInitialize' in 'cellSpurs' module
LDR: W Unimplemented function 'cellSpursTraceFinalize' in 'cellSpurs' module
LDR: W Unimplemented function 'cellSpursTraceStart' in 'cellSpurs' module
LDR: W Unimplemented function 'cellSpursTraceStop' in 'cellSpurs' module
LDR: W Unimplemented function 'cellSpursAddUrgentCommand' in 'cellSpurs' module
LDR: W Unimplemented function 'cellSpursQueueGetTasksetAddress' in 'cellSpurs' module
LDR: W Unimplemented function 'cellSpursTasksetAttributeSetTasksetSize' in 'cellSpurs' module
LDR: W Unimplemented function 'cellFiberPpuYield' in 'cellFiber' module
LDR: W Unimplemented function 'cellFiberPpuUtilWorkerControlRunFibers' in 'cellFiber' module
LDR: W Unimplemented function 'cellFiberPpuUtilWorkerControlSetPollingMode' in 'cellFiber' module
LDR: W Unimplemented function 'cellFiberPpuSelf' in 'cellFiber' module
LDR: W Unimplemented function '_cellFiberPpuUtilWorkerControlAttributeInitialize' in 'cellFiber' module
LDR: W Unimplemented function 'cellFiberPpuWaitSignal' in 'cellFiber' module
LDR: W Unimplemented function 'cellFiberPpuSendSignal' in 'cellFiber' module
LDR: W Unimplemented function 'cellFiberPpuUtilWorkerControlFinalize' in 'cellFiber' module
LDR: W Unimplemented function 'cellFiberPpuJoinFiber' in 'cellFiber' module
LDR: W Unimplemented function 'cellFiberPpuUtilWorkerControlWakeup' in 'cellFiber' module
LDR: W Unimplemented function 'cellFiberPpuUtilWorkerControlCreateFiber' in 'cellFiber' module
LDR: W Unimplemented function 'cellFiberPpuUtilWorkerControlShutdown' in 'cellFiber' module
LDR: W Unimplemented function 'cellFiberPpuUtilWorkerControlInitializeWithAttribute' in 'cellFiber' module
LDR: W Unimplemented function 'cellFiberPpuExit' in 'cellFiber' module
LDR: W Unimplemented function '_cellFiberPpuInitialize' in 'cellFiber' module
LDR: W Unimplemented function 'sceNpBasicGetFriendListEntry' in 'sceNp' module
LDR: W Unimplemented function 'sceNpScoreGetRankingByRangeAsync' in 'sceNp' module
LDR: W Unimplemented function 'sceNpScoreDestroyTitleCtx' in 'sceNp' module
LDR: W Unimplemented function 'sceNpScoreInit' in 'sceNp' module
LDR: W Unimplemented function 'sceNpScoreGetRankingByNpIdAsync' in 'sceNp' module
LDR: W Unimplemented function 'sceNpManagerUnregisterCallback' in 'sceNp' module
LDR: W Unimplemented function 'sceNpManagerGetContentRatingFlag' in 'sceNp' module
LDR: W Unimplemented function 'sceNpScoreCreateTransactionCtx' in 'sceNp' module
LDR: W Unimplemented function 'sceNpScoreTerm' in 'sceNp' module
LDR: W Unimplemented function 'sceNpScorePollAsync' in 'sceNp' module
LDR: W Unimplemented function 'sceNpBasicGetFriendListEntryCount' in 'sceNp' module
LDR: W Unimplemented function 'sceNpScoreCreateTitleCtx' in 'sceNp' module
LDR: W Unimplemented function 'sceNpScoreDestroyTransactionCtx' in 'sceNp' module
LDR: W Unimplemented function 'sceNpProfileCallGui' in 'sceNp' module
LDR: W Unimplemented function 'sceNpUtilCmpNpId' in 'sceNp' module
LDR: W Unimplemented function 'sceNpScoreGetGameDataAsync' in 'sceNp' module
LDR: W Unimplemented function 'sceNpManagerRegisterCallback' in 'sceNp' module
LDR: W Unimplemented function 'sceNpScoreAbortTransaction' in 'sceNp' module
LDR: W Unimplemented function 'sceNpScoreRecordScoreAsync' in 'sceNp' module
LDR: W Unimplemented function 'sceNpScoreRecordGameDataAsync' in 'sceNp' module
LDR: W Unimplemented function 'sceNpManagerGetNpId' in 'sceNp' module
LDR: W Unknown module 'cellSysutilAvconfExt'
LDR: W Unimplemented function '_sys_heap_free' in 'sysPrxForUser' module
LDR: W Unimplemented function '_sys_heap_delete_heap' in 'sysPrxForUser' module
LDR: W Unimplemented function '_sys_spu_printf_finalize' in 'sysPrxForUser' module
HLE: W PPU[1] Thread (CPUThread)[0x021f9034]sys_lwmutex warning: *** lwmutex created [_lc_mtx] (attribute=0x12): sq_id = 3
HLE: W PPU[1] Thread (CPUThread)[0x0106cba8]memory warning: sys_memory_get_user_memory_size(mem_info_addr=0xd0010c04)
HLE: W PPU[1] Thread (CPUThread)[0x021f9034]sys_lwmutex warning: *** lwmutex created [_lc_mtx] (attribute=0x12): sq_id = 4
HLE: W PPU[1] Thread (CPUThread)[0x021f9034]sys_lwmutex warning: *** lwmutex created [_lc_mtx] (attribute=0x12): sq_id = 5
HLE: W PPU[1] Thread (CPUThread)[0x021f9034]sys_lwmutex warning: *** lwmutex created [_lc_mtx] (attribute=0x12): sq_id = 6
HLE: W PPU[1] Thread (CPUThread)[0x021f9034]sys_lwmutex warning: *** lwmutex created [_lc_mtx] (attribute=0x12): sq_id = 7
HLE: W PPU[1] Thread (CPUThread)[0x021f9034]sys_lwmutex warning: *** lwmutex created [_lc_mtx] (attribute=0x12): sq_id = 8
HLE: W PPU[1] Thread (CPUThread)[0x021f9034]sys_lwmutex warning: *** lwmutex created [_lc_mtx] (attribute=0x12): sq_id = 9
HLE: W PPU[1] Thread (CPUThread)[0x021f9034]sys_lwmutex warning: *** lwmutex created [_lc_mtx] (attribute=0x12): sq_id = 10
HLE: W PPU[1] Thread (CPUThread)[0x021f9034]sys_lwmutex warning: *** lwmutex created [_lc_mtx] (attribute=0x12): sq_id = 11
HLE: W PPU[1] Thread (CPUThread)[0x021f9034]sys_lwmutex warning: *** lwmutex created [_lc_mtx] (attribute=0x12): sq_id = 12
HLE: W PPU[1] Thread (CPUThread)[0x013cd010]cellSysmodule warning: cellSysmoduleLoadModule(CELL_SYSMODULE_FS)
HLE: W PPU[1] Thread (CPUThread)[0x013cd010]cellSysmodule warning: cellSysmoduleLoadModule(CELL_SYSMODULE_NET)
HLE: W PPU[1] Thread (CPUThread)[0x013cd010]cellSysmodule warning: cellSysmoduleLoadModule(CELL_SYSMODULE_IO)
HLE: W PPU[1] Thread (CPUThread)[0x013cd010]cellSysmodule warning: cellSysmoduleLoadModule(CELL_SYSMODULE_USBD)
HLE: W PPU[1] Thread (CPUThread)[0x013cd010]cellSysmodule warning: cellSysmoduleLoadModule(CELL_SYSMODULE_GCM_SYS)
HLE: W PPU[1] Thread (CPUThread)[0x013cd010]cellSysmodule warning: cellSysmoduleLoadModule(CELL_SYSMODULE_RESC)
HLE: W PPU[1] Thread (CPUThread)[0x013cd010]cellSysmodule warning: cellSysmoduleLoadModule(CELL_SYSMODULE_SPURS)
HLE: W PPU[1] Thread (CPUThread)[0x013cd010]cellSysmodule warning: cellSysmoduleLoadModule(CELL_SYSMODULE_SPURS_JQ)
HLE: W PPU[1] Thread (CPUThread)[0x013cd010]cellSysmodule warning: cellSysmoduleLoadModule(CELL_SYSMODULE_FIBER)
HLE: W PPU[1] Thread (CPUThread)[0x013cd010]cellSysmodule warning: cellSysmoduleLoadModule(CELL_SYSMODULE_AVCONF_EXT)
HLE: W PPU[1] Thread (CPUThread)[0x013cd010]cellSysmodule warning: cellSysmoduleLoadModule(CELL_SYSMODULE_SYSUTIL_NP_TROPHY)
HLE: W PPU[1] Thread (CPUThread)[0x013cd010]cellSysmodule warning: cellSysmoduleLoadModule(CELL_SYSMODULE_NETCTL)
HLE: W PPU[1] Thread (CPUThread)[0x013cd010]cellSysmodule warning: cellSysmoduleLoadModule(CELL_SYSMODULE_SYSUTIL_NP)
HLE: W PPU[1] Thread (CPUThread)[0x013cd010]cellSysmodule warning: cellSysmoduleLoadModule(CELL_SYSMODULE_RTC)
HLE: W PPU[1] Thread (CPUThread)[0x013cd010]cellSysmodule warning: cellSysmoduleLoadModule(CELL_SYSMODULE_SYSUTIL_GAME)
HLE: W PPU[1] Thread (CPUThread)[0x021f9034]sys_lwmutex warning: *** lwmutex created [] (attribute=0x22): sq_id = 13
HLE: W PPU[1] Thread (CPUThread)[0x00f6b91c]memory warning: sys_memory_get_user_memory_size(mem_info_addr=0xd0010c00)
HLE: W PPU[1] Thread (CPUThread)[0x021f9034]sys_lwmutex warning: *** lwmutex created [] (attribute=0x22): sq_id = 14
HLE: W PPU[1] Thread (CPUThread)[0x013c907c]cellSysutil warning: cellSysutilRegisterCallback(slot=0, func_addr=0x14d5380, userdata=0x0)
HLE: W PPU[1] Thread (CPUThread)[0x013cb0b8]cellGcmSys warning: cellGcmInitDefaultFifoMode(mode=1)
HLE: W PPU[1] Thread (CPUThread)[0x013cb010]cellGcmSys warning: cellGcmInit(context_addr=0x20868c8,cmdSize=0x80000,ioSize=0x100000,ioAddress=0x32900000)
HLE: W PPU[1] Thread (CPUThread)[0x013cb010]cellGcmSys warning: *** local memory(addr=0xc0000000, size=0xf900000)
HLE: W PPU[1] Thread (CPUThread)[0x013cb010]cellGcmSys warning: cellGcmMapEaIoAddress(ea=0x32900000, io=0x0, size=0x100000)
RSX: ! RSXThreadRSX thread started
HLE: W PPU[1] Thread (CPUThread)[0x00f78eb4]sys_spu warning: sys_spu_initialize(max_usable_spu=6, max_raw_spu=6)
HLE: W PPU[1] Thread (CPUThread)[0x021f9034]sys_lwmutex warning: *** lwmutex created [] (attribute=0x22): sq_id = 15
HLE: W PPU[1] Thread (CPUThread)[0x021f9034]sys_lwmutex warning: *** lwmutex created [] (attribute=0x22): sq_id = 16
HLE: W PPU[1] Thread (CPUThread)[0x013cb058]cellGcmSys warning: cellGcmMapMainMemory(ea=0x32b00000,size=0x100000,offset_addr=0x213e950)
HLE: W PPU[1] Thread (CPUThread)[0x021f7058]cellResc warning: cellRescInit(initConfig_addr=0xd00109ec)
HLE: W PPU[1] Thread (CPUThread)[0x021f7058]cellGcmSys warning: cellGcmGetTiledPitchSize(size=2880)
HLE: W PPU[1] Thread (CPUThread)[0x021f7058]cellGcmSys warning: cellGcmGetTiledPitchSize(size=2880)
HLE: W PPU[1] Thread (CPUThread)[0x021f7058]cellGcmSys warning: cellGcmGetTiledPitchSize(size=5120)
HLE: W PPU[1] Thread (CPUThread)[0x021f7058]cellGcmSys warning: cellGcmGetTiledPitchSize(size=7680)
HLE: W PPU[1] Thread (CPUThread)[0x013cb004]cellGcmSys warning: cellGcmGetTiledPitchSize(size=5120)
HLE: W PPU[1] Thread (CPUThread)[0x013cb004]cellGcmSys warning: cellGcmGetTiledPitchSize(size=5120)
HLE: W PPU[1] Thread (CPUThread)[0x021f7034]cellResc warning: cellRescSetDisplayMode(displayMode=4)
HLE: W PPU[1] Thread (CPUThread)[0x021f7034]cellSysutil warning: cellVideoOutConfigure(videoOut=0, config_addr=0x30016000, option_addr=0x0, waitForEvent=0x0)
HLE: W PPU[1] Thread (CPUThread)[0x021f7034]cellGcmSys warning: cellGcmSetFlipMode(mode=1)
HLE: W PPU[1] Thread (CPUThread)[0x021f7064]cellResc warning: cellRescGetBufferSize(colorBuffers_addr=0xd00109d0, vertexArray_addr=0xd00109d8, fragmentShader_addr=0xd00109d4)
HLE: W PPU[1] Thread (CPUThread)[0x021f707c]cellResc warning: cellRescSetBufferAddress(colorBuffers_addr=0xc03c0000, vertexArray_addr=0xc13a0000, fragmentShader_addr=0xc13a0200)
HLE: W PPU[1] Thread (CPUThread)[0x013cb0ac]cellGcmSys warning: cellGcmSetTileInfo(index=14, location=0, offset=3932160, size=16646144, pitch=5120, comp=0, base=0, bank=0)
HLE: W PPU[1] Thread (CPUThread)[0x013cb064]cellGcmSys warning: cellGcmBindTile(index=14)
HLE: W PPU[1] Thread (CPUThread)[0x013cb0ac]cellGcmSys warning: cellGcmSetTileInfo(index=0, location=0, offset=0, size=3932160, pitch=5120, comp=0, base=0, bank=0)
HLE: W PPU[1] Thread (CPUThread)[0x013cb064]cellGcmSys warning: cellGcmBindTile(index=0)
HLE: W PPU[1] Thread (CPUThread)[0x013c90dc]cellSysutil warning: cellVideoOutConfigure(videoOut=0, config_addr=0x30476098, option_addr=0x0, waitForEvent=0x0)
HLE: W PPU[1] Thread (CPUThread)[0x00f74e0c]sys_event warning: sys_event_queue_create(equeue_id_addr=0x304760c0, attr_addr=0xd0010bd0, event_queue_key=0x0, size=32)
HLE: W PPU[1] Thread (CPUThread)[0x00f74e0c]sys_event warning: *** event_queue created [] (protocol=0x2, type=0x1): id = 17
HLE: W PPU[1] Thread (CPUThread)[0x00f74e20]sys_event warning: sys_event_port_create(eport_id_addr=0x213eb64, port_type=0x1, name=0x0)
HLE: W PPU[1] Thread (CPUThread)[0x00f74e20]sys_event warning: *** sys_event_port created: id = 18
HLE: W PPU[1] Thread (CPUThread)[0x00f74e30]sys_event warning: sys_event_port_connect_local(eport_id=18, equeue_id=17)
HLE: W PPU[1] Thread (CPUThread)[0x021f704c]cellResc warning: cellRescSetFlipHandler(handler_addr=0x14d51e0)
HLE: W PPU[1] Thread (CPUThread)[0x013cb0a0]cellGcmSys warning: cellGcmSetVBlankHandler(handler_addr=0x14d5228)
HLE: W PPU[1] Thread (CPUThread)[0x013cf1e4]cellSpurs warning: _cellSpursAttributeInitialize(attr_addr=0x159e328, nSpus=2, spuPriority=2555905, ppuPriority=6, exitIfNoWork=250)
HLE: W PPU[1] Thread (CPUThread)[0x013cf0a0]cellSpurs warning: cellSpursAttributeSetNamePrefix(attr_addr=0x159e328, prefix_addr=0x1329628, size=0xb)
HLE: W PPU[1] Thread (CPUThread)[0x013cf1fc]cellSpurs warning: cellSpursInitializeWithAttribute(spurs_addr=0x328af000, spurs_addr=0x159e328)
HLE: W PPU[1] Thread (CPUThread)[0x013cf154]cellSpurs warning: _cellSpursEventFlagInitialize(spurs_addr=0x328af000, taskset_addr=0x0, eventFlag_addr=0x159e600, flagClearMode=0, flagDirection=1)
HLE: E PPU[1] Thread (CPUThread)[0x013cf19c]cellSpurs error: cellSpursEventFlagAttachLv2EventQueue(eventFlag_addr=0x159e600)
HLE: W PPU[1] Thread (CPUThread)[0x021f5028]cellGame warning: cellGameDataCheck(type=0x1, dirName_addr=0x0, size_addr=0x0)
HLE: E PPU[1] Thread (CPUThread)[0x021f5028]cellGame error: cellGameDataCheck(): CELL_GAME_ERROR_PARAM
HLE: W PPU[1] Thread (CPUThread)[0x021f501c]cellGame warning: cellGameContentPermit(contentInfoPath_addr=0x1eabf28, usrdirPath_addr=0x1eabe80)
HLE: W PPU[1] Thread (CPUThread)[0x021f501c]cellGame warning: cellGameContentPermit(): CELL_GAME_ERROR_FAILURE (no permission given)
HLE: W PPU[1] Thread (CPUThread)[0x021f5034]cellGame warning: cellGameBootCheck(type_addr=0xd00108f0, attributes_addr=0xd00108f4, size_addr=0xd00108f8, dirName_addr=0xd0010908)
HLE: W PPU[1] Thread (CPUThread)[0x021f501c]cellGame warning: cellGameContentPermit(contentInfoPath_addr=0x1eabd78, usrdirPath_addr=0x1eabdf8)
HLE: W PPU[1] Thread (CPUThread)[0x013c907c]cellSysutil warning: cellSysutilRegisterCallback(slot=3, func_addr=0x14c6468, userdata=0x0)
HLE: W PPU[1] Thread (CPUThread)[0x013c9028]cellSysutil warning: cellSysutilGetSystemParamInt: CELL_SYSUTIL_SYSTEMPARAM_ID_LANG
HLE: W PPU[1] Thread (CPUThread)[0x021f9034]sys_lwmutex warning: *** lwmutex created [] (attribute=0x22): sq_id = 19
HLE: W PPU[1] Thread (CPUThread)[0x021f9034]sys_lwmutex warning: *** lwmutex created [] (attribute=0x22): sq_id = 20
HLE: W PPU[1] Thread (CPUThread)[0x021f9034]sys_lwmutex warning: *** lwmutex created [] (attribute=0x22): sq_id = 21
HLE: W PPU[1] Thread (CPUThread)[0x021f9034]sys_lwmutex warning: *** lwmutex created [] (attribute=0x22): sq_id = 22
HLE: W PPU[1] Thread (CPUThread)[0x021f9034]sys_lwmutex warning: *** lwmutex created [] (attribute=0x22): sq_id = 23
HLE: W PPU[1] Thread (CPUThread)[0x021f9034]sys_lwmutex warning: *** lwmutex created [] (attribute=0x22): sq_id = 24
HLE: W PPU[1] Thread (CPUThread)[0x021f9034]sys_lwmutex warning: *** lwmutex created [] (attribute=0x22): sq_id = 25
HLE: W PPU[1] Thread (CPUThread)[0x021f9034]sys_lwmutex warning: *** lwmutex created [] (attribute=0x22): sq_id = 26
HLE: W PPU[1] Thread (CPUThread)[0x021f9034]sys_lwmutex warning: *** lwmutex created [] (attribute=0x22): sq_id = 27
HLE: W PPU[1] Thread (CPUThread)[0x021f9034]sys_lwmutex warning: *** lwmutex created [] (attribute=0x22): sq_id = 28
HLE: W PPU[1] Thread (CPUThread)[0x021f9034]sys_lwmutex warning: *** lwmutex created [] (attribute=0x22): sq_id = 29
HLE: W PPU[1] Thread (CPUThread)[0x021f9034]sys_lwmutex warning: *** lwmutex created [] (attribute=0x22): sq_id = 30
HLE: W PPU[1] Thread (CPUThread)[0x021f9034]sys_lwmutex warning: *** lwmutex created [] (attribute=0x22): sq_id = 31
HLE: W PPU[1] Thread (CPUThread)[0x021f9034]sys_lwmutex warning: *** lwmutex created [] (attribute=0x22): sq_id = 32
HLE: W PPU[1] Thread (CPUThread)[0x021f9034]sys_lwmutex warning: *** lwmutex created [] (attribute=0x22): sq_id = 33
HLE: W PPU[1] Thread (CPUThread)[0x021f9034]sys_lwmutex warning: *** lwmutex created [] (attribute=0x22): sq_id = 34
HLE: E PPU[1] Thread (CPUThread)[0x021f1034]cellNetCtl error: Unimplemented function: cellNetCtlInit
HLE: W PPU[1] Thread (CPUThread)[0x021f9034]sys_lwmutex warning: *** lwmutex created [] (attribute=0x22): sq_id = 35
HLE: E PPU[1] Thread (CPUThread)[0x021ef0f4]TODO: sceNpManagerRegisterCallback
HLE: W PPU[1] Thread (CPUThread)[0x021ed070]sceNpTrophy warning: sceNpTrophyCreateContext(context_addr=0xd0010820, commID_addr=0x12377d0, commSign_addr=0x12377dc, options=0x0)
HLE: W PPU[1] Thread (CPUThread)[0x021ed010]sceNpTrophy warning: sceNpTrophyCreateHandle(handle_addr=0xd0010824)
HLE: W PPU[1] Thread (CPUThread)[0x021f9034]sys_lwmutex warning: *** lwmutex created [] (attribute=0x22): sq_id = 36
HLE: E PPU[1] Thread (CPUThread)[0x021ef028]TODO: sceNpScoreInit
HLE: W PPU[1] Thread (CPUThread)[0x013c9028]cellSysutil warning: cellSysutilGetSystemParamInt: CELL_SYSUTIL_SYSTEMPARAM_ID_LANG
HLE: W PPU[1] Thread (CPUThread)[0x013c9028]cellSysutil warning: cellSysutilGetSystemParamInt: CELL_SYSUTIL_SYSTEMPARAM_ID_LANG
HLE: W PPU[1] Thread (CPUThread)[0x013c9028]cellSysutil warning: cellSysutilGetSystemParamInt: CELL_SYSUTIL_SYSTEMPARAM_ID_LANG
HLE: W PPU[1] Thread (CPUThread)[0x013c9028]cellSysutil warning: cellSysutilGetSystemParamInt: CELL_SYSUTIL_SYSTEMPARAM_ID_LANG
HLE: W PPU[1] Thread (CPUThread)[0x013c9028]cellSysutil warning: cellSysutilGetSystemParamInt: CELL_SYSUTIL_SYSTEMPARAM_ID_LANG
HLE: W PPU[1] Thread (CPUThread)[0x021f9034]sys_lwmutex warning: *** lwmutex created [] (attribute=0x22): sq_id = 37
HLE: W PPU[1] Thread (CPUThread)[0x021f9034]sys_lwmutex warning: *** lwmutex created [] (attribute=0x22): sq_id = 38
HLE: W PPU[1] Thread (CPUThread)[0x021f9034]sys_lwmutex warning: *** lwmutex created [] (attribute=0x22): sq_id = 39
HLE: W PPU[1] Thread (CPUThread)[0x021f9034]sys_lwmutex warning: *** lwmutex created [] (attribute=0x22): sq_id = 40
HLE: W PPU[1] Thread (CPUThread)[0x013cd01c]cellSysmodule warning: cellSysmoduleIsLoaded(CELL_SYSMODULE_FIBER)
HLE: E PPU[1] Thread (CPUThread)[0x021eb0ac]TODO: _cellFiberPpuInitialize
HLE: W PPU[1] Thread (CPUThread)[0x013cd010]cellSysmodule warning: cellSysmoduleLoadModule(CELL_SYSMODULE_FIBER)
HLE: W PPU[1] Thread (CPUThread)[0x013cd01c]cellSysmodule warning: cellSysmoduleIsLoaded(CELL_SYSMODULE_FIBER)
HLE: E PPU[1] Thread (CPUThread)[0x021eb0ac]TODO: _cellFiberPpuInitialize
HLE: E PPU[1] Thread (CPUThread)[0x021eb034]TODO: _cellFiberPpuUtilWorkerControlAttributeInitialize
HLE: E PPU[1] Thread (CPUThread)[0x021eb094]TODO: cellFiberPpuUtilWorkerControlInitializeWithAttribute
PPU: ! PPU[1] Thread (CPUThread)[0x021f901c]*** New PPU Thread [fiber runtime thread] (flags=0x1, entry=0x14c6f58): id = 41
HLE: E PPU[41] Thread (fiber runtime thread)[0x021eb010]TODO: cellFiberPpuUtilWorkerControlRunFibers
HLE: W PPU[1] Thread (CPUThread)[0x00ecc820]sys_semaphore warning: sys_semaphore_create(sem_addr=0x3047b784, attr_addr=0xd00106d0, initial_count=0, max_count=1)
HLE: ! PPU[1] Thread (CPUThread)[0x00ecc820]*** semaphore created [] (protocol=0x2): id = 42
HLE: E PPU[1] Thread (CPUThread)[0x021eb07c]TODO: cellFiberPpuUtilWorkerControlCreateFiber
HLE: W PPU[1] Thread (CPUThread)[0x013c5010]sys_fs warning: cellFsOpendir(path="/dev_hdd0/game/NPEB01134/USRDIR/data", fd_addr=0xd000ff90)
HLE: W PPU[1] Thread (CPUThread)[0x021f9034]sys_lwmutex warning: *** lwmutex created [] (attribute=0x12): sq_id = 44
HLE: W PPU[1] Thread (CPUThread)[0x01052970]sys_mutex warning: *** mutex created [] (protocol=0x2, recursive=true): id = 45
HLE: W PPU[1] Thread (CPUThread)[0x010529a4]sys_cond warning: *** condition on recursive mutex(45)
HLE: W PPU[1] Thread (CPUThread)[0x010529a4]sys_cond warning: *** condition created [] (mutex_id=45): id = 46
PPU: ! PPU[1] Thread (CPUThread)[0x021f901c]*** New PPU Thread [CriThread] (flags=0x1, entry=0x14e0200): id = 47
HLE: W PPU[1] Thread (CPUThread)[0x021f9034]sys_lwmutex warning: *** lwmutex created [] (attribute=0x12): sq_id = 48
HLE: W PPU[1] Thread (CPUThread)[0x01052970]sys_mutex warning: *** mutex created [] (protocol=0x2, recursive=true): id = 49
HLE: W PPU[1] Thread (CPUThread)[0x010529a4]sys_cond warning: *** condition on recursive mutex(49)
HLE: W PPU[1] Thread (CPUThread)[0x010529a4]sys_cond warning: *** condition created [] (mutex_id=49): id = 50
PPU: ! PPU[1] Thread (CPUThread)[0x021f901c]*** New PPU Thread [CriThread] (flags=0x1, entry=0x14e0200): id = 51
HLE: W PPU[1] Thread (CPUThread)[0x021f9034]sys_lwmutex warning: *** lwmutex created [] (attribute=0x12): sq_id = 52
HLE: W PPU[1] Thread (CPUThread)[0x01052970]sys_mutex warning: *** mutex created [] (protocol=0x2, recursive=true): id = 53
HLE: W PPU[1] Thread (CPUThread)[0x010529a4]sys_cond warning: *** condition on recursive mutex(53)
HLE: W PPU[1] Thread (CPUThread)[0x010529a4]sys_cond warning: *** condition created [] (mutex_id=53): id = 54
PPU: ! PPU[1] Thread (CPUThread)[0x021f901c]*** New PPU Thread [CriThread] (flags=0x1, entry=0x14e0200): id = 55
HLE: W PPU[1] Thread (CPUThread)[0x021f9034]sys_lwmutex warning: *** lwmutex created [] (attribute=0x12): sq_id = 56
HLE: W PPU[1] Thread (CPUThread)[0x01052970]sys_mutex warning: *** mutex created [] (protocol=0x2, recursive=true): id = 57
HLE: W PPU[1] Thread (CPUThread)[0x010529a4]sys_cond warning: *** condition on recursive mutex(57)
HLE: W PPU[1] Thread (CPUThread)[0x010529a4]sys_cond warning: *** condition created [] (mutex_id=57): id = 58
PPU: ! PPU[1] Thread (CPUThread)[0x021f901c]*** New PPU Thread [CriThread] (flags=0x1, entry=0x14e0200): id = 59
HLE: W PPU[1] Thread (CPUThread)[0x021f9034]sys_lwmutex warning: *** lwmutex created [] (attribute=0x12): sq_id = 60
HLE: W PPU[1] Thread (CPUThread)[0x01052970]sys_mutex warning: *** mutex created [] (protocol=0x2, recursive=true): id = 61
HLE: W PPU[1] Thread (CPUThread)[0x010529a4]sys_cond warning: *** condition on recursive mutex(61)
HLE: W PPU[1] Thread (CPUThread)[0x010529a4]sys_cond warning: *** condition created [] (mutex_id=61): id = 62
PPU: ! PPU[1] Thread (CPUThread)[0x021f901c]*** New PPU Thread [CriThread] (flags=0x1, entry=0x14e0200): id = 63
HLE: W PPU[1] Thread (CPUThread)[0x021f9034]sys_lwmutex warning: *** lwmutex created [] (attribute=0x12): sq_id = 64
HLE: W PPU[1] Thread (CPUThread)[0x01052970]sys_mutex warning: *** mutex created [] (protocol=0x2, recursive=true): id = 65
HLE: W PPU[1] Thread (CPUThread)[0x010529a4]sys_cond warning: *** condition on recursive mutex(65)
HLE: W PPU[1] Thread (CPUThread)[0x010529a4]sys_cond warning: *** condition created [] (mutex_id=65): id = 66
PPU: ! PPU[1] Thread (CPUThread)[0x021f901c]*** New PPU Thread [CriThread] (flags=0x1, entry=0x14e0200): id = 67
HLE: W PPU[1] Thread (CPUThread)[0x021f9034]sys_lwmutex warning: *** lwmutex created [] (attribute=0x12): sq_id = 68
HLE: W PPU[1] Thread (CPUThread)[0x021f9034]sys_lwmutex warning: *** lwmutex created [] (attribute=0x12): sq_id = 69
HLE: W PPU[1] Thread (CPUThread)[0x021f9034]sys_lwmutex warning: *** lwmutex created [] (attribute=0x12): sq_id = 70
HLE: W PPU[1] Thread (CPUThread)[0x021f9034]sys_lwmutex warning: *** lwmutex created [] (attribute=0x12): sq_id = 71
HLE: W PPU[1] Thread (CPUThread)[0x021f9034]sys_lwmutex warning: *** lwmutex created [] (attribute=0x12): sq_id = 72
HLE: W PPU[1] Thread (CPUThread)[0x021f9034]sys_lwmutex warning: *** lwmutex created [] (attribute=0x12): sq_id = 73
HLE: W PPU[1] Thread (CPUThread)[0x021f9034]sys_lwmutex warning: *** lwmutex created [] (attribute=0x12): sq_id = 74
HLE: W PPU[1] Thread (CPUThread)[0x021f9034]sys_lwmutex warning: *** lwmutex created [] (attribute=0x12): sq_id = 75
HLE: W PPU[1] Thread (CPUThread)[0x021f9034]sys_lwmutex warning: *** lwmutex created [] (attribute=0x12): sq_id = 76
HLE: W PPU[1] Thread (CPUThread)[0x021f9034]sys_lwmutex warning: *** lwmutex created [] (attribute=0x12): sq_id = 77
HLE: W PPU[1] Thread (CPUThread)[0x021f9034]sys_lwmutex warning: *** lwmutex created [] (attribute=0x12): sq_id = 78
HLE: W PPU[1] Thread (CPUThread)[0x021f9034]sys_lwmutex warning: *** lwmutex created [] (attribute=0x22): sq_id = 79
HLE: W PPU[1] Thread (CPUThread)[0x021ef094]sceNp warning: sceNpDrmIsAvailable(k_licensee_addr=0xd00107d0, drm_path_addr=0xd00107e0)
HLE: W PPU[1] Thread (CPUThread)[0x021ef094]sceNp warning: sceNpDrmIsAvailable: Found DRM license file at /dev_hdd0/game/NPEB01134/USRDIR/data/hdd_data.edat
HLE: W PPU[1] Thread (CPUThread)[0x021ef094]sceNp warning: sceNpDrmIsAvailable: Using k_licensee 0x4c7ff53b06e06a10f28a76dba41cf9da
LDR: ! PPU[1] Thread (CPUThread)[0x021ef094]EDAT: Parsing data...

LDR: S PPU[1] Thread (CPUThread)[0x021ef094]EDAT: Data successfully parsed!

LDR: ! PPU[1] Thread (CPUThread)[0x021ef094]EDAT: Decrypting data...

LDR: E PPU[1] Thread (CPUThread)[0x021ef094]EDAT: Flag 0x3C/0x3D EDAT files are unsupported yet
LDR: E PPU[1] Thread (CPUThread)[0x021ef094]EDAT: Data decryption failed!
TTY: sceNpDrmIsAvailable : /dev_hdd0/game/NPEB01134/USRDIR/data/hdd_data.edat
HLE: W PPU[1] Thread (CPUThread)[0x021ef094]sceNp warning: sceNpDrmIsAvailable(k_licensee_addr=0xd00106c0, drm_path_addr=0xd00106d0)
HLE: W PPU[1] Thread (CPUThread)[0x021ef094]sceNp warning: sceNpDrmIsAvailable: Found DRM license file at /dev_hdd0/game/NPEB01134/USRDIR/data/hdd_data.edat
HLE: W PPU[1] Thread (CPUThread)[0x021ef094]sceNp warning: sceNpDrmIsAvailable: Using k_licensee 0x4c7ff53b06e06a10f28a76dba41cf9da
LDR: ! PPU[1] Thread (CPUThread)[0x021ef094]EDAT: Parsing data...

LDR: S PPU[1] Thread (CPUThread)[0x021ef094]EDAT: Data successfully parsed!

LDR: ! PPU[1] Thread (CPUThread)[0x021ef094]EDAT: Decrypting data...

LDR: E PPU[1] Thread (CPUThread)[0x021ef094]EDAT: Flag 0x3C/0x3D EDAT files are unsupported yet
LDR: E PPU[1] Thread (CPUThread)[0x021ef094]EDAT: Data decryption failed!
TTY: sceNpDrmIsAvailable : /dev_hdd0/game/NPEB01134/USRDIR/data/hdd_data.edat
HLE: W PPU[1] Thread (CPUThread)[0x021f9034]sys_lwmutex warning: *** lwmutex created [] (attribute=0x22): sq_id = 80
HLE: W PPU[1] Thread (CPUThread)[0x021f9034]sys_lwmutex warning: *** lwmutex created [] (attribute=0x22): sq_id = 81
HLE: W PPU[1] Thread (CPUThread)[0x013cd010]cellSysmodule warning: cellSysmoduleLoadModule(CELL_SYSMODULE_AUDIO)
HLE: W PPU[1] Thread (CPUThread)[0x013c9094]cellSysutil warning: cellAudioOutGetSoundAvailability(audioOut=0, type=0, fs=0x4, option=0)
HLE: W PPU[1] Thread (CPUThread)[0x013c9094]cellSysutil warning: cellAudioOutGetSoundAvailability(audioOut=0, type=1, fs=0x4, option=0)
HLE: W PPU[1] Thread (CPUThread)[0x013c9094]cellSysutil warning: cellAudioOutGetSoundAvailability(audioOut=0, type=6, fs=0x4, option=0)
HLE: W PPU[1] Thread (CPUThread)[0x013c9034]cellSysutil warning: cellAudioOutConfigure(audioOut=0, config_addr=0xd00106c4, option_addr=0x0, (!)waitForEvent=0)
HLE: W PPU[1] Thread (CPUThread)[0x013c90c4]cellSysutil warning: cellAudioOutGetState(audioOut=0x0,deviceIndex=0x0,state_addr=0xd00106e8)
HLE: W PPU[1] Thread (CPUThread)[0x021e9004]cellAudio warning: cellAudioInit()
HLE: ! Audio ThreadAudio thread started
HLE: W PPU[1] Thread (CPUThread)[0x00f04e9c]libmixer warning: cellSurMixerCreate(config_addr=0xd00106d4)
HLE: W PPU[1] Thread (CPUThread)[0x00f04e9c]libmixer warning: *** audio port opened(default)
HLE: W PPU[1] Thread (CPUThread)[0x00f04e9c]libmixer warning: *** surMixer created (ch1=0, ch2=0, ch6=0, ch8=0)
HLE: W PPU[1] Thread (CPUThread)[0x00f01984]libmixer warning: cellSurMixerSetNotifyCallback(func_addr=0x14c8e00, arg=0x0) (surMixerCb=0x0)
HLE: W PPU[1] Thread (CPUThread)[0x00f0194c]libmixer warning: cellSurMixerGetAANHandle(handle_addr=0xd00106c0) -> 286331153
HLE: W PPU[1] Thread (CPUThread)[0x021f9034]sys_lwmutex warning: *** lwmutex created [] (attribute=0x12): sq_id = 83
HLE: W PPU[1] Thread (CPUThread)[0x00f042ac]libmixer warning: cellSurMixerStart()
HLE: W PPU[1] Thread (CPUThread)[0x021f9034]sys_lwmutex warning: *** lwmutex created [] (attribute=0x22): sq_id = 84
HLE: W PPU[1] Thread (CPUThread)[0x021f9034]sys_lwmutex warning: *** lwmutex created [] (attribute=0x22): sq_id = 85
HLE: W PPU[1] Thread (CPUThread)[0x013c901c]cellSysutil warning: cellSysutilEnableBgmPlayback()
HLE: W PPU[1] Thread (CPUThread)[0x021f9034]sys_lwmutex warning: *** lwmutex created [] (attribute=0x12): sq_id = 86
HLE: W PPU[1] Thread (CPUThread)[0x021f9034]sys_lwmutex warning: *** lwmutex created [] (attribute=0x12): sq_id = 87
HLE: W PPU[1] Thread (CPUThread)[0x01052970]sys_mutex warning: *** mutex created [] (protocol=0x2, recursive=true): id = 88
HLE: W PPU[1] Thread (CPUThread)[0x010529a4]sys_cond warning: *** condition on recursive mutex(88)
HLE: W PPU[1] Thread (CPUThread)[0x010529a4]sys_cond warning: *** condition created [] (mutex_id=88): id = 89
PPU: ! PPU[1] Thread (CPUThread)[0x021f901c]*** New PPU Thread [CriSr_ProcessServer] (flags=0x1, entry=0x14e0200): id = 90
PPU: ! PPU[1] Thread (CPUThread)[0x021f901c]*** New PPU Thread [CriSr_SignalingServer] (flags=0x1, entry=0x14e0200): id = 91
HLE: E PPU[1] Thread (CPUThread)[0x013cf0c4]cellSpurs error: Unimplemented function: _cellSpursTasksetAttributeInitialize
HLE: E PPU[1] Thread (CPUThread)[0x013cf160]cellSpurs error: Unimplemented function: cellSpursTasksetAttributeSetName
HLE: E PPU[1] Thread (CPUThread)[0x013cf22c]cellSpurs error: Unimplemented function: cellSpursCreateTasksetWithAttribute
HLE: E PPU[1] Thread (CPUThread)[0x013cf0ac]cellSpurs error: Unimplemented function: _cellSpursQueueInitialize
HLE: E PPU[1] Thread (CPUThread)[0x013cf25c]cellSpurs error: Unimplemented function: cellSpursQueueAttachLv2EventQueue
HLE: E PPU[1] Thread (CPUThread)[0x013cf0ac]cellSpurs error: Unimplemented function: _cellSpursQueueInitialize
HLE: E PPU[1] Thread (CPUThread)[0x013cf25c]cellSpurs error: Unimplemented function: cellSpursQueueAttachLv2EventQueue
HLE: E PPU[1] Thread (CPUThread)[0x013cf0ac]cellSpurs error: Unimplemented function: _cellSpursQueueInitialize
HLE: E PPU[1] Thread (CPUThread)[0x013cf25c]cellSpurs error: Unimplemented function: cellSpursQueueAttachLv2EventQueue
HLE: E PPU[1] Thread (CPUThread)[0x013cf208]cellSpurs error: Unimplemented function: cellSpursTaskAttributeInitialize
HLE: E PPU[1] Thread (CPUThread)[0x013cf0e8]cellSpurs error: Unimplemented function: cellSpursCreateTaskWithAttribute
HLE: E PPU[1] Thread (CPUThread)[0x013cf1c0]cellSpurs error: Unimplemented function: cellSpursQueuePopBody
HLE: W PPU[1] Thread (CPUThread)[0x013c9094]cellSysutil warning: cellAudioOutGetSoundAvailability(audioOut=0, type=0, fs=0x4, option=0)
HLE: W PPU[1] Thread (CPUThread)[0x013c9094]cellSysutil warning: cellAudioOutGetSoundAvailability(audioOut=0, type=1, fs=0x4, option=0)
HLE: W PPU[1] Thread (CPUThread)[0x013c9094]cellSysutil warning: cellAudioOutGetSoundAvailability(audioOut=0, type=6, fs=0x4, option=0)
HLE: W PPU[1] Thread (CPUThread)[0x021f9034]sys_lwmutex warning: *** lwmutex created [] (attribute=0x22): sq_id = 92
HLE: W PPU[1] Thread (CPUThread)[0x021f9034]sys_lwmutex warning: *** lwmutex created [] (attribute=0x22): sq_id = 93
HLE: E PPU[82] Thread (Surmixer Callback)[0x013cf1cc]cellSpurs error: Unimplemented function: cellSpursQueuePushBody
TTY: MainStartup() fault!
HLE: E PPU[82] Thread (Surmixer Callback)[0x013cf1cc]cellSpurs error: Unimplemented function: cellSpursQueuePushBody
HLE: W PPU[1] Thread (CPUThread)[0x021f90f4]sys_lwmutex warning: sys_lwmutex_destroy(lwmutex_addr=0x1f12a10)
HLE: E PPU[1] Thread (CPUThread)[0x013cf1cc]cellSpurs error: Unimplemented function: cellSpursQueuePushBody
HLE: E PPU[1] Thread (CPUThread)[0x013cf034]cellSpurs error: cellSpursJoinTaskset(taskset_addr=0x307c7d00)
HLE: E PPU[1] Thread (CPUThread)[0x013cf094]cellSpurs error: Unimplemented function: cellSpursQueueDetachLv2EventQueue
HLE: E PPU[1] Thread (CPUThread)[0x013cf094]cellSpurs error: Unimplemented function: cellSpursQueueDetachLv2EventQueue
HLE: E PPU[1] Thread (CPUThread)[0x013cf094]cellSpurs error: Unimplemented function: cellSpursQueueDetachLv2EventQueue
HLE: W PPU[1] Thread (CPUThread)[0x01054d10]sysPrxForUser warning: sys_ppu_thread_join(thread_id=91, vptr_addr=0xd0010540)
HLE: W PPU[1] Thread (CPUThread)[0x01054d10]sysPrxForUser warning: sys_ppu_thread_join(thread_id=90, vptr_addr=0xd0010540)
HLE: W PPU[1] Thread (CPUThread)[0x01052890]sys_cond warning: sys_cond_destroy(cond_id=89)
HLE: W PPU[1] Thread (CPUThread)[0x01052708]sys_mutex warning: sys_mutex_destroy(mutex_id=88)
HLE: ! PPU[1] Thread (CPUThread)[0x01052708]Mutex(88) was owned by thread -1 (recursive=0)
HLE: W PPU[1] Thread (CPUThread)[0x021f90f4]sys_lwmutex warning: sys_lwmutex_destroy(lwmutex_addr=0x30799408)
HLE: W PPU[1] Thread (CPUThread)[0x00f02b0c]libmixer warning: cellSurMixerPause(type=2)
HLE: W PPU[1] Thread (CPUThread)[0x021f90f4]sys_lwmutex warning: sys_lwmutex_destroy(lwmutex_addr=0x214c998)
HLE: W PPU[1] Thread (CPUThread)[0x00f045bc]libmixer warning: cellSurMixerFinalize()
HLE: W PPU[1] Thread (CPUThread)[0x021e9058]cellAudio warning: cellAudioQuit()
HLE: ! Audio ThreadAudio thread ended
HLE: W PPU[1] Thread (CPUThread)[0x021f90f4]sys_lwmutex warning: sys_lwmutex_destroy(lwmutex_addr=0x206c098)
HLE: W PPU[1] Thread (CPUThread)[0x021f90f4]sys_lwmutex warning: sys_lwmutex_destroy(lwmutex_addr=0x206c0f0)
HLE: E PPU[1] Thread (CPUThread)[0x021ef070]TODO: sceNpScoreTerm
HLE: W PPU[1] Thread (CPUThread)[0x021f90f4]sys_lwmutex warning: sys_lwmutex_destroy(lwmutex_addr=0x2048f58)
HLE: E PPU[1] Thread (CPUThread)[0x021ed058]sceNpTrophy error: Unimplemented function: sceNpTrophyTerm
HLE: E PPU[1] Thread (CPUThread)[0x021ef04c]TODO: sceNpManagerUnregisterCallback
HLE: W PPU[1] Thread (CPUThread)[0x021f90f4]sys_lwmutex warning: sys_lwmutex_destroy(lwmutex_addr=0x2048fa8)
HLE: E PPU[1] Thread (CPUThread)[0x021f101c]cellNetCtl error: Unimplemented function: cellNetCtlTerm
HLE: W PPU[1] Thread (CPUThread)[0x021f90f4]sys_lwmutex warning: sys_lwmutex_destroy(lwmutex_addr=0x204bae8)
HLE: W PPU[1] Thread (CPUThread)[0x021f90f4]sys_lwmutex warning: sys_lwmutex_destroy(lwmutex_addr=0x304cc748)
HLE: W PPU[1] Thread (CPUThread)[0x021f90f4]sys_lwmutex warning: sys_lwmutex_destroy(lwmutex_addr=0x304ca3c8)
HLE: W PPU[1] Thread (CPUThread)[0x021f90f4]sys_lwmutex warning: sys_lwmutex_destroy(lwmutex_addr=0x21a9430)
HLE: W PPU[1] Thread (CPUThread)[0x021f90f4]sys_lwmutex warning: sys_lwmutex_destroy(lwmutex_addr=0x21a9478)
HLE: W PPU[1] Thread (CPUThread)[0x021f90f4]sys_lwmutex warning: sys_lwmutex_destroy(lwmutex_addr=0x21a94c0)
HLE: W PPU[1] Thread (CPUThread)[0x021f90f4]sys_lwmutex warning: sys_lwmutex_destroy(lwmutex_addr=0x21a9508)
HLE: W PPU[1] Thread (CPUThread)[0x021f90f4]sys_lwmutex warning: sys_lwmutex_destroy(lwmutex_addr=0x304c4de0)
HLE: W PPU[1] Thread (CPUThread)[0x021f90f4]sys_lwmutex warning: sys_lwmutex_destroy(lwmutex_addr=0x304c4800)
HLE: W PPU[1] Thread (CPUThread)[0x021f90f4]sys_lwmutex warning: sys_lwmutex_destroy(lwmutex_addr=0x304b8e58)
HLE: W PPU[1] Thread (CPUThread)[0x021f90f4]sys_lwmutex warning: sys_lwmutex_destroy(lwmutex_addr=0x304b0ba8)
HLE: W PPU[1] Thread (CPUThread)[0x021f90f4]sys_lwmutex warning: sys_lwmutex_destroy(lwmutex_addr=0x304afef8)
HLE: W PPU[1] Thread (CPUThread)[0x01054d10]sysPrxForUser warning: sys_ppu_thread_join(thread_id=67, vptr_addr=0xd0010760)
HLE: W PPU[1] Thread (CPUThread)[0x01052890]sys_cond warning: sys_cond_destroy(cond_id=66)
HLE: W PPU[1] Thread (CPUThread)[0x01052708]sys_mutex warning: sys_mutex_destroy(mutex_id=65)
HLE: ! PPU[1] Thread (CPUThread)[0x01052708]Mutex(65) was owned by thread -1 (recursive=0)
HLE: W PPU[1] Thread (CPUThread)[0x021f90f4]sys_lwmutex warning: sys_lwmutex_destroy(lwmutex_addr=0x21a96c8)
HLE: W PPU[1] Thread (CPUThread)[0x01054d10]sysPrxForUser warning: sys_ppu_thread_join(thread_id=47, vptr_addr=0xd0010740)
HLE: W PPU[1] Thread (CPUThread)[0x01052890]sys_cond warning: sys_cond_destroy(cond_id=46)
HLE: W PPU[1] Thread (CPUThread)[0x01052708]sys_mutex warning: sys_mutex_destroy(mutex_id=45)
HLE: ! PPU[1] Thread (CPUThread)[0x01052708]Mutex(45) was owned by thread -1 (recursive=0)
HLE: W PPU[1] Thread (CPUThread)[0x021f90f4]sys_lwmutex warning: sys_lwmutex_destroy(lwmutex_addr=0x21a9888)
HLE: W PPU[1] Thread (CPUThread)[0x01054d10]sysPrxForUser warning: sys_ppu_thread_join(thread_id=51, vptr_addr=0xd0010740)
HLE: W PPU[1] Thread (CPUThread)[0x01052890]sys_cond warning: sys_cond_destroy(cond_id=50)
HLE: W PPU[1] Thread (CPUThread)[0x01052708]sys_mutex warning: sys_mutex_destroy(mutex_id=49)
HLE: ! PPU[1] Thread (CPUThread)[0x01052708]Mutex(49) was owned by thread -1 (recursive=0)
HLE: W PPU[1] Thread (CPUThread)[0x021f90f4]sys_lwmutex warning: sys_lwmutex_destroy(lwmutex_addr=0x21a99e0)
HLE: W PPU[1] Thread (CPUThread)[0x01054d10]sysPrxForUser warning: sys_ppu_thread_join(thread_id=55, vptr_addr=0xd0010740)
HLE: W PPU[1] Thread (CPUThread)[0x01052890]sys_cond warning: sys_cond_destroy(cond_id=54)
HLE: W PPU[1] Thread (CPUThread)[0x01052708]sys_mutex warning: sys_mutex_destroy(mutex_id=53)
HLE: ! PPU[1] Thread (CPUThread)[0x01052708]Mutex(53) was owned by thread -1 (recursive=0)
HLE: W PPU[1] Thread (CPUThread)[0x021f90f4]sys_lwmutex warning: sys_lwmutex_destroy(lwmutex_addr=0x21a9b38)
HLE: W PPU[1] Thread (CPUThread)[0x01054d10]sysPrxForUser warning: sys_ppu_thread_join(thread_id=59, vptr_addr=0xd0010740)
HLE: W PPU[1] Thread (CPUThread)[0x01052890]sys_cond warning: sys_cond_destroy(cond_id=58)
HLE: W PPU[1] Thread (CPUThread)[0x01052708]sys_mutex warning: sys_mutex_destroy(mutex_id=57)
HLE: ! PPU[1] Thread (CPUThread)[0x01052708]Mutex(57) was owned by thread -1 (recursive=0)
HLE: W PPU[1] Thread (CPUThread)[0x021f90f4]sys_lwmutex warning: sys_lwmutex_destroy(lwmutex_addr=0x21a9c90)
HLE: W PPU[1] Thread (CPUThread)[0x01054d10]sysPrxForUser warning: sys_ppu_thread_join(thread_id=63, vptr_addr=0xd0010740)
HLE: W PPU[1] Thread (CPUThread)[0x01052890]sys_cond warning: sys_cond_destroy(cond_id=62)
HLE: W PPU[1] Thread (CPUThread)[0x01052708]sys_mutex warning: sys_mutex_destroy(mutex_id=61)
HLE: ! PPU[1] Thread (CPUThread)[0x01052708]Mutex(61) was owned by thread -1 (recursive=0)
HLE: W PPU[1] Thread (CPUThread)[0x021f90f4]sys_lwmutex warning: sys_lwmutex_destroy(lwmutex_addr=0x21a9de8)
HLE: E PPU[1] Thread (CPUThread)[0x021eb04c]TODO: cellFiberPpuSendSignal
HLE: E PPU[1] Thread (CPUThread)[0x021eb070]TODO: cellFiberPpuUtilWorkerControlWakeup
HLE: E PPU[1] Thread (CPUThread)[0x021eb064]TODO: cellFiberPpuJoinFiber
HLE: W PPU[1] Thread (CPUThread)[0x00ecc878]sys_semaphore warning: sys_semaphore_destroy(sem_id=42)
HLE: E PPU[1] Thread (CPUThread)[0x021eb088]TODO: cellFiberPpuUtilWorkerControlShutdown
HLE: W PPU[1] Thread (CPUThread)[0x00ecb860]sysPrxForUser warning: sys_ppu_thread_join(thread_id=41, vptr_addr=0xd0010a50)
HLE: E PPU[1] Thread (CPUThread)[0x021eb058]TODO: cellFiberPpuUtilWorkerControlFinalize
HLE: W PPU[1] Thread (CPUThread)[0x013cd004]cellSysmodule warning: cellSysmoduleUnloadModule(CELL_SYSMODULE_FIBER)
HLE: W PPU[1] Thread (CPUThread)[0x021f90f4]sys_lwmutex warning: sys_lwmutex_destroy(lwmutex_addr=0x2044880)
HLE: W PPU[1] Thread (CPUThread)[0x021f90f4]sys_lwmutex warning: sys_lwmutex_destroy(lwmutex_addr=0x2044820)
HLE: W PPU[1] Thread (CPUThread)[0x021f90f4]sys_lwmutex warning: sys_lwmutex_destroy(lwmutex_addr=0x2048ef0)
HLE: W PPU[1] Thread (CPUThread)[0x021f90f4]sys_lwmutex warning: sys_lwmutex_destroy(lwmutex_addr=0x2048ea0)
HLE: W PPU[1] Thread (CPUThread)[0x021f90f4]sys_lwmutex warning: sys_lwmutex_destroy(lwmutex_addr=0x1e8c980)
HLE: W PPU[1] Thread (CPUThread)[0x021f90f4]sys_lwmutex warning: sys_lwmutex_destroy(lwmutex_addr=0x1e8c5f0)
HLE: W PPU[1] Thread (CPUThread)[0x021f90f4]sys_lwmutex warning: sys_lwmutex_destroy(lwmutex_addr=0x1e8c700)
HLE: W PPU[1] Thread (CPUThread)[0x021f90f4]sys_lwmutex warning: sys_lwmutex_destroy(lwmutex_addr=0x1e8c648)
HLE: W PPU[1] Thread (CPUThread)[0x021f90f4]sys_lwmutex warning: sys_lwmutex_destroy(lwmutex_addr=0x1e8c758)
HLE: W PPU[1] Thread (CPUThread)[0x021f90f4]sys_lwmutex warning: sys_lwmutex_destroy(lwmutex_addr=0x1e8c7b0)
HLE: W PPU[1] Thread (CPUThread)[0x021f90f4]sys_lwmutex warning: sys_lwmutex_destroy(lwmutex_addr=0x1e8c808)
HLE: W PPU[1] Thread (CPUThread)[0x021f90f4]sys_lwmutex warning: sys_lwmutex_destroy(lwmutex_addr=0x1e8c860)
HLE: W PPU[1] Thread (CPUThread)[0x021f90f4]sys_lwmutex warning: sys_lwmutex_destroy(lwmutex_addr=0x1e8c920)
HLE: W PPU[1] Thread (CPUThread)[0x021f90f4]sys_lwmutex warning: sys_lwmutex_destroy(lwmutex_addr=0x1e8c8c0)
HLE: W PPU[1] Thread (CPUThread)[0x021f90f4]sys_lwmutex warning: sys_lwmutex_destroy(lwmutex_addr=0x1e8c590)
HLE: W PPU[1] Thread (CPUThread)[0x021f90f4]sys_lwmutex warning: sys_lwmutex_destroy(lwmutex_addr=0x1e8c4d8)
HLE: W PPU[1] Thread (CPUThread)[0x021f90f4]sys_lwmutex warning: sys_lwmutex_destroy(lwmutex_addr=0x1e8c478)
HLE: W PPU[1] Thread (CPUThread)[0x021f90f4]sys_lwmutex warning: sys_lwmutex_destroy(lwmutex_addr=0x1e8c6a0)
HLE: W PPU[1] Thread (CPUThread)[0x021f90f4]sys_lwmutex warning: sys_lwmutex_destroy(lwmutex_addr=0x1e8c418)
HLE: W PPU[1] Thread (CPUThread)[0x013c9004]cellSysutil warning: cellSysutilUnregisterCallback(slot=3)
HLE: E PPU[1] Thread (CPUThread)[0x013cf100]cellSpurs error: cellSpursEventFlagDetachLv2EventQueue(eventFlag_addr=0x159e600)
HLE: W PPU[1] Thread (CPUThread)[0x013cf238]cellSpurs warning: cellSpursFinalize(spurs_addr=0x328af000)
HLE: W PPU[1] Thread (CPUThread)[0x013cb0a0]cellGcmSys warning: cellGcmSetVBlankHandler(handler_addr=0x0)
HLE: W PPU[1] Thread (CPUThread)[0x013cb07c]cellGcmSys warning: cellGcmSetFlipHandler(handler_addr=0)
HLE: W PPU[1] Thread (CPUThread)[0x013c9004]cellSysutil warning: cellSysutilUnregisterCallback(slot=0)
HLE: W PPU[1] Thread (CPUThread)[0x013cd004]cellSysmodule warning: cellSysmoduleUnloadModule(CELL_SYSMODULE_FS)
HLE: W PPU[1] Thread (CPUThread)[0x013cd004]cellSysmodule warning: cellSysmoduleUnloadModule(CELL_SYSMODULE_NET)
HLE: W PPU[1] Thread (CPUThread)[0x013cd004]cellSysmodule warning: cellSysmoduleUnloadModule(CELL_SYSMODULE_IO)
HLE: W PPU[1] Thread (CPUThread)[0x013cd004]cellSysmodule warning: cellSysmoduleUnloadModule(CELL_SYSMODULE_USBD)
HLE: W PPU[1] Thread (CPUThread)[0x013cd004]cellSysmodule warning: cellSysmoduleUnloadModule(CELL_SYSMODULE_GCM_SYS)
HLE: W PPU[1] Thread (CPUThread)[0x013cd004]cellSysmodule warning: cellSysmoduleUnloadModule(CELL_SYSMODULE_RESC)
HLE: W PPU[1] Thread (CPUThread)[0x013cd004]cellSysmodule warning: cellSysmoduleUnloadModule(CELL_SYSMODULE_SPURS)
HLE: W PPU[1] Thread (CPUThread)[0x013cd004]cellSysmodule warning: cellSysmoduleUnloadModule(CELL_SYSMODULE_SPURS_JQ)
HLE: W PPU[1] Thread (CPUThread)[0x013cd004]cellSysmodule warning: cellSysmoduleUnloadModule(CELL_SYSMODULE_FIBER)
HLE: W PPU[1] Thread (CPUThread)[0x013cd004]cellSysmodule warning: cellSysmoduleUnloadModule(CELL_SYSMODULE_AVCONF_EXT)
HLE: W PPU[1] Thread (CPUThread)[0x013cd004]cellSysmodule warning: cellSysmoduleUnloadModule(CELL_SYSMODULE_SYSUTIL_NP_TROPHY)
HLE: W PPU[1] Thread (CPUThread)[0x013cd004]cellSysmodule warning: cellSysmoduleUnloadModule(CELL_SYSMODULE_NETCTL)
HLE: W PPU[1] Thread (CPUThread)[0x013cd004]cellSysmodule warning: cellSysmoduleUnloadModule(CELL_SYSMODULE_SYSUTIL_NP)
HLE: W PPU[1] Thread (CPUThread)[0x013cd004]cellSysmodule warning: cellSysmoduleUnloadModule(CELL_SYSMODULE_RTC)
HLE: W PPU[1] Thread (CPUThread)[0x013cd004]cellSysmodule warning: cellSysmoduleUnloadModule(CELL_SYSMODULE_SYSUTIL_GAME)
HLE: W PPU[1] Thread (CPUThread)[0x021f90f4]sys_lwmutex warning: sys_lwmutex_destroy(lwmutex_addr=0x1e8c3c0)
HLE: W PPU[1] Thread (CPUThread)[0x021f90f4]sys_lwmutex warning: sys_lwmutex_destroy(lwmutex_addr=0x1eeb390)
HLE: W PPU[1] Thread (CPUThread)[0x021f90f4]sys_lwmutex warning: sys_lwmutex_destroy(lwmutex_addr=0x2048d38)
HLE: W PPU[1] Thread (CPUThread)[0x021f90f4]sys_lwmutex warning: sys_lwmutex_destroy(lwmutex_addr=0x206c430)
HLE: W PPU[1] Thread (CPUThread)[0x021f90f4]sys_lwmutex warning: sys_lwmutex_destroy(lwmutex_addr=0x21aa578)
HLE: W PPU[1] Thread (CPUThread)[0x021f90f4]sys_lwmutex warning: sys_lwmutex_destroy(lwmutex_addr=0x21aa5a0)
HLE: W PPU[1] Thread (CPUThread)[0x021f90f4]sys_lwmutex warning: sys_lwmutex_destroy(lwmutex_addr=0x21aa5c8)
HLE: W PPU[1] Thread (CPUThread)[0x021f90f4]sys_lwmutex warning: sys_lwmutex_destroy(lwmutex_addr=0x21aa4b0)
HLE: W PPU[1] Thread (CPUThread)[0x021f90f4]sys_lwmutex warning: sys_lwmutex_destroy(lwmutex_addr=0x21aa4d8)
HLE: W PPU[1] Thread (CPUThread)[0x021f90f4]sys_lwmutex warning: sys_lwmutex_destroy(lwmutex_addr=0x21aa500)
HLE: W PPU[1] Thread (CPUThread)[0x021f90f4]sys_lwmutex warning: sys_lwmutex_destroy(lwmutex_addr=0x21aa528)
HLE: W PPU[1] Thread (CPUThread)[0x021f90f4]sys_lwmutex warning: sys_lwmutex_destroy(lwmutex_addr=0x21aa550)
HLE: W PPU[1] Thread (CPUThread)[0x021f90f4]sys_lwmutex warning: sys_lwmutex_destroy(lwmutex_addr=0x21ab228)
HLE: W PPU[1] Thread (CPUThread)[0x021f90f4]sys_lwmutex warning: sys_lwmutex_destroy(lwmutex_addr=0x21ab420)
HLE: W PPU[1] Thread (CPUThread)[0x021f9118]Process warning: sys_process_exit(0)
HLE: S PPU[1] Thread (CPUThread)[0x021f9118]Process finished
RSX: W RSXThreadRSX thread aborted
RSX: W VBlank threadVBlank thread aborted
HLE: ! All threads stopped...
MEM: ! Closing memory...
