HLE: ! path: /dev_hdd0/game/
LDR: ! Loading 'D:\Emulateurs\Rpcs3\dev_hdd0\game\NPEB01893/USRDIR/BOOT.BIN'...
LDR: !  
LDR: ! Mount info:
LDR: ! /dev_hdd0/ -> D:\Emulateurs\Rpcs3/dev_hdd0/
LDR: ! /dev_hdd1/ -> D:\Emulateurs\Rpcs3/dev_hdd1/
LDR: ! /dev_flash/ -> D:\Emulateurs\Rpcs3/dev_flash/
LDR: ! /dev_usb000/ -> D:\Emulateurs\Rpcs3/dev_usb000/
LDR: ! /dev_usb/ -> D:\Emulateurs\Rpcs3/dev_usb000/
LDR: ! /app_home/ -> D:\Emulateurs\Rpcs3\dev_hdd0\game\NPEB01893/
LDR: ! /dev_bdvd/ -> D:\Emulateurs\Rpcs3\dev_hdd0\game\NPEB01893//../
LDR: ! /host_root/ -> 
LDR: ! / -> D:\Emulateurs\Rpcs3\dev_hdd0\game\NPEB01893//USRDIR/
LDR: ! /app_home/PS3_GAME/USRDIR/ -> D:\Emulateurs\Rpcs3\dev_hdd0\game\NPEB01893//USRDIR/
LDR: ! /dev_flash2/ -> D:\Emulateurs\Rpcs3/dev_flash2/
LDR: ! /app_home/Game/PS3_GAME/USRDIR/ -> D:\Emulateurs\Rpcs3\dev_hdd0\game\NPEB01893//USRDIR/
LDR: !  
MEM: ! Initing memory...
MEM: ! Memory initialized.
LDR: W Unknown module 'cellSysutilAvconfExt'
LDR: W Unimplemented function 'cellSyncQueueInitialize' in 'cellSync' module
LDR: W Unimplemented function 'cellSyncQueuePop' in 'cellSync' module
LDR: W Unimplemented function 'cellSyncQueuePush' in 'cellSync' module
LDR: W Unimplemented function 'cellFsSdataOpenByFd' in 'sys_fs' module
LDR: W Unimplemented function 'cellFsFsync' in 'sys_fs' module
LDR: W Unimplemented function 'sceNpBasicGetFriendListEntry' in 'sceNp' module
LDR: W Unimplemented function 'sceNpScoreGetRankingByNpId' in 'sceNp' module
LDR: W Unimplemented function 'sceNpScoreRecordScore' in 'sceNp' module
LDR: W Unimplemented function 'sceNpScoreDestroyTitleCtx' in 'sceNp' module
LDR: W Unimplemented function 'sceNpScoreInit' in 'sceNp' module
LDR: W Unimplemented function 'sceNpManagerGetContentRatingFlag' in 'sceNp' module
LDR: W Unimplemented function 'sceNpScoreCreateTransactionCtx' in 'sceNp' module
LDR: W Unimplemented function 'sceNpBasicGetFriendListEntryCount' in 'sceNp' module
LDR: W Unimplemented function 'sceNpManagerGetAccountRegion' in 'sceNp' module
LDR: W Unimplemented function 'sceNpScoreCreateTitleCtx' in 'sceNp' module
LDR: W Unimplemented function 'sceNpManagerGetNetworkTime' in 'sceNp' module
LDR: W Unimplemented function 'sceNpScoreDestroyTransactionCtx' in 'sceNp' module
LDR: W Unimplemented function 'sceNpScoreAbortTransaction' in 'sceNp' module
LDR: W Unimplemented function 'sceNpScoreGetRankingByRange' in 'sceNp' module
LDR: W Unimplemented function 'sceNpManagerGetNpId' in 'sceNp' module
LDR: W Unimplemented function 'sceNp2Init' in 'sceNp2' module
LDR: W Unknown module 'sceNpTus'
LDR: W Unimplemented function 'sys_prx_load_module_on_memcontainer_by_fd' in 'sysPrxForUser' module
LDR: W Unimplemented function 'sys_prx_load_module_by_fd' in 'sysPrxForUser' module
HLE: W PPU[1] Thread (CPUThread)[0x00fe0058]sys_lwmutex warning: *** lwmutex created [_lc_mtx] (attribute=0x12): sq_id = 3
HLE: W PPU[1] Thread (CPUThread)[0x007d272c]memory warning: sys_memory_get_user_memory_size(mem_info_addr=0xd0010c04)
HLE: W PPU[1] Thread (CPUThread)[0x00fe0058]sys_lwmutex warning: *** lwmutex created [_lc_mtx] (attribute=0x12): sq_id = 4
HLE: W PPU[1] Thread (CPUThread)[0x00fe0058]sys_lwmutex warning: *** lwmutex created [_lc_mtx] (attribute=0x12): sq_id = 5
HLE: W PPU[1] Thread (CPUThread)[0x00fe0058]sys_lwmutex warning: *** lwmutex created [_lc_mtx] (attribute=0x12): sq_id = 6
HLE: W PPU[1] Thread (CPUThread)[0x00fe0058]sys_lwmutex warning: *** lwmutex created [_lc_mtx] (attribute=0x12): sq_id = 7
HLE: W PPU[1] Thread (CPUThread)[0x00fe0058]sys_lwmutex warning: *** lwmutex created [_lc_mtx] (attribute=0x12): sq_id = 8
HLE: W PPU[1] Thread (CPUThread)[0x00fe0058]sys_lwmutex warning: *** lwmutex created [_lc_mtx] (attribute=0x12): sq_id = 9
HLE: W PPU[1] Thread (CPUThread)[0x00fe0058]sys_lwmutex warning: *** lwmutex created [_lc_mtx] (attribute=0x12): sq_id = 10
HLE: W PPU[1] Thread (CPUThread)[0x00fe0058]sys_lwmutex warning: *** lwmutex created [_lc_mtx] (attribute=0x12): sq_id = 11
HLE: W PPU[1] Thread (CPUThread)[0x00fe0058]sys_lwmutex warning: *** lwmutex created [_lc_mtx] (attribute=0x12): sq_id = 12
HLE: W PPU[1] Thread (CPUThread)[0x00fe0058]sys_lwmutex warning: *** lwmutex created [_lgcmtx] (attribute=0x12): sq_id = 13
HLE: W PPU[1] Thread (CPUThread)[0x00fe0058]sys_lwmutex warning: *** lwmutex created [_lgcmtx] (attribute=0x22): sq_id = 14
HLE: W PPU[1] Thread (CPUThread)[0x00fe0058]sys_lwmutex warning: *** lwmutex created [_lc_mtx] (attribute=0x12): sq_id = 15
HLE: W PPU[1] Thread (CPUThread)[0x00fe0058]sys_lwmutex warning: *** lwmutex created [_lc_mtx] (attribute=0x12): sq_id = 16
HLE: W PPU[1] Thread (CPUThread)[0x00fe0058]sys_lwmutex warning: *** lwmutex created [_lc_mtx] (attribute=0x12): sq_id = 17
HLE: W PPU[1] Thread (CPUThread)[0x00fe0058]sys_lwmutex warning: *** lwmutex created [_lc_mtx] (attribute=0x12): sq_id = 18
HLE: W PPU[1] Thread (CPUThread)[0x00fe0058]sys_lwmutex warning: *** lwmutex created [_lc_mtx] (attribute=0x12): sq_id = 19
HLE: W PPU[1] Thread (CPUThread)[0x00fe0058]sys_lwmutex warning: *** lwmutex created [_lc_mtx] (attribute=0x12): sq_id = 20
HLE: W PPU[1] Thread (CPUThread)[0x00fe0058]sys_lwmutex warning: *** lwmutex created [_lc_mtx] (attribute=0x12): sq_id = 21
HLE: W PPU[1] Thread (CPUThread)[0x00fe0058]sys_lwmutex warning: *** lwmutex created [_lc_mtx] (attribute=0x12): sq_id = 22
HLE: W PPU[1] Thread (CPUThread)[0x00fe0058]sys_lwmutex warning: *** lwmutex created [_lc_mtx] (attribute=0x12): sq_id = 23
HLE: W PPU[1] Thread (CPUThread)[0x00fe0058]sys_lwmutex warning: *** lwmutex created [_lc_mtx] (attribute=0x12): sq_id = 24
HLE: W PPU[1] Thread (CPUThread)[0x00fe0058]sys_lwmutex warning: *** lwmutex created [_lc_mtx] (attribute=0x12): sq_id = 25
HLE: W PPU[1] Thread (CPUThread)[0x00fe0058]sys_lwmutex warning: *** lwmutex created [_lc_mtx] (attribute=0x12): sq_id = 26
HLE: W PPU[1] Thread (CPUThread)[0x007c2bd4]cellSysutil warning: cellSysutilGetSystemParamInt: CELL_SYSUTIL_SYSTEMPARAM_ID_TIMEZONE
HLE: W PPU[1] Thread (CPUThread)[0x007c2bd4]cellSysutil warning: cellSysutilGetSystemParamInt: CELL_SYSUTIL_SYSTEMPARAM_ID_SUMMERTIME
HLE: W PPU[1] Thread (CPUThread)[0x007c985c]cellSysutil warning: cellSysutilGetSystemParamInt: CELL_SYSUTIL_SYSTEMPARAM_ID_TIMEZONE
HLE: W PPU[1] Thread (CPUThread)[0x007c985c]cellSysutil warning: cellSysutilGetSystemParamInt: CELL_SYSUTIL_SYSTEMPARAM_ID_SUMMERTIME
HLE: W PPU[1] Thread (CPUThread)[0x007c47fc]cellSysutil warning: cellSysutilGetSystemParamInt: CELL_SYSUTIL_SYSTEMPARAM_ID_TIMEZONE
HLE: W PPU[1] Thread (CPUThread)[0x007c47fc]cellSysutil warning: cellSysutilGetSystemParamInt: CELL_SYSUTIL_SYSTEMPARAM_ID_SUMMERTIME
HLE: W PPU[1] Thread (CPUThread)[0x007c985c]cellSysutil warning: cellSysutilGetSystemParamInt: CELL_SYSUTIL_SYSTEMPARAM_ID_TIMEZONE
HLE: W PPU[1] Thread (CPUThread)[0x007c985c]cellSysutil warning: cellSysutilGetSystemParamInt: CELL_SYSUTIL_SYSTEMPARAM_ID_SUMMERTIME
HLE: W PPU[1] Thread (CPUThread)[0x007c2b78]cellSysutil warning: cellSysutilGetSystemParamInt: CELL_SYSUTIL_SYSTEMPARAM_ID_TIMEZONE
HLE: W PPU[1] Thread (CPUThread)[0x007c2b78]cellSysutil warning: cellSysutilGetSystemParamInt: CELL_SYSUTIL_SYSTEMPARAM_ID_SUMMERTIME
HLE: W PPU[1] Thread (CPUThread)[0x007c47fc]cellSysutil warning: cellSysutilGetSystemParamInt: CELL_SYSUTIL_SYSTEMPARAM_ID_TIMEZONE
HLE: W PPU[1] Thread (CPUThread)[0x007c47fc]cellSysutil warning: cellSysutilGetSystemParamInt: CELL_SYSUTIL_SYSTEMPARAM_ID_SUMMERTIME
HLE: W PPU[1] Thread (CPUThread)[0x00fe0058]sys_lwmutex warning: *** lwmutex created [ps3HDDL] (attribute=0x12): sq_id = 27
HLE: W PPU[1] Thread (CPUThread)[0x00fe0058]sys_lwmutex warning: *** lwmutex created [Mutex] (attribute=0x11): sq_id = 28
HLE: W PPU[1] Thread (CPUThread)[0x00fe0058]sys_lwmutex warning: *** lwmutex created [Mutex] (attribute=0x11): sq_id = 29
HLE: W PPU[1] Thread (CPUThread)[0x00fe0058]sys_lwmutex warning: *** lwmutex created [_lc_mtx] (attribute=0x12): sq_id = 30
HLE: W PPU[1] Thread (CPUThread)[0x00fe00e8]sys_lwmutex warning: sys_lwmutex_destroy(lwmutex_addr=0x30100690)
HLE: W PPU[1] Thread (CPUThread)[0x00fe0058]sys_lwmutex warning: *** lwmutex created [Mutex] (attribute=0x11): sq_id = 31
HLE: W PPU[1] Thread (CPUThread)[0x00fe0058]sys_lwmutex warning: *** lwmutex created [Mutex] (attribute=0x11): sq_id = 32
HLE: W PPU[1] Thread (CPUThread)[0x00fe0058]sys_lwmutex warning: *** lwmutex created [Mutex] (attribute=0x11): sq_id = 33
HLE: W PPU[1] Thread (CPUThread)[0x00fe0058]sys_lwmutex warning: *** lwmutex created [Mutex] (attribute=0x11): sq_id = 34
HLE: W PPU[1] Thread (CPUThread)[0x00fe0058]sys_lwmutex warning: *** lwmutex created [Mutex] (attribute=0x11): sq_id = 35
HLE: W PPU[1] Thread (CPUThread)[0x007c2b78]cellSysutil warning: cellSysutilGetSystemParamInt: CELL_SYSUTIL_SYSTEMPARAM_ID_TIMEZONE
HLE: W PPU[1] Thread (CPUThread)[0x007c2b78]cellSysutil warning: cellSysutilGetSystemParamInt: CELL_SYSUTIL_SYSTEMPARAM_ID_SUMMERTIME
HLE: W PPU[1] Thread (CPUThread)[0x007c47fc]cellSysutil warning: cellSysutilGetSystemParamInt: CELL_SYSUTIL_SYSTEMPARAM_ID_TIMEZONE
HLE: W PPU[1] Thread (CPUThread)[0x007c47fc]cellSysutil warning: cellSysutilGetSystemParamInt: CELL_SYSUTIL_SYSTEMPARAM_ID_SUMMERTIME
HLE: W PPU[1] Thread (CPUThread)[0x00fe0058]sys_lwmutex warning: *** lwmutex created [Mutex] (attribute=0x11): sq_id = 36
HLE: W PPU[1] Thread (CPUThread)[0x00fe0058]sys_lwmutex warning: *** lwmutex created [Mutex] (attribute=0x11): sq_id = 37
HLE: W PPU[1] Thread (CPUThread)[0x00fe0058]sys_lwmutex warning: *** lwmutex created [Mutex] (attribute=0x11): sq_id = 38
HLE: W PPU[1] Thread (CPUThread)[0x00fe0058]sys_lwmutex warning: *** lwmutex created [] (attribute=0x11): sq_id = 39
HLE: W PPU[1] Thread (CPUThread)[0x00fe0058]sys_lwmutex warning: *** lwmutex created [] (attribute=0x11): sq_id = 40
HLE: W PPU[1] Thread (CPUThread)[0x00fc4010]cellSysmodule warning: cellSysmoduleLoadModule(CELL_SYSMODULE_SYSUTIL_GAME)
HLE: W PPU[1] Thread (CPUThread)[0x00fc6064]cellSysutil warning: cellSysutilRegisterCallback(slot=0, func_addr=0xef6c28, userdata=0x0)
HLE: W PPU[1] Thread (CPUThread)[0x00fc4010]cellSysmodule warning: cellSysmoduleLoadModule(CELL_SYSMODULE_FS)
HLE: W PPU[1] Thread (CPUThread)[0x00fc4010]cellSysmodule warning: cellSysmoduleLoadModule(CELL_SYSMODULE_NET)
HLE: W PPU[1] Thread (CPUThread)[0x00fc4010]cellSysmodule warning: cellSysmoduleLoadModule(CELL_SYSMODULE_SYSUTIL)
HLE: W PPU[1] Thread (CPUThread)[0x00fc4010]cellSysmodule warning: cellSysmoduleLoadModule(CELL_SYSMODULE_SYSUTIL_SAVEDATA)
HLE: W PPU[1] Thread (CPUThread)[0x00fca004]sys_net warning: sys_net_initialize_network_ex(param_addr=0xd0010b70)
HLE: W PPU[1] Thread (CPUThread)[0x00e5f028]cellGame warning: cellGameBootCheck(type_addr=0x301040a0, attributes_addr=0x301040a4, size_addr=0x301040a8, dirName_addr=0x30103980)
HLE: W PPU[1] Thread (CPUThread)[0x00e5f004]cellGame warning: cellGameContentPermit(contentInfoPath_addr=0x301039a0, usrdirPath_addr=0x30103a20)
HLE: W PPU[1] Thread (CPUThread)[0x00fc6028]cellSysutil warning: cellSysutilGetSystemParamInt: CELL_SYSUTIL_SYSTEMPARAM_ID_ENTER_BUTTON_ASSIGN
HLE: W PPU[1] Thread (CPUThread)[0x00fda0b8]cellSpurs warning: cellSpursInitialize(spurs_addr=0x30101980, nSpus=6, spuPriority=250, ppuPriority=4294967295, exitIfNoWork=1)
HLE: W PPU[1] Thread (CPUThread)[0x00fc4010]cellSysmodule warning: cellSysmoduleLoadModule(CELL_SYSMODULE_IO)
HLE: W PPU[1] Thread (CPUThread)[0x00fc4010]cellSysmodule warning: cellSysmoduleLoadModule(CELL_SYSMODULE_FS)
HLE: W PPU[1] Thread (CPUThread)[0x00fe0058]sys_lwmutex warning: *** lwmutex created [opWait] (attribute=0x12): sq_id = 41
HLE: W PPU[1] Thread (CPUThread)[0x00fe00f4]sys_lwcond warning: Recursive lwmutex(sq=41)
HLE: W PPU[1] Thread (CPUThread)[0x00fe00f4]sys_lwcond warning: *** lwcond created [opWait] (lwmutex_addr=0x30101850): id = 42
HLE: W PPU[1] Thread (CPUThread)[0x00fe0058]sys_lwmutex warning: *** lwmutex created [s_media] (attribute=0x12): sq_id = 43
TTY: FIOS 1.3.5 initialized
HLE: W PPU[1] Thread (CPUThread)[0x00fe0058]sys_lwmutex warning: *** lwmutex created [media.m] (attribute=0x12): sq_id = 44
HLE: W PPU[1] Thread (CPUThread)[0x00fe0058]sys_lwmutex warning: *** lwmutex created [ps3medi] (attribute=0x12): sq_id = 45
HLE: W PPU[1] Thread (CPUThread)[0x007b47fc]sys_rwlock warning: sys_rwlock_create(rw_lock_id_addr=0x3011424c, attr_addr=0xd0010830)
HLE: W PPU[1] Thread (CPUThread)[0x007b47fc]sys_rwlock warning: TODO: SYS_SYNC_PRIORITY attr
HLE: W PPU[1] Thread (CPUThread)[0x007b47fc]sys_rwlock warning: *** rwlock created [] (protocol=0x2): id = 46
HLE: W PPU[1] Thread (CPUThread)[0x00fe0058]sys_lwmutex warning: *** lwmutex created [media.m] (attribute=0x12): sq_id = 47
HLE: W PPU[1] Thread (CPUThread)[0x00fe00f4]sys_lwcond warning: Recursive lwmutex(sq=47)
HLE: W PPU[1] Thread (CPUThread)[0x00fe00f4]sys_lwcond warning: *** lwcond created [media.m] (lwmutex_addr=0x30114268): id = 48
HLE: W PPU[1] Thread (CPUThread)[0x007b47fc]sys_rwlock warning: sys_rwlock_create(rw_lock_id_addr=0x3011460c, attr_addr=0xd0010830)
HLE: W PPU[1] Thread (CPUThread)[0x007b47fc]sys_rwlock warning: TODO: SYS_SYNC_PRIORITY attr
HLE: W PPU[1] Thread (CPUThread)[0x007b47fc]sys_rwlock warning: *** rwlock created [] (protocol=0x2): id = 49
HLE: W PPU[1] Thread (CPUThread)[0x00fe0058]sys_lwmutex warning: *** lwmutex created [media.m] (attribute=0x12): sq_id = 50
HLE: W PPU[1] Thread (CPUThread)[0x007b47fc]sys_rwlock warning: sys_rwlock_create(rw_lock_id_addr=0x301146c4, attr_addr=0xd0010820)
HLE: W PPU[1] Thread (CPUThread)[0x007b47fc]sys_rwlock warning: TODO: SYS_SYNC_PRIORITY attr
HLE: W PPU[1] Thread (CPUThread)[0x007b47fc]sys_rwlock warning: *** rwlock created [] (protocol=0x2): id = 51
HLE: W PPU[1] Thread (CPUThread)[0x007b47fc]sys_rwlock warning: sys_rwlock_create(rw_lock_id_addr=0x30114f5c, attr_addr=0xd0010820)
HLE: W PPU[1] Thread (CPUThread)[0x007b47fc]sys_rwlock warning: TODO: SYS_SYNC_PRIORITY attr
HLE: W PPU[1] Thread (CPUThread)[0x007b47fc]sys_rwlock warning: *** rwlock created [] (protocol=0x2): id = 52
HLE: E PPU[1] Thread (CPUThread)[0x00fda010]cellSpurs error: Unimplemented function: _cellSpursTasksetAttributeInitialize
HLE: E PPU[1] Thread (CPUThread)[0x00fda070]cellSpurs error: Unimplemented function: cellSpursTasksetAttributeSetName
HLE: E PPU[1] Thread (CPUThread)[0x00fda0dc]cellSpurs error: Unimplemented function: cellSpursCreateTasksetWithAttribute
HLE: W PPU[1] Thread (CPUThread)[0x00fda064]cellSpurs warning: _cellSpursEventFlagInitialize(spurs_addr=0x30101980, taskset_addr=0x0, eventFlag_addr=0x30117a80, flagClearMode=0, flagDirection=1)
HLE: E PPU[1] Thread (CPUThread)[0x00fda088]cellSpurs error: cellSpursEventFlagAttachLv2EventQueue(eventFlag_addr=0x30117a80)
HLE: E PPU[1] Thread (CPUThread)[0x00fda004]cellSpurs error: Unimplemented function: _cellSpursLFQueueInitialize
HLE: E PPU[1] Thread (CPUThread)[0x00fda01c]cellSpurs error: Unimplemented function: cellSpursLFQueueAttachLv2EventQueue
HLE: E PPU[1] Thread (CPUThread)[0x00fda0d0]cellSpurs error: cellSpursCreateTask(taskset_addr=0x30116180, taskID_addr=0xd00105e0, elf_addr_addr=0xe40280, context_addr_addr=0x30115180, context_size=3072, lsPattern_addr=0xe338c8, argument_addr=0xd00105e8)
HLE: W PPU[1] Thread (CPUThread)[0x00fe0058]sys_lwmutex warning: *** lwmutex created [media.m] (attribute=0x12): sq_id = 53
HLE: W PPU[1] Thread (CPUThread)[0x007b47fc]sys_rwlock warning: sys_rwlock_create(rw_lock_id_addr=0x301180b4, attr_addr=0xd0010800)
HLE: W PPU[1] Thread (CPUThread)[0x007b47fc]sys_rwlock warning: TODO: SYS_SYNC_PRIORITY attr
HLE: W PPU[1] Thread (CPUThread)[0x007b47fc]sys_rwlock warning: *** rwlock created [] (protocol=0x2): id = 54
HLE: W PPU[1] Thread (CPUThread)[0x00fe0058]sys_lwmutex warning: *** lwmutex created [dearchi] (attribute=0x12): sq_id = 55
HLE: W PPU[1] Thread (CPUThread)[0x00fe0058]sys_lwmutex warning: *** lwmutex created [dearchi] (attribute=0x12): sq_id = 56
HLE: W PPU[1] Thread (CPUThread)[0x00fe0058]sys_lwmutex warning: *** lwmutex created [dearchi] (attribute=0x12): sq_id = 57
HLE: W PPU[1] Thread (CPUThread)[0x00fe0058]sys_lwmutex warning: *** lwmutex created [dearchi] (attribute=0x12): sq_id = 58
HLE: W PPU[1] Thread (CPUThread)[0x00fe00f4]sys_lwcond warning: Recursive lwmutex(sq=58)
HLE: W PPU[1] Thread (CPUThread)[0x00fe00f4]sys_lwcond warning: *** lwcond created [dearchi] (lwmutex_addr=0x301181b8): id = 59
HLE: W PPU[1] Thread (CPUThread)[0x00fe0058]sys_lwmutex warning: *** lwmutex created [dearchi] (attribute=0x12): sq_id = 60
HLE: W PPU[1] Thread (CPUThread)[0x00fe0058]sys_lwmutex warning: *** lwmutex created [schedul] (attribute=0x12): sq_id = 61
HLE: W PPU[1] Thread (CPUThread)[0x00fe0058]sys_lwmutex warning: *** lwmutex created [schedul] (attribute=0x12): sq_id = 62
HLE: W PPU[1] Thread (CPUThread)[0x007b47fc]sys_rwlock warning: sys_rwlock_create(rw_lock_id_addr=0x30118b9c, attr_addr=0xd0010720)
HLE: W PPU[1] Thread (CPUThread)[0x007b47fc]sys_rwlock warning: TODO: SYS_SYNC_PRIORITY attr
HLE: W PPU[1] Thread (CPUThread)[0x007b47fc]sys_rwlock warning: *** rwlock created [] (protocol=0x2): id = 63
HLE: W PPU[1] Thread (CPUThread)[0x00fe0058]sys_lwmutex warning: *** lwmutex created [schedul] (attribute=0x12): sq_id = 64
HLE: W PPU[1] Thread (CPUThread)[0x00fe0058]sys_lwmutex warning: *** lwmutex created [schedul] (attribute=0x12): sq_id = 65
HLE: W PPU[1] Thread (CPUThread)[0x00fe00f4]sys_lwcond warning: Recursive lwmutex(sq=65)
HLE: W PPU[1] Thread (CPUThread)[0x00fe00f4]sys_lwcond warning: *** lwcond created [schedul] (lwmutex_addr=0x30118c20): id = 66
HLE: W PPU[1] Thread (CPUThread)[0x00fe00f4]sys_lwcond warning: Recursive lwmutex(sq=65)
HLE: W PPU[1] Thread (CPUThread)[0x00fe00f4]sys_lwcond warning: *** lwcond created [schedul] (lwmutex_addr=0x30118c20): id = 67
HLE: W PPU[1] Thread (CPUThread)[0x00fe0058]sys_lwmutex warning: *** lwmutex created [schedul] (attribute=0x12): sq_id = 68
HLE: W PPU[1] Thread (CPUThread)[0x00fe0058]sys_lwmutex warning: *** lwmutex created [schedul] (attribute=0x12): sq_id = 69
HLE: W PPU[1] Thread (CPUThread)[0x00fe00f4]sys_lwcond warning: Recursive lwmutex(sq=69)
HLE: W PPU[1] Thread (CPUThread)[0x00fe00f4]sys_lwcond warning: *** lwcond created [fios wo] (lwmutex_addr=0x30118cc8): id = 70
HLE: W PPU[1] Thread (CPUThread)[0x00fe00f4]sys_lwcond warning: Recursive lwmutex(sq=69)
HLE: W PPU[1] Thread (CPUThread)[0x00fe00f4]sys_lwcond warning: *** lwcond created [fios wo] (lwmutex_addr=0x30118cc8): id = 71
HLE: W PPU[1] Thread (CPUThread)[0x00fe00f4]sys_lwcond warning: Recursive lwmutex(sq=69)
HLE: W PPU[1] Thread (CPUThread)[0x00fe00f4]sys_lwcond warning: *** lwcond created [fios wo] (lwmutex_addr=0x30118cc8): id = 72
PPU: ! PPU[1] Thread (CPUThread)[0x00fe0028]*** New PPU Thread [fios mediathread 2] (flags=0x1, entry=0xf00850): id = 73
PPU: ! PPU[1] Thread (CPUThread)[0x00fe0028]*** New PPU Thread [fios mediathread 3] (flags=0x1, entry=0xf00850): id = 74
PPU: ! PPU[1] Thread (CPUThread)[0x00fe0028]*** New PPU Thread [fios mediathread 4] (flags=0x1, entry=0xf00850): id = 75
PPU: ! PPU[1] Thread (CPUThread)[0x00fe0028]*** New PPU Thread [fios scheduler 1] (flags=0x1, entry=0xf00850): id = 76
HLE: W PPU[73] Thread (fios mediathread 2)[0x007c2b78]cellSysutil warning: cellSysutilGetSystemParamInt: CELL_SYSUTIL_SYSTEMPARAM_ID_TIMEZONE
HLE: W PPU[73] Thread (fios mediathread 2)[0x007c2b78]cellSysutil warning: cellSysutilGetSystemParamInt: CELL_SYSUTIL_SYSTEMPARAM_ID_SUMMERTIME
HLE: W PPU[73] Thread (fios mediathread 2)[0x007c47fc]cellSysutil warning: cellSysutilGetSystemParamInt: CELL_SYSUTIL_SYSTEMPARAM_ID_TIMEZONE
HLE: W PPU[73] Thread (fios mediathread 2)[0x007c47fc]cellSysutil warning: cellSysutilGetSystemParamInt: CELL_SYSUTIL_SYSTEMPARAM_ID_SUMMERTIME
HLE: W PPU[73] Thread (fios mediathread 2)[0x007c2b78]cellSysutil warning: cellSysutilGetSystemParamInt: CELL_SYSUTIL_SYSTEMPARAM_ID_TIMEZONE
HLE: W PPU[73] Thread (fios mediathread 2)[0x007c2b78]cellSysutil warning: cellSysutilGetSystemParamInt: CELL_SYSUTIL_SYSTEMPARAM_ID_SUMMERTIME
HLE: W PPU[73] Thread (fios mediathread 2)[0x007c47fc]cellSysutil warning: cellSysutilGetSystemParamInt: CELL_SYSUTIL_SYSTEMPARAM_ID_TIMEZONE
HLE: W PPU[73] Thread (fios mediathread 2)[0x007c47fc]cellSysutil warning: cellSysutilGetSystemParamInt: CELL_SYSUTIL_SYSTEMPARAM_ID_SUMMERTIME
HLE: W PPU[73] Thread (fios mediathread 2)[0x007c2b78]cellSysutil warning: cellSysutilGetSystemParamInt: CELL_SYSUTIL_SYSTEMPARAM_ID_TIMEZONE
HLE: W PPU[73] Thread (fios mediathread 2)[0x007c2b78]cellSysutil warning: cellSysutilGetSystemParamInt: CELL_SYSUTIL_SYSTEMPARAM_ID_SUMMERTIME
HLE: W PPU[73] Thread (fios mediathread 2)[0x007c47fc]cellSysutil warning: cellSysutilGetSystemParamInt: CELL_SYSUTIL_SYSTEMPARAM_ID_TIMEZONE
HLE: W PPU[73] Thread (fios mediathread 2)[0x007c47fc]cellSysutil warning: cellSysutilGetSystemParamInt: CELL_SYSUTIL_SYSTEMPARAM_ID_SUMMERTIME
HLE: W PPU[73] Thread (fios mediathread 2)[0x00e5d034]"/dev_hdd0/game/NPEB01893/USRDIR/data.arc" opened: fd = 77
HLE: W PPU[73] Thread (fios mediathread 2)[0x007c2b78]cellSysutil warning: cellSysutilGetSystemParamInt: CELL_SYSUTIL_SYSTEMPARAM_ID_TIMEZONE
HLE: W PPU[73] Thread (fios mediathread 2)[0x007c2b78]cellSysutil warning: cellSysutilGetSystemParamInt: CELL_SYSUTIL_SYSTEMPARAM_ID_SUMMERTIME
HLE: W PPU[73] Thread (fios mediathread 2)[0x007c47fc]cellSysutil warning: cellSysutilGetSystemParamInt: CELL_SYSUTIL_SYSTEMPARAM_ID_TIMEZONE
HLE: W PPU[73] Thread (fios mediathread 2)[0x007c47fc]cellSysutil warning: cellSysutilGetSystemParamInt: CELL_SYSUTIL_SYSTEMPARAM_ID_SUMMERTIME
HLE: W PPU[73] Thread (fios mediathread 2)[0x007c2b78]cellSysutil warning: cellSysutilGetSystemParamInt: CELL_SYSUTIL_SYSTEMPARAM_ID_TIMEZONE
HLE: W PPU[73] Thread (fios mediathread 2)[0x007c2b78]cellSysutil warning: cellSysutilGetSystemParamInt: CELL_SYSUTIL_SYSTEMPARAM_ID_SUMMERTIME
HLE: W PPU[73] Thread (fios mediathread 2)[0x007c47fc]cellSysutil warning: cellSysutilGetSystemParamInt: CELL_SYSUTIL_SYSTEMPARAM_ID_TIMEZONE
HLE: W PPU[73] Thread (fios mediathread 2)[0x007c47fc]cellSysutil warning: cellSysutilGetSystemParamInt: CELL_SYSUTIL_SYSTEMPARAM_ID_SUMMERTIME
HLE: W PPU[73] Thread (fios mediathread 2)[0x007c2b78]cellSysutil warning: cellSysutilGetSystemParamInt: CELL_SYSUTIL_SYSTEMPARAM_ID_TIMEZONE
HLE: W PPU[73] Thread (fios mediathread 2)[0x007c2b78]cellSysutil warning: cellSysutilGetSystemParamInt: CELL_SYSUTIL_SYSTEMPARAM_ID_SUMMERTIME
HLE: W PPU[73] Thread (fios mediathread 2)[0x007c47fc]cellSysutil warning: cellSysutilGetSystemParamInt: CELL_SYSUTIL_SYSTEMPARAM_ID_TIMEZONE
HLE: W PPU[73] Thread (fios mediathread 2)[0x007c47fc]cellSysutil warning: cellSysutilGetSystemParamInt: CELL_SYSUTIL_SYSTEMPARAM_ID_SUMMERTIME
HLE: W PPU[73] Thread (fios mediathread 2)[0x007c2b78]cellSysutil warning: cellSysutilGetSystemParamInt: CELL_SYSUTIL_SYSTEMPARAM_ID_TIMEZONE
HLE: W PPU[73] Thread (fios mediathread 2)[0x007c2b78]cellSysutil warning: cellSysutilGetSystemParamInt: CELL_SYSUTIL_SYSTEMPARAM_ID_SUMMERTIME
HLE: W PPU[73] Thread (fios mediathread 2)[0x007c47fc]cellSysutil warning: cellSysutilGetSystemParamInt: CELL_SYSUTIL_SYSTEMPARAM_ID_TIMEZONE
HLE: W PPU[73] Thread (fios mediathread 2)[0x007c47fc]cellSysutil warning: cellSysutilGetSystemParamInt: CELL_SYSUTIL_SYSTEMPARAM_ID_SUMMERTIME
HLE: W PPU[73] Thread (fios mediathread 2)[0x007c2b78]cellSysutil warning: cellSysutilGetSystemParamInt: CELL_SYSUTIL_SYSTEMPARAM_ID_TIMEZONE
HLE: W PPU[73] Thread (fios mediathread 2)[0x007c2b78]cellSysutil warning: cellSysutilGetSystemParamInt: CELL_SYSUTIL_SYSTEMPARAM_ID_SUMMERTIME
HLE: W PPU[73] Thread (fios mediathread 2)[0x007c47fc]cellSysutil warning: cellSysutilGetSystemParamInt: CELL_SYSUTIL_SYSTEMPARAM_ID_TIMEZONE
HLE: W PPU[73] Thread (fios mediathread 2)[0x007c47fc]cellSysutil warning: cellSysutilGetSystemParamInt: CELL_SYSUTIL_SYSTEMPARAM_ID_SUMMERTIME
HLE: W PPU[73] Thread (fios mediathread 2)[0x007c2b78]cellSysutil warning: cellSysutilGetSystemParamInt: CELL_SYSUTIL_SYSTEMPARAM_ID_TIMEZONE
HLE: W PPU[73] Thread (fios mediathread 2)[0x007c2b78]cellSysutil warning: cellSysutilGetSystemParamInt: CELL_SYSUTIL_SYSTEMPARAM_ID_SUMMERTIME
HLE: W PPU[73] Thread (fios mediathread 2)[0x007c47fc]cellSysutil warning: cellSysutilGetSystemParamInt: CELL_SYSUTIL_SYSTEMPARAM_ID_TIMEZONE
HLE: W PPU[73] Thread (fios mediathread 2)[0x007c47fc]cellSysutil warning: cellSysutilGetSystemParamInt: CELL_SYSUTIL_SYSTEMPARAM_ID_SUMMERTIME
HLE: W PPU[1] Thread (CPUThread)[0x00fe0058]sys_lwmutex warning: *** lwmutex created [] (attribute=0x12): sq_id = 78
HLE: W PPU[1] Thread (CPUThread)[0x00fc4010]cellSysmodule warning: cellSysmoduleLoadModule(CELL_SYSMODULE_RTC)
HLE: W PPU[73] Thread (fios mediathread 2)[0x00e5d040]sys_fs warning: cellFsStat: "/dev_hdd0/game/NPEB01893/USRDIR/Content_PS3/Other Textures/ICON0.PNG" not found.
HLE: W PPU[73] Thread (fios mediathread 2)[0x00e5d040]sys_fs warning: cellFsStat: "/dev_hdd0/game/NPEB01893/USRDIR/Content_PS3/Other Textures/ICON0.PNG" not found.
HLE: W PPU[73] Thread (fios mediathread 2)[0x00e5d040]sys_fs warning: cellFsStat: "/dev_hdd0/game/NPEB01893/USRDIR/Content_PS3/Other Textures/ICON0.PNG" not found.
HLE: W PPU[1] Thread (CPUThread)[0x00e5d058]sys_fs warning: cellFsAioInit(mount_point_addr=0x30103ca0 (/dev_hdd0/game/NPEB01893/USRDIR))
HLE: W PPU[1] Thread (CPUThread)[0x00fe0058]sys_lwmutex warning: *** lwmutex created [_lc_mtx] (attribute=0x12): sq_id = 79
HLE: E PPU[1] Thread (CPUThread)[0x007cce80]sys_fs error: "game00.dat" not found! flags: 0x00000000
HLE: E PPU[1] Thread (CPUThread)[0x007cce80]sys_fs error: "game.dat" not found! flags: 0x00000000
HLE: W PPU[1] Thread (CPUThread)[0x00fe00e8]sys_lwmutex warning: sys_lwmutex_destroy(lwmutex_addr=0x301ad450)
HLE: W PPU[1] Thread (CPUThread)[0x00fe0058]sys_lwmutex warning: *** lwmutex created [_lc_mtx] (attribute=0x12): sq_id = 80
HLE: E PPU[1] Thread (CPUThread)[0x007cce80]sys_fs error: "game01.dat" not found! flags: 0x00000000
HLE: W PPU[1] Thread (CPUThread)[0x00fe00e8]sys_lwmutex warning: sys_lwmutex_destroy(lwmutex_addr=0x301ad450)
HLE: W PPU[1] Thread (CPUThread)[0x00fe0058]sys_lwmutex warning: *** lwmutex created [_lc_mtx] (attribute=0x12): sq_id = 81
HLE: E PPU[1] Thread (CPUThread)[0x007cce80]sys_fs error: "game02.dat" not found! flags: 0x00000000
HLE: W PPU[1] Thread (CPUThread)[0x00fe00e8]sys_lwmutex warning: sys_lwmutex_destroy(lwmutex_addr=0x301ad450)
HLE: W PPU[1] Thread (CPUThread)[0x00fe0058]sys_lwmutex warning: *** lwmutex created [_lc_mtx] (attribute=0x12): sq_id = 82
HLE: E PPU[1] Thread (CPUThread)[0x007cce80]sys_fs error: "game03.dat" not found! flags: 0x00000000
HLE: W PPU[1] Thread (CPUThread)[0x00fe00e8]sys_lwmutex warning: sys_lwmutex_destroy(lwmutex_addr=0x301ad450)
HLE: W PPU[1] Thread (CPUThread)[0x00fe0058]sys_lwmutex warning: *** lwmutex created [_lc_mtx] (attribute=0x12): sq_id = 83
HLE: E PPU[1] Thread (CPUThread)[0x007cce80]sys_fs error: "game04.dat" not found! flags: 0x00000000
HLE: W PPU[1] Thread (CPUThread)[0x00fe00e8]sys_lwmutex warning: sys_lwmutex_destroy(lwmutex_addr=0x301ad450)
HLE: W PPU[1] Thread (CPUThread)[0x00fe0058]sys_lwmutex warning: *** lwmutex created [_lc_mtx] (attribute=0x12): sq_id = 84
HLE: E PPU[1] Thread (CPUThread)[0x007cce80]sys_fs error: "game05.dat" not found! flags: 0x00000000
HLE: W PPU[1] Thread (CPUThread)[0x00fe00e8]sys_lwmutex warning: sys_lwmutex_destroy(lwmutex_addr=0x301ad450)
HLE: W PPU[1] Thread (CPUThread)[0x00fe0058]sys_lwmutex warning: *** lwmutex created [_lc_mtx] (attribute=0x12): sq_id = 85
HLE: E PPU[1] Thread (CPUThread)[0x007cce80]sys_fs error: "game06.dat" not found! flags: 0x00000000
HLE: W PPU[1] Thread (CPUThread)[0x00fe00e8]sys_lwmutex warning: sys_lwmutex_destroy(lwmutex_addr=0x301ad450)
HLE: W PPU[1] Thread (CPUThread)[0x00fe0058]sys_lwmutex warning: *** lwmutex created [_lc_mtx] (attribute=0x12): sq_id = 86
HLE: E PPU[1] Thread (CPUThread)[0x007cce80]sys_fs error: "game07.dat" not found! flags: 0x00000000
HLE: W PPU[1] Thread (CPUThread)[0x00fe00e8]sys_lwmutex warning: sys_lwmutex_destroy(lwmutex_addr=0x301ad450)
HLE: W PPU[1] Thread (CPUThread)[0x00fe0058]sys_lwmutex warning: *** lwmutex created [_lc_mtx] (attribute=0x12): sq_id = 87
HLE: E PPU[1] Thread (CPUThread)[0x007cce80]sys_fs error: "game08.dat" not found! flags: 0x00000000
HLE: W PPU[1] Thread (CPUThread)[0x00fe00e8]sys_lwmutex warning: sys_lwmutex_destroy(lwmutex_addr=0x301ad450)
HLE: W PPU[1] Thread (CPUThread)[0x00fe0058]sys_lwmutex warning: *** lwmutex created [_lc_mtx] (attribute=0x12): sq_id = 88
HLE: E PPU[1] Thread (CPUThread)[0x007cce80]sys_fs error: "game09.dat" not found! flags: 0x00000000
HLE: W PPU[1] Thread (CPUThread)[0x00fe00e8]sys_lwmutex warning: sys_lwmutex_destroy(lwmutex_addr=0x301ad450)
HLE: W PPU[1] Thread (CPUThread)[0x00fe0058]sys_lwmutex warning: *** lwmutex created [_lc_mtx] (attribute=0x12): sq_id = 89
HLE: E PPU[1] Thread (CPUThread)[0x007cce80]sys_fs error: "game10.dat" not found! flags: 0x00000000
HLE: W PPU[1] Thread (CPUThread)[0x00fe00e8]sys_lwmutex warning: sys_lwmutex_destroy(lwmutex_addr=0x301ad450)
HLE: W PPU[1] Thread (CPUThread)[0x00fe0058]sys_lwmutex warning: *** lwmutex created [_lc_mtx] (attribute=0x12): sq_id = 90
HLE: E PPU[1] Thread (CPUThread)[0x007cce80]sys_fs error: "game11.dat" not found! flags: 0x00000000
HLE: W PPU[1] Thread (CPUThread)[0x00fe00e8]sys_lwmutex warning: sys_lwmutex_destroy(lwmutex_addr=0x301ad450)
HLE: W PPU[1] Thread (CPUThread)[0x00fe0058]sys_lwmutex warning: *** lwmutex created [_lc_mtx] (attribute=0x12): sq_id = 91
HLE: E PPU[1] Thread (CPUThread)[0x007cce80]sys_fs error: "game12.dat" not found! flags: 0x00000000
HLE: W PPU[1] Thread (CPUThread)[0x00fe00e8]sys_lwmutex warning: sys_lwmutex_destroy(lwmutex_addr=0x301ad450)
HLE: W PPU[1] Thread (CPUThread)[0x00fe0058]sys_lwmutex warning: *** lwmutex created [_lc_mtx] (attribute=0x12): sq_id = 92
HLE: E PPU[1] Thread (CPUThread)[0x007cce80]sys_fs error: "game13.dat" not found! flags: 0x00000000
HLE: W PPU[1] Thread (CPUThread)[0x00fe00e8]sys_lwmutex warning: sys_lwmutex_destroy(lwmutex_addr=0x301ad450)
HLE: W PPU[1] Thread (CPUThread)[0x00fe0058]sys_lwmutex warning: *** lwmutex created [_lc_mtx] (attribute=0x12): sq_id = 93
HLE: E PPU[1] Thread (CPUThread)[0x007cce80]sys_fs error: "game14.dat" not found! flags: 0x00000000
HLE: W PPU[1] Thread (CPUThread)[0x00fe00e8]sys_lwmutex warning: sys_lwmutex_destroy(lwmutex_addr=0x301ad450)
HLE: W PPU[1] Thread (CPUThread)[0x00fe0058]sys_lwmutex warning: *** lwmutex created [_lc_mtx] (attribute=0x12): sq_id = 94
HLE: E PPU[1] Thread (CPUThread)[0x007cce80]sys_fs error: "game15.dat" not found! flags: 0x00000000
HLE: W PPU[1] Thread (CPUThread)[0x00fe00e8]sys_lwmutex warning: sys_lwmutex_destroy(lwmutex_addr=0x301ad450)
HLE: W PPU[1] Thread (CPUThread)[0x00fe0058]sys_lwmutex warning: *** lwmutex created [] (attribute=0x12): sq_id = 95
HLE: W PPU[1] Thread (CPUThread)[0x00fe0058]sys_lwmutex warning: *** lwmutex created [] (attribute=0x12): sq_id = 96
HLE: W PPU[1] Thread (CPUThread)[0x00fe0058]sys_lwmutex warning: *** lwmutex created [] (attribute=0x12): sq_id = 97
HLE: W PPU[1] Thread (CPUThread)[0x00fc4010]cellSysmodule warning: cellSysmoduleLoadModule(CELL_SYSMODULE_RESC)
HLE: W PPU[1] Thread (CPUThread)[0x00fc4010]cellSysmodule warning: cellSysmoduleLoadModule(CELL_SYSMODULE_AVCONF_EXT)
HLE: W PPU[1] Thread (CPUThread)[0x00fc4010]cellSysmodule warning: cellSysmoduleLoadModule(CELL_SYSMODULE_GCM_SYS)
HLE: W PPU[1] Thread (CPUThread)[0x00fd8010]cellGcmSys warning: cellGcmInit(context_addr=0xf3dbf8,cmdSize=0x3ff000,ioSize=0x400000,ioAddress=0x30200000)
HLE: W PPU[1] Thread (CPUThread)[0x00fd8010]cellGcmSys warning: *** local memory(addr=0xc0000000, size=0xf900000)
HLE: W PPU[1] Thread (CPUThread)[0x00fd8010]cellGcmSys warning: cellGcmInit(): 256MB io address space used
HLE: W PPU[1] Thread (CPUThread)[0x00fd8010]cellGcmSys warning: cellGcmMapEaIoAddress(ea=0x30200000, io=0x0, size=0x400000)
RSX: ! RSXThreadRSX thread started
HLE: W PPU[1] Thread (CPUThread)[0x00fd8004]cellGcmSys warning: cellGcmGetTiledPitchSize(size=5120)
HLE: W PPU[1] Thread (CPUThread)[0x00fd8004]cellGcmSys warning: cellGcmGetTiledPitchSize(size=5120)
HLE: W PPU[1] Thread (CPUThread)[0x00fc6010]cellSysutil warning: cellVideoOutConfigure(videoOut=0, config_addr=0xd0010b90, option_addr=0x0, waitForEvent=0x0)
HLE: W PPU[1] Thread (CPUThread)[0x00fe0058]sys_lwmutex warning: *** lwmutex created [] (attribute=0x12): sq_id = 98
HLE: W PPU[1] Thread (CPUThread)[0x00fd8094]cellGcmSys warning: cellGcmMapMainMemory(ea=0x30700000,size=0x700000,offset_addr=0x30143750)
HLE: W PPU[1] Thread (CPUThread)[0x00fd8004]cellGcmSys warning: cellGcmGetTiledPitchSize(size=5120)
HLE: W PPU[1] Thread (CPUThread)[0x00fd80c4]cellGcmSys warning: cellGcmSetTileInfo(index=0, location=0, offset=0, size=3801088, pitch=5120, comp=7, base=0, bank=0)
HLE: E PPU[1] Thread (CPUThread)[0x00fd80c4]cellGcmSys error: cellGcmSetTileInfo: bad compression mode! (7)
HLE: W PPU[1] Thread (CPUThread)[0x00fd8040]cellGcmSys warning: cellGcmBindTile(index=0)
HLE: W PPU[1] Thread (CPUThread)[0x00fd8004]cellGcmSys warning: cellGcmGetTiledPitchSize(size=5120)
HLE: W PPU[1] Thread (CPUThread)[0x00fd80c4]cellGcmSys warning: cellGcmSetTileInfo(index=1, location=0, offset=3801088, size=3801088, pitch=5120, comp=7, base=58, bank=0)
HLE: E PPU[1] Thread (CPUThread)[0x00fd80c4]cellGcmSys error: cellGcmSetTileInfo: bad compression mode! (7)
HLE: W PPU[1] Thread (CPUThread)[0x00fd8040]cellGcmSys warning: cellGcmBindTile(index=1)
HLE: W PPU[1] Thread (CPUThread)[0x00fd80c4]cellGcmSys warning: cellGcmSetTileInfo(index=2, location=0, offset=7602176, size=3932160, pitch=5120, comp=9, base=116, bank=3)
HLE: E PPU[1] Thread (CPUThread)[0x00fd80c4]cellGcmSys error: cellGcmSetTileInfo: bad compression mode! (9)
HLE: W PPU[1] Thread (CPUThread)[0x00fd8040]cellGcmSys warning: cellGcmBindTile(index=2)
HLE: W PPU[1] Thread (CPUThread)[0x00fd80dc]cellGcmSys warning: cellGcmGetZcullInfo()
HLE: W PPU[1] Thread (CPUThread)[0x00fd8088]cellGcmSys warning: cellGcmBindZcull(index=0)
HLE: W PPU[1] Thread (CPUThread)[0x00fcc064]cellResc warning: cellRescInit(initConfig_addr=0xd0010a84)
HLE: W PPU[1] Thread (CPUThread)[0x00fcc064]cellGcmSys warning: cellGcmGetTiledPitchSize(size=2880)
HLE: W PPU[1] Thread (CPUThread)[0x00fcc064]cellGcmSys warning: cellGcmGetTiledPitchSize(size=2880)
HLE: W PPU[1] Thread (CPUThread)[0x00fcc064]cellGcmSys warning: cellGcmGetTiledPitchSize(size=5120)
HLE: W PPU[1] Thread (CPUThread)[0x00fcc064]cellGcmSys warning: cellGcmGetTiledPitchSize(size=7680)
HLE: W PPU[1] Thread (CPUThread)[0x00fcc034]cellResc warning: cellRescSetDisplayMode(displayMode=4)
HLE: W PPU[1] Thread (CPUThread)[0x00fcc034]cellSysutil warning: cellVideoOutConfigure(videoOut=0, config_addr=0x30017000, option_addr=0x0, waitForEvent=0x0)
HLE: W PPU[1] Thread (CPUThread)[0x00fcc034]cellGcmSys warning: cellGcmSetFlipMode(mode=2)
HLE: W PPU[1] Thread (CPUThread)[0x00fcc070]cellResc warning: cellRescGetBufferSize(colorBuffers_addr=0xd0010a74, vertexArray_addr=0xd0010a78, fragmentShader_addr=0xd0010a7c)
HLE: W PPU[1] Thread (CPUThread)[0x00fcc088]cellResc warning: cellRescSetBufferAddress(colorBuffers_addr=0xc0b00000, vertexArray_addr=0xc1c00000, fragmentShader_addr=0xc1c00180)
HLE: W PPU[1] Thread (CPUThread)[0x00fd80c4]cellGcmSys warning: cellGcmSetTileInfo(index=14, location=0, offset=11534336, size=17825792, pitch=5120, comp=7, base=176, bank=0)
HLE: E PPU[1] Thread (CPUThread)[0x00fd80c4]cellGcmSys error: cellGcmSetTileInfo: bad compression mode! (7)
HLE: W PPU[1] Thread (CPUThread)[0x00fd8040]cellGcmSys warning: cellGcmBindTile(index=14)
HLE: W PPU[1] Thread (CPUThread)[0x00fcc0a0]cellResc warning: cellRescCreateInterlaceTable(ea=0xc1c00480, depth = 1, length = 128)
