HLE: ! path: /dev_hdd0/game/
LDR: ! Loading 'D:\Emulateurs\Rpcs3\dev_hdd0\game\NPEB00527/USRDIR/BOOT.BIN'...
LDR: !  
LDR: ! Mount info:
LDR: ! /dev_hdd0/ -> D:\Emulateurs\Rpcs3/dev_hdd0/
LDR: ! /dev_hdd1/ -> D:\Emulateurs\Rpcs3/dev_hdd1/
LDR: ! /dev_flash/ -> D:\Emulateurs\Rpcs3/dev_flash/
LDR: ! /dev_usb000/ -> D:\Emulateurs\Rpcs3/dev_usb000/
LDR: ! /dev_usb/ -> D:\Emulateurs\Rpcs3/dev_usb000/
LDR: ! /app_home/ -> D:\Emulateurs\Rpcs3\dev_hdd0\game\NPEB00527/
LDR: ! /dev_bdvd/ -> D:\Emulateurs\Rpcs3\dev_hdd0\game\NPEB00527//../
LDR: ! /host_root/ -> 
LDR: ! / -> D:\Emulateurs\Rpcs3\dev_hdd0\game\NPEB00527//USRDIR/
LDR: ! /app_home/PS3_GAME/USRDIR/ -> D:\Emulateurs\Rpcs3\dev_hdd0\game\NPEB00527//USRDIR/
LDR: ! /dev_flash2/ -> D:\Emulateurs\Rpcs3/dev_flash2/
LDR: ! /app_home/Game/PS3_GAME/USRDIR/ -> D:\Emulateurs\Rpcs3\dev_hdd0\game\NPEB00527//USRDIR/
LDR: !  
MEM: ! Initing memory...
MEM: ! Memory initialized.
LDR: W Unimplemented function 'cellFsAioCancel' in 'sys_fs' module
LDR: W Unimplemented function 'cellFsChmod' in 'sys_fs' module
LDR: W Unimplemented function 'cellFsUtime' in 'sys_fs' module
LDR: W Unknown module 'cellSysutilAvconfExt'
LDR: W Unimplemented function 'getsockname' in 'sys_net' module
LDR: W Unimplemented function 'socketselect' in 'sys_net' module
LDR: W Unimplemented function 'getsockopt' in 'sys_net' module
LDR: W Unimplemented function 'gethostbyname' in 'sys_net' module
LDR: W Unimplemented function 'inet_ntoa' in 'sys_net' module
LDR: W Unimplemented function 'gethostbyaddr' in 'sys_net' module
HLE: W PPU[1] Thread (CPUThread)[0x0053e034]sys_lwmutex warning: *** lwmutex created [_lc_mtx] (attribute=0x12): sq_id = 3
HLE: W PPU[1] Thread (CPUThread)[0x002d1038]memory warning: sys_memory_get_user_memory_size(mem_info_addr=0xd0010c04)
HLE: W PPU[1] Thread (CPUThread)[0x0053e034]sys_lwmutex warning: *** lwmutex created [_lc_mtx] (attribute=0x12): sq_id = 4
HLE: W PPU[1] Thread (CPUThread)[0x0053e034]sys_lwmutex warning: *** lwmutex created [_lc_mtx] (attribute=0x12): sq_id = 5
HLE: W PPU[1] Thread (CPUThread)[0x0053e034]sys_lwmutex warning: *** lwmutex created [_lc_mtx] (attribute=0x12): sq_id = 6
HLE: W PPU[1] Thread (CPUThread)[0x0053e034]sys_lwmutex warning: *** lwmutex created [_lc_mtx] (attribute=0x12): sq_id = 7
HLE: W PPU[1] Thread (CPUThread)[0x0053e034]sys_lwmutex warning: *** lwmutex created [_lc_mtx] (attribute=0x12): sq_id = 8
HLE: W PPU[1] Thread (CPUThread)[0x0053e034]sys_lwmutex warning: *** lwmutex created [_lc_mtx] (attribute=0x12): sq_id = 9
HLE: W PPU[1] Thread (CPUThread)[0x0053e034]sys_lwmutex warning: *** lwmutex created [_lc_mtx] (attribute=0x12): sq_id = 10
HLE: W PPU[1] Thread (CPUThread)[0x0053e034]sys_lwmutex warning: *** lwmutex created [_lc_mtx] (attribute=0x12): sq_id = 11
HLE: W PPU[1] Thread (CPUThread)[0x0053e034]sys_lwmutex warning: *** lwmutex created [_lc_mtx] (attribute=0x12): sq_id = 12
HLE: W PPU[1] Thread (CPUThread)[0x0053e034]sys_lwmutex warning: *** lwmutex created [] (attribute=0x12): sq_id = 13
HLE: W PPU[1] Thread (CPUThread)[0x0053e034]sys_lwmutex warning: *** lwmutex created [] (attribute=0x12): sq_id = 14
HLE: W PPU[1] Thread (CPUThread)[0x0053e034]sys_lwmutex warning: *** lwmutex created [] (attribute=0x12): sq_id = 15
TTY: 
TTY: [Loading Modutes - DEBUG_OUTPUT]
TTY: 
TTY: [Loading Modutes - DEBUG_OUTPUT]
HLE: W PPU[1] Thread (CPUThread)[0x007a5010]cellSysmodule warning: cellSysmoduleLoadModule(CELL_SYSMODULE_NET)
HLE: W PPU[1] Thread (CPUThread)[0x007a5010]cellSysmodule warning: cellSysmoduleLoadModule(CELL_SYSMODULE_HTTP)
HLE: W PPU[1] Thread (CPUThread)[0x007a5010]cellSysmodule warning: cellSysmoduleLoadModule(CELL_SYSMODULE_HTTP_UTIL)
HLE: W PPU[1] Thread (CPUThread)[0x007a5010]cellSysmodule warning: cellSysmoduleLoadModule(CELL_SYSMODULE_SSL)
HLE: W PPU[1] Thread (CPUThread)[0x007a5010]cellSysmodule warning: cellSysmoduleLoadModule(CELL_SYSMODULE_HTTPS)
HLE: W PPU[1] Thread (CPUThread)[0x007a5010]cellSysmodule warning: cellSysmoduleLoadModule(CELL_SYSMODULE_VDEC)
HLE: W PPU[1] Thread (CPUThread)[0x007a5010]cellSysmodule warning: cellSysmoduleLoadModule(CELL_SYSMODULE_ADEC)
HLE: W PPU[1] Thread (CPUThread)[0x007a5010]cellSysmodule warning: cellSysmoduleLoadModule(CELL_SYSMODULE_DMUX)
HLE: W PPU[1] Thread (CPUThread)[0x007a5010]cellSysmodule warning: cellSysmoduleLoadModule(CELL_SYSMODULE_VPOST)
HLE: W PPU[1] Thread (CPUThread)[0x007a5010]cellSysmodule warning: cellSysmoduleLoadModule(CELL_SYSMODULE_RTC)
HLE: W PPU[1] Thread (CPUThread)[0x007a5010]cellSysmodule warning: cellSysmoduleLoadModule(CELL_SYSMODULE_SPURS)
HLE: W PPU[1] Thread (CPUThread)[0x007a5010]cellSysmodule warning: cellSysmoduleLoadModule(CELL_SYSMODULE_OVIS)
HLE: W PPU[1] Thread (CPUThread)[0x007a5010]cellSysmodule warning: cellSysmoduleLoadModule(CELL_SYSMODULE_SHEAP)
HLE: W PPU[1] Thread (CPUThread)[0x007a5010]cellSysmodule warning: cellSysmoduleLoadModule(CELL_SYSMODULE_SYNC)
HLE: W PPU[1] Thread (CPUThread)[0x007a5010]cellSysmodule warning: cellSysmoduleLoadModule(CELL_SYSMODULE_FS)
HLE: W PPU[1] Thread (CPUThread)[0x007a5010]cellSysmodule warning: cellSysmoduleLoadModule(CELL_SYSMODULE_JPGDEC)
HLE: W PPU[1] Thread (CPUThread)[0x007a5010]cellSysmodule warning: cellSysmoduleLoadModule(CELL_SYSMODULE_GCM_SYS)
HLE: W PPU[1] Thread (CPUThread)[0x007a5010]cellSysmodule warning: cellSysmoduleLoadModule(CELL_SYSMODULE_GCM_SYS)
HLE: W PPU[1] Thread (CPUThread)[0x007a5010]cellSysmodule warning: cellSysmoduleLoadModule(CELL_SYSMODULE_AUDIO)
HLE: W PPU[1] Thread (CPUThread)[0x007a5010]cellSysmodule warning: cellSysmoduleLoadModule(CELL_SYSMODULE_PAMF)
HLE: W PPU[1] Thread (CPUThread)[0x007a5010]cellSysmodule warning: cellSysmoduleLoadModule(CELL_SYSMODULE_ATRAC3PLUS)
HLE: W PPU[1] Thread (CPUThread)[0x007a5010]cellSysmodule warning: cellSysmoduleLoadModule(CELL_SYSMODULE_NETCTL)
HLE: W PPU[1] Thread (CPUThread)[0x007a5010]cellSysmodule warning: cellSysmoduleLoadModule(CELL_SYSMODULE_SYSUTIL)
HLE: W PPU[1] Thread (CPUThread)[0x007a5010]cellSysmodule warning: cellSysmoduleLoadModule(CELL_SYSMODULE_SYSUTIL_NP)
HLE: W PPU[1] Thread (CPUThread)[0x007a5010]cellSysmodule warning: cellSysmoduleLoadModule(CELL_SYSMODULE_IO)
HLE: W PPU[1] Thread (CPUThread)[0x007a5010]cellSysmodule warning: cellSysmoduleLoadModule(CELL_SYSMODULE_PNGDEC)
HLE: W PPU[1] Thread (CPUThread)[0x007a5010]cellSysmodule warning: cellSysmoduleLoadModule(CELL_SYSMODULE_FONT)
HLE: W PPU[1] Thread (CPUThread)[0x007a5010]cellSysmodule warning: cellSysmoduleLoadModule(CELL_SYSMODULE_FONTFT)
HLE: W PPU[1] Thread (CPUThread)[0x007a5010]cellSysmodule warning: cellSysmoduleLoadModule(CELL_SYSMODULE_FREETYPE)
HLE: W PPU[1] Thread (CPUThread)[0x007a5010]cellSysmodule warning: cellSysmoduleLoadModule(CELL_SYSMODULE_USBD)
HLE: W PPU[1] Thread (CPUThread)[0x007a5010]cellSysmodule warning: cellSysmoduleLoadModule(CELL_SYSMODULE_SAIL)
HLE: W PPU[1] Thread (CPUThread)[0x007a5010]cellSysmodule warning: cellSysmoduleLoadModule(CELL_SYSMODULE_L10N)
HLE: W PPU[1] Thread (CPUThread)[0x007a5010]cellSysmodule warning: cellSysmoduleLoadModule(CELL_SYSMODULE_RESC)
HLE: W PPU[1] Thread (CPUThread)[0x007a5010]cellSysmodule warning: cellSysmoduleLoadModule(CELL_SYSMODULE_DAISY)
HLE: W PPU[1] Thread (CPUThread)[0x007a5010]cellSysmodule warning: cellSysmoduleLoadModule(CELL_SYSMODULE_SYSUTIL)
HLE: W PPU[1] Thread (CPUThread)[0x007a5010]cellSysmodule warning: cellSysmoduleLoadModule(CELL_SYSMODULE_SYSUTIL_GAME)
HLE: W PPU[1] Thread (CPUThread)[0x007a5010]cellSysmodule warning: cellSysmoduleLoadModule(CELL_SYSMODULE_SYSUTIL_USERINFO)
HLE: W PPU[1] Thread (CPUThread)[0x007a5010]cellSysmodule warning: cellSysmoduleLoadModule(CELL_SYSMODULE_SYSUTIL_SAVEDATA)
HLE: W PPU[1] Thread (CPUThread)[0x007a5010]cellSysmodule warning: cellSysmoduleLoadModule(CELL_SYSMODULE_SYSUTIL_GAME_EXEC)
HLE: W PPU[1] Thread (CPUThread)[0x007a5010]cellSysmodule warning: cellSysmoduleLoadModule(CELL_SYSMODULE_SYSUTIL_NP2)
HLE: W PPU[1] Thread (CPUThread)[0x007a5010]cellSysmodule warning: cellSysmoduleLoadModule(CELL_SYSMODULE_SYSUTIL_NP_TROPHY)
HLE: W PPU[1] Thread (CPUThread)[0x007a5010]cellSysmodule warning: cellSysmoduleLoadModule(CELL_SYSMODULE_AVCONF_EXT)
TTY: arg[0] = 
HLE: W PPU[1] Thread (CPUThread)[0x0001c204]memory warning: sys_memory_get_user_memory_size(mem_info_addr=0xd0010aa0)
HLE: W PPU[1] Thread (CPUThread)[0x0053e034]sys_lwmutex warning: *** lwmutex created [] (attribute=0x12): sq_id = 16
HLE: W PPU[1] Thread (CPUThread)[0x007a1034]cellSysutil warning: cellSysutilGetSystemParamInt: CELL_SYSUTIL_SYSTEMPARAM_ID_LANG
PPU: ! PPU[1] Thread (CPUThread)[0x0053e01c]*** New PPU Thread [Certification Thread] (flags=0x1, entry=0x58b290): id = 17
TTY: 
TTY: [Loading Saved Game Files]
HLE: W PPU[1] Thread (CPUThread)[0x007b5010]cellGame warning: cellGameBootCheck(type_addr=0xd000f610, attributes_addr=0xd000f614, size_addr=0xd000f618, dirName_addr=0xd000f628)
HLE: W PPU[1] Thread (CPUThread)[0x007b5004]cellGame warning: cellGameContentPermit(contentInfoPath_addr=0x5ec760, usrdirPath_addr=0x5ec7e0)
TTY: [PS3CertificationTool] --- Thread #17 is starting!
HLE: W PPU[17] Thread (Certification Thread)[0x007a1070]cellSysutil warning: cellSysutilRegisterCallback(slot=0, func_addr=0x564dc8, userdata=0x0)
HLE: W PPU[1] Thread (CPUThread)[0x0079f040]"/dev_hdd0/game/NPEB00527/USRDIR/Data_SC/System/SplinterCellUser_def.ixx" opened: fd = 18
HLE: W PPU[1] Thread (CPUThread)[0x0079f010]sys_fs warning: cellFsClose(fd=18)
HLE: W PPU[1] Thread (CPUThread)[0x0079f040]"/dev_hdd0/game/NPEB00527/USRDIR/Data_SC/System/SplinterCellUser_def.ixx" opened: fd = 19
HLE: W PPU[1] Thread (CPUThread)[0x0079f040]vfsLocalFile::Create('D:\Emulateurs\Rpcs3\dev_hdd0\game\NPEB00527\USRDIR\Data_SC\System\SplinterCellUser.ixx')
HLE: W PPU[1] Thread (CPUThread)[0x0079f040]"/dev_hdd0/game/NPEB00527/USRDIR/Data_SC/System/SplinterCellUser.ixx" opened: fd = 20
HLE: W PPU[1] Thread (CPUThread)[0x0079f010]sys_fs warning: cellFsClose(fd=20)
HLE: W PPU[1] Thread (CPUThread)[0x0079f010]sys_fs warning: cellFsClose(fd=19)
HLE: E PPU[1] Thread (CPUThread)[0x0079f040]sys_fs error: "/dev_hdd0/game/NPEB00527/USRDIR/Data_SC/System/USERINFO" not found! flags: 0x00000000
HLE: W PPU[1] Thread (CPUThread)[0x007a3004]cellUserInfo warning: cellUserInfoGetStat(id=0, stat_addr=0xd001088c)
PPU: ! PPU[1] Thread (CPUThread)[0x0053e01c]*** New PPU Thread [SaveInitThread] (flags=0x0, entry=0x563e00): id = 21
HLE: W PPU[21] Thread (SaveInitThread)[0x007a1034]cellSysutil warning: cellSysutilGetSystemParamInt: CELL_SYSUTIL_SYSTEMPARAM_ID_LANG
PPU: ! PPU[1] Thread (CPUThread)[0x0053e01c]*** New PPU Thread [RenderingThread] (flags=0x0, entry=0x5583e8): id = 22
TTY: 
TTY: 
PPU: ! PPU[1] Thread (CPUThread)[0x0053e01c]*** New PPU Thread [MAINTHREAD] (flags=0x1, entry=0x558468): id = 23
HLE: W PPU[1] Thread (CPUThread)[0x002d9758]sysPrxForUser warning: sys_ppu_thread_join(thread_id=23, vptr_addr=0xd0010cc0)
HLE: W PPU[21] Thread (SaveInitThread)[0x0079f04c]sys_fs warning: cellFsStat: "/dev_hdd0/game/NPEB00527/USRDIR/Data_SC/Save/USR-DATA" not found.
PPU: ! PPU[21] Thread (SaveInitThread)[0x0053e01c]*** New PPU Thread [Splinter_Cell_2_Load] (flags=0x0, entry=0x563de8): id = 24
HLE: W PPU[24] Thread (Splinter_Cell_2_Load)[0x007a10a0]cellSysutil warning: cellSaveDataAutoLoad2(version=0, dirName_addr=0xd0060da0, errDialog=0, setBuf=0xd0060dc0, funcList=0x563e68, funcStat=0x563dc8, funcFile=0xffffffff, container=2, userdata_addr=0x1d0cf71e)
HLE: W PPU[22] Thread (RenderingThread)[0x007a701c]cellGcmSys warning: cellGcmInit(context_addr=0x71b2e8,cmdSize=0x200000,ioSize=0x1800000,ioAddress=0x30200000)
HLE: W PPU[24] Thread (Splinter_Cell_2_Load)[0x007a10a0]cellSaveDataAutoLoad2: Couldn't find save entry (NPEB00527-SPLINTE)
HLE: E PPU[21] Thread (SaveInitThread)[0x0079f040]sys_fs error: "/dev_hdd0/game/NPEB00527/USRDIR/Data_SC/System/../saveBackUp" not found! flags: 0x00000000
HLE: W PPU[21] Thread (SaveInitThread)[0x0079f040]"/dev_hdd0/game/NPEB00527/USRDIR/Data_SC/Save/BIGSAVE" opened: fd = 25
HLE: W PPU[21] Thread (SaveInitThread)[0x0079f010]sys_fs warning: cellFsClose(fd=25)
HLE: W PPU[21] Thread (SaveInitThread)[0x007a1034]cellSysutil warning: cellSysutilGetSystemParamInt: CELL_SYSUTIL_SYSTEMPARAM_ID_LANG
HLE: W PPU[21] Thread (SaveInitThread)[0x0079f01c]sys_fs warning: cellFsOpendir(path="/dev_hdd0/game/NPEB00527/USRDIR/Data_SC/System/../Save/Default", fd_addr=0xd002ff70)
HLE: W PPU[21] Thread (SaveInitThread)[0x0079f01c]sys_fs warning: cellFsOpendir(path="/dev_hdd0/game/NPEB00527/USRDIR/Data_SC/System/../Save/Default", fd_addr=0xd002ff70)
HLE: W PPU[22] Thread (RenderingThread)[0x007a701c]cellGcmSys warning: *** local memory(addr=0xc0000000, size=0xf900000)
HLE: W PPU[22] Thread (RenderingThread)[0x007a701c]cellGcmSys warning: cellGcmInit(): 256MB io address space used
HLE: W PPU[22] Thread (RenderingThread)[0x007a701c]cellGcmSys warning: cellGcmMapEaIoAddress(ea=0x30200000, io=0x0, size=0x1800000)
