HLE: ! path: /dev_hdd0/game/
LDR: ! Loading 'D:\Emulateurs\Rpcs3\dev_hdd0\game\BCES00006-[MotorStorm]/PS3_GAME/USRDIR/BOOT.BIN'...
LDR: !  
LDR: ! Mount info:
LDR: ! /dev_hdd0/ -> D:\Emulateurs\Rpcs3/dev_hdd0/
LDR: ! /dev_hdd1/ -> D:\Emulateurs\Rpcs3/dev_hdd1/
LDR: ! /dev_flash/ -> D:\Emulateurs\Rpcs3/dev_flash/
LDR: ! /dev_usb000/ -> D:\Emulateurs\Rpcs3/dev_usb000/
LDR: ! /dev_usb/ -> D:\Emulateurs\Rpcs3/dev_usb000/
LDR: ! /app_home/ -> D:\Emulateurs\Rpcs3\dev_hdd0\game\BCES00006-[MotorStorm]/PS3_GAME/
LDR: ! /dev_bdvd/ -> D:\Emulateurs\Rpcs3\dev_hdd0\game\BCES00006-[MotorStorm]/PS3_GAME//../
LDR: ! /host_root/ -> 
LDR: ! /app_home/PS3_GAME/USRDIR/ -> D:\Emulateurs\Rpcs3\dev_hdd0\game\BCES00006-[MotorStorm]/PS3_GAME//USRDIR/
LDR: ! /dev_flash2/ -> D:\Emulateurs\Rpcs3/dev_flash2/
LDR: ! /app_home/Game/PS3_GAME/USRDIR/ -> D:\Emulateurs\Rpcs3\dev_hdd0\game\BCES00006-[MotorStorm]/PS3_GAME//USRDIR/
LDR: ! //dev_hdd0/ -> D:\Emulateurs\Rpcs3/dev_hdd0/
LDR: ! / -> D:\Emulateurs\Rpcs3\dev_hdd0\game\BCES00006-[MotorStorm]/PS3_GAME//USRDIR/
LDR: !  
MEM: ! Initing memory: m_base_addr = 0x4067110000
MEM: ! Memory initialized.
LDR: ! Function 'cellSurMixerGetAANHandle' hooked (addr=0xcc27e0)
LDR: ! Function 'cellSurMixerSetNotifyCallback' hooked (addr=0xcc2818)
LDR: ! Function 'cellSurMixerRemoveNotifyCallback' hooked (addr=0xcc28b0)
LDR: ! Function 'cellSurMixerSurBusAddData' hooked (addr=0xcc2948)
LDR: ! Function 'cellSurMixerGetCurrentBlockTag' hooked (addr=0xcc2a08)
LDR: ! Function 'cellSurMixerChStripGetAANPortNo' hooked (addr=0xcc32e8)
LDR: ! Function 'cellSurMixerBeep' hooked (addr=0xcc3328)
LDR: ! Function 'cellSurMixerChStripSetParameter' hooked (addr=0xcc3718)
LDR: ! Function 'cellSurMixerPause' hooked (addr=0xcc39c0)
LDR: ! Function 'cellSurMixerGetTimestamp' hooked (addr=0xcc4fe0)
LDR: ! Function 'cellSurMixerSetParameter' hooked (addr=0xcc5048)
LDR: ! Function 'cellSurMixerStart' hooked (addr=0xcc5118)
LDR: ! Function 'cellSurMixerFinalize' hooked (addr=0xcc5420)
LDR: ! Function 'cellSurMixerCreate' hooked (addr=0xcc54c0)
LDR: S Function group [surmixer] successfully hooked
LDR: W Unimplemented function 'cellSpursRequestIdleSpu' in 'cellSpurs' module
LDR: W Unimplemented function 'cellSpursWorkloadAttributeSetName' in 'cellSpurs' module
LDR: W Unimplemented function 'cellSpursRemoveWorkload' in 'cellSpurs' module
LDR: W Unimplemented function 'cellSpursWaitForWorkloadShutdown' in 'cellSpurs' module
LDR: W Unimplemented function 'cellSpursShutdownWorkload' in 'cellSpurs' module
LDR: W Unimplemented function 'cellSpursAddWorkloadWithAttribute' in 'cellSpurs' module
LDR: W Unimplemented function '_cellSpursWorkloadAttributeInitialize' in 'cellSpurs' module
LDR: W Unimplemented function 'cellSpursReadyCountStore' in 'cellSpurs' module
LDR: W Unimplemented function 'cellOskDialogUnloadAsync' in 'cellSysutil' module
LDR: W Unimplemented function 'cellOskDialogLoadAsync' in 'cellSysutil' module
LDR: W Unimplemented function 'cellSaveDataDelete2' in 'cellSysutil' module
LDR: W Unimplemented function 'cellMsgDialogOpen' in 'cellSysutil' module
LDR: W Unimplemented function 'cellOskDialogAbort' in 'cellSysutil' module
LDR: W Unimplemented function 'cellDiscGameGetBootDiscInfo' in 'cellSysutil' module
LDR: W Unimplemented function 'sceNpManagerGetTicket' in 'sceNp' module
LDR: W Unimplemented function 'sceNpBasicAddPlayersHistory' in 'sceNp' module
LDR: W Unimplemented function 'sceNpScoreWaitAsync' in 'sceNp' module
LDR: W Unimplemented function 'sceNpScoreGetRankingByRangeAsync' in 'sceNp' module
LDR: W Unimplemented function 'sceNpScoreDestroyTitleCtx' in 'sceNp' module
LDR: W Unimplemented function 'sceNpBasicAddFriend' in 'sceNp' module
LDR: W Unimplemented function 'sceNpScoreInit' in 'sceNp' module
LDR: W Unimplemented function 'sceNpScoreGetRankingByNpIdAsync' in 'sceNp' module
LDR: W Unimplemented function 'sceNpBasicSetPresence' in 'sceNp' module
LDR: W Unimplemented function 'sceNpBasicSendMessageAttachment' in 'sceNp' module
LDR: W Unimplemented function 'sceNpManagerUnregisterCallback' in 'sceNp' module
LDR: W Unimplemented function 'sceNpManagerGetContentRatingFlag' in 'sceNp' module
LDR: W Unimplemented function 'sceNpScoreCreateTransactionCtx' in 'sceNp' module
LDR: W Unimplemented function 'sceNpBasicGetBlockListEntryCount' in 'sceNp' module
LDR: W Unimplemented function 'sceNpManagerRequestTicket' in 'sceNp' module
LDR: W Unimplemented function 'sceNpScoreTerm' in 'sceNp' module
LDR: W Unimplemented function 'sceNpScorePollAsync' in 'sceNp' module
LDR: W Unimplemented function 'sceNpBasicUnregisterHandler' in 'sceNp' module
LDR: W Unimplemented function 'sceNpBasicRecvMessageAttachment' in 'sceNp' module
LDR: W Unimplemented function 'sceNpScoreCreateTitleCtx' in 'sceNp' module
LDR: W Unimplemented function 'sceNpBasicRegisterHandler' in 'sceNp' module
LDR: W Unimplemented function 'sceNpScoreDestroyTransactionCtx' in 'sceNp' module
LDR: W Unimplemented function 'sceNpUtilCmpNpId' in 'sceNp' module
LDR: W Unimplemented function 'sceNpScoreGetGameDataAsync' in 'sceNp' module
LDR: W Unimplemented function 'sceNpBasicGetEvent' in 'sceNp' module
LDR: W Unimplemented function 'sceNpManagerRegisterCallback' in 'sceNp' module
LDR: W Unimplemented function 'sceNpManagerGetChatRestrictionFlag' in 'sceNp' module
LDR: W Unimplemented function 'sceNpBasicSendMessage' in 'sceNp' module
LDR: W Unimplemented function 'sceNpScoreAbortTransaction' in 'sceNp' module
LDR: W Unimplemented function 'sceNpScoreRecordScoreAsync' in 'sceNp' module
LDR: W Unimplemented function 'sceNpBasicGetBlockListEntry' in 'sceNp' module
LDR: W Unimplemented function 'sceNpScoreRecordGameDataAsync' in 'sceNp' module
LDR: W Unimplemented function 'sceNpManagerGetNpId' in 'sceNp' module
LDR: W Unimplemented function 'socketpoll' in 'sys_net' module
LDR: W Unimplemented function 'getsockname' in 'sys_net' module
LDR: W Unimplemented function 'socketselect' in 'sys_net' module
LDR: W Unimplemented function 'getsockopt' in 'sys_net' module
LDR: W Unimplemented function 'gethostbyname' in 'sys_net' module
LDR: W Unimplemented function 'inet_ntoa' in 'sys_net' module
LDR: W Unimplemented function 'inet_aton' in 'sys_net' module
LDR: W Unimplemented function 'UCS2stoUTF8s' in 'cellL10n' module
LDR: W Unimplemented function 'UCS2toUTF8' in 'cellL10n' module
LDR: W Unimplemented function 'UTF8stoUCS2s' in 'cellL10n' module
LDR: W Unimplemented function 'cellMicRead' in 'cellMic' module
LDR: W Unimplemented function 'cellMicSetSignalAttr' in 'cellMic' module
LDR: W Unimplemented function 'cellMicSetNotifyEventQueue' in 'cellMic' module
LDR: W Unimplemented function 'cellMicInit' in 'cellMic' module
LDR: W Unimplemented function 'cellMicClose' in 'cellMic' module
LDR: W Unimplemented function 'cellMicEnd' in 'cellMic' module
LDR: W Unimplemented function 'cellMicOpen' in 'cellMic' module
LDR: W Unimplemented function 'cellMicStart' in 'cellMic' module
LDR: W Unimplemented function 'cellKey2CharClose' in 'cellKey2char' module
LDR: W Unimplemented function 'cellKey2CharGetChar' in 'cellKey2char' module
LDR: W Unimplemented function 'cellKey2CharOpen' in 'cellKey2char' module
LDR: W Unimplemented function 'cellKey2CharSetMode' in 'cellKey2char' module
LDR: W Unimplemented function '_sys_heap_free' in 'sysPrxForUser' module
LDR: W Unimplemented function '_sys_heap_delete_heap' in 'sysPrxForUser' module
HLE: W {PPU[1] Thread (CPUThread)[0x00f59034]} sys_lwmutex warning: *** lwmutex created [] (attribute=0x12): sq_id = 3
HLE: W {PPU[1] Thread (CPUThread)[0x00f59034]} sys_lwmutex warning: *** lwmutex created [] (attribute=0x12): sq_id = 4
HLE: W {PPU[1] Thread (CPUThread)[0x00f59034]} sys_lwmutex warning: *** lwmutex created [] (attribute=0x12): sq_id = 5
HLE: W {PPU[1] Thread (CPUThread)[0x00f59034]} sys_lwmutex warning: *** lwmutex created [] (attribute=0x12): sq_id = 6
HLE: W {PPU[1] Thread (CPUThread)[0x00f59034]} sys_lwmutex warning: *** lwmutex created [] (attribute=0x12): sq_id = 7
HLE: W {PPU[1] Thread (CPUThread)[0x00f59034]} sys_lwmutex warning: *** lwmutex created [] (attribute=0x12): sq_id = 8
HLE: W {PPU[1] Thread (CPUThread)[0x00f59034]} sys_lwmutex warning: *** lwmutex created [] (attribute=0x12): sq_id = 9
HLE: W {PPU[1] Thread (CPUThread)[0x00f59034]} sys_lwmutex warning: *** lwmutex created [] (attribute=0x12): sq_id = 10
HLE: W {PPU[1] Thread (CPUThread)[0x00f59034]} sys_lwmutex warning: *** lwmutex created [] (attribute=0x12): sq_id = 11
HLE: W {PPU[1] Thread (CPUThread)[0x00f5301c]} cellSysmodule warning: cellSysmoduleIsLoaded(CELL_SYSMODULE_IO)
HLE: W {PPU[1] Thread (CPUThread)[0x00f53010]} cellSysmodule warning: cellSysmoduleLoadModule(CELL_SYSMODULE_IO)
HLE: W {PPU[1] Thread (CPUThread)[0x00f5301c]} cellSysmodule warning: cellSysmoduleIsLoaded(CELL_SYSMODULE_GCM_SYS)
HLE: W {PPU[1] Thread (CPUThread)[0x00f53010]} cellSysmodule warning: cellSysmoduleLoadModule(CELL_SYSMODULE_GCM_SYS)
HLE: W {PPU[1] Thread (CPUThread)[0x00f5301c]} cellSysmodule warning: cellSysmoduleIsLoaded(CELL_SYSMODULE_FS)
HLE: W {PPU[1] Thread (CPUThread)[0x00f53010]} cellSysmodule warning: cellSysmoduleLoadModule(CELL_SYSMODULE_FS)
HLE: W {PPU[1] Thread (CPUThread)[0x00f5301c]} cellSysmodule warning: cellSysmoduleIsLoaded(CELL_SYSMODULE_RTC)
HLE: W {PPU[1] Thread (CPUThread)[0x00f53010]} cellSysmodule warning: cellSysmoduleLoadModule(CELL_SYSMODULE_RTC)
HLE: W {PPU[1] Thread (CPUThread)[0x00f5301c]} cellSysmodule warning: cellSysmoduleIsLoaded(CELL_SYSMODULE_SYSUTIL_NP)
HLE: W {PPU[1] Thread (CPUThread)[0x00f53010]} cellSysmodule warning: cellSysmoduleLoadModule(CELL_SYSMODULE_SYSUTIL_NP)
HLE: W {PPU[1] Thread (CPUThread)[0x00f5301c]} cellSysmodule warning: cellSysmoduleIsLoaded(CELL_SYSMODULE_VDEC)
HLE: W {PPU[1] Thread (CPUThread)[0x00f53010]} cellSysmodule warning: cellSysmoduleLoadModule(CELL_SYSMODULE_VDEC)
HLE: W {PPU[1] Thread (CPUThread)[0x00f5301c]} cellSysmodule warning: cellSysmoduleIsLoaded(CELL_SYSMODULE_NETCTL)
HLE: W {PPU[1] Thread (CPUThread)[0x00f53010]} cellSysmodule warning: cellSysmoduleLoadModule(CELL_SYSMODULE_NETCTL)
HLE: W {PPU[1] Thread (CPUThread)[0x00f5301c]} cellSysmodule warning: cellSysmoduleIsLoaded(CELL_SYSMODULE_NET)
HLE: W {PPU[1] Thread (CPUThread)[0x00f53010]} cellSysmodule warning: cellSysmoduleLoadModule(CELL_SYSMODULE_NET)
HLE: W {PPU[1] Thread (CPUThread)[0x00f5301c]} cellSysmodule warning: cellSysmoduleIsLoaded(CELL_SYSMODULE_HTTP)
HLE: W {PPU[1] Thread (CPUThread)[0x00f53010]} cellSysmodule warning: cellSysmoduleLoadModule(CELL_SYSMODULE_HTTP)
HLE: W {PPU[1] Thread (CPUThread)[0x00f5301c]} cellSysmodule warning: cellSysmoduleIsLoaded(CELL_SYSMODULE_USBD)
HLE: W {PPU[1] Thread (CPUThread)[0x00f53010]} cellSysmodule warning: cellSysmoduleLoadModule(CELL_SYSMODULE_USBD)
HLE: W {PPU[1] Thread (CPUThread)[0x00f5301c]} cellSysmodule warning: cellSysmoduleIsLoaded(CELL_SYSMODULE_ADEC)
HLE: W {PPU[1] Thread (CPUThread)[0x00f53010]} cellSysmodule warning: cellSysmoduleLoadModule(CELL_SYSMODULE_ADEC)
HLE: W {PPU[1] Thread (CPUThread)[0x00f5301c]} cellSysmodule warning: cellSysmoduleIsLoaded(CELL_SYSMODULE_L10N)
HLE: W {PPU[1] Thread (CPUThread)[0x00f53010]} cellSysmodule warning: cellSysmoduleLoadModule(CELL_SYSMODULE_L10N)
HLE: W {PPU[1] Thread (CPUThread)[0x00f5301c]} cellSysmodule warning: cellSysmoduleIsLoaded(CELL_SYSMODULE_AUDIO)
HLE: W {PPU[1] Thread (CPUThread)[0x00f53010]} cellSysmodule warning: cellSysmoduleLoadModule(CELL_SYSMODULE_AUDIO)
HLE: W {PPU[1] Thread (CPUThread)[0x00f5301c]} cellSysmodule warning: cellSysmoduleIsLoaded(CELL_SYSMODULE_MIC)
HLE: W {PPU[1] Thread (CPUThread)[0x00f53010]} cellSysmodule warning: cellSysmoduleLoadModule(CELL_SYSMODULE_MIC)
HLE: W {PPU[1] Thread (CPUThread)[0x006f6218]} sys_spu warning: sys_spu_initialize(max_usable_spu=6, max_raw_spu=0)
HLE: W {PPU[1] Thread (CPUThread)[0x00d188d8]} sys_mutex warning: *** mutex created [] (protocol=0x2, recursive=false): id = 12
HLE: W {PPU[1] Thread (CPUThread)[0x00f53010]} cellSysmodule warning: cellSysmoduleLoadModule(CELL_SYSMODULE_FS)
HLE: W {PPU[1] Thread (CPUThread)[0x00ede0d0]} cellSpurs warning: cellSpursInitialize(spurs_addr=0x3033f280, nSpus=5, spuPriority=100, ppuPriority=1000, exitIfNoWork=0)
HLE: E {PPU[1] Thread (CPUThread)[0x00ede04c]} cellSpurs error: cellSpursGetInfo(spurs_addr=0x3033f280, info_addr=0xd00105f0)
HLE: E {PPU[1] Thread (CPUThread)[0x00ede10c]} TODO: _cellSpursWorkloadAttributeInitialize
HLE: E {PPU[1] Thread (CPUThread)[0x00ede070]} TODO: cellSpursWorkloadAttributeSetName
HLE: E {PPU[1] Thread (CPUThread)[0x00ede0e8]} TODO: cellSpursAddWorkloadWithAttribute
HLE: E {PPU[1] Thread (CPUThread)[0x00ede040]} TODO: cellSpursRequestIdleSpu
HLE: E {PPU[1] Thread (CPUThread)[0x00ede0f4]} cellSpurs error: Unimplemented function: cellSpurssetExceptionEventHandler
HLE: E {PPU[1] Thread (CPUThread)[0x00ede04c]} cellSpurs error: cellSpursGetInfo(spurs_addr=0x3033f280, info_addr=0xd00105f0)
HLE: E {PPU[1] Thread (CPUThread)[0x00ede10c]} TODO: _cellSpursWorkloadAttributeInitialize
HLE: E {PPU[1] Thread (CPUThread)[0x00ede070]} TODO: cellSpursWorkloadAttributeSetName
HLE: E {PPU[1] Thread (CPUThread)[0x00ede0e8]} TODO: cellSpursAddWorkloadWithAttribute
HLE: E {PPU[1] Thread (CPUThread)[0x00ede040]} TODO: cellSpursRequestIdleSpu
HLE: E {PPU[1] Thread (CPUThread)[0x00ede0f4]} cellSpurs error: Unimplemented function: cellSpurssetExceptionEventHandler
HLE: E {PPU[1] Thread (CPUThread)[0x00ede04c]} cellSpurs error: cellSpursGetInfo(spurs_addr=0x3033f280, info_addr=0xd00105f0)
HLE: E {PPU[1] Thread (CPUThread)[0x00ede10c]} TODO: _cellSpursWorkloadAttributeInitialize
HLE: E {PPU[1] Thread (CPUThread)[0x00ede070]} TODO: cellSpursWorkloadAttributeSetName
HLE: E {PPU[1] Thread (CPUThread)[0x00ede0e8]} TODO: cellSpursAddWorkloadWithAttribute
HLE: E {PPU[1] Thread (CPUThread)[0x00ede040]} TODO: cellSpursRequestIdleSpu
HLE: E {PPU[1] Thread (CPUThread)[0x00ede0f4]} cellSpurs error: Unimplemented function: cellSpurssetExceptionEventHandler
HLE: E {PPU[1] Thread (CPUThread)[0x00ede04c]} cellSpurs error: cellSpursGetInfo(spurs_addr=0x3033f280, info_addr=0xd00105f0)
HLE: E {PPU[1] Thread (CPUThread)[0x00ede10c]} TODO: _cellSpursWorkloadAttributeInitialize
HLE: E {PPU[1] Thread (CPUThread)[0x00ede070]} TODO: cellSpursWorkloadAttributeSetName
HLE: E {PPU[1] Thread (CPUThread)[0x00ede0e8]} TODO: cellSpursAddWorkloadWithAttribute
HLE: E {PPU[1] Thread (CPUThread)[0x00ede040]} TODO: cellSpursRequestIdleSpu
HLE: E {PPU[1] Thread (CPUThread)[0x00ede0f4]} cellSpurs error: Unimplemented function: cellSpurssetExceptionEventHandler
HLE: W {PPU[1] Thread (CPUThread)[0x00f3d0c4]} cellSysutil warning: cellVideoOutGetNumberOfDevice(videoOut=0)
HLE: W {PPU[1] Thread (CPUThread)[0x00f3d0ac]} cellSysutil warning: cellVideoOutGetDeviceInfo(videoOut=0, deviceIndex=0, info_addr=0x101dee28)
HLE: W {PPU[1] Thread (CPUThread)[0x00f3d0e8]} cellSysutil warning: cellVideoOutGetResolutionAvailability(videoOut=0, resolutionId=0x2, option_addr=0x2, aspect=0x0, option=0xfffffffe)
TTY: 


TTY: 
HLE: W {PPU[1] Thread (CPUThread)[0x00f3d13c]} cellSysutil warning: cellAudioOutGetNumberOfDevice(videoOut=0)
TTY: SYSINFO:	Audio has 1 primary output devices
TTY: SYSINFO:	AudioDevice 0
HLE: W {PPU[1] Thread (CPUThread)[0x00f3d148]} cellSysutil warning: cellAudioOutGetState(audioOut=0x0,deviceIndex=0x0,state_addr=0xd00107a0)
TTY: SYSINFO:	Audio: Current no downmix
TTY: SYSINFO:	Audio: Current Encoder Lin. PCM
TTY: SYSINFO:	Audio: Current Frequency 48.000000Khz
TTY: SYSINFO:	Audio: Current Speaker Layout STEREO
TTY: SYSINFO:	Audio: Current Channels 2
HLE: E {PPU[1] Thread (CPUThread)[0x00f3d0d0]} cellSysutil error: Unimplemented function: cellAudioOutGetDeviceInfo(audioOut=0, deviceIndex=0, info_addr=0xd00107b4)
TTY: SYSINFO:	Audio: Port Type HDMI(0)
TTY: SYSINFO:	Audio: Device state ENABLED
TTY: SYSINFO:	Audio: Primary output device has 1 modes
TTY: SYSINFO:		Mode: 0
TTY: SYSINFO:		audio coding type:Linear PCM
TTY: SYSINFO:		frequencies:  48.00Khz 
TTY: SYSINFO:		speaker layout : STEREO
TTY: 


TTY: 
TTY: 
TTY: 
TTY: SYSINFO:	***************************************************
TTY: SYSINFO:	****                                           ****
TTY: SYSINFO:	****     Checking Audio Settings               ****
HLE: W {PPU[1] Thread (CPUThread)[0x00f3d10c]} cellSysutil warning: cellAudioOutGetSoundAvailability(audioOut=0, type=0, fs=0x4, option=0)
TTY: SYSINFO:	****    best number of LPCM 48khz channels 2  ****
HLE: W {PPU[1] Thread (CPUThread)[0x00f3d10c]} cellSysutil warning: cellAudioOutGetSoundAvailability(audioOut=0, type=1, fs=0x4, option=0)
TTY: SYSINFO:	****    best number of AC3 48khz channels 0   ****
TTY: SYSINFO:	****                                           ****
TTY: SYSINFO:	***************************************************
TTY: 
TTY: 
HLE: W {PPU[1] Thread (CPUThread)[0x00f3d13c]} cellSysutil warning: cellAudioOutGetNumberOfDevice(videoOut=0)
HLE: W {PPU[1] Thread (CPUThread)[0x00f3d148]} cellSysutil warning: cellAudioOutGetState(audioOut=0x0,deviceIndex=0x0,state_addr=0xd0010870)
HLE: E {PPU[1] Thread (CPUThread)[0x00f3d0d0]} cellSysutil error: Unimplemented function: cellAudioOutGetDeviceInfo(audioOut=0, deviceIndex=0, info_addr=0xd0010884)
TTY: SYSINFO:cellAudioOutConfigure() with channels 2 encoder 0 downmixer 1
HLE: W {PPU[1] Thread (CPUThread)[0x00f3d0b8]} cellSysutil warning: cellAudioOutConfigure(audioOut=0, config_addr=0xd0010860, option_addr=0xd0010850, (!)waitForEvent=0)
HLE: W {PPU[1] Thread (CPUThread)[0x00f3d148]} cellSysutil warning: cellAudioOutGetState(audioOut=0x0,deviceIndex=0x0,state_addr=0x101deffc)
HLE: W {PPU[1] Thread (CPUThread)[0x00f3d0c4]} cellSysutil warning: cellVideoOutGetNumberOfDevice(videoOut=0)
HLE: W {PPU[1] Thread (CPUThread)[0x00f3d0ac]} cellSysutil warning: cellVideoOutGetDeviceInfo(videoOut=0, deviceIndex=0, info_addr=0x101dee28)
HLE: W {PPU[1] Thread (CPUThread)[0x00f3d0e8]} cellSysutil warning: cellVideoOutGetResolutionAvailability(videoOut=0, resolutionId=0x2, option_addr=0x2, aspect=0x0, option=0xfffffffe)
TTY: 


TTY: 
HLE: W {PPU[1] Thread (CPUThread)[0x00f3d13c]} cellSysutil warning: cellAudioOutGetNumberOfDevice(videoOut=0)
TTY: SYSINFO:	Audio has 1 primary output devices
TTY: SYSINFO:	AudioDevice 0
HLE: W {PPU[1] Thread (CPUThread)[0x00f3d148]} cellSysutil warning: cellAudioOutGetState(audioOut=0x0,deviceIndex=0x0,state_addr=0xd00107a0)
TTY: SYSINFO:	Audio: Current no downmix
TTY: SYSINFO:	Audio: Current Encoder Lin. PCM
TTY: SYSINFO:	Audio: Current Frequency 48.000000Khz
TTY: SYSINFO:	Audio: Current Speaker Layout STEREO
TTY: SYSINFO:	Audio: Current Channels 2
HLE: E {PPU[1] Thread (CPUThread)[0x00f3d0d0]} cellSysutil error: Unimplemented function: cellAudioOutGetDeviceInfo(audioOut=0, deviceIndex=0, info_addr=0xd00107b4)
TTY: SYSINFO:	Audio: Port Type HDMI(0)
TTY: SYSINFO:	Audio: Device state ENABLED
TTY: SYSINFO:	Audio: Primary output device has 1 modes
TTY: SYSINFO:		Mode: 0
TTY: SYSINFO:		audio coding type:Linear PCM
TTY: SYSINFO:		frequencies:  48.00Khz 
TTY: SYSINFO:		speaker layout : STEREO
TTY: 


TTY: 
TTY: 
TTY: 
TTY: SYSINFO:	***************************************************
TTY: SYSINFO:	****                                           ****
TTY: SYSINFO:	****     Checking Audio Settings               ****
HLE: W {PPU[1] Thread (CPUThread)[0x00f3d10c]} cellSysutil warning: cellAudioOutGetSoundAvailability(audioOut=0, type=0, fs=0x4, option=0)
TTY: SYSINFO:	****    best number of LPCM 48khz channels 2  ****
HLE: W {PPU[1] Thread (CPUThread)[0x00f3d10c]} cellSysutil warning: cellAudioOutGetSoundAvailability(audioOut=0, type=1, fs=0x4, option=0)
TTY: SYSINFO:	****    best number of AC3 48khz channels 0   ****
TTY: SYSINFO:	****                                           ****
TTY: SYSINFO:	***************************************************
TTY: 
TTY: 
HLE: W {PPU[1] Thread (CPUThread)[0x00f3d13c]} cellSysutil warning: cellAudioOutGetNumberOfDevice(videoOut=0)
HLE: W {PPU[1] Thread (CPUThread)[0x00f3d148]} cellSysutil warning: cellAudioOutGetState(audioOut=0x0,deviceIndex=0x0,state_addr=0x101deffc)
TTY: SYSINFO:	Audio: Current Encoder Lin. PCM
TTY: SYSINFO:	Audio: Current Frequency 48.000000Khz
TTY: SYSINFO:	Audio: Current Speaker Layout STEREO
TTY: SYSINFO:	Audio: Current Channels 2
HLE: W {PPU[1] Thread (CPUThread)[0x00f59034]} sys_lwmutex warning: *** lwmutex created [] (attribute=0x12): sq_id = 13
HLE: W {PPU[1] Thread (CPUThread)[0x00f59034]} sys_lwmutex warning: *** lwmutex created [] (attribute=0x12): sq_id = 14
HLE: W {PPU[1] Thread (CPUThread)[0x00f59034]} sys_lwmutex warning: *** lwmutex created [] (attribute=0x12): sq_id = 15
HLE: W {PPU[1] Thread (CPUThread)[0x00f59034]} sys_lwmutex warning: *** lwmutex created [] (attribute=0x12): sq_id = 16
HLE: W {PPU[1] Thread (CPUThread)[0x00f59034]} sys_lwmutex warning: *** lwmutex created [] (attribute=0x12): sq_id = 17
HLE: W {PPU[1] Thread (CPUThread)[0x00f59034]} sys_lwmutex warning: *** lwmutex created [] (attribute=0x12): sq_id = 18
HLE: W {PPU[1] Thread (CPUThread)[0x00f59034]} sys_lwmutex warning: *** lwmutex created [] (attribute=0x12): sq_id = 19
HLE: W {PPU[1] Thread (CPUThread)[0x00f59034]} sys_lwmutex warning: *** lwmutex created [] (attribute=0x12): sq_id = 20
HLE: W {PPU[1] Thread (CPUThread)[0x00f59034]} sys_lwmutex warning: *** lwmutex created [] (attribute=0x12): sq_id = 21
HLE: W {PPU[1] Thread (CPUThread)[0x00f59034]} sys_lwmutex warning: *** lwmutex created [] (attribute=0x12): sq_id = 22
HLE: W {PPU[1] Thread (CPUThread)[0x00f59034]} sys_lwmutex warning: *** lwmutex created [] (attribute=0x12): sq_id = 23
HLE: W {PPU[1] Thread (CPUThread)[0x00f59034]} sys_lwmutex warning: *** lwmutex created [] (attribute=0x12): sq_id = 24
HLE: W {PPU[1] Thread (CPUThread)[0x007012ac]} sys_mutex warning: *** mutex created [] (protocol=0x2, recursive=true): id = 25
HLE: W {PPU[1] Thread (CPUThread)[0x006fd618]} memory warning: sys_memory_container_create(cid_addr=0x101df030, yield_size=0xa00000)
HLE: W {PPU[1] Thread (CPUThread)[0x006fd618]} memory warning: *** memory_container created(addr=0x30400000): id = 26
HLE: E {PPU[1] Thread (CPUThread)[0x00f3d100]} TODO: cellDiscGameGetBootDiscInfo
HLE: E {PPU[1] Thread (CPUThread)[0x000184a4]} Unknown syscall: 631 - 00000277
HLE: E {PPU[1] Thread (CPUThread)[0x000184cc]} Unknown syscall: 630 - 00000276
HLE: W {PPU[1] Thread (CPUThread)[0x00f3d118]} cellGame warning: cellGameDataCheckCreate2(version=0x0, dirName_addr=0x101dec30, errDialog=0x1, funcStat_addr=0xf00240, container=26)
HLE: E {PPU[1] Thread (CPUThread)[0x00f3d118]} cellGame error: cellGameDataCheckCreate2(): CELL_GAMEDATA_ERROR_BROKEN (cannot open PARAM.SFO)
TTY: Game data corrupted (PARAM.SFO corrupted, etc.)
HLE: W {PPU[1] Thread (CPUThread)[0x00f4f028]} sys_fs warning: cellFsStat: "/dev_hdd0/game//USRDIR/patch_override_ps3.bin" not found.
TTY: Index '/dev_hdd0/game//USRDIR/patch_override_ps3.bin' does not exist
HLE: W {PPU[1] Thread (CPUThread)[0x00f4f028]} sys_fs warning: cellFsStat: "/dev_hdd0/game//USRDIR/patch_override_ps3.dat" not found.
TTY: Cache file '/dev_hdd0/game//USRDIR/patch_override_ps3.dat' does not exist
HLE: W {PPU[1] Thread (CPUThread)[0x00f4f01c]} "/dev_bdvd/PS3_GAME/USRDIR/cache_ps3.bin" opened: fd = 27
HLE: W {PPU[1] Thread (CPUThread)[0x00f4f004]} sys_fs warning: cellFsClose(fd=27)
HLE: W {PPU[1] Thread (CPUThread)[0x00f4f01c]} "/dev_bdvd/PS3_GAME/USRDIR/cache_ps3.cnk" opened: fd = 28
HLE: W {PPU[1] Thread (CPUThread)[0x00f4f004]} sys_fs warning: cellFsClose(fd=28)
HLE: W {PPU[1] Thread (CPUThread)[0x00f4f01c]} "/dev_bdvd/PS3_GAME/USRDIR/cache_ps3.dat" opened: fd = 29
HLE: W {PPU[1] Thread (CPUThread)[0x00f4f028]} sys_fs warning: cellFsStat: "/dev_hdd0/game//USRDIR/packs/pack00/pack_toc.edat" not found.
HLE: W {PPU[1] Thread (CPUThread)[0x00f4f028]} sys_fs warning: cellFsStat: "/dev_hdd0/game//USRDIR/packs/pack40/pack_toc.edat" not found.
HLE: W {PPU[1] Thread (CPUThread)[0x00f4f028]} sys_fs warning: cellFsStat: "/dev_hdd0/game//USRDIR/packs/pack39/pack_toc.edat" not found.
HLE: W {PPU[1] Thread (CPUThread)[0x00f4f028]} sys_fs warning: cellFsStat: "/dev_hdd0/game//USRDIR/packs/pack38/pack_toc.edat" not found.
HLE: W {PPU[1] Thread (CPUThread)[0x00f4f028]} sys_fs warning: cellFsStat: "/dev_hdd0/game//USRDIR/packs/pack37/pack_toc.edat" not found.
HLE: W {PPU[1] Thread (CPUThread)[0x00f4f028]} sys_fs warning: cellFsStat: "/dev_hdd0/game//USRDIR/packs/pack36/pack_toc.edat" not found.
HLE: W {PPU[1] Thread (CPUThread)[0x00f4f028]} sys_fs warning: cellFsStat: "/dev_hdd0/game//USRDIR/packs/pack35/pack_toc.edat" not found.
HLE: W {PPU[1] Thread (CPUThread)[0x00f4f028]} sys_fs warning: cellFsStat: "/dev_hdd0/game//USRDIR/packs/pack34/pack_toc.edat" not found.
HLE: W {PPU[1] Thread (CPUThread)[0x00f4f028]} sys_fs warning: cellFsStat: "/dev_hdd0/game//USRDIR/packs/pack33/pack_toc.edat" not found.
HLE: W {PPU[1] Thread (CPUThread)[0x00f4f028]} sys_fs warning: cellFsStat: "/dev_hdd0/game//USRDIR/packs/pack32/pack_toc.edat" not found.
HLE: W {PPU[1] Thread (CPUThread)[0x00f4f028]} sys_fs warning: cellFsStat: "/dev_hdd0/game//USRDIR/packs/pack31/pack_toc.edat" not found.
HLE: W {PPU[1] Thread (CPUThread)[0x00f4f028]} sys_fs warning: cellFsStat: "/dev_hdd0/game//USRDIR/packs/pack30/pack_toc.edat" not found.
HLE: W {PPU[1] Thread (CPUThread)[0x00f4f028]} sys_fs warning: cellFsStat: "/dev_hdd0/game//USRDIR/packs/pack29/pack_toc.edat" not found.
HLE: W {PPU[1] Thread (CPUThread)[0x00f4f028]} sys_fs warning: cellFsStat: "/dev_hdd0/game//USRDIR/packs/pack28/pack_toc.edat" not found.
HLE: W {PPU[1] Thread (CPUThread)[0x00f4f028]} sys_fs warning: cellFsStat: "/dev_hdd0/game//USRDIR/packs/pack27/pack_toc.edat" not found.
HLE: W {PPU[1] Thread (CPUThread)[0x00f4f028]} sys_fs warning: cellFsStat: "/dev_hdd0/game//USRDIR/packs/pack26/pack_toc.edat" not found.
HLE: W {PPU[1] Thread (CPUThread)[0x00f4f028]} sys_fs warning: cellFsStat: "/dev_hdd0/game//USRDIR/packs/pack25/pack_toc.edat" not found.
HLE: W {PPU[1] Thread (CPUThread)[0x00f4f028]} sys_fs warning: cellFsStat: "/dev_hdd0/game//USRDIR/packs/pack24/pack_toc.edat" not found.
HLE: W {PPU[1] Thread (CPUThread)[0x00f4f028]} sys_fs warning: cellFsStat: "/dev_hdd0/game//USRDIR/packs/pack23/pack_toc.edat" not found.
HLE: W {PPU[1] Thread (CPUThread)[0x00f4f028]} sys_fs warning: cellFsStat: "/dev_hdd0/game//USRDIR/packs/pack22/pack_toc.edat" not found.
HLE: W {PPU[1] Thread (CPUThread)[0x00f4f028]} sys_fs warning: cellFsStat: "/dev_hdd0/game//USRDIR/packs/pack21/pack_toc.edat" not found.
HLE: W {PPU[1] Thread (CPUThread)[0x00f4f028]} sys_fs warning: cellFsStat: "/dev_hdd0/game//USRDIR/packs/pack20/pack_toc.edat" not found.
HLE: W {PPU[1] Thread (CPUThread)[0x00f4f028]} sys_fs warning: cellFsStat: "/dev_hdd0/game//USRDIR/packs/pack19/pack_toc.edat" not found.
HLE: W {PPU[1] Thread (CPUThread)[0x00f4f028]} sys_fs warning: cellFsStat: "/dev_hdd0/game//USRDIR/packs/pack18/pack_toc.edat" not found.
HLE: W {PPU[1] Thread (CPUThread)[0x00f4f028]} sys_fs warning: cellFsStat: "/dev_hdd0/game//USRDIR/packs/pack17/pack_toc.edat" not found.
HLE: W {PPU[1] Thread (CPUThread)[0x00f4f028]} sys_fs warning: cellFsStat: "/dev_hdd0/game//USRDIR/packs/pack16/pack_toc.edat" not found.
HLE: W {PPU[1] Thread (CPUThread)[0x00f4f028]} sys_fs warning: cellFsStat: "/dev_hdd0/game//USRDIR/packs/pack15/pack_toc.edat" not found.
HLE: W {PPU[1] Thread (CPUThread)[0x00f4f028]} sys_fs warning: cellFsStat: "/dev_hdd0/game//USRDIR/packs/pack14/pack_toc.edat" not found.
HLE: W {PPU[1] Thread (CPUThread)[0x00f4f028]} sys_fs warning: cellFsStat: "/dev_hdd0/game//USRDIR/packs/pack13/pack_toc.edat" not found.
HLE: W {PPU[1] Thread (CPUThread)[0x00f4f028]} sys_fs warning: cellFsStat: "/dev_hdd0/game//USRDIR/packs/pack12/pack_toc.edat" not found.
HLE: W {PPU[1] Thread (CPUThread)[0x00f4f028]} sys_fs warning: cellFsStat: "/dev_hdd0/game//USRDIR/packs/pack11/pack_toc.edat" not found.
HLE: W {PPU[1] Thread (CPUThread)[0x00f4f028]} sys_fs warning: cellFsStat: "/dev_hdd0/game//USRDIR/packs/pack10/pack_toc.edat" not found.
HLE: W {PPU[1] Thread (CPUThread)[0x00f4f028]} sys_fs warning: cellFsStat: "/dev_hdd0/game//USRDIR/packs/pack09/pack_toc.edat" not found.
HLE: W {PPU[1] Thread (CPUThread)[0x00f4f028]} sys_fs warning: cellFsStat: "/dev_hdd0/game//USRDIR/packs/pack08/pack_toc.edat" not found.
HLE: W {PPU[1] Thread (CPUThread)[0x00f4f028]} sys_fs warning: cellFsStat: "/dev_hdd0/game//USRDIR/packs/pack07/pack_toc.edat" not found.
HLE: W {PPU[1] Thread (CPUThread)[0x00f4f028]} sys_fs warning: cellFsStat: "/dev_hdd0/game//USRDIR/packs/pack06/pack_toc.edat" not found.
HLE: W {PPU[1] Thread (CPUThread)[0x00f4f028]} sys_fs warning: cellFsStat: "/dev_hdd0/game//USRDIR/packs/pack05/pack_toc.edat" not found.
HLE: W {PPU[1] Thread (CPUThread)[0x00f4f028]} sys_fs warning: cellFsStat: "/dev_hdd0/game//USRDIR/packs/pack04/pack_toc.edat" not found.
HLE: W {PPU[1] Thread (CPUThread)[0x00f4f028]} sys_fs warning: cellFsStat: "/dev_hdd0/game//USRDIR/packs/pack03/pack_toc.edat" not found.
HLE: W {PPU[1] Thread (CPUThread)[0x00f4f028]} sys_fs warning: cellFsStat: "/dev_hdd0/game//USRDIR/packs/pack02/pack_toc.edat" not found.
HLE: W {PPU[1] Thread (CPUThread)[0x00f4f028]} sys_fs warning: cellFsStat: "/dev_hdd0/game//USRDIR/packs/pack01/pack_toc.edat" not found.
HLE: W {PPU[1] Thread (CPUThread)[0x006d33b8]} sys_semaphore warning: sys_semaphore_create(sem_addr=0x10159730, attr_addr=0xd0010610, initial_count=0, max_count=10)
HLE: ! {PPU[1] Thread (CPUThread)[0x006d33b8]} *** semaphore created [] (protocol=0x2): id = 30
PPU: ! {PPU[1] Thread (CPUThread)[0x00f5901c]} *** New PPU Thread [FS Async] (flags=0x0, entry=0xf00330): id = 31
HLE: W {PPU[31] Thread (FS Async)[0x00f59034]} sys_lwmutex warning: *** lwmutex created [] (attribute=0x22): sq_id = 32
HLE: W {PPU[1] Thread (CPUThread)[0x00f59034]} sys_lwmutex warning: *** lwmutex created [] (attribute=0x22): sq_id = 33
HLE: W {PPU[1] Thread (CPUThread)[0x00f59034]} sys_lwmutex warning: *** lwmutex created [] (attribute=0x12): sq_id = 34
HLE: W {PPU[1] Thread (CPUThread)[0x00f59034]} sys_lwmutex warning: *** lwmutex created [] (attribute=0x12): sq_id = 35
HLE: W {PPU[1] Thread (CPUThread)[0x00f59034]} sys_lwmutex warning: *** lwmutex created [] (attribute=0x22): sq_id = 36
HLE: W {PPU[1] Thread (CPUThread)[0x00f59034]} sys_lwmutex warning: *** lwmutex created [] (attribute=0x12): sq_id = 37
HLE: W {PPU[1] Thread (CPUThread)[0x00f590d0]} sys_lwmutex warning: sys_lwmutex_destroy(lwmutex_addr=0x303dcc60)
HLE: W {PPU[1] Thread (CPUThread)[0x00f590d0]} sys_lwmutex warning: sys_lwmutex_destroy(lwmutex_addr=0x303db820)
HLE: W {PPU[1] Thread (CPUThread)[0x00f4d028]} cellGcmSys warning: cellGcmInit(context_addr=0x10270cbc,cmdSize=0x10000,ioSize=0x3600000,ioAddress=0x31500000)
HLE: W {PPU[1] Thread (CPUThread)[0x00f4d028]} cellGcmSys warning: *** local memory(addr=0xc0000000, size=0xf900000)
HLE: W {PPU[1] Thread (CPUThread)[0x00f4d028]} cellGcmSys warning: cellGcmInit(): 256MB io address space used
HLE: W {PPU[1] Thread (CPUThread)[0x00f4d028]} cellGcmSys warning: cellGcmMapEaIoAddress(ea=0x31500000, io=0x0, size=0x3600000)
RSX: ! {RSXThread} RSX thread started
HLE: W {PPU[1] Thread (CPUThread)[0x00f3d0e8]} cellSysutil warning: cellVideoOutGetResolutionAvailability(videoOut=0, resolutionId=0x2, option_addr=0x0, aspect=0x0, option=0xfffffffe)
HLE: W {PPU[1] Thread (CPUThread)[0x00f3d088]} cellSysutil warning: cellVideoOutConfigure(videoOut=0, config_addr=0xd00100ec, option_addr=0x0, waitForEvent=0x0)
HLE: W {PPU[1] Thread (CPUThread)[0x00f4d064]} cellGcmSys warning: cellGcmSetFlipMode(mode=2)
RSX: W {RSXThread} NV4097_SET_COLOR_MASK_MRT: fff0
RSX: W {RSXThread} TODO: unknown/illegal method [0x00001fcc](0x6f)
RSX: W {RSXThread} TODO: cellGcmSetContextDmaReport(0xfeed0001)
RSX: W {RSXThread} TODO: unknown/illegal method [0x00001450](0x80004)
G: E {PPU[1] Thread (CPUThread)[0x00d33798]} Exception: Access violation: addr = 0x62a
RSX: W {RSXThread} RSX thread aborted
HLE: W {PPU[31] Thread (FS Async)[0x006d4438]} sys_semaphore_wait(30) aborted
RSX: W {VBlank thread} VBlank thread aborted
HLE: ! All threads stopped...
MEM: ! Closing memory...
