HLE: ! path: /dev_hdd0/game/
HLE: W No pause.bin found, Auto Pause will not work.
HLE: W No pause.bin found, Auto Pause will not work.
LDR: ! Loading 'D:\Emulateurs\Rpcs3\dev_hdd0\game\BCES01186-[Ape Escape]/PS3_GAME/USRDIR/BOOT.BIN'...
LDR: !  
LDR: ! Mount info:
LDR: ! /dev_hdd0/ -> ./dev_hdd0/
LDR: ! /dev_hdd1/ -> ./dev_hdd1/
LDR: ! /dev_flash/ -> ./dev_flash/
LDR: ! /dev_usb000/ -> ./dev_usb000/
LDR: ! /dev_usb/ -> ./dev_usb000/
LDR: ! /app_home/ -> D:\Emulateurs\Rpcs3\dev_hdd0\game\BCES01186-[Ape Escape]/PS3_GAME/
LDR: ! /dev_bdvd/ -> D:\Emulateurs\Rpcs3\dev_hdd0\game\BCES01186-[Ape Escape]/PS3_GAME//../
LDR: ! /host_root/ -> 
LDR: ! /app_home/PS3_GAME/USRDIR/ -> D:\Emulateurs\Rpcs3\dev_hdd0\game\BCES01186-[Ape Escape]/PS3_GAME//USRDIR/
LDR: ! /dev_flash2/ -> ./dev_flash2/
LDR: ! /app_home/Game/PS3_GAME/USRDIR/ -> D:\Emulateurs\Rpcs3\dev_hdd0\game\BCES01186-[Ape Escape]/PS3_GAME//USRDIR/
LDR: ! //dev_hdd0/ -> ./dev_hdd0/
LDR: ! / -> D:\Emulateurs\Rpcs3\dev_hdd0\game\BCES01186-[Ape Escape]/PS3_GAME//USRDIR/
LDR: !  
LDR: ! Title: Ape Escape™
LDR: ! Serial: BCES01186
LDR: !  
MEM: ! Initializing memory: m_base_addr = 0xb435e0000
MEM: ! Memory initialized.
LDR: ! Imported function 'cellGcmSetUserHandler' in 'cellGcmSys' module
LDR: ! Imported function 'cellGcmSetQueueHandler' in 'cellGcmSys' module
LDR: ! Imported function '_cellGcmInitBody' in 'cellGcmSys' module
LDR: ! Imported function '_cellGcmSetFlipCommand' in 'cellGcmSys' module
LDR: ! Imported function 'cellGcmAddressToOffset' in 'cellGcmSys' module
LDR: ! Imported function 'cellGcmSortRemapEaIoAddress' in 'cellGcmSys' module
LDR: ! Imported function 'cellGcmGetOffsetTable' in 'cellGcmSys' module
LDR: ! Imported function '_cellGcmFunc15' in 'cellGcmSys' module
LDR: ! Imported function 'cellGcmBindTile' in 'cellGcmSys' module
LDR: ! Imported function 'cellGcmSetFlipMode' in 'cellGcmSys' module
LDR: ! Imported function 'cellGcmSetDebugOutputLevel' in 'cellGcmSys' module
LDR: ! Imported function 'cellGcmBindZcull' in 'cellGcmSys' module
LDR: ! Imported function 'cellGcmMapMainMemory' in 'cellGcmSys' module
LDR: ! Imported function 'cellGcmSetFlipHandler' in 'cellGcmSys' module
LDR: ! Imported function 'cellGcmSetDisplayBuffer' in 'cellGcmSys' module
LDR: ! Imported function 'cellGcmGetControlRegister' in 'cellGcmSys' module
LDR: ! Imported function 'cellGcmUnbindZcull' in 'cellGcmSys' module
LDR: ! Imported function 'cellGcmSetVBlankHandler' in 'cellGcmSys' module
LDR: ! Imported function 'cellGcmSetFlipImmediate' in 'cellGcmSys' module
LDR: ! Imported function 'cellGcmSetTileInfo' in 'cellGcmSys' module
LDR: ! Imported function 'cellGcmSetInvalidateTile' in 'cellGcmSys' module
LDR: ! Imported function 'cellGcmSetGraphicsHandler' in 'cellGcmSys' module
LDR: ! Imported function '_cellGcmSetFlipCommandWithWaitLabel' in 'cellGcmSys' module
LDR: ! Imported function 'cellGcmUnbindTile' in 'cellGcmSys' module
LDR: ! Imported function 'cellGcmUnmapIoAddress' in 'cellGcmSys' module
LDR: ! Imported function 'cellGcmGetConfiguration' in 'cellGcmSys' module
LDR: ! Imported function 'cellGcmGetLabelAddress' in 'cellGcmSys' module
LDR: ! Imported function 'sys_lwmutex_lock' in 'sysPrxForUser' module
LDR: ! Imported function 'sys_lwmutex_unlock' in 'sysPrxForUser' module
LDR: ! Imported function 'sys_ppu_thread_create' in 'sysPrxForUser' module
LDR: ! Imported function '_sys_process_atexitspawn' in 'sysPrxForUser' module
LDR: ! Imported function 'sys_lwmutex_create' in 'sysPrxForUser' module
LDR: ! Imported function 'sys_ppu_thread_get_id' in 'sysPrxForUser' module
LDR: ! Imported function 'sys_prx_register_library' in 'sysPrxForUser' module
LDR: ! Imported function 'Unknown func id: 0x4f7172c9' in 'sysPrxForUser' module
LDR: ! Imported function 'sys_initialize_tls' in 'sysPrxForUser' module
LDR: ! Imported function 'sys_time_get_system_time' in 'sysPrxForUser' module
LDR: ! Imported function '_sys_process_at_Exitspawn' in 'sysPrxForUser' module
LDR: ! Imported function 'sys_prx_exitspawn_with_level' in 'sysPrxForUser' module
LDR: ! Imported function 'sys_ppu_thread_exit' in 'sysPrxForUser' module
LDR: ! Imported function 'sys_lwmutex_destroy' in 'sysPrxForUser' module
LDR: ! Imported function 'sys_process_exit' in 'sysPrxForUser' module
LDR: ! Imported function 'sys_lwcond_destroy' in 'sysPrxForUser' module
LDR: ! Imported function 'sys_prx_load_module' in 'sysPrxForUser' module
LDR: ! Imported function 'sys_lwcond_wait' in 'sysPrxForUser' module
LDR: ! Imported function 'sys_game_process_exitspawn2' in 'sysPrxForUser' module
LDR: W Unimplemented function 'sys_prx_load_module_on_memcontainer_by_fd' in 'sysPrxForUser' module
LDR: ! Imported function 'sys_prx_load_module_on_memcontainer' in 'sysPrxForUser' module
LDR: ! Imported function 'sys_lwcond_create' in 'sysPrxForUser' module
LDR: ! Imported function 'sys_lwcond_signal_all' in 'sysPrxForUser' module
LDR: W Unimplemented function 'sys_prx_load_module_by_fd' in 'sysPrxForUser' module
LDR: ! Imported function 'sys_lwcond_signal' in 'sysPrxForUser' module
LDR: ! Imported function 'cellRtcFormatRfc3339LocalTime' in 'cellRtc' module
LDR: ! Imported function 'cellRtcGetCurrentClockLocalTime' in 'cellRtc' module
LDR: ! Imported function 'cellFsRmdir' in 'sys_fs' module
LDR: ! Imported function 'cellFsClose' in 'sys_fs' module
LDR: ! Imported function 'cellFsOpendir' in 'sys_fs' module
LDR: ! Imported function 'cellFsRead' in 'sys_fs' module
LDR: ! Imported function 'cellFsReaddir' in 'sys_fs' module
LDR: ! Imported function 'cellFsOpen' in 'sys_fs' module
LDR: ! Imported function 'cellFsStat' in 'sys_fs' module
LDR: ! Imported function 'cellFsUnlink' in 'sys_fs' module
LDR: ! Imported function 'cellFsFsync' in 'sys_fs' module
LDR: ! Imported function 'cellFsLseek' in 'sys_fs' module
LDR: ! Imported function 'cellFsSdataOpen' in 'sys_fs' module
LDR: ! Imported function 'cellFsMkdir' in 'sys_fs' module
LDR: ! Imported function 'cellFsWrite' in 'sys_fs' module
LDR: ! Imported function 'cellFsRename' in 'sys_fs' module
LDR: ! Imported function 'cellFsClosedir' in 'sys_fs' module
LDR: ! Imported function 'cellFsSdataOpenByFd' in 'sys_fs' module
LDR: ! Imported function 'cellFsGetFreeSize' in 'sys_fs' module
LDR: ! Imported function 'cellFsFstat' in 'sys_fs' module
LDR: ! Imported function 'cellPadInit' in 'sys_io' module
LDR: ! Imported function 'cellPadEnd' in 'sys_io' module
LDR: ! Imported function 'cellPadSetPortSetting' in 'sys_io' module
LDR: ! Imported function 'cellPadGetData' in 'sys_io' module
LDR: ! Imported function 'cellPadGetInfo2' in 'sys_io' module
LDR: ! Imported function 'cellPadSetActDirect' in 'sys_io' module
LDR: ! Imported function 'cellSysmoduleUnloadModule' in 'cellSysmodule' module
LDR: ! Imported function 'cellSysmoduleLoadModule' in 'cellSysmodule' module
LDR: ! Imported function 'cellSysmoduleIsLoaded' in 'cellSysmodule' module
LDR: ! Imported function 'cellSysmoduleInitialize' in 'cellSysmodule' module
LDR: ! Imported function 'cellGameGetParamString' in 'cellGame' module
LDR: ! Imported function 'cellGameContentPermit' in 'cellGame' module
LDR: ! Imported function 'cellGameGetParamInt' in 'cellGame' module
LDR: ! Imported function 'cellGameBootCheck' in 'cellGame' module
LDR: ! Imported function 'sceNpBasicGetFriendListEntry' in 'sceNp' module
LDR: ! Imported function 'sceNpScoreGetRankingByNpId' in 'sceNp' module
LDR: ! Imported function 'sceNpScoreRecordScore' in 'sceNp' module
LDR: ! Imported function 'sceNpScoreDestroyTitleCtx' in 'sceNp' module
LDR: ! Imported function 'sceNpScoreInit' in 'sceNp' module
LDR: ! Imported function 'sceNpLookupAbortTransaction' in 'sceNp' module
LDR: ! Imported function 'sceNpTerm' in 'sceNp' module
LDR: ! Imported function 'sceNpLookupDestroyTitleCtx' in 'sceNp' module
LDR: ! Imported function 'sceNpLookupInit' in 'sceNp' module
LDR: ! Imported function 'sceNpManagerGetContentRatingFlag' in 'sceNp' module
LDR: ! Imported function 'sceNpScoreCreateTransactionCtx' in 'sceNp' module
LDR: ! Imported function 'sceNpBasicGetBlockListEntryCount' in 'sceNp' module
LDR: ! Imported function 'sceNpLookupPollAsync' in 'sceNp' module
LDR: ! Imported function 'sceNpLookupTerm' in 'sceNp' module
LDR: ! Imported function 'sceNpLookupTitleSmallStorageAsync' in 'sceNp' module
LDR: ! Imported function 'sceNpScoreTerm' in 'sceNp' module
LDR: ! Imported function 'sceNpManagerGetStatus' in 'sceNp' module
LDR: ! Imported function 'sceNpBasicGetFriendListEntryCount' in 'sceNp' module
LDR: ! Imported function 'sceNpManagerGetAccountRegion' in 'sceNp' module
LDR: ! Imported function 'sceNpScoreCreateTitleCtx' in 'sceNp' module
LDR: ! Imported function 'sceNpScoreDestroyTransactionCtx' in 'sceNp' module
LDR: ! Imported function 'sceNpLookupCreateTitleCtx' in 'sceNp' module
LDR: ! Imported function 'sceNpProfileCallGui' in 'sceNp' module
LDR: ! Imported function 'sceNpUtilCmpNpId' in 'sceNp' module
LDR: ! Imported function 'sceNpLookupCreateTransactionCtx' in 'sceNp' module
LDR: ! Imported function 'sceNpScoreAbortTransaction' in 'sceNp' module
LDR: ! Imported function 'sceNpFriendlist' in 'sceNp' module
LDR: ! Imported function 'sceNpBasicGetBlockListEntry' in 'sceNp' module
LDR: ! Imported function 'sceNpScoreGetRankingByRange' in 'sceNp' module
LDR: ! Imported function 'sceNpManagerGetNpId' in 'sceNp' module
LDR: ! Imported function 'sceNpDrmIsAvailable2' in 'sceNp' module
LDR: ! Imported function 'cellSysutilUnregisterCallback' in 'cellSysutil' module
LDR: ! Imported function 'cellVideoOutConfigure' in 'cellSysutil' module
LDR: ! Imported function 'cellSysutilCheckCallback' in 'cellSysutil' module
LDR: ! Imported function 'cellSysCacheMount' in 'cellSysutil' module
LDR: ! Imported function 'cellMsgDialogOpenErrorCode' in 'cellSysutil' module
LDR: ! Imported function 'cellSysutilGetSystemParamInt' in 'cellSysutil' module
LDR: ! Imported function 'cellAudioOutConfigure' in 'cellSysutil' module
LDR: ! Imported function 'cellMsgDialogAbort' in 'cellSysutil' module
LDR: ! Imported function 'cellMsgDialogOpen2' in 'cellSysutil' module
LDR: ! Imported function 'cellAudioOutGetDeviceInfo' in 'cellSysutil' module
LDR: W Unimplemented function 'cellSysconfAbort' in 'cellSysutil' module
LDR: ! Imported function 'cellVideoOutGetState' in 'cellSysutil' module
LDR: ! Imported function 'cellSaveDataAutoSave2' in 'cellSysutil' module
LDR: ! Imported function 'cellSysutilRegisterCallback' in 'cellSysutil' module
LDR: ! Imported function 'cellVideoOutGetResolutionAvailability' in 'cellSysutil' module
LDR: W Unimplemented function 'cellSysconfOpen' in 'cellSysutil' module
LDR: ! Imported function 'cellAudioOutGetSoundAvailability' in 'cellSysutil' module
LDR: ! Imported function 'cellAudioOutSetCopyControl' in 'cellSysutil' module
LDR: ! Imported function 'cellVideoOutGetResolution' in 'cellSysutil' module
LDR: ! Imported function 'cellSaveDataAutoLoad2' in 'cellSysutil' module
LDR: ! Imported function 'sys_net_initialize_network_ex' in 'sys_net' module
LDR: ! Imported function 'listen' in 'sys_net' module
LDR: W Unimplemented function 'socketselect' in 'sys_net' module
LDR: ! Imported function 'connect' in 'sys_net' module
LDR: ! Imported function 'socketclose' in 'sys_net' module
LDR: ! Imported function 'setsockopt' in 'sys_net' module
LDR: ! Imported function 'socket' in 'sys_net' module
LDR: ! Imported function 'shutdown' in 'sys_net' module
LDR: ! Imported function 'bind' in 'sys_net' module
LDR: ! Imported function 'sys_net_show_ifconfig' in 'sys_net' module
LDR: ! Imported function 'sys_net_finalize_network' in 'sys_net' module
LDR: ! Imported function 'accept' in 'sys_net' module
LDR: ! Imported function 'inet_addr' in 'sys_net' module
LDR: ! Imported function 'send' in 'sys_net' module
LDR: ! Imported function 'recv' in 'sys_net' module
LDR: ! Imported function 'sys_net_free_thread_context' in 'sys_net' module
LDR: ! Imported function 'cellNetCtlNetStartDialogLoadAsync' in 'cellNetCtl' module
LDR: ! Imported function 'cellNetCtlAddHandler' in 'cellNetCtl' module
LDR: ! Imported function 'cellNetCtlNetStartDialogUnloadAsync' in 'cellNetCtl' module
LDR: ! Imported function 'cellNetCtlTerm' in 'cellNetCtl' module
LDR: ! Imported function 'cellNetCtlGetInfo' in 'cellNetCtl' module
LDR: ! Imported function 'cellNetCtlGetState' in 'cellNetCtl' module
LDR: ! Imported function 'cellNetCtlDelHandler' in 'cellNetCtl' module
LDR: ! Imported function 'cellNetCtlInit' in 'cellNetCtl' module
LDR: ! Imported function 'cellAudioInit' in 'cellAudio' module
LDR: ! Imported function 'cellAudioSetNotifyEventQueue' in 'cellAudio' module
LDR: ! Imported function 'cellAudioGetPortTimestamp' in 'cellAudio' module
LDR: ! Imported function 'cellAudioPortClose' in 'cellAudio' module
LDR: ! Imported function 'cellAudioPortStop' in 'cellAudio' module
LDR: ! Imported function 'cellAudioGetPortConfig' in 'cellAudio' module
LDR: ! Imported function 'cellAudioPortStart' in 'cellAudio' module
LDR: ! Imported function 'cellAudioQuit' in 'cellAudio' module
LDR: ! Imported function 'cellAudioPortOpen' in 'cellAudio' module
LDR: ! Imported function 'cellAudioGetPortBlockTag' in 'cellAudio' module
LDR: ! Imported function 'cellAudioRemoveNotifyEventQueue' in 'cellAudio' module
LDR: ! Imported function 'cellAdecDecodeAu' in 'cellAdec' module
LDR: ! Imported function 'cellAdecStartSeq' in 'cellAdec' module
LDR: ! Imported function 'cellAdecQueryAttr' in 'cellAdec' module
LDR: ! Imported function 'cellAdecClose' in 'cellAdec' module
LDR: ! Imported function 'cellAdecOpenEx' in 'cellAdec' module
LDR: ! Imported function 'cellAdecGetPcm' in 'cellAdec' module
LDR: ! Imported function 'cellAdecGetPcmItem' in 'cellAdec' module
LDR: ! Imported function '_cellSpursLFQueueInitialize' in 'cellSpurs' module
LDR: ! Imported function 'cellSpursAttributeSetNamePrefix' in 'cellSpurs' module
LDR: ! Imported function 'cellSpursTaskExitCodeGet' in 'cellSpurs' module
LDR: ! Imported function '_cellSpursTasksetAttributeInitialize' in 'cellSpurs' module
LDR: ! Imported function 'cellSpursLFQueueAttachLv2EventQueue' in 'cellSpurs' module
LDR: W Unimplemented function 'cellSpursRequestIdleSpu' in 'cellSpurs' module
LDR: ! Imported function 'cellSpursCreateTaskWithAttribute' in 'cellSpurs' module
LDR: ! Imported function 'cellSpursGetInfo' in 'cellSpurs' module
LDR: ! Imported function 'cellSpursEventFlagDetachLv2EventQueue' in 'cellSpurs' module
LDR: ! Imported function 'cellSpursCreateJobChainWithAttribute' in 'cellSpurs' module
LDR: ! Imported function 'cellSpursTaskExitCodeInitialize' in 'cellSpurs' module
LDR: ! Imported function '_cellSpursJobChainAttributeInitialize' in 'cellSpurs' module
LDR: ! Imported function 'cellSpursEventFlagWait' in 'cellSpurs' module
LDR: W Unimplemented function 'cellSpursWorkloadAttributeSetName' in 'cellSpurs' module
LDR: ! Imported function 'cellSpursEventFlagClear' in 'cellSpurs' module
LDR: W Unimplemented function 'cellSpursGetWorkloadInfo' in 'cellSpurs' module
LDR: ! Imported function 'cellSpursDetachLv2EventQueue' in 'cellSpurs' module
LDR: W Unimplemented function 'cellSpursRemoveWorkload' in 'cellSpurs' module
LDR: ! Imported function '_cellSpursEventFlagInitialize' in 'cellSpurs' module
LDR: W Unimplemented function 'cellSpursWaitForWorkloadShutdown' in 'cellSpurs' module
LDR: ! Imported function 'cellSpursTasksetAttributeSetName' in 'cellSpurs' module
LDR: ! Imported function 'cellSpursJobGuardInitialize' in 'cellSpurs' module
LDR: ! Imported function 'cellSpursShutdownJobChain' in 'cellSpurs' module
LDR: ! Imported function 'cellSpursLFQueueDetachLv2EventQueue' in 'cellSpurs' module
LDR: ! Imported function 'cellSpursSetPriorities' in 'cellSpurs' module
LDR: ! Imported function 'cellSpursEventFlagAttachLv2EventQueue' in 'cellSpurs' module
LDR: ! Imported function '_cellSpursLFQueuePushBody' in 'cellSpurs' module
LDR: W Unimplemented function 'cellSpursTasksetAttributeSetTasksetSize' in 'cellSpurs' module
LDR: ! Imported function '_cellSpursAttributeInitialize' in 'cellSpurs' module
LDR: W Unimplemented function 'cellSpursShutdownWorkload' in 'cellSpurs' module
LDR: ! Imported function 'cellSpursJoinTaskset' in 'cellSpurs' module
LDR: ! Imported function 'cellSpursJobChainAttributeSetName' in 'cellSpurs' module
LDR: ! Imported function 'cellSpursTaskAttributeSetExitCodeContainer' in 'cellSpurs' module
LDR: ! Imported function 'cellSpursShutdownTaskset' in 'cellSpurs' module
LDR: ! Imported function 'cellSpursJoinJobChain' in 'cellSpurs' module
LDR: ! Imported function 'cellSpursInitializeWithAttribute' in 'cellSpurs' module
LDR: ! Imported function '_cellSpursTaskAttributeInitialize' in 'cellSpurs' module
LDR: ! Imported function 'cellSpursAttachLv2EventQueue' in 'cellSpurs' module
LDR: W Unimplemented function 'cellSpursAddWorkloadWithAttribute' in 'cellSpurs' module
LDR: ! Imported function 'cellSpursCreateTasksetWithAttribute' in 'cellSpurs' module
LDR: ! Imported function 'cellSpursFinalize' in 'cellSpurs' module
LDR: ! Imported function 'cellSpursSetExceptionEventHandler' in 'cellSpurs' module
LDR: ! Imported function 'cellSpursJobGuardNotify' in 'cellSpurs' module
LDR: W Unimplemented function '_cellSpursWorkloadAttributeInitialize' in 'cellSpurs' module
LDR: ! Imported function 'cellSpursRunJobChain' in 'cellSpurs' module
LDR: W Unimplemented function 'cellSpursReadyCountStore' in 'cellSpurs' module
LDR: ! Imported function 'cellSpursCreateTask' in 'cellSpurs' module
LDR: ! Imported function 'cellSyncLFQueueSize' in 'cellSync' module
LDR: ! Imported function 'cellSyncMutexUnlock' in 'cellSync' module
LDR: ! Imported function 'cellSyncMutexInitialize' in 'cellSync' module
LDR: ! Imported function 'cellSyncMutexTryLock' in 'cellSync' module
LDR: ! Imported function 'cellFontCreateRenderer' in 'cellFont' module
LDR: ! Imported function 'cellFontGetHorizontalLayout' in 'cellFont' module
LDR: ! Imported function 'cellFontDestroyRenderer' in 'cellFont' module
LDR: ! Imported function 'cellFontSetupRenderScalePixel' in 'cellFont' module
LDR: ! Imported function 'cellFontSetEffectWeight' in 'cellFont' module
LDR: ! Imported function 'cellFontSetScalePixel' in 'cellFont' module
LDR: ! Imported function 'cellFontGetRenderCharGlyphMetrics' in 'cellFont' module
LDR: ! Imported function 'cellFontEndLibrary' in 'cellFont' module
LDR: ! Imported function 'cellFontBindRenderer' in 'cellFont' module
LDR: ! Imported function 'cellFontSetScalePoint' in 'cellFont' module
LDR: ! Imported function 'cellFontEnd' in 'cellFont' module
LDR: ! Imported function 'cellFontSetEffectSlant' in 'cellFont' module
LDR: ! Imported function 'cellFontRenderCharGlyphImage' in 'cellFont' module
LDR: ! Imported function 'cellFontRenderSurfaceInit' in 'cellFont' module
LDR: ! Imported function 'cellFontOpenFontMemory' in 'cellFont' module
LDR: ! Imported function 'cellFontCloseFont' in 'cellFont' module
LDR: ! Imported function 'cellFontRenderSurfaceSetScissor' in 'cellFont' module
LDR: ! Imported function 'cellFontInitializeWithRevision' in 'cellFont' module
LDR: ! Imported function 'cellFontUnbindRenderer' in 'cellFont' module
LDR: ! Imported function 'cellFontSetResolutionDpi' in 'cellFont' module
LDR: ! Imported function 'cellFontInitLibraryFreeTypeWithRevision' in 'cellFontFT' module
LDR: W Unimplemented function 'cellCameraStop' in 'cellCamera' module
LDR: W Unimplemented function 'cellCameraReadEx' in 'cellCamera' module
LDR: W Unimplemented function 'cellCameraClose' in 'cellCamera' module
LDR: W Unimplemented function 'cellCameraRemoveNotifyEventQueue2' in 'cellCamera' module
LDR: W Unimplemented function 'cellCameraStart' in 'cellCamera' module
LDR: W Unimplemented function 'cellCameraGetType' in 'cellCamera' module
LDR: W Unimplemented function 'cellCameraEnd' in 'cellCamera' module
LDR: W Unimplemented function 'cellCameraOpenEx' in 'cellCamera' module
LDR: W Unimplemented function 'cellCameraIsStarted' in 'cellCamera' module
LDR: W Unimplemented function 'cellCameraIsAttached' in 'cellCamera' module
LDR: W Unimplemented function 'cellCameraReset' in 'cellCamera' module
LDR: W Unimplemented function 'cellCameraSetAttribute' in 'cellCamera' module
LDR: W Unimplemented function 'cellCameraSetNotifyEventQueue2' in 'cellCamera' module
LDR: W Unimplemented function 'cellCameraInit' in 'cellCamera' module
LDR: W Unimplemented function 'cellCameraIsOpen' in 'cellCamera' module
LDR: W Unknown module 'libgem'
LDR: ! Imported function 'cellGemUpdateStart' in 'libgem' module
LDR: ! Imported function 'cellGemInit' in 'libgem' module
LDR: ! Imported function 'cellGemGetTrackerHue' in 'libgem' module
LDR: ! Imported function 'cellGemConvertVideoFinish' in 'libgem' module
LDR: ! Imported function 'cellGemEnableMagnetometer' in 'libgem' module
LDR: ! Imported function 'cellGemGetRGB' in 'libgem' module
LDR: ! Imported function 'cellGemGetMemorySize' in 'libgem' module
LDR: ! Imported function 'cellGemUpdateFinish' in 'libgem' module
LDR: ! Imported function 'cellGemSetRumble' in 'libgem' module
LDR: ! Imported function 'cellGemGetState' in 'libgem' module
LDR: ! Imported function 'cellGemGetRumble' in 'libgem' module
LDR: ! Imported function 'cellGemConvertVideoStart' in 'libgem' module
LDR: ! Imported function 'cellGemSetYaw' in 'libgem' module
LDR: ! Imported function 'cellGemTrackHues' in 'libgem' module
LDR: ! Imported function 'cellGemGetImageState' in 'libgem' module
LDR: ! Imported function 'cellGemClearStatusFlags' in 'libgem' module
LDR: ! Imported function 'cellGemGetInfo' in 'libgem' module
LDR: ! Imported function 'cellGemPrepareCamera' in 'libgem' module
LDR: ! Imported function 'cellGemCalibrate' in 'libgem' module
LDR: ! Imported function 'cellGemPrepareVideoConvert' in 'libgem' module
LDR: ! Imported function 'cellGemHSVtoRGB' in 'libgem' module
LDR: ! Imported function 'cellGemForceRGB' in 'libgem' module
LDR: ! Imported function 'cellGemGetInertialState' in 'libgem' module
LDR: ! Imported function 'cellGemEnd' in 'libgem' module
LDR: ! Imported function 'cellGemInvalidateCalibration' in 'libgem' module
LDR: ! Imported function 'cellGemIsTrackableHue' in 'libgem' module
LDR: ! Imported function 'cellGemGetStatusFlags' in 'libgem' module
LDR: ! Imported function 'sceNpTrophyRegisterContext' in 'sceNpTrophy' module
LDR: ! Imported function 'sceNpTrophyCreateHandle' in 'sceNpTrophy' module
LDR: ! Imported function 'sceNpTrophySetSoundLevel' in 'sceNpTrophy' module
LDR: ! Imported function 'sceNpTrophyGetRequiredDiskSpace' in 'sceNpTrophy' module
LDR: ! Imported function 'sceNpTrophyInit' in 'sceNpTrophy' module
LDR: ! Imported function 'sceNpTrophyAbortHandle' in 'sceNpTrophy' module
LDR: ! Imported function 'sceNpTrophyUnlockTrophy' in 'sceNpTrophy' module
LDR: ! Imported function 'sceNpTrophyTerm' in 'sceNpTrophy' module
LDR: ! Imported function 'sceNpTrophyGetTrophyUnlockState' in 'sceNpTrophy' module
LDR: ! Imported function 'sceNpTrophyCreateContext' in 'sceNpTrophy' module
LDR: ! Imported function 'cellDmuxQueryEsAttr' in 'cellDmux' module
LDR: ! Imported function 'cellDmuxSetStream' in 'cellDmux' module
LDR: ! Imported function 'cellDmuxDisableEs' in 'cellDmux' module
LDR: ! Imported function 'cellDmuxReleaseAu' in 'cellDmux' module
LDR: ! Imported function 'cellDmuxGetAu' in 'cellDmux' module
LDR: ! Imported function 'cellDmuxResetStream' in 'cellDmux' module
LDR: ! Imported function 'cellDmuxEnableEs' in 'cellDmux' module
LDR: ! Imported function 'cellDmuxClose' in 'cellDmux' module
LDR: ! Imported function 'cellDmuxQueryAttr' in 'cellDmux' module
LDR: ! Imported function 'cellDmuxOpenEx' in 'cellDmux' module
LDR: W Unimplemented function 'sceNp2Init' in 'sceNp2' module
LDR: ! Imported function 'cellPamfStreamTypeToEsFilterId' in 'cellPamf' module
LDR: ! Imported function 'cellPamfReaderSetStreamWithTypeAndIndex' in 'cellPamf' module
LDR: ! Imported function 'cellPamfGetStreamOffsetAndSize' in 'cellPamf' module
LDR: ! Imported function 'cellPamfReaderGetStreamInfo' in 'cellPamf' module
LDR: ! Imported function 'cellPamfReaderGetStreamTypeAndChannel' in 'cellPamf' module
LDR: ! Imported function 'cellPamfReaderInitialize' in 'cellPamf' module
LDR: ! Imported function 'cellPamfGetHeaderSize' in 'cellPamf' module
LDR: ! Imported function 'cellPamfReaderGetNumberOfSpecificStreams' in 'cellPamf' module
LDR: ! Imported function 'cellVdecOpenEx' in 'libvdec' module
LDR: ! Imported function 'cellVdecClose' in 'libvdec' module
LDR: ! Imported function 'cellVdecGetPicItem' in 'libvdec' module
LDR: ! Imported function 'cellVdecDecodeAu' in 'libvdec' module
LDR: ! Imported function 'cellVdecGetPicture' in 'libvdec' module
LDR: ! Imported function 'cellVdecStartSeq' in 'libvdec' module
LDR: ! Imported function 'cellVdecQueryAttrEx' in 'libvdec' module
LDR: W Unimplemented function 'cellMicOpenEx' in 'cellMic' module
LDR: W Unimplemented function 'cellMicIsAttached' in 'cellMic' module
LDR: W Unimplemented function 'cellMicRemoveNotifyEventQueue' in 'cellMic' module
LDR: W Unimplemented function 'cellMicGetDeviceAttr' in 'cellMic' module
LDR: W Unimplemented function 'cellMicReset' in 'cellMic' module
LDR: W Unimplemented function 'cellMicSetNotifyEventQueue' in 'cellMic' module
LDR: W Unimplemented function 'cellMicInit' in 'cellMic' module
LDR: W Unimplemented function 'cellMicClose' in 'cellMic' module
LDR: W Unimplemented function 'cellMicGetType' in 'cellMic' module
LDR: W Unimplemented function 'cellMicSetDeviceAttr' in 'cellMic' module
LDR: W Unimplemented function 'cellMicGetSignalState' in 'cellMic' module
LDR: W Unimplemented function 'cellMicReadDsp' in 'cellMic' module
LDR: W Unimplemented function 'cellMicEnd' in 'cellMic' module
LDR: W Unimplemented function 'cellMicStart' in 'cellMic' module
LDR: W Unimplemented function 'cellMicStop' in 'cellMic' module
HLE: W {PPU[1] Thread (CPUThread)[0x00aca034]} sys_lwmutex warning: *** lwmutex created [_lc_mtx] (attribute=0x12): sq_id = 3
HLE: W {PPU[1] Thread (CPUThread)[0x003518ac]} memory warning: sys_memory_get_user_memory_size(mem_info_addr=0xd0010c04)
HLE: W {PPU[1] Thread (CPUThread)[0x00aca034]} sys_lwmutex warning: *** lwmutex created [_lc_mtx] (attribute=0x12): sq_id = 4
HLE: W {PPU[1] Thread (CPUThread)[0x00aca034]} sys_lwmutex warning: *** lwmutex created [_lc_mtx] (attribute=0x12): sq_id = 5
HLE: W {PPU[1] Thread (CPUThread)[0x00aca034]} sys_lwmutex warning: *** lwmutex created [_lc_mtx] (attribute=0x12): sq_id = 6
HLE: W {PPU[1] Thread (CPUThread)[0x00aca034]} sys_lwmutex warning: *** lwmutex created [_lc_mtx] (attribute=0x12): sq_id = 7
HLE: W {PPU[1] Thread (CPUThread)[0x00aca034]} sys_lwmutex warning: *** lwmutex created [_lc_mtx] (attribute=0x12): sq_id = 8
HLE: W {PPU[1] Thread (CPUThread)[0x00aca034]} sys_lwmutex warning: *** lwmutex created [_lc_mtx] (attribute=0x12): sq_id = 9
HLE: W {PPU[1] Thread (CPUThread)[0x00aca034]} sys_lwmutex warning: *** lwmutex created [_lc_mtx] (attribute=0x12): sq_id = 10
HLE: W {PPU[1] Thread (CPUThread)[0x00aca034]} sys_lwmutex warning: *** lwmutex created [_lc_mtx] (attribute=0x12): sq_id = 11
HLE: W {PPU[1] Thread (CPUThread)[0x00aca034]} sys_lwmutex warning: *** lwmutex created [_lc_mtx] (attribute=0x12): sq_id = 12
HLE: W {PPU[1] Thread (CPUThread)[0x00aca034]} sys_lwmutex warning: *** lwmutex created [_lgcmtx] (attribute=0x12): sq_id = 13
HLE: W {PPU[1] Thread (CPUThread)[0x00aca034]} sys_lwmutex warning: *** lwmutex created [_lgcmtx] (attribute=0x12): sq_id = 14
HLE: W {PPU[1] Thread (CPUThread)[0x0023c880]} vm warning: sys_vm_memory_map(vsize=0x4000000,psize=0x1b70000,cidr=0xffffffff,flags=0x200,policy=0x1,addr=0xd98f64)
HLE: W {PPU[1] Thread (CPUThread)[0x00aca034]} sys_lwmutex warning: *** lwmutex created [] (attribute=0x22): sq_id = 15
HLE: W {PPU[1] Thread (CPUThread)[0x00aca034]} sys_lwmutex warning: *** lwmutex created [] (attribute=0x22): sq_id = 16
HLE: W {PPU[1] Thread (CPUThread)[0x00aca034]} sys_lwmutex warning: *** lwmutex created [] (attribute=0x22): sq_id = 17
HLE: W {PPU[1] Thread (CPUThread)[0x00aca034]} sys_lwmutex warning: *** lwmutex created [] (attribute=0x22): sq_id = 18
G: E {PPU[1] Thread (CPUThread)[0x002f97f0]} Exception: Access violation: addr = 0x32400030 (last_syscall=0x0 (Unknown func id: 0x00000000))
HLE: ! All threads stopped...
MEM: ! Closing memory...
