HLE: ! path: /dev_hdd0/game/
LDR: ! Loading 'D:\Emulateurs\Rpcs3\dev_hdd0\game\BLES01030-[Atelier Rorona The Alchemist of Arland]/PS3_GAME/USRDIR/BOOT.BIN'...
LDR: !  
LDR: ! Mount info:
LDR: ! /dev_hdd0/ -> D:\Emulateurs\Rpcs3/dev_hdd0/
LDR: ! /dev_hdd1/ -> D:\Emulateurs\Rpcs3/dev_hdd1/
LDR: ! /dev_flash/ -> D:\Emulateurs\Rpcs3/dev_flash/
LDR: ! /dev_usb000/ -> D:\Emulateurs\Rpcs3/dev_usb000/
LDR: ! /dev_usb/ -> D:\Emulateurs\Rpcs3/dev_usb000/
LDR: ! /app_home/ -> D:\Emulateurs\Rpcs3\dev_hdd0\game\BLES01030-[Atelier Rorona The Alchemist of Arland]/PS3_GAME/
LDR: ! /dev_bdvd/ -> D:\Emulateurs\Rpcs3\dev_hdd0\game\BLES01030-[Atelier Rorona The Alchemist of Arland]/PS3_GAME//../
LDR: ! /host_root/ -> 
LDR: ! / -> D:\Emulateurs\Rpcs3\dev_hdd0\game\BLES01030-[Atelier Rorona The Alchemist of Arland]/PS3_GAME//USRDIR/
LDR: ! /app_home/PS3_GAME/USRDIR/ -> D:\Emulateurs\Rpcs3\dev_hdd0\game\BLES01030-[Atelier Rorona The Alchemist of Arland]/PS3_GAME//USRDIR/
LDR: ! /dev_flash2/ -> D:\Emulateurs\Rpcs3/dev_flash2/
LDR: ! /app_home/Game/PS3_GAME/USRDIR/ -> D:\Emulateurs\Rpcs3\dev_hdd0\game\BLES01030-[Atelier Rorona The Alchemist of Arland]/PS3_GAME//USRDIR/
LDR: !  
MEM: ! Initing memory: m_base_addr = 0xff78490000
MEM: ! Memory initialized.
LDR: ! Function 'cellAANConnect' hooked (addr=0x32800)
LDR: ! Function 'cellSurMixerGetAANHandle' hooked (addr=0x328a4)
LDR: ! Function 'cellSurMixerChStripGetAANPortNo' hooked (addr=0x3305c)
LDR: ! Function 'cellSurMixerStart' hooked (addr=0x34940)
LDR: ! Function 'cellSurMixerFinalize' hooked (addr=0x34c48)
LDR: ! Function 'cellSurMixerCreate' hooked (addr=0x3550c)
LDR: ! Function 'cellSSPlayerSetWave' hooked (addr=0x3afcc)
LDR: ! Function 'cellSSPlayerPlay' hooked (addr=0x3c1c0)
LDR: ! Function 'cellSSPlayerCreate' hooked (addr=0x3c42c)
LDR: E Function 'cellAANAddData' not found
LDR: E Function 'cellAANDisconnect' not found
LDR: E Function group [surmxAAN] failed: missing;
LDR: E Function 'cellSurMixerSetNotifyCallback' not found
LDR: E Function 'cellSurMixerRemoveNotifyCallback' not found
LDR: E Function 'cellSurMixerSetParameter' not found
LDR: E Function 'cellSurMixerSurBusAddData' not found
LDR: E Function 'cellSurMixerChStripSetParameter' not found
LDR: E Function 'cellSurMixerPause' not found
LDR: E Function 'cellSurMixerGetCurrentBlockTag' not found
LDR: E Function 'cellSurMixerGetTimestamp' not found
LDR: E Function 'cellSurMixerBeep' not found
LDR: E Function group [surmixer] failed: missing;
LDR: E Function 'cellSSPlayerRemove' not found
LDR: E Function 'cellSSPlayerStop' not found
LDR: E Function 'cellSSPlayerSetParam' not found
LDR: E Function 'cellSSPlayerGetState' not found
LDR: E Function group [surmxSSP] failed: missing;
LDR: W Unimplemented function 'cellSaveDataListAutoLoad' in 'cellSysutil' module
LDR: W Unimplemented function 'cellSaveDataListAutoSave' in 'cellSysutil' module
LDR: W Unimplemented function 'cellSaveDataUserFixedDelete' in 'cellSysutil' module
LDR: W Unimplemented function 'cellSaveDataDelete2' in 'cellSysutil' module
LDR: W Unimplemented function 'cellSpursRemoveWorkload' in 'cellSpurs' module
LDR: W Unimplemented function 'cellSpursWaitForWorkloadShutdown' in 'cellSpurs' module
LDR: W Unimplemented function 'cellSpursAddWorkload' in 'cellSpurs' module
LDR: W Unimplemented function 'cellSpursWakeUp' in 'cellSpurs' module
LDR: W Unimplemented function 'cellSpursShutdownWorkload' in 'cellSpurs' module
LDR: W Unimplemented function '_cellSpursWorkloadFlagReceiver' in 'cellSpurs' module
LDR: W Unimplemented function 'cellSpursGetWorkloadFlag' in 'cellSpurs' module
LDR: W Unimplemented function 'cellSpursReadyCountStore' in 'cellSpurs' module
LDR: W Unimplemented function 'cellFontGetKerning' in 'cellFont' module
LDR: W Unimplemented function 'cellFontGetRenderEffectSlant' in 'cellFont' module
LDR: W Unimplemented function 'cellSailGraphicsAdapterGetFrame' in 'cellSail' module
LDR: W Unimplemented function 'cellSailFutureReset' in 'cellSail' module
LDR: W Unimplemented function 'cellSailPlayerFinalize' in 'cellSail' module
LDR: W Unimplemented function 'cellSailPlayerSetGraphicsAdapter' in 'cellSail' module
LDR: W Unimplemented function 'cellSailGraphicsAdapterInitialize' in 'cellSail' module
LDR: W Unimplemented function 'cellSailPlayerInitialize2' in 'cellSail' module
LDR: W Unimplemented function 'cellSailGraphicsAdapterSetPreferredFormat' in 'cellSail' module
LDR: W Unimplemented function 'cellSailMemAllocatorInitialize' in 'cellSail' module
LDR: W Unimplemented function 'cellSailPlayerOpenStream' in 'cellSail' module
LDR: W Unimplemented function 'cellSailFutureGet' in 'cellSail' module
LDR: W Unimplemented function 'cellSailGraphicsAdapterUpdateAvSync' in 'cellSail' module
LDR: W Unimplemented function 'cellSailFutureInitialize' in 'cellSail' module
LDR: W Unimplemented function 'cellSailGraphicsAdapterFinalize' in 'cellSail' module
LDR: W Unimplemented function 'cellSailPlayerAddDescriptor' in 'cellSail' module
LDR: W Unimplemented function 'cellSailSoundAdapterGetFrame' in 'cellSail' module
LDR: W Unimplemented function 'cellSailFutureFinalize' in 'cellSail' module
LDR: W Unimplemented function 'cellSailFutureSet' in 'cellSail' module
LDR: W Unimplemented function 'cellSailPlayerBoot' in 'cellSail' module
LDR: W Unimplemented function 'cellSailSoundAdapterFinalize' in 'cellSail' module
LDR: W Unimplemented function 'cellSailPlayerCreateDescriptor' in 'cellSail' module
LDR: W Unimplemented function 'cellSailPlayerStart' in 'cellSail' module
LDR: W Unimplemented function 'cellSailPlayerStop' in 'cellSail' module
LDR: W Unimplemented function 'cellSailSoundAdapterUpdateAvSync' in 'cellSail' module
LDR: W Unimplemented function 'cellSailSoundAdapterGetFormat' in 'cellSail' module
LDR: W Unimplemented function 'cellSailPlayerSetRepeatMode' in 'cellSail' module
LDR: W Unimplemented function 'cellSailPlayerDestroyDescriptor' in 'cellSail' module
LDR: W Unimplemented function 'cellSailGraphicsAdapterGetFormat' in 'cellSail' module
LDR: W Unimplemented function '_sys_heap_free' in 'sysPrxForUser' module
LDR: W Unimplemented function '_sys_heap_delete_heap' in 'sysPrxForUser' module
LDR: W Unimplemented function 'socketselect' in 'sys_net' module
HLE: W PPU[1] Thread (CPUThread)[0x0155e04c]sys_lwmutex warning: *** lwmutex created [_lc_mtx] (attribute=0x12): sq_id = 3
HLE: W PPU[1] Thread (CPUThread)[0x0001f91c]memory warning: sys_memory_get_user_memory_size(mem_info_addr=0xd0010c04)
HLE: W PPU[1] Thread (CPUThread)[0x0155e04c]sys_lwmutex warning: *** lwmutex created [_lc_mtx] (attribute=0x12): sq_id = 4
HLE: W PPU[1] Thread (CPUThread)[0x0155e04c]sys_lwmutex warning: *** lwmutex created [_lc_mtx] (attribute=0x12): sq_id = 5
HLE: W PPU[1] Thread (CPUThread)[0x0155e04c]sys_lwmutex warning: *** lwmutex created [_lc_mtx] (attribute=0x12): sq_id = 6
HLE: W PPU[1] Thread (CPUThread)[0x0155e04c]sys_lwmutex warning: *** lwmutex created [_lc_mtx] (attribute=0x12): sq_id = 7
HLE: W PPU[1] Thread (CPUThread)[0x0155e04c]sys_lwmutex warning: *** lwmutex created [_lc_mtx] (attribute=0x12): sq_id = 8
HLE: W PPU[1] Thread (CPUThread)[0x0155e04c]sys_lwmutex warning: *** lwmutex created [_lc_mtx] (attribute=0x12): sq_id = 9
HLE: W PPU[1] Thread (CPUThread)[0x0155e04c]sys_lwmutex warning: *** lwmutex created [_lc_mtx] (attribute=0x12): sq_id = 10
HLE: W PPU[1] Thread (CPUThread)[0x0155e04c]sys_lwmutex warning: *** lwmutex created [_lc_mtx] (attribute=0x12): sq_id = 11
HLE: W PPU[1] Thread (CPUThread)[0x0155e04c]sys_lwmutex warning: *** lwmutex created [_lc_mtx] (attribute=0x12): sq_id = 12
HLE: W PPU[1] Thread (CPUThread)[0x0155e04c]sys_lwmutex warning: *** lwmutex created [] (attribute=0x22): sq_id = 13
HLE: W PPU[1] Thread (CPUThread)[0x0040f0d0]sys_mutex warning: *** mutex created [] (protocol=0x2, recursive=false): id = 14
HLE: W PPU[1] Thread (CPUThread)[0x0040f0d0]sys_mutex warning: *** mutex created [] (protocol=0x2, recursive=false): id = 15
HLE: W PPU[1] Thread (CPUThread)[0x0040f0d0]sys_mutex warning: *** mutex created [] (protocol=0x2, recursive=false): id = 16
HLE: W PPU[1] Thread (CPUThread)[0x0040f0d0]sys_mutex warning: *** mutex created [] (protocol=0x2, recursive=false): id = 17
HLE: W PPU[1] Thread (CPUThread)[0x0040f0d0]sys_mutex warning: *** mutex created [] (protocol=0x2, recursive=false): id = 18
HLE: W PPU[1] Thread (CPUThread)[0x0040f30c]sys_mutex warning: sys_mutex_destroy(mutex_id=16)
HLE: ! PPU[1] Thread (CPUThread)[0x0040f30c]Mutex(16) was owned by thread -1 (recursive=0)
HLE: W PPU[1] Thread (CPUThread)[0x0040f0d0]sys_mutex warning: *** mutex created [] (protocol=0x2, recursive=false): id = 19
HLE: W PPU[1] Thread (CPUThread)[0x0040f0d0]sys_mutex warning: *** mutex created [] (protocol=0x2, recursive=false): id = 20
HLE: W PPU[1] Thread (CPUThread)[0x0040f0d0]sys_mutex warning: *** mutex created [] (protocol=0x2, recursive=false): id = 21
HLE: W PPU[1] Thread (CPUThread)[0x0040f30c]sys_mutex warning: sys_mutex_destroy(mutex_id=19)
HLE: ! PPU[1] Thread (CPUThread)[0x0040f30c]Mutex(19) was owned by thread -1 (recursive=0)
HLE: W PPU[1] Thread (CPUThread)[0x0040a638]sys_mutex warning: *** mutex created [] (protocol=0x2, recursive=false): id = 22
HLE: W PPU[1] Thread (CPUThread)[0x00ea2064]cellSysutil warning: cellSysutilGetSystemParamInt: CELL_SYSUTIL_SYSTEMPARAM_ID_LANG
HLE: W PPU[1] Thread (CPUThread)[0x00eac010]cellSysmodule warning: cellSysmoduleLoadModule(CELL_SYSMODULE_FS)
HLE: W PPU[1] Thread (CPUThread)[0x00eac010]cellSysmodule warning: cellSysmoduleLoadModule(CELL_SYSMODULE_IO)
HLE: W PPU[1] Thread (CPUThread)[0x00eac010]cellSysmodule warning: cellSysmoduleLoadModule(CELL_SYSMODULE_SYNC)
HLE: W PPU[1] Thread (CPUThread)[0x00eac010]cellSysmodule warning: cellSysmoduleLoadModule(CELL_SYSMODULE_SYSUTIL)
HLE: W PPU[1] Thread (CPUThread)[0x00eac010]cellSysmodule warning: cellSysmoduleLoadModule(CELL_SYSMODULE_SYSUTIL_GAME)
HLE: W PPU[1] Thread (CPUThread)[0x00eac010]cellSysmodule warning: cellSysmoduleLoadModule(CELL_SYSMODULE_SYSUTIL_NP)
HLE: W PPU[1] Thread (CPUThread)[0x00eac010]cellSysmodule warning: cellSysmoduleLoadModule(CELL_SYSMODULE_PAMF)
HLE: W PPU[1] Thread (CPUThread)[0x00eac010]cellSysmodule warning: cellSysmoduleLoadModule(CELL_SYSMODULE_NET)
HLE: W PPU[1] Thread (CPUThread)[0x00ea20f4]cellSysutil warning: cellSysutilRegisterCallback(slot=2, func_addr=0xf43ba8, userdata=0x0)
HLE: W PPU[1] Thread (CPUThread)[0x00eac010]cellSysmodule warning: cellSysmoduleLoadModule(CELL_SYSMODULE_USBD)
HLE: W PPU[1] Thread (CPUThread)[0x00eac010]cellSysmodule warning: cellSysmoduleLoadModule(CELL_SYSMODULE_NET)
HLE: W PPU[1] Thread (CPUThread)[0x00ea20f4]cellSysutil warning: cellSysutilRegisterCallback(slot=0, func_addr=0xf4d900, userdata=0x131bd80)
HLE: W PPU[1] Thread (CPUThread)[0x005176d0]sys_spu warning: sys_spu_initialize(max_usable_spu=6, max_raw_spu=0)
HLE: E PPU[1] Thread (CPUThread)[0x0001b6a4]sys_fs error: "/app_home/sampleArg.txt" not found! flags: 0x00000000
HLE: W PPU[1] Thread (CPUThread)[0x00ea401c]cellGcmSys warning: cellGcmInit(context_addr=0x12836e0,cmdSize=0xf0000,ioSize=0x100000,ioAddress=0x39600000)
HLE: W PPU[1] Thread (CPUThread)[0x00ea401c]cellGcmSys warning: *** local memory(addr=0xc0000000, size=0xf900000)
HLE: W PPU[1] Thread (CPUThread)[0x00ea401c]cellGcmSys warning: cellGcmInit(): 256MB io address space used
HLE: W PPU[1] Thread (CPUThread)[0x00ea401c]cellGcmSys warning: cellGcmMapEaIoAddress(ea=0x39600000, io=0x0, size=0x100000)
RSX: ! RSXThreadRSX thread started
HLE: W PPU[1] Thread (CPUThread)[0x00ea40e8]cellGcmSys warning: cellGcmSetVBlankHandler(handler_addr=0xf4d910)
HLE: W PPU[1] Thread (CPUThread)[0x00ea4010]cellGcmSys warning: cellGcmSetUserHandler(handler_addr=0xf4d938)
HLE: W PPU[1] Thread (CPUThread)[0x00ea2100]cellSysutil warning: cellVideoOutGetResolutionAvailability(videoOut=0, resolutionId=0x2, option_addr=0x2, aspect=0x0, option=0xfffffffe)
HLE: W PPU[1] Thread (CPUThread)[0x00ea4004]cellGcmSys warning: cellGcmGetTiledPitchSize(size=5120)
HLE: W PPU[1] Thread (CPUThread)[0x00ea4004]cellGcmSys warning: cellGcmGetTiledPitchSize(size=5120)
HLE: W PPU[1] Thread (CPUThread)[0x00ea2004]cellSysutil warning: cellVideoOutConfigure(videoOut=0, config_addr=0xd0010b44, option_addr=0x0, waitForEvent=0x0)
HLE: W PPU[1] Thread (CPUThread)[0x00ea4058]cellGcmSys warning: cellGcmSetFlipMode(mode=2)
HLE: W PPU[1] Thread (CPUThread)[0x00ea4004]cellGcmSys warning: cellGcmGetTiledPitchSize(size=10240)
HLE: W PPU[1] Thread (CPUThread)[0x00ea4004]cellGcmSys warning: cellGcmGetTiledPitchSize(size=10240)
HLE: W PPU[1] Thread (CPUThread)[0x00ea4100]cellGcmSys warning: cellGcmSetTileInfo(index=0, location=0, offset=0, size=7864320, pitch=5120, comp=7, base=0, bank=0)
HLE: E PPU[1] Thread (CPUThread)[0x00ea4100]cellGcmSys error: cellGcmSetTileInfo: bad compression mode! (7)
HLE: W PPU[1] Thread (CPUThread)[0x00ea404c]cellGcmSys warning: cellGcmBindTile(index=0)
HLE: W PPU[1] Thread (CPUThread)[0x00ea4100]cellGcmSys warning: cellGcmSetTileInfo(index=1, location=0, offset=7864320, size=15073280, pitch=10240, comp=12, base=120, bank=2)
HLE: E PPU[1] Thread (CPUThread)[0x00ea4100]cellGcmSys error: cellGcmSetTileInfo: bad compression mode! (12)
HLE: W PPU[1] Thread (CPUThread)[0x00ea404c]cellGcmSys warning: cellGcmBindTile(index=1)
HLE: W PPU[1] Thread (CPUThread)[0x00ea40b8]cellGcmSys warning: cellGcmBindZcull(index=0)
HLE: W PPU[1] Thread (CPUThread)[0x00ea4100]cellGcmSys warning: cellGcmSetTileInfo(index=2, location=0, offset=22937600, size=15073280, pitch=10240, comp=8, base=350, bank=0)
HLE: E PPU[1] Thread (CPUThread)[0x00ea4100]cellGcmSys error: cellGcmSetTileInfo: bad compression mode! (8)
HLE: W PPU[1] Thread (CPUThread)[0x00ea404c]cellGcmSys warning: cellGcmBindTile(index=2)
HLE: W PPU[1] Thread (CPUThread)[0x00eac010]cellSysmodule warning: cellSysmoduleLoadModule(CELL_SYSMODULE_RESC)
HLE: W PPU[1] Thread (CPUThread)[0x00ea6058]cellResc warning: cellRescInit(initConfig_addr=0xd0010b7c)
HLE: W PPU[1] Thread (CPUThread)[0x00ea6058]cellGcmSys warning: cellGcmGetTiledPitchSize(size=2880)
HLE: W PPU[1] Thread (CPUThread)[0x00ea6058]cellGcmSys warning: cellGcmGetTiledPitchSize(size=2880)
HLE: W PPU[1] Thread (CPUThread)[0x00ea6058]cellGcmSys warning: cellGcmGetTiledPitchSize(size=5120)
HLE: W PPU[1] Thread (CPUThread)[0x00ea6058]cellGcmSys warning: cellGcmGetTiledPitchSize(size=7680)
HLE: W PPU[1] Thread (CPUThread)[0x00ea6040]cellResc warning: cellRescSetDisplayMode(displayMode=4)
HLE: W PPU[1] Thread (CPUThread)[0x00ea6040]cellSysutil warning: cellVideoOutConfigure(videoOut=0, config_addr=0x30016000, option_addr=0x0, waitForEvent=0x0)
HLE: W PPU[1] Thread (CPUThread)[0x00ea6040]cellGcmSys warning: cellGcmSetFlipMode(mode=2)
HLE: W PPU[1] Thread (CPUThread)[0x00ea6064]cellResc warning: cellRescGetBufferSize(colorBuffers_addr=0xd0010af8, vertexArray_addr=0xd0010afc, fragmentShader_addr=0xd0010b00)
HLE: W PPU[1] Thread (CPUThread)[0x00ea607c]cellResc warning: cellRescSetBufferAddress(colorBuffers_addr=0xc2440000, vertexArray_addr=0xc3420000, fragmentShader_addr=0xc3420400)
HLE: W PPU[1] Thread (CPUThread)[0x00ea4100]cellGcmSys warning: cellGcmSetTileInfo(index=3, location=0, offset=38010880, size=16646144, pitch=7680, comp=7, base=580, bank=0)
HLE: E PPU[1] Thread (CPUThread)[0x00ea4100]cellGcmSys error: cellGcmSetTileInfo: bad compression mode! (7)
HLE: W PPU[1] Thread (CPUThread)[0x00ea404c]cellGcmSys warning: cellGcmBindTile(index=3)
HLE: W PPU[1] Thread (CPUThread)[0x00ea60a0]cellResc warning: cellRescCreateInterlaceTable(ea=0xc3420800, depth = 1, length = 128)
HLE: E PPU[1] Thread (CPUThread)[0x00ea60a0]cellResc error: cellRescCreateInterlaceTable : CELL_RESC_ERROR_NOT_INITIALIZED
HLE: W PPU[1] Thread (CPUThread)[0x00ea4088]cellGcmSys warning: cellGcmMapEaIoAddress(ea=0x39700000, io=0xd100000, size=0xf00000)
HLE: W PPU[1] Thread (CPUThread)[0x00ea4070]cellGcmSys warning: cellGcmMapEaIoAddressWithFlags(ea=0x3a600000, io=0xe000000, size=0x100000, flags=0x2)
HLE: W PPU[1] Thread (CPUThread)[0x00ea4070]cellGcmSys warning: cellGcmMapEaIoAddress(ea=0x3a600000, io=0xe000000, size=0x100000)
HLE: W PPU[1] Thread (CPUThread)[0x00eac010]cellSysmodule warning: cellSysmoduleLoadModule(CELL_SYSMODULE_NET)
HLE: W PPU[1] Thread (CPUThread)[0x00eac010]cellSysmodule warning: cellSysmoduleLoadModule(CELL_SYSMODULE_NETCTL)
HLE: W PPU[1] Thread (CPUThread)[0x00eac010]cellSysmodule warning: cellSysmoduleLoadModule(CELL_SYSMODULE_RESC)
HLE: W PPU[1] Thread (CPUThread)[0x00eac010]cellSysmodule warning: cellSysmoduleLoadModule(CELL_SYSMODULE_USBD)
HLE: W PPU[1] Thread (CPUThread)[0x00eac010]cellSysmodule warning: cellSysmoduleLoadModule(CELL_SYSMODULE_FS)
HLE: W PPU[1] Thread (CPUThread)[0x00eac010]cellSysmodule warning: cellSysmoduleLoadModule(CELL_SYSMODULE_SYSUTIL_GAME)
HLE: W PPU[1] Thread (CPUThread)[0x00eae058]cellSpurs warning: cellSpursInitialize(spurs_addr=0x3a600400, nSpus=4, spuPriority=250, ppuPriority=4294967295, exitIfNoWork=0)
HLE: W PPU[1] Thread (CPUThread)[0x0155e04c]sys_lwmutex warning: *** lwmutex created [] (attribute=0x22): sq_id = 23
HLE: W PPU[1] Thread (CPUThread)[0x0155e100]sys_lwcond warning: *** lwcond created [] (lwmutex_addr=0x30e43d30): id = 24
HLE: W PPU[1] Thread (CPUThread)[0x0155e04c]sys_lwmutex warning: *** lwmutex created [] (attribute=0x22): sq_id = 25
HLE: W PPU[1] Thread (CPUThread)[0x0155e100]sys_lwcond warning: *** lwcond created [] (lwmutex_addr=0x30e43da0): id = 26
HLE: W PPU[1] Thread (CPUThread)[0x0155e04c]sys_lwmutex warning: *** lwmutex created [] (attribute=0x22): sq_id = 27
HLE: W PPU[1] Thread (CPUThread)[0x0155e100]sys_lwcond warning: *** lwcond created [] (lwmutex_addr=0x30e43e00): id = 28
HLE: W PPU[1] Thread (CPUThread)[0x0155e04c]sys_lwmutex warning: *** lwmutex created [] (attribute=0x22): sq_id = 29
HLE: W PPU[1] Thread (CPUThread)[0x0155e100]sys_lwcond warning: *** lwcond created [] (lwmutex_addr=0x30e43e40): id = 30
HLE: W PPU[1] Thread (CPUThread)[0x0155e04c]sys_lwmutex warning: *** lwmutex created [] (attribute=0x22): sq_id = 31
HLE: W PPU[1] Thread (CPUThread)[0x0155e100]sys_lwcond warning: *** lwcond created [] (lwmutex_addr=0x30e43e80): id = 32
HLE: W PPU[1] Thread (CPUThread)[0x0155e04c]sys_lwmutex warning: *** lwmutex created [] (attribute=0x22): sq_id = 33
HLE: W PPU[1] Thread (CPUThread)[0x0155e100]sys_lwcond warning: *** lwcond created [] (lwmutex_addr=0x30e43ec0): id = 34
HLE: W PPU[1] Thread (CPUThread)[0x0155e04c]sys_lwmutex warning: *** lwmutex created [] (attribute=0x22): sq_id = 35
HLE: W PPU[1] Thread (CPUThread)[0x0155e100]sys_lwcond warning: *** lwcond created [] (lwmutex_addr=0x30e43f00): id = 36
HLE: W PPU[1] Thread (CPUThread)[0x0155e04c]sys_lwmutex warning: *** lwmutex created [] (attribute=0x22): sq_id = 37
HLE: W PPU[1] Thread (CPUThread)[0x0155e100]sys_lwcond warning: *** lwcond created [] (lwmutex_addr=0x30e43f40): id = 38
HLE: W PPU[1] Thread (CPUThread)[0x0155e04c]sys_lwmutex warning: *** lwmutex created [] (attribute=0x22): sq_id = 39
HLE: W PPU[1] Thread (CPUThread)[0x0155e100]sys_lwcond warning: *** lwcond created [] (lwmutex_addr=0x30e43f80): id = 40
HLE: W PPU[1] Thread (CPUThread)[0x0155e04c]sys_lwmutex warning: *** lwmutex created [] (attribute=0x22): sq_id = 41
HLE: W PPU[1] Thread (CPUThread)[0x0155e100]sys_lwcond warning: *** lwcond created [] (lwmutex_addr=0x30e43fc0): id = 42
HLE: W PPU[1] Thread (CPUThread)[0x0155e04c]sys_lwmutex warning: *** lwmutex created [] (attribute=0x22): sq_id = 43
HLE: W PPU[1] Thread (CPUThread)[0x0155e100]sys_lwcond warning: *** lwcond created [] (lwmutex_addr=0x30e44030): id = 44
HLE: W PPU[1] Thread (CPUThread)[0x0155e04c]sys_lwmutex warning: *** lwmutex created [] (attribute=0x22): sq_id = 45
HLE: W PPU[1] Thread (CPUThread)[0x0155e100]sys_lwcond warning: *** lwcond created [] (lwmutex_addr=0x30e44070): id = 46
HLE: W PPU[1] Thread (CPUThread)[0x0155e04c]sys_lwmutex warning: *** lwmutex created [] (attribute=0x22): sq_id = 47
HLE: W PPU[1] Thread (CPUThread)[0x0155e100]sys_lwcond warning: *** lwcond created [] (lwmutex_addr=0x30e440b0): id = 48
HLE: W PPU[1] Thread (CPUThread)[0x0155e04c]sys_lwmutex warning: *** lwmutex created [] (attribute=0x22): sq_id = 49
HLE: W PPU[1] Thread (CPUThread)[0x0155e100]sys_lwcond warning: *** lwcond created [] (lwmutex_addr=0x30e440f0): id = 50
HLE: W PPU[1] Thread (CPUThread)[0x0155e04c]sys_lwmutex warning: *** lwmutex created [] (attribute=0x22): sq_id = 51
HLE: W PPU[1] Thread (CPUThread)[0x0155e100]sys_lwcond warning: *** lwcond created [] (lwmutex_addr=0x30e44130): id = 52
HLE: W PPU[1] Thread (CPUThread)[0x0155e04c]sys_lwmutex warning: *** lwmutex created [] (attribute=0x22): sq_id = 53
HLE: W PPU[1] Thread (CPUThread)[0x0155e100]sys_lwcond warning: *** lwcond created [] (lwmutex_addr=0x30e441a0): id = 54
HLE: W PPU[1] Thread (CPUThread)[0x0155e04c]sys_lwmutex warning: *** lwmutex created [] (attribute=0x22): sq_id = 55
HLE: W PPU[1] Thread (CPUThread)[0x0155e100]sys_lwcond warning: *** lwcond created [] (lwmutex_addr=0x30e44210): id = 56
HLE: W PPU[1] Thread (CPUThread)[0x0155e04c]sys_lwmutex warning: *** lwmutex created [] (attribute=0x22): sq_id = 57
HLE: W PPU[1] Thread (CPUThread)[0x0155e100]sys_lwcond warning: *** lwcond created [] (lwmutex_addr=0x30e44250): id = 58
HLE: W PPU[1] Thread (CPUThread)[0x0155e04c]sys_lwmutex warning: *** lwmutex created [] (attribute=0x22): sq_id = 59
HLE: W PPU[1] Thread (CPUThread)[0x0155e100]sys_lwcond warning: *** lwcond created [] (lwmutex_addr=0x30e45190): id = 60
HLE: W PPU[1] Thread (CPUThread)[0x0155e04c]sys_lwmutex warning: *** lwmutex created [] (attribute=0x22): sq_id = 61
HLE: W PPU[1] Thread (CPUThread)[0x0155e100]sys_lwcond warning: *** lwcond created [] (lwmutex_addr=0x30e479e0): id = 62
HLE: W PPU[1] Thread (CPUThread)[0x0155e04c]sys_lwmutex warning: *** lwmutex created [] (attribute=0x22): sq_id = 63
HLE: W PPU[1] Thread (CPUThread)[0x0155e100]sys_lwcond warning: *** lwcond created [] (lwmutex_addr=0x30e47a20): id = 64
HLE: E PPU[1] Thread (CPUThread)[0x0154e004]cellNetCtl error: Unimplemented function: cellNetCtlGetInfo
HLE: W PPU[1] Thread (CPUThread)[0x00eac010]cellSysmodule warning: cellSysmoduleLoadModule(CELL_SYSMODULE_FS)
HLE: W PPU[1] Thread (CPUThread)[0x00eac010]cellSysmodule warning: cellSysmoduleLoadModule(CELL_SYSMODULE_FONT)
HLE: W PPU[1] Thread (CPUThread)[0x00eac010]cellSysmodule warning: cellSysmoduleLoadModule(CELL_SYSMODULE_FREETYPE)
HLE: W PPU[1] Thread (CPUThread)[0x00eac010]cellSysmodule warning: cellSysmoduleLoadModule(CELL_SYSMODULE_FONTFT)
HLE: W PPU[1] Thread (CPUThread)[0x015500dc]cellFont warning: cellFontInitializeWithRevision(revisionFlags=0x61, config=0xd00107c8)
HLE: W PPU[1] Thread (CPUThread)[0x01562004]cellFontFT warning: cellFontInitLibraryFreeTypeWithRevision(revisionFlags=0x41, config_addr=0xd00107f0, lib_addr_addr=0x142ef70
HLE: W PPU[1] Thread (CPUThread)[0x0155007c]cellFont warning: cellFontCreateRenderer(library_addr=0x30016000, config_addr=0xd00107dc, Renderer_addr=0x142ef74)
HLE: E PPU[1] Thread (CPUThread)[0x00eae028]TODO: cellSpursAddWorkload
HLE: E PPU[1] Thread (CPUThread)[0x00eae04c]TODO: _cellSpursWorkloadFlagReceiver
HLE: E PPU[1] Thread (CPUThread)[0x00eae088]TODO: cellSpursReadyCountStore
HLE: E PPU[1] Thread (CPUThread)[0x00eae034]TODO: cellSpursWakeUp
HLE: W PPU[1] Thread (CPUThread)[0x00363380]sys_event warning: sys_event_queue_create(equeue_id_addr=0x13b4410, attr_addr=0xd00107a0, event_queue_key=0x0, size=3)
HLE: W PPU[1] Thread (CPUThread)[0x00363380]sys_event warning: *** event_queue created [] (protocol=0x2, type=0x1): id = 65
HLE: E PPU[1] Thread (CPUThread)[0x00eae070]TODO: cellSpursGetWorkloadFlag
