HLE: ! path: /dev_hdd0/game/
LDR: ! Loading 'D:\Emulateurs\Rpcs3\dev_hdd0\game\BLES01401-[Dragon Ball Z Ultimate Tenkaichi]/PS3_GAME/USRDIR/BOOT.BIN'...
LDR: !  
LDR: ! Mount info:
LDR: ! /dev_hdd0/ -> D:\Emulateurs\Rpcs3/dev_hdd0/
LDR: ! /dev_hdd1/ -> D:\Emulateurs\Rpcs3/dev_hdd1/
LDR: ! /dev_flash/ -> D:\Emulateurs\Rpcs3/dev_flash/
LDR: ! /dev_usb000/ -> D:\Emulateurs\Rpcs3/dev_usb000/
LDR: ! /dev_usb/ -> D:\Emulateurs\Rpcs3/dev_usb000/
LDR: ! /app_home/ -> D:\Emulateurs\Rpcs3\dev_hdd0\game\BLES01401-[Dragon Ball Z Ultimate Tenkaichi]/PS3_GAME/
LDR: ! /dev_bdvd/ -> D:\Emulateurs\Rpcs3\dev_hdd0\game\BLES01401-[Dragon Ball Z Ultimate Tenkaichi]/PS3_GAME//../
LDR: ! /host_root/ -> 
LDR: ! / -> D:\Emulateurs\Rpcs3\dev_hdd0\game\BLES01401-[Dragon Ball Z Ultimate Tenkaichi]/PS3_GAME//USRDIR/
LDR: ! /app_home/PS3_GAME/USRDIR/ -> D:\Emulateurs\Rpcs3\dev_hdd0\game\BLES01401-[Dragon Ball Z Ultimate Tenkaichi]/PS3_GAME//USRDIR/
LDR: ! /dev_flash2/ -> D:\Emulateurs\Rpcs3/dev_flash2/
LDR: ! /app_home/Game/PS3_GAME/USRDIR/ -> D:\Emulateurs\Rpcs3\dev_hdd0\game\BLES01401-[Dragon Ball Z Ultimate Tenkaichi]/PS3_GAME//USRDIR/
LDR: !  
MEM: ! Initing memory...
MEM: ! Memory initialized.
LDR: ! Function 'cellSurMixerGetAANHandle' hooked (addr=0x60d558)
LDR: ! Function 'cellSurMixerSetNotifyCallback' hooked (addr=0x60d590)
LDR: ! Function 'cellSurMixerRemoveNotifyCallback' hooked (addr=0x60d624)
LDR: ! Function 'cellSurMixerSurBusAddData' hooked (addr=0x60d6b4)
LDR: ! Function 'cellSurMixerGetCurrentBlockTag' hooked (addr=0x60d764)
LDR: ! Function 'cellSurMixerChStripGetAANPortNo' hooked (addr=0x60dfc0)
LDR: ! Function 'cellSurMixerBeep' hooked (addr=0x60dffc)
LDR: ! Function 'cellSurMixerChStripSetParameter' hooked (addr=0x60e3d8)
LDR: ! Function 'cellSurMixerPause' hooked (addr=0x60e68c)
LDR: ! Function 'cellSurMixerGetTimestamp' hooked (addr=0x60fca4)
LDR: ! Function 'cellSurMixerSetParameter' hooked (addr=0x60fd0c)
LDR: ! Function 'cellSurMixerStart' hooked (addr=0x60fddc)
LDR: ! Function 'cellSurMixerFinalize' hooked (addr=0x6100e4)
LDR: ! Function 'cellSurMixerCreate' hooked (addr=0x6109a8)
LDR: S Function group [surmixer] successfully hooked
LDR: W Unimplemented function 'cellSaveDataListAutoLoad' in 'cellSysutil' module
LDR: W Unimplemented function 'cellOskDialogGetSize' in 'cellSysutil' module
LDR: W Unimplemented function 'cellOskDialogUnloadAsync' in 'cellSysutil' module
LDR: W Unimplemented function 'cellSaveDataListAutoSave' in 'cellSysutil' module
LDR: W Unimplemented function 'cellOskDialogAddSupportLanguage' in 'cellSysutil' module
LDR: W Unimplemented function 'cellOskDialogLoadAsync' in 'cellSysutil' module
LDR: W Unimplemented function 'cellOskDialogSetKeyLayoutOption' in 'cellSysutil' module
LDR: W Unimplemented function 'cellOskDialogSetInitialKeyLayout' in 'cellSysutil' module
LDR: W Unimplemented function 'cellSaveDataFixedDelete' in 'cellSysutil' module
LDR: W Unimplemented function 'cellSaveDataEnableOverlay' in 'cellSysutil' module
LDR: W Unimplemented function 'cellSaveDataDelete2' in 'cellSysutil' module
LDR: W Unimplemented function 'cellOskDialogSetLayoutMode' in 'cellSysutil' module
LDR: W Unimplemented function 'UTF8toUCS2' in 'cellL10n' module
LDR: W Unimplemented function 'UCS2toSJIS' in 'cellL10n' module
LDR: W Unimplemented function 'SJIStoUTF8' in 'cellL10n' module
LDR: W Unimplemented function 'UCS2toUTF8' in 'cellL10n' module
LDR: W Unimplemented function 'SJIStoUCS2' in 'cellL10n' module
LDR: W Unimplemented function 'UTF8toSJIS' in 'cellL10n' module
LDR: W Unimplemented function 'cellFiberPpuRunFibers' in 'cellFiber' module
LDR: W Unimplemented function 'cellFiberPpuWaitSignal' in 'cellFiber' module
LDR: W Unimplemented function 'cellFiberPpuCreateFiber' in 'cellFiber' module
LDR: W Unimplemented function 'cellFiberPpuSendSignal' in 'cellFiber' module
LDR: W Unimplemented function 'cellFiberPpuFinalizeScheduler' in 'cellFiber' module
LDR: W Unimplemented function 'cellFiberPpuJoinFiber' in 'cellFiber' module
LDR: W Unimplemented function 'cellFiberPpuInitializeScheduler' in 'cellFiber' module
LDR: W Unimplemented function '_cellFiberPpuInitialize' in 'cellFiber' module
LDR: W Unimplemented function 'socketselect' in 'sys_net' module
LDR: W Unimplemented function 'inet_ntoa' in 'sys_net' module
LDR: W Unimplemented function 'inet_aton' in 'sys_net' module
LDR: W Unimplemented function 'sceNpBasicSendMessageGui' in 'sceNp' module
LDR: W Unimplemented function 'sceNpBasicGetFriendListEntry' in 'sceNp' module
LDR: W Unimplemented function 'sceNpSignalingGetConnectionInfo' in 'sceNp' module
LDR: W Unimplemented function 'sceNpScoreGetRankingByRangeAsync' in 'sceNp' module
LDR: W Unimplemented function 'sceNpScoreDestroyTitleCtx' in 'sceNp' module
LDR: W Unimplemented function 'sceNpScoreSetTimeout' in 'sceNp' module
LDR: W Unimplemented function 'sceNpManagerGetMyLanguages' in 'sceNp' module
LDR: W Unimplemented function 'sceNpScoreInit' in 'sceNp' module
LDR: W Unimplemented function 'sceNpScoreGetRankingByNpIdAsync' in 'sceNp' module
LDR: W Unimplemented function 'sceNpBasicRegisterContextSensitiveHandler' in 'sceNp' module
LDR: W Unimplemented function 'sceNpSignalingAddExtendedHandler' in 'sceNp' module
LDR: W Unimplemented function 'sceNpManagerUnregisterCallback' in 'sceNp' module
LDR: W Unimplemented function 'sceNpSignalingActivateConnection' in 'sceNp' module
LDR: W Unimplemented function 'sceNpSignalingCreateCtx' in 'sceNp' module
LDR: W Unimplemented function 'sceNpBasicRecvMessageAttachmentLoad' in 'sceNp' module
LDR: W Unimplemented function 'sceNpManagerGetContentRatingFlag' in 'sceNp' module
LDR: W Unimplemented function 'sceNpScoreCreateTransactionCtx' in 'sceNp' module
LDR: W Unimplemented function 'sceNpBasicGetBlockListEntryCount' in 'sceNp' module
LDR: W Unimplemented function 'sceNpBasicRecvMessageCustom' in 'sceNp' module
LDR: W Unimplemented function 'sceNpSignalingTerminateConnection' in 'sceNp' module
LDR: W Unimplemented function 'sceNpScoreTerm' in 'sceNp' module
LDR: W Unimplemented function 'sceNpScorePollAsync' in 'sceNp' module
LDR: W Unimplemented function 'sceNpBasicGetCustomInvitationEntryCount' in 'sceNp' module
LDR: W Unimplemented function 'sceNpSignalingDestroyCtx' in 'sceNp' module
LDR: W Unimplemented function 'sceNpBasicUnregisterHandler' in 'sceNp' module
LDR: W Unimplemented function 'sceNpBasicGetFriendListEntryCount' in 'sceNp' module
LDR: W Unimplemented function 'sceNpManagerGetAccountRegion' in 'sceNp' module
LDR: W Unimplemented function 'sceNpScoreCreateTitleCtx' in 'sceNp' module
LDR: W Unimplemented function 'sceNpBasicAddPlayersHistoryAsync' in 'sceNp' module
LDR: W Unimplemented function 'sceNpBasicSetPresenceDetails' in 'sceNp' module
LDR: W Unimplemented function 'sceNpScoreDestroyTransactionCtx' in 'sceNp' module
LDR: W Unimplemented function 'sceNpSignalingGetConnectionStatus' in 'sceNp' module
LDR: W Unimplemented function 'sceNpProfileCallGui' in 'sceNp' module
LDR: W Unimplemented function 'sceNpUtilCmpNpId' in 'sceNp' module
LDR: W Unimplemented function 'sceNpBasicGetEvent' in 'sceNp' module
LDR: W Unimplemented function 'sceNpManagerRegisterCallback' in 'sceNp' module
LDR: W Unimplemented function 'sceNpManagerGetChatRestrictionFlag' in 'sceNp' module
LDR: W Unimplemented function 'sceNpScoreAbortTransaction' in 'sceNp' module
LDR: W Unimplemented function 'sceNpScoreRecordScoreAsync' in 'sceNp' module
LDR: W Unimplemented function 'sceNpBasicGetBlockListEntry' in 'sceNp' module
LDR: W Unimplemented function 'sceNpSignalingDeactivateConnection' in 'sceNp' module
LDR: W Unimplemented function 'sceNpManagerGetNpId' in 'sceNp' module
LDR: W Unimplemented function 'sceNpMatching2DestroyContext' in 'sceNp2' module
LDR: W Unimplemented function 'sceNpMatching2GetWorldInfoList' in 'sceNp2' module
LDR: W Unimplemented function 'sceNpMatching2SearchRoom' in 'sceNp2' module
LDR: W Unimplemented function 'sceNpMatching2CreateServerContext' in 'sceNp2' module
LDR: W Unimplemented function 'sceNpMatching2LeaveRoom' in 'sceNp2' module
LDR: W Unimplemented function 'sceNpMatching2SetRoomDataExternal' in 'sceNp2' module
LDR: W Unimplemented function 'sceNpMatching2Term2' in 'sceNp2' module
LDR: W Unimplemented function 'sceNpMatching2AbortRequest' in 'sceNp2' module
LDR: W Unimplemented function 'sceNpMatching2GetServerInfo' in 'sceNp2' module
LDR: W Unimplemented function 'sceNpMatching2GetEventData' in 'sceNp2' module
LDR: W Unimplemented function 'sceNp2Init' in 'sceNp2' module
LDR: W Unimplemented function 'sceNpMatching2JoinRoom' in 'sceNp2' module
LDR: W Unimplemented function 'sceNpMatching2KickoutRoomMember' in 'sceNp2' module
LDR: W Unimplemented function 'sceNpMatching2ContextStartAsync' in 'sceNp2' module
LDR: W Unimplemented function 'sceNpMatching2RegisterContextCallback' in 'sceNp2' module
LDR: W Unimplemented function 'sceNpMatching2SetRoomDataInternal' in 'sceNp2' module
LDR: W Unimplemented function 'sceNpMatching2SignalingGetPingInfo' in 'sceNp2' module
LDR: W Unimplemented function 'sceNpMatching2GetServerIdListLocal' in 'sceNp2' module
LDR: W Unimplemented function 'sceNpMatching2CreateContext' in 'sceNp2' module
LDR: W Unimplemented function 'sceNp2Term' in 'sceNp2' module
LDR: W Unimplemented function 'sceNpMatching2RegisterRoomEventCallback' in 'sceNp2' module
LDR: W Unimplemented function 'sceNpMatching2CreateJoinRoom' in 'sceNp2' module
LDR: W Unimplemented function 'sceNpMatching2Init2' in 'sceNp2' module
LDR: W Unknown module 'cellSysutilAvc2'
LDR: W Unknown module 'cellSaveData'
LDR: W Unknown module 'cellOskExtUtility'
LDR: W Unimplemented function '_sys_heap_free' in 'sysPrxForUser' module
LDR: W Unimplemented function '_sys_heap_delete_heap' in 'sysPrxForUser' module
LDR: W Unimplemented function '_sys_spu_printf_finalize' in 'sysPrxForUser' module
HLE: W PPU[1] Thread (CPUThread)[0x00939034]sys_lwmutex warning: *** lwmutex created [_lc_mtx] (attribute=0x12): sq_id = 3
HLE: W PPU[1] Thread (CPUThread)[0x006903b0]memory warning: sys_memory_get_user_memory_size(mem_info_addr=0xd0010c04)
HLE: W PPU[1] Thread (CPUThread)[0x00939034]sys_lwmutex warning: *** lwmutex created [_lc_mtx] (attribute=0x12): sq_id = 4
HLE: W PPU[1] Thread (CPUThread)[0x00939034]sys_lwmutex warning: *** lwmutex created [_lc_mtx] (attribute=0x12): sq_id = 5
HLE: W PPU[1] Thread (CPUThread)[0x00939034]sys_lwmutex warning: *** lwmutex created [_lc_mtx] (attribute=0x12): sq_id = 6
HLE: W PPU[1] Thread (CPUThread)[0x00939034]sys_lwmutex warning: *** lwmutex created [_lc_mtx] (attribute=0x12): sq_id = 7
HLE: W PPU[1] Thread (CPUThread)[0x00939034]sys_lwmutex warning: *** lwmutex created [_lc_mtx] (attribute=0x12): sq_id = 8
HLE: W PPU[1] Thread (CPUThread)[0x00939034]sys_lwmutex warning: *** lwmutex created [_lc_mtx] (attribute=0x12): sq_id = 9
HLE: W PPU[1] Thread (CPUThread)[0x00939034]sys_lwmutex warning: *** lwmutex created [_lc_mtx] (attribute=0x12): sq_id = 10
HLE: W PPU[1] Thread (CPUThread)[0x00939034]sys_lwmutex warning: *** lwmutex created [_lc_mtx] (attribute=0x12): sq_id = 11
HLE: W PPU[1] Thread (CPUThread)[0x00939034]sys_lwmutex warning: *** lwmutex created [_lc_mtx] (attribute=0x12): sq_id = 12
HLE: W PPU[1] Thread (CPUThread)[0x005fe064]memory warning: sys_memory_get_user_memory_size(mem_info_addr=0xd0010bb0)
HLE: W PPU[1] Thread (CPUThread)[0x00939034]sys_lwmutex warning: *** lwmutex created [] (attribute=0x22): sq_id = 13
HLE: W PPU[1] Thread (CPUThread)[0x00939034]sys_lwmutex warning: *** lwmutex created [] (attribute=0x22): sq_id = 14
HLE: W PPU[1] Thread (CPUThread)[0x00939034]sys_lwmutex warning: *** lwmutex created [] (attribute=0x22): sq_id = 15
HLE: W PPU[1] Thread (CPUThread)[0x00939034]sys_lwmutex warning: *** lwmutex created [] (attribute=0x22): sq_id = 16
HLE: W PPU[1] Thread (CPUThread)[0x00939034]sys_lwmutex warning: *** lwmutex created [] (attribute=0x22): sq_id = 17
HLE: W PPU[1] Thread (CPUThread)[0x00939034]sys_lwmutex warning: *** lwmutex created [] (attribute=0x22): sq_id = 18
HLE: W PPU[1] Thread (CPUThread)[0x00939034]sys_lwmutex warning: *** lwmutex created [] (attribute=0x22): sq_id = 19
HLE: W PPU[1] Thread (CPUThread)[0x00939034]sys_lwmutex warning: *** lwmutex created [] (attribute=0x22): sq_id = 20
HLE: W PPU[1] Thread (CPUThread)[0x00939034]sys_lwmutex warning: *** lwmutex created [] (attribute=0x22): sq_id = 21
HLE: W PPU[1] Thread (CPUThread)[0x00939034]sys_lwmutex warning: *** lwmutex created [] (attribute=0x22): sq_id = 22
HLE: W PPU[1] Thread (CPUThread)[0x0075f094]cellSysutil warning: cellSysutilGetSystemParamInt: CELL_SYSUTIL_SYSTEMPARAM_ID_LANG
HLE: W PPU[1] Thread (CPUThread)[0x0075f04c]cellSysutil warning: cellSysutilEnableBgmPlayback()
HLE: W PPU[1] Thread (CPUThread)[0x00923010]cellSysmodule warning: cellSysmoduleLoadModule(CELL_SYSMODULE_SYSUTIL_GAME)
HLE: W PPU[1] Thread (CPUThread)[0x00925028]cellGame warning: cellGameBootCheck(type_addr=0xd00109b4, attributes_addr=0xd00109b0, size_addr=0xd00109c0, dirName_addr=0x3cf0002c)
HLE: W PPU[1] Thread (CPUThread)[0x00925004]cellGame warning: cellGameContentPermit(contentInfoPath_addr=0x3cf000ad, usrdirPath_addr=0x3cf0012e)
HLE: W PPU[1] Thread (CPUThread)[0x00923004]cellSysmodule warning: cellSysmoduleUnloadModule(CELL_SYSMODULE_SYSUTIL_GAME)
HLE: W PPU[1] Thread (CPUThread)[0x0075f094]cellSysutil warning: cellSysutilGetSystemParamInt: CELL_SYSUTIL_SYSTEMPARAM_ID_ENTER_BUTTON_ASSIGN
HLE: W PPU[1] Thread (CPUThread)[0x0075f118]cellSysutil warning: cellSysutilRegisterCallback(slot=0, func_addr=0x7a2788, userdata=0x0)
HLE: W PPU[1] Thread (CPUThread)[0x00923010]cellSysmodule warning: cellSysmoduleLoadModule(CELL_SYSMODULE_IO)
HLE: W PPU[1] Thread (CPUThread)[0x00923010]cellSysmodule warning: cellSysmoduleLoadModule(CELL_SYSMODULE_FS)
HLE: W PPU[1] Thread (CPUThread)[0x00923010]cellSysmodule warning: cellSysmoduleLoadModule(CELL_SYSMODULE_GCM_SYS)
HLE: W PPU[1] Thread (CPUThread)[0x00923010]cellSysmodule warning: cellSysmoduleLoadModule(CELL_SYSMODULE_AUDIO)
HLE: W PPU[1] Thread (CPUThread)[0x00923010]cellSysmodule warning: cellSysmoduleLoadModule(CELL_SYSMODULE_FIBER)
HLE: W PPU[1] Thread (CPUThread)[0x00923010]cellSysmodule warning: cellSysmoduleLoadModule(CELL_SYSMODULE_L10N)
HLE: W PPU[1] Thread (CPUThread)[0x00923010]cellSysmodule warning: cellSysmoduleLoadModule(CELL_SYSMODULE_RTC)
HLE: W PPU[1] Thread (CPUThread)[0x00923010]cellSysmodule warning: cellSysmoduleLoadModule(CELL_SYSMODULE_VDEC_MPEG2)
HLE: W PPU[1] Thread (CPUThread)[0x00923010]cellSysmodule warning: cellSysmoduleLoadModule(CELL_SYSMODULE_SYSUTIL_NP2)
HLE: W PPU[1] Thread (CPUThread)[0x00923010]cellSysmodule warning: cellSysmoduleLoadModule(CELL_SYSMODULE_NET)
HLE: W PPU[1] Thread (CPUThread)[0x00939034]sys_lwmutex warning: *** lwmutex created [] (attribute=0x12): sq_id = 23
HLE: W PPU[1] Thread (CPUThread)[0x00669e70]sys_mutex warning: *** mutex created [] (protocol=0x2, recursive=true): id = 24
HLE: W PPU[1] Thread (CPUThread)[0x00669ea4]sys_cond warning: *** condition on recursive mutex(24)
HLE: W PPU[1] Thread (CPUThread)[0x00669ea4]sys_cond warning: *** condition created [] (mutex_id=24): id = 25
HLE: W PPU[1] Thread (CPUThread)[0x00939034]sys_lwmutex warning: *** lwmutex created [] (attribute=0x12): sq_id = 26
PPU: ! PPU[1] Thread (CPUThread)[0x0093901c]*** New PPU Thread [cri_dlg] (flags=0x1, entry=0x7af440): id = 27
HLE: W PPU[1] Thread (CPUThread)[0x00939034]sys_lwmutex warning: *** lwmutex created [] (attribute=0x12): sq_id = 28
HLE: W PPU[1] Thread (CPUThread)[0x00939034]sys_lwmutex warning: *** lwmutex created [] (attribute=0x12): sq_id = 29
HLE: W PPU[1] Thread (CPUThread)[0x00939034]sys_lwmutex warning: *** lwmutex created [] (attribute=0x12): sq_id = 30
HLE: W PPU[1] Thread (CPUThread)[0x00669e70]sys_mutex warning: *** mutex created [] (protocol=0x2, recursive=true): id = 31
HLE: W PPU[1] Thread (CPUThread)[0x00669ea4]sys_cond warning: *** condition on recursive mutex(31)
HLE: W PPU[1] Thread (CPUThread)[0x00669ea4]sys_cond warning: *** condition created [] (mutex_id=31): id = 32
HLE: W PPU[1] Thread (CPUThread)[0x00939034]sys_lwmutex warning: *** lwmutex created [] (attribute=0x12): sq_id = 33
PPU: ! PPU[1] Thread (CPUThread)[0x0093901c]*** New PPU Thread [cri_dlg] (flags=0x1, entry=0x7af440): id = 34
HLE: W PPU[1] Thread (CPUThread)[0x00939034]sys_lwmutex warning: *** lwmutex created [] (attribute=0x12): sq_id = 35
HLE: W PPU[1] Thread (CPUThread)[0x0092101c]"/dev_bdvd/PS3_GAME/USRDIR/data/PS3/st_pack_ps3.dir" opened: fd = 36
HLE: W PPU[1] Thread (CPUThread)[0x00921004]sys_fs warning: cellFsClose(fd=36)
HLE: W PPU[1] Thread (CPUThread)[0x0092101c]"/dev_bdvd/PS3_GAME/USRDIR/data/PS3/st_pack_boot_pt_ps3.afs" opened: fd = 37
HLE: W PPU[1] Thread (CPUThread)[0x0092101c]"/dev_bdvd/PS3_GAME/USRDIR/data/PS3/st_pack_battle_character_pt_ps3.afs" opened: fd = 38
HLE: W PPU[1] Thread (CPUThread)[0x0092101c]"/dev_bdvd/PS3_GAME/USRDIR/data/PS3/st_pack_battle_map_pt_ps3.afs" opened: fd = 39
HLE: W PPU[1] Thread (CPUThread)[0x0092101c]"/dev_bdvd/PS3_GAME/USRDIR/data/PS3/st_pack_battle_others_pt_ps3.afs" opened: fd = 40
HLE: W PPU[1] Thread (CPUThread)[0x0092101c]"/dev_bdvd/PS3_GAME/USRDIR/data/PS3/st_pack_progress_pt_ps3.afs" opened: fd = 41
HLE: W PPU[1] Thread (CPUThread)[0x0092101c]"/dev_bdvd/PS3_GAME/USRDIR/data/PS3/st_pack_sound_pt_ps3.afs" opened: fd = 42
HLE: W PPU[1] Thread (CPUThread)[0x00939034]sys_lwmutex warning: *** lwmutex created [] (attribute=0x12): sq_id = 43
HLE: W PPU[1] Thread (CPUThread)[0x006231b0]sys_mutex warning: *** mutex created [] (protocol=0x2, recursive=true): id = 44
HLE: W PPU[1] Thread (CPUThread)[0x006231e8]sys_cond warning: *** condition on recursive mutex(44)
HLE: W PPU[1] Thread (CPUThread)[0x006231e8]sys_cond warning: *** condition created [] (mutex_id=44): id = 45
HLE: W PPU[1] Thread (CPUThread)[0x006231b0]sys_mutex warning: *** mutex created [] (protocol=0x2, recursive=true): id = 46
HLE: W PPU[1] Thread (CPUThread)[0x006231e8]sys_cond warning: *** condition on recursive mutex(46)
HLE: W PPU[1] Thread (CPUThread)[0x006231e8]sys_cond warning: *** condition created [] (mutex_id=46): id = 47
HLE: W PPU[1] Thread (CPUThread)[0x006231b0]sys_mutex warning: *** mutex created [] (protocol=0x2, recursive=true): id = 48
HLE: W PPU[1] Thread (CPUThread)[0x006231e8]sys_cond warning: *** condition on recursive mutex(48)
HLE: W PPU[1] Thread (CPUThread)[0x006231e8]sys_cond warning: *** condition created [] (mutex_id=48): id = 49
HLE: W PPU[1] Thread (CPUThread)[0x006231b0]sys_mutex warning: *** mutex created [] (protocol=0x2, recursive=true): id = 50
HLE: W PPU[1] Thread (CPUThread)[0x006231e8]sys_cond warning: *** condition on recursive mutex(50)
HLE: W PPU[1] Thread (CPUThread)[0x006231e8]sys_cond warning: *** condition created [] (mutex_id=50): id = 51
HLE: W PPU[1] Thread (CPUThread)[0x00939034]sys_lwmutex warning: *** lwmutex created [] (attribute=0x12): sq_id = 52
HLE: W PPU[1] Thread (CPUThread)[0x00939034]sys_lwmutex warning: *** lwmutex created [] (attribute=0x12): sq_id = 53
HLE: W PPU[1] Thread (CPUThread)[0x00939034]sys_lwmutex warning: *** lwmutex created [] (attribute=0x12): sq_id = 54
HLE: W PPU[1] Thread (CPUThread)[0x00939034]sys_lwmutex warning: *** lwmutex created [] (attribute=0x12): sq_id = 55
HLE: W PPU[1] Thread (CPUThread)[0x00939034]sys_lwmutex warning: *** lwmutex created [] (attribute=0x12): sq_id = 56
HLE: W PPU[1] Thread (CPUThread)[0x00939034]sys_lwmutex warning: *** lwmutex created [] (attribute=0x12): sq_id = 57
HLE: W PPU[1] Thread (CPUThread)[0x00939034]sys_lwmutex warning: *** lwmutex created [] (attribute=0x12): sq_id = 58
HLE: W PPU[1] Thread (CPUThread)[0x00939034]sys_lwmutex warning: *** lwmutex created [] (attribute=0x12): sq_id = 59
HLE: W PPU[1] Thread (CPUThread)[0x00939034]sys_lwmutex warning: *** lwmutex created [] (attribute=0x12): sq_id = 60
PPU: ! PPU[1] Thread (CPUThread)[0x0093901c]*** New PPU Thread [cri_adxm_vv_proc] (flags=0x1, entry=0x7acc88): id = 61
TTY: [CRI ADX] ADX created the thread : name=cri_adxm_vv_proc, id=61(0x3d), priority=100(0x64)
HLE: W PPU[1] Thread (CPUThread)[0x00939034]sys_lwmutex warning: *** lwmutex created [] (attribute=0x12): sq_id = 62
PPU: ! PPU[1] Thread (CPUThread)[0x0093901c]*** New PPU Thread [cri_adxm_vsync_proc] (flags=0x1, entry=0x7acc88): id = 63
TTY: [CRI ADX] ADX created the thread : name=cri_adxm_vsync_proc, id=63(0x3f), priority=500(0x1f4)
HLE: W PPU[1] Thread (CPUThread)[0x00939034]sys_lwmutex warning: *** lwmutex created [] (attribute=0x12): sq_id = 64
PPU: ! PPU[1] Thread (CPUThread)[0x0093901c]*** New PPU Thread [cri_adxm_fs_proc] (flags=0x1, entry=0x7acc88): id = 65
TTY: [CRI ADX] ADX created the thread : name=cri_adxm_fs_proc, id=65(0x41), priority=600(0x258)
HLE: W PPU[1] Thread (CPUThread)[0x00939034]sys_lwmutex warning: *** lwmutex created [] (attribute=0x12): sq_id = 66
PPU: ! PPU[1] Thread (CPUThread)[0x0093901c]*** New PPU Thread [cri_adxm_idle_proc] (flags=0x1, entry=0x7acc88): id = 67
TTY: [CRI ADX] ADX created the thread : name=cri_adxm_idle_proc, id=67(0x43), priority=1500(0x5dc)
HLE: W PPU[1] Thread (CPUThread)[0x0075f13c]cellSysutil warning: cellAudioOutGetSoundAvailability(audioOut=0, type=0, fs=0x4, option=0)
HLE: W PPU[1] Thread (CPUThread)[0x0075f13c]cellSysutil warning: cellAudioOutGetSoundAvailability(audioOut=0, type=1, fs=0x4, option=0)
HLE: W PPU[1] Thread (CPUThread)[0x0075f13c]cellSysutil warning: cellAudioOutGetSoundAvailability(audioOut=0, type=6, fs=0x4, option=0)
HLE: W PPU[1] Thread (CPUThread)[0x0075f0a0]cellSysutil warning: cellAudioOutConfigure(audioOut=0, config_addr=0xd0010928, option_addr=0x0, (!)waitForEvent=0)
HLE: W PPU[1] Thread (CPUThread)[0x0075f19c]cellSysutil warning: cellAudioOutGetState(audioOut=0x0,deviceIndex=0x0,state_addr=0xd001094c)
HLE: W PPU[1] Thread (CPUThread)[0x00917010]cellAudio warning: cellAudioInit()
HLE: ! Audio ThreadAudio thread started
HLE: W PPU[1] Thread (CPUThread)[0x006109ac]libmixer warning: cellSurMixerCreate(config_addr=0xd0010938)
HLE: W PPU[1] Thread (CPUThread)[0x006109ac]libmixer warning: *** audio port opened(default)
HLE: W PPU[1] Thread (CPUThread)[0x006109ac]libmixer warning: *** surMixer created (ch1=0, ch2=0, ch6=0, ch8=0)
HLE: W PPU[1] Thread (CPUThread)[0x0060d594]libmixer warning: cellSurMixerSetNotifyCallback(func_addr=0x7acc38, arg=0x0) (surMixerCb=0x0)
HLE: W PPU[1] Thread (CPUThread)[0x0060d55c]libmixer warning: cellSurMixerGetAANHandle(handle_addr=0xd0010914) -> 286331153
HLE: W PPU[1] Thread (CPUThread)[0x00939034]sys_lwmutex warning: *** lwmutex created [] (attribute=0x12): sq_id = 69
HLE: W PPU[1] Thread (CPUThread)[0x0060fde0]libmixer warning: cellSurMixerStart()
HLE: W PPU[1] Thread (CPUThread)[0x00939034]sys_lwmutex warning: *** lwmutex created [] (attribute=0x12): sq_id = 70
HLE: W PPU[1] Thread (CPUThread)[0x00939034]sys_lwmutex warning: *** lwmutex created [] (attribute=0x12): sq_id = 71
HLE: W PPU[1] Thread (CPUThread)[0x00939034]sys_lwmutex warning: *** lwmutex created [] (attribute=0x12): sq_id = 72
HLE: W PPU[1] Thread (CPUThread)[0x00939034]sys_lwmutex warning: *** lwmutex created [] (attribute=0x12): sq_id = 73
HLE: W PPU[1] Thread (CPUThread)[0x00939034]sys_lwmutex warning: *** lwmutex created [] (attribute=0x12): sq_id = 74
HLE: W PPU[1] Thread (CPUThread)[0x00939034]sys_lwmutex warning: *** lwmutex created [] (attribute=0x12): sq_id = 75
HLE: W PPU[1] Thread (CPUThread)[0x00939034]sys_lwmutex warning: *** lwmutex created [] (attribute=0x12): sq_id = 76
HLE: W PPU[1] Thread (CPUThread)[0x00939034]sys_lwmutex warning: *** lwmutex created [] (attribute=0x12): sq_id = 77
HLE: W PPU[1] Thread (CPUThread)[0x00939034]sys_lwmutex warning: *** lwmutex created [] (attribute=0x12): sq_id = 78
HLE: W PPU[1] Thread (CPUThread)[0x00939034]sys_lwmutex warning: *** lwmutex created [] (attribute=0x12): sq_id = 79
HLE: W PPU[1] Thread (CPUThread)[0x00939034]sys_lwmutex warning: *** lwmutex created [] (attribute=0x22): sq_id = 80
HLE: W PPU[1] Thread (CPUThread)[0x00939034]sys_lwmutex warning: *** lwmutex created [] (attribute=0x22): sq_id = 81
HLE: W PPU[1] Thread (CPUThread)[0x005e2b4c]sys_spu warning: sys_spu_initialize(max_usable_spu=6, max_raw_spu=0)
HLE: W PPU[1] Thread (CPUThread)[0x009390b8]sysPrxForUser warning: sys_ppu_thread_once(once_ctrl_addr=0x8ff03c, entry=0x7aff00)
HLE: W PPU[82] Thread (CPUThread)[0x00939034]sys_lwmutex warning: *** lwmutex created [_lc_spf] (attribute=0x22): sq_id = 83
HLE: W PPU[1] Thread (CPUThread)[0x0091d088]cellSpurs warning: _cellSpursAttributeInitialize(attr_addr=0xd0010510, nSpus=2, spuPriority=3342336, ppuPriority=5, exitIfNoWork=250)
HLE: W PPU[1] Thread (CPUThread)[0x0091d004]cellSpurs warning: cellSpursAttributeSetNamePrefix(attr_addr=0xd0010510, prefix_addr=0x72d0a8, size=0x7)
HLE: E PPU[1] Thread (CPUThread)[0x0091d010]cellSpurs error: cellSpursAttributeEnableSpuPrintfIfAvailable(attr_addr=0xd0010510)
HLE: W PPU[1] Thread (CPUThread)[0x0091d0ac]cellSpurs warning: cellSpursInitializeWithAttribute(spurs_addr=0x3f75f780, spurs_addr=0xd0010510)
HLE: W PPU[1] Thread (CPUThread)[0x0092301c]cellSysmodule warning: cellSysmoduleIsLoaded(CELL_SYSMODULE_FIBER)
HLE: E PPU[1] Thread (CPUThread)[0x0091f058]TODO: _cellFiberPpuInitialize
HLE: E PPU[1] Thread (CPUThread)[0x0091f04c]TODO: cellFiberPpuInitializeScheduler
HLE: E PPU[1] Thread (CPUThread)[0x0091f01c]TODO: cellFiberPpuCreateFiber
HLE: E PPU[1] Thread (CPUThread)[0x0091d034]cellSpurs error: Unimplemented function: _cellSpursJobChainAttributeInitialize
HLE: E PPU[1] Thread (CPUThread)[0x0091d094]cellSpurs error: Unimplemented function: cellSpursJobChainAttributeSetName
HLE: E PPU[1] Thread (CPUThread)[0x0091d028]cellSpurs error: Unimplemented function: cellSpursCreateJobChainWithAttribute
HLE: E PPU[1] Thread (CPUThread)[0x0091d058]cellSpurs error: Unimplemented function: cellSpursJobGuardInitialize
HLE: E PPU[1] Thread (CPUThread)[0x0091d0d0]cellSpurs error: Unimplemented function: cellSpursRunJobChain
HLE: E PPU[1] Thread (CPUThread)[0x0091f01c]TODO: cellFiberPpuCreateFiber
HLE: E PPU[1] Thread (CPUThread)[0x0091d034]cellSpurs error: Unimplemented function: _cellSpursJobChainAttributeInitialize
HLE: E PPU[1] Thread (CPUThread)[0x0091d094]cellSpurs error: Unimplemented function: cellSpursJobChainAttributeSetName
HLE: E PPU[1] Thread (CPUThread)[0x0091d028]cellSpurs error: Unimplemented function: cellSpursCreateJobChainWithAttribute
HLE: E PPU[1] Thread (CPUThread)[0x0091d058]cellSpurs error: Unimplemented function: cellSpursJobGuardInitialize
HLE: E PPU[1] Thread (CPUThread)[0x0091d0d0]cellSpurs error: Unimplemented function: cellSpursRunJobChain
HLE: E PPU[1] Thread (CPUThread)[0x0091f01c]TODO: cellFiberPpuCreateFiber
HLE: E PPU[1] Thread (CPUThread)[0x0091d034]cellSpurs error: Unimplemented function: _cellSpursJobChainAttributeInitialize
HLE: E PPU[1] Thread (CPUThread)[0x0091d094]cellSpurs error: Unimplemented function: cellSpursJobChainAttributeSetName
HLE: E PPU[1] Thread (CPUThread)[0x0091d028]cellSpurs error: Unimplemented function: cellSpursCreateJobChainWithAttribute
HLE: E PPU[1] Thread (CPUThread)[0x0091d058]cellSpurs error: Unimplemented function: cellSpursJobGuardInitialize
HLE: E PPU[1] Thread (CPUThread)[0x0091d0d0]cellSpurs error: Unimplemented function: cellSpursRunJobChain
HLE: E PPU[1] Thread (CPUThread)[0x0091f01c]TODO: cellFiberPpuCreateFiber
HLE: E PPU[1] Thread (CPUThread)[0x0091d034]cellSpurs error: Unimplemented function: _cellSpursJobChainAttributeInitialize
HLE: E PPU[1] Thread (CPUThread)[0x0091d094]cellSpurs error: Unimplemented function: cellSpursJobChainAttributeSetName
HLE: E PPU[1] Thread (CPUThread)[0x0091d028]cellSpurs error: Unimplemented function: cellSpursCreateJobChainWithAttribute
HLE: E PPU[1] Thread (CPUThread)[0x0091d058]cellSpurs error: Unimplemented function: cellSpursJobGuardInitialize
HLE: E PPU[1] Thread (CPUThread)[0x0091d0d0]cellSpurs error: Unimplemented function: cellSpursRunJobChain
HLE: E PPU[1] Thread (CPUThread)[0x0091f01c]TODO: cellFiberPpuCreateFiber
HLE: E PPU[1] Thread (CPUThread)[0x0091d034]cellSpurs error: Unimplemented function: _cellSpursJobChainAttributeInitialize
HLE: E PPU[1] Thread (CPUThread)[0x0091d094]cellSpurs error: Unimplemented function: cellSpursJobChainAttributeSetName
HLE: E PPU[1] Thread (CPUThread)[0x0091d028]cellSpurs error: Unimplemented function: cellSpursCreateJobChainWithAttribute
HLE: E PPU[1] Thread (CPUThread)[0x0091d058]cellSpurs error: Unimplemented function: cellSpursJobGuardInitialize
HLE: E PPU[1] Thread (CPUThread)[0x0091d0d0]cellSpurs error: Unimplemented function: cellSpursRunJobChain
HLE: E PPU[1] Thread (CPUThread)[0x0091f01c]TODO: cellFiberPpuCreateFiber
HLE: E PPU[1] Thread (CPUThread)[0x0091d034]cellSpurs error: Unimplemented function: _cellSpursJobChainAttributeInitialize
HLE: E PPU[1] Thread (CPUThread)[0x0091d094]cellSpurs error: Unimplemented function: cellSpursJobChainAttributeSetName
HLE: E PPU[1] Thread (CPUThread)[0x0091d028]cellSpurs error: Unimplemented function: cellSpursCreateJobChainWithAttribute
HLE: E PPU[1] Thread (CPUThread)[0x0091d058]cellSpurs error: Unimplemented function: cellSpursJobGuardInitialize
HLE: E PPU[1] Thread (CPUThread)[0x0091d0d0]cellSpurs error: Unimplemented function: cellSpursRunJobChain
HLE: E PPU[1] Thread (CPUThread)[0x0091f01c]TODO: cellFiberPpuCreateFiber
HLE: E PPU[1] Thread (CPUThread)[0x0091d034]cellSpurs error: Unimplemented function: _cellSpursJobChainAttributeInitialize
HLE: E PPU[1] Thread (CPUThread)[0x0091d094]cellSpurs error: Unimplemented function: cellSpursJobChainAttributeSetName
HLE: E PPU[1] Thread (CPUThread)[0x0091d028]cellSpurs error: Unimplemented function: cellSpursCreateJobChainWithAttribute
HLE: E PPU[1] Thread (CPUThread)[0x0091d058]cellSpurs error: Unimplemented function: cellSpursJobGuardInitialize
HLE: E PPU[1] Thread (CPUThread)[0x0091d0d0]cellSpurs error: Unimplemented function: cellSpursRunJobChain
HLE: E PPU[1] Thread (CPUThread)[0x0091f01c]TODO: cellFiberPpuCreateFiber
HLE: E PPU[1] Thread (CPUThread)[0x0091d034]cellSpurs error: Unimplemented function: _cellSpursJobChainAttributeInitialize
HLE: E PPU[1] Thread (CPUThread)[0x0091d094]cellSpurs error: Unimplemented function: cellSpursJobChainAttributeSetName
HLE: E PPU[1] Thread (CPUThread)[0x0091d028]cellSpurs error: Unimplemented function: cellSpursCreateJobChainWithAttribute
HLE: E PPU[1] Thread (CPUThread)[0x0091d058]cellSpurs error: Unimplemented function: cellSpursJobGuardInitialize
HLE: E PPU[1] Thread (CPUThread)[0x0091d0d0]cellSpurs error: Unimplemented function: cellSpursRunJobChain
HLE: E PPU[1] Thread (CPUThread)[0x0091f01c]TODO: cellFiberPpuCreateFiber
HLE: E PPU[1] Thread (CPUThread)[0x0091d034]cellSpurs error: Unimplemented function: _cellSpursJobChainAttributeInitialize
HLE: E PPU[1] Thread (CPUThread)[0x0091d094]cellSpurs error: Unimplemented function: cellSpursJobChainAttributeSetName
HLE: E PPU[1] Thread (CPUThread)[0x0091d028]cellSpurs error: Unimplemented function: cellSpursCreateJobChainWithAttribute
HLE: E PPU[1] Thread (CPUThread)[0x0091d058]cellSpurs error: Unimplemented function: cellSpursJobGuardInitialize
HLE: E PPU[1] Thread (CPUThread)[0x0091d0d0]cellSpurs error: Unimplemented function: cellSpursRunJobChain
HLE: E PPU[1] Thread (CPUThread)[0x0091f01c]TODO: cellFiberPpuCreateFiber
HLE: E PPU[1] Thread (CPUThread)[0x0091d034]cellSpurs error: Unimplemented function: _cellSpursJobChainAttributeInitialize
HLE: E PPU[1] Thread (CPUThread)[0x0091d094]cellSpurs error: Unimplemented function: cellSpursJobChainAttributeSetName
HLE: E PPU[1] Thread (CPUThread)[0x0091d028]cellSpurs error: Unimplemented function: cellSpursCreateJobChainWithAttribute
HLE: E PPU[1] Thread (CPUThread)[0x0091d058]cellSpurs error: Unimplemented function: cellSpursJobGuardInitialize
HLE: E PPU[1] Thread (CPUThread)[0x0091d0d0]cellSpurs error: Unimplemented function: cellSpursRunJobChain
HLE: E PPU[1] Thread (CPUThread)[0x0091f01c]TODO: cellFiberPpuCreateFiber
HLE: E PPU[1] Thread (CPUThread)[0x0091d034]cellSpurs error: Unimplemented function: _cellSpursJobChainAttributeInitialize
HLE: E PPU[1] Thread (CPUThread)[0x0091d094]cellSpurs error: Unimplemented function: cellSpursJobChainAttributeSetName
HLE: E PPU[1] Thread (CPUThread)[0x0091d028]cellSpurs error: Unimplemented function: cellSpursCreateJobChainWithAttribute
HLE: E PPU[1] Thread (CPUThread)[0x0091d058]cellSpurs error: Unimplemented function: cellSpursJobGuardInitialize
HLE: E PPU[1] Thread (CPUThread)[0x0091d0d0]cellSpurs error: Unimplemented function: cellSpursRunJobChain
HLE: E PPU[1] Thread (CPUThread)[0x0091f01c]TODO: cellFiberPpuCreateFiber
HLE: E PPU[1] Thread (CPUThread)[0x0091d034]cellSpurs error: Unimplemented function: _cellSpursJobChainAttributeInitialize
HLE: E PPU[1] Thread (CPUThread)[0x0091d094]cellSpurs error: Unimplemented function: cellSpursJobChainAttributeSetName
HLE: E PPU[1] Thread (CPUThread)[0x0091d028]cellSpurs error: Unimplemented function: cellSpursCreateJobChainWithAttribute
HLE: E PPU[1] Thread (CPUThread)[0x0091d058]cellSpurs error: Unimplemented function: cellSpursJobGuardInitialize
HLE: E PPU[1] Thread (CPUThread)[0x0091d0d0]cellSpurs error: Unimplemented function: cellSpursRunJobChain
HLE: E PPU[1] Thread (CPUThread)[0x0091f01c]TODO: cellFiberPpuCreateFiber
HLE: E PPU[1] Thread (CPUThread)[0x0091d034]cellSpurs error: Unimplemented function: _cellSpursJobChainAttributeInitialize
HLE: E PPU[1] Thread (CPUThread)[0x0091d094]cellSpurs error: Unimplemented function: cellSpursJobChainAttributeSetName
HLE: E PPU[1] Thread (CPUThread)[0x0091d028]cellSpurs error: Unimplemented function: cellSpursCreateJobChainWithAttribute
HLE: E PPU[1] Thread (CPUThread)[0x0091d058]cellSpurs error: Unimplemented function: cellSpursJobGuardInitialize
HLE: E PPU[1] Thread (CPUThread)[0x0091d0d0]cellSpurs error: Unimplemented function: cellSpursRunJobChain
HLE: E PPU[1] Thread (CPUThread)[0x0091f01c]TODO: cellFiberPpuCreateFiber
HLE: E PPU[1] Thread (CPUThread)[0x0091d034]cellSpurs error: Unimplemented function: _cellSpursJobChainAttributeInitialize
HLE: E PPU[1] Thread (CPUThread)[0x0091d094]cellSpurs error: Unimplemented function: cellSpursJobChainAttributeSetName
HLE: E PPU[1] Thread (CPUThread)[0x0091d028]cellSpurs error: Unimplemented function: cellSpursCreateJobChainWithAttribute
HLE: E PPU[1] Thread (CPUThread)[0x0091d058]cellSpurs error: Unimplemented function: cellSpursJobGuardInitialize
HLE: E PPU[1] Thread (CPUThread)[0x0091d0d0]cellSpurs error: Unimplemented function: cellSpursRunJobChain
HLE: W PPU[1] Thread (CPUThread)[0x006008e0]sys_event warning: sys_event_queue_create(equeue_id_addr=0x3cf02ac8, attr_addr=0xd0010660, event_queue_key=0x0, size=1)
HLE: W PPU[1] Thread (CPUThread)[0x006008e0]sys_event warning: *** event_queue created [] (protocol=0x2, type=0x1): id = 84
HLE: W PPU[1] Thread (CPUThread)[0x006008f8]sys_event warning: sys_event_port_create(eport_id_addr=0x3cf02acc, port_type=0x1, name=0x0)
HLE: W PPU[1] Thread (CPUThread)[0x006008f8]sys_event warning: *** sys_event_port created: id = 85
HLE: W PPU[1] Thread (CPUThread)[0x00600908]sys_event warning: sys_event_port_connect_local(eport_id=85, equeue_id=84)
PPU: ! PPU[1] Thread (CPUThread)[0x0093901c]*** New PPU Thread [sp_job_server_spu_thread] (flags=0x1, entry=0x7ab150): id = 86
HLE: E PPU[86] Thread (sp_job_server_spu_thread)[0x0091f004]TODO: cellFiberPpuRunFibers
HLE: W PPU[1] Thread (CPUThread)[0x006008e0]sys_event warning: sys_event_queue_create(equeue_id_addr=0x3cf02b38, attr_addr=0xd0010640, event_queue_key=0x0, size=1)
HLE: W PPU[1] Thread (CPUThread)[0x006008e0]sys_event warning: *** event_queue created [] (protocol=0x2, type=0x1): id = 87
HLE: W PPU[1] Thread (CPUThread)[0x006008f8]sys_event warning: sys_event_port_create(eport_id_addr=0x3cf02b3c, port_type=0x1, name=0x0)
HLE: W PPU[1] Thread (CPUThread)[0x006008f8]sys_event warning: *** sys_event_port created: id = 88
HLE: W PPU[1] Thread (CPUThread)[0x00600908]sys_event warning: sys_event_port_connect_local(eport_id=88, equeue_id=87)
PPU: ! PPU[1] Thread (CPUThread)[0x0093901c]*** New PPU Thread [sp_job_server_cpu_thread_high] (flags=0x1, entry=0x7ab150): id = 89
HLE: W PPU[1] Thread (CPUThread)[0x006008e0]sys_event warning: sys_event_queue_create(equeue_id_addr=0x3cf02ba8, attr_addr=0xd0010640, event_queue_key=0x0, size=1)
HLE: W PPU[1] Thread (CPUThread)[0x006008e0]sys_event warning: *** event_queue created [] (protocol=0x2, type=0x1): id = 90
HLE: W PPU[1] Thread (CPUThread)[0x006008f8]sys_event warning: sys_event_port_create(eport_id_addr=0x3cf02bac, port_type=0x1, name=0x0)
HLE: W PPU[1] Thread (CPUThread)[0x006008f8]sys_event warning: *** sys_event_port created: id = 91
HLE: W PPU[1] Thread (CPUThread)[0x00600908]sys_event warning: sys_event_port_connect_local(eport_id=91, equeue_id=90)
PPU: ! PPU[1] Thread (CPUThread)[0x0093901c]*** New PPU Thread [sp_job_server_cpu_thread_normal] (flags=0x1, entry=0x7ab150): id = 92
HLE: W PPU[1] Thread (CPUThread)[0x006008e0]sys_event warning: sys_event_queue_create(equeue_id_addr=0x3cf02c18, attr_addr=0xd0010640, event_queue_key=0x0, size=1)
HLE: W PPU[1] Thread (CPUThread)[0x006008e0]sys_event warning: *** event_queue created [] (protocol=0x2, type=0x1): id = 93
HLE: W PPU[1] Thread (CPUThread)[0x006008f8]sys_event warning: sys_event_port_create(eport_id_addr=0x3cf02c1c, port_type=0x1, name=0x0)
HLE: W PPU[1] Thread (CPUThread)[0x006008f8]sys_event warning: *** sys_event_port created: id = 94
HLE: W PPU[1] Thread (CPUThread)[0x00600908]sys_event warning: sys_event_port_connect_local(eport_id=94, equeue_id=93)
PPU: ! PPU[1] Thread (CPUThread)[0x0093901c]*** New PPU Thread [sp_job_server_cpu_thread_low] (flags=0x1, entry=0x7ab150): id = 95
HLE: W PPU[1] Thread (CPUThread)[0x006008e0]sys_event warning: sys_event_queue_create(equeue_id_addr=0x3cf03518, attr_addr=0xd0010640, event_queue_key=0x0, size=1)
HLE: W PPU[1] Thread (CPUThread)[0x006008e0]sys_event warning: *** event_queue created [] (protocol=0x2, type=0x1): id = 96
HLE: W PPU[1] Thread (CPUThread)[0x006008f8]sys_event warning: sys_event_port_create(eport_id_addr=0x3cf0351c, port_type=0x1, name=0x0)
HLE: W PPU[1] Thread (CPUThread)[0x006008f8]sys_event warning: *** sys_event_port created: id = 97
HLE: W PPU[1] Thread (CPUThread)[0x00600908]sys_event warning: sys_event_port_connect_local(eport_id=97, equeue_id=96)
PPU: ! PPU[1] Thread (CPUThread)[0x0093901c]*** New PPU Thread [sp_file_server_load_thread] (flags=0x1, entry=0x7ab150): id = 98
HLE: W PPU[1] Thread (CPUThread)[0x00917070]cellAudio warning: cellAudioPortOpen(audioParam_addr=0xd0010650, portNum_addr=0x3cf26f00)
HLE: W PPU[1] Thread (CPUThread)[0x00917070]cellAudio warning: *** audio port opened(nChannel=8, nBlock=8, attr=0x0, level=1.000000): port = 0
HLE: W PPU[1] Thread (CPUThread)[0x0091704c]cellAudio warning: cellAudioGetPortConfig(portNum=0x0, portConfig_addr=0x3cf26ee0)
HLE: W PPU[1] Thread (CPUThread)[0x00917004]cellAudio warning: cellAudioCreateNotifyEventQueue(id_addr=0x3cf26f14, key_addr=0x3cf26f18)
HLE: W PPU[1] Thread (CPUThread)[0x00600c00]sys_mutex warning: *** mutex created [_sd3000] (protocol=0x2, recursive=false): id = 100
HLE: W PPU[1] Thread (CPUThread)[0x0060ce6c]sys_mutex warning: *** mutex created [] (protocol=0x2, recursive=false): id = 101
HLE: W PPU[1] Thread (CPUThread)[0x0060cfe0]sys_spu warning: sys_spu_thread_group_create(id_addr=0x8ef090, num=1, prio=100, attr_addr=0x8ef184)
HLE: W PPU[1] Thread (CPUThread)[0x0060cfe0]sys_spu warning: *** SPU Thread Group created [_synth2 Group] (type=0x0, option.ct=0x0): id=102
HLE: W PPU[1] Thread (CPUThread)[0x00939124]sysPrxForUser warning: sys_spu_image_import(img=0x8ef094, src=0x753c00, type=0x1)
LDR: W PPU[1] Thread (CPUThread)[0x00939124]LoadShdr32 error: shstrndx too big!
LDR: W PPU[1] Thread (CPUThread)[0x00939124]desc = 'synth2.elf'
HLE: W PPU[1] Thread (CPUThread)[0x0060d0e0]sys_spu warning: sys_spu_thread_initialize(thread_addr=0x8ef08c, group=0x66, spu_num=0, img_addr=0x8ef094, attr_addr=0x8ef194, arg_addr=0x8ef1a0)
HLE: W PPU[1] Thread (CPUThread)[0x0060d0e0]sys_spu warning: *** New SPU Thread [_synth2 Thread] (img_offset=0x93c000, ls_offset=0x97c000, ep=0xf0, a1=0x8ef100, a2=0x0, a3=0x0, a4=0x0): id=103
HLE: W PPU[1] Thread (CPUThread)[0x006632c0]sys_event warning: sys_event_queue_create(equeue_id_addr=0x867a28, attr_addr=0x867a30, event_queue_key=0x0, size=32)
HLE: W PPU[1] Thread (CPUThread)[0x006632c0]sys_event warning: *** event_queue created [] (protocol=0x2, type=0x1): id = 104
HLE: W PPU[1] Thread (CPUThread)[0x006632dc]sys_spu warning: sys_spu_thread_connect_event(id=103, eq_id=104, event_type=0x1, spup=58)
HLE: W PPU[1] Thread (CPUThread)[0x006632fc]sys_event warning: sys_event_queue_create(equeue_id_addr=0x867a2c, attr_addr=0x867a30, event_queue_key=0x0, size=32)
HLE: W PPU[1] Thread (CPUThread)[0x006632fc]sys_event warning: *** event_queue created [] (protocol=0x2, type=0x2): id = 105
HLE: W PPU[1] Thread (CPUThread)[0x00663314]sys_event warning: sys_event_port_create(eport_id_addr=0x867a40, port_type=0x1, name=0x0)
HLE: W PPU[1] Thread (CPUThread)[0x00663314]sys_event warning: *** sys_event_port created: id = 106
HLE: W PPU[1] Thread (CPUThread)[0x00663324]sys_event warning: sys_event_port_connect_local(eport_id=106, equeue_id=105)
HLE: W PPU[1] Thread (CPUThread)[0x0066333c]sys_spu warning: sys_spu_thread_bind_queue(id=103, equeue_id=105, spuq_num=0x1012000)
HLE: W PPU[1] Thread (CPUThread)[0x0060d114]sys_spu warning: sys_spu_thread_group_start(id=102)
HLE: W PPU[1] Thread (CPUThread)[0x006008e0]sys_event warning: sys_event_queue_create(equeue_id_addr=0x3cf26f58, attr_addr=0xd00105a0, event_queue_key=0x0, size=1)
HLE: W PPU[1] Thread (CPUThread)[0x006008e0]sys_event warning: *** event_queue created [] (protocol=0x2, type=0x1): id = 107
HLE: W PPU[1] Thread (CPUThread)[0x006008f8]sys_event warning: sys_event_port_create(eport_id_addr=0x3cf26f5c, port_type=0x1, name=0x0)
HLE: W PPU[1] Thread (CPUThread)[0x006008f8]sys_event warning: *** sys_event_port created: id = 108
HLE: W PPU[1] Thread (CPUThread)[0x00600908]sys_event warning: sys_event_port_connect_local(eport_id=108, equeue_id=107)
PPU: ! PPU[1] Thread (CPUThread)[0x0093901c]*** New PPU Thread [sp_sound_font_synthesis_thread] (flags=0x1, entry=0x7ab150): id = 109
HLE: W PPU[109] Thread (sp_sound_font_synthesis_thread)[0x0091701c]cellAudio warning: cellAudioSetNotifyEventQueue(key=0x80004d494f323221)
HLE: W PPU[109] Thread (sp_sound_font_synthesis_thread)[0x00917058]cellAudio warning: cellAudioPortStart(portNum=0x0)
HLE: W PPU[1] Thread (CPUThread)[0x0075f124]cellSysutil warning: cellVideoOutGetResolutionAvailability(videoOut=0, resolutionId=0x1, option_addr=0x0, aspect=0x0, option=0x5465b5a0)
HLE: W PPU[1] Thread (CPUThread)[0x0075f124]cellSysutil warning: cellVideoOutGetResolutionAvailability(videoOut=0, resolutionId=0x2, option_addr=0x0, aspect=0x0, option=0x5465aca0)
HLE: W PPU[1] Thread (CPUThread)[0x0075f124]cellSysutil warning: cellVideoOutGetResolutionAvailability(videoOut=0, resolutionId=0x5, option_addr=0x0, aspect=0x0, option=0x5465b240)
HLE: W PPU[1] Thread (CPUThread)[0x0075f124]cellSysutil warning: cellVideoOutGetResolutionAvailability(videoOut=0, resolutionId=0x4, option_addr=0x0, aspect=0x0, option=0x5465c050)
HLE: W PPU[1] Thread (CPUThread)[0x0075f124]cellSysutil warning: cellVideoOutGetResolutionAvailability(videoOut=0, resolutionId=0xa, option_addr=0x0, aspect=0x0, option=0x5465aca0)
HLE: W PPU[1] Thread (CPUThread)[0x0075f124]cellSysutil warning: cellVideoOutGetResolutionAvailability(videoOut=0, resolutionId=0xb, option_addr=0x0, aspect=0x0, option=0x5465a4c0)
HLE: W PPU[1] Thread (CPUThread)[0x0075f124]cellSysutil warning: cellVideoOutGetResolutionAvailability(videoOut=0, resolutionId=0xc, option_addr=0x0, aspect=0x0, option=0x5465aca0)
HLE: W PPU[1] Thread (CPUThread)[0x0075f124]cellSysutil warning: cellVideoOutGetResolutionAvailability(videoOut=0, resolutionId=0xd, option_addr=0x0, aspect=0x0, option=0x5465b240)
HLE: W PPU[1] Thread (CPUThread)[0x0091b01c]cellGcmSys warning: cellGcmInit(context_addr=0x8f083c,cmdSize=0x10000,ioSize=0x3f00000,ioAddress=0x38f00000)
HLE: W PPU[1] Thread (CPUThread)[0x0091b01c]cellGcmSys warning: *** local memory(addr=0xc0000000, size=0xf900000)
HLE: W PPU[1] Thread (CPUThread)[0x0091b01c]cellGcmSys warning: cellGcmInit(): 256MB io address space used
HLE: W PPU[1] Thread (CPUThread)[0x0091b01c]cellGcmSys warning: cellGcmMapEaIoAddress(ea=0x38f00000, io=0x0, size=0x3f00000)
RSX: ! RSXThreadRSX thread started
HLE: W PPU[1] Thread (CPUThread)[0x00939034]sys_lwmutex warning: *** lwmutex created [] (attribute=0x22): sq_id = 110
HLE: W PPU[1] Thread (CPUThread)[0x0091b004]cellGcmSys warning: cellGcmGetTiledPitchSize(size=5120)
HLE: W PPU[1] Thread (CPUThread)[0x0075f010]cellSysutil warning: cellVideoOutConfigure(videoOut=0, config_addr=0xd001060c, option_addr=0x0, waitForEvent=0x0)
HLE: E PPU[1] Thread (CPUThread)[0x0091b124]cellGcmSys error: Unimplemented function: cellGcmSetVBlankFrequency
HLE: W PPU[1] Thread (CPUThread)[0x0091b058]cellGcmSys warning: cellGcmSetFlipMode(mode=2)
HLE: W PPU[1] Thread (CPUThread)[0x0091b004]cellGcmSys warning: cellGcmGetTiledPitchSize(size=5120)
HLE: W PPU[1] Thread (CPUThread)[0x0091b004]cellGcmSys warning: cellGcmGetTiledPitchSize(size=5120)
HLE: W PPU[1] Thread (CPUThread)[0x0091b004]cellGcmSys warning: cellGcmGetTiledPitchSize(size=5120)
HLE: W PPU[1] Thread (CPUThread)[0x0091b004]cellGcmSys warning: cellGcmGetTiledPitchSize(size=5120)
HLE: W PPU[1] Thread (CPUThread)[0x0091b004]cellGcmSys warning: cellGcmGetTiledPitchSize(size=5120)
HLE: W PPU[1] Thread (CPUThread)[0x0091b004]cellGcmSys warning: cellGcmGetTiledPitchSize(size=5120)
HLE: W PPU[1] Thread (CPUThread)[0x0091b0f4]cellGcmSys warning: cellGcmSetTileInfo(index=0, location=0, offset=253165568, size=7864320, pitch=5120, comp=0, base=0, bank=0)
HLE: W PPU[1] Thread (CPUThread)[0x0091b004]cellGcmSys warning: cellGcmGetTiledPitchSize(size=5120)
HLE: W PPU[1] Thread (CPUThread)[0x0091b004]cellGcmSys warning: cellGcmGetTiledPitchSize(size=5120)
HLE: W PPU[1] Thread (CPUThread)[0x0091b004]cellGcmSys warning: cellGcmGetTiledPitchSize(size=5120)
HLE: W PPU[1] Thread (CPUThread)[0x0091b004]cellGcmSys warning: cellGcmGetTiledPitchSize(size=5120)
HLE: W PPU[1] Thread (CPUThread)[0x0091b004]cellGcmSys warning: cellGcmGetTiledPitchSize(size=5120)
HLE: W PPU[1] Thread (CPUThread)[0x0091b004]cellGcmSys warning: cellGcmGetTiledPitchSize(size=5120)
HLE: W PPU[1] Thread (CPUThread)[0x0091b004]cellGcmSys warning: cellGcmGetTiledPitchSize(size=5120)
HLE: W PPU[1] Thread (CPUThread)[0x0091b004]cellGcmSys warning: cellGcmGetTiledPitchSize(size=5120)
HLE: W PPU[1] Thread (CPUThread)[0x0091b0f4]cellGcmSys warning: cellGcmSetTileInfo(index=1, location=0, offset=249167872, size=3932160, pitch=5120, comp=9, base=0, bank=1)
HLE: E PPU[1] Thread (CPUThread)[0x0091b0f4]cellGcmSys error: cellGcmSetTileInfo: bad compression mode! (9)
HLE: W PPU[1] Thread (CPUThread)[0x0091b004]cellGcmSys warning: cellGcmGetTiledPitchSize(size=5120)
HLE: W PPU[1] Thread (CPUThread)[0x0091b004]cellGcmSys warning: cellGcmGetTiledPitchSize(size=5120)
HLE: W PPU[1] Thread (CPUThread)[0x0091b004]cellGcmSys warning: cellGcmGetTiledPitchSize(size=5120)
HLE: W PPU[1] Thread (CPUThread)[0x0091b010]cellGcmSys warning: cellGcmSetUserHandler(handler_addr=0x7a2780)
HLE: W PPU[1] Thread (CPUThread)[0x0091b0d0]cellGcmSys warning: cellGcmSetVBlankHandler(handler_addr=0x7a2720)
HLE: W PPU[1] Thread (CPUThread)[0x006008e0]sys_event warning: sys_event_queue_create(equeue_id_addr=0x3cf4c368, attr_addr=0xd0010a00, event_queue_key=0x0, size=1)
HLE: W PPU[1] Thread (CPUThread)[0x006008e0]sys_event warning: *** event_queue created [] (protocol=0x2, type=0x1): id = 111
HLE: W PPU[1] Thread (CPUThread)[0x006008f8]sys_event warning: sys_event_port_create(eport_id_addr=0x3cf4c36c, port_type=0x1, name=0x0)
HLE: W PPU[1] Thread (CPUThread)[0x006008f8]sys_event warning: *** sys_event_port created: id = 112
HLE: W PPU[1] Thread (CPUThread)[0x00600908]sys_event warning: sys_event_port_connect_local(eport_id=112, equeue_id=111)
PPU: ! PPU[1] Thread (CPUThread)[0x0093901c]*** New PPU Thread [sp_game_server_video_thread] (flags=0x1, entry=0x7ab150): id = 113
HLE: W PPU[65] Thread (cri_adxm_fs_proc)[0x00939034]sys_lwmutex warning: *** lwmutex created [] (attribute=0x12): sq_id = 114
HLE: W PPU[1] Thread (CPUThread)[0x009390f4]sys_lwmutex warning: sys_lwmutex_destroy(lwmutex_addr=0x8f1fd0)
HLE: W PPU[65] Thread (cri_adxm_fs_proc)[0x00939034]sys_lwmutex warning: *** lwmutex created [] (attribute=0x12): sq_id = 115
HLE: W PPU[1] Thread (CPUThread)[0x00939034]sys_lwmutex warning: *** lwmutex created [] (attribute=0x12): sq_id = 116
HLE: E PPU[86] Thread (sp_job_server_spu_thread)[0x0091f004]TODO: cellFiberPpuRunFibers
HLE: E PPU[86] Thread (sp_job_server_spu_thread)[0x0091d0c4]cellSpurs error: Unimplemented function: cellSpursJobGuardNotify
HLE: E PPU[86] Thread (sp_job_server_spu_thread)[0x0091f004]TODO: cellFiberPpuRunFibers
HLE: E PPU[86] Thread (sp_job_server_spu_thread)[0x0091f004]TODO: cellFiberPpuRunFibers
HLE: E PPU[86] Thread (sp_job_server_spu_thread)[0x0091f004]TODO: cellFiberPpuRunFibers
HLE: E PPU[86] Thread (sp_job_server_spu_thread)[0x0091d0c4]cellSpurs error: Unimplemented function: cellSpursJobGuardNotify
HLE: E PPU[86] Thread (sp_job_server_spu_thread)[0x0091f004]TODO: cellFiberPpuRunFibers
HLE: E PPU[86] Thread (sp_job_server_spu_thread)[0x0091f004]TODO: cellFiberPpuRunFibers
HLE: E PPU[86] Thread (sp_job_server_spu_thread)[0x0091d0c4]cellSpurs error: Unimplemented function: cellSpursJobGuardNotify
HLE: E PPU[86] Thread (sp_job_server_spu_thread)[0x0091f004]TODO: cellFiberPpuRunFibers
HLE: E PPU[86] Thread (sp_job_server_spu_thread)[0x0091f004]TODO: cellFiberPpuRunFibers
HLE: E PPU[86] Thread (sp_job_server_spu_thread)[0x0091f004]TODO: cellFiberPpuRunFibers
HLE: E PPU[86] Thread (sp_job_server_spu_thread)[0x0091f004]TODO: cellFiberPpuRunFibers
HLE: E PPU[86] Thread (sp_job_server_spu_thread)[0x0091d0c4]cellSpurs error: Unimplemented function: cellSpursJobGuardNotify
HLE: E PPU[86] Thread (sp_job_server_spu_thread)[0x0091f004]TODO: cellFiberPpuRunFibers
HLE: E PPU[86] Thread (sp_job_server_spu_thread)[0x0091f004]TODO: cellFiberPpuRunFibers
HLE: E PPU[86] Thread (sp_job_server_spu_thread)[0x0091f004]TODO: cellFiberPpuRunFibers
HLE: E PPU[86] Thread (sp_job_server_spu_thread)[0x0091f004]TODO: cellFiberPpuRunFibers
HLE: E PPU[86] Thread (sp_job_server_spu_thread)[0x0091d0c4]cellSpurs error: Unimplemented function: cellSpursJobGuardNotify
HLE: E PPU[86] Thread (sp_job_server_spu_thread)[0x0091f004]TODO: cellFiberPpuRunFibers
HLE: E PPU[86] Thread (sp_job_server_spu_thread)[0x0091f004]TODO: cellFiberPpuRunFibers
HLE: E PPU[86] Thread (sp_job_server_spu_thread)[0x0091f004]TODO: cellFiberPpuRunFibers
HLE: E PPU[86] Thread (sp_job_server_spu_thread)[0x0091d0c4]cellSpurs error: Unimplemented function: cellSpursJobGuardNotify
HLE: E PPU[86] Thread (sp_job_server_spu_thread)[0x0091f004]TODO: cellFiberPpuRunFibers
HLE: E PPU[86] Thread (sp_job_server_spu_thread)[0x0091f004]TODO: cellFiberPpuRunFibers
HLE: E PPU[86] Thread (sp_job_server_spu_thread)[0x0091f004]TODO: cellFiberPpuRunFibers
HLE: E PPU[86] Thread (sp_job_server_spu_thread)[0x0091d0c4]cellSpurs error: Unimplemented function: cellSpursJobGuardNotify
HLE: E PPU[86] Thread (sp_job_server_spu_thread)[0x0091f004]TODO: cellFiberPpuRunFibers
HLE: E PPU[86] Thread (sp_job_server_spu_thread)[0x0091f004]TODO: cellFiberPpuRunFibers
HLE: E PPU[86] Thread (sp_job_server_spu_thread)[0x0091d0c4]cellSpurs error: Unimplemented function: cellSpursJobGuardNotify
HLE: E PPU[86] Thread (sp_job_server_spu_thread)[0x0091f004]TODO: cellFiberPpuRunFibers
HLE: E PPU[86] Thread (sp_job_server_spu_thread)[0x0091f004]TODO: cellFiberPpuRunFibers
HLE: E PPU[86] Thread (sp_job_server_spu_thread)[0x0091f004]TODO: cellFiberPpuRunFibers
HLE: E PPU[86] Thread (sp_job_server_spu_thread)[0x0091f004]TODO: cellFiberPpuRunFibers
HLE: E PPU[86] Thread (sp_job_server_spu_thread)[0x0091f004]TODO: cellFiberPpuRunFibers
HLE: E PPU[86] Thread (sp_job_server_spu_thread)[0x0091f004]TODO: cellFiberPpuRunFibers
HLE: E PPU[86] Thread (sp_job_server_spu_thread)[0x0091f004]TODO: cellFiberPpuRunFibers
HLE: E PPU[86] Thread (sp_job_server_spu_thread)[0x0091f004]TODO: cellFiberPpuRunFibers
HLE: E PPU[86] Thread (sp_job_server_spu_thread)[0x0091f004]TODO: cellFiberPpuRunFibers
HLE: E PPU[86] Thread (sp_job_server_spu_thread)[0x0091f004]TODO: cellFiberPpuRunFibers
HLE: E PPU[86] Thread (sp_job_server_spu_thread)[0x0091f004]TODO: cellFiberPpuRunFibers
HLE: E PPU[86] Thread (sp_job_server_spu_thread)[0x0091f004]TODO: cellFiberPpuRunFibers
HLE: E PPU[86] Thread (sp_job_server_spu_thread)[0x0091f004]TODO: cellFiberPpuRunFibers
HLE: E PPU[86] Thread (sp_job_server_spu_thread)[0x0091f004]TODO: cellFiberPpuRunFibers
HLE: E PPU[86] Thread (sp_job_server_spu_thread)[0x0091f004]TODO: cellFiberPpuRunFibers
HLE: E PPU[86] Thread (sp_job_server_spu_thread)[0x0091f004]TODO: cellFiberPpuRunFibers
HLE: E PPU[86] Thread (sp_job_server_spu_thread)[0x0091f004]TODO: cellFiberPpuRunFibers
HLE: E PPU[86] Thread (sp_job_server_spu_thread)[0x0091f004]TODO: cellFiberPpuRunFibers
HLE: E PPU[86] Thread (sp_job_server_spu_thread)[0x0091f004]TODO: cellFiberPpuRunFibers
HLE: E PPU[86] Thread (sp_job_server_spu_thread)[0x0091f004]TODO: cellFiberPpuRunFibers
HLE: E PPU[86] Thread (sp_job_server_spu_thread)[0x0091f004]TODO: cellFiberPpuRunFibers
HLE: E PPU[86] Thread (sp_job_server_spu_thread)[0x0091f004]TODO: cellFiberPpuRunFibers
HLE: E PPU[86] Thread (sp_job_server_spu_thread)[0x0091f004]TODO: cellFiberPpuRunFibers
HLE: E PPU[86] Thread (sp_job_server_spu_thread)[0x0091f004]TODO: cellFiberPpuRunFibers
HLE: E PPU[86] Thread (sp_job_server_spu_thread)[0x0091f004]TODO: cellFiberPpuRunFibers
HLE: E PPU[86] Thread (sp_job_server_spu_thread)[0x0091f004]TODO: cellFiberPpuRunFibers
HLE: E PPU[86] Thread (sp_job_server_spu_thread)[0x0091f004]TODO: cellFiberPpuRunFibers
HLE: E PPU[86] Thread (sp_job_server_spu_thread)[0x0091f004]TODO: cellFiberPpuRunFibers
HLE: W Surmixer ThreadSurmixer aborted
HLE: W PPU[67] Thread (cri_adxm_idle_proc)[0x00622d40]sys_cond_wait(id=49) aborted
HLE: W PPU[27] Thread (cri_dlg)[0x0066a15c]sys_cond_wait(id=25) aborted
HLE: W PPU[63] Thread (cri_adxm_vsync_proc)[0x00622d40]sys_cond_wait(id=45) aborted
HLE: W PPU[65] Thread (cri_adxm_fs_proc)[0x00622d40]sys_cond_wait(id=47) aborted
HLE: W PPU[34] Thread (cri_dlg)[0x0066a15c]sys_cond_wait(id=32) aborted
RSX: W VBlank threadVBlank thread aborted
HLE: W Audio ThreadAudio thread aborted
RSX: W RSXThreadRSX thread aborted
HLE: W PPU[95] Thread (sp_job_server_cpu_thread_low)[0x005fff64]sys_event_queue_receive(equeue=93) aborted
HLE: W PPU[113] Thread (sp_game_server_video_thread)[0x005fff64]sys_event_queue_receive(equeue=111) aborted
HLE: W PPU[86] Thread (sp_job_server_spu_thread)[0x005fff64]sys_event_queue_receive(equeue=84) aborted
HLE: W PPU[92] Thread (sp_job_server_cpu_thread_normal)[0x005fff64]sys_event_queue_receive(equeue=90) aborted
HLE: W PPU[89] Thread (sp_job_server_cpu_thread_high)[0x005fff64]sys_event_queue_receive(equeue=87) aborted
HLE: W PPU[109] Thread (sp_sound_font_synthesis_thread)[0x006631f8]sys_event_queue_receive(equeue=104) aborted
HLE: ! All threads stopped...
MEM: ! Closing memory...
