HLE: ! path: /dev_hdd0/game/
LDR: ! Loading 'D:\Emulateurs\Rpcs3\dev_hdd0\game\BLES00461-[Skate 2]/PS3_GAME/USRDIR/BOOT.BIN'...
LDR: !  
LDR: ! Mount info:
LDR: ! /dev_hdd0/ -> D:\Emulateurs\Rpcs3/dev_hdd0/
LDR: ! /dev_hdd1/ -> D:\Emulateurs\Rpcs3/dev_hdd1/
LDR: ! /dev_flash/ -> D:\Emulateurs\Rpcs3/dev_flash/
LDR: ! /dev_usb000/ -> D:\Emulateurs\Rpcs3/dev_usb000/
LDR: ! /dev_usb/ -> D:\Emulateurs\Rpcs3/dev_usb000/
LDR: ! /app_home/ -> D:\Emulateurs\Rpcs3\dev_hdd0\game\BLES00461-[Skate 2]/PS3_GAME/
LDR: ! /dev_bdvd/ -> D:\Emulateurs\Rpcs3\dev_hdd0\game\BLES00461-[Skate 2]/PS3_GAME//../
LDR: ! /host_root/ -> 
LDR: ! / -> D:\Emulateurs\Rpcs3\dev_hdd0\game\BLES00461-[Skate 2]/PS3_GAME//USRDIR/
LDR: ! /app_home/PS3_GAME/USRDIR/ -> D:\Emulateurs\Rpcs3\dev_hdd0\game\BLES00461-[Skate 2]/PS3_GAME//USRDIR/
LDR: ! /dev_flash2/ -> D:\Emulateurs\Rpcs3/dev_flash2/
LDR: ! /app_home/Game/PS3_GAME/USRDIR/ -> D:\Emulateurs\Rpcs3\dev_hdd0\game\BLES00461-[Skate 2]/PS3_GAME//USRDIR/
LDR: !  
MEM: ! Initing memory...
MEM: ! Memory initialized.
LDR: W Unimplemented function 'cellSpursRemoveWorkload' in 'cellSpurs' module
LDR: W Unimplemented function 'cellSpursWaitForWorkloadShutdown' in 'cellSpurs' module
LDR: W Unimplemented function 'cellSpursShutdownWorkload' in 'cellSpurs' module
LDR: W Unimplemented function 'cellSpursAddWorkloadWithAttribute' in 'cellSpurs' module
LDR: W Unimplemented function '_cellSpursWorkloadAttributeInitialize' in 'cellSpurs' module
LDR: W Unimplemented function 'cellSpursReadyCountStore' in 'cellSpurs' module
LDR: W Unimplemented function 'sceNpBasicSendMessageGui' in 'sceNp' module
LDR: W Unimplemented function 'sceNpBasicGetFriendListEntry' in 'sceNp' module
LDR: W Unimplemented function 'sceNpBasicAddPlayersHistory' in 'sceNp' module
LDR: W Unimplemented function 'sceNpBasicAddFriend' in 'sceNp' module
LDR: W Unimplemented function 'sceNpBasicSendMessageAttachment' in 'sceNp' module
LDR: W Unimplemented function 'sceNpBasicRecvMessageAttachmentLoad' in 'sceNp' module
LDR: W Unimplemented function 'sceNpManagerGetContentRatingFlag' in 'sceNp' module
LDR: W Unimplemented function 'sceNpBasicRecvMessageCustom' in 'sceNp' module
LDR: W Unimplemented function 'sceNpBasicGetCustomInvitationEntryCount' in 'sceNp' module
LDR: W Unimplemented function 'sceNpBasicGetFriendListEntryCount' in 'sceNp' module
LDR: W Unimplemented function 'sceNpBasicRecvMessageAttachment' in 'sceNp' module
LDR: W Unimplemented function 'sceNpProfileCallGui' in 'sceNp' module
LDR: W Unimplemented function 'sceNpUtilCmpNpId' in 'sceNp' module
LDR: W Unimplemented function 'sceNpManagerGetChatRestrictionFlag' in 'sceNp' module
LDR: W Unimplemented function 'sceNpManagerGetNpId' in 'sceNp' module
LDR: W Unimplemented function 'sceNpManagerGetTicket' in 'sceNp' module
LDR: W Unimplemented function 'sceNpManagerGetAccountAge' in 'sceNp' module
LDR: W Unimplemented function 'sceNpManagerGetPsHandle' in 'sceNp' module
LDR: W Unimplemented function 'sceNpManagerGetMyLanguages' in 'sceNp' module
LDR: W Unimplemented function 'sceNpLookupAbortTransaction' in 'sceNp' module
LDR: W Unimplemented function 'sceNpBasicRegisterContextSensitiveHandler' in 'sceNp' module
LDR: W Unimplemented function 'sceNpManagerUnregisterCallback' in 'sceNp' module
LDR: W Unimplemented function 'sceNpManagerGetTicketParam' in 'sceNp' module
LDR: W Unimplemented function 'sceNpLookupDestroyTitleCtx' in 'sceNp' module
LDR: W Unimplemented function 'sceNpLookupInit' in 'sceNp' module
LDR: W Unimplemented function 'sceNpBasicGetBlockListEntryCount' in 'sceNp' module
LDR: W Unimplemented function 'sceNpLookupPollAsync' in 'sceNp' module
LDR: W Unimplemented function 'sceNpManagerRequestTicket' in 'sceNp' module
LDR: W Unimplemented function 'sceNpLookupTerm' in 'sceNp' module
LDR: W Unimplemented function 'sceNpCommerceSetDataFlagFinish' in 'sceNp' module
LDR: W Unimplemented function 'sceNpCommerceSetDataFlagStart' in 'sceNp' module
LDR: W Unimplemented function 'sceNpBasicUnregisterHandler' in 'sceNp' module
LDR: W Unimplemented function 'sceNpManagerGetAccountRegion' in 'sceNp' module
LDR: W Unimplemented function 'sceNpBasicAddPlayersHistoryAsync' in 'sceNp' module
LDR: W Unimplemented function 'sceNpLookupCreateTitleCtx' in 'sceNp' module
LDR: W Unimplemented function 'sceNpLookupNpIdAsync' in 'sceNp' module
LDR: W Unimplemented function 'sceNpBasicGetEvent' in 'sceNp' module
LDR: W Unimplemented function 'sceNpCommerceDestroyCtx' in 'sceNp' module
LDR: W Unimplemented function 'sceNpManagerRegisterCallback' in 'sceNp' module
LDR: W Unimplemented function 'sceNpLookupCreateTransactionCtx' in 'sceNp' module
LDR: W Unimplemented function 'sceNpBasicGetBlockListEntry' in 'sceNp' module
LDR: W Unimplemented function 'sceNpLookupDestroyTransactionCtx' in 'sceNp' module
LDR: W Unimplemented function 'sceNpCommerceCreateCtx' in 'sceNp' module
LDR: W Unimplemented function 'Unknown func id: 0x4210c462' in 'sceNp' module
LDR: W Unimplemented function 'socketpoll' in 'sys_net' module
LDR: W Unimplemented function 'getsockname' in 'sys_net' module
LDR: W Unimplemented function 'getsockopt' in 'sys_net' module
LDR: W Unimplemented function 'gethostbyname' in 'sys_net' module
LDR: W Unimplemented function 'inet_ntoa' in 'sys_net' module
LDR: W Unimplemented function 'getpeername' in 'sys_net' module
LDR: W Unimplemented function 'socketselect' in 'sys_net' module
LDR: W Unimplemented function 'inet_aton' in 'sys_net' module
LDR: W Unimplemented function 'gethostbyaddr' in 'sys_net' module
LDR: W Unimplemented function 'cellFsUtime' in 'sys_fs' module
LDR: W Unimplemented function 'cellSaveDataListAutoLoad' in 'cellSysutil' module
LDR: W Unimplemented function 'cellOskDialogUnloadAsync' in 'cellSysutil' module
LDR: W Unimplemented function 'cellOskDialogLoadAsync' in 'cellSysutil' module
LDR: W Unimplemented function 'cellGameDataExitBroken' in 'cellSysutil' module
LDR: W Unimplemented function 'cellOskDialogSetKeyLayoutOption' in 'cellSysutil' module
LDR: W Unimplemented function 'cellOskDialogAbort' in 'cellSysutil' module
LDR: W Unimplemented function 'cellDiscGameGetBootDiscInfo' in 'cellSysutil' module
LDR: W Unimplemented function 'cellOskDialogSetLayoutMode' in 'cellSysutil' module
LDR: W Unknown module 'cellSaveData'
LDR: W Unknown module 'sceNpCommerce2'
LDR: W Unknown module 'cellHttp'
LDR: W Unimplemented function 'cellSslEnd' in 'cellSsl' module
LDR: W Unimplemented function 'cellSslCertificateLoader' in 'cellSsl' module
LDR: W Unimplemented function 'cellSslInit' in 'cellSsl' module
LDR: W Unimplemented function 'cellMicRead' in 'cellMic' module
LDR: W Unimplemented function 'cellMicIsAttached' in 'cellMic' module
LDR: W Unimplemented function 'cellMicSetSignalAttr' in 'cellMic' module
LDR: W Unimplemented function 'cellMicInit' in 'cellMic' module
LDR: W Unimplemented function 'cellMicClose' in 'cellMic' module
LDR: W Unimplemented function 'cellMicGetSignalState' in 'cellMic' module
LDR: W Unimplemented function 'cellMicEnd' in 'cellMic' module
LDR: W Unimplemented function 'cellMicOpen' in 'cellMic' module
LDR: W Unimplemented function 'cellMicStart' in 'cellMic' module
LDR: W Unimplemented function 'cellCelpEncClose' in 'cellCelpEnc' module
LDR: W Unimplemented function 'cellCelpEncGetAu' in 'cellCelpEnc' module
LDR: W Unimplemented function 'cellCelpEncStart' in 'cellCelpEnc' module
LDR: W Unimplemented function 'cellCelpEncQueryAttr' in 'cellCelpEnc' module
LDR: W Unimplemented function 'cellCelpEncOpen' in 'cellCelpEnc' module
LDR: W Unimplemented function 'cellCelpEncEncodeFrame' in 'cellCelpEnc' module
LDR: W Unimplemented function 'cellCelpEncWaitForOutput' in 'cellCelpEnc' module
LDR: W Unimplemented function 'cellCelpEncEnd' in 'cellCelpEnc' module
HLE: W PPU[1] Thread (CPUThread)[0x014f8034]sys_lwmutex warning: *** lwmutex created [_lc_mtx] (attribute=0x12): sq_id = 3
HLE: W PPU[1] Thread (CPUThread)[0x00b4d750]memory warning: sys_memory_get_user_memory_size(mem_info_addr=0xd0010c04)
HLE: W PPU[1] Thread (CPUThread)[0x014f8034]sys_lwmutex warning: *** lwmutex created [_lc_mtx] (attribute=0x12): sq_id = 4
HLE: W PPU[1] Thread (CPUThread)[0x014f8034]sys_lwmutex warning: *** lwmutex created [_lc_mtx] (attribute=0x12): sq_id = 5
HLE: W PPU[1] Thread (CPUThread)[0x014f8034]sys_lwmutex warning: *** lwmutex created [_lc_mtx] (attribute=0x12): sq_id = 6
HLE: W PPU[1] Thread (CPUThread)[0x014f8034]sys_lwmutex warning: *** lwmutex created [_lc_mtx] (attribute=0x12): sq_id = 7
HLE: W PPU[1] Thread (CPUThread)[0x014f8034]sys_lwmutex warning: *** lwmutex created [_lc_mtx] (attribute=0x12): sq_id = 8
HLE: W PPU[1] Thread (CPUThread)[0x014f8034]sys_lwmutex warning: *** lwmutex created [_lc_mtx] (attribute=0x12): sq_id = 9
HLE: W PPU[1] Thread (CPUThread)[0x014f8034]sys_lwmutex warning: *** lwmutex created [_lc_mtx] (attribute=0x12): sq_id = 10
HLE: W PPU[1] Thread (CPUThread)[0x014f8034]sys_lwmutex warning: *** lwmutex created [_lc_mtx] (attribute=0x12): sq_id = 11
HLE: W PPU[1] Thread (CPUThread)[0x014f8034]sys_lwmutex warning: *** lwmutex created [_lc_mtx] (attribute=0x12): sq_id = 12
HLE: W PPU[1] Thread (CPUThread)[0x014f8034]sys_lwmutex warning: *** lwmutex created [] (attribute=0x12): sq_id = 13
HLE: W PPU[1] Thread (CPUThread)[0x00555620]memory warning: sys_memory_get_user_memory_size(mem_info_addr=0xd0010750)
HLE: W PPU[1] Thread (CPUThread)[0x00786c78]sys_semaphore warning: sys_semaphore_create(sem_addr=0x13c4370, attr_addr=0xd00105b0, initial_count=0, max_count=100000)
HLE: ! PPU[1] Thread (CPUThread)[0x00786c78]*** semaphore created [] (protocol=0x2): id = 14
HLE: W PPU[1] Thread (CPUThread)[0x00787f40]sys_mutex warning: *** mutex created [] (protocol=0x2, recursive=true): id = 15
HLE: W PPU[1] Thread (CPUThread)[0x0055bf18]memory warning: sys_memory_container_create(cid_addr=0x13c4218, yield_size=0x1000000)
HLE: W PPU[1] Thread (CPUThread)[0x0055bf18]memory warning: *** memory_container created(addr=0x30100000): id = 16
HLE: W PPU[1] Thread (CPUThread)[0x014f8034]sys_lwmutex warning: *** lwmutex created [] (attribute=0x12): sq_id = 17
HLE: W PPU[1] Thread (CPUThread)[0x014f8034]sys_lwmutex warning: *** lwmutex created [] (attribute=0x12): sq_id = 18
HLE: W PPU[1] Thread (CPUThread)[0x014f8034]sys_lwmutex warning: *** lwmutex created [] (attribute=0x12): sq_id = 19
HLE: W PPU[1] Thread (CPUThread)[0x014f8034]sys_lwmutex warning: *** lwmutex created [] (attribute=0x12): sq_id = 20
HLE: W PPU[1] Thread (CPUThread)[0x014f8034]sys_lwmutex warning: *** lwmutex created [] (attribute=0x12): sq_id = 21
HLE: W PPU[1] Thread (CPUThread)[0x014f8034]sys_lwmutex warning: *** lwmutex created [] (attribute=0x12): sq_id = 22
HLE: W PPU[1] Thread (CPUThread)[0x00555620]memory warning: sys_memory_get_user_memory_size(mem_info_addr=0xd0010570)
HLE: W PPU[1] Thread (CPUThread)[0x014f8034]sys_lwmutex warning: *** lwmutex created [_lc_mtx] (attribute=0x12): sq_id = 23
HLE: W PPU[1] Thread (CPUThread)[0x014f8034]sys_lwmutex warning: *** lwmutex created [_lc_mtx] (attribute=0x12): sq_id = 24
HLE: W PPU[1] Thread (CPUThread)[0x014f8034]sys_lwmutex warning: *** lwmutex created [_lc_mtx] (attribute=0x12): sq_id = 25
HLE: W PPU[1] Thread (CPUThread)[0x014f8034]sys_lwmutex warning: *** lwmutex created [_lc_mtx] (attribute=0x12): sq_id = 26
HLE: W PPU[1] Thread (CPUThread)[0x014f8034]sys_lwmutex warning: *** lwmutex created [_lc_mtx] (attribute=0x12): sq_id = 27
HLE: W PPU[1] Thread (CPUThread)[0x014f8034]sys_lwmutex warning: *** lwmutex created [_lc_mtx] (attribute=0x12): sq_id = 28
HLE: W PPU[1] Thread (CPUThread)[0x014f8034]sys_lwmutex warning: *** lwmutex created [_lc_mtx] (attribute=0x12): sq_id = 29
HLE: W PPU[1] Thread (CPUThread)[0x014f8034]sys_lwmutex warning: *** lwmutex created [_lc_mtx] (attribute=0x12): sq_id = 30
HLE: W PPU[1] Thread (CPUThread)[0x014f8034]sys_lwmutex warning: *** lwmutex created [_lc_mtx] (attribute=0x12): sq_id = 31
HLE: W PPU[1] Thread (CPUThread)[0x014f8034]sys_lwmutex warning: *** lwmutex created [_lc_mtx] (attribute=0x12): sq_id = 32
HLE: W PPU[1] Thread (CPUThread)[0x014f8034]sys_lwmutex warning: *** lwmutex created [_lc_mtx] (attribute=0x12): sq_id = 33
HLE: W PPU[1] Thread (CPUThread)[0x014f8034]sys_lwmutex warning: *** lwmutex created [_lc_mtx] (attribute=0x12): sq_id = 34
HLE: W PPU[1] Thread (CPUThread)[0x00787f40]sys_mutex warning: *** mutex created [] (protocol=0x2, recursive=true): id = 35
HLE: W PPU[1] Thread (CPUThread)[0x00787f40]sys_mutex warning: *** mutex created [] (protocol=0x2, recursive=true): id = 36
HLE: W PPU[1] Thread (CPUThread)[0x00787f40]sys_mutex warning: *** mutex created [] (protocol=0x2, recursive=true): id = 37
HLE: W PPU[1] Thread (CPUThread)[0x014e2124]cellSysutil warning: cellVideoOutGetResolutionAvailability(videoOut=0, resolutionId=0x1, option_addr=0x0, aspect=0x0, option=0xe5f56710)
PPU: E PPU[1] Thread (CPUThread)[0x0079ad40]GetRegBySPR error: Unknown SPR 0x10c! #pc: 0x79ad40
PPU: ! PPU[1] Thread (CPUThread)[0x0079ad40]r0 = 0x8
PPU: ! PPU[1] Thread (CPUThread)[0x0079ad40]r1 = 0xd0010c00
PPU: ! PPU[1] Thread (CPUThread)[0x0079ad40]r2 = 0x1326a7c
PPU: ! PPU[1] Thread (CPUThread)[0x0079ad40]r3 = 0x989680
PPU: ! PPU[1] Thread (CPUThread)[0x0079ad40]r4 = 0xffff
PPU: ! PPU[1] Thread (CPUThread)[0x0079ad40]r5 = 0x0
PPU: ! PPU[1] Thread (CPUThread)[0x0079ad40]r6 = 0x135f148
PPU: ! PPU[1] Thread (CPUThread)[0x0079ad40]r7 = 0x1
PPU: ! PPU[1] Thread (CPUThread)[0x0079ad40]r8 = 0x28
PPU: ! PPU[1] Thread (CPUThread)[0x0079ad40]r9 = 0x1
PPU: ! PPU[1] Thread (CPUThread)[0x0079ad40]r10 = 0xffffffffffffffff
PPU: ! PPU[1] Thread (CPUThread)[0x0079ad40]r11 = 0x13fb3b8
PPU: ! PPU[1] Thread (CPUThread)[0x0079ad40]r12 = 0x11e2080
PPU: ! PPU[1] Thread (CPUThread)[0x0079ad40]r13 = 0x30007060
PPU: ! PPU[1] Thread (CPUThread)[0x0079ad40]r14 = 0x0
PPU: ! PPU[1] Thread (CPUThread)[0x0079ad40]r15 = 0x0
PPU: ! PPU[1] Thread (CPUThread)[0x0079ad40]r16 = 0x0
PPU: ! PPU[1] Thread (CPUThread)[0x0079ad40]r17 = 0x0
PPU: ! PPU[1] Thread (CPUThread)[0x0079ad40]r18 = 0x0
PPU: ! PPU[1] Thread (CPUThread)[0x0079ad40]r19 = 0x0
PPU: ! PPU[1] Thread (CPUThread)[0x0079ad40]r20 = 0x0
PPU: ! PPU[1] Thread (CPUThread)[0x0079ad40]r21 = 0x0
PPU: ! PPU[1] Thread (CPUThread)[0x0079ad40]r22 = 0x0
PPU: ! PPU[1] Thread (CPUThread)[0x0079ad40]r23 = 0x0
PPU: ! PPU[1] Thread (CPUThread)[0x0079ad40]r24 = 0x0
PPU: ! PPU[1] Thread (CPUThread)[0x0079ad40]r25 = 0x0
PPU: ! PPU[1] Thread (CPUThread)[0x0079ad40]r26 = 0xd0010e00
PPU: ! PPU[1] Thread (CPUThread)[0x0079ad40]r27 = 0xd0010df0
PPU: ! PPU[1] Thread (CPUThread)[0x0079ad40]r28 = 0x1
PPU: ! PPU[1] Thread (CPUThread)[0x0079ad40]r29 = 0xd0010e00
PPU: ! PPU[1] Thread (CPUThread)[0x0079ad40]r30 = 0x0
PPU: ! PPU[1] Thread (CPUThread)[0x0079ad40]r31 = 0x12401b8
PPU: ! PPU[1] Thread (CPUThread)[0x0079ad40]f0 = 0.000000
PPU: ! PPU[1] Thread (CPUThread)[0x0079ad40]f1 = 0.000000
PPU: ! PPU[1] Thread (CPUThread)[0x0079ad40]f2 = 0.000000
PPU: ! PPU[1] Thread (CPUThread)[0x0079ad40]f3 = 0.000000
PPU: ! PPU[1] Thread (CPUThread)[0x0079ad40]f4 = 0.000000
PPU: ! PPU[1] Thread (CPUThread)[0x0079ad40]f5 = 0.000000
PPU: ! PPU[1] Thread (CPUThread)[0x0079ad40]f6 = 0.000000
PPU: ! PPU[1] Thread (CPUThread)[0x0079ad40]f7 = 0.000000
PPU: ! PPU[1] Thread (CPUThread)[0x0079ad40]f8 = 0.000000
PPU: ! PPU[1] Thread (CPUThread)[0x0079ad40]f9 = 0.000000
PPU: ! PPU[1] Thread (CPUThread)[0x0079ad40]f10 = 0.000000
PPU: ! PPU[1] Thread (CPUThread)[0x0079ad40]f11 = 0.000000
PPU: ! PPU[1] Thread (CPUThread)[0x0079ad40]f12 = 0.000000
PPU: ! PPU[1] Thread (CPUThread)[0x0079ad40]f13 = 0.000000
PPU: ! PPU[1] Thread (CPUThread)[0x0079ad40]f14 = 0.000000
PPU: ! PPU[1] Thread (CPUThread)[0x0079ad40]f15 = 0.000000
PPU: ! PPU[1] Thread (CPUThread)[0x0079ad40]f16 = 0.000000
PPU: ! PPU[1] Thread (CPUThread)[0x0079ad40]f17 = 0.000000
PPU: ! PPU[1] Thread (CPUThread)[0x0079ad40]f18 = 0.000000
PPU: ! PPU[1] Thread (CPUThread)[0x0079ad40]f19 = 0.000000
PPU: ! PPU[1] Thread (CPUThread)[0x0079ad40]f20 = 0.000000
PPU: ! PPU[1] Thread (CPUThread)[0x0079ad40]f21 = 0.000000
PPU: ! PPU[1] Thread (CPUThread)[0x0079ad40]f22 = 0.000000
PPU: ! PPU[1] Thread (CPUThread)[0x0079ad40]f23 = 0.000000
PPU: ! PPU[1] Thread (CPUThread)[0x0079ad40]f24 = 0.000000
PPU: ! PPU[1] Thread (CPUThread)[0x0079ad40]f25 = 0.000000
PPU: ! PPU[1] Thread (CPUThread)[0x0079ad40]f26 = 0.000000
PPU: ! PPU[1] Thread (CPUThread)[0x0079ad40]f27 = 0.000000
PPU: ! PPU[1] Thread (CPUThread)[0x0079ad40]f28 = 0.000000
PPU: ! PPU[1] Thread (CPUThread)[0x0079ad40]f29 = 0.000000
PPU: ! PPU[1] Thread (CPUThread)[0x0079ad40]f30 = 0.000000
PPU: ! PPU[1] Thread (CPUThread)[0x0079ad40]f31 = 0.000000
PPU: ! PPU[1] Thread (CPUThread)[0x0079ad40]v0 = 0x00000000c11cf5c300000000012401f8 [x: 0 y: -9.81 z: 0 w: 3.01235e-038]
PPU: ! PPU[1] Thread (CPUThread)[0x0079ad40]v1 = 0x00000000c19cf5c300000000d0010df0 [x: 0 y: -19.62 z: 0 w: -8.6607e+009]
PPU: ! PPU[1] Thread (CPUThread)[0x0079ad40]v2 = 0x00000000000000000000000000000000 [x: 0 y: 0 z: 0 w: 0]
PPU: ! PPU[1] Thread (CPUThread)[0x0079ad40]v3 = 0x00000000000000000000000000000000 [x: 0 y: 0 z: 0 w: 0]
PPU: ! PPU[1] Thread (CPUThread)[0x0079ad40]v4 = 0x00000000000000000000000000000000 [x: 0 y: 0 z: 0 w: 0]
PPU: ! PPU[1] Thread (CPUThread)[0x0079ad40]v5 = 0x00000000000000000000000000000000 [x: 0 y: 0 z: 0 w: 0]
PPU: ! PPU[1] Thread (CPUThread)[0x0079ad40]v6 = 0x00000000000000000000000000000000 [x: 0 y: 0 z: 0 w: 0]
PPU: ! PPU[1] Thread (CPUThread)[0x0079ad40]v7 = 0x00000000000000000000000000000000 [x: 0 y: 0 z: 0 w: 0]
PPU: ! PPU[1] Thread (CPUThread)[0x0079ad40]v8 = 0x3f8000003f8000000000000001326a7c [x: 1 y: 1 z: 0 w: 3.27698e-038]
PPU: ! PPU[1] Thread (CPUThread)[0x0079ad40]v9 = 0x3f0000003f00000000000000d0010df0 [x: 0.5 y: 0.5 z: 0 w: -8.6607e+009]
PPU: ! PPU[1] Thread (CPUThread)[0x0079ad40]v10 = 0x3f800000bf80000000004e2000000000 [x: 1 y: -1 z: 2.8026e-041 w: 0]
PPU: ! PPU[1] Thread (CPUThread)[0x0079ad40]v11 = 0x322bcc77322bcc77322bcc77322bcc77 [x: 1e-008 y: 1e-008 z: 1e-008 w: 1e-008]
PPU: ! PPU[1] Thread (CPUThread)[0x0079ad40]v12 = 0xbf8000003f8000000000000001326a7c [x: -1 y: 1 z: 0 w: 3.27698e-038]
PPU: ! PPU[1] Thread (CPUThread)[0x0079ad40]v13 = 0x00000000c09cf5c3000000000143c420 [x: 0 y: -4.905 z: 0 w: 3.59566e-038]
PPU: ! PPU[1] Thread (CPUThread)[0x0079ad40]v14 = 0x00000000000000000000000000000000 [x: 0 y: 0 z: 0 w: 0]
PPU: ! PPU[1] Thread (CPUThread)[0x0079ad40]v15 = 0x00000000000000000000000000000000 [x: 0 y: 0 z: 0 w: 0]
PPU: ! PPU[1] Thread (CPUThread)[0x0079ad40]v16 = 0x00000000000000000000000000000000 [x: 0 y: 0 z: 0 w: 0]
PPU: ! PPU[1] Thread (CPUThread)[0x0079ad40]v17 = 0x00000000000000000000000000000000 [x: 0 y: 0 z: 0 w: 0]
PPU: ! PPU[1] Thread (CPUThread)[0x0079ad40]v18 = 0x00000000000000000000000000000000 [x: 0 y: 0 z: 0 w: 0]
PPU: ! PPU[1] Thread (CPUThread)[0x0079ad40]v19 = 0x00000000000000000000000000000000 [x: 0 y: 0 z: 0 w: 0]
PPU: ! PPU[1] Thread (CPUThread)[0x0079ad40]v20 = 0x00000000000000000000000000000000 [x: 0 y: 0 z: 0 w: 0]
PPU: ! PPU[1] Thread (CPUThread)[0x0079ad40]v21 = 0x00000000000000000000000000000000 [x: 0 y: 0 z: 0 w: 0]
PPU: ! PPU[1] Thread (CPUThread)[0x0079ad40]v22 = 0x00000000000000000000000000000000 [x: 0 y: 0 z: 0 w: 0]
PPU: ! PPU[1] Thread (CPUThread)[0x0079ad40]v23 = 0x00000000000000000000000000000000 [x: 0 y: 0 z: 0 w: 0]
PPU: ! PPU[1] Thread (CPUThread)[0x0079ad40]v24 = 0x00000000000000000000000000000000 [x: 0 y: 0 z: 0 w: 0]
PPU: ! PPU[1] Thread (CPUThread)[0x0079ad40]v25 = 0x00000000000000000000000000000000 [x: 0 y: 0 z: 0 w: 0]
PPU: ! PPU[1] Thread (CPUThread)[0x0079ad40]v26 = 0x00000000000000000000000000000000 [x: 0 y: 0 z: 0 w: 0]
PPU: ! PPU[1] Thread (CPUThread)[0x0079ad40]v27 = 0x00000000000000000000000000000000 [x: 0 y: 0 z: 0 w: 0]
PPU: ! PPU[1] Thread (CPUThread)[0x0079ad40]v28 = 0x00000000000000000000000000000000 [x: 0 y: 0 z: 0 w: 0]
PPU: ! PPU[1] Thread (CPUThread)[0x0079ad40]v29 = 0x00000000000000000000000000000000 [x: 0 y: 0 z: 0 w: 0]
PPU: ! PPU[1] Thread (CPUThread)[0x0079ad40]v30 = 0x00000000000000000000000000000000 [x: 0 y: 0 z: 0 w: 0]
PPU: ! PPU[1] Thread (CPUThread)[0x0079ad40]v31 = 0x00000000000000000000000000000000 [x: 0 y: 0 z: 0 w: 0]
PPU: ! PPU[1] Thread (CPUThread)[0x0079ad40]CR = 0x22000042
PPU: ! PPU[1] Thread (CPUThread)[0x0079ad40]LR = 0x55550c
PPU: ! PPU[1] Thread (CPUThread)[0x0079ad40]CTR = 0x8
PPU: ! PPU[1] Thread (CPUThread)[0x0079ad40]XER = 0x0 [CA=515396075520 | OV=140711718551552 | SO=515396075520]
PPU: ! PPU[1] Thread (CPUThread)[0x0079ad40]FPSCR = 0x4000 [RN=0 | NI=0 | XE=0 | ZE=0 | UE=0 | OE=0 | VE=0 | VXCVI=0 | VXSQRT=0 | VXSOFT=0 | FPRF=4 | FI=0 | FR=0 | VXVC=0 | VXIMZ=0 | VXZDZ=0 | VXIDI=0 | VXISI=0 | VXSNAN=0 | XX=0 | ZX=0 | UX=0 | OX=0 | VX=0 | FEX=0 | FX=0]
HLE: ! All threads stopped...
MEM: ! Closing memory...
