HLE: ! path: /dev_hdd0/game/
LDR: W SELF: No NPDRM control info found!
LDR: ! Loading 'D:\Emulateurs\Rpcs3\dev_hdd0\game\BLES01228-[Devil May Cry HD Collection]\PS3_GAME\USRDIR/BOOT.BIN'...
LDR: !  
LDR: ! Mount info:
LDR: ! /dev_hdd0/ -> D:\Emulateurs\Rpcs3/dev_hdd0/
LDR: ! /dev_hdd1/ -> D:\Emulateurs\Rpcs3/dev_hdd1/
LDR: ! /dev_flash/ -> D:\Emulateurs\Rpcs3/dev_flash/
LDR: ! /dev_usb000/ -> D:\Emulateurs\Rpcs3/dev_usb000/
LDR: ! /dev_usb/ -> D:\Emulateurs\Rpcs3/dev_usb000/
LDR: ! /app_home/ -> D:\Emulateurs\Rpcs3\dev_hdd0\game\BLES01228-[Devil May Cry HD Collection]\PS3_GAME\
LDR: ! /dev_bdvd/ -> D:\Emulateurs\Rpcs3\dev_hdd0\game\BLES01228-[Devil May Cry HD Collection]\PS3_GAME\/../
LDR: ! /host_root/ -> 
LDR: ! /app_home/PS3_GAME/USRDIR/ -> D:\Emulateurs\Rpcs3\dev_hdd0\game\BLES01228-[Devil May Cry HD Collection]\PS3_GAME\/USRDIR/
LDR: ! /dev_flash2/ -> D:\Emulateurs\Rpcs3/dev_flash2/
LDR: ! /app_home/Game/PS3_GAME/USRDIR/ -> D:\Emulateurs\Rpcs3\dev_hdd0\game\BLES01228-[Devil May Cry HD Collection]\PS3_GAME\/USRDIR/
LDR: ! //dev_hdd0/ -> D:\Emulateurs\Rpcs3/dev_hdd0/
LDR: ! / -> D:\Emulateurs\Rpcs3\dev_hdd0\game\BLES01228-[Devil May Cry HD Collection]\PS3_GAME\/USRDIR/
LDR: !  
MEM: ! Initing memory: m_base_addr = 0x3223cf0000
MEM: ! Memory initialized.
LDR: ! Function 'cellAANConnect' hooked (addr=0x15a0a0)
LDR: ! Function 'cellAANDisconnect' hooked (addr=0x15a138)
LDR: ! Function 'cellAANAddData' hooked (addr=0x15a1d0)
LDR: ! Function 'cellSurMixerGetAANHandle' hooked (addr=0x15a31c)
LDR: ! Function 'cellSurMixerSetNotifyCallback' hooked (addr=0x15a354)
LDR: ! Function 'cellSurMixerRemoveNotifyCallback' hooked (addr=0x15a3e8)
LDR: ! Function 'cellSurMixerSurBusAddData' hooked (addr=0x15a478)
LDR: ! Function 'cellSurMixerGetCurrentBlockTag' hooked (addr=0x15a528)
LDR: ! Function 'cellSurMixerChStripGetAANPortNo' hooked (addr=0x15ad84)
LDR: ! Function 'cellSurMixerBeep' hooked (addr=0x15adc0)
LDR: ! Function 'cellSurMixerChStripSetParameter' hooked (addr=0x15b19c)
LDR: ! Function 'cellSurMixerPause' hooked (addr=0x15b450)
LDR: ! Function 'cellSurMixerGetTimestamp' hooked (addr=0x15ca68)
LDR: ! Function 'cellSurMixerSetParameter' hooked (addr=0x15cad0)
LDR: ! Function 'cellSurMixerStart' hooked (addr=0x15cba0)
LDR: ! Function 'cellSurMixerFinalize' hooked (addr=0x15cea8)
LDR: ! Function 'cellSurMixerCreate' hooked (addr=0x15d76c)
LDR: S Function group [surmxAAN] successfully hooked
LDR: S Function group [surmixer] successfully hooked
LDR: W Unknown module 'libgem'
LDR: W Unimplemented function 'cellCameraGetBufferInfoEx' in 'cellCamera' module
LDR: W Unimplemented function 'cellCameraReadEx' in 'cellCamera' module
LDR: W Unimplemented function 'cellCameraRemoveNotifyEventQueue2' in 'cellCamera' module
LDR: W Unimplemented function 'cellCameraStart' in 'cellCamera' module
LDR: W Unimplemented function 'cellCameraGetType' in 'cellCamera' module
LDR: W Unimplemented function 'cellCameraOpenEx' in 'cellCamera' module
LDR: W Unimplemented function 'cellCameraReset' in 'cellCamera' module
LDR: W Unimplemented function 'cellCameraSetNotifyEventQueue2' in 'cellCamera' module
LDR: W Unimplemented function 'cellCameraInit' in 'cellCamera' module
LDR: W Unimplemented function 'cellSailGraphicsAdapterGetFrame' in 'cellSail' module
LDR: W Unimplemented function 'cellSailDescriptorCreateDatabase' in 'cellSail' module
LDR: W Unimplemented function 'cellSailPlayerSetSoundAdapter' in 'cellSail' module
LDR: W Unimplemented function 'cellSailPlayerFinalize' in 'cellSail' module
LDR: W Unimplemented function 'cellSailPlayerSetGraphicsAdapter' in 'cellSail' module
LDR: W Unimplemented function 'cellSailGraphicsAdapterInitialize' in 'cellSail' module
LDR: W Unimplemented function 'cellSailPlayerInitialize2' in 'cellSail' module
LDR: W Unimplemented function 'cellSailDescriptorDestroyDatabase' in 'cellSail' module
LDR: W Unimplemented function 'cellSailGraphicsAdapterSetPreferredFormat' in 'cellSail' module
LDR: W Unimplemented function 'cellSailMemAllocatorInitialize' in 'cellSail' module
LDR: W Unimplemented function 'cellSailPlayerOpenStream' in 'cellSail' module
LDR: W Unimplemented function 'cellSailFutureGet' in 'cellSail' module
LDR: W Unimplemented function 'cellSailSoundAdapterInitialize' in 'cellSail' module
LDR: W Unimplemented function 'cellSailGraphicsAdapterUpdateAvSync' in 'cellSail' module
LDR: W Unimplemented function 'cellSailPlayerReplaceEventHandler' in 'cellSail' module
LDR: W Unimplemented function 'cellSailSoundAdapterPtsToTimePosition' in 'cellSail' module
LDR: W Unimplemented function 'cellSailFutureInitialize' in 'cellSail' module
LDR: W Unimplemented function 'cellSailGraphicsAdapterFinalize' in 'cellSail' module
LDR: W Unimplemented function 'cellSailPlayerAddDescriptor' in 'cellSail' module
LDR: W Unimplemented function 'cellSailSoundAdapterGetFrame' in 'cellSail' module
LDR: W Unimplemented function 'cellSailPlayerCloseStream' in 'cellSail' module
LDR: W Unimplemented function 'cellSailFutureFinalize' in 'cellSail' module
LDR: W Unimplemented function 'cellSailFutureSet' in 'cellSail' module
LDR: W Unimplemented function 'cellSailPlayerBoot' in 'cellSail' module
LDR: W Unimplemented function 'cellSailSoundAdapterFinalize' in 'cellSail' module
LDR: W Unimplemented function 'cellSailPlayerSetPaused' in 'cellSail' module
LDR: W Unimplemented function 'cellSailDescriptorGetStreamType' in 'cellSail' module
LDR: W Unimplemented function 'cellSailPlayerCreateDescriptor' in 'cellSail' module
LDR: W Unimplemented function 'cellSailPlayerStart' in 'cellSail' module
LDR: W Unimplemented function 'cellSailPlayerStop' in 'cellSail' module
LDR: W Unimplemented function 'cellSailSoundAdapterUpdateAvSync' in 'cellSail' module
LDR: W Unimplemented function 'cellSailSoundAdapterGetFormat' in 'cellSail' module
LDR: W Unimplemented function 'cellSailPlayerSetRepeatMode' in 'cellSail' module
LDR: W Unimplemented function 'cellSailPlayerDestroyDescriptor' in 'cellSail' module
LDR: W Unimplemented function 'cellSaveDataDelete2' in 'cellSysutil' module
LDR: W Unimplemented function 'cellFsAioCancel' in 'sys_fs' module
LDR: W Unimplemented function 'cellFsSdataOpenByFd' in 'sys_fs' module
LDR: W Unimplemented function 'cellFsFsync' in 'sys_fs' module
LDR: W Unimplemented function 'socketselect' in 'sys_net' module
LDR: W Unimplemented function 'sceNp2Init' in 'sceNp2' module
LDR: W Unimplemented function 'sceNp2Term' in 'sceNp2' module
LDR: W Unknown module 'cellSysutilAvconfExt'
LDR: W Unimplemented function 'cellMicOpenEx' in 'cellMic' module
LDR: W Unimplemented function 'cellMicRead' in 'cellMic' module
LDR: W Unimplemented function 'cellMicSetNotifyEventQueue' in 'cellMic' module
LDR: W Unimplemented function 'cellMicClose' in 'cellMic' module
LDR: W Unimplemented function 'cellMicStart' in 'cellMic' module
LDR: W Unimplemented function 'cellMicStop' in 'cellMic' module
LDR: W Unimplemented function 'cellSpursJobChainSetExceptionEventHandler' in 'cellSpurs' module
LDR: W Unimplemented function '_sys_heap_free' in 'sysPrxForUser' module
LDR: W Unimplemented function 'sys_prx_load_module_on_memcontainer_by_fd' in 'sysPrxForUser' module
LDR: W Unimplemented function '_sys_heap_delete_heap' in 'sysPrxForUser' module
LDR: W Unimplemented function '_sys_spu_printf_finalize' in 'sysPrxForUser' module
LDR: W Unimplemented function 'sys_prx_load_module_by_fd' in 'sysPrxForUser' module
HLE: W {PPU[1] Thread (CPUThread)[0x0056b058]} sys_lwmutex warning: *** lwmutex created [_lc_mtx] (attribute=0x12): sq_id = 3
HLE: W {PPU[1] Thread (CPUThread)[0x0056b058]} sys_lwmutex warning: *** lwmutex created [_lc_mtx] (attribute=0x12): sq_id = 4
HLE: W {PPU[1] Thread (CPUThread)[0x0056b058]} sys_lwmutex warning: *** lwmutex created [_lc_mtx] (attribute=0x12): sq_id = 5
HLE: W {PPU[1] Thread (CPUThread)[0x0056b058]} sys_lwmutex warning: *** lwmutex created [_lc_mtx] (attribute=0x12): sq_id = 6
HLE: W {PPU[1] Thread (CPUThread)[0x0056b058]} sys_lwmutex warning: *** lwmutex created [_lc_mtx] (attribute=0x12): sq_id = 7
HLE: W {PPU[1] Thread (CPUThread)[0x0056b058]} sys_lwmutex warning: *** lwmutex created [_lc_mtx] (attribute=0x12): sq_id = 8
HLE: W {PPU[1] Thread (CPUThread)[0x0056b058]} sys_lwmutex warning: *** lwmutex created [_lc_mtx] (attribute=0x12): sq_id = 9
HLE: W {PPU[1] Thread (CPUThread)[0x0056b058]} sys_lwmutex warning: *** lwmutex created [_lc_mtx] (attribute=0x12): sq_id = 10
HLE: W {PPU[1] Thread (CPUThread)[0x0056b058]} sys_lwmutex warning: *** lwmutex created [_lc_mtx] (attribute=0x12): sq_id = 11
HLE: W {PPU[1] Thread (CPUThread)[0x0056b058]} sys_lwmutex warning: *** lwmutex created [ps3HDDL] (attribute=0x12): sq_id = 12
HLE: W {PPU[1] Thread (CPUThread)[0x00338f5c]} cellSysutil warning: cellSysutilGetSystemParamInt: CELL_SYSUTIL_SYSTEMPARAM_ID_TIMEZONE
HLE: W {PPU[1] Thread (CPUThread)[0x00338f5c]} cellSysutil warning: cellSysutilGetSystemParamInt: CELL_SYSUTIL_SYSTEMPARAM_ID_SUMMERTIME
HLE: W {PPU[1] Thread (CPUThread)[0x0033f8ac]} cellSysutil warning: cellSysutilGetSystemParamInt: CELL_SYSUTIL_SYSTEMPARAM_ID_TIMEZONE
HLE: W {PPU[1] Thread (CPUThread)[0x0033f8ac]} cellSysutil warning: cellSysutilGetSystemParamInt: CELL_SYSUTIL_SYSTEMPARAM_ID_SUMMERTIME
HLE: W {PPU[1] Thread (CPUThread)[0x0033a9cc]} cellSysutil warning: cellSysutilGetSystemParamInt: CELL_SYSUTIL_SYSTEMPARAM_ID_TIMEZONE
HLE: W {PPU[1] Thread (CPUThread)[0x0033a9cc]} cellSysutil warning: cellSysutilGetSystemParamInt: CELL_SYSUTIL_SYSTEMPARAM_ID_SUMMERTIME
HLE: W {PPU[1] Thread (CPUThread)[0x0033f8ac]} cellSysutil warning: cellSysutilGetSystemParamInt: CELL_SYSUTIL_SYSTEMPARAM_ID_TIMEZONE
HLE: W {PPU[1] Thread (CPUThread)[0x0033f8ac]} cellSysutil warning: cellSysutilGetSystemParamInt: CELL_SYSUTIL_SYSTEMPARAM_ID_SUMMERTIME
HLE: W {PPU[1] Thread (CPUThread)[0x00338f08]} cellSysutil warning: cellSysutilGetSystemParamInt: CELL_SYSUTIL_SYSTEMPARAM_ID_TIMEZONE
HLE: W {PPU[1] Thread (CPUThread)[0x00338f08]} cellSysutil warning: cellSysutilGetSystemParamInt: CELL_SYSUTIL_SYSTEMPARAM_ID_SUMMERTIME
HLE: W {PPU[1] Thread (CPUThread)[0x0033a9cc]} cellSysutil warning: cellSysutilGetSystemParamInt: CELL_SYSUTIL_SYSTEMPARAM_ID_TIMEZONE
HLE: W {PPU[1] Thread (CPUThread)[0x0033a9cc]} cellSysutil warning: cellSysutilGetSystemParamInt: CELL_SYSUTIL_SYSTEMPARAM_ID_SUMMERTIME
HLE: W {PPU[1] Thread (CPUThread)[0x0056b058]} sys_lwmutex warning: *** lwmutex created [DHStd m] (attribute=0x22): sq_id = 13
HLE: W {PPU[1] Thread (CPUThread)[0x00551058]} cellSysutil warning: cellSysutilRegisterCallback(slot=0, func_addr=0x42bc90, userdata=0x0)
HLE: W {PPU[1] Thread (CPUThread)[0x0056b058]} sys_lwmutex warning: *** lwmutex created [] (attribute=0x12): sq_id = 14
HLE: W {PPU[1] Thread (CPUThread)[0x0055501c]} cellGcmSys warning: cellGcmInit(context_addr=0x53b7e4,cmdSize=0x3ff000,ioSize=0x400000,ioAddress=0x30100000)
HLE: W {PPU[1] Thread (CPUThread)[0x0055501c]} cellGcmSys warning: *** local memory(addr=0xc0000000, size=0xf900000)
HLE: W {PPU[1] Thread (CPUThread)[0x0055501c]} cellGcmSys warning: cellGcmInit(): 256MB io address space used
HLE: W {PPU[1] Thread (CPUThread)[0x0055501c]} cellGcmSys warning: cellGcmMapEaIoAddress(ea=0x30100000, io=0x0, size=0x400000)
RSX: ! {RSXThread} RSX thread started
HLE: W {PPU[1] Thread (CPUThread)[0x002c9600]} sys_mmapper warning: sys_mmapper_allocate_address(size=0x20000000, flags=0x40f, alignment=0x10000000, alloc_addr=0xd00108d0)
HLE: W {PPU[1] Thread (CPUThread)[0x002c960c]} memory warning: sys_memory_get_user_memory_size(mem_info_addr=0xd00108d8)
HLE: W {PPU[1] Thread (CPUThread)[0x002c9654]} sys_mmapper warning: sys_mmapper_allocate_address(size=0x10000000, flags=0x20f, alignment=0x10000000, alloc_addr=0xd00108d0)
HLE: W {PPU[1] Thread (CPUThread)[0x0056b13c]} sys_mmapper warning: sys_mmapper_allocate_memory(size=0x100000, flags=0x400, mem_id_addr=0xd00108d0)
HLE: W {PPU[1] Thread (CPUThread)[0x0056b16c]} sys_mmapper warning: sys_mmapper_map_memory(start_addr=0x0, mem_id=0xf, flags=0x40000)
MEM: W {PPU[1] Thread (CPUThread)[0x0056b16c]} memory mapped 0x30500000 to 0x0 size=0x100000
HLE: W {PPU[1] Thread (CPUThread)[0x00555094]} cellGcmSys warning: cellGcmMapMainMemory(ea=0x0,size=0x100000,offset_addr=0xd00108d4)
HLE: W {PPU[1] Thread (CPUThread)[0x0055501c]} cellGcmSys warning: cellGcmInit(context_addr=0x53b7e4,cmdSize=0x3ff000,ioSize=0x400000,ioAddress=0x30600000)
HLE: W {PPU[1] Thread (CPUThread)[0x0055501c]} cellGcmSys warning: *** local memory(addr=0xc0000000, size=0xf900000)
HLE: W {PPU[1] Thread (CPUThread)[0x0055501c]} cellGcmSys warning: cellGcmInit(): 256MB io address space used
HLE: W {PPU[1] Thread (CPUThread)[0x0055501c]} cellGcmSys warning: cellGcmMapEaIoAddress(ea=0x30600000, io=0x0, size=0x400000)
RSX: ! {RSXThread} RSX thread ended
RSX: ! {RSXThread} RSX thread started
HLE: W {PPU[1] Thread (CPUThread)[0x002c9600]} sys_mmapper warning: sys_mmapper_allocate_address(size=0x20000000, flags=0x40f, alignment=0x10000000, alloc_addr=0xd00108d0)
HLE: W {PPU[1] Thread (CPUThread)[0x002c960c]} memory warning: sys_memory_get_user_memory_size(mem_info_addr=0xd00108d8)
HLE: W {PPU[1] Thread (CPUThread)[0x002c9654]} sys_mmapper warning: sys_mmapper_allocate_address(size=0x10000000, flags=0x20f, alignment=0x10000000, alloc_addr=0xd00108d0)
HLE: W {PPU[1] Thread (CPUThread)[0x000403bc]} sys_spu warning: sys_spu_initialize(max_usable_spu=6, max_raw_spu=1)
HLE: W {PPU[1] Thread (CPUThread)[0x0040c010]} cellSysmodule warning: cellSysmoduleLoadModule(CELL_SYSMODULE_SYSUTIL_GAME)
HLE: W {PPU[1] Thread (CPUThread)[0x0040c010]} cellSysmodule warning: cellSysmoduleLoadModule(CELL_SYSMODULE_SYSUTIL_LICENSEAREA)
HLE: W {PPU[1] Thread (CPUThread)[0x0040c010]} cellSysmodule warning: cellSysmoduleLoadModule(CELL_SYSMODULE_RTC)
HLE: W {PPU[1] Thread (CPUThread)[0x0040c010]} cellSysmodule warning: cellSysmoduleLoadModule(CELL_SYSMODULE_SYSUTIL_USERINFO)
HLE: W {PPU[1] Thread (CPUThread)[0x0055101c]} cellSysutil warning: cellSysutilGetSystemParamInt: CELL_SYSUTIL_SYSTEMPARAM_ID_LANG
HLE: W {PPU[1] Thread (CPUThread)[0x0040e040]} cellGame warning: cellGameBootCheck(type_addr=0x45b994, attributes_addr=0x45b998, size_addr=0x45b970, dirName_addr=0xd0010878)
HLE: W {PPU[1] Thread (CPUThread)[0x0040e004]} cellGame warning: cellGameGetParamString(id=100, buf_addr=0x45b9a8, bufsize=128)
HLE: W {PPU[1] Thread (CPUThread)[0x0040e01c]} cellGame warning: cellGameContentPermit(contentInfoPath_addr=0xd0010998, usrdirPath_addr=0xd0010898)
G: E {PPU[1] Thread (CPUThread)[0x002c807c]} Exception: Access violation: addr = 0x18
RSX: W {VBlank thread} VBlank thread aborted
RSX: W {RSXThread} RSX thread aborted
HLE: ! All threads stopped...
MEM: ! Closing memory...
