HLE: ! path: /dev_hdd0/game/
LDR: ! Loading 'D:\Emulateurs\Rpcs3\dev_hdd0\game\MRTC00003-[FINAL FANTASY XIII]/PS3_GAME/USRDIR/BOOT.BIN'...
LDR: !  
LDR: ! Mount info:
LDR: ! /dev_hdd0/ -> D:\Emulateurs\Rpcs3/dev_hdd0/
LDR: ! /dev_hdd1/ -> D:\Emulateurs\Rpcs3/dev_hdd1/
LDR: ! /dev_flash/ -> D:\Emulateurs\Rpcs3/dev_flash/
LDR: ! /dev_usb000/ -> D:\Emulateurs\Rpcs3/dev_usb000/
LDR: ! /dev_usb/ -> D:\Emulateurs\Rpcs3/dev_usb000/
LDR: ! /app_home/ -> D:\Emulateurs\Rpcs3\dev_hdd0\game\MRTC00003-[FINAL FANTASY XIII]/PS3_GAME/
LDR: ! /dev_bdvd/ -> D:\Emulateurs\Rpcs3\dev_hdd0\game\MRTC00003-[FINAL FANTASY XIII]/PS3_GAME//../
LDR: ! /host_root/ -> 
LDR: ! / -> D:\Emulateurs\Rpcs3\dev_hdd0\game\MRTC00003-[FINAL FANTASY XIII]/PS3_GAME/
LDR: !  
MEM: ! Initing memory...
MEM: ! Memory initialized.
LDR: ! Function 'cellAANAddData' hooked (addr=0xa1bd38)
LDR: ! Function 'cellSurMixerGetAANHandle' hooked (addr=0xa1bd9c)
LDR: ! Function 'cellSurMixerSetNotifyCallback' hooked (addr=0xa1bdd4)
LDR: ! Function 'cellSurMixerRemoveNotifyCallback' hooked (addr=0xa1be68)
LDR: ! Function 'cellSurMixerGetCurrentBlockTag' hooked (addr=0xa1bef8)
LDR: ! Function 'cellSurMixerChStripGetAANPortNo' hooked (addr=0xa1c6a4)
LDR: ! Function 'cellSurMixerGetTimestamp' hooked (addr=0xa1df88)
LDR: ! Function 'cellSurMixerStart' hooked (addr=0xa1dff0)
LDR: ! Function 'cellSurMixerFinalize' hooked (addr=0xa1e2f8)
LDR: ! Function 'cellSurMixerCreate' hooked (addr=0xa1ebbc)
LDR: E Function 'cellAANConnect' not found
LDR: E Function 'cellAANDisconnect' not found
LDR: E Function group [surmxAAN] failed: missing;
LDR: E Function 'cellSurMixerSetParameter' not found
LDR: E Function 'cellSurMixerSurBusAddData' not found
LDR: E Function 'cellSurMixerChStripSetParameter' not found
LDR: E Function 'cellSurMixerPause' not found
LDR: E Function 'cellSurMixerBeep' not found
LDR: E Function group [surmixer] failed: missing;
LDR: W Unimplemented function 'cellSaveDataDelete2' in 'cellSysutil' module
LDR: W Unimplemented function 'cellSpursTraceInitialize' in 'cellSpurs' module
LDR: W Unimplemented function 'cellSpursTraceFinalize' in 'cellSpurs' module
LDR: W Unimplemented function 'cellSpursTraceStart' in 'cellSpurs' module
LDR: W Unimplemented function 'cellSpursTraceStop' in 'cellSpurs' module
LDR: W Unimplemented function 'cellFsWriteWithOffset' in 'sys_fs' module
LDR: W Unimplemented function 'cellFsFsync' in 'sys_fs' module
LDR: W Unimplemented function 'cellSyncQueuePush' in 'cellSync' module
LDR: W Unimplemented function 'cellSailGraphicsAdapterGetFrame' in 'cellSail' module
LDR: W Unimplemented function 'cellSailPlayerSetSoundAdapter' in 'cellSail' module
LDR: W Unimplemented function 'cellSailGraphicsAdapterPtsToTimePosition' in 'cellSail' module
LDR: W Unimplemented function 'cellSailPlayerFinalize' in 'cellSail' module
LDR: W Unimplemented function 'cellSailPlayerSetGraphicsAdapter' in 'cellSail' module
LDR: W Unimplemented function 'cellSailGraphicsAdapterInitialize' in 'cellSail' module
LDR: W Unimplemented function 'cellSailPlayerInitialize2' in 'cellSail' module
LDR: W Unimplemented function 'cellSailGraphicsAdapterSetPreferredFormat' in 'cellSail' module
LDR: W Unimplemented function 'cellSailMemAllocatorInitialize' in 'cellSail' module
LDR: W Unimplemented function 'cellSailPlayerOpenStream' in 'cellSail' module
LDR: W Unimplemented function 'cellSailSoundAdapterInitialize' in 'cellSail' module
LDR: W Unimplemented function 'cellSailGraphicsAdapterUpdateAvSync' in 'cellSail' module
LDR: W Unimplemented function 'cellSailSoundAdapterPtsToTimePosition' in 'cellSail' module
LDR: W Unimplemented function 'cellSailSourceNotifyInputEos' in 'cellSail' module
LDR: W Unimplemented function 'cellSailPlayerSetParameter' in 'cellSail' module
LDR: W Unimplemented function 'cellSailPlayerGetDescriptorCount' in 'cellSail' module
LDR: W Unimplemented function 'cellSailGraphicsAdapterFinalize' in 'cellSail' module
LDR: W Unimplemented function 'cellSailSourceNotifyCallCompleted' in 'cellSail' module
LDR: W Unimplemented function 'cellSailPlayerAddDescriptor' in 'cellSail' module
LDR: W Unimplemented function 'cellSailSoundAdapterGetFrame' in 'cellSail' module
LDR: W Unimplemented function 'cellSailPlayerCloseStream' in 'cellSail' module
LDR: W Unimplemented function 'cellSailSourceNotifyStreamOut' in 'cellSail' module
LDR: W Unimplemented function 'cellSailSourceInitialize' in 'cellSail' module
LDR: W Unimplemented function 'cellSailPlayerBoot' in 'cellSail' module
LDR: W Unimplemented function 'cellSailPlayerRegisterSource' in 'cellSail' module
LDR: W Unimplemented function 'cellSailSoundAdapterFinalize' in 'cellSail' module
LDR: W Unimplemented function 'cellSailPlayerSetPaused' in 'cellSail' module
LDR: W Unimplemented function 'cellSailDescriptorGetStreamType' in 'cellSail' module
LDR: W Unimplemented function 'cellSailPlayerCreateDescriptor' in 'cellSail' module
LDR: W Unimplemented function 'cellSailPlayerStart' in 'cellSail' module
LDR: W Unimplemented function 'cellSailPlayerStop' in 'cellSail' module
LDR: W Unimplemented function 'cellSailSourceFinalize' in 'cellSail' module
LDR: W Unimplemented function 'cellSailSoundAdapterUpdateAvSync' in 'cellSail' module
LDR: W Unimplemented function 'cellSailSoundAdapterGetFormat' in 'cellSail' module
LDR: W Unimplemented function 'cellSailPlayerDestroyDescriptor' in 'cellSail' module
LDR: W Unimplemented function 'cellSailGraphicsAdapterGetFormat' in 'cellSail' module
LDR: W Unimplemented function 'cellFiberPpuYield' in 'cellFiber' module
LDR: W Unimplemented function 'cellFiberPpuRunFibers' in 'cellFiber' module
LDR: W Unimplemented function 'cellFiberPpuSelf' in 'cellFiber' module
LDR: W Unimplemented function 'cellFiberPpuCreateFiber' in 'cellFiber' module
LDR: W Unimplemented function 'cellFiberPpuFinalizeScheduler' in 'cellFiber' module
LDR: W Unimplemented function '_cellFiberPpuSchedulerAttributeInitialize' in 'cellFiber' module
LDR: W Unimplemented function 'cellFiberPpuWaitFlag' in 'cellFiber' module
LDR: W Unimplemented function 'cellFiberPpuJoinFiber' in 'cellFiber' module
LDR: W Unimplemented function 'cellFiberPpuGetScheduler' in 'cellFiber' module
LDR: W Unimplemented function '_cellFiberPpuAttributeInitialize' in 'cellFiber' module
LDR: W Unimplemented function 'cellFiberPpuHasRunnableFiber' in 'cellFiber' module
LDR: W Unimplemented function 'cellFiberPpuInitializeScheduler' in 'cellFiber' module
LDR: W Unimplemented function 'cellFiberPpuCheckFlags' in 'cellFiber' module
LDR: W Unimplemented function '_cellFiberPpuInitialize' in 'cellFiber' module
LDR: W Unknown module 'cellSysutilAvconfExt'
LDR: W Unimplemented function '_sys_heap_free' in 'sysPrxForUser' module
LDR: W Unimplemented function '_sys_heap_delete_heap' in 'sysPrxForUser' module
LDR: W Unimplemented function '_sys_spu_printf_finalize' in 'sysPrxForUser' module
HLE: W PPU[1] Thread (CPUThread)[0x013e604c]sys_lwmutex warning: *** lwmutex created [_lc_mtx] (attribute=0x12): sq_id = 3
HLE: W PPU[1] Thread (CPUThread)[0x00a6576c]memory warning: sys_memory_get_user_memory_size(mem_info_addr=0xd0010c04)
HLE: W PPU[1] Thread (CPUThread)[0x013e604c]sys_lwmutex warning: *** lwmutex created [_lc_mtx] (attribute=0x12): sq_id = 4
HLE: W PPU[1] Thread (CPUThread)[0x013e604c]sys_lwmutex warning: *** lwmutex created [_lc_mtx] (attribute=0x12): sq_id = 5
HLE: W PPU[1] Thread (CPUThread)[0x013e604c]sys_lwmutex warning: *** lwmutex created [_lc_mtx] (attribute=0x12): sq_id = 6
HLE: W PPU[1] Thread (CPUThread)[0x013e604c]sys_lwmutex warning: *** lwmutex created [_lc_mtx] (attribute=0x12): sq_id = 7
HLE: W PPU[1] Thread (CPUThread)[0x013e604c]sys_lwmutex warning: *** lwmutex created [_lc_mtx] (attribute=0x12): sq_id = 8
HLE: W PPU[1] Thread (CPUThread)[0x013e604c]sys_lwmutex warning: *** lwmutex created [_lc_mtx] (attribute=0x12): sq_id = 9
HLE: W PPU[1] Thread (CPUThread)[0x013e604c]sys_lwmutex warning: *** lwmutex created [_lc_mtx] (attribute=0x12): sq_id = 10
HLE: W PPU[1] Thread (CPUThread)[0x013e604c]sys_lwmutex warning: *** lwmutex created [_lc_mtx] (attribute=0x12): sq_id = 11
HLE: W PPU[1] Thread (CPUThread)[0x013e604c]sys_lwmutex warning: *** lwmutex created [_lc_mtx] (attribute=0x12): sq_id = 12
HLE: W PPU[1] Thread (CPUThread)[0x013e604c]sys_lwmutex warning: *** lwmutex created [_lc_mtx] (attribute=0x12): sq_id = 13
HLE: W PPU[1] Thread (CPUThread)[0x013e604c]sys_lwmutex warning: *** lwmutex created [_lc_mtx] (attribute=0x12): sq_id = 14
HLE: W PPU[1] Thread (CPUThread)[0x013e604c]sys_lwmutex warning: *** lwmutex created [_lc_mtx] (attribute=0x12): sq_id = 15
HLE: W PPU[1] Thread (CPUThread)[0x013e604c]sys_lwmutex warning: *** lwmutex created [_lc_mtx] (attribute=0x12): sq_id = 16
HLE: W PPU[1] Thread (CPUThread)[0x013e604c]sys_lwmutex warning: *** lwmutex created [_lc_mtx] (attribute=0x12): sq_id = 17
HLE: W PPU[1] Thread (CPUThread)[0x013e604c]sys_lwmutex warning: *** lwmutex created [_lc_mtx] (attribute=0x12): sq_id = 18
HLE: W PPU[1] Thread (CPUThread)[0x013e604c]sys_lwmutex warning: *** lwmutex created [_lc_mtx] (attribute=0x12): sq_id = 19
HLE: W PPU[1] Thread (CPUThread)[0x013e604c]sys_lwmutex warning: *** lwmutex created [_lc_mtx] (attribute=0x12): sq_id = 20
HLE: W PPU[1] Thread (CPUThread)[0x013e604c]sys_lwmutex warning: *** lwmutex created [_lc_mtx] (attribute=0x12): sq_id = 21
HLE: W PPU[1] Thread (CPUThread)[0x013e604c]sys_lwmutex warning: *** lwmutex created [_lc_mtx] (attribute=0x12): sq_id = 22
HLE: W PPU[1] Thread (CPUThread)[0x013e604c]sys_lwmutex warning: *** lwmutex created [_lc_mtx] (attribute=0x12): sq_id = 23
HLE: W PPU[1] Thread (CPUThread)[0x013e604c]sys_lwmutex warning: *** lwmutex created [_lc_mtx] (attribute=0x12): sq_id = 24
HLE: W PPU[1] Thread (CPUThread)[0x013e604c]sys_lwmutex warning: *** lwmutex created [] (attribute=0x12): sq_id = 25
HLE: W PPU[1] Thread (CPUThread)[0x013e604c]sys_lwmutex warning: *** lwmutex created [] (attribute=0x12): sq_id = 26
HLE: W PPU[1] Thread (CPUThread)[0x013e604c]sys_lwmutex warning: *** lwmutex created [] (attribute=0x12): sq_id = 27
HLE: W PPU[1] Thread (CPUThread)[0x013e604c]sys_lwmutex warning: *** lwmutex created [] (attribute=0x12): sq_id = 28
HLE: W PPU[1] Thread (CPUThread)[0x013e604c]sys_lwmutex warning: *** lwmutex created [] (attribute=0x11): sq_id = 29
HLE: W PPU[1] Thread (CPUThread)[0x013e604c]sys_lwmutex warning: *** lwmutex created [] (attribute=0x11): sq_id = 30
HLE: W PPU[1] Thread (CPUThread)[0x013e604c]sys_lwmutex warning: *** lwmutex created [] (attribute=0x11): sq_id = 31
HLE: W PPU[1] Thread (CPUThread)[0x013e604c]sys_lwmutex warning: *** lwmutex created [] (attribute=0x11): sq_id = 32
HLE: W PPU[1] Thread (CPUThread)[0x013e604c]sys_lwmutex warning: *** lwmutex created [] (attribute=0x11): sq_id = 33
HLE: W PPU[1] Thread (CPUThread)[0x013e604c]sys_lwmutex warning: *** lwmutex created [] (attribute=0x12): sq_id = 34
HLE: W PPU[1] Thread (CPUThread)[0x013e604c]sys_lwmutex warning: *** lwmutex created [] (attribute=0x11): sq_id = 35
HLE: W PPU[1] Thread (CPUThread)[0x013e604c]sys_lwmutex warning: *** lwmutex created [] (attribute=0x11): sq_id = 36
HLE: W PPU[1] Thread (CPUThread)[0x013e604c]sys_lwmutex warning: *** lwmutex created [] (attribute=0x11): sq_id = 37
HLE: W PPU[1] Thread (CPUThread)[0x013e604c]sys_lwmutex warning: *** lwmutex created [] (attribute=0x11): sq_id = 38
HLE: W PPU[1] Thread (CPUThread)[0x013e604c]sys_lwmutex warning: *** lwmutex created [] (attribute=0x11): sq_id = 39
HLE: W PPU[1] Thread (CPUThread)[0x013e604c]sys_lwmutex warning: *** lwmutex created [] (attribute=0x11): sq_id = 40
HLE: W PPU[1] Thread (CPUThread)[0x013e604c]sys_lwmutex warning: *** lwmutex created [] (attribute=0x11): sq_id = 41
HLE: W PPU[1] Thread (CPUThread)[0x013e604c]sys_lwmutex warning: *** lwmutex created [] (attribute=0x11): sq_id = 42
HLE: W PPU[1] Thread (CPUThread)[0x013e604c]sys_lwmutex warning: *** lwmutex created [] (attribute=0x11): sq_id = 43
HLE: W PPU[1] Thread (CPUThread)[0x013e604c]sys_lwmutex warning: *** lwmutex created [] (attribute=0x11): sq_id = 44
HLE: W PPU[1] Thread (CPUThread)[0x013e604c]sys_lwmutex warning: *** lwmutex created [] (attribute=0x11): sq_id = 45
HLE: W PPU[1] Thread (CPUThread)[0x013e604c]sys_lwmutex warning: *** lwmutex created [] (attribute=0x11): sq_id = 46
HLE: W PPU[1] Thread (CPUThread)[0x013e604c]sys_lwmutex warning: *** lwmutex created [] (attribute=0x12): sq_id = 47
HLE: W PPU[1] Thread (CPUThread)[0x013e604c]sys_lwmutex warning: *** lwmutex created [] (attribute=0x12): sq_id = 48
HLE: W PPU[1] Thread (CPUThread)[0x013e604c]sys_lwmutex warning: *** lwmutex created [] (attribute=0x11): sq_id = 49
HLE: W PPU[1] Thread (CPUThread)[0x013e604c]sys_lwmutex warning: *** lwmutex created [] (attribute=0x11): sq_id = 50
HLE: W PPU[1] Thread (CPUThread)[0x013e604c]sys_lwmutex warning: *** lwmutex created [] (attribute=0x11): sq_id = 51
HLE: W PPU[1] Thread (CPUThread)[0x013e604c]sys_lwmutex warning: *** lwmutex created [] (attribute=0x11): sq_id = 52
HLE: W PPU[1] Thread (CPUThread)[0x013e604c]sys_lwmutex warning: *** lwmutex created [] (attribute=0x11): sq_id = 53
HLE: W PPU[1] Thread (CPUThread)[0x013e604c]sys_lwmutex warning: *** lwmutex created [] (attribute=0x11): sq_id = 54
HLE: W PPU[1] Thread (CPUThread)[0x013e604c]sys_lwmutex warning: *** lwmutex created [] (attribute=0x11): sq_id = 55
HLE: W PPU[1] Thread (CPUThread)[0x013e604c]sys_lwmutex warning: *** lwmutex created [] (attribute=0x11): sq_id = 56
HLE: W PPU[1] Thread (CPUThread)[0x013e604c]sys_lwmutex warning: *** lwmutex created [] (attribute=0x11): sq_id = 57
HLE: W PPU[1] Thread (CPUThread)[0x013e604c]sys_lwmutex warning: *** lwmutex created [] (attribute=0x11): sq_id = 58
HLE: W PPU[1] Thread (CPUThread)[0x013e604c]sys_lwmutex warning: *** lwmutex created [] (attribute=0x11): sq_id = 59
HLE: W PPU[1] Thread (CPUThread)[0x013e604c]sys_lwmutex warning: *** lwmutex created [] (attribute=0x11): sq_id = 60
HLE: W PPU[1] Thread (CPUThread)[0x013e604c]sys_lwmutex warning: *** lwmutex created [] (attribute=0x11): sq_id = 61
HLE: W PPU[1] Thread (CPUThread)[0x013e604c]sys_lwmutex warning: *** lwmutex created [] (attribute=0x11): sq_id = 62
HLE: W PPU[1] Thread (CPUThread)[0x00896274]memory warning: sys_memory_get_user_memory_size(mem_info_addr=0xd00108ac)
HLE: W PPU[1] Thread (CPUThread)[0x013cc088]cellSysutil warning: cellSysutilRegisterCallback(slot=0, func_addr=0x1115a98, userdata=0x0)
HLE: W PPU[1] Thread (CPUThread)[0x013d6010]cellSysmodule warning: cellSysmoduleLoadModule(CELL_SYSMODULE_FS)
HLE: W PPU[1] Thread (CPUThread)[0x013d6010]cellSysmodule warning: cellSysmoduleLoadModule(CELL_SYSMODULE_AVCONF_EXT)
HLE: W PPU[1] Thread (CPUThread)[0x013d6010]cellSysmodule warning: cellSysmoduleLoadModule(CELL_SYSMODULE_SYSUTIL_NP_TROPHY)
HLE: W PPU[1] Thread (CPUThread)[0x013d6010]cellSysmodule warning: cellSysmoduleLoadModule(CELL_SYSMODULE_SYSUTIL_GAME)
HLE: W PPU[1] Thread (CPUThread)[0x00896304]sys_spu warning: sys_spu_initialize(max_usable_spu=6, max_raw_spu=0)
HLE: W PPU[1] Thread (CPUThread)[0x013d213c]cellSpurs warning: _cellSpursAttributeInitialize(attr_addr=0xd00108b8, nSpus=2, spuPriority=2621441, ppuPriority=5, exitIfNoWork=64)
HLE: W PPU[1] Thread (CPUThread)[0x013d2010]cellSpurs warning: cellSpursAttributeSetNamePrefix(attr_addr=0xd00108b8, prefix_addr=0xc83720, size=0x9)
HLE: W PPU[1] Thread (CPUThread)[0x013d2178]cellSpurs warning: cellSpursAttributeSetSpuThreadGroupType(attr_addr=0xd00108b8, type=24)
HLE: W PPU[1] Thread (CPUThread)[0x013d2184]cellSpurs warning: cellSpursInitializeWithAttribute(spurs_addr=0x1314580, spurs_addr=0xd00108b8)
HLE: W PPU[1] Thread (CPUThread)[0x013d213c]cellSpurs warning: _cellSpursAttributeInitialize(attr_addr=0xd0010ab8, nSpus=2, spuPriority=2621441, ppuPriority=1, exitIfNoWork=128)
HLE: W PPU[1] Thread (CPUThread)[0x013d2010]cellSpurs warning: cellSpursAttributeSetNamePrefix(attr_addr=0xd0010ab8, prefix_addr=0xc83730, size=0xb)
HLE: W PPU[1] Thread (CPUThread)[0x013d2184]cellSpurs warning: cellSpursInitializeWithAttribute(spurs_addr=0x1315580, spurs_addr=0xd0010ab8)
HLE: W PPU[1] Thread (CPUThread)[0x013e604c]sys_lwmutex warning: *** lwmutex created [] (attribute=0x12): sq_id = 63
HLE: W PPU[1] Thread (CPUThread)[0x013e604c]sys_lwmutex warning: *** lwmutex created [] (attribute=0x12): sq_id = 64
HLE: W PPU[1] Thread (CPUThread)[0x013e604c]sys_lwmutex warning: *** lwmutex created [] (attribute=0x12): sq_id = 65
HLE: W PPU[1] Thread (CPUThread)[0x013e604c]sys_lwmutex warning: *** lwmutex created [] (attribute=0x12): sq_id = 66
HLE: W PPU[1] Thread (CPUThread)[0x013e604c]sys_lwmutex warning: *** lwmutex created [] (attribute=0x12): sq_id = 67
HLE: W PPU[1] Thread (CPUThread)[0x0089d58c]sys_semaphore warning: sys_semaphore_create(sem_addr=0x32082348, attr_addr=0xd0010650, initial_count=16, max_count=16)
HLE: ! PPU[1] Thread (CPUThread)[0x0089d58c]*** semaphore created [] (protocol=0x2): id = 68
HLE: E PPU[1] Thread (CPUThread)[0x013d2034]cellSpurs error: Unimplemented function: _cellSpursTasksetAttributeInitialize
HLE: E PPU[1] Thread (CPUThread)[0x013d20c4]cellSpurs error: Unimplemented function: cellSpursTasksetAttributeSetName
HLE: E PPU[1] Thread (CPUThread)[0x013d21b4]cellSpurs error: Unimplemented function: cellSpursCreateTasksetWithAttribute
HLE: E PPU[1] Thread (CPUThread)[0x013d2004]cellSpurs error: Unimplemented function: _cellSpursLFQueueInitialize
HLE: E PPU[1] Thread (CPUThread)[0x013d2040]cellSpurs error: Unimplemented function: cellSpursLFQueueAttachLv2EventQueue
HLE: E PPU[1] Thread (CPUThread)[0x013d210c]cellSpurs error: Unimplemented function: cellSpursTaskGetReadOnlyAreaPattern
HLE: E PPU[1] Thread (CPUThread)[0x013d204c]cellSpurs error: Unimplemented function: cellSpursTaskGetLoadableSegmentPattern
HLE: E PPU[1] Thread (CPUThread)[0x013d21a8]cellSpurs error: cellSpursCreateTask(taskset_addr=0x32080900, taskID_addr=0xd00103a0, elf_addr_addr=0xd1b780, context_addr_addr=0x32082680, context_size=3072, lsPattern_addr=0xd00103c0, argument_addr=0xd00103d0)
HLE: E PPU[1] Thread (CPUThread)[0x013d21a8]cellSpurs error: cellSpursCreateTask(taskset_addr=0x32080900, taskID_addr=0xd00103a0, elf_addr_addr=0xd1b780, context_addr_addr=0x32083300, context_size=3072, lsPattern_addr=0xd00103c0, argument_addr=0xd00103d0)
HLE: W PPU[1] Thread (CPUThread)[0x013d20b8]cellSpurs warning: _cellSpursEventFlagInitialize(spurs_addr=0x1314580, taskset_addr=0x0, eventFlag_addr=0x32082280, flagClearMode=0, flagDirection=3)
HLE: E PPU[1] Thread (CPUThread)[0x013d2118]cellSpurs error: cellSpursEventFlagAttachLv2EventQueue(eventFlag_addr=0x32082280)
HLE: W PPU[1] Thread (CPUThread)[0x013e604c]sys_lwmutex warning: *** lwmutex created [] (attribute=0x11): sq_id = 69
HLE: W PPU[1] Thread (CPUThread)[0x013e604c]sys_lwmutex warning: *** lwmutex created [] (attribute=0x11): sq_id = 70
HLE: W PPU[1] Thread (CPUThread)[0x013e604c]sys_lwmutex warning: *** lwmutex created [] (attribute=0x11): sq_id = 71
HLE: W PPU[1] Thread (CPUThread)[0x013e604c]sys_lwmutex warning: *** lwmutex created [] (attribute=0x11): sq_id = 72
HLE: W PPU[1] Thread (CPUThread)[0x009fd7d0]sys_event_flag warning: sys_event_flag_create(eflag_id_addr=0x32082638, attr_addr=0xd0010580, init=0x0)
HLE: W PPU[1] Thread (CPUThread)[0x009fd7d0]sys_event_flag warning: *** event_flag created [] (protocol=0x2, type=0x20000): id = 73
HLE: W PPU[1] Thread (CPUThread)[0x013e604c]sys_lwmutex warning: *** lwmutex created [] (attribute=0x12): sq_id = 74
HLE: W PPU[1] Thread (CPUThread)[0x013e604c]sys_lwmutex warning: *** lwmutex created [] (attribute=0x12): sq_id = 75
HLE: W PPU[1] Thread (CPUThread)[0x013e604c]sys_lwmutex warning: *** lwmutex created [] (attribute=0x12): sq_id = 76
HLE: W PPU[1] Thread (CPUThread)[0x013e604c]sys_lwmutex warning: *** lwmutex created [] (attribute=0x12): sq_id = 77
HLE: W PPU[1] Thread (CPUThread)[0x013e604c]sys_lwmutex warning: *** lwmutex created [] (attribute=0x12): sq_id = 78
HLE: W PPU[1] Thread (CPUThread)[0x013e604c]sys_lwmutex warning: *** lwmutex created [] (attribute=0x12): sq_id = 79
HLE: W PPU[1] Thread (CPUThread)[0x013e604c]sys_lwmutex warning: *** lwmutex created [] (attribute=0x12): sq_id = 80
HLE: W PPU[1] Thread (CPUThread)[0x013e604c]sys_lwmutex warning: *** lwmutex created [] (attribute=0x11): sq_id = 81
HLE: W PPU[1] Thread (CPUThread)[0x002d8d44]sys_semaphore warning: sys_semaphore_create(sem_addr=0xd0010670, attr_addr=0xd0010678, initial_count=0, max_count=268435455)
HLE: ! PPU[1] Thread (CPUThread)[0x002d8d44]*** semaphore created [] (protocol=0x1): id = 82
HLE: W PPU[1] Thread (CPUThread)[0x002d8d44]sys_semaphore warning: sys_semaphore_create(sem_addr=0xd0010670, attr_addr=0xd0010678, initial_count=0, max_count=268435455)
HLE: ! PPU[1] Thread (CPUThread)[0x002d8d44]*** semaphore created [] (protocol=0x1): id = 83
HLE: W PPU[1] Thread (CPUThread)[0x002d8d44]sys_semaphore warning: sys_semaphore_create(sem_addr=0xd0010670, attr_addr=0xd0010678, initial_count=0, max_count=268435455)
HLE: ! PPU[1] Thread (CPUThread)[0x002d8d44]*** semaphore created [] (protocol=0x1): id = 84
HLE: W PPU[1] Thread (CPUThread)[0x002d8d44]sys_semaphore warning: sys_semaphore_create(sem_addr=0xd0010670, attr_addr=0xd0010678, initial_count=0, max_count=268435455)
HLE: ! PPU[1] Thread (CPUThread)[0x002d8d44]*** semaphore created [] (protocol=0x1): id = 85
HLE: W PPU[1] Thread (CPUThread)[0x002d8d44]sys_semaphore warning: sys_semaphore_create(sem_addr=0xd0010670, attr_addr=0xd0010678, initial_count=0, max_count=268435455)
HLE: ! PPU[1] Thread (CPUThread)[0x002d8d44]*** semaphore created [] (protocol=0x1): id = 86
HLE: W PPU[1] Thread (CPUThread)[0x002d8d44]sys_semaphore warning: sys_semaphore_create(sem_addr=0xd0010670, attr_addr=0xd0010678, initial_count=0, max_count=268435455)
HLE: ! PPU[1] Thread (CPUThread)[0x002d8d44]*** semaphore created [] (protocol=0x1): id = 87
HLE: W PPU[1] Thread (CPUThread)[0x002d8d44]sys_semaphore warning: sys_semaphore_create(sem_addr=0xd0010670, attr_addr=0xd0010678, initial_count=0, max_count=268435455)
HLE: ! PPU[1] Thread (CPUThread)[0x002d8d44]*** semaphore created [] (protocol=0x1): id = 88
HLE: W PPU[1] Thread (CPUThread)[0x002d8d44]sys_semaphore warning: sys_semaphore_create(sem_addr=0xd0010670, attr_addr=0xd0010678, initial_count=0, max_count=268435455)
HLE: ! PPU[1] Thread (CPUThread)[0x002d8d44]*** semaphore created [] (protocol=0x1): id = 89
HLE: W PPU[1] Thread (CPUThread)[0x002d8d44]sys_semaphore warning: sys_semaphore_create(sem_addr=0xd0010670, attr_addr=0xd0010678, initial_count=0, max_count=268435455)
HLE: ! PPU[1] Thread (CPUThread)[0x002d8d44]*** semaphore created [] (protocol=0x1): id = 90
HLE: W PPU[1] Thread (CPUThread)[0x002d8d44]sys_semaphore warning: sys_semaphore_create(sem_addr=0xd0010670, attr_addr=0xd0010678, initial_count=0, max_count=268435455)
HLE: ! PPU[1] Thread (CPUThread)[0x002d8d44]*** semaphore created [] (protocol=0x1): id = 91
HLE: W PPU[1] Thread (CPUThread)[0x002d8d44]sys_semaphore warning: sys_semaphore_create(sem_addr=0xd0010670, attr_addr=0xd0010678, initial_count=0, max_count=268435455)
HLE: ! PPU[1] Thread (CPUThread)[0x002d8d44]*** semaphore created [] (protocol=0x1): id = 92
HLE: W PPU[1] Thread (CPUThread)[0x002d8d44]sys_semaphore warning: sys_semaphore_create(sem_addr=0xd0010670, attr_addr=0xd0010678, initial_count=0, max_count=268435455)
HLE: ! PPU[1] Thread (CPUThread)[0x002d8d44]*** semaphore created [] (protocol=0x1): id = 93
HLE: W PPU[1] Thread (CPUThread)[0x013e604c]sys_lwmutex warning: *** lwmutex created [] (attribute=0x11): sq_id = 94
HLE: W PPU[1] Thread (CPUThread)[0x013e604c]sys_lwmutex warning: *** lwmutex created [] (attribute=0x11): sq_id = 95
HLE: W PPU[1] Thread (CPUThread)[0x013e604c]sys_lwmutex warning: *** lwmutex created [] (attribute=0x11): sq_id = 96
HLE: W PPU[1] Thread (CPUThread)[0x013e604c]sys_lwmutex warning: *** lwmutex created [] (attribute=0x11): sq_id = 97
HLE: W PPU[1] Thread (CPUThread)[0x013e604c]sys_lwmutex warning: *** lwmutex created [] (attribute=0x11): sq_id = 98
HLE: W PPU[1] Thread (CPUThread)[0x013e604c]sys_lwmutex warning: *** lwmutex created [] (attribute=0x11): sq_id = 99
HLE: W PPU[1] Thread (CPUThread)[0x013e604c]sys_lwmutex warning: *** lwmutex created [] (attribute=0x11): sq_id = 100
HLE: W PPU[1] Thread (CPUThread)[0x013e604c]sys_lwmutex warning: *** lwmutex created [] (attribute=0x11): sq_id = 101
HLE: W PPU[1] Thread (CPUThread)[0x013e604c]sys_lwmutex warning: *** lwmutex created [] (attribute=0x11): sq_id = 102
HLE: W PPU[1] Thread (CPUThread)[0x013e604c]sys_lwmutex warning: *** lwmutex created [] (attribute=0x11): sq_id = 103
HLE: W PPU[1] Thread (CPUThread)[0x013e604c]sys_lwmutex warning: *** lwmutex created [] (attribute=0x11): sq_id = 104
HLE: W PPU[1] Thread (CPUThread)[0x013e604c]sys_lwmutex warning: *** lwmutex created [] (attribute=0x11): sq_id = 105
HLE: W PPU[1] Thread (CPUThread)[0x013e604c]sys_lwmutex warning: *** lwmutex created [] (attribute=0x11): sq_id = 106
HLE: W PPU[1] Thread (CPUThread)[0x013e604c]sys_lwmutex warning: *** lwmutex created [] (attribute=0x11): sq_id = 107
HLE: W PPU[1] Thread (CPUThread)[0x013e604c]sys_lwmutex warning: *** lwmutex created [] (attribute=0x11): sq_id = 108
HLE: W PPU[1] Thread (CPUThread)[0x013e604c]sys_lwmutex warning: *** lwmutex created [] (attribute=0x11): sq_id = 109
HLE: W PPU[1] Thread (CPUThread)[0x013e604c]sys_lwmutex warning: *** lwmutex created [] (attribute=0x11): sq_id = 110
HLE: W PPU[1] Thread (CPUThread)[0x013e604c]sys_lwmutex warning: *** lwmutex created [] (attribute=0x11): sq_id = 111
HLE: W PPU[1] Thread (CPUThread)[0x013e604c]sys_lwmutex warning: *** lwmutex created [] (attribute=0x11): sq_id = 112
HLE: W PPU[1] Thread (CPUThread)[0x013e604c]sys_lwmutex warning: *** lwmutex created [] (attribute=0x11): sq_id = 113
HLE: W PPU[1] Thread (CPUThread)[0x013e604c]sys_lwmutex warning: *** lwmutex created [] (attribute=0x11): sq_id = 114
HLE: W PPU[1] Thread (CPUThread)[0x013e604c]sys_lwmutex warning: *** lwmutex created [] (attribute=0x11): sq_id = 115
HLE: W PPU[1] Thread (CPUThread)[0x013e604c]sys_lwmutex warning: *** lwmutex created [] (attribute=0x11): sq_id = 116
HLE: W PPU[1] Thread (CPUThread)[0x013e604c]sys_lwmutex warning: *** lwmutex created [] (attribute=0x11): sq_id = 117
HLE: W PPU[1] Thread (CPUThread)[0x013e604c]sys_lwmutex warning: *** lwmutex created [] (attribute=0x11): sq_id = 118
HLE: W PPU[1] Thread (CPUThread)[0x013e604c]sys_lwmutex warning: *** lwmutex created [] (attribute=0x11): sq_id = 119
HLE: W PPU[1] Thread (CPUThread)[0x013e604c]sys_lwmutex warning: *** lwmutex created [] (attribute=0x11): sq_id = 120
HLE: W PPU[1] Thread (CPUThread)[0x013e604c]sys_lwmutex warning: *** lwmutex created [] (attribute=0x11): sq_id = 121
HLE: W PPU[1] Thread (CPUThread)[0x013e604c]sys_lwmutex warning: *** lwmutex created [] (attribute=0x11): sq_id = 122
HLE: W PPU[1] Thread (CPUThread)[0x002d8d44]sys_semaphore warning: sys_semaphore_create(sem_addr=0xd0010350, attr_addr=0xd0010358, initial_count=0, max_count=268435455)
HLE: ! PPU[1] Thread (CPUThread)[0x002d8d44]*** semaphore created [] (protocol=0x1): id = 123
HLE: W PPU[1] Thread (CPUThread)[0x002d8d44]sys_semaphore warning: sys_semaphore_create(sem_addr=0xd0010350, attr_addr=0xd0010358, initial_count=0, max_count=268435455)
HLE: ! PPU[1] Thread (CPUThread)[0x002d8d44]*** semaphore created [] (protocol=0x1): id = 124
HLE: W PPU[1] Thread (CPUThread)[0x002d8d44]sys_semaphore warning: sys_semaphore_create(sem_addr=0xd0010350, attr_addr=0xd0010358, initial_count=0, max_count=268435455)
HLE: ! PPU[1] Thread (CPUThread)[0x002d8d44]*** semaphore created [] (protocol=0x1): id = 125
HLE: W PPU[1] Thread (CPUThread)[0x002d8d44]sys_semaphore warning: sys_semaphore_create(sem_addr=0xd0010350, attr_addr=0xd0010358, initial_count=0, max_count=268435455)
HLE: ! PPU[1] Thread (CPUThread)[0x002d8d44]*** semaphore created [] (protocol=0x1): id = 126
HLE: W PPU[1] Thread (CPUThread)[0x013e604c]sys_lwmutex warning: *** lwmutex created [] (attribute=0x11): sq_id = 127
HLE: W PPU[1] Thread (CPUThread)[0x002d8d44]sys_semaphore warning: sys_semaphore_create(sem_addr=0xd0010350, attr_addr=0xd0010358, initial_count=0, max_count=268435455)
HLE: ! PPU[1] Thread (CPUThread)[0x002d8d44]*** semaphore created [] (protocol=0x1): id = 128
HLE: W PPU[1] Thread (CPUThread)[0x002d8d44]sys_semaphore warning: sys_semaphore_create(sem_addr=0xd0010350, attr_addr=0xd0010358, initial_count=0, max_count=268435455)
HLE: ! PPU[1] Thread (CPUThread)[0x002d8d44]*** semaphore created [] (protocol=0x1): id = 129
HLE: W PPU[1] Thread (CPUThread)[0x002d8d44]sys_semaphore warning: sys_semaphore_create(sem_addr=0xd0010350, attr_addr=0xd0010358, initial_count=0, max_count=268435455)
HLE: ! PPU[1] Thread (CPUThread)[0x002d8d44]*** semaphore created [] (protocol=0x1): id = 130
HLE: W PPU[1] Thread (CPUThread)[0x002d8d44]sys_semaphore warning: sys_semaphore_create(sem_addr=0xd0010350, attr_addr=0xd0010358, initial_count=0, max_count=268435455)
HLE: ! PPU[1] Thread (CPUThread)[0x002d8d44]*** semaphore created [] (protocol=0x1): id = 131
HLE: W PPU[1] Thread (CPUThread)[0x002d8d44]sys_semaphore warning: sys_semaphore_create(sem_addr=0xd0010250, attr_addr=0xd0010258, initial_count=0, max_count=268435455)
HLE: ! PPU[1] Thread (CPUThread)[0x002d8d44]*** semaphore created [] (protocol=0x1): id = 132
HLE: W PPU[1] Thread (CPUThread)[0x013e604c]sys_lwmutex warning: *** lwmutex created [] (attribute=0x11): sq_id = 133
PPU: ! PPU[1] Thread (CPUThread)[0x013e6028]*** New PPU Thread [ZDecode] (flags=0x0, entry=0x10f11e8): id = 134
HLE: W PPU[1] Thread (CPUThread)[0x013e604c]sys_lwmutex warning: *** lwmutex created [] (attribute=0x11): sq_id = 135
HLE: W PPU[1] Thread (CPUThread)[0x013e604c]sys_lwmutex warning: *** lwmutex created [] (attribute=0x11): sq_id = 136
HLE: W PPU[1] Thread (CPUThread)[0x002d8d44]sys_semaphore warning: sys_semaphore_create(sem_addr=0xd0010430, attr_addr=0xd0010438, initial_count=0, max_count=268435455)
HLE: ! PPU[1] Thread (CPUThread)[0x002d8d44]*** semaphore created [] (protocol=0x1): id = 137
HLE: W PPU[1] Thread (CPUThread)[0x002d8d44]sys_semaphore warning: sys_semaphore_create(sem_addr=0xd0010430, attr_addr=0xd0010438, initial_count=0, max_count=268435455)
HLE: ! PPU[1] Thread (CPUThread)[0x002d8d44]*** semaphore created [] (protocol=0x1): id = 138
HLE: W PPU[1] Thread (CPUThread)[0x002d8d44]sys_semaphore warning: sys_semaphore_create(sem_addr=0xd0010430, attr_addr=0xd0010438, initial_count=0, max_count=268435455)
HLE: ! PPU[1] Thread (CPUThread)[0x002d8d44]*** semaphore created [] (protocol=0x1): id = 139
HLE: W PPU[1] Thread (CPUThread)[0x002d8d44]sys_semaphore warning: sys_semaphore_create(sem_addr=0xd0010430, attr_addr=0xd0010438, initial_count=0, max_count=268435455)
HLE: ! PPU[1] Thread (CPUThread)[0x002d8d44]*** semaphore created [] (protocol=0x1): id = 140
HLE: W PPU[1] Thread (CPUThread)[0x013e604c]sys_lwmutex warning: *** lwmutex created [] (attribute=0x11): sq_id = 141
HLE: W PPU[1] Thread (CPUThread)[0x013e604c]sys_lwmutex warning: *** lwmutex created [] (attribute=0x11): sq_id = 142
HLE: W PPU[1] Thread (CPUThread)[0x002d8d44]sys_semaphore warning: sys_semaphore_create(sem_addr=0xd0010430, attr_addr=0xd0010438, initial_count=0, max_count=268435455)
HLE: ! PPU[1] Thread (CPUThread)[0x002d8d44]*** semaphore created [] (protocol=0x1): id = 143
HLE: W PPU[1] Thread (CPUThread)[0x002d8d44]sys_semaphore warning: sys_semaphore_create(sem_addr=0xd0010430, attr_addr=0xd0010438, initial_count=0, max_count=268435455)
HLE: ! PPU[1] Thread (CPUThread)[0x002d8d44]*** semaphore created [] (protocol=0x1): id = 144
HLE: W PPU[1] Thread (CPUThread)[0x002d8d44]sys_semaphore warning: sys_semaphore_create(sem_addr=0xd0010430, attr_addr=0xd0010438, initial_count=0, max_count=268435455)
HLE: ! PPU[1] Thread (CPUThread)[0x002d8d44]*** semaphore created [] (protocol=0x1): id = 145
HLE: W PPU[1] Thread (CPUThread)[0x002d8d44]sys_semaphore warning: sys_semaphore_create(sem_addr=0xd0010430, attr_addr=0xd0010438, initial_count=0, max_count=268435455)
HLE: ! PPU[1] Thread (CPUThread)[0x002d8d44]*** semaphore created [] (protocol=0x1): id = 146
HLE: W PPU[1] Thread (CPUThread)[0x002d8d44]sys_semaphore warning: sys_semaphore_create(sem_addr=0xd0010330, attr_addr=0xd0010338, initial_count=0, max_count=268435455)
HLE: ! PPU[1] Thread (CPUThread)[0x002d8d44]*** semaphore created [] (protocol=0x1): id = 147
HLE: W PPU[1] Thread (CPUThread)[0x013e604c]sys_lwmutex warning: *** lwmutex created [] (attribute=0x11): sq_id = 148
PPU: ! PPU[1] Thread (CPUThread)[0x013e6028]*** New PPU Thread [FileRead] (flags=0x0, entry=0x10f11e8): id = 149
HLE: W PPU[1] Thread (CPUThread)[0x013e604c]sys_lwmutex warning: *** lwmutex created [] (attribute=0x11): sq_id = 150
HLE: W PPU[1] Thread (CPUThread)[0x013e604c]sys_lwmutex warning: *** lwmutex created [] (attribute=0x11): sq_id = 151
HLE: W PPU[1] Thread (CPUThread)[0x013e604c]sys_lwmutex warning: *** lwmutex created [] (attribute=0x11): sq_id = 152
HLE: W PPU[1] Thread (CPUThread)[0x002d8d44]sys_semaphore warning: sys_semaphore_create(sem_addr=0xd0010420, attr_addr=0xd0010428, initial_count=0, max_count=268435455)
HLE: ! PPU[1] Thread (CPUThread)[0x002d8d44]*** semaphore created [] (protocol=0x1): id = 153
HLE: W PPU[1] Thread (CPUThread)[0x013e604c]sys_lwmutex warning: *** lwmutex created [] (attribute=0x11): sq_id = 154
PPU: ! PPU[1] Thread (CPUThread)[0x013e6028]*** New PPU Thread [GameInitializer] (flags=0x0, entry=0x10f11e8): id = 155
HLE: W PPU[1] Thread (CPUThread)[0x013e604c]sys_lwmutex warning: *** lwmutex created [] (attribute=0x11): sq_id = 156
HLE: W PPU[1] Thread (CPUThread)[0x013e604c]sys_lwmutex warning: *** lwmutex created [] (attribute=0x11): sq_id = 157
HLE: W PPU[1] Thread (CPUThread)[0x013e604c]sys_lwmutex warning: *** lwmutex created [] (attribute=0x11): sq_id = 158
HLE: W PPU[1] Thread (CPUThread)[0x002d8d44]sys_semaphore warning: sys_semaphore_create(sem_addr=0xd0010420, attr_addr=0xd0010428, initial_count=0, max_count=268435455)
HLE: ! PPU[1] Thread (CPUThread)[0x002d8d44]*** semaphore created [] (protocol=0x1): id = 159
HLE: W PPU[1] Thread (CPUThread)[0x013e604c]sys_lwmutex warning: *** lwmutex created [] (attribute=0x11): sq_id = 160
PPU: ! PPU[1] Thread (CPUThread)[0x013e6028]*** New PPU Thread [Trophy] (flags=0x0, entry=0x10f11e8): id = 161
HLE: W PPU[1] Thread (CPUThread)[0x002d8d44]sys_semaphore warning: sys_semaphore_create(sem_addr=0xd0010420, attr_addr=0xd0010428, initial_count=0, max_count=268435455)
HLE: ! PPU[1] Thread (CPUThread)[0x002d8d44]*** semaphore created [] (protocol=0x1): id = 162
HLE: W PPU[1] Thread (CPUThread)[0x013e604c]sys_lwmutex warning: *** lwmutex created [] (attribute=0x11): sq_id = 163
PPU: ! PPU[1] Thread (CPUThread)[0x013e6028]*** New PPU Thread [GameUpdate] (flags=0x0, entry=0x10f11e8): id = 164
HLE: W PPU[1] Thread (CPUThread)[0x013e604c]sys_lwmutex warning: *** lwmutex created [] (attribute=0x11): sq_id = 165
HLE: W PPU[1] Thread (CPUThread)[0x013e604c]sys_lwmutex warning: *** lwmutex created [] (attribute=0x11): sq_id = 166
HLE: W PPU[1] Thread (CPUThread)[0x013e604c]sys_lwmutex warning: *** lwmutex created [] (attribute=0x11): sq_id = 167
HLE: W PPU[1] Thread (CPUThread)[0x00895f98]sys_event_flag warning: sys_event_flag_create(eflag_id_addr=0x32107310, attr_addr=0xd0010390, init=0x1)
HLE: W PPU[1] Thread (CPUThread)[0x00895f98]sys_event_flag warning: *** event_flag created [] (protocol=0x2, type=0x20000): id = 168
HLE: W PPU[1] Thread (CPUThread)[0x008c66a0]sys_event_flag warning: sys_event_flag_create(eflag_id_addr=0x32107330, attr_addr=0xd000fd80, init=0x1)
HLE: W PPU[1] Thread (CPUThread)[0x008c66a0]sys_event_flag warning: *** event_flag created [] (protocol=0x2, type=0x20000): id = 169
HLE: E PPU[1] Thread (CPUThread)[0x013d0160]cellGcmSys error: Unimplemented function: cellGcmInitSystemMode
HLE: W PPU[1] Thread (CPUThread)[0x013d0118]cellGcmSys warning: cellGcmInitDefaultFifoMode(mode=1)
HLE: W PPU[1] Thread (CPUThread)[0x013d0178]cellGcmSys warning: cellGcmInit(context_addr=0x137f9b8,cmdSize=0xff000,ioSize=0x100000,ioAddress=0x3b200000)
HLE: W PPU[1] Thread (CPUThread)[0x013d0178]cellGcmSys warning: *** local memory(addr=0xc0000000, size=0xf900000)
HLE: W PPU[1] Thread (CPUThread)[0x013d0178]cellGcmSys warning: cellGcmMapEaIoAddress(ea=0x3b200000, io=0x0, size=0x100000)
RSX: ! RSXThreadRSX thread started
HLE: W PPU[1] Thread (CPUThread)[0x013d0070]cellGcmSys warning: cellGcmSetDebugOutputLevel(level=2)
HLE: W PPU[1] Thread (CPUThread)[0x013e604c]sys_lwmutex warning: *** lwmutex created [] (attribute=0x12): sq_id = 170
HLE: W PPU[1] Thread (CPUThread)[0x013e604c]sys_lwmutex warning: *** lwmutex created [] (attribute=0x12): sq_id = 171
HLE: W PPU[1] Thread (CPUThread)[0x013d00b8]cellGcmSys warning: cellGcmMapMainMemory(ea=0x30200000,size=0x3b00000,offset_addr=0xd0010340)
HLE: W PPU[1] Thread (CPUThread)[0x013d00b8]cellGcmSys warning: cellGcmMapMainMemory(ea=0x33d00000,size=0x1100000,offset_addr=0xd0010340)
HLE: W PPU[1] Thread (CPUThread)[0x013d00b8]cellGcmSys warning: cellGcmMapMainMemory(ea=0x35000000,size=0x5a00000,offset_addr=0xd0010340)
HLE: W PPU[1] Thread (CPUThread)[0x013d00b8]cellGcmSys warning: cellGcmMapMainMemory(ea=0x3ac00000,size=0x600000,offset_addr=0xd0010340)
HLE: W PPU[1] Thread (CPUThread)[0x013d00b8]cellGcmSys warning: cellGcmMapMainMemory(ea=0x3aa00000,size=0x200000,offset_addr=0xd0010340)
HLE: W PPU[1] Thread (CPUThread)[0x013d00b8]cellGcmSys warning: cellGcmMapMainMemory(ea=0x3b300000,size=0x300000,offset_addr=0xd0010340)
HLE: W PPU[1] Thread (CPUThread)[0x013d00b8]cellGcmSys warning: cellGcmMapMainMemory(ea=0x10000000,size=0x100000,offset_addr=0xd0010340)
HLE: W PPU[1] Thread (CPUThread)[0x013d0004]cellGcmSys warning: cellGcmGetTiledPitchSize(size=7680)
HLE: W PPU[1] Thread (CPUThread)[0x013d0004]cellGcmSys warning: cellGcmGetTiledPitchSize(size=5120)
HLE: W PPU[1] Thread (CPUThread)[0x013d0004]cellGcmSys warning: cellGcmGetTiledPitchSize(size=5120)
HLE: W PPU[1] Thread (CPUThread)[0x013d0004]cellGcmSys warning: cellGcmGetTiledPitchSize(size=5120)
HLE: W PPU[1] Thread (CPUThread)[0x013d0004]cellGcmSys warning: cellGcmGetTiledPitchSize(size=5120)
HLE: W PPU[1] Thread (CPUThread)[0x013d0004]cellGcmSys warning: cellGcmGetTiledPitchSize(size=5120)
RSX: W RSXThreadNV406E_SEMAPHORE_ACQUIRE: 3
HLE: W PPU[1] Thread (CPUThread)[0x013d0130]cellGcmSys warning: cellGcmUnbindTile(index=0)
HLE: W PPU[1] Thread (CPUThread)[0x013d0130]cellGcmSys warning: cellGcmUnbindTile(index=1)
HLE: W PPU[1] Thread (CPUThread)[0x013d0130]cellGcmSys warning: cellGcmUnbindTile(index=2)
HLE: W PPU[1] Thread (CPUThread)[0x013d0130]cellGcmSys warning: cellGcmUnbindTile(index=3)
HLE: W PPU[1] Thread (CPUThread)[0x013d0130]cellGcmSys warning: cellGcmUnbindTile(index=4)
HLE: W PPU[1] Thread (CPUThread)[0x013d0130]cellGcmSys warning: cellGcmUnbindTile(index=5)
HLE: W PPU[1] Thread (CPUThread)[0x013d0130]cellGcmSys warning: cellGcmUnbindTile(index=6)
HLE: W PPU[1] Thread (CPUThread)[0x013d0130]cellGcmSys warning: cellGcmUnbindTile(index=7)
HLE: W PPU[1] Thread (CPUThread)[0x013d0130]cellGcmSys warning: cellGcmUnbindTile(index=8)
HLE: W PPU[1] Thread (CPUThread)[0x013d0130]cellGcmSys warning: cellGcmUnbindTile(index=9)
HLE: W PPU[1] Thread (CPUThread)[0x013d0130]cellGcmSys warning: cellGcmUnbindTile(index=10)
HLE: W PPU[1] Thread (CPUThread)[0x013d0130]cellGcmSys warning: cellGcmUnbindTile(index=11)
HLE: W PPU[1] Thread (CPUThread)[0x013d0130]cellGcmSys warning: cellGcmUnbindTile(index=12)
HLE: W PPU[1] Thread (CPUThread)[0x013d0130]cellGcmSys warning: cellGcmUnbindTile(index=13)
HLE: W PPU[1] Thread (CPUThread)[0x013d0130]cellGcmSys warning: cellGcmUnbindTile(index=14)
HLE: W PPU[1] Thread (CPUThread)[0x013d010c]cellGcmSys warning: cellGcmSetTileInfo(index=0, location=0, offset=0, size=7536640, pitch=5120, comp=7, base=0, bank=0)
HLE: E PPU[1] Thread (CPUThread)[0x013d010c]cellGcmSys error: cellGcmSetTileInfo: bad compression mode! (7)
HLE: W PPU[1] Thread (CPUThread)[0x013d0058]cellGcmSys warning: cellGcmBindTile(index=0)
HLE: E PPU[1] Thread (CPUThread)[0x013d016c]cellGcmSys error: Unimplemented function: cellGcmSetVBlankFrequency
HLE: W PPU[1] Thread (CPUThread)[0x013d0064]cellGcmSys warning: cellGcmSetFlipMode(mode=2)
HLE: E PPU[1] Thread (CPUThread)[0x013e2004]TODO: cellVideoOutSetGamma
MEM: E PPU[1] Thread (CPUThread)[0x008ba170]Read32 from null block: [033b036c]
MEM: E PPU[1] Thread (CPUThread)[0x008ba17c]Read32 from null block: [00000000]
MEM: E PPU[1] Thread (CPUThread)[0x008ba180]Read32 from null block: [00000004]
PPU: E PPU[1] Thread (CPUThread)[0x008ba188]PPU[1] Thread (CPUThread) branch error: bad address 0x0 #pc: 0x8ba188
RSX: W RSXThreadRSX thread aborted
RSX: W VBlank threadVBlank thread aborted
HLE: W PPU[161] Thread (Trophy)[0x002d8b2c]sys_semaphore_wait(159) aborted
HLE: W PPU[149] Thread (FileRead)[0x002d8b2c]sys_semaphore_wait(147) aborted
HLE: W PPU[164] Thread (GameUpdate)[0x002d8b2c]sys_semaphore_wait(82) aborted
HLE: W PPU[155] Thread (GameInitializer)[0x002d8b2c]sys_semaphore_wait(153) aborted
HLE: W PPU[134] Thread (ZDecode)[0x002d8b2c]sys_semaphore_wait(132) aborted
HLE: ! All threads stopped...
MEM: ! Closing memory...
