HLE: ! path: /dev_hdd0/game/
LDR: ! Loading 'D:\Emulateurs\Rpcs3\dev_hdd0\game\AVOIDANCE/USRDIR/BOOT.BIN'...
LDR: !  
LDR: ! Mount info:
LDR: ! /dev_hdd0/ -> D:\Emulateurs\Rpcs3/dev_hdd0/
LDR: ! /dev_hdd1/ -> D:\Emulateurs\Rpcs3/dev_hdd1/
LDR: ! /dev_flash/ -> D:\Emulateurs\Rpcs3/dev_flash/
LDR: ! /dev_usb000/ -> D:\Emulateurs\Rpcs3/dev_usb000/
LDR: ! /dev_usb/ -> D:\Emulateurs\Rpcs3/dev_usb000/
LDR: ! /app_home/ -> D:\Emulateurs\Rpcs3\dev_hdd0\game\AVOIDANCE/
LDR: ! /dev_bdvd/ -> D:\Emulateurs\Rpcs3\dev_hdd0\game\AVOIDANCE//../
LDR: ! /host_root/ -> 
LDR: ! / -> D:\Emulateurs\Rpcs3\dev_hdd0\game\AVOIDANCE//USRDIR/
LDR: ! /app_home/PS3_GAME/USRDIR/ -> D:\Emulateurs\Rpcs3\dev_hdd0\game\AVOIDANCE//USRDIR/
LDR: ! /dev_flash2/ -> D:\Emulateurs\Rpcs3/dev_flash2/
LDR: ! /app_home/Game/PS3_GAME/USRDIR/ -> D:\Emulateurs\Rpcs3\dev_hdd0\game\AVOIDANCE//USRDIR/
LDR: !  
MEM: ! Initing memory: m_base_addr = 0x4ff2320000
MEM: ! Memory initialized.
LDR: W Unimplemented function '_cellGcmFunc1' in 'cellGcmSys' module
LDR: W Unimplemented function '_cellGcmFunc12' in 'cellGcmSys' module
LDR: W Unimplemented function '_cellGcmFunc13' in 'cellGcmSys' module
LDR: W Unimplemented function '_cellGcmFunc2' in 'cellGcmSys' module
LDR: W Unimplemented function '_cellGcmFunc3' in 'cellGcmSys' module
LDR: W Unimplemented function '_cellGcmFunc38' in 'cellGcmSys' module
LDR: W Unimplemented function '_cellGcmFunc4' in 'cellGcmSys' module
LDR: W Unimplemented function 'cellGcmSetDefaultCommandBufferAndSegmentWordSize' in 'cellGcmSys' module
LDR: W Unimplemented function 'cellGcmSetUserCommand' in 'cellGcmSys' module
LDR: W Unimplemented function 'cellGcmSetWaitFlipUnsafe' in 'cellGcmSys' module
LDR: W Unimplemented function 'cellGcmSysGetLastVBlankTime' in 'cellGcmSys' module
LDR: W Unimplemented function 'cellGcmTerminate' in 'cellGcmSys' module
LDR: W Unimplemented function 'cellVideoOutDebugSetMonitorType' in 'cellSysutil' module
LDR: W Unimplemented function 'cellVideoOutRegisterCallback' in 'cellSysutil' module
LDR: W Unimplemented function 'cellVideoOutUnregisterCallback' in 'cellSysutil' module
LDR: W Unimplemented function 'cellVideoOutGetConvertCursorColorInfo' in 'cellSysutil' module
LDR: W Unimplemented function 'cellMsgDialogOpen' in 'cellSysutil' module
LDR: W Unimplemented function 'cellMsgDialogAbort' in 'cellSysutil' module
LDR: W Unimplemented function 'cellOskDialogGetInputText' in 'cellSysutil' module
LDR: W Unimplemented function 'cellOskDialogSetInitialInputDevice' in 'cellSysutil' module
LDR: W Unimplemented function 'cellOskDialogGetSize' in 'cellSysutil' module
LDR: W Unimplemented function 'cellOskDialogUnloadAsync' in 'cellSysutil' module
LDR: W Unimplemented function 'cellOskDialogDisableDimmer' in 'cellSysutil' module
LDR: W Unimplemented function 'cellOskDialogSetKeyLayoutOption' in 'cellSysutil' module
LDR: W Unimplemented function 'cellOskDialogAbort' in 'cellSysutil' module
LDR: W Unimplemented function 'cellOskDialogSetDeviceMask' in 'cellSysutil' module
LDR: W Unimplemented function 'cellOskDialogSetSeparateWindowOption' in 'cellSysutil' module
LDR: W Unimplemented function 'cellOskDialogAddSupportLanguage' in 'cellSysutil' module
LDR: W Unimplemented function 'cellOskDialogLoadAsync' in 'cellSysutil' module
LDR: W Unimplemented function 'cellOskDialogSetInitialKeyLayout' in 'cellSysutil' module
LDR: W Unimplemented function 'cellOskDialogSetLayoutMode' in 'cellSysutil' module
LDR: W Unimplemented function 'sys_config_start' in 'sys_io' module
LDR: W Unimplemented function 'sys_config_stop' in 'sys_io' module
LDR: W Unimplemented function 'sys_config_add_service_listener' in 'sys_io' module
LDR: W Unimplemented function 'sys_config_remove_service_listener' in 'sys_io' module
LDR: W Unimplemented function 'sys_config_register_service' in 'sys_io' module
LDR: W Unimplemented function 'sys_config_unregister_service' in 'sys_io' module
LDR: W Unimplemented function 'cellPadLddRegisterController' in 'sys_io' module
LDR: W Unimplemented function 'cellPadGetRawData' in 'sys_io' module
LDR: W Unimplemented function 'cellPadLddGetPortNo' in 'sys_io' module
LDR: W Unimplemented function 'cellPadLddDataInsert' in 'sys_io' module
LDR: W Unimplemented function 'cellPadLddUnregisterController' in 'sys_io' module
LDR: W Unimplemented function 'cellPadPeriphGetInfo' in 'sys_io' module
LDR: W Unimplemented function 'cellPadPeriphGetData' in 'sys_io' module
LDR: W Unimplemented function 'sys_ppu_thread_register_atexit' in 'sysPrxForUser' module
LDR: W Unimplemented function 'sys_interrupt_thread_disestablish' in 'sysPrxForUser' module
LDR: W Unimplemented function 'sys_ppu_thread_unregister_atexit' in 'sysPrxForUser' module
HLE: W PPU[1] Thread (CPUThread)[0x000680dc]sys_lwmutex warning: *** lwmutex created [] (attribute=0x12): sq_id = 3
HLE: W PPU[1] Thread (CPUThread)[0x000680dc]sys_lwmutex warning: *** lwmutex created [] (attribute=0x12): sq_id = 4
HLE: W PPU[1] Thread (CPUThread)[0x000680dc]sys_lwmutex warning: *** lwmutex created [] (attribute=0x12): sq_id = 5
HLE: W PPU[1] Thread (CPUThread)[0x000621c0]cellGcmSys warning: cellGcmInit(context_addr=0xd0010b10,cmdSize=0x10000,ioSize=0x100000,ioAddress=0x30200000)
HLE: W PPU[1] Thread (CPUThread)[0x000621c0]cellGcmSys warning: *** local memory(addr=0xc0000000, size=0xf900000)
HLE: W PPU[1] Thread (CPUThread)[0x000621c0]cellGcmSys warning: cellGcmInit(): 256MB io address space used
HLE: W PPU[1] Thread (CPUThread)[0x000621c0]cellGcmSys warning: cellGcmMapEaIoAddress(ea=0x30200000, io=0x0, size=0x100000)
RSX: ! RSXThreadRSX thread started
HLE: W PPU[1] Thread (CPUThread)[0x00064010]cellSysutil warning: cellVideoOutConfigure(videoOut=0, config_addr=0xd0010ba0, option_addr=0x0, waitForEvent=0x0)
HLE: W PPU[1] Thread (CPUThread)[0x000680dc]sys_lwmutex warning: *** lwmutex created [] (attribute=0x12): sq_id = 6
HLE: W PPU[1] Thread (CPUThread)[0x000680dc]sys_lwmutex warning: *** lwmutex created [] (attribute=0x12): sq_id = 7
HLE: W PPU[1] Thread (CPUThread)[0x000680dc]sys_lwmutex warning: *** lwmutex created [] (attribute=0x12): sq_id = 8
HLE: W PPU[1] Thread (CPUThread)[0x000680dc]sys_lwmutex warning: *** lwmutex created [] (attribute=0x12): sq_id = 9
TTY: buffers will be 0x384000 bytes
HLE: W PPU[1] Thread (CPUThread)[0x000622ec]cellGcmSys warning: cellGcmSetFlipMode(mode=2)
HLE: W PPU[1] Thread (CPUThread)[0x00064088]cellSysutil warning: cellSysutilRegisterCallback(slot=0, func_addr=0x84a98, userdata=0x0)
TTY: frag_mem = 0xc0e10000
RSX: W RSXThreadRSX thread aborted
RSX: W VBlank threadVBlank thread aborted
HLE: ! All threads stopped...
MEM: ! Closing memory...
