HLE: ! path: /dev_hdd0/game/
LDR: ! Loading 'D:\Emulateurs\Rpcs3\dev_hdd0\game\BOMB00000/USRDIR/BOOT.BIN'...
LDR: !  
LDR: ! Mount info:
LDR: ! /dev_hdd0/ -> D:\Emulateurs\Rpcs3/dev_hdd0/
LDR: ! /dev_hdd1/ -> D:\Emulateurs\Rpcs3/dev_hdd1/
LDR: ! /dev_flash/ -> D:\Emulateurs\Rpcs3/dev_flash/
LDR: ! /dev_usb000/ -> D:\Emulateurs\Rpcs3/dev_usb000/
LDR: ! /dev_usb/ -> D:\Emulateurs\Rpcs3/dev_usb000/
LDR: ! /app_home/ -> D:\Emulateurs\Rpcs3\dev_hdd0\game\BOMB00000/
LDR: ! /dev_bdvd/ -> D:\Emulateurs\Rpcs3\dev_hdd0\game\BOMB00000//../
LDR: ! /host_root/ -> 
LDR: ! / -> D:\Emulateurs\Rpcs3\dev_hdd0\game\BOMB00000//USRDIR/
LDR: ! /app_home/PS3_GAME/USRDIR/ -> D:\Emulateurs\Rpcs3\dev_hdd0\game\BOMB00000//USRDIR/
LDR: ! /dev_flash2/ -> D:\Emulateurs\Rpcs3/dev_flash2/
LDR: ! /app_home/Game/PS3_GAME/USRDIR/ -> D:\Emulateurs\Rpcs3\dev_hdd0\game\BOMB00000//USRDIR/
LDR: !  
MEM: ! Initing memory: m_base_addr = 0xae3a7c0000
MEM: ! Memory initialized.
LDR: W ElfProgram different load addrs: paddr=0x00050008, vaddr=0x00000000
LDR: W Unimplemented function '_cellGcmFunc1' in 'cellGcmSys' module
LDR: W Unimplemented function '_cellGcmFunc12' in 'cellGcmSys' module
LDR: W Unimplemented function '_cellGcmFunc13' in 'cellGcmSys' module
LDR: W Unimplemented function '_cellGcmFunc2' in 'cellGcmSys' module
LDR: W Unimplemented function '_cellGcmFunc3' in 'cellGcmSys' module
LDR: W Unimplemented function '_cellGcmFunc38' in 'cellGcmSys' module
LDR: W Unimplemented function '_cellGcmFunc4' in 'cellGcmSys' module
LDR: W Unimplemented function 'cellGcmSetDefaultCommandBufferAndSegmentWordSize' in 'cellGcmSys' module
LDR: W Unimplemented function 'cellGcmSetUserCommand' in 'cellGcmSys' module
LDR: W Unimplemented function 'cellGcmSetWaitFlipUnsafe' in 'cellGcmSys' module
LDR: W Unimplemented function 'cellGcmSysGetLastVBlankTime' in 'cellGcmSys' module
LDR: W Unimplemented function 'cellGcmTerminate' in 'cellGcmSys' module
LDR: W Unimplemented function 'sys_config_start' in 'sys_io' module
LDR: W Unimplemented function 'sys_config_stop' in 'sys_io' module
LDR: W Unimplemented function 'sys_config_add_service_listener' in 'sys_io' module
LDR: W Unimplemented function 'sys_config_remove_service_listener' in 'sys_io' module
LDR: W Unimplemented function 'sys_config_register_service' in 'sys_io' module
LDR: W Unimplemented function 'sys_config_unregister_service' in 'sys_io' module
LDR: W Unimplemented function 'cellPadLddRegisterController' in 'sys_io' module
LDR: W Unimplemented function 'cellPadGetRawData' in 'sys_io' module
LDR: W Unimplemented function 'cellPadLddGetPortNo' in 'sys_io' module
LDR: W Unimplemented function 'cellPadLddDataInsert' in 'sys_io' module
LDR: W Unimplemented function 'cellPadLddUnregisterController' in 'sys_io' module
LDR: W Unimplemented function 'cellPadPeriphGetInfo' in 'sys_io' module
LDR: W Unimplemented function 'cellPadPeriphGetData' in 'sys_io' module
LDR: W Unimplemented function 'sys_ppu_thread_register_atexit' in 'sysPrxForUser' module
LDR: W Unimplemented function 'sys_interrupt_thread_disestablish' in 'sysPrxForUser' module
LDR: W Unimplemented function 'sys_ppu_thread_unregister_atexit' in 'sysPrxForUser' module
HLE: W PPU[1] Thread (CPUThread)[0x0003a004]cellSysmodule warning: cellSysmoduleLoadModule(CELL_SYSMODULE_FS)
HLE: W PPU[1] Thread (CPUThread)[0x0003a004]cellSysmodule warning: cellSysmoduleLoadModule(CELL_SYSMODULE_PNGDEC)
HLE: W PPU[1] Thread (CPUThread)[0x000321c0]cellGcmSys warning: cellGcmInit(context_addr=0xd0010480,cmdSize=0x10000,ioSize=0x100000,ioAddress=0x30200000)
HLE: W PPU[1] Thread (CPUThread)[0x000321c0]cellGcmSys warning: *** local memory(addr=0xc0000000, size=0xf900000)
HLE: W PPU[1] Thread (CPUThread)[0x000321c0]cellGcmSys warning: cellGcmInit(): 256MB io address space used
HLE: W PPU[1] Thread (CPUThread)[0x000321c0]cellGcmSys warning: cellGcmMapEaIoAddress(ea=0x30200000, io=0x0, size=0x100000)
RSX: ! RSXThreadRSX thread started
HLE: W PPU[1] Thread (CPUThread)[0x00034010]cellSysutil warning: cellVideoOutConfigure(videoOut=0, config_addr=0xd0010518, option_addr=0x0, waitForEvent=0x0)
TTY: buffers will be 0x384000 bytes
HLE: W PPU[1] Thread (CPUThread)[0x000322ec]cellGcmSys warning: cellGcmSetFlipMode(mode=2)
HLE: W PPU[1] Thread (CPUThread)[0x00038004]cellPngDec warning: cellPngDecCreate(mainHandle=0xd0010460, threadInParam=0xd0010488, threadOutParam=0xd0010468)
HLE: W PPU[1] Thread (CPUThread)[0x0003801c]cellPngDec warning: cellPngDecOpen(mainHandle=0x0, subHandle=0xd0010464, src_addr=0xd00104e0, openInfo=0xd001046c)
HLE: W PPU[1] Thread (CPUThread)[0x0003801c]"/dev_hdd0/game/BOMB00000/USRDIR/USRDIR/mainmenu.png" opened: fd = 3
HLE: W PPU[1] Thread (CPUThread)[0x00038034]cellPngDec warning: cellPngDecReadHeader(mainHandle=0x0, subHandle=0x4, info_addr=0xd00104c0)
HLE: W PPU[1] Thread (CPUThread)[0x00038028]cellPngDec warning: cellPngDecClose(mainHandle=0x0,subHandle=0x4)
HLE: W PPU[1] Thread (CPUThread)[0x00038028]sys_fs warning: cellFsClose(fd=3)
HLE: W PPU[1] Thread (CPUThread)[0x00038010]cellPngDec warning: cellPngDecDestroy(mainHandle=0x0)
HLE: W PPU[1] Thread (CPUThread)[0x00038010]cellPngDec warning: cellPngDecDestroy(mainHandle=0x0): bad handle
HLE: W PPU[1] Thread (CPUThread)[0x00038004]cellPngDec warning: cellPngDecCreate(mainHandle=0xd0010460, threadInParam=0xd0010488, threadOutParam=0xd0010468)
HLE: W PPU[1] Thread (CPUThread)[0x0003801c]cellPngDec warning: cellPngDecOpen(mainHandle=0x0, subHandle=0xd0010464, src_addr=0xd00104e0, openInfo=0xd001046c)
HLE: W PPU[1] Thread (CPUThread)[0x0003801c]"/dev_hdd0/game/BOMB00000/USRDIR/USRDIR/menu_b1.png" opened: fd = 5
HLE: W PPU[1] Thread (CPUThread)[0x00038034]cellPngDec warning: cellPngDecReadHeader(mainHandle=0x0, subHandle=0x6, info_addr=0xd00104c0)
HLE: W PPU[1] Thread (CPUThread)[0x00038028]cellPngDec warning: cellPngDecClose(mainHandle=0x0,subHandle=0x6)
HLE: W PPU[1] Thread (CPUThread)[0x00038028]sys_fs warning: cellFsClose(fd=5)
HLE: W PPU[1] Thread (CPUThread)[0x00038010]cellPngDec warning: cellPngDecDestroy(mainHandle=0x0)
HLE: W PPU[1] Thread (CPUThread)[0x00038010]cellPngDec warning: cellPngDecDestroy(mainHandle=0x0): bad handle
HLE: W PPU[1] Thread (CPUThread)[0x00038004]cellPngDec warning: cellPngDecCreate(mainHandle=0xd0010460, threadInParam=0xd0010488, threadOutParam=0xd0010468)
HLE: W PPU[1] Thread (CPUThread)[0x0003801c]cellPngDec warning: cellPngDecOpen(mainHandle=0x0, subHandle=0xd0010464, src_addr=0xd00104e0, openInfo=0xd001046c)
HLE: W PPU[1] Thread (CPUThread)[0x0003801c]"/dev_hdd0/game/BOMB00000/USRDIR/USRDIR/menu_b1O.png" opened: fd = 7
HLE: W PPU[1] Thread (CPUThread)[0x00038034]cellPngDec warning: cellPngDecReadHeader(mainHandle=0x0, subHandle=0x8, info_addr=0xd00104c0)
HLE: W PPU[1] Thread (CPUThread)[0x00038028]cellPngDec warning: cellPngDecClose(mainHandle=0x0,subHandle=0x8)
HLE: W PPU[1] Thread (CPUThread)[0x00038028]sys_fs warning: cellFsClose(fd=7)
HLE: W PPU[1] Thread (CPUThread)[0x00038010]cellPngDec warning: cellPngDecDestroy(mainHandle=0x0)
HLE: W PPU[1] Thread (CPUThread)[0x00038010]cellPngDec warning: cellPngDecDestroy(mainHandle=0x0): bad handle
HLE: W PPU[1] Thread (CPUThread)[0x00038004]cellPngDec warning: cellPngDecCreate(mainHandle=0xd0010460, threadInParam=0xd0010488, threadOutParam=0xd0010468)
HLE: W PPU[1] Thread (CPUThread)[0x0003801c]cellPngDec warning: cellPngDecOpen(mainHandle=0x0, subHandle=0xd0010464, src_addr=0xd00104e0, openInfo=0xd001046c)
HLE: W PPU[1] Thread (CPUThread)[0x0003801c]"/dev_hdd0/game/BOMB00000/USRDIR/USRDIR/network.png" opened: fd = 9
HLE: W PPU[1] Thread (CPUThread)[0x00038034]cellPngDec warning: cellPngDecReadHeader(mainHandle=0x0, subHandle=0xa, info_addr=0xd00104c0)
HLE: W PPU[1] Thread (CPUThread)[0x00038028]cellPngDec warning: cellPngDecClose(mainHandle=0x0,subHandle=0xa)
HLE: W PPU[1] Thread (CPUThread)[0x00038028]sys_fs warning: cellFsClose(fd=9)
HLE: W PPU[1] Thread (CPUThread)[0x00038010]cellPngDec warning: cellPngDecDestroy(mainHandle=0x0)
HLE: W PPU[1] Thread (CPUThread)[0x00038010]cellPngDec warning: cellPngDecDestroy(mainHandle=0x0): bad handle
HLE: W PPU[1] Thread (CPUThread)[0x00038004]cellPngDec warning: cellPngDecCreate(mainHandle=0xd0010460, threadInParam=0xd0010488, threadOutParam=0xd0010468)
HLE: W PPU[1] Thread (CPUThread)[0x0003801c]cellPngDec warning: cellPngDecOpen(mainHandle=0x0, subHandle=0xd0010464, src_addr=0xd00104e0, openInfo=0xd001046c)
HLE: W PPU[1] Thread (CPUThread)[0x0003801c]"/dev_hdd0/game/BOMB00000/USRDIR/USRDIR/networkO.png" opened: fd = 11
HLE: W PPU[1] Thread (CPUThread)[0x00038034]cellPngDec warning: cellPngDecReadHeader(mainHandle=0x0, subHandle=0xc, info_addr=0xd00104c0)
HLE: W PPU[1] Thread (CPUThread)[0x00038028]cellPngDec warning: cellPngDecClose(mainHandle=0x0,subHandle=0xc)
HLE: W PPU[1] Thread (CPUThread)[0x00038028]sys_fs warning: cellFsClose(fd=11)
HLE: W PPU[1] Thread (CPUThread)[0x00038010]cellPngDec warning: cellPngDecDestroy(mainHandle=0x0)
HLE: W PPU[1] Thread (CPUThread)[0x00038010]cellPngDec warning: cellPngDecDestroy(mainHandle=0x0): bad handle
HLE: W PPU[1] Thread (CPUThread)[0x00038004]cellPngDec warning: cellPngDecCreate(mainHandle=0xd0010460, threadInParam=0xd0010488, threadOutParam=0xd0010468)
HLE: W PPU[1] Thread (CPUThread)[0x0003801c]cellPngDec warning: cellPngDecOpen(mainHandle=0x0, subHandle=0xd0010464, src_addr=0xd00104e0, openInfo=0xd001046c)
HLE: W PPU[1] Thread (CPUThread)[0x0003801c]"/dev_hdd0/game/BOMB00000/USRDIR/USRDIR/exitgame.png" opened: fd = 13
HLE: W PPU[1] Thread (CPUThread)[0x00038034]cellPngDec warning: cellPngDecReadHeader(mainHandle=0x0, subHandle=0xe, info_addr=0xd00104c0)
HLE: W PPU[1] Thread (CPUThread)[0x00038028]cellPngDec warning: cellPngDecClose(mainHandle=0x0,subHandle=0xe)
HLE: W PPU[1] Thread (CPUThread)[0x00038028]sys_fs warning: cellFsClose(fd=13)
HLE: W PPU[1] Thread (CPUThread)[0x00038010]cellPngDec warning: cellPngDecDestroy(mainHandle=0x0)
HLE: W PPU[1] Thread (CPUThread)[0x00038010]cellPngDec warning: cellPngDecDestroy(mainHandle=0x0): bad handle
HLE: W PPU[1] Thread (CPUThread)[0x00038004]cellPngDec warning: cellPngDecCreate(mainHandle=0xd0010460, threadInParam=0xd0010488, threadOutParam=0xd0010468)
HLE: W PPU[1] Thread (CPUThread)[0x0003801c]cellPngDec warning: cellPngDecOpen(mainHandle=0x0, subHandle=0xd0010464, src_addr=0xd00104e0, openInfo=0xd001046c)
HLE: W PPU[1] Thread (CPUThread)[0x0003801c]"/dev_hdd0/game/BOMB00000/USRDIR/USRDIR/exitgameO.png" opened: fd = 15
HLE: W PPU[1] Thread (CPUThread)[0x00038034]cellPngDec warning: cellPngDecReadHeader(mainHandle=0x0, subHandle=0x10, info_addr=0xd00104c0)
HLE: W PPU[1] Thread (CPUThread)[0x00038028]cellPngDec warning: cellPngDecClose(mainHandle=0x0,subHandle=0x10)
HLE: W PPU[1] Thread (CPUThread)[0x00038028]sys_fs warning: cellFsClose(fd=15)
HLE: W PPU[1] Thread (CPUThread)[0x00038010]cellPngDec warning: cellPngDecDestroy(mainHandle=0x0)
HLE: W PPU[1] Thread (CPUThread)[0x00038010]cellPngDec warning: cellPngDecDestroy(mainHandle=0x0): bad handle
HLE: W PPU[1] Thread (CPUThread)[0x00038004]cellPngDec warning: cellPngDecCreate(mainHandle=0xd0010460, threadInParam=0xd0010488, threadOutParam=0xd0010468)
HLE: W PPU[1] Thread (CPUThread)[0x0003801c]cellPngDec warning: cellPngDecOpen(mainHandle=0x0, subHandle=0xd0010464, src_addr=0xd00104e0, openInfo=0xd001046c)
HLE: W PPU[1] Thread (CPUThread)[0x0003801c]"/dev_hdd0/game/BOMB00000/USRDIR/USRDIR/gamescreen.png" opened: fd = 17
HLE: W PPU[1] Thread (CPUThread)[0x00038034]cellPngDec warning: cellPngDecReadHeader(mainHandle=0x0, subHandle=0x12, info_addr=0xd00104c0)
HLE: W PPU[1] Thread (CPUThread)[0x00038028]cellPngDec warning: cellPngDecClose(mainHandle=0x0,subHandle=0x12)
HLE: W PPU[1] Thread (CPUThread)[0x00038028]sys_fs warning: cellFsClose(fd=17)
HLE: W PPU[1] Thread (CPUThread)[0x00038010]cellPngDec warning: cellPngDecDestroy(mainHandle=0x0)
HLE: W PPU[1] Thread (CPUThread)[0x00038010]cellPngDec warning: cellPngDecDestroy(mainHandle=0x0): bad handle
HLE: W PPU[1] Thread (CPUThread)[0x00038004]cellPngDec warning: cellPngDecCreate(mainHandle=0xd0010460, threadInParam=0xd0010488, threadOutParam=0xd0010468)
HLE: W PPU[1] Thread (CPUThread)[0x0003801c]cellPngDec warning: cellPngDecOpen(mainHandle=0x0, subHandle=0xd0010464, src_addr=0xd00104e0, openInfo=0xd001046c)
HLE: W PPU[1] Thread (CPUThread)[0x0003801c]"/dev_hdd0/game/BOMB00000/USRDIR/USRDIR/backlay.png" opened: fd = 19
HLE: W PPU[1] Thread (CPUThread)[0x00038034]cellPngDec warning: cellPngDecReadHeader(mainHandle=0x0, subHandle=0x14, info_addr=0xd00104c0)
HLE: W PPU[1] Thread (CPUThread)[0x00038028]cellPngDec warning: cellPngDecClose(mainHandle=0x0,subHandle=0x14)
HLE: W PPU[1] Thread (CPUThread)[0x00038028]sys_fs warning: cellFsClose(fd=19)
HLE: W PPU[1] Thread (CPUThread)[0x00038010]cellPngDec warning: cellPngDecDestroy(mainHandle=0x0)
HLE: W PPU[1] Thread (CPUThread)[0x00038010]cellPngDec warning: cellPngDecDestroy(mainHandle=0x0): bad handle
HLE: W PPU[1] Thread (CPUThread)[0x00038004]cellPngDec warning: cellPngDecCreate(mainHandle=0xd0010460, threadInParam=0xd0010488, threadOutParam=0xd0010468)
HLE: W PPU[1] Thread (CPUThread)[0x0003801c]cellPngDec warning: cellPngDecOpen(mainHandle=0x0, subHandle=0xd0010464, src_addr=0xd00104e0, openInfo=0xd001046c)
HLE: W PPU[1] Thread (CPUThread)[0x0003801c]"/dev_hdd0/game/BOMB00000/USRDIR/USRDIR/PLAYER/RED/bomberman.png" opened: fd = 21
HLE: W PPU[1] Thread (CPUThread)[0x00038034]cellPngDec warning: cellPngDecReadHeader(mainHandle=0x0, subHandle=0x16, info_addr=0xd00104c0)
HLE: W PPU[1] Thread (CPUThread)[0x00038028]cellPngDec warning: cellPngDecClose(mainHandle=0x0,subHandle=0x16)
HLE: W PPU[1] Thread (CPUThread)[0x00038028]sys_fs warning: cellFsClose(fd=21)
HLE: W PPU[1] Thread (CPUThread)[0x00038010]cellPngDec warning: cellPngDecDestroy(mainHandle=0x0)
HLE: W PPU[1] Thread (CPUThread)[0x00038010]cellPngDec warning: cellPngDecDestroy(mainHandle=0x0): bad handle
HLE: W PPU[1] Thread (CPUThread)[0x00038004]cellPngDec warning: cellPngDecCreate(mainHandle=0xd0010460, threadInParam=0xd0010488, threadOutParam=0xd0010468)
HLE: W PPU[1] Thread (CPUThread)[0x0003801c]cellPngDec warning: cellPngDecOpen(mainHandle=0x0, subHandle=0xd0010464, src_addr=0xd00104e0, openInfo=0xd001046c)
HLE: E PPU[1] Thread (CPUThread)[0x0003801c]sys_fs error: "/dev_hdd0/game/BOMB00000/USRDIR/USRDIR/PLAYER/YELLOW/bomberman.png" not found! flags: 0x00000000
HLE: W PPU[1] Thread (CPUThread)[0x00038010]cellPngDec warning: cellPngDecDestroy(mainHandle=0x0)
HLE: W PPU[1] Thread (CPUThread)[0x00038010]cellPngDec warning: cellPngDecDestroy(mainHandle=0x0): bad handle
HLE: W PPU[1] Thread (CPUThread)[0x00038004]cellPngDec warning: cellPngDecCreate(mainHandle=0xd0010460, threadInParam=0xd0010488, threadOutParam=0xd0010468)
HLE: W PPU[1] Thread (CPUThread)[0x0003801c]cellPngDec warning: cellPngDecOpen(mainHandle=0x0, subHandle=0xd0010464, src_addr=0xd00104e0, openInfo=0xd001046c)
HLE: W PPU[1] Thread (CPUThread)[0x0003801c]"/dev_hdd0/game/BOMB00000/USRDIR/USRDIR/PLAYER/BLUE/bomberman.png" opened: fd = 23
HLE: W PPU[1] Thread (CPUThread)[0x00038034]cellPngDec warning: cellPngDecReadHeader(mainHandle=0x0, subHandle=0x18, info_addr=0xd00104c0)
HLE: W PPU[1] Thread (CPUThread)[0x00038028]cellPngDec warning: cellPngDecClose(mainHandle=0x0,subHandle=0x18)
HLE: W PPU[1] Thread (CPUThread)[0x00038028]sys_fs warning: cellFsClose(fd=23)
HLE: W PPU[1] Thread (CPUThread)[0x00038010]cellPngDec warning: cellPngDecDestroy(mainHandle=0x0)
HLE: W PPU[1] Thread (CPUThread)[0x00038010]cellPngDec warning: cellPngDecDestroy(mainHandle=0x0): bad handle
HLE: W PPU[1] Thread (CPUThread)[0x00038004]cellPngDec warning: cellPngDecCreate(mainHandle=0xd0010460, threadInParam=0xd0010488, threadOutParam=0xd0010468)
HLE: W PPU[1] Thread (CPUThread)[0x0003801c]cellPngDec warning: cellPngDecOpen(mainHandle=0x0, subHandle=0xd0010464, src_addr=0xd00104e0, openInfo=0xd001046c)
HLE: W PPU[1] Thread (CPUThread)[0x0003801c]"/dev_hdd0/game/BOMB00000/USRDIR/USRDIR/PLAYER/GREEN/bomberman.png" opened: fd = 25
HLE: W PPU[1] Thread (CPUThread)[0x00038034]cellPngDec warning: cellPngDecReadHeader(mainHandle=0x0, subHandle=0x1a, info_addr=0xd00104c0)
HLE: W PPU[1] Thread (CPUThread)[0x00038028]cellPngDec warning: cellPngDecClose(mainHandle=0x0,subHandle=0x1a)
HLE: W PPU[1] Thread (CPUThread)[0x00038028]sys_fs warning: cellFsClose(fd=25)
HLE: W PPU[1] Thread (CPUThread)[0x00038010]cellPngDec warning: cellPngDecDestroy(mainHandle=0x0)
HLE: W PPU[1] Thread (CPUThread)[0x00038010]cellPngDec warning: cellPngDecDestroy(mainHandle=0x0): bad handle
HLE: W PPU[1] Thread (CPUThread)[0x00038004]cellPngDec warning: cellPngDecCreate(mainHandle=0xd0010460, threadInParam=0xd0010488, threadOutParam=0xd0010468)
HLE: W PPU[1] Thread (CPUThread)[0x0003801c]cellPngDec warning: cellPngDecOpen(mainHandle=0x0, subHandle=0xd0010464, src_addr=0xd00104e0, openInfo=0xd001046c)
HLE: W PPU[1] Thread (CPUThread)[0x0003801c]"/dev_hdd0/game/BOMB00000/USRDIR/USRDIR/bomb.png" opened: fd = 27
HLE: W PPU[1] Thread (CPUThread)[0x00038034]cellPngDec warning: cellPngDecReadHeader(mainHandle=0x0, subHandle=0x1c, info_addr=0xd00104c0)
HLE: W PPU[1] Thread (CPUThread)[0x00038028]cellPngDec warning: cellPngDecClose(mainHandle=0x0,subHandle=0x1c)
HLE: W PPU[1] Thread (CPUThread)[0x00038028]sys_fs warning: cellFsClose(fd=27)
HLE: W PPU[1] Thread (CPUThread)[0x00038010]cellPngDec warning: cellPngDecDestroy(mainHandle=0x0)
HLE: W PPU[1] Thread (CPUThread)[0x00038010]cellPngDec warning: cellPngDecDestroy(mainHandle=0x0): bad handle
HLE: W PPU[1] Thread (CPUThread)[0x00038004]cellPngDec warning: cellPngDecCreate(mainHandle=0xd0010460, threadInParam=0xd0010488, threadOutParam=0xd0010468)
HLE: W PPU[1] Thread (CPUThread)[0x0003801c]cellPngDec warning: cellPngDecOpen(mainHandle=0x0, subHandle=0xd0010464, src_addr=0xd00104e0, openInfo=0xd001046c)
HLE: W PPU[1] Thread (CPUThread)[0x0003801c]"/dev_hdd0/game/BOMB00000/USRDIR/USRDIR/startscreen_resumegame.png" opened: fd = 29
HLE: W PPU[1] Thread (CPUThread)[0x00038034]cellPngDec warning: cellPngDecReadHeader(mainHandle=0x0, subHandle=0x1e, info_addr=0xd00104c0)
HLE: W PPU[1] Thread (CPUThread)[0x00038028]cellPngDec warning: cellPngDecClose(mainHandle=0x0,subHandle=0x1e)
HLE: W PPU[1] Thread (CPUThread)[0x00038028]sys_fs warning: cellFsClose(fd=29)
HLE: W PPU[1] Thread (CPUThread)[0x00038010]cellPngDec warning: cellPngDecDestroy(mainHandle=0x0)
HLE: W PPU[1] Thread (CPUThread)[0x00038010]cellPngDec warning: cellPngDecDestroy(mainHandle=0x0): bad handle
HLE: W PPU[1] Thread (CPUThread)[0x00038004]cellPngDec warning: cellPngDecCreate(mainHandle=0xd0010460, threadInParam=0xd0010488, threadOutParam=0xd0010468)
HLE: W PPU[1] Thread (CPUThread)[0x0003801c]cellPngDec warning: cellPngDecOpen(mainHandle=0x0, subHandle=0xd0010464, src_addr=0xd00104e0, openInfo=0xd001046c)
HLE: W PPU[1] Thread (CPUThread)[0x0003801c]"/dev_hdd0/game/BOMB00000/USRDIR/USRDIR/startscreen_resumegameO.png" opened: fd = 31
HLE: W PPU[1] Thread (CPUThread)[0x00038034]cellPngDec warning: cellPngDecReadHeader(mainHandle=0x0, subHandle=0x20, info_addr=0xd00104c0)
HLE: W PPU[1] Thread (CPUThread)[0x00038028]cellPngDec warning: cellPngDecClose(mainHandle=0x0,subHandle=0x20)
HLE: W PPU[1] Thread (CPUThread)[0x00038028]sys_fs warning: cellFsClose(fd=31)
HLE: W PPU[1] Thread (CPUThread)[0x00038010]cellPngDec warning: cellPngDecDestroy(mainHandle=0x0)
HLE: W PPU[1] Thread (CPUThread)[0x00038010]cellPngDec warning: cellPngDecDestroy(mainHandle=0x0): bad handle
HLE: W PPU[1] Thread (CPUThread)[0x00038004]cellPngDec warning: cellPngDecCreate(mainHandle=0xd0010460, threadInParam=0xd0010488, threadOutParam=0xd0010468)
HLE: W PPU[1] Thread (CPUThread)[0x0003801c]cellPngDec warning: cellPngDecOpen(mainHandle=0x0, subHandle=0xd0010464, src_addr=0xd00104e0, openInfo=0xd001046c)
HLE: W PPU[1] Thread (CPUThread)[0x0003801c]"/dev_hdd0/game/BOMB00000/USRDIR/USRDIR/startscreen_mainmenu.png" opened: fd = 33
HLE: W PPU[1] Thread (CPUThread)[0x00038034]cellPngDec warning: cellPngDecReadHeader(mainHandle=0x0, subHandle=0x22, info_addr=0xd00104c0)
HLE: W PPU[1] Thread (CPUThread)[0x00038028]cellPngDec warning: cellPngDecClose(mainHandle=0x0,subHandle=0x22)
HLE: W PPU[1] Thread (CPUThread)[0x00038028]sys_fs warning: cellFsClose(fd=33)
HLE: W PPU[1] Thread (CPUThread)[0x00038010]cellPngDec warning: cellPngDecDestroy(mainHandle=0x0)
HLE: W PPU[1] Thread (CPUThread)[0x00038010]cellPngDec warning: cellPngDecDestroy(mainHandle=0x0): bad handle
HLE: W PPU[1] Thread (CPUThread)[0x00038004]cellPngDec warning: cellPngDecCreate(mainHandle=0xd0010460, threadInParam=0xd0010488, threadOutParam=0xd0010468)
HLE: W PPU[1] Thread (CPUThread)[0x0003801c]cellPngDec warning: cellPngDecOpen(mainHandle=0x0, subHandle=0xd0010464, src_addr=0xd00104e0, openInfo=0xd001046c)
HLE: W PPU[1] Thread (CPUThread)[0x0003801c]"/dev_hdd0/game/BOMB00000/USRDIR/USRDIR/startscreen_mainmenuO.png" opened: fd = 35
HLE: W PPU[1] Thread (CPUThread)[0x00038034]cellPngDec warning: cellPngDecReadHeader(mainHandle=0x0, subHandle=0x24, info_addr=0xd00104c0)
HLE: W PPU[1] Thread (CPUThread)[0x00038028]cellPngDec warning: cellPngDecClose(mainHandle=0x0,subHandle=0x24)
HLE: W PPU[1] Thread (CPUThread)[0x00038028]sys_fs warning: cellFsClose(fd=35)
HLE: W PPU[1] Thread (CPUThread)[0x00038010]cellPngDec warning: cellPngDecDestroy(mainHandle=0x0)
HLE: W PPU[1] Thread (CPUThread)[0x00038010]cellPngDec warning: cellPngDecDestroy(mainHandle=0x0): bad handle
HLE: W PPU[1] Thread (CPUThread)[0x00038004]cellPngDec warning: cellPngDecCreate(mainHandle=0xd0010460, threadInParam=0xd0010488, threadOutParam=0xd0010468)
HLE: W PPU[1] Thread (CPUThread)[0x0003801c]cellPngDec warning: cellPngDecOpen(mainHandle=0x0, subHandle=0xd0010464, src_addr=0xd00104e0, openInfo=0xd001046c)
HLE: W PPU[1] Thread (CPUThread)[0x0003801c]"/dev_hdd0/game/BOMB00000/USRDIR/USRDIR/startscreen_exitgame.png" opened: fd = 37
HLE: W PPU[1] Thread (CPUThread)[0x00038034]cellPngDec warning: cellPngDecReadHeader(mainHandle=0x0, subHandle=0x26, info_addr=0xd00104c0)
HLE: W PPU[1] Thread (CPUThread)[0x00038028]cellPngDec warning: cellPngDecClose(mainHandle=0x0,subHandle=0x26)
HLE: W PPU[1] Thread (CPUThread)[0x00038028]sys_fs warning: cellFsClose(fd=37)
HLE: W PPU[1] Thread (CPUThread)[0x00038010]cellPngDec warning: cellPngDecDestroy(mainHandle=0x0)
HLE: W PPU[1] Thread (CPUThread)[0x00038010]cellPngDec warning: cellPngDecDestroy(mainHandle=0x0): bad handle
HLE: W PPU[1] Thread (CPUThread)[0x00038004]cellPngDec warning: cellPngDecCreate(mainHandle=0xd0010460, threadInParam=0xd0010488, threadOutParam=0xd0010468)
HLE: W PPU[1] Thread (CPUThread)[0x0003801c]cellPngDec warning: cellPngDecOpen(mainHandle=0x0, subHandle=0xd0010464, src_addr=0xd00104e0, openInfo=0xd001046c)
HLE: W PPU[1] Thread (CPUThread)[0x0003801c]"/dev_hdd0/game/BOMB00000/USRDIR/USRDIR/startscreen_exitgameO.png" opened: fd = 39
HLE: W PPU[1] Thread (CPUThread)[0x00038034]cellPngDec warning: cellPngDecReadHeader(mainHandle=0x0, subHandle=0x28, info_addr=0xd00104c0)
HLE: W PPU[1] Thread (CPUThread)[0x00038028]cellPngDec warning: cellPngDecClose(mainHandle=0x0,subHandle=0x28)
HLE: W PPU[1] Thread (CPUThread)[0x00038028]sys_fs warning: cellFsClose(fd=39)
HLE: W PPU[1] Thread (CPUThread)[0x00038010]cellPngDec warning: cellPngDecDestroy(mainHandle=0x0)
HLE: W PPU[1] Thread (CPUThread)[0x00038010]cellPngDec warning: cellPngDecDestroy(mainHandle=0x0): bad handle
HLE: W PPU[1] Thread (CPUThread)[0x00038004]cellPngDec warning: cellPngDecCreate(mainHandle=0xd0010460, threadInParam=0xd0010488, threadOutParam=0xd0010468)
HLE: W PPU[1] Thread (CPUThread)[0x0003801c]cellPngDec warning: cellPngDecOpen(mainHandle=0x0, subHandle=0xd0010464, src_addr=0xd00104e0, openInfo=0xd001046c)
HLE: W PPU[1] Thread (CPUThread)[0x0003801c]"/dev_hdd0/game/BOMB00000/USRDIR/USRDIR/heart.png" opened: fd = 41
HLE: W PPU[1] Thread (CPUThread)[0x00038034]cellPngDec warning: cellPngDecReadHeader(mainHandle=0x0, subHandle=0x2a, info_addr=0xd00104c0)
HLE: W PPU[1] Thread (CPUThread)[0x00038028]cellPngDec warning: cellPngDecClose(mainHandle=0x0,subHandle=0x2a)
HLE: W PPU[1] Thread (CPUThread)[0x00038028]sys_fs warning: cellFsClose(fd=41)
HLE: W PPU[1] Thread (CPUThread)[0x00038010]cellPngDec warning: cellPngDecDestroy(mainHandle=0x0)
HLE: W PPU[1] Thread (CPUThread)[0x00038010]cellPngDec warning: cellPngDecDestroy(mainHandle=0x0): bad handle
HLE: W PPU[1] Thread (CPUThread)[0x00038004]cellPngDec warning: cellPngDecCreate(mainHandle=0xd0010460, threadInParam=0xd0010488, threadOutParam=0xd0010468)
HLE: W PPU[1] Thread (CPUThread)[0x0003801c]cellPngDec warning: cellPngDecOpen(mainHandle=0x0, subHandle=0xd0010464, src_addr=0xd00104e0, openInfo=0xd001046c)
HLE: W PPU[1] Thread (CPUThread)[0x0003801c]"/dev_hdd0/game/BOMB00000/USRDIR/USRDIR/heartx.png" opened: fd = 43
HLE: W PPU[1] Thread (CPUThread)[0x00038034]cellPngDec warning: cellPngDecReadHeader(mainHandle=0x0, subHandle=0x2c, info_addr=0xd00104c0)
HLE: W PPU[1] Thread (CPUThread)[0x00038028]cellPngDec warning: cellPngDecClose(mainHandle=0x0,subHandle=0x2c)
HLE: W PPU[1] Thread (CPUThread)[0x00038028]sys_fs warning: cellFsClose(fd=43)
HLE: W PPU[1] Thread (CPUThread)[0x00038010]cellPngDec warning: cellPngDecDestroy(mainHandle=0x0)
HLE: W PPU[1] Thread (CPUThread)[0x00038010]cellPngDec warning: cellPngDecDestroy(mainHandle=0x0): bad handle
HLE: W PPU[1] Thread (CPUThread)[0x00038004]cellPngDec warning: cellPngDecCreate(mainHandle=0xd0010460, threadInParam=0xd0010488, threadOutParam=0xd0010468)
HLE: W PPU[1] Thread (CPUThread)[0x0003801c]cellPngDec warning: cellPngDecOpen(mainHandle=0x0, subHandle=0xd0010464, src_addr=0xd00104e0, openInfo=0xd001046c)
HLE: W PPU[1] Thread (CPUThread)[0x0003801c]"/dev_hdd0/game/BOMB00000/USRDIR/USRDIR/gameover.png" opened: fd = 45
HLE: W PPU[1] Thread (CPUThread)[0x00038034]cellPngDec warning: cellPngDecReadHeader(mainHandle=0x0, subHandle=0x2e, info_addr=0xd00104c0)
HLE: W PPU[1] Thread (CPUThread)[0x00038028]cellPngDec warning: cellPngDecClose(mainHandle=0x0,subHandle=0x2e)
HLE: W PPU[1] Thread (CPUThread)[0x00038028]sys_fs warning: cellFsClose(fd=45)
HLE: W PPU[1] Thread (CPUThread)[0x00038010]cellPngDec warning: cellPngDecDestroy(mainHandle=0x0)
HLE: W PPU[1] Thread (CPUThread)[0x00038010]cellPngDec warning: cellPngDecDestroy(mainHandle=0x0): bad handle
