HLE: ! path: /dev_hdd0/game/
LDR: ! Loading 'D:\Emulateurs\Rpcs3\dev_hdd0\game\BROWSER01/USRDIR/BOOT.BIN'...
LDR: !  
LDR: ! Mount info:
LDR: ! /dev_hdd0/ -> D:\Emulateurs\Rpcs3/dev_hdd0/
LDR: ! /dev_hdd1/ -> D:\Emulateurs\Rpcs3/dev_hdd1/
LDR: ! /dev_flash/ -> D:\Emulateurs\Rpcs3/dev_flash/
LDR: ! /dev_usb000/ -> D:\Emulateurs\Rpcs3/dev_usb000/
LDR: ! /dev_usb/ -> D:\Emulateurs\Rpcs3/dev_usb000/
LDR: ! /app_home/ -> D:\Emulateurs\Rpcs3\dev_hdd0\game\BROWSER01/
LDR: ! /dev_bdvd/ -> D:\Emulateurs\Rpcs3\dev_hdd0\game\BROWSER01//../
LDR: ! /host_root/ -> 
LDR: ! / -> D:\Emulateurs\Rpcs3\dev_hdd0\game\BROWSER01//USRDIR/
LDR: ! /app_home/PS3_GAME/USRDIR/ -> D:\Emulateurs\Rpcs3\dev_hdd0\game\BROWSER01//USRDIR/
LDR: ! /dev_flash2/ -> D:\Emulateurs\Rpcs3/dev_flash2/
LDR: ! /app_home/Game/PS3_GAME/USRDIR/ -> D:\Emulateurs\Rpcs3\dev_hdd0\game\BROWSER01//USRDIR/
LDR: !  
MEM: ! Initing memory: m_base_addr = 0x949b230000
MEM: ! Memory initialized.
LDR: W Unimplemented function 'cellVideoOutDebugSetMonitorType' in 'cellSysutil' module
LDR: W Unimplemented function 'cellVideoOutRegisterCallback' in 'cellSysutil' module
LDR: W Unimplemented function 'cellVideoOutUnregisterCallback' in 'cellSysutil' module
LDR: W Unimplemented function 'cellVideoOutGetConvertCursorColorInfo' in 'cellSysutil' module
LDR: W Unimplemented function 'cellMsgDialogOpen' in 'cellSysutil' module
LDR: W Unimplemented function 'cellOskDialogGetInputText' in 'cellSysutil' module
LDR: W Unimplemented function 'cellOskDialogSetInitialInputDevice' in 'cellSysutil' module
LDR: W Unimplemented function 'cellOskDialogGetSize' in 'cellSysutil' module
LDR: W Unimplemented function 'cellOskDialogUnloadAsync' in 'cellSysutil' module
LDR: W Unimplemented function 'cellOskDialogDisableDimmer' in 'cellSysutil' module
LDR: W Unimplemented function 'cellOskDialogSetKeyLayoutOption' in 'cellSysutil' module
LDR: W Unimplemented function 'cellOskDialogAbort' in 'cellSysutil' module
LDR: W Unimplemented function 'cellOskDialogSetDeviceMask' in 'cellSysutil' module
LDR: W Unimplemented function 'cellOskDialogSetSeparateWindowOption' in 'cellSysutil' module
LDR: W Unimplemented function 'cellOskDialogAddSupportLanguage' in 'cellSysutil' module
LDR: W Unimplemented function 'cellOskDialogLoadAsync' in 'cellSysutil' module
LDR: W Unimplemented function 'cellOskDialogSetInitialKeyLayout' in 'cellSysutil' module
LDR: W Unimplemented function 'cellOskDialogSetLayoutMode' in 'cellSysutil' module
LDR: W Unimplemented function 'cellSaveDataListAutoLoad' in 'cellSysutil' module
LDR: W Unimplemented function 'cellSaveDataListAutoSave' in 'cellSysutil' module
LDR: W Unimplemented function 'cellSaveDataDelete2' in 'cellSysutil' module
LDR: W Unimplemented function 'cellGameDataCheck' in 'cellSysutil' module
LDR: W Unimplemented function 'cellGameBootCheck' in 'cellSysutil' module
LDR: W Unimplemented function 'cellGamePatchCheck' in 'cellSysutil' module
LDR: W Unimplemented function 'cellGameCreateGameData' in 'cellSysutil' module
LDR: W Unimplemented function 'cellGameGetParamInt' in 'cellSysutil' module
LDR: W Unimplemented function 'cellGameGetParamString' in 'cellSysutil' module
LDR: W Unimplemented function 'cellGameGetSizeKB' in 'cellSysutil' module
LDR: W Unimplemented function 'cellGameSetParamString' in 'cellSysutil' module
LDR: W Unimplemented function 'cellGameGetDiscContentInfoUpdatePath' in 'cellSysutil' module
LDR: W Unimplemented function 'cellGameContentPermit' in 'cellSysutil' module
LDR: W Unimplemented function 'cellGameContentErrorDialog' in 'cellSysutil' module
LDR: W Unimplemented function 'cellGameThemeInstall' in 'cellSysutil' module
LDR: W Unimplemented function 'cellGameThemeInstallFromBuffer' in 'cellSysutil' module
LDR: W Unimplemented function 'cellGameGetLocalWebContentPath' in 'cellSysutil' module
LDR: W Unimplemented function 'cellGameDeleteGameData' in 'cellSysutil' module
LDR: W Unimplemented function 'cellGameRegisterDiscChangeCallback' in 'cellSysutil' module
LDR: W Unimplemented function 'cellGameUnregisterDiscChangeCallback' in 'cellSysutil' module
LDR: W Unimplemented function 'cellDiscGameRegisterDiscChangeCallback' in 'cellSysutil' module
LDR: W Unimplemented function 'cellDiscGameUnregisterDiscChangeCallback' in 'cellSysutil' module
LDR: W Unimplemented function 'sceNpTrophyInit' in 'cellSysutil' module
LDR: W Unimplemented function 'sceNpTrophyAbortHandle' in 'cellSysutil' module
LDR: W Unimplemented function 'sceNpTrophyCreateContext' in 'cellSysutil' module
LDR: W Unimplemented function 'sceNpTrophyCreateHandle' in 'cellSysutil' module
LDR: W Unimplemented function 'sceNpTrophyDestroyContext' in 'cellSysutil' module
LDR: W Unimplemented function 'sceNpTrophyDestroyHandle' in 'cellSysutil' module
LDR: W Unimplemented function 'sceNpTrophyGetGameIcon' in 'cellSysutil' module
LDR: W Unimplemented function 'sceNpTrophyGetGameInfo' in 'cellSysutil' module
LDR: W Unimplemented function 'sceNpTrophyGetGameProgress' in 'cellSysutil' module
LDR: W Unimplemented function 'sceNpTrophyGetRequiredDiskSpace' in 'cellSysutil' module
LDR: W Unimplemented function 'sceNpTrophyGetTrophyIcon' in 'cellSysutil' module
LDR: W Unimplemented function 'sceNpTrophyGetTrophyInfo' in 'cellSysutil' module
LDR: W Unimplemented function 'sceNpTrophyGetTrophyUnlockState' in 'cellSysutil' module
LDR: W Unimplemented function 'sceNpTrophyRegisterContext' in 'cellSysutil' module
LDR: W Unimplemented function 'sceNpTrophySetSoundLevel' in 'cellSysutil' module
LDR: W Unimplemented function 'sceNpTrophyTerm' in 'cellSysutil' module
LDR: W Unimplemented function 'sceNpTrophyUnlockTrophy' in 'cellSysutil' module
LDR: W Unimplemented function 'sys_game_get_system_sw_version' in 'sysPrxForUser' module
LDR: W Unimplemented function 'sys_game_get_temperature' in 'sysPrxForUser' module
LDR: W Unimplemented function 'sys_get_random_number' in 'sysPrxForUser' module
LDR: W Unimplemented function 'sys_game_get_rtc_status' in 'sysPrxForUser' module
LDR: W Unimplemented function 'sys_game_board_storage_read' in 'sysPrxForUser' module
LDR: W Unimplemented function 'sys_game_board_storage_write' in 'sysPrxForUser' module
LDR: W Unimplemented function 'sys_prx_load_module_by_fd' in 'sysPrxForUser' module
LDR: W Unimplemented function 'sys_prx_load_module_list' in 'sysPrxForUser' module
LDR: W Unimplemented function 'sys_prx_load_module_list_on_memcontainer' in 'sysPrxForUser' module
LDR: W Unimplemented function 'sys_prx_load_module_on_memcontainer_by_fd' in 'sysPrxForUser' module
LDR: W Unimplemented function 'sys_prx_get_my_module_id' in 'sysPrxForUser' module
LDR: W Unimplemented function 'sys_prx_get_module_id_by_address' in 'sysPrxForUser' module
LDR: W Unimplemented function 'sys_prx_exitspawn_with_level' in 'sysPrxForUser' module
LDR: W Unimplemented function 'sys_ppu_thread_register_atexit' in 'sysPrxForUser' module
LDR: W Unimplemented function 'sys_ppu_thread_unregister_atexit' in 'sysPrxForUser' module
LDR: W Unimplemented function 'sys_interrupt_thread_disestablish' in 'sysPrxForUser' module
LDR: W Unimplemented function 'sys_game_watchdog_clear' in 'sysPrxForUser' module
LDR: W Unimplemented function 'sys_game_watchdog_start' in 'sysPrxForUser' module
LDR: W Unimplemented function 'sys_game_watchdog_stop' in 'sysPrxForUser' module
LDR: W Unimplemented function '_sys_malloc' in 'sysPrxForUser' module
LDR: W Unimplemented function '_sys_memalign' in 'sysPrxForUser' module
LDR: W Unimplemented function '_sys_memchr' in 'sysPrxForUser' module
LDR: W Unimplemented function '_sys_memcmp' in 'sysPrxForUser' module
LDR: W Unimplemented function '_sys_memcpy' in 'sysPrxForUser' module
LDR: W Unimplemented function '_sys_memmove' in 'sysPrxForUser' module
LDR: W Unimplemented function '_sys_memset' in 'sysPrxForUser' module
LDR: W Unimplemented function '_sys_free' in 'sysPrxForUser' module
LDR: W Unimplemented function '_sys_heap_alloc_heap_memory' in 'sysPrxForUser' module
LDR: W Unimplemented function '_sys_heap_delete_heap' in 'sysPrxForUser' module
LDR: W Unimplemented function '_sys_heap_free' in 'sysPrxForUser' module
LDR: W Unimplemented function '_sys_heap_get_mallinfo' in 'sysPrxForUser' module
LDR: W Unimplemented function '_sys_heap_get_total_free_size' in 'sysPrxForUser' module
LDR: W Unimplemented function '_sys_heap_stats' in 'sysPrxForUser' module
LDR: W Unimplemented function '_sys_qsort' in 'sysPrxForUser' module
LDR: W Unimplemented function 'sys_mempool_create' in 'sysPrxForUser' module
LDR: W Unimplemented function 'sys_mempool_destroy' in 'sysPrxForUser' module
LDR: W Unimplemented function 'sys_mempool_get_count' in 'sysPrxForUser' module
LDR: W Unimplemented function 'sys_mempool_allocate_block' in 'sysPrxForUser' module
LDR: W Unimplemented function 'sys_mempool_try_allocate_block' in 'sysPrxForUser' module
LDR: W Unimplemented function 'sys_mempool_free_block' in 'sysPrxForUser' module
LDR: W Unimplemented function '_sys_strcpy' in 'sysPrxForUser' module
LDR: W Unimplemented function '_sys_strncpy' in 'sysPrxForUser' module
LDR: W Unimplemented function '_sys_strcat' in 'sysPrxForUser' module
LDR: W Unimplemented function '_sys_strncat' in 'sysPrxForUser' module
LDR: W Unimplemented function '_sys_strchr' in 'sysPrxForUser' module
LDR: W Unimplemented function '_sys_strrchr' in 'sysPrxForUser' module
LDR: W Unimplemented function '_sys_strcmp' in 'sysPrxForUser' module
LDR: W Unimplemented function '_sys_strncmp' in 'sysPrxForUser' module
LDR: W Unimplemented function '_sys_strncasecmp' in 'sysPrxForUser' module
LDR: W Unimplemented function '_sys_tolower' in 'sysPrxForUser' module
LDR: W Unimplemented function '_sys_toupper' in 'sysPrxForUser' module
LDR: W Unimplemented function '_sys_spu_printf_attach_group' in 'sysPrxForUser' module
LDR: W Unimplemented function '_sys_spu_printf_attach_thread' in 'sysPrxForUser' module
LDR: W Unimplemented function '_sys_spu_printf_detach_group' in 'sysPrxForUser' module
LDR: W Unimplemented function '_sys_spu_printf_detach_thread' in 'sysPrxForUser' module
LDR: W Unimplemented function '_sys_spu_printf_finalize' in 'sysPrxForUser' module
LDR: W Unimplemented function 'console_getc' in 'sysPrxForUser' module
LDR: W Unimplemented function 'console_putc' in 'sysPrxForUser' module
LDR: W Unimplemented function 'console_write' in 'sysPrxForUser' module
LDR: W Unimplemented function '_sys_printf' in 'sysPrxForUser' module
LDR: W Unimplemented function '_sys_sprintf' in 'sysPrxForUser' module
LDR: W Unimplemented function '_sys_snprintf' in 'sysPrxForUser' module
LDR: W Unimplemented function '_sys_vprintf' in 'sysPrxForUser' module
LDR: W Unimplemented function '_sys_vsprintf' in 'sysPrxForUser' module
LDR: W Unimplemented function '_sys_vsnprintf' in 'sysPrxForUser' module
HLE: W PPU[1] Thread (CPUThread)[0x000105f0]sys_mmapper warning: sys_mmapper_allocate_address(size=0x10000000, flags=0x40f, alignment=0x0, alloc_addr=0x10011108)
HLE: W PPU[1] Thread (CPUThread)[0x0002b1d8]sys_lwmutex warning: *** lwmutex created [] (attribute=0x12): sq_id = 3
HLE: W PPU[1] Thread (CPUThread)[0x0002919c]cellSysutil warning: cellSysutilUnregisterCallback(slot=0)
HLE: E PPU[1] Thread (CPUThread)[0x0002b07c]Process error: sys_game_process_exitspawn2 UNIMPLEMENTED
HLE: W PPU[1] Thread (CPUThread)[0x0002b07c]Process warning: path: /dev_hdd0/game/BROWSER01/USRDIR/WEB.SELF
HLE: W PPU[1] Thread (CPUThread)[0x0002b07c]Process warning: argv: 0x0
HLE: W PPU[1] Thread (CPUThread)[0x0002b07c]Process warning: envp: 0x0
HLE: W PPU[1] Thread (CPUThread)[0x0002b07c]Process warning: data: 0x0
HLE: W PPU[1] Thread (CPUThread)[0x0002b07c]Process warning: data_size: 0x0
HLE: W PPU[1] Thread (CPUThread)[0x0002b07c]Process warning: prio: 1001
HLE: W PPU[1] Thread (CPUThread)[0x0002b07c]Process warning: flags: 112
HLE: W PPU[1] Thread (CPUThread)[0x0002b1d8]sys_lwmutex warning: *** lwmutex created [] (attribute=0x12): sq_id = 4
HLE: W PPU[1] Thread (CPUThread)[0x0002b3e8]sys_mmapper warning: sys_mmapper_unmap_memory(start_addr=0x0, mem_id_addr=0xd0010af0)
HLE: W PPU[1] Thread (CPUThread)[0x0002b3d0]sys_mmapper warning: sys_mmapper_free_memory(mem_id=0x0)
HLE: W PPU[1] Thread (CPUThread)[0x000106f8]sys_mmapper warning: sys_mmapper_free_address(start_addr=0x0)
HLE: W PPU[1] Thread (CPUThread)[0x0002b064]Process warning: sys_process_exit(0)
HLE: S PPU[1] Thread (CPUThread)[0x0002b064]Process finished
HLE: ! All threads stopped...
MEM: ! Closing memory...
