HLE: ! path: /dev_hdd0/game/
LDR: ! Loading 'D:\Emulateurs\Rpcs3\dev_hdd0\game\DANCECLON/USRDIR/BOOT.BIN'...
LDR: !  
LDR: ! Mount info:
LDR: ! /dev_hdd0/ -> D:\Emulateurs\Rpcs3/dev_hdd0/
LDR: ! /dev_hdd1/ -> D:\Emulateurs\Rpcs3/dev_hdd1/
LDR: ! /dev_flash/ -> D:\Emulateurs\Rpcs3/dev_flash/
LDR: ! /dev_usb000/ -> D:\Emulateurs\Rpcs3/dev_usb000/
LDR: ! /dev_usb/ -> D:\Emulateurs\Rpcs3/dev_usb000/
LDR: ! /app_home/ -> D:\Emulateurs\Rpcs3\dev_hdd0\game\DANCECLON/
LDR: ! /dev_bdvd/ -> D:\Emulateurs\Rpcs3\dev_hdd0\game\DANCECLON//../
LDR: ! /host_root/ -> 
LDR: ! / -> D:\Emulateurs\Rpcs3\dev_hdd0\game\DANCECLON//USRDIR/
LDR: ! /app_home/PS3_GAME/USRDIR/ -> D:\Emulateurs\Rpcs3\dev_hdd0\game\DANCECLON//USRDIR/
LDR: ! /dev_flash2/ -> D:\Emulateurs\Rpcs3/dev_flash2/
LDR: ! /app_home/Game/PS3_GAME/USRDIR/ -> D:\Emulateurs\Rpcs3\dev_hdd0\game\DANCECLON//USRDIR/
LDR: !  
MEM: ! Initing memory: m_base_addr = 0x2b0afc0000
MEM: ! Memory initialized.
LDR: W Unimplemented function '_cellGcmFunc1' in 'cellGcmSys' module
LDR: W Unimplemented function '_cellGcmFunc12' in 'cellGcmSys' module
LDR: W Unimplemented function '_cellGcmFunc13' in 'cellGcmSys' module
LDR: W Unimplemented function '_cellGcmFunc2' in 'cellGcmSys' module
LDR: W Unimplemented function '_cellGcmFunc3' in 'cellGcmSys' module
LDR: W Unimplemented function '_cellGcmFunc38' in 'cellGcmSys' module
LDR: W Unimplemented function '_cellGcmFunc4' in 'cellGcmSys' module
LDR: W Unimplemented function 'cellGcmSetDefaultCommandBufferAndSegmentWordSize' in 'cellGcmSys' module
LDR: W Unimplemented function 'cellGcmSetUserCommand' in 'cellGcmSys' module
LDR: W Unimplemented function 'cellGcmSetWaitFlipUnsafe' in 'cellGcmSys' module
LDR: W Unimplemented function 'cellGcmSysGetLastVBlankTime' in 'cellGcmSys' module
LDR: W Unimplemented function 'cellGcmTerminate' in 'cellGcmSys' module
LDR: W Unimplemented function 'cellVideoOutDebugSetMonitorType' in 'cellSysutil' module
LDR: W Unimplemented function 'cellVideoOutRegisterCallback' in 'cellSysutil' module
LDR: W Unimplemented function 'cellVideoOutUnregisterCallback' in 'cellSysutil' module
LDR: W Unimplemented function 'cellVideoOutGetConvertCursorColorInfo' in 'cellSysutil' module
LDR: W Unimplemented function 'cellMsgDialogOpen' in 'cellSysutil' module
LDR: W Unimplemented function 'cellMsgDialogAbort' in 'cellSysutil' module
LDR: W Unimplemented function 'cellOskDialogGetInputText' in 'cellSysutil' module
LDR: W Unimplemented function 'cellOskDialogSetInitialInputDevice' in 'cellSysutil' module
LDR: W Unimplemented function 'cellOskDialogGetSize' in 'cellSysutil' module
LDR: W Unimplemented function 'cellOskDialogUnloadAsync' in 'cellSysutil' module
LDR: W Unimplemented function 'cellOskDialogDisableDimmer' in 'cellSysutil' module
LDR: W Unimplemented function 'cellOskDialogSetKeyLayoutOption' in 'cellSysutil' module
LDR: W Unimplemented function 'cellOskDialogAbort' in 'cellSysutil' module
LDR: W Unimplemented function 'cellOskDialogSetDeviceMask' in 'cellSysutil' module
LDR: W Unimplemented function 'cellOskDialogSetSeparateWindowOption' in 'cellSysutil' module
LDR: W Unimplemented function 'cellOskDialogAddSupportLanguage' in 'cellSysutil' module
LDR: W Unimplemented function 'cellOskDialogLoadAsync' in 'cellSysutil' module
LDR: W Unimplemented function 'cellOskDialogSetInitialKeyLayout' in 'cellSysutil' module
LDR: W Unimplemented function 'cellOskDialogSetLayoutMode' in 'cellSysutil' module
LDR: W Unimplemented function 'sys_config_start' in 'sys_io' module
LDR: W Unimplemented function 'sys_config_stop' in 'sys_io' module
LDR: W Unimplemented function 'sys_config_add_service_listener' in 'sys_io' module
LDR: W Unimplemented function 'sys_config_remove_service_listener' in 'sys_io' module
LDR: W Unimplemented function 'sys_config_register_service' in 'sys_io' module
LDR: W Unimplemented function 'sys_config_unregister_service' in 'sys_io' module
LDR: W Unimplemented function 'cellPadLddRegisterController' in 'sys_io' module
LDR: W Unimplemented function 'cellPadGetRawData' in 'sys_io' module
LDR: W Unimplemented function 'cellPadLddGetPortNo' in 'sys_io' module
LDR: W Unimplemented function 'cellPadLddDataInsert' in 'sys_io' module
LDR: W Unimplemented function 'cellPadLddUnregisterController' in 'sys_io' module
LDR: W Unimplemented function 'cellPadPeriphGetInfo' in 'sys_io' module
LDR: W Unimplemented function 'cellPadPeriphGetData' in 'sys_io' module
LDR: W Unimplemented function 'sys_ppu_thread_register_atexit' in 'sysPrxForUser' module
LDR: W Unimplemented function 'sys_interrupt_thread_disestablish' in 'sysPrxForUser' module
LDR: W Unimplemented function 'sys_ppu_thread_unregister_atexit' in 'sysPrxForUser' module
HLE: W PPU[1] Thread (CPUThread)[0x000680dc]sys_lwmutex warning: *** lwmutex created [] (attribute=0x12): sq_id = 3
HLE: W PPU[1] Thread (CPUThread)[0x000680dc]sys_lwmutex warning: *** lwmutex created [] (attribute=0x12): sq_id = 4
HLE: W PPU[1] Thread (CPUThread)[0x000680dc]sys_lwmutex warning: *** lwmutex created [] (attribute=0x12): sq_id = 5
HLE: W PPU[1] Thread (CPUThread)[0x000621c0]cellGcmSys warning: cellGcmInit(context_addr=0xd0010a90,cmdSize=0x10000,ioSize=0x100000,ioAddress=0x30200000)
HLE: W PPU[1] Thread (CPUThread)[0x000621c0]cellGcmSys warning: *** local memory(addr=0xc0000000, size=0xf900000)
HLE: W PPU[1] Thread (CPUThread)[0x000621c0]cellGcmSys warning: cellGcmInit(): 256MB io address space used
HLE: W PPU[1] Thread (CPUThread)[0x000621c0]cellGcmSys warning: cellGcmMapEaIoAddress(ea=0x30200000, io=0x0, size=0x100000)
RSX: ! RSXThreadRSX thread started
HLE: W PPU[1] Thread (CPUThread)[0x00064010]cellSysutil warning: cellVideoOutConfigure(videoOut=0, config_addr=0xd0010b20, option_addr=0x0, waitForEvent=0x0)
HLE: W PPU[1] Thread (CPUThread)[0x000680dc]sys_lwmutex warning: *** lwmutex created [] (attribute=0x12): sq_id = 6
HLE: W PPU[1] Thread (CPUThread)[0x000680dc]sys_lwmutex warning: *** lwmutex created [] (attribute=0x12): sq_id = 7
HLE: W PPU[1] Thread (CPUThread)[0x000680dc]sys_lwmutex warning: *** lwmutex created [] (attribute=0x12): sq_id = 8
HLE: W PPU[1] Thread (CPUThread)[0x000680dc]sys_lwmutex warning: *** lwmutex created [] (attribute=0x12): sq_id = 9
TTY: buffers will be 0x384000 bytes
HLE: W PPU[1] Thread (CPUThread)[0x000622ec]cellGcmSys warning: cellGcmSetFlipMode(mode=2)
HLE: W PPU[1] Thread (CPUThread)[0x00064088]cellSysutil warning: cellSysutilRegisterCallback(slot=0, func_addr=0x84db0, userdata=0x0)
TTY: frag_mem = 0xc0e10000
RSX: W RSXThreadNV4097_SET_ZMIN_MAX_CONTROL: 110
RSX: W RSXThreadNV4097_SET_VERTEX_ATTRIB_INPUT_MASK: 309
RSX: W RSXThreadFP not found in buffer!
RSX: W RSXThreadVP not found in buffer!
RSX: ! RSXThreadAdd program (0):
RSX: ! RSXThread*** prog id = 3
RSX: ! RSXThread*** vp id = 2
RSX: ! RSXThread*** fp id = 1
RSX: ! RSXThread*** vp data size = 48
RSX: ! RSXThread*** fp data size = 32
RSX: ! RSXThread*** vp shader = 
#version 330

uniform mat4 scaleOffsetMat = mat4(1.0);
vec4 dst_reg0 = vec4(0.0f, 0.0f, 0.0f, 1.0f);
vec4 dst_reg7 = vec4(0.0);
vec4 dst_reg8 = vec4(0.0);
layout (location = 0) in vec4 in_pos;
layout (location = 8) in vec4 in_tc0;
layout (location = 9) in vec4 in_tc1;
out vec4 tc0;
out vec4 tc1;

void func0();

void main()
{
	func0();
	gl_Position = dst_reg0;
	tc0 = dst_reg7;
	tc1 = dst_reg8;
	gl_Position = gl_Position * scaleOffsetMat;
}

void func0()
{
	dst_reg0 = in_pos;
	dst_reg7 = in_tc0;
	dst_reg8 = in_tc1;
}

RSX: ! RSXThread*** fp shader = 
#version 330

vec4 r0 = vec4(0.0, 0.0, 0.0, 0.0);
vec4 h0 = vec4(0.0, 0.0, 0.0, 0.0);
uniform sampler2D tex0;
in vec4 tc0;
layout (location = 0) out vec4 ocol0;

void main()
{
	r0 = texture(tex0, tc0.xy);
	h0 = r0;
	ocol0 = h0;
}

RSX: W RSXThreadNew FBO (1280x720)
RSX: W RSXThreadNV4097_SET_ZMIN_MAX_CONTROL: 110
RSX: W RSXThreadNV4097_SET_VERTEX_ATTRIB_INPUT_MASK: 309
RSX: W RSXThreadNV4097_SET_ZMIN_MAX_CONTROL: 110
RSX: W RSXThreadNV4097_SET_VERTEX_ATTRIB_INPUT_MASK: 309
RSX: W RSXThreadNV4097_SET_ZMIN_MAX_CONTROL: 110
RSX: W RSXThreadNV4097_SET_VERTEX_ATTRIB_INPUT_MASK: 309
RSX: W RSXThreadNV4097_SET_ZMIN_MAX_CONTROL: 110
RSX: W RSXThreadNV4097_SET_VERTEX_ATTRIB_INPUT_MASK: 309
RSX: W RSXThreadNV4097_SET_ZMIN_MAX_CONTROL: 110
RSX: W RSXThreadNV4097_SET_VERTEX_ATTRIB_INPUT_MASK: 309
RSX: W RSXThreadNV4097_SET_ZMIN_MAX_CONTROL: 110
RSX: W RSXThreadNV4097_SET_VERTEX_ATTRIB_INPUT_MASK: 309
RSX: W RSXThreadNV4097_SET_ZMIN_MAX_CONTROL: 110
RSX: W RSXThreadNV4097_SET_VERTEX_ATTRIB_INPUT_MASK: 309
RSX: W RSXThreadNV4097_SET_ZMIN_MAX_CONTROL: 110
RSX: W RSXThreadNV4097_SET_VERTEX_ATTRIB_INPUT_MASK: 309
RSX: W RSXThreadNV4097_SET_ZMIN_MAX_CONTROL: 110
RSX: W RSXThreadNV4097_SET_VERTEX_ATTRIB_INPUT_MASK: 309
RSX: W RSXThreadNV4097_SET_ZMIN_MAX_CONTROL: 110
RSX: W RSXThreadNV4097_SET_VERTEX_ATTRIB_INPUT_MASK: 309
RSX: W RSXThreadNV4097_SET_ZMIN_MAX_CONTROL: 110
RSX: W RSXThreadNV4097_SET_VERTEX_ATTRIB_INPUT_MASK: 309
RSX: W RSXThreadNV4097_SET_ZMIN_MAX_CONTROL: 110
RSX: W RSXThreadNV4097_SET_VERTEX_ATTRIB_INPUT_MASK: 309
RSX: W RSXThreadNV4097_SET_ZMIN_MAX_CONTROL: 110
RSX: W RSXThreadNV4097_SET_VERTEX_ATTRIB_INPUT_MASK: 309
RSX: W VBlank threadVBlank thread aborted
RSX: W RSXThreadRSX thread aborted
HLE: ! All threads stopped...
RSX: W GLVertexProgram::Delete(): glDeleteShader(2) avoided
RSX: W GLShaderProgram::Delete(): glDeleteShader(1) avoided
MEM: ! Closing memory...
