HLE: ! path: /dev_hdd0/game/
LDR: ! Loading 'D:\Emulateurs\Rpcs3\dev_hdd0\game\DOOM00666/USRDIR/BOOT.BIN'...
LDR: !  
LDR: ! Mount info:
LDR: ! /dev_hdd0/ -> D:\Emulateurs\Rpcs3/dev_hdd0/
LDR: ! /dev_hdd1/ -> D:\Emulateurs\Rpcs3/dev_hdd1/
LDR: ! /dev_flash/ -> D:\Emulateurs\Rpcs3/dev_flash/
LDR: ! /dev_usb000/ -> D:\Emulateurs\Rpcs3/dev_usb000/
LDR: ! /dev_usb/ -> D:\Emulateurs\Rpcs3/dev_usb000/
LDR: ! /app_home/ -> D:\Emulateurs\Rpcs3\dev_hdd0\game\DOOM00666/
LDR: ! /dev_bdvd/ -> D:\Emulateurs\Rpcs3\dev_hdd0\game\DOOM00666//../
LDR: ! /host_root/ -> 
LDR: ! / -> D:\Emulateurs\Rpcs3\dev_hdd0\game\DOOM00666//USRDIR/
LDR: ! /app_home/PS3_GAME/USRDIR/ -> D:\Emulateurs\Rpcs3\dev_hdd0\game\DOOM00666//USRDIR/
LDR: ! /dev_flash2/ -> D:\Emulateurs\Rpcs3/dev_flash2/
LDR: ! /app_home/Game/PS3_GAME/USRDIR/ -> D:\Emulateurs\Rpcs3\dev_hdd0\game\DOOM00666//USRDIR/
LDR: !  
MEM: ! Initing memory: m_base_addr = 0x9283f0000
MEM: ! Memory initialized.
LDR: W ElfProgram different load addrs: paddr=0x00090008, vaddr=0x00000000
LDR: W Unimplemented function 'sys_config_start' in 'sys_io' module
LDR: W Unimplemented function 'sys_config_stop' in 'sys_io' module
LDR: W Unimplemented function 'sys_config_add_service_listener' in 'sys_io' module
LDR: W Unimplemented function 'sys_config_remove_service_listener' in 'sys_io' module
LDR: W Unimplemented function 'sys_config_register_service' in 'sys_io' module
LDR: W Unimplemented function 'sys_config_unregister_service' in 'sys_io' module
LDR: W Unimplemented function 'cellPadLddRegisterController' in 'sys_io' module
LDR: W Unimplemented function 'cellPadGetRawData' in 'sys_io' module
LDR: W Unimplemented function 'cellPadLddGetPortNo' in 'sys_io' module
LDR: W Unimplemented function 'cellPadLddDataInsert' in 'sys_io' module
LDR: W Unimplemented function 'cellPadLddUnregisterController' in 'sys_io' module
LDR: W Unimplemented function 'cellPadPeriphGetInfo' in 'sys_io' module
LDR: W Unimplemented function 'cellPadPeriphGetData' in 'sys_io' module
LDR: W Unimplemented function '_cellGcmFunc1' in 'cellGcmSys' module
LDR: W Unimplemented function '_cellGcmFunc12' in 'cellGcmSys' module
LDR: W Unimplemented function '_cellGcmFunc13' in 'cellGcmSys' module
LDR: W Unimplemented function '_cellGcmFunc2' in 'cellGcmSys' module
LDR: W Unimplemented function '_cellGcmFunc3' in 'cellGcmSys' module
LDR: W Unimplemented function '_cellGcmFunc38' in 'cellGcmSys' module
LDR: W Unimplemented function '_cellGcmFunc4' in 'cellGcmSys' module
LDR: W Unimplemented function 'cellGcmSetDefaultCommandBufferAndSegmentWordSize' in 'cellGcmSys' module
LDR: W Unimplemented function 'cellGcmSetUserCommand' in 'cellGcmSys' module
LDR: W Unimplemented function 'cellGcmSetWaitFlipUnsafe' in 'cellGcmSys' module
LDR: W Unimplemented function 'cellGcmSysGetLastVBlankTime' in 'cellGcmSys' module
LDR: W Unimplemented function 'cellGcmTerminate' in 'cellGcmSys' module
LDR: W Unimplemented function 'cellKbClearBuf' in 'cellAudio' module
LDR: W Unimplemented function 'sys_ppu_thread_register_atexit' in 'sysPrxForUser' module
LDR: W Unimplemented function 'sys_interrupt_thread_disestablish' in 'sysPrxForUser' module
LDR: W Unimplemented function 'sys_ppu_thread_unregister_atexit' in 'sysPrxForUser' module
TTY: I_InitGraphics: Calling init_ps3_screen...
HLE: W PPU[1] Thread (CPUThread)[0x000761c0]cellGcmSys warning: cellGcmInit(context_addr=0xd00109b0,cmdSize=0x10000,ioSize=0x100000,ioAddress=0x30200000)
HLE: W PPU[1] Thread (CPUThread)[0x000761c0]cellGcmSys warning: *** local memory(addr=0xc0000000, size=0xf900000)
HLE: W PPU[1] Thread (CPUThread)[0x000761c0]cellGcmSys warning: cellGcmInit(): 256MB io address space used
HLE: W PPU[1] Thread (CPUThread)[0x000761c0]cellGcmSys warning: cellGcmMapEaIoAddress(ea=0x30200000, io=0x0, size=0x100000)
RSX: ! RSXThreadRSX thread started
HLE: W PPU[1] Thread (CPUThread)[0x00072010]cellSysutil warning: cellVideoOutConfigure(videoOut=0, config_addr=0xd0010a48, option_addr=0x0, waitForEvent=0x0)
TTY: init_ps3_screen: buffers will be 0x384000 bytes
HLE: W PPU[1] Thread (CPUThread)[0x000762ec]cellGcmSys warning: cellGcmSetFlipMode(mode=2)
TTY: I_InitGraphics: Done, target resolution is 1280x720.
HLE: W PPU[1] Thread (CPUThread)[0x0004add8]sys_fs warning: cellFsStat: "/dev_usb000/ps3doom/doom2.wad" not found.
HLE: W PPU[1] Thread (CPUThread)[0x0004add8]sys_fs warning: cellFsStat: "/dev_usb000/ps3doom/plutonia.wad" not found.
HLE: W PPU[1] Thread (CPUThread)[0x0004add8]sys_fs warning: cellFsStat: "/dev_usb000/ps3doom/tnt.wad" not found.
HLE: W PPU[1] Thread (CPUThread)[0x0004add8]sys_fs warning: cellFsStat: "/dev_usb000/ps3doom/doom1.wad" not found.
HLE: W PPU[1] Thread (CPUThread)[0x0004add8]sys_fs warning: cellFsStat: "/dev_usb001/ps3doom/doom2.wad" not found.
HLE: W PPU[1] Thread (CPUThread)[0x0004add8]sys_fs warning: cellFsStat: "/dev_usb001/ps3doom/plutonia.wad" not found.
HLE: W PPU[1] Thread (CPUThread)[0x0004add8]sys_fs warning: cellFsStat: "/dev_usb001/ps3doom/tnt.wad" not found.
HLE: W PPU[1] Thread (CPUThread)[0x0004add8]sys_fs warning: cellFsStat: "/dev_usb001/ps3doom/doom.wad" not found.
HLE: W PPU[1] Thread (CPUThread)[0x0004add8]sys_fs warning: cellFsStat: "/dev_usb001/ps3doom/doom1.wad" not found.
HLE: W PPU[1] Thread (CPUThread)[0x0004add8]sys_fs warning: cellFsStat: "/dev_usb002/ps3doom/doom2.wad" not found.
HLE: W PPU[1] Thread (CPUThread)[0x0004add8]sys_fs warning: cellFsStat: "/dev_usb002/ps3doom/plutonia.wad" not found.
HLE: W PPU[1] Thread (CPUThread)[0x0004add8]sys_fs warning: cellFsStat: "/dev_usb002/ps3doom/tnt.wad" not found.
HLE: W PPU[1] Thread (CPUThread)[0x0004add8]sys_fs warning: cellFsStat: "/dev_usb002/ps3doom/doom.wad" not found.
HLE: W PPU[1] Thread (CPUThread)[0x0004add8]sys_fs warning: cellFsStat: "/dev_usb002/ps3doom/doom1.wad" not found.
HLE: W PPU[1] Thread (CPUThread)[0x0004add8]sys_fs warning: cellFsStat: "/dev_usb003/ps3doom/doom2.wad" not found.
HLE: W PPU[1] Thread (CPUThread)[0x0004add8]sys_fs warning: cellFsStat: "/dev_usb003/ps3doom/plutonia.wad" not found.
HLE: W PPU[1] Thread (CPUThread)[0x0004add8]sys_fs warning: cellFsStat: "/dev_usb003/ps3doom/tnt.wad" not found.
HLE: W PPU[1] Thread (CPUThread)[0x0004add8]sys_fs warning: cellFsStat: "/dev_usb003/ps3doom/doom.wad" not found.
HLE: W PPU[1] Thread (CPUThread)[0x0004add8]sys_fs warning: cellFsStat: "/dev_usb003/ps3doom/doom1.wad" not found.
HLE: W PPU[1] Thread (CPUThread)[0x0004add8]sys_fs warning: cellFsStat: "/dev_usb004/ps3doom/doom2.wad" not found.
HLE: W PPU[1] Thread (CPUThread)[0x0004add8]sys_fs warning: cellFsStat: "/dev_usb004/ps3doom/plutonia.wad" not found.
HLE: W PPU[1] Thread (CPUThread)[0x0004add8]sys_fs warning: cellFsStat: "/dev_usb004/ps3doom/tnt.wad" not found.
HLE: W PPU[1] Thread (CPUThread)[0x0004add8]sys_fs warning: cellFsStat: "/dev_usb004/ps3doom/doom.wad" not found.
HLE: W PPU[1] Thread (CPUThread)[0x0004add8]sys_fs warning: cellFsStat: "/dev_usb004/ps3doom/doom1.wad" not found.
HLE: W PPU[1] Thread (CPUThread)[0x0004add8]sys_fs warning: cellFsStat: "/dev_usb005/ps3doom/doom2.wad" not found.
HLE: W PPU[1] Thread (CPUThread)[0x0004add8]sys_fs warning: cellFsStat: "/dev_usb005/ps3doom/plutonia.wad" not found.
HLE: W PPU[1] Thread (CPUThread)[0x0004add8]sys_fs warning: cellFsStat: "/dev_usb005/ps3doom/tnt.wad" not found.
HLE: W PPU[1] Thread (CPUThread)[0x0004add8]sys_fs warning: cellFsStat: "/dev_usb005/ps3doom/doom.wad" not found.
HLE: W PPU[1] Thread (CPUThread)[0x0004add8]sys_fs warning: cellFsStat: "/dev_usb005/ps3doom/doom1.wad" not found.
HLE: W PPU[1] Thread (CPUThread)[0x0004add8]sys_fs warning: cellFsStat: "/dev_usb006/ps3doom/doom2.wad" not found.
HLE: W PPU[1] Thread (CPUThread)[0x0004add8]sys_fs warning: cellFsStat: "/dev_usb006/ps3doom/plutonia.wad" not found.
HLE: W PPU[1] Thread (CPUThread)[0x0004add8]sys_fs warning: cellFsStat: "/dev_usb006/ps3doom/tnt.wad" not found.
HLE: W PPU[1] Thread (CPUThread)[0x0004add8]sys_fs warning: cellFsStat: "/dev_usb006/ps3doom/doom.wad" not found.
HLE: W PPU[1] Thread (CPUThread)[0x0004add8]sys_fs warning: cellFsStat: "/dev_usb006/ps3doom/doom1.wad" not found.
HLE: W PPU[1] Thread (CPUThread)[0x0004add8]sys_fs warning: cellFsStat: "/dev_usb007/ps3doom/doom2.wad" not found.
HLE: W PPU[1] Thread (CPUThread)[0x0004add8]sys_fs warning: cellFsStat: "/dev_usb007/ps3doom/plutonia.wad" not found.
HLE: W PPU[1] Thread (CPUThread)[0x0004add8]sys_fs warning: cellFsStat: "/dev_usb007/ps3doom/tnt.wad" not found.
HLE: W PPU[1] Thread (CPUThread)[0x0004add8]sys_fs warning: cellFsStat: "/dev_usb007/ps3doom/doom.wad" not found.
HLE: W PPU[1] Thread (CPUThread)[0x0004add8]sys_fs warning: cellFsStat: "/dev_usb007/ps3doom/doom1.wad" not found.
HLE: W PPU[1] Thread (CPUThread)[0x0004add8]sys_fs warning: cellFsStat: "/dev_cf/ps3doom/doom2.wad" not found.
HLE: W PPU[1] Thread (CPUThread)[0x0004add8]sys_fs warning: cellFsStat: "/dev_cf/ps3doom/plutonia.wad" not found.
HLE: W PPU[1] Thread (CPUThread)[0x0004add8]sys_fs warning: cellFsStat: "/dev_cf/ps3doom/tnt.wad" not found.
HLE: W PPU[1] Thread (CPUThread)[0x0004add8]sys_fs warning: cellFsStat: "/dev_cf/ps3doom/doom.wad" not found.
HLE: W PPU[1] Thread (CPUThread)[0x0004add8]sys_fs warning: cellFsStat: "/dev_cf/ps3doom/doom1.wad" not found.
HLE: W PPU[1] Thread (CPUThread)[0x0004add8]sys_fs warning: cellFsStat: "/dev_sd/ps3doom/doom2.wad" not found.
HLE: W PPU[1] Thread (CPUThread)[0x0004add8]sys_fs warning: cellFsStat: "/dev_sd/ps3doom/plutonia.wad" not found.
HLE: W PPU[1] Thread (CPUThread)[0x0004add8]sys_fs warning: cellFsStat: "/dev_sd/ps3doom/tnt.wad" not found.
HLE: W PPU[1] Thread (CPUThread)[0x0004add8]sys_fs warning: cellFsStat: "/dev_sd/ps3doom/doom.wad" not found.
HLE: W PPU[1] Thread (CPUThread)[0x0004add8]sys_fs warning: cellFsStat: "/dev_sd/ps3doom/doom1.wad" not found.
HLE: W PPU[1] Thread (CPUThread)[0x0004add8]sys_fs warning: cellFsStat: "/dev_ms/ps3doom/doom2.wad" not found.
HLE: W PPU[1] Thread (CPUThread)[0x0004add8]sys_fs warning: cellFsStat: "/dev_ms/ps3doom/plutonia.wad" not found.
HLE: W PPU[1] Thread (CPUThread)[0x0004add8]sys_fs warning: cellFsStat: "/dev_ms/ps3doom/tnt.wad" not found.
HLE: W PPU[1] Thread (CPUThread)[0x0004add8]sys_fs warning: cellFsStat: "/dev_ms/ps3doom/doom.wad" not found.
HLE: W PPU[1] Thread (CPUThread)[0x0004add8]sys_fs warning: cellFsStat: "/dev_ms/ps3doom/doom1.wad" not found.
HLE: W PPU[1] Thread (CPUThread)[0x0004add8]sys_fs warning: cellFsStat: "/dev_hdd0/game/DOOM00666/USRDIR/doom2.wad" not found.
HLE: W PPU[1] Thread (CPUThread)[0x0004add8]sys_fs warning: cellFsStat: "/dev_hdd0/game/DOOM00666/USRDIR/plutonia.wad" not found.
HLE: W PPU[1] Thread (CPUThread)[0x0004add8]sys_fs warning: cellFsStat: "/dev_hdd0/game/DOOM00666/USRDIR/tnt.wad" not found.
HLE: W PPU[1] Thread (CPUThread)[0x0004add8]sys_fs warning: cellFsStat: "/dev_hdd0/game/DOOM00666/USRDIR/doom.wad" not found.
HLE: W PPU[1] Thread (CPUThread)[0x0004add8]sys_fs warning: cellFsStat: "/dev_hdd0/game/DOOM00666/USRDIR/doom1.wad" not found.
TTY:                      DOOM for PLAYSTATION 3 Startup v1.9                     
TTY: V_Init: allocate screens.TTY: 
TTY: M_LoadDefaults: Load system defaults.TTY: 
HLE: E PPU[1] Thread (CPUThread)[0x0004a93c]sys_fs error: "" not found! flags: 0x00000000
TTY: Z_Init: Init zone memory allocation daemon. TTY: 
TTY: W_Init: Init WADfiles.TTY: 
HLE: W PPU[1] Thread (CPUThread)[0x0004a93c]"/dev_usb000/ps3doom/doom.wad" opened: fd = 3
TTY:         adding /dev_usb000/ps3doom/doom.wad
TTY:         retail version. (The Ultimate DOOM)TTY: 
TTY: M_Init: Init miscellaneous info.TTY: 
TTY: R_Init: Init DOOM refresh daemonTTY: 
TTY: R_InitDataTTY: 
TTY: InitTexturesTTY: 
TTY: .TTY: .TTY: .TTY: .TTY: .TTY: InitFlatsTTY: 
TTY: InitSpritesTTY: 
TTY: .TTY: .TTY: .TTY: .TTY: .TTY: .TTY: .TTY: .TTY: .TTY: .TTY: .TTY: .TTY: InitColormapsTTY: 
TTY: R_InitPointToAngleTTY: 
TTY: R_InitTablesTTY: 
TTY: R_SetViewSizeTTY: 
TTY: R_InitPlanesTTY: 
TTY: R_InitLightTablesTTY: 
TTY: R_InitSkyMapTTY: 
TTY: R_InitTranslationTablesTTY: 
TTY: 
TTY: P_Init: Init Playloop state.TTY: 
TTY: P_InitSwitchListTTY: 
TTY: P_InitPicAnimsTTY: 
TTY: R_InitSpritesTTY: 
TTY: R_InitSpriteDefsTTY: 
TTY: R_InitSprites completedTTY: 
TTY: P_Init completed.TTY: 
TTY: I_Init: Setting up machine state.TTY: 
HLE: W PPU[1] Thread (CPUThread)[0x00078004]cellAudio warning: cellAudioInit()
HLE: ! Audio ThreadAudio thread started
TTY: I_InitSound: audioInit returns 0.
HLE: W PPU[1] Thread (CPUThread)[0x0007804c]cellAudio warning: cellAudioPortOpen(audioParam_addr=0xd0010960, portNum_addr=0xd0010940)
HLE: W PPU[1] Thread (CPUThread)[0x0007804c]cellAudio warning: *** audio port opened(nChannel=2, nBlock=8, attr=0x0, level=1.000000): port = 0
TTY: I_InitSound: audioPortOpen returns 0.
             Port number is 0.
HLE: W PPU[1] Thread (CPUThread)[0x00078028]cellAudio warning: cellAudioGetPortConfig(portNum=0x0, portConfig_addr=0x10049288)
TTY: I_InitSound: audioGetPortConfig returns 0.
              readIndex     : 0x30016000
              status        : 1
              channelCount  : 2
              numBlocks     : 8
              portSize      : 16384
              audioDataStart: 0x32600000
HLE: W PPU[1] Thread (CPUThread)[0x00078034]cellAudio warning: cellAudioPortStart(portNum=0x0)
TTY: I_InitSound: audioPortStart returns 0.
HLE: W PPU[1] Thread (CPUThread)[0x0007a0b8]sys_lwmutex warning: *** lwmutex created [] (attribute=0x22): sq_id = 4
PPU: ! PPU[1] Thread (CPUThread)[0x0007a070]*** New PPU Thread [PS3DOOM Sound FX mixer] (flags=0x1, entry=0x97238): id = 5
TTY: I_InitSound: sys_ppu_thread_create returned 0.
PPU: ! PPU[1] Thread (CPUThread)[0x0007a070]*** New PPU Thread [PS3DOOM 35Hz timer] (flags=0x1, entry=0x972a0): id = 6
TTY: I_StartupTimer: sys_ppu_thread_create returned 0.
TTY: D_CheckNetGame: Checking network game status.TTY: 
TTY: startskill 2  deathmatch: 0  startmap: 1  startepisode: 1
TTY: player 1 of 1 (1 nodes)
TTY: S_Init: Setting up sound.TTY: 
TTY: S_Init: default sfx volume TTY: 15TTY: 
TTY: HU_Init: Setting up heads up display.TTY: 
TTY: ST_Init: Init status bar.TTY: 
RSX: W RSXThreadRSX thread aborted
HLE: W Audio ThreadAudio thread aborted
RSX: W VBlank threadVBlank thread aborted
HLE: ! All threads stopped...
MEM: ! Closing memory...
