HLE: ! path: /dev_hdd0/game/
LDR: ! Loading 'D:\Emulateurs\Rpcs3\dev_hdd0\game\HBRW00001/USRDIR/BOOT.BIN'...
LDR: !  
LDR: ! Mount info:
LDR: ! /dev_hdd0/ -> D:\Emulateurs\Rpcs3/dev_hdd0/
LDR: ! /dev_hdd1/ -> D:\Emulateurs\Rpcs3/dev_hdd1/
LDR: ! /dev_flash/ -> D:\Emulateurs\Rpcs3/dev_flash/
LDR: ! /dev_usb000/ -> D:\Emulateurs\Rpcs3/dev_usb000/
LDR: ! /dev_usb/ -> D:\Emulateurs\Rpcs3/dev_usb000/
LDR: ! /app_home/ -> D:\Emulateurs\Rpcs3\dev_hdd0\game\HBRW00001/
LDR: ! /dev_bdvd/ -> D:\Emulateurs\Rpcs3\dev_hdd0\game\HBRW00001//../
LDR: ! /host_root/ -> 
LDR: ! / -> D:\Emulateurs\Rpcs3\dev_hdd0\game\HBRW00001//USRDIR/
LDR: ! /app_home/PS3_GAME/USRDIR/ -> D:\Emulateurs\Rpcs3\dev_hdd0\game\HBRW00001//USRDIR/
LDR: ! /dev_flash2/ -> D:\Emulateurs\Rpcs3/dev_flash2/
LDR: ! /app_home/Game/PS3_GAME/USRDIR/ -> D:\Emulateurs\Rpcs3\dev_hdd0\game\HBRW00001//USRDIR/
LDR: !  
MEM: ! Initing memory: m_base_addr = 0xbfa0bb0000
MEM: ! Memory initialized.
LDR: W ElfProgram different load addrs: paddr=0x00040008, vaddr=0x00000000
LDR: W Unimplemented function 'sys_config_start' in 'sys_io' module
LDR: W Unimplemented function 'sys_config_stop' in 'sys_io' module
LDR: W Unimplemented function 'sys_config_add_service_listener' in 'sys_io' module
LDR: W Unimplemented function 'sys_config_remove_service_listener' in 'sys_io' module
LDR: W Unimplemented function 'sys_config_register_service' in 'sys_io' module
LDR: W Unimplemented function 'sys_config_unregister_service' in 'sys_io' module
LDR: W Unimplemented function 'cellPadLddRegisterController' in 'sys_io' module
LDR: W Unimplemented function 'cellPadGetRawData' in 'sys_io' module
LDR: W Unimplemented function 'cellPadLddGetPortNo' in 'sys_io' module
LDR: W Unimplemented function 'cellPadLddDataInsert' in 'sys_io' module
LDR: W Unimplemented function 'cellPadLddUnregisterController' in 'sys_io' module
LDR: W Unimplemented function 'cellPadPeriphGetInfo' in 'sys_io' module
LDR: W Unimplemented function 'cellPadPeriphGetData' in 'sys_io' module
HLE: W PPU[1] Thread (CPUThread)[0x00032004]cellGcmSys warning: cellGcmInit(context_addr=0xd0010820,cmdSize=0x10000,ioSize=0x100000,ioAddress=0x30200000)
HLE: W PPU[1] Thread (CPUThread)[0x00032004]cellGcmSys warning: *** local memory(addr=0xc0000000, size=0xf900000)
HLE: W PPU[1] Thread (CPUThread)[0x00032004]cellGcmSys warning: cellGcmInit(): 256MB io address space used
HLE: W PPU[1] Thread (CPUThread)[0x00032004]cellGcmSys warning: cellGcmMapEaIoAddress(ea=0x30200000, io=0x0, size=0x100000)
RSX: ! RSXThreadRSX thread started
HLE: W PPU[1] Thread (CPUThread)[0x00034010]cellSysutil warning: cellVideoOutConfigure(videoOut=0, config_addr=0xd00108b8, option_addr=0x0, waitForEvent=0x0)
TTY: buffers will be 0x384000 bytes
HLE: W PPU[1] Thread (CPUThread)[0x00032028]cellGcmSys warning: cellGcmSetFlipMode(mode=2)
HLE: W PPU[1] Thread (CPUThread)[0x0001c47c]sys_fs warning: cellFsClose(fd=0)
HLE: W PPU[1] Thread (CPUThread)[0x0001c47c]sys_fs warning: cellFsClose(fd=1)
RSX: W RSXThreadRSX thread aborted
RSX: W VBlank threadVBlank thread aborted
HLE: ! All threads stopped...
