HLE: ! path: /dev_hdd0/game/
LDR: ! Loading 'D:\Emulateurs\Rpcs3\dev_hdd0\game\MAND00003/USRDIR/BOOT.BIN'...
LDR: !  
LDR: ! Mount info:
LDR: ! /dev_hdd0/ -> D:\Emulateurs\Rpcs3/dev_hdd0/
LDR: ! /dev_hdd1/ -> D:\Emulateurs\Rpcs3/dev_hdd1/
LDR: ! /dev_flash/ -> D:\Emulateurs\Rpcs3/dev_flash/
LDR: ! /dev_usb000/ -> D:\Emulateurs\Rpcs3/dev_usb000/
LDR: ! /dev_usb/ -> D:\Emulateurs\Rpcs3/dev_usb000/
LDR: ! /app_home/ -> D:\Emulateurs\Rpcs3\dev_hdd0\game\MAND00003/
LDR: ! /dev_bdvd/ -> D:\Emulateurs\Rpcs3\dev_hdd0\game\MAND00003//../
LDR: ! /host_root/ -> 
LDR: ! / -> D:\Emulateurs\Rpcs3\dev_hdd0\game\MAND00003//USRDIR/
LDR: ! /app_home/PS3_GAME/USRDIR/ -> D:\Emulateurs\Rpcs3\dev_hdd0\game\MAND00003//USRDIR/
LDR: ! /dev_flash2/ -> D:\Emulateurs\Rpcs3/dev_flash2/
LDR: ! /app_home/Game/PS3_GAME/USRDIR/ -> D:\Emulateurs\Rpcs3\dev_hdd0\game\MAND00003//USRDIR/
LDR: !  
MEM: ! Initing memory: m_base_addr = 0xbc67880000
MEM: ! Memory initialized.
LDR: W Unimplemented function '_cellGcmFunc1' in 'cellGcmSys' module
LDR: W Unimplemented function '_cellGcmFunc12' in 'cellGcmSys' module
LDR: W Unimplemented function '_cellGcmFunc13' in 'cellGcmSys' module
LDR: W Unimplemented function '_cellGcmFunc2' in 'cellGcmSys' module
LDR: W Unimplemented function '_cellGcmFunc3' in 'cellGcmSys' module
LDR: W Unimplemented function '_cellGcmFunc38' in 'cellGcmSys' module
LDR: W Unimplemented function '_cellGcmFunc4' in 'cellGcmSys' module
LDR: W Unimplemented function 'cellGcmSetDefaultCommandBufferAndSegmentWordSize' in 'cellGcmSys' module
LDR: W Unimplemented function 'cellGcmSetUserCommand' in 'cellGcmSys' module
LDR: W Unimplemented function 'cellGcmSetWaitFlipUnsafe' in 'cellGcmSys' module
LDR: W Unimplemented function 'cellGcmSysGetLastVBlankTime' in 'cellGcmSys' module
LDR: W Unimplemented function 'cellGcmTerminate' in 'cellGcmSys' module
LDR: W Unimplemented function 'cellVideoOutDebugSetMonitorType' in 'cellSysutil' module
LDR: W Unimplemented function 'cellVideoOutRegisterCallback' in 'cellSysutil' module
LDR: W Unimplemented function 'cellVideoOutUnregisterCallback' in 'cellSysutil' module
LDR: W Unimplemented function 'cellVideoOutGetConvertCursorColorInfo' in 'cellSysutil' module
LDR: W Unimplemented function 'cellMsgDialogOpen' in 'cellSysutil' module
LDR: W Unimplemented function 'cellMsgDialogAbort' in 'cellSysutil' module
LDR: W Unimplemented function 'cellOskDialogGetInputText' in 'cellSysutil' module
LDR: W Unimplemented function 'cellOskDialogSetInitialInputDevice' in 'cellSysutil' module
LDR: W Unimplemented function 'cellOskDialogGetSize' in 'cellSysutil' module
LDR: W Unimplemented function 'cellOskDialogUnloadAsync' in 'cellSysutil' module
LDR: W Unimplemented function 'cellOskDialogDisableDimmer' in 'cellSysutil' module
LDR: W Unimplemented function 'cellOskDialogSetKeyLayoutOption' in 'cellSysutil' module
LDR: W Unimplemented function 'cellOskDialogAbort' in 'cellSysutil' module
LDR: W Unimplemented function 'cellOskDialogSetDeviceMask' in 'cellSysutil' module
LDR: W Unimplemented function 'cellOskDialogSetSeparateWindowOption' in 'cellSysutil' module
LDR: W Unimplemented function 'cellOskDialogAddSupportLanguage' in 'cellSysutil' module
LDR: W Unimplemented function 'cellOskDialogLoadAsync' in 'cellSysutil' module
LDR: W Unimplemented function 'cellOskDialogSetInitialKeyLayout' in 'cellSysutil' module
LDR: W Unimplemented function 'cellOskDialogSetLayoutMode' in 'cellSysutil' module
LDR: W Unimplemented function 'sys_config_start' in 'sys_io' module
LDR: W Unimplemented function 'sys_config_stop' in 'sys_io' module
LDR: W Unimplemented function 'sys_config_add_service_listener' in 'sys_io' module
LDR: W Unimplemented function 'sys_config_remove_service_listener' in 'sys_io' module
LDR: W Unimplemented function 'sys_config_register_service' in 'sys_io' module
LDR: W Unimplemented function 'sys_config_unregister_service' in 'sys_io' module
LDR: W Unimplemented function 'cellPadLddRegisterController' in 'sys_io' module
LDR: W Unimplemented function 'cellPadGetRawData' in 'sys_io' module
LDR: W Unimplemented function 'cellPadLddGetPortNo' in 'sys_io' module
LDR: W Unimplemented function 'cellPadLddDataInsert' in 'sys_io' module
LDR: W Unimplemented function 'cellPadLddUnregisterController' in 'sys_io' module
LDR: W Unimplemented function 'cellPadPeriphGetInfo' in 'sys_io' module
LDR: W Unimplemented function 'cellPadPeriphGetData' in 'sys_io' module
LDR: W Unimplemented function 'sys_ppu_thread_register_atexit' in 'sysPrxForUser' module
LDR: W Unimplemented function 'sys_interrupt_thread_disestablish' in 'sysPrxForUser' module
LDR: W Unimplemented function 'sys_ppu_thread_unregister_atexit' in 'sysPrxForUser' module
HLE: W PPU[1] Thread (CPUThread)[0x000380dc]sys_lwmutex warning: *** lwmutex created [] (attribute=0x12): sq_id = 3
HLE: W PPU[1] Thread (CPUThread)[0x000380dc]sys_lwmutex warning: *** lwmutex created [] (attribute=0x12): sq_id = 4
HLE: W PPU[1] Thread (CPUThread)[0x000321c0]cellGcmSys warning: cellGcmInit(context_addr=0xd0010680,cmdSize=0x10000,ioSize=0x100000,ioAddress=0x30200000)
HLE: W PPU[1] Thread (CPUThread)[0x000321c0]cellGcmSys warning: *** local memory(addr=0xc0000000, size=0xf900000)
HLE: W PPU[1] Thread (CPUThread)[0x000321c0]cellGcmSys warning: cellGcmInit(): 256MB io address space used
HLE: W PPU[1] Thread (CPUThread)[0x000321c0]cellGcmSys warning: cellGcmMapEaIoAddress(ea=0x30200000, io=0x0, size=0x100000)
RSX: ! RSXThreadRSX thread started
HLE: W PPU[1] Thread (CPUThread)[0x00034010]cellSysutil warning: cellVideoOutConfigure(videoOut=0, config_addr=0xd0010718, option_addr=0x0, waitForEvent=0x0)
HLE: W PPU[1] Thread (CPUThread)[0x000380dc]sys_lwmutex warning: *** lwmutex created [] (attribute=0x12): sq_id = 5
HLE: W PPU[1] Thread (CPUThread)[0x000380dc]sys_lwmutex warning: *** lwmutex created [] (attribute=0x12): sq_id = 6
HLE: W PPU[1] Thread (CPUThread)[0x000380dc]sys_lwmutex warning: *** lwmutex created [] (attribute=0x12): sq_id = 7
HLE: W PPU[1] Thread (CPUThread)[0x000380dc]sys_lwmutex warning: *** lwmutex created [] (attribute=0x12): sq_id = 8
TTY: buffers will be 0x384000 bytes
HLE: W PPU[1] Thread (CPUThread)[0x000322ec]cellGcmSys warning: cellGcmSetFlipMode(mode=2)
TTY: screen res: 1280x720 buffers: 0xc0000000 0xc0384000
HLE: W PPU[1] Thread (CPUThread)[0x00010c48]sys_spu warning: sys_spu_initialize(max_usable_spu=6, max_raw_spu=0)
TTY: Initializing 6 SPUs... 00000000
HLE: W PPU[1] Thread (CPUThread)[0x0003801c]sysPrxForUser warning: sys_spu_elf_get_information(elf_img=0x1000052d, entry_addr=0xd00107c4, nseg_addr=0xd00107c8
TTY: Getting ELF information... 00000000
TTY: 	Entry Point: 00000000
TTY: 	Segment Count: 00000000
HLE: W PPU[1] Thread (CPUThread)[0x00038028]sysPrxForUser warning: sys_spu_elf_get_segments(elf_img=0x1000052d, segments_addr=0x30100960, nseg=0x0)
TTY: Getting ELF segments... 00000000
HLE: W PPU[1] Thread (CPUThread)[0x00038058]sysPrxForUser warning: sys_spu_image_import(img=0xd0010800, src=0x1000052d, type=0x0)
LDR: E PPU[1] Thread (CPUThread)[0x00038058]ELF32: Bad NOTE descsz (62)
TTY: Loading ELF image... 00000000
HLE: W PPU[1] Thread (CPUThread)[0x00010d50]sys_spu warning: sys_spu_thread_group_create(id_addr=0xd00107cc, num=6, prio=100, attr_addr=0xd0010810)
HLE: W PPU[1] Thread (CPUThread)[0x00010d50]sys_spu warning: *** SPU Thread Group created [mygroup] (type=0x0, option.ct=0x0): id=9
TTY: Creating thread group... 00000000
TTY: group id = 9
HLE: W PPU[1] Thread (CPUThread)[0x00010e34]sys_spu warning: sys_spu_thread_initialize(thread_addr=0x30100420, group=0x9, spu_num=0, img_addr=0xd0010800, attr_addr=0xd00107e0, arg_addr=0xd00108e8)
HLE: W PPU[1] Thread (CPUThread)[0x00010e34]sys_spu warning: *** New SPU Thread [mythread] (img_offset=0x54000, ls_offset=0x94000, ep=0x28, a1=0x30100420, a2=0x0, a3=0x0, a4=0x0): id=10
TTY: Creating SPU thread... 00000000
TTY: thread id = 10
HLE: W PPU[1] Thread (CPUThread)[0x00010e64]sys_spu warning: sys_spu_thread_set_spu_cfg(id=10, value=0x0)
TTY: Configuring SPU... 00000000
HLE: W PPU[1] Thread (CPUThread)[0x00010e34]sys_spu warning: sys_spu_thread_initialize(thread_addr=0x30100450, group=0x9, spu_num=1, img_addr=0xd0010800, attr_addr=0xd00107e0, arg_addr=0xd0010908)
HLE: W PPU[1] Thread (CPUThread)[0x00010e34]sys_spu warning: *** New SPU Thread [mythread] (img_offset=0x54000, ls_offset=0xd4000, ep=0x28, a1=0x30100450, a2=0x0, a3=0x0, a4=0x0): id=11
TTY: Creating SPU thread... 00000000
TTY: thread id = 11
HLE: W PPU[1] Thread (CPUThread)[0x00010e64]sys_spu warning: sys_spu_thread_set_spu_cfg(id=11, value=0x0)
TTY: Configuring SPU... 00000000
HLE: W PPU[1] Thread (CPUThread)[0x00010e34]sys_spu warning: sys_spu_thread_initialize(thread_addr=0x30100480, group=0x9, spu_num=2, img_addr=0xd0010800, attr_addr=0xd00107e0, arg_addr=0xd0010928)
HLE: W PPU[1] Thread (CPUThread)[0x00010e34]sys_spu warning: *** New SPU Thread [mythread] (img_offset=0x54000, ls_offset=0x114000, ep=0x28, a1=0x30100480, a2=0x0, a3=0x0, a4=0x0): id=12
TTY: Creating SPU thread... 00000000
TTY: thread id = 12
HLE: W PPU[1] Thread (CPUThread)[0x00010e64]sys_spu warning: sys_spu_thread_set_spu_cfg(id=12, value=0x0)
TTY: Configuring SPU... 00000000
HLE: W PPU[1] Thread (CPUThread)[0x00010e34]sys_spu warning: sys_spu_thread_initialize(thread_addr=0x301004b0, group=0x9, spu_num=3, img_addr=0xd0010800, attr_addr=0xd00107e0, arg_addr=0xd0010948)
HLE: W PPU[1] Thread (CPUThread)[0x00010e34]sys_spu warning: *** New SPU Thread [mythread] (img_offset=0x54000, ls_offset=0x154000, ep=0x28, a1=0x301004b0, a2=0x0, a3=0x0, a4=0x0): id=13
TTY: Creating SPU thread... 00000000
TTY: thread id = 13
HLE: W PPU[1] Thread (CPUThread)[0x00010e64]sys_spu warning: sys_spu_thread_set_spu_cfg(id=13, value=0x0)
TTY: Configuring SPU... 00000000
HLE: W PPU[1] Thread (CPUThread)[0x00010e34]sys_spu warning: sys_spu_thread_initialize(thread_addr=0x301004e0, group=0x9, spu_num=4, img_addr=0xd0010800, attr_addr=0xd00107e0, arg_addr=0xd0010968)
HLE: W PPU[1] Thread (CPUThread)[0x00010e34]sys_spu warning: *** New SPU Thread [mythread] (img_offset=0x54000, ls_offset=0x194000, ep=0x28, a1=0x301004e0, a2=0x0, a3=0x0, a4=0x0): id=14
TTY: Creating SPU thread... 00000000
TTY: thread id = 14
HLE: W PPU[1] Thread (CPUThread)[0x00010e64]sys_spu warning: sys_spu_thread_set_spu_cfg(id=14, value=0x0)
TTY: Configuring SPU... 00000000
HLE: W PPU[1] Thread (CPUThread)[0x00010e34]sys_spu warning: sys_spu_thread_initialize(thread_addr=0x30100510, group=0x9, spu_num=5, img_addr=0xd0010800, attr_addr=0xd00107e0, arg_addr=0xd0010988)
HLE: W PPU[1] Thread (CPUThread)[0x00010e34]sys_spu warning: *** New SPU Thread [mythread] (img_offset=0x54000, ls_offset=0x1d4000, ep=0x28, a1=0x30100510, a2=0x0, a3=0x0, a4=0x0): id=15
TTY: Creating SPU thread... 00000000
TTY: thread id = 15
HLE: W PPU[1] Thread (CPUThread)[0x00010e64]sys_spu warning: sys_spu_thread_set_spu_cfg(id=15, value=0x0)
TTY: Configuring SPU... 00000000
HLE: W PPU[1] Thread (CPUThread)[0x00010ea4]sys_spu warning: sys_spu_thread_group_start(id=9)
TTY: Starting SPU thread group... 00000000
RSX: W VBlank threadVBlank thread aborted
SPU: W SPU[15] Thread (mythread)[0x0000092c]SPUThread::ReadChannel($SPU_RdSigNotify1) aborted
SPU: W SPU[12] Thread (mythread)[0x0000092c]SPUThread::ReadChannel($SPU_RdSigNotify1) aborted
SPU: W SPU[10] Thread (mythread)[0x0000092c]SPUThread::ReadChannel($SPU_RdSigNotify1) aborted
RSX: W RSXThreadRSX thread aborted
SPU: W SPU[14] Thread (mythread)[0x0000092c]SPUThread::ReadChannel($SPU_RdSigNotify1) aborted
SPU: W SPU[11] Thread (mythread)[0x0000092c]SPUThread::ReadChannel($SPU_RdSigNotify1) aborted
SPU: W SPU[13] Thread (mythread)[0x0000092c]SPUThread::ReadChannel($SPU_RdSigNotify1) aborted
HLE: ! All threads stopped...
MEM: ! Closing memory...
